[2024-04-28T16:08:04.598+0000] {local_task_job_runner.py:120} INFO - ::group::Pre task execution logs
[2024-04-28T16:08:04.614+0000] {taskinstance.py:2073} INFO - Dependencies all met for dep_context=non-requeueable deps ti=<TaskInstance: Final_exam.get_data manual__2024-04-28T16:06:30.964075+00:00 [queued]>
[2024-04-28T16:08:04.620+0000] {taskinstance.py:2073} INFO - Dependencies all met for dep_context=requeueable deps ti=<TaskInstance: Final_exam.get_data manual__2024-04-28T16:06:30.964075+00:00 [queued]>
[2024-04-28T16:08:04.621+0000] {taskinstance.py:2303} INFO - Starting attempt 1 of 2
[2024-04-28T16:08:04.632+0000] {taskinstance.py:2327} INFO - Executing <Task(PythonOperator): get_data> on 2024-04-28 16:06:30.964075+00:00
[2024-04-28T16:08:04.640+0000] {warnings.py:110} WARNING - /home/***/.local/lib/python3.12/site-packages/***/task/task_runner/standard_task_runner.py:61: DeprecationWarning: This process (pid=131) is multi-threaded, use of fork() may lead to deadlocks in the child.
  pid = os.fork()

[2024-04-28T16:08:04.641+0000] {standard_task_runner.py:63} INFO - Started process 133 to run task
[2024-04-28T16:08:04.641+0000] {standard_task_runner.py:90} INFO - Running: ['***', 'tasks', 'run', 'Final_exam', 'get_data', 'manual__2024-04-28T16:06:30.964075+00:00', '--job-id', '27', '--raw', '--subdir', 'DAGS_FOLDER/Project.py', '--cfg-path', '/tmp/tmpqlrugbr2']
[2024-04-28T16:08:04.642+0000] {standard_task_runner.py:91} INFO - Job 27: Subtask get_data
[2024-04-28T16:08:04.678+0000] {task_command.py:426} INFO - Running <TaskInstance: Final_exam.get_data manual__2024-04-28T16:06:30.964075+00:00 [running]> on host 73ada3aeb297
[2024-04-28T16:08:04.747+0000] {taskinstance.py:2644} INFO - Exporting env vars: AIRFLOW_CTX_DAG_EMAIL='ha20040204@gmail.com' AIRFLOW_CTX_DAG_OWNER='HA' AIRFLOW_CTX_DAG_ID='Final_exam' AIRFLOW_CTX_TASK_ID='get_data' AIRFLOW_CTX_EXECUTION_DATE='2024-04-28T16:06:30.964075+00:00' AIRFLOW_CTX_TRY_NUMBER='1' AIRFLOW_CTX_DAG_RUN_ID='manual__2024-04-28T16:06:30.964075+00:00'
[2024-04-28T16:08:04.748+0000] {taskinstance.py:430} INFO - ::endgroup::
[2024-04-28T16:08:04.786+0000] {logging_mixin.py:188} INFO -       ID        Date        Open  ...     Volume  Changed  Changed_rate
0   AAPL  2024-04-26  169.880005  ...   44525100    -0.59        -0.35%
1   AAPL  2024-04-25  169.529999  ...   50558300     0.87         0.51%
2   AAPL  2024-04-24  166.539993  ...   48251800     2.12         1.27%
3   AAPL  2024-04-23  165.350006  ...   49537800     1.06         0.64%
4   AAPL  2024-04-22  165.520004  ...   48116400     0.84         0.51%
5   AAPL  2024-04-19  166.210007  ...   67772100    -2.04        -1.22%
6   AAPL  2024-04-18  168.029999  ...   43122900    -0.96        -0.57%
7   AAPL  2024-04-17  169.610001  ...   50901200    -1.38        -0.81%
8   AAPL  2024-04-16  171.750000  ...   73711200    -3.31        -1.92%
9   AAPL  2024-04-15  175.360001  ...   73531800    -3.86        -2.19%
10  AAPL  2024-04-12  174.259995  ...  101593300     1.51         0.86%
11  AAPL  2024-04-11  168.339996  ...   91070300     7.26         4.33%
12  AAPL  2024-04-10  168.800003  ...   49709300    -1.89        -1.11%
13  AAPL  2024-04-09  168.699997  ...   42451200     1.22         0.72%
14  AAPL  2024-04-08  169.029999  ...   37425500    -1.13        -0.67%
15  AAPL  2024-04-05  169.589996  ...   42055200     0.76         0.45%
16  AAPL  2024-04-04  170.289993  ...   53704400    -0.83        -0.49%
17  AAPL  2024-04-03  168.789993  ...   47691700     0.81         0.48%
18  AAPL  2024-04-02  169.080002  ...   49329500    -1.19         -0.7%
19  AAPL  2024-04-01  171.190002  ...   46240500    -1.45        -0.85%

[20 rows x 10 columns]
[2024-04-28T16:08:04.786+0000] {logging_mixin.py:188} INFO - Successfully.
[2024-04-28T16:08:04.787+0000] {python.py:237} INFO - Done. Returned value was: None
[2024-04-28T16:08:04.787+0000] {taskinstance.py:441} INFO - ::group::Post task execution logs
[2024-04-28T16:08:04.794+0000] {taskinstance.py:1205} INFO - Marking task as SUCCESS. dag_id=Final_exam, task_id=get_data, execution_date=20240428T160630, start_date=20240428T160804, end_date=20240428T160804
[2024-04-28T16:08:04.815+0000] {local_task_job_runner.py:240} INFO - Task exited with return code 0
[2024-04-28T16:08:04.830+0000] {taskinstance.py:3482} INFO - 1 downstream tasks scheduled from follow-on schedule check
[2024-04-28T16:08:04.831+0000] {local_task_job_runner.py:222} INFO - ::endgroup::
