[2024-05-01T10:20:45.971+0000] {processor.py:161} INFO - Started process (PID=84) to work on /home/airflow/.local/lib/python3.12/site-packages/airflow/example_dags/example_short_circuit_operator.py
[2024-05-01T10:20:45.972+0000] {processor.py:830} INFO - Processing file /home/airflow/.local/lib/python3.12/site-packages/airflow/example_dags/example_short_circuit_operator.py for tasks to queue
[2024-05-01T10:20:45.973+0000] {logging_mixin.py:188} INFO - [2024-05-01T10:20:45.973+0000] {dagbag.py:540} INFO - Filling up the DagBag from /home/airflow/.local/lib/python3.12/site-packages/airflow/example_dags/example_short_circuit_operator.py
[2024-05-01T10:20:45.980+0000] {processor.py:840} INFO - DAG(s) 'example_short_circuit_operator' retrieved from /home/airflow/.local/lib/python3.12/site-packages/airflow/example_dags/example_short_circuit_operator.py
[2024-05-01T10:20:46.066+0000] {logging_mixin.py:188} INFO - [2024-05-01T10:20:46.065+0000] {dag.py:3096} INFO - Sync 1 DAGs
[2024-05-01T10:20:46.081+0000] {logging_mixin.py:188} INFO - [2024-05-01T10:20:46.080+0000] {dag.py:3954} INFO - Setting next_dagrun for example_short_circuit_operator to 2024-04-30 00:00:00+00:00, run_after=2024-05-01 00:00:00+00:00
[2024-05-01T10:20:46.096+0000] {processor.py:183} INFO - Processing /home/airflow/.local/lib/python3.12/site-packages/airflow/example_dags/example_short_circuit_operator.py took 0.129 seconds
[2024-05-01T10:21:16.549+0000] {processor.py:161} INFO - Started process (PID=148) to work on /home/airflow/.local/lib/python3.12/site-packages/airflow/example_dags/example_short_circuit_operator.py
[2024-05-01T10:21:16.550+0000] {processor.py:830} INFO - Processing file /home/airflow/.local/lib/python3.12/site-packages/airflow/example_dags/example_short_circuit_operator.py for tasks to queue
[2024-05-01T10:21:16.551+0000] {logging_mixin.py:188} INFO - [2024-05-01T10:21:16.551+0000] {dagbag.py:540} INFO - Filling up the DagBag from /home/airflow/.local/lib/python3.12/site-packages/airflow/example_dags/example_short_circuit_operator.py
[2024-05-01T10:21:16.557+0000] {processor.py:840} INFO - DAG(s) 'example_short_circuit_operator' retrieved from /home/airflow/.local/lib/python3.12/site-packages/airflow/example_dags/example_short_circuit_operator.py
[2024-05-01T10:21:16.574+0000] {logging_mixin.py:188} INFO - [2024-05-01T10:21:16.574+0000] {dag.py:3096} INFO - Sync 1 DAGs
[2024-05-01T10:21:16.591+0000] {logging_mixin.py:188} INFO - [2024-05-01T10:21:16.591+0000] {dag.py:3954} INFO - Setting next_dagrun for example_short_circuit_operator to 2024-04-30 00:00:00+00:00, run_after=2024-05-01 00:00:00+00:00
[2024-05-01T10:21:16.605+0000] {processor.py:183} INFO - Processing /home/airflow/.local/lib/python3.12/site-packages/airflow/example_dags/example_short_circuit_operator.py took 0.060 seconds
[2024-05-01T10:21:47.325+0000] {processor.py:161} INFO - Started process (PID=208) to work on /home/airflow/.local/lib/python3.12/site-packages/airflow/example_dags/example_short_circuit_operator.py
[2024-05-01T10:21:47.326+0000] {processor.py:830} INFO - Processing file /home/airflow/.local/lib/python3.12/site-packages/airflow/example_dags/example_short_circuit_operator.py for tasks to queue
[2024-05-01T10:21:47.328+0000] {logging_mixin.py:188} INFO - [2024-05-01T10:21:47.327+0000] {dagbag.py:540} INFO - Filling up the DagBag from /home/airflow/.local/lib/python3.12/site-packages/airflow/example_dags/example_short_circuit_operator.py
[2024-05-01T10:21:47.333+0000] {processor.py:840} INFO - DAG(s) 'example_short_circuit_operator' retrieved from /home/airflow/.local/lib/python3.12/site-packages/airflow/example_dags/example_short_circuit_operator.py
[2024-05-01T10:21:47.351+0000] {logging_mixin.py:188} INFO - [2024-05-01T10:21:47.350+0000] {dag.py:3096} INFO - Sync 1 DAGs
[2024-05-01T10:21:47.367+0000] {logging_mixin.py:188} INFO - [2024-05-01T10:21:47.366+0000] {dag.py:3954} INFO - Setting next_dagrun for example_short_circuit_operator to 2024-04-30 00:00:00+00:00, run_after=2024-05-01 00:00:00+00:00
[2024-05-01T10:21:47.379+0000] {processor.py:183} INFO - Processing /home/airflow/.local/lib/python3.12/site-packages/airflow/example_dags/example_short_circuit_operator.py took 0.058 seconds
[2024-05-01T10:22:17.642+0000] {processor.py:161} INFO - Started process (PID=268) to work on /home/airflow/.local/lib/python3.12/site-packages/airflow/example_dags/example_short_circuit_operator.py
[2024-05-01T10:22:17.642+0000] {processor.py:830} INFO - Processing file /home/airflow/.local/lib/python3.12/site-packages/airflow/example_dags/example_short_circuit_operator.py for tasks to queue
[2024-05-01T10:22:17.645+0000] {logging_mixin.py:188} INFO - [2024-05-01T10:22:17.644+0000] {dagbag.py:540} INFO - Filling up the DagBag from /home/airflow/.local/lib/python3.12/site-packages/airflow/example_dags/example_short_circuit_operator.py
[2024-05-01T10:22:17.650+0000] {processor.py:840} INFO - DAG(s) 'example_short_circuit_operator' retrieved from /home/airflow/.local/lib/python3.12/site-packages/airflow/example_dags/example_short_circuit_operator.py
[2024-05-01T10:22:17.668+0000] {logging_mixin.py:188} INFO - [2024-05-01T10:22:17.668+0000] {dag.py:3096} INFO - Sync 1 DAGs
[2024-05-01T10:22:17.685+0000] {logging_mixin.py:188} INFO - [2024-05-01T10:22:17.685+0000] {dag.py:3954} INFO - Setting next_dagrun for example_short_circuit_operator to 2024-04-30 00:00:00+00:00, run_after=2024-05-01 00:00:00+00:00
[2024-05-01T10:22:17.699+0000] {processor.py:183} INFO - Processing /home/airflow/.local/lib/python3.12/site-packages/airflow/example_dags/example_short_circuit_operator.py took 0.062 seconds
[2024-05-01T10:22:47.872+0000] {processor.py:161} INFO - Started process (PID=327) to work on /home/airflow/.local/lib/python3.12/site-packages/airflow/example_dags/example_short_circuit_operator.py
[2024-05-01T10:22:47.873+0000] {processor.py:830} INFO - Processing file /home/airflow/.local/lib/python3.12/site-packages/airflow/example_dags/example_short_circuit_operator.py for tasks to queue
[2024-05-01T10:22:47.874+0000] {logging_mixin.py:188} INFO - [2024-05-01T10:22:47.874+0000] {dagbag.py:540} INFO - Filling up the DagBag from /home/airflow/.local/lib/python3.12/site-packages/airflow/example_dags/example_short_circuit_operator.py
[2024-05-01T10:22:47.880+0000] {processor.py:840} INFO - DAG(s) 'example_short_circuit_operator' retrieved from /home/airflow/.local/lib/python3.12/site-packages/airflow/example_dags/example_short_circuit_operator.py
[2024-05-01T10:22:47.897+0000] {logging_mixin.py:188} INFO - [2024-05-01T10:22:47.897+0000] {dag.py:3096} INFO - Sync 1 DAGs
[2024-05-01T10:22:47.913+0000] {logging_mixin.py:188} INFO - [2024-05-01T10:22:47.913+0000] {dag.py:3954} INFO - Setting next_dagrun for example_short_circuit_operator to 2024-04-30 00:00:00+00:00, run_after=2024-05-01 00:00:00+00:00
[2024-05-01T10:22:47.927+0000] {processor.py:183} INFO - Processing /home/airflow/.local/lib/python3.12/site-packages/airflow/example_dags/example_short_circuit_operator.py took 0.059 seconds
