[2024-05-01T10:20:45.612+0000] {processor.py:161} INFO - Started process (PID=79) to work on /home/airflow/.local/lib/python3.12/site-packages/airflow/example_dags/example_latest_only.py
[2024-05-01T10:20:45.612+0000] {processor.py:830} INFO - Processing file /home/airflow/.local/lib/python3.12/site-packages/airflow/example_dags/example_latest_only.py for tasks to queue
[2024-05-01T10:20:45.614+0000] {logging_mixin.py:188} INFO - [2024-05-01T10:20:45.614+0000] {dagbag.py:540} INFO - Filling up the DagBag from /home/airflow/.local/lib/python3.12/site-packages/airflow/example_dags/example_latest_only.py
[2024-05-01T10:20:45.618+0000] {processor.py:840} INFO - DAG(s) 'latest_only' retrieved from /home/airflow/.local/lib/python3.12/site-packages/airflow/example_dags/example_latest_only.py
[2024-05-01T10:20:45.699+0000] {logging_mixin.py:188} INFO - [2024-05-01T10:20:45.699+0000] {dag.py:3096} INFO - Sync 1 DAGs
[2024-05-01T10:20:45.715+0000] {logging_mixin.py:188} INFO - [2024-05-01T10:20:45.715+0000] {dag.py:3954} INFO - Setting next_dagrun for latest_only to 2024-05-01 04:00:00+00:00, run_after=2024-05-01 08:00:00+00:00
[2024-05-01T10:20:45.731+0000] {processor.py:183} INFO - Processing /home/airflow/.local/lib/python3.12/site-packages/airflow/example_dags/example_latest_only.py took 0.124 seconds
[2024-05-01T10:21:16.321+0000] {processor.py:161} INFO - Started process (PID=143) to work on /home/airflow/.local/lib/python3.12/site-packages/airflow/example_dags/example_latest_only.py
[2024-05-01T10:21:16.322+0000] {processor.py:830} INFO - Processing file /home/airflow/.local/lib/python3.12/site-packages/airflow/example_dags/example_latest_only.py for tasks to queue
[2024-05-01T10:21:16.323+0000] {logging_mixin.py:188} INFO - [2024-05-01T10:21:16.323+0000] {dagbag.py:540} INFO - Filling up the DagBag from /home/airflow/.local/lib/python3.12/site-packages/airflow/example_dags/example_latest_only.py
[2024-05-01T10:21:16.327+0000] {processor.py:840} INFO - DAG(s) 'latest_only' retrieved from /home/airflow/.local/lib/python3.12/site-packages/airflow/example_dags/example_latest_only.py
[2024-05-01T10:21:16.341+0000] {logging_mixin.py:188} INFO - [2024-05-01T10:21:16.341+0000] {dag.py:3096} INFO - Sync 1 DAGs
[2024-05-01T10:21:16.357+0000] {logging_mixin.py:188} INFO - [2024-05-01T10:21:16.357+0000] {dag.py:3954} INFO - Setting next_dagrun for latest_only to 2024-05-01 04:00:00+00:00, run_after=2024-05-01 08:00:00+00:00
[2024-05-01T10:21:16.371+0000] {processor.py:183} INFO - Processing /home/airflow/.local/lib/python3.12/site-packages/airflow/example_dags/example_latest_only.py took 0.054 seconds
[2024-05-01T10:21:47.098+0000] {processor.py:161} INFO - Started process (PID=203) to work on /home/airflow/.local/lib/python3.12/site-packages/airflow/example_dags/example_latest_only.py
[2024-05-01T10:21:47.098+0000] {processor.py:830} INFO - Processing file /home/airflow/.local/lib/python3.12/site-packages/airflow/example_dags/example_latest_only.py for tasks to queue
[2024-05-01T10:21:47.100+0000] {logging_mixin.py:188} INFO - [2024-05-01T10:21:47.099+0000] {dagbag.py:540} INFO - Filling up the DagBag from /home/airflow/.local/lib/python3.12/site-packages/airflow/example_dags/example_latest_only.py
[2024-05-01T10:21:47.103+0000] {processor.py:840} INFO - DAG(s) 'latest_only' retrieved from /home/airflow/.local/lib/python3.12/site-packages/airflow/example_dags/example_latest_only.py
[2024-05-01T10:21:47.118+0000] {logging_mixin.py:188} INFO - [2024-05-01T10:21:47.118+0000] {dag.py:3096} INFO - Sync 1 DAGs
[2024-05-01T10:21:47.134+0000] {logging_mixin.py:188} INFO - [2024-05-01T10:21:47.134+0000] {dag.py:3954} INFO - Setting next_dagrun for latest_only to 2024-05-01 04:00:00+00:00, run_after=2024-05-01 08:00:00+00:00
[2024-05-01T10:21:47.148+0000] {processor.py:183} INFO - Processing /home/airflow/.local/lib/python3.12/site-packages/airflow/example_dags/example_latest_only.py took 0.054 seconds
[2024-05-01T10:22:17.404+0000] {processor.py:161} INFO - Started process (PID=263) to work on /home/airflow/.local/lib/python3.12/site-packages/airflow/example_dags/example_latest_only.py
[2024-05-01T10:22:17.404+0000] {processor.py:830} INFO - Processing file /home/airflow/.local/lib/python3.12/site-packages/airflow/example_dags/example_latest_only.py for tasks to queue
[2024-05-01T10:22:17.406+0000] {logging_mixin.py:188} INFO - [2024-05-01T10:22:17.405+0000] {dagbag.py:540} INFO - Filling up the DagBag from /home/airflow/.local/lib/python3.12/site-packages/airflow/example_dags/example_latest_only.py
[2024-05-01T10:22:17.409+0000] {processor.py:840} INFO - DAG(s) 'latest_only' retrieved from /home/airflow/.local/lib/python3.12/site-packages/airflow/example_dags/example_latest_only.py
[2024-05-01T10:22:17.425+0000] {logging_mixin.py:188} INFO - [2024-05-01T10:22:17.425+0000] {dag.py:3096} INFO - Sync 1 DAGs
[2024-05-01T10:22:17.442+0000] {logging_mixin.py:188} INFO - [2024-05-01T10:22:17.441+0000] {dag.py:3954} INFO - Setting next_dagrun for latest_only to 2024-05-01 04:00:00+00:00, run_after=2024-05-01 08:00:00+00:00
[2024-05-01T10:22:17.455+0000] {processor.py:183} INFO - Processing /home/airflow/.local/lib/python3.12/site-packages/airflow/example_dags/example_latest_only.py took 0.057 seconds
[2024-05-01T10:22:47.735+0000] {processor.py:161} INFO - Started process (PID=323) to work on /home/airflow/.local/lib/python3.12/site-packages/airflow/example_dags/example_latest_only.py
[2024-05-01T10:22:47.736+0000] {processor.py:830} INFO - Processing file /home/airflow/.local/lib/python3.12/site-packages/airflow/example_dags/example_latest_only.py for tasks to queue
[2024-05-01T10:22:47.738+0000] {logging_mixin.py:188} INFO - [2024-05-01T10:22:47.738+0000] {dagbag.py:540} INFO - Filling up the DagBag from /home/airflow/.local/lib/python3.12/site-packages/airflow/example_dags/example_latest_only.py
[2024-05-01T10:22:47.741+0000] {processor.py:840} INFO - DAG(s) 'latest_only' retrieved from /home/airflow/.local/lib/python3.12/site-packages/airflow/example_dags/example_latest_only.py
[2024-05-01T10:22:47.758+0000] {logging_mixin.py:188} INFO - [2024-05-01T10:22:47.758+0000] {dag.py:3096} INFO - Sync 1 DAGs
[2024-05-01T10:22:47.776+0000] {logging_mixin.py:188} INFO - [2024-05-01T10:22:47.776+0000] {dag.py:3954} INFO - Setting next_dagrun for latest_only to 2024-05-01 04:00:00+00:00, run_after=2024-05-01 08:00:00+00:00
[2024-05-01T10:22:47.791+0000] {processor.py:183} INFO - Processing /home/airflow/.local/lib/python3.12/site-packages/airflow/example_dags/example_latest_only.py took 0.060 seconds
