[2024-05-01T10:20:45.328+0000] {processor.py:161} INFO - Started process (PID=76) to work on /home/airflow/.local/lib/python3.12/site-packages/airflow/example_dags/example_setup_teardown.py
[2024-05-01T10:20:45.329+0000] {processor.py:830} INFO - Processing file /home/airflow/.local/lib/python3.12/site-packages/airflow/example_dags/example_setup_teardown.py for tasks to queue
[2024-05-01T10:20:45.331+0000] {logging_mixin.py:188} INFO - [2024-05-01T10:20:45.330+0000] {dagbag.py:540} INFO - Filling up the DagBag from /home/airflow/.local/lib/python3.12/site-packages/airflow/example_dags/example_setup_teardown.py
[2024-05-01T10:20:45.336+0000] {processor.py:840} INFO - DAG(s) 'example_setup_teardown' retrieved from /home/airflow/.local/lib/python3.12/site-packages/airflow/example_dags/example_setup_teardown.py
[2024-05-01T10:20:45.422+0000] {logging_mixin.py:188} INFO - [2024-05-01T10:20:45.422+0000] {dag.py:3096} INFO - Sync 1 DAGs
[2024-05-01T10:20:45.439+0000] {logging_mixin.py:188} INFO - [2024-05-01T10:20:45.439+0000] {dag.py:3954} INFO - Setting next_dagrun for example_setup_teardown to 2024-04-30 00:00:00+00:00, run_after=2024-05-01 00:00:00+00:00
[2024-05-01T10:20:45.454+0000] {processor.py:183} INFO - Processing /home/airflow/.local/lib/python3.12/site-packages/airflow/example_dags/example_setup_teardown.py took 0.130 seconds
[2024-05-01T10:21:16.203+0000] {processor.py:161} INFO - Started process (PID=140) to work on /home/airflow/.local/lib/python3.12/site-packages/airflow/example_dags/example_setup_teardown.py
[2024-05-01T10:21:16.204+0000] {processor.py:830} INFO - Processing file /home/airflow/.local/lib/python3.12/site-packages/airflow/example_dags/example_setup_teardown.py for tasks to queue
[2024-05-01T10:21:16.205+0000] {logging_mixin.py:188} INFO - [2024-05-01T10:21:16.204+0000] {dagbag.py:540} INFO - Filling up the DagBag from /home/airflow/.local/lib/python3.12/site-packages/airflow/example_dags/example_setup_teardown.py
[2024-05-01T10:21:16.210+0000] {processor.py:840} INFO - DAG(s) 'example_setup_teardown' retrieved from /home/airflow/.local/lib/python3.12/site-packages/airflow/example_dags/example_setup_teardown.py
[2024-05-01T10:21:16.225+0000] {logging_mixin.py:188} INFO - [2024-05-01T10:21:16.225+0000] {dag.py:3096} INFO - Sync 1 DAGs
[2024-05-01T10:21:16.242+0000] {logging_mixin.py:188} INFO - [2024-05-01T10:21:16.241+0000] {dag.py:3954} INFO - Setting next_dagrun for example_setup_teardown to 2024-04-30 00:00:00+00:00, run_after=2024-05-01 00:00:00+00:00
[2024-05-01T10:21:16.255+0000] {processor.py:183} INFO - Processing /home/airflow/.local/lib/python3.12/site-packages/airflow/example_dags/example_setup_teardown.py took 0.056 seconds
[2024-05-01T10:21:46.978+0000] {processor.py:161} INFO - Started process (PID=200) to work on /home/airflow/.local/lib/python3.12/site-packages/airflow/example_dags/example_setup_teardown.py
[2024-05-01T10:21:46.978+0000] {processor.py:830} INFO - Processing file /home/airflow/.local/lib/python3.12/site-packages/airflow/example_dags/example_setup_teardown.py for tasks to queue
[2024-05-01T10:21:46.979+0000] {logging_mixin.py:188} INFO - [2024-05-01T10:21:46.979+0000] {dagbag.py:540} INFO - Filling up the DagBag from /home/airflow/.local/lib/python3.12/site-packages/airflow/example_dags/example_setup_teardown.py
[2024-05-01T10:21:46.985+0000] {processor.py:840} INFO - DAG(s) 'example_setup_teardown' retrieved from /home/airflow/.local/lib/python3.12/site-packages/airflow/example_dags/example_setup_teardown.py
[2024-05-01T10:21:47.001+0000] {logging_mixin.py:188} INFO - [2024-05-01T10:21:47.000+0000] {dag.py:3096} INFO - Sync 1 DAGs
[2024-05-01T10:21:47.018+0000] {logging_mixin.py:188} INFO - [2024-05-01T10:21:47.018+0000] {dag.py:3954} INFO - Setting next_dagrun for example_setup_teardown to 2024-04-30 00:00:00+00:00, run_after=2024-05-01 00:00:00+00:00
[2024-05-01T10:21:47.034+0000] {processor.py:183} INFO - Processing /home/airflow/.local/lib/python3.12/site-packages/airflow/example_dags/example_setup_teardown.py took 0.061 seconds
[2024-05-01T10:22:17.269+0000] {processor.py:161} INFO - Started process (PID=260) to work on /home/airflow/.local/lib/python3.12/site-packages/airflow/example_dags/example_setup_teardown.py
[2024-05-01T10:22:17.269+0000] {processor.py:830} INFO - Processing file /home/airflow/.local/lib/python3.12/site-packages/airflow/example_dags/example_setup_teardown.py for tasks to queue
[2024-05-01T10:22:17.271+0000] {logging_mixin.py:188} INFO - [2024-05-01T10:22:17.270+0000] {dagbag.py:540} INFO - Filling up the DagBag from /home/airflow/.local/lib/python3.12/site-packages/airflow/example_dags/example_setup_teardown.py
[2024-05-01T10:22:17.275+0000] {processor.py:840} INFO - DAG(s) 'example_setup_teardown' retrieved from /home/airflow/.local/lib/python3.12/site-packages/airflow/example_dags/example_setup_teardown.py
[2024-05-01T10:22:17.292+0000] {logging_mixin.py:188} INFO - [2024-05-01T10:22:17.292+0000] {dag.py:3096} INFO - Sync 1 DAGs
[2024-05-01T10:22:17.309+0000] {logging_mixin.py:188} INFO - [2024-05-01T10:22:17.308+0000] {dag.py:3954} INFO - Setting next_dagrun for example_setup_teardown to 2024-04-30 00:00:00+00:00, run_after=2024-05-01 00:00:00+00:00
[2024-05-01T10:22:17.325+0000] {processor.py:183} INFO - Processing /home/airflow/.local/lib/python3.12/site-packages/airflow/example_dags/example_setup_teardown.py took 0.060 seconds
[2024-05-01T10:22:47.592+0000] {processor.py:161} INFO - Started process (PID=320) to work on /home/airflow/.local/lib/python3.12/site-packages/airflow/example_dags/example_setup_teardown.py
[2024-05-01T10:22:47.593+0000] {processor.py:830} INFO - Processing file /home/airflow/.local/lib/python3.12/site-packages/airflow/example_dags/example_setup_teardown.py for tasks to queue
[2024-05-01T10:22:47.594+0000] {logging_mixin.py:188} INFO - [2024-05-01T10:22:47.594+0000] {dagbag.py:540} INFO - Filling up the DagBag from /home/airflow/.local/lib/python3.12/site-packages/airflow/example_dags/example_setup_teardown.py
[2024-05-01T10:22:47.599+0000] {processor.py:840} INFO - DAG(s) 'example_setup_teardown' retrieved from /home/airflow/.local/lib/python3.12/site-packages/airflow/example_dags/example_setup_teardown.py
[2024-05-01T10:22:47.616+0000] {logging_mixin.py:188} INFO - [2024-05-01T10:22:47.616+0000] {dag.py:3096} INFO - Sync 1 DAGs
[2024-05-01T10:22:47.631+0000] {logging_mixin.py:188} INFO - [2024-05-01T10:22:47.631+0000] {dag.py:3954} INFO - Setting next_dagrun for example_setup_teardown to 2024-04-30 00:00:00+00:00, run_after=2024-05-01 00:00:00+00:00
[2024-05-01T10:22:47.646+0000] {processor.py:183} INFO - Processing /home/airflow/.local/lib/python3.12/site-packages/airflow/example_dags/example_setup_teardown.py took 0.059 seconds
