[2024-05-01T10:20:42.586+0000] {processor.py:161} INFO - Started process (PID=45) to work on /home/airflow/.local/lib/python3.12/site-packages/airflow/example_dags/example_datasets.py
[2024-05-01T10:20:42.587+0000] {processor.py:830} INFO - Processing file /home/airflow/.local/lib/python3.12/site-packages/airflow/example_dags/example_datasets.py for tasks to queue
[2024-05-01T10:20:42.588+0000] {logging_mixin.py:188} INFO - [2024-05-01T10:20:42.588+0000] {dagbag.py:540} INFO - Filling up the DagBag from /home/airflow/.local/lib/python3.12/site-packages/airflow/example_dags/example_datasets.py
[2024-05-01T10:20:42.601+0000] {processor.py:840} INFO - DAG(s) 'dataset_produces_2', 'consume_1_or_2_with_dataset_expressions', 'dataset_consumes_unknown_never_scheduled', 'consume_1_and_2_with_dataset_expressions', 'consume_1_or_both_2_and_3_with_dataset_expressions', 'dataset_consumes_1_and_2', 'conditional_dataset_and_time_based_timetable', 'dataset_consumes_1_never_scheduled', 'dataset_consumes_1', 'dataset_produces_1' retrieved from /home/airflow/.local/lib/python3.12/site-packages/airflow/example_dags/example_datasets.py
[2024-05-01T10:20:42.755+0000] {logging_mixin.py:188} INFO - [2024-05-01T10:20:42.755+0000] {dag.py:3096} INFO - Sync 10 DAGs
[2024-05-01T10:20:42.773+0000] {logging_mixin.py:188} INFO - [2024-05-01T10:20:42.773+0000] {dag.py:3954} INFO - Setting next_dagrun for conditional_dataset_and_time_based_timetable to 2024-05-01 01:00:00+00:00, run_after=2024-05-01 01:00:00+00:00
[2024-05-01T10:20:42.776+0000] {logging_mixin.py:188} INFO - [2024-05-01T10:20:42.776+0000] {dag.py:3954} INFO - Setting next_dagrun for consume_1_and_2_with_dataset_expressions to None, run_after=None
[2024-05-01T10:20:42.777+0000] {logging_mixin.py:188} INFO - [2024-05-01T10:20:42.777+0000] {dag.py:3954} INFO - Setting next_dagrun for consume_1_or_2_with_dataset_expressions to None, run_after=None
[2024-05-01T10:20:42.778+0000] {logging_mixin.py:188} INFO - [2024-05-01T10:20:42.778+0000] {dag.py:3954} INFO - Setting next_dagrun for consume_1_or_both_2_and_3_with_dataset_expressions to None, run_after=None
[2024-05-01T10:20:42.779+0000] {logging_mixin.py:188} INFO - [2024-05-01T10:20:42.779+0000] {dag.py:3954} INFO - Setting next_dagrun for dataset_consumes_1 to None, run_after=None
[2024-05-01T10:20:42.780+0000] {logging_mixin.py:188} INFO - [2024-05-01T10:20:42.780+0000] {dag.py:3954} INFO - Setting next_dagrun for dataset_consumes_1_and_2 to None, run_after=None
[2024-05-01T10:20:42.781+0000] {logging_mixin.py:188} INFO - [2024-05-01T10:20:42.781+0000] {dag.py:3954} INFO - Setting next_dagrun for dataset_consumes_1_never_scheduled to None, run_after=None
[2024-05-01T10:20:42.782+0000] {logging_mixin.py:188} INFO - [2024-05-01T10:20:42.782+0000] {dag.py:3954} INFO - Setting next_dagrun for dataset_consumes_unknown_never_scheduled to None, run_after=None
[2024-05-01T10:20:42.785+0000] {logging_mixin.py:188} INFO - [2024-05-01T10:20:42.784+0000] {dag.py:3954} INFO - Setting next_dagrun for dataset_produces_1 to 2024-04-30 00:00:00+00:00, run_after=2024-05-01 00:00:00+00:00
[2024-05-01T10:20:42.786+0000] {logging_mixin.py:188} INFO - [2024-05-01T10:20:42.786+0000] {dag.py:3954} INFO - Setting next_dagrun for dataset_produces_2 to None, run_after=None
[2024-05-01T10:20:42.814+0000] {processor.py:183} INFO - Processing /home/airflow/.local/lib/python3.12/site-packages/airflow/example_dags/example_datasets.py took 0.233 seconds
[2024-05-01T10:21:13.639+0000] {processor.py:161} INFO - Started process (PID=108) to work on /home/airflow/.local/lib/python3.12/site-packages/airflow/example_dags/example_datasets.py
[2024-05-01T10:21:13.639+0000] {processor.py:830} INFO - Processing file /home/airflow/.local/lib/python3.12/site-packages/airflow/example_dags/example_datasets.py for tasks to queue
[2024-05-01T10:21:13.641+0000] {logging_mixin.py:188} INFO - [2024-05-01T10:21:13.641+0000] {dagbag.py:540} INFO - Filling up the DagBag from /home/airflow/.local/lib/python3.12/site-packages/airflow/example_dags/example_datasets.py
[2024-05-01T10:21:13.652+0000] {processor.py:840} INFO - DAG(s) 'dataset_consumes_1', 'dataset_produces_2', 'dataset_consumes_1_and_2', 'consume_1_or_both_2_and_3_with_dataset_expressions', 'dataset_consumes_unknown_never_scheduled', 'dataset_consumes_1_never_scheduled', 'conditional_dataset_and_time_based_timetable', 'consume_1_or_2_with_dataset_expressions', 'dataset_produces_1', 'consume_1_and_2_with_dataset_expressions' retrieved from /home/airflow/.local/lib/python3.12/site-packages/airflow/example_dags/example_datasets.py
[2024-05-01T10:21:13.700+0000] {logging_mixin.py:188} INFO - [2024-05-01T10:21:13.700+0000] {dag.py:3096} INFO - Sync 10 DAGs
[2024-05-01T10:21:13.723+0000] {logging_mixin.py:188} INFO - [2024-05-01T10:21:13.722+0000] {dag.py:3954} INFO - Setting next_dagrun for conditional_dataset_and_time_based_timetable to 2024-05-01 01:00:00+00:00, run_after=2024-05-01 01:00:00+00:00
[2024-05-01T10:21:13.727+0000] {logging_mixin.py:188} INFO - [2024-05-01T10:21:13.727+0000] {dag.py:3954} INFO - Setting next_dagrun for consume_1_and_2_with_dataset_expressions to None, run_after=None
[2024-05-01T10:21:13.728+0000] {logging_mixin.py:188} INFO - [2024-05-01T10:21:13.728+0000] {dag.py:3954} INFO - Setting next_dagrun for consume_1_or_2_with_dataset_expressions to None, run_after=None
[2024-05-01T10:21:13.729+0000] {logging_mixin.py:188} INFO - [2024-05-01T10:21:13.729+0000] {dag.py:3954} INFO - Setting next_dagrun for consume_1_or_both_2_and_3_with_dataset_expressions to None, run_after=None
[2024-05-01T10:21:13.730+0000] {logging_mixin.py:188} INFO - [2024-05-01T10:21:13.730+0000] {dag.py:3954} INFO - Setting next_dagrun for dataset_consumes_1 to None, run_after=None
[2024-05-01T10:21:13.731+0000] {logging_mixin.py:188} INFO - [2024-05-01T10:21:13.731+0000] {dag.py:3954} INFO - Setting next_dagrun for dataset_consumes_1_and_2 to None, run_after=None
[2024-05-01T10:21:13.733+0000] {logging_mixin.py:188} INFO - [2024-05-01T10:21:13.732+0000] {dag.py:3954} INFO - Setting next_dagrun for dataset_consumes_1_never_scheduled to None, run_after=None
[2024-05-01T10:21:13.733+0000] {logging_mixin.py:188} INFO - [2024-05-01T10:21:13.733+0000] {dag.py:3954} INFO - Setting next_dagrun for dataset_consumes_unknown_never_scheduled to None, run_after=None
[2024-05-01T10:21:13.735+0000] {logging_mixin.py:188} INFO - [2024-05-01T10:21:13.735+0000] {dag.py:3954} INFO - Setting next_dagrun for dataset_produces_1 to 2024-04-30 00:00:00+00:00, run_after=2024-05-01 00:00:00+00:00
[2024-05-01T10:21:13.736+0000] {logging_mixin.py:188} INFO - [2024-05-01T10:21:13.736+0000] {dag.py:3954} INFO - Setting next_dagrun for dataset_produces_2 to None, run_after=None
[2024-05-01T10:21:13.777+0000] {processor.py:183} INFO - Processing /home/airflow/.local/lib/python3.12/site-packages/airflow/example_dags/example_datasets.py took 0.143 seconds
[2024-05-01T10:21:44.023+0000] {processor.py:161} INFO - Started process (PID=167) to work on /home/airflow/.local/lib/python3.12/site-packages/airflow/example_dags/example_datasets.py
[2024-05-01T10:21:44.026+0000] {processor.py:830} INFO - Processing file /home/airflow/.local/lib/python3.12/site-packages/airflow/example_dags/example_datasets.py for tasks to queue
[2024-05-01T10:21:44.027+0000] {logging_mixin.py:188} INFO - [2024-05-01T10:21:44.027+0000] {dagbag.py:540} INFO - Filling up the DagBag from /home/airflow/.local/lib/python3.12/site-packages/airflow/example_dags/example_datasets.py
[2024-05-01T10:21:44.037+0000] {processor.py:840} INFO - DAG(s) 'dataset_consumes_1', 'consume_1_and_2_with_dataset_expressions', 'consume_1_or_both_2_and_3_with_dataset_expressions', 'dataset_produces_1', 'consume_1_or_2_with_dataset_expressions', 'dataset_consumes_1_never_scheduled', 'dataset_consumes_1_and_2', 'dataset_produces_2', 'conditional_dataset_and_time_based_timetable', 'dataset_consumes_unknown_never_scheduled' retrieved from /home/airflow/.local/lib/python3.12/site-packages/airflow/example_dags/example_datasets.py
[2024-05-01T10:21:44.075+0000] {logging_mixin.py:188} INFO - [2024-05-01T10:21:44.075+0000] {dag.py:3096} INFO - Sync 10 DAGs
[2024-05-01T10:21:44.094+0000] {logging_mixin.py:188} INFO - [2024-05-01T10:21:44.094+0000] {dag.py:3954} INFO - Setting next_dagrun for conditional_dataset_and_time_based_timetable to 2024-05-01 01:00:00+00:00, run_after=2024-05-01 01:00:00+00:00
[2024-05-01T10:21:44.098+0000] {logging_mixin.py:188} INFO - [2024-05-01T10:21:44.098+0000] {dag.py:3954} INFO - Setting next_dagrun for consume_1_and_2_with_dataset_expressions to None, run_after=None
[2024-05-01T10:21:44.099+0000] {logging_mixin.py:188} INFO - [2024-05-01T10:21:44.099+0000] {dag.py:3954} INFO - Setting next_dagrun for consume_1_or_2_with_dataset_expressions to None, run_after=None
[2024-05-01T10:21:44.100+0000] {logging_mixin.py:188} INFO - [2024-05-01T10:21:44.100+0000] {dag.py:3954} INFO - Setting next_dagrun for consume_1_or_both_2_and_3_with_dataset_expressions to None, run_after=None
[2024-05-01T10:21:44.101+0000] {logging_mixin.py:188} INFO - [2024-05-01T10:21:44.101+0000] {dag.py:3954} INFO - Setting next_dagrun for dataset_consumes_1 to None, run_after=None
[2024-05-01T10:21:44.102+0000] {logging_mixin.py:188} INFO - [2024-05-01T10:21:44.102+0000] {dag.py:3954} INFO - Setting next_dagrun for dataset_consumes_1_and_2 to None, run_after=None
[2024-05-01T10:21:44.103+0000] {logging_mixin.py:188} INFO - [2024-05-01T10:21:44.103+0000] {dag.py:3954} INFO - Setting next_dagrun for dataset_consumes_1_never_scheduled to None, run_after=None
[2024-05-01T10:21:44.104+0000] {logging_mixin.py:188} INFO - [2024-05-01T10:21:44.104+0000] {dag.py:3954} INFO - Setting next_dagrun for dataset_consumes_unknown_never_scheduled to None, run_after=None
[2024-05-01T10:21:44.105+0000] {logging_mixin.py:188} INFO - [2024-05-01T10:21:44.105+0000] {dag.py:3954} INFO - Setting next_dagrun for dataset_produces_1 to 2024-04-30 00:00:00+00:00, run_after=2024-05-01 00:00:00+00:00
[2024-05-01T10:21:44.106+0000] {logging_mixin.py:188} INFO - [2024-05-01T10:21:44.106+0000] {dag.py:3954} INFO - Setting next_dagrun for dataset_produces_2 to None, run_after=None
[2024-05-01T10:21:44.132+0000] {processor.py:183} INFO - Processing /home/airflow/.local/lib/python3.12/site-packages/airflow/example_dags/example_datasets.py took 0.114 seconds
[2024-05-01T10:22:14.761+0000] {processor.py:161} INFO - Started process (PID=227) to work on /home/airflow/.local/lib/python3.12/site-packages/airflow/example_dags/example_datasets.py
[2024-05-01T10:22:14.761+0000] {processor.py:830} INFO - Processing file /home/airflow/.local/lib/python3.12/site-packages/airflow/example_dags/example_datasets.py for tasks to queue
[2024-05-01T10:22:14.763+0000] {logging_mixin.py:188} INFO - [2024-05-01T10:22:14.762+0000] {dagbag.py:540} INFO - Filling up the DagBag from /home/airflow/.local/lib/python3.12/site-packages/airflow/example_dags/example_datasets.py
[2024-05-01T10:22:14.774+0000] {processor.py:840} INFO - DAG(s) 'conditional_dataset_and_time_based_timetable', 'dataset_consumes_1_and_2', 'dataset_consumes_1', 'dataset_produces_2', 'dataset_produces_1', 'dataset_consumes_1_never_scheduled', 'consume_1_or_both_2_and_3_with_dataset_expressions', 'consume_1_and_2_with_dataset_expressions', 'consume_1_or_2_with_dataset_expressions', 'dataset_consumes_unknown_never_scheduled' retrieved from /home/airflow/.local/lib/python3.12/site-packages/airflow/example_dags/example_datasets.py
[2024-05-01T10:22:14.815+0000] {logging_mixin.py:188} INFO - [2024-05-01T10:22:14.815+0000] {dag.py:3096} INFO - Sync 10 DAGs
[2024-05-01T10:22:14.834+0000] {logging_mixin.py:188} INFO - [2024-05-01T10:22:14.834+0000] {dag.py:3954} INFO - Setting next_dagrun for conditional_dataset_and_time_based_timetable to 2024-05-01 01:00:00+00:00, run_after=2024-05-01 01:00:00+00:00
[2024-05-01T10:22:14.837+0000] {logging_mixin.py:188} INFO - [2024-05-01T10:22:14.837+0000] {dag.py:3954} INFO - Setting next_dagrun for consume_1_and_2_with_dataset_expressions to None, run_after=None
[2024-05-01T10:22:14.839+0000] {logging_mixin.py:188} INFO - [2024-05-01T10:22:14.839+0000] {dag.py:3954} INFO - Setting next_dagrun for consume_1_or_2_with_dataset_expressions to None, run_after=None
[2024-05-01T10:22:14.840+0000] {logging_mixin.py:188} INFO - [2024-05-01T10:22:14.840+0000] {dag.py:3954} INFO - Setting next_dagrun for consume_1_or_both_2_and_3_with_dataset_expressions to None, run_after=None
[2024-05-01T10:22:14.841+0000] {logging_mixin.py:188} INFO - [2024-05-01T10:22:14.841+0000] {dag.py:3954} INFO - Setting next_dagrun for dataset_consumes_1 to None, run_after=None
[2024-05-01T10:22:14.842+0000] {logging_mixin.py:188} INFO - [2024-05-01T10:22:14.842+0000] {dag.py:3954} INFO - Setting next_dagrun for dataset_consumes_1_and_2 to None, run_after=None
[2024-05-01T10:22:14.843+0000] {logging_mixin.py:188} INFO - [2024-05-01T10:22:14.843+0000] {dag.py:3954} INFO - Setting next_dagrun for dataset_consumes_1_never_scheduled to None, run_after=None
[2024-05-01T10:22:14.844+0000] {logging_mixin.py:188} INFO - [2024-05-01T10:22:14.844+0000] {dag.py:3954} INFO - Setting next_dagrun for dataset_consumes_unknown_never_scheduled to None, run_after=None
[2024-05-01T10:22:14.846+0000] {logging_mixin.py:188} INFO - [2024-05-01T10:22:14.846+0000] {dag.py:3954} INFO - Setting next_dagrun for dataset_produces_1 to 2024-04-30 00:00:00+00:00, run_after=2024-05-01 00:00:00+00:00
[2024-05-01T10:22:14.847+0000] {logging_mixin.py:188} INFO - [2024-05-01T10:22:14.847+0000] {dag.py:3954} INFO - Setting next_dagrun for dataset_produces_2 to None, run_after=None
[2024-05-01T10:22:14.876+0000] {processor.py:183} INFO - Processing /home/airflow/.local/lib/python3.12/site-packages/airflow/example_dags/example_datasets.py took 0.120 seconds
[2024-05-01T10:22:45.104+0000] {processor.py:161} INFO - Started process (PID=287) to work on /home/airflow/.local/lib/python3.12/site-packages/airflow/example_dags/example_datasets.py
[2024-05-01T10:22:45.108+0000] {processor.py:830} INFO - Processing file /home/airflow/.local/lib/python3.12/site-packages/airflow/example_dags/example_datasets.py for tasks to queue
[2024-05-01T10:22:45.109+0000] {logging_mixin.py:188} INFO - [2024-05-01T10:22:45.109+0000] {dagbag.py:540} INFO - Filling up the DagBag from /home/airflow/.local/lib/python3.12/site-packages/airflow/example_dags/example_datasets.py
[2024-05-01T10:22:45.120+0000] {processor.py:840} INFO - DAG(s) 'consume_1_or_both_2_and_3_with_dataset_expressions', 'dataset_consumes_1', 'dataset_produces_2', 'dataset_consumes_1_and_2', 'consume_1_or_2_with_dataset_expressions', 'dataset_consumes_1_never_scheduled', 'dataset_produces_1', 'dataset_consumes_unknown_never_scheduled', 'conditional_dataset_and_time_based_timetable', 'consume_1_and_2_with_dataset_expressions' retrieved from /home/airflow/.local/lib/python3.12/site-packages/airflow/example_dags/example_datasets.py
[2024-05-01T10:22:45.162+0000] {logging_mixin.py:188} INFO - [2024-05-01T10:22:45.162+0000] {dag.py:3096} INFO - Sync 10 DAGs
[2024-05-01T10:22:45.183+0000] {logging_mixin.py:188} INFO - [2024-05-01T10:22:45.182+0000] {dag.py:3954} INFO - Setting next_dagrun for conditional_dataset_and_time_based_timetable to 2024-05-01 01:00:00+00:00, run_after=2024-05-01 01:00:00+00:00
[2024-05-01T10:22:45.186+0000] {logging_mixin.py:188} INFO - [2024-05-01T10:22:45.186+0000] {dag.py:3954} INFO - Setting next_dagrun for consume_1_and_2_with_dataset_expressions to None, run_after=None
[2024-05-01T10:22:45.187+0000] {logging_mixin.py:188} INFO - [2024-05-01T10:22:45.187+0000] {dag.py:3954} INFO - Setting next_dagrun for consume_1_or_2_with_dataset_expressions to None, run_after=None
[2024-05-01T10:22:45.188+0000] {logging_mixin.py:188} INFO - [2024-05-01T10:22:45.187+0000] {dag.py:3954} INFO - Setting next_dagrun for consume_1_or_both_2_and_3_with_dataset_expressions to None, run_after=None
[2024-05-01T10:22:45.188+0000] {logging_mixin.py:188} INFO - [2024-05-01T10:22:45.188+0000] {dag.py:3954} INFO - Setting next_dagrun for dataset_consumes_1 to None, run_after=None
[2024-05-01T10:22:45.189+0000] {logging_mixin.py:188} INFO - [2024-05-01T10:22:45.189+0000] {dag.py:3954} INFO - Setting next_dagrun for dataset_consumes_1_and_2 to None, run_after=None
[2024-05-01T10:22:45.190+0000] {logging_mixin.py:188} INFO - [2024-05-01T10:22:45.190+0000] {dag.py:3954} INFO - Setting next_dagrun for dataset_consumes_1_never_scheduled to None, run_after=None
[2024-05-01T10:22:45.191+0000] {logging_mixin.py:188} INFO - [2024-05-01T10:22:45.191+0000] {dag.py:3954} INFO - Setting next_dagrun for dataset_consumes_unknown_never_scheduled to None, run_after=None
[2024-05-01T10:22:45.192+0000] {logging_mixin.py:188} INFO - [2024-05-01T10:22:45.192+0000] {dag.py:3954} INFO - Setting next_dagrun for dataset_produces_1 to 2024-04-30 00:00:00+00:00, run_after=2024-05-01 00:00:00+00:00
[2024-05-01T10:22:45.193+0000] {logging_mixin.py:188} INFO - [2024-05-01T10:22:45.193+0000] {dag.py:3954} INFO - Setting next_dagrun for dataset_produces_2 to None, run_after=None
[2024-05-01T10:22:45.220+0000] {processor.py:183} INFO - Processing /home/airflow/.local/lib/python3.12/site-packages/airflow/example_dags/example_datasets.py took 0.120 seconds
