[2024-05-01T10:20:44.341+0000] {processor.py:161} INFO - Started process (PID=64) to work on /home/airflow/.local/lib/python3.12/site-packages/airflow/example_dags/example_sensors.py
[2024-05-01T10:20:44.341+0000] {processor.py:830} INFO - Processing file /home/airflow/.local/lib/python3.12/site-packages/airflow/example_dags/example_sensors.py for tasks to queue
[2024-05-01T10:20:44.342+0000] {logging_mixin.py:188} INFO - [2024-05-01T10:20:44.342+0000] {dagbag.py:540} INFO - Filling up the DagBag from /home/airflow/.local/lib/python3.12/site-packages/airflow/example_dags/example_sensors.py
[2024-05-01T10:20:44.350+0000] {processor.py:840} INFO - DAG(s) 'example_sensors' retrieved from /home/airflow/.local/lib/python3.12/site-packages/airflow/example_dags/example_sensors.py
[2024-05-01T10:20:44.447+0000] {logging_mixin.py:188} INFO - [2024-05-01T10:20:44.447+0000] {dag.py:3096} INFO - Sync 1 DAGs
[2024-05-01T10:20:44.456+0000] {logging_mixin.py:188} INFO - [2024-05-01T10:20:44.456+0000] {dag.py:3954} INFO - Setting next_dagrun for example_sensors to None, run_after=None
[2024-05-01T10:20:44.474+0000] {processor.py:183} INFO - Processing /home/airflow/.local/lib/python3.12/site-packages/airflow/example_dags/example_sensors.py took 0.138 seconds
[2024-05-01T10:21:14.783+0000] {processor.py:161} INFO - Started process (PID=128) to work on /home/airflow/.local/lib/python3.12/site-packages/airflow/example_dags/example_sensors.py
[2024-05-01T10:21:14.784+0000] {processor.py:830} INFO - Processing file /home/airflow/.local/lib/python3.12/site-packages/airflow/example_dags/example_sensors.py for tasks to queue
[2024-05-01T10:21:14.785+0000] {logging_mixin.py:188} INFO - [2024-05-01T10:21:14.785+0000] {dagbag.py:540} INFO - Filling up the DagBag from /home/airflow/.local/lib/python3.12/site-packages/airflow/example_dags/example_sensors.py
[2024-05-01T10:21:14.791+0000] {processor.py:840} INFO - DAG(s) 'example_sensors' retrieved from /home/airflow/.local/lib/python3.12/site-packages/airflow/example_dags/example_sensors.py
[2024-05-01T10:21:14.810+0000] {logging_mixin.py:188} INFO - [2024-05-01T10:21:14.809+0000] {dag.py:3096} INFO - Sync 1 DAGs
[2024-05-01T10:21:14.819+0000] {logging_mixin.py:188} INFO - [2024-05-01T10:21:14.819+0000] {dag.py:3954} INFO - Setting next_dagrun for example_sensors to None, run_after=None
[2024-05-01T10:21:14.832+0000] {processor.py:183} INFO - Processing /home/airflow/.local/lib/python3.12/site-packages/airflow/example_dags/example_sensors.py took 0.054 seconds
[2024-05-01T10:21:45.523+0000] {processor.py:161} INFO - Started process (PID=188) to work on /home/airflow/.local/lib/python3.12/site-packages/airflow/example_dags/example_sensors.py
[2024-05-01T10:21:45.524+0000] {processor.py:830} INFO - Processing file /home/airflow/.local/lib/python3.12/site-packages/airflow/example_dags/example_sensors.py for tasks to queue
[2024-05-01T10:21:45.525+0000] {logging_mixin.py:188} INFO - [2024-05-01T10:21:45.525+0000] {dagbag.py:540} INFO - Filling up the DagBag from /home/airflow/.local/lib/python3.12/site-packages/airflow/example_dags/example_sensors.py
[2024-05-01T10:21:45.533+0000] {processor.py:840} INFO - DAG(s) 'example_sensors' retrieved from /home/airflow/.local/lib/python3.12/site-packages/airflow/example_dags/example_sensors.py
[2024-05-01T10:21:45.554+0000] {logging_mixin.py:188} INFO - [2024-05-01T10:21:45.553+0000] {dag.py:3096} INFO - Sync 1 DAGs
[2024-05-01T10:21:45.564+0000] {logging_mixin.py:188} INFO - [2024-05-01T10:21:45.564+0000] {dag.py:3954} INFO - Setting next_dagrun for example_sensors to None, run_after=None
[2024-05-01T10:21:45.580+0000] {processor.py:183} INFO - Processing /home/airflow/.local/lib/python3.12/site-packages/airflow/example_dags/example_sensors.py took 0.062 seconds
[2024-05-01T10:22:15.803+0000] {processor.py:161} INFO - Started process (PID=248) to work on /home/airflow/.local/lib/python3.12/site-packages/airflow/example_dags/example_sensors.py
[2024-05-01T10:22:15.804+0000] {processor.py:830} INFO - Processing file /home/airflow/.local/lib/python3.12/site-packages/airflow/example_dags/example_sensors.py for tasks to queue
[2024-05-01T10:22:15.805+0000] {logging_mixin.py:188} INFO - [2024-05-01T10:22:15.805+0000] {dagbag.py:540} INFO - Filling up the DagBag from /home/airflow/.local/lib/python3.12/site-packages/airflow/example_dags/example_sensors.py
[2024-05-01T10:22:15.812+0000] {processor.py:840} INFO - DAG(s) 'example_sensors' retrieved from /home/airflow/.local/lib/python3.12/site-packages/airflow/example_dags/example_sensors.py
[2024-05-01T10:22:15.832+0000] {logging_mixin.py:188} INFO - [2024-05-01T10:22:15.832+0000] {dag.py:3096} INFO - Sync 1 DAGs
[2024-05-01T10:22:15.842+0000] {logging_mixin.py:188} INFO - [2024-05-01T10:22:15.841+0000] {dag.py:3954} INFO - Setting next_dagrun for example_sensors to None, run_after=None
[2024-05-01T10:22:15.856+0000] {processor.py:183} INFO - Processing /home/airflow/.local/lib/python3.12/site-packages/airflow/example_dags/example_sensors.py took 0.058 seconds
[2024-05-01T10:22:46.171+0000] {processor.py:161} INFO - Started process (PID=308) to work on /home/airflow/.local/lib/python3.12/site-packages/airflow/example_dags/example_sensors.py
[2024-05-01T10:22:46.171+0000] {processor.py:830} INFO - Processing file /home/airflow/.local/lib/python3.12/site-packages/airflow/example_dags/example_sensors.py for tasks to queue
[2024-05-01T10:22:46.173+0000] {logging_mixin.py:188} INFO - [2024-05-01T10:22:46.172+0000] {dagbag.py:540} INFO - Filling up the DagBag from /home/airflow/.local/lib/python3.12/site-packages/airflow/example_dags/example_sensors.py
[2024-05-01T10:22:46.179+0000] {processor.py:840} INFO - DAG(s) 'example_sensors' retrieved from /home/airflow/.local/lib/python3.12/site-packages/airflow/example_dags/example_sensors.py
[2024-05-01T10:22:46.199+0000] {logging_mixin.py:188} INFO - [2024-05-01T10:22:46.199+0000] {dag.py:3096} INFO - Sync 1 DAGs
[2024-05-01T10:22:46.209+0000] {logging_mixin.py:188} INFO - [2024-05-01T10:22:46.209+0000] {dag.py:3954} INFO - Setting next_dagrun for example_sensors to None, run_after=None
[2024-05-01T10:22:46.224+0000] {processor.py:183} INFO - Processing /home/airflow/.local/lib/python3.12/site-packages/airflow/example_dags/example_sensors.py took 0.057 seconds
