[2024-05-01T10:20:44.099+0000] {processor.py:161} INFO - Started process (PID=61) to work on /home/airflow/.local/lib/python3.12/site-packages/airflow/example_dags/example_skip_dag.py
[2024-05-01T10:20:44.100+0000] {processor.py:830} INFO - Processing file /home/airflow/.local/lib/python3.12/site-packages/airflow/example_dags/example_skip_dag.py for tasks to queue
[2024-05-01T10:20:44.101+0000] {logging_mixin.py:188} INFO - [2024-05-01T10:20:44.101+0000] {dagbag.py:540} INFO - Filling up the DagBag from /home/airflow/.local/lib/python3.12/site-packages/airflow/example_dags/example_skip_dag.py
[2024-05-01T10:20:44.106+0000] {processor.py:840} INFO - DAG(s) 'example_skip_dag' retrieved from /home/airflow/.local/lib/python3.12/site-packages/airflow/example_dags/example_skip_dag.py
[2024-05-01T10:20:44.196+0000] {logging_mixin.py:188} INFO - [2024-05-01T10:20:44.196+0000] {dag.py:3096} INFO - Sync 1 DAGs
[2024-05-01T10:20:44.211+0000] {logging_mixin.py:188} INFO - [2024-05-01T10:20:44.211+0000] {dag.py:3954} INFO - Setting next_dagrun for example_skip_dag to 2024-04-30 00:00:00+00:00, run_after=2024-05-01 00:00:00+00:00
[2024-05-01T10:20:44.226+0000] {processor.py:183} INFO - Processing /home/airflow/.local/lib/python3.12/site-packages/airflow/example_dags/example_skip_dag.py took 0.131 seconds
[2024-05-01T10:21:14.684+0000] {processor.py:161} INFO - Started process (PID=125) to work on /home/airflow/.local/lib/python3.12/site-packages/airflow/example_dags/example_skip_dag.py
[2024-05-01T10:21:14.685+0000] {processor.py:830} INFO - Processing file /home/airflow/.local/lib/python3.12/site-packages/airflow/example_dags/example_skip_dag.py for tasks to queue
[2024-05-01T10:21:14.686+0000] {logging_mixin.py:188} INFO - [2024-05-01T10:21:14.686+0000] {dagbag.py:540} INFO - Filling up the DagBag from /home/airflow/.local/lib/python3.12/site-packages/airflow/example_dags/example_skip_dag.py
[2024-05-01T10:21:14.691+0000] {processor.py:840} INFO - DAG(s) 'example_skip_dag' retrieved from /home/airflow/.local/lib/python3.12/site-packages/airflow/example_dags/example_skip_dag.py
[2024-05-01T10:21:14.706+0000] {logging_mixin.py:188} INFO - [2024-05-01T10:21:14.706+0000] {dag.py:3096} INFO - Sync 1 DAGs
[2024-05-01T10:21:14.722+0000] {logging_mixin.py:188} INFO - [2024-05-01T10:21:14.722+0000] {dag.py:3954} INFO - Setting next_dagrun for example_skip_dag to 2024-04-30 00:00:00+00:00, run_after=2024-05-01 00:00:00+00:00
[2024-05-01T10:21:14.736+0000] {processor.py:183} INFO - Processing /home/airflow/.local/lib/python3.12/site-packages/airflow/example_dags/example_skip_dag.py took 0.055 seconds
[2024-05-01T10:21:45.342+0000] {processor.py:161} INFO - Started process (PID=185) to work on /home/airflow/.local/lib/python3.12/site-packages/airflow/example_dags/example_skip_dag.py
[2024-05-01T10:21:45.345+0000] {processor.py:830} INFO - Processing file /home/airflow/.local/lib/python3.12/site-packages/airflow/example_dags/example_skip_dag.py for tasks to queue
[2024-05-01T10:21:45.347+0000] {logging_mixin.py:188} INFO - [2024-05-01T10:21:45.347+0000] {dagbag.py:540} INFO - Filling up the DagBag from /home/airflow/.local/lib/python3.12/site-packages/airflow/example_dags/example_skip_dag.py
[2024-05-01T10:21:45.354+0000] {processor.py:840} INFO - DAG(s) 'example_skip_dag' retrieved from /home/airflow/.local/lib/python3.12/site-packages/airflow/example_dags/example_skip_dag.py
[2024-05-01T10:21:45.381+0000] {logging_mixin.py:188} INFO - [2024-05-01T10:21:45.381+0000] {dag.py:3096} INFO - Sync 1 DAGs
[2024-05-01T10:21:45.409+0000] {logging_mixin.py:188} INFO - [2024-05-01T10:21:45.408+0000] {dag.py:3954} INFO - Setting next_dagrun for example_skip_dag to 2024-04-30 00:00:00+00:00, run_after=2024-05-01 00:00:00+00:00
[2024-05-01T10:21:45.426+0000] {processor.py:183} INFO - Processing /home/airflow/.local/lib/python3.12/site-packages/airflow/example_dags/example_skip_dag.py took 0.091 seconds
[2024-05-01T10:22:15.695+0000] {processor.py:161} INFO - Started process (PID=245) to work on /home/airflow/.local/lib/python3.12/site-packages/airflow/example_dags/example_skip_dag.py
[2024-05-01T10:22:15.696+0000] {processor.py:830} INFO - Processing file /home/airflow/.local/lib/python3.12/site-packages/airflow/example_dags/example_skip_dag.py for tasks to queue
[2024-05-01T10:22:15.697+0000] {logging_mixin.py:188} INFO - [2024-05-01T10:22:15.697+0000] {dagbag.py:540} INFO - Filling up the DagBag from /home/airflow/.local/lib/python3.12/site-packages/airflow/example_dags/example_skip_dag.py
[2024-05-01T10:22:15.702+0000] {processor.py:840} INFO - DAG(s) 'example_skip_dag' retrieved from /home/airflow/.local/lib/python3.12/site-packages/airflow/example_dags/example_skip_dag.py
[2024-05-01T10:22:15.719+0000] {logging_mixin.py:188} INFO - [2024-05-01T10:22:15.719+0000] {dag.py:3096} INFO - Sync 1 DAGs
[2024-05-01T10:22:15.738+0000] {logging_mixin.py:188} INFO - [2024-05-01T10:22:15.738+0000] {dag.py:3954} INFO - Setting next_dagrun for example_skip_dag to 2024-04-30 00:00:00+00:00, run_after=2024-05-01 00:00:00+00:00
[2024-05-01T10:22:15.753+0000] {processor.py:183} INFO - Processing /home/airflow/.local/lib/python3.12/site-packages/airflow/example_dags/example_skip_dag.py took 0.064 seconds
[2024-05-01T10:22:45.954+0000] {processor.py:161} INFO - Started process (PID=305) to work on /home/airflow/.local/lib/python3.12/site-packages/airflow/example_dags/example_skip_dag.py
[2024-05-01T10:22:45.955+0000] {processor.py:830} INFO - Processing file /home/airflow/.local/lib/python3.12/site-packages/airflow/example_dags/example_skip_dag.py for tasks to queue
[2024-05-01T10:22:45.956+0000] {logging_mixin.py:188} INFO - [2024-05-01T10:22:45.956+0000] {dagbag.py:540} INFO - Filling up the DagBag from /home/airflow/.local/lib/python3.12/site-packages/airflow/example_dags/example_skip_dag.py
[2024-05-01T10:22:45.962+0000] {processor.py:840} INFO - DAG(s) 'example_skip_dag' retrieved from /home/airflow/.local/lib/python3.12/site-packages/airflow/example_dags/example_skip_dag.py
[2024-05-01T10:22:45.980+0000] {logging_mixin.py:188} INFO - [2024-05-01T10:22:45.980+0000] {dag.py:3096} INFO - Sync 1 DAGs
[2024-05-01T10:22:45.999+0000] {logging_mixin.py:188} INFO - [2024-05-01T10:22:45.999+0000] {dag.py:3954} INFO - Setting next_dagrun for example_skip_dag to 2024-04-30 00:00:00+00:00, run_after=2024-05-01 00:00:00+00:00
[2024-05-01T10:22:46.016+0000] {processor.py:183} INFO - Processing /home/airflow/.local/lib/python3.12/site-packages/airflow/example_dags/example_skip_dag.py took 0.067 seconds
