[2024-05-01T10:20:43.789+0000] {processor.py:161} INFO - Started process (PID=57) to work on /home/airflow/.local/lib/python3.12/site-packages/airflow/example_dags/example_params_ui_tutorial.py
[2024-05-01T10:20:43.791+0000] {processor.py:830} INFO - Processing file /home/airflow/.local/lib/python3.12/site-packages/airflow/example_dags/example_params_ui_tutorial.py for tasks to queue
[2024-05-01T10:20:43.792+0000] {logging_mixin.py:188} INFO - [2024-05-01T10:20:43.792+0000] {dagbag.py:540} INFO - Filling up the DagBag from /home/airflow/.local/lib/python3.12/site-packages/airflow/example_dags/example_params_ui_tutorial.py
[2024-05-01T10:20:43.802+0000] {processor.py:840} INFO - DAG(s) 'example_params_ui_tutorial' retrieved from /home/airflow/.local/lib/python3.12/site-packages/airflow/example_dags/example_params_ui_tutorial.py
[2024-05-01T10:20:43.910+0000] {logging_mixin.py:188} INFO - [2024-05-01T10:20:43.910+0000] {dag.py:3096} INFO - Sync 1 DAGs
[2024-05-01T10:20:43.918+0000] {logging_mixin.py:188} INFO - [2024-05-01T10:20:43.918+0000] {dag.py:3954} INFO - Setting next_dagrun for example_params_ui_tutorial to None, run_after=None
[2024-05-01T10:20:43.935+0000] {processor.py:183} INFO - Processing /home/airflow/.local/lib/python3.12/site-packages/airflow/example_dags/example_params_ui_tutorial.py took 0.151 seconds
[2024-05-01T10:21:14.510+0000] {processor.py:161} INFO - Started process (PID=121) to work on /home/airflow/.local/lib/python3.12/site-packages/airflow/example_dags/example_params_ui_tutorial.py
[2024-05-01T10:21:14.511+0000] {processor.py:830} INFO - Processing file /home/airflow/.local/lib/python3.12/site-packages/airflow/example_dags/example_params_ui_tutorial.py for tasks to queue
[2024-05-01T10:21:14.512+0000] {logging_mixin.py:188} INFO - [2024-05-01T10:21:14.512+0000] {dagbag.py:540} INFO - Filling up the DagBag from /home/airflow/.local/lib/python3.12/site-packages/airflow/example_dags/example_params_ui_tutorial.py
[2024-05-01T10:21:14.521+0000] {processor.py:840} INFO - DAG(s) 'example_params_ui_tutorial' retrieved from /home/airflow/.local/lib/python3.12/site-packages/airflow/example_dags/example_params_ui_tutorial.py
[2024-05-01T10:21:14.563+0000] {logging_mixin.py:188} INFO - [2024-05-01T10:21:14.562+0000] {dag.py:3096} INFO - Sync 1 DAGs
[2024-05-01T10:21:14.575+0000] {logging_mixin.py:188} INFO - [2024-05-01T10:21:14.574+0000] {dag.py:3954} INFO - Setting next_dagrun for example_params_ui_tutorial to None, run_after=None
[2024-05-01T10:21:14.590+0000] {processor.py:183} INFO - Processing /home/airflow/.local/lib/python3.12/site-packages/airflow/example_dags/example_params_ui_tutorial.py took 0.085 seconds
[2024-05-01T10:21:45.160+0000] {processor.py:161} INFO - Started process (PID=181) to work on /home/airflow/.local/lib/python3.12/site-packages/airflow/example_dags/example_params_ui_tutorial.py
[2024-05-01T10:21:45.161+0000] {processor.py:830} INFO - Processing file /home/airflow/.local/lib/python3.12/site-packages/airflow/example_dags/example_params_ui_tutorial.py for tasks to queue
[2024-05-01T10:21:45.162+0000] {logging_mixin.py:188} INFO - [2024-05-01T10:21:45.162+0000] {dagbag.py:540} INFO - Filling up the DagBag from /home/airflow/.local/lib/python3.12/site-packages/airflow/example_dags/example_params_ui_tutorial.py
[2024-05-01T10:21:45.171+0000] {processor.py:840} INFO - DAG(s) 'example_params_ui_tutorial' retrieved from /home/airflow/.local/lib/python3.12/site-packages/airflow/example_dags/example_params_ui_tutorial.py
[2024-05-01T10:21:45.207+0000] {logging_mixin.py:188} INFO - [2024-05-01T10:21:45.207+0000] {dag.py:3096} INFO - Sync 1 DAGs
[2024-05-01T10:21:45.218+0000] {logging_mixin.py:188} INFO - [2024-05-01T10:21:45.218+0000] {dag.py:3954} INFO - Setting next_dagrun for example_params_ui_tutorial to None, run_after=None
[2024-05-01T10:21:45.234+0000] {processor.py:183} INFO - Processing /home/airflow/.local/lib/python3.12/site-packages/airflow/example_dags/example_params_ui_tutorial.py took 0.079 seconds
[2024-05-01T10:22:15.522+0000] {processor.py:161} INFO - Started process (PID=241) to work on /home/airflow/.local/lib/python3.12/site-packages/airflow/example_dags/example_params_ui_tutorial.py
[2024-05-01T10:22:15.522+0000] {processor.py:830} INFO - Processing file /home/airflow/.local/lib/python3.12/site-packages/airflow/example_dags/example_params_ui_tutorial.py for tasks to queue
[2024-05-01T10:22:15.524+0000] {logging_mixin.py:188} INFO - [2024-05-01T10:22:15.524+0000] {dagbag.py:540} INFO - Filling up the DagBag from /home/airflow/.local/lib/python3.12/site-packages/airflow/example_dags/example_params_ui_tutorial.py
[2024-05-01T10:22:15.532+0000] {processor.py:840} INFO - DAG(s) 'example_params_ui_tutorial' retrieved from /home/airflow/.local/lib/python3.12/site-packages/airflow/example_dags/example_params_ui_tutorial.py
[2024-05-01T10:22:15.571+0000] {logging_mixin.py:188} INFO - [2024-05-01T10:22:15.570+0000] {dag.py:3096} INFO - Sync 1 DAGs
[2024-05-01T10:22:15.582+0000] {logging_mixin.py:188} INFO - [2024-05-01T10:22:15.581+0000] {dag.py:3954} INFO - Setting next_dagrun for example_params_ui_tutorial to None, run_after=None
[2024-05-01T10:22:15.597+0000] {processor.py:183} INFO - Processing /home/airflow/.local/lib/python3.12/site-packages/airflow/example_dags/example_params_ui_tutorial.py took 0.080 seconds
[2024-05-01T10:22:45.646+0000] {processor.py:161} INFO - Started process (PID=301) to work on /home/airflow/.local/lib/python3.12/site-packages/airflow/example_dags/example_params_ui_tutorial.py
[2024-05-01T10:22:45.647+0000] {processor.py:830} INFO - Processing file /home/airflow/.local/lib/python3.12/site-packages/airflow/example_dags/example_params_ui_tutorial.py for tasks to queue
[2024-05-01T10:22:45.648+0000] {logging_mixin.py:188} INFO - [2024-05-01T10:22:45.648+0000] {dagbag.py:540} INFO - Filling up the DagBag from /home/airflow/.local/lib/python3.12/site-packages/airflow/example_dags/example_params_ui_tutorial.py
[2024-05-01T10:22:45.657+0000] {processor.py:840} INFO - DAG(s) 'example_params_ui_tutorial' retrieved from /home/airflow/.local/lib/python3.12/site-packages/airflow/example_dags/example_params_ui_tutorial.py
[2024-05-01T10:22:45.694+0000] {logging_mixin.py:188} INFO - [2024-05-01T10:22:45.693+0000] {dag.py:3096} INFO - Sync 1 DAGs
[2024-05-01T10:22:45.703+0000] {logging_mixin.py:188} INFO - [2024-05-01T10:22:45.703+0000] {dag.py:3954} INFO - Setting next_dagrun for example_params_ui_tutorial to None, run_after=None
[2024-05-01T10:22:45.718+0000] {processor.py:183} INFO - Processing /home/airflow/.local/lib/python3.12/site-packages/airflow/example_dags/example_params_ui_tutorial.py took 0.077 seconds
