[2024-05-01T10:20:45.918+0000] {processor.py:161} INFO - Started process (PID=83) to work on /home/airflow/.local/lib/python3.12/site-packages/airflow/example_dags/example_latest_only_with_trigger.py
[2024-05-01T10:20:45.918+0000] {processor.py:830} INFO - Processing file /home/airflow/.local/lib/python3.12/site-packages/airflow/example_dags/example_latest_only_with_trigger.py for tasks to queue
[2024-05-01T10:20:45.919+0000] {logging_mixin.py:188} INFO - [2024-05-01T10:20:45.919+0000] {dagbag.py:540} INFO - Filling up the DagBag from /home/airflow/.local/lib/python3.12/site-packages/airflow/example_dags/example_latest_only_with_trigger.py
[2024-05-01T10:20:45.924+0000] {processor.py:840} INFO - DAG(s) 'latest_only_with_trigger' retrieved from /home/airflow/.local/lib/python3.12/site-packages/airflow/example_dags/example_latest_only_with_trigger.py
[2024-05-01T10:20:46.010+0000] {logging_mixin.py:188} INFO - [2024-05-01T10:20:46.010+0000] {dag.py:3096} INFO - Sync 1 DAGs
[2024-05-01T10:20:46.026+0000] {logging_mixin.py:188} INFO - [2024-05-01T10:20:46.026+0000] {dag.py:3954} INFO - Setting next_dagrun for latest_only_with_trigger to 2024-05-01 04:00:00+00:00, run_after=2024-05-01 08:00:00+00:00
[2024-05-01T10:20:46.044+0000] {processor.py:183} INFO - Processing /home/airflow/.local/lib/python3.12/site-packages/airflow/example_dags/example_latest_only_with_trigger.py took 0.131 seconds
[2024-05-01T10:21:16.483+0000] {processor.py:161} INFO - Started process (PID=147) to work on /home/airflow/.local/lib/python3.12/site-packages/airflow/example_dags/example_latest_only_with_trigger.py
[2024-05-01T10:21:16.483+0000] {processor.py:830} INFO - Processing file /home/airflow/.local/lib/python3.12/site-packages/airflow/example_dags/example_latest_only_with_trigger.py for tasks to queue
[2024-05-01T10:21:16.485+0000] {logging_mixin.py:188} INFO - [2024-05-01T10:21:16.484+0000] {dagbag.py:540} INFO - Filling up the DagBag from /home/airflow/.local/lib/python3.12/site-packages/airflow/example_dags/example_latest_only_with_trigger.py
[2024-05-01T10:21:16.489+0000] {processor.py:840} INFO - DAG(s) 'latest_only_with_trigger' retrieved from /home/airflow/.local/lib/python3.12/site-packages/airflow/example_dags/example_latest_only_with_trigger.py
[2024-05-01T10:21:16.504+0000] {logging_mixin.py:188} INFO - [2024-05-01T10:21:16.504+0000] {dag.py:3096} INFO - Sync 1 DAGs
[2024-05-01T10:21:16.520+0000] {logging_mixin.py:188} INFO - [2024-05-01T10:21:16.519+0000] {dag.py:3954} INFO - Setting next_dagrun for latest_only_with_trigger to 2024-05-01 04:00:00+00:00, run_after=2024-05-01 08:00:00+00:00
[2024-05-01T10:21:16.533+0000] {processor.py:183} INFO - Processing /home/airflow/.local/lib/python3.12/site-packages/airflow/example_dags/example_latest_only_with_trigger.py took 0.054 seconds
[2024-05-01T10:21:47.260+0000] {processor.py:161} INFO - Started process (PID=207) to work on /home/airflow/.local/lib/python3.12/site-packages/airflow/example_dags/example_latest_only_with_trigger.py
[2024-05-01T10:21:47.261+0000] {processor.py:830} INFO - Processing file /home/airflow/.local/lib/python3.12/site-packages/airflow/example_dags/example_latest_only_with_trigger.py for tasks to queue
[2024-05-01T10:21:47.262+0000] {logging_mixin.py:188} INFO - [2024-05-01T10:21:47.262+0000] {dagbag.py:540} INFO - Filling up the DagBag from /home/airflow/.local/lib/python3.12/site-packages/airflow/example_dags/example_latest_only_with_trigger.py
[2024-05-01T10:21:47.266+0000] {processor.py:840} INFO - DAG(s) 'latest_only_with_trigger' retrieved from /home/airflow/.local/lib/python3.12/site-packages/airflow/example_dags/example_latest_only_with_trigger.py
[2024-05-01T10:21:47.282+0000] {logging_mixin.py:188} INFO - [2024-05-01T10:21:47.282+0000] {dag.py:3096} INFO - Sync 1 DAGs
[2024-05-01T10:21:47.297+0000] {logging_mixin.py:188} INFO - [2024-05-01T10:21:47.297+0000] {dag.py:3954} INFO - Setting next_dagrun for latest_only_with_trigger to 2024-05-01 04:00:00+00:00, run_after=2024-05-01 08:00:00+00:00
[2024-05-01T10:21:47.310+0000] {processor.py:183} INFO - Processing /home/airflow/.local/lib/python3.12/site-packages/airflow/example_dags/example_latest_only_with_trigger.py took 0.054 seconds
[2024-05-01T10:22:17.571+0000] {processor.py:161} INFO - Started process (PID=267) to work on /home/airflow/.local/lib/python3.12/site-packages/airflow/example_dags/example_latest_only_with_trigger.py
[2024-05-01T10:22:17.571+0000] {processor.py:830} INFO - Processing file /home/airflow/.local/lib/python3.12/site-packages/airflow/example_dags/example_latest_only_with_trigger.py for tasks to queue
[2024-05-01T10:22:17.573+0000] {logging_mixin.py:188} INFO - [2024-05-01T10:22:17.572+0000] {dagbag.py:540} INFO - Filling up the DagBag from /home/airflow/.local/lib/python3.12/site-packages/airflow/example_dags/example_latest_only_with_trigger.py
[2024-05-01T10:22:17.577+0000] {processor.py:840} INFO - DAG(s) 'latest_only_with_trigger' retrieved from /home/airflow/.local/lib/python3.12/site-packages/airflow/example_dags/example_latest_only_with_trigger.py
[2024-05-01T10:22:17.592+0000] {logging_mixin.py:188} INFO - [2024-05-01T10:22:17.592+0000] {dag.py:3096} INFO - Sync 1 DAGs
[2024-05-01T10:22:17.608+0000] {logging_mixin.py:188} INFO - [2024-05-01T10:22:17.608+0000] {dag.py:3954} INFO - Setting next_dagrun for latest_only_with_trigger to 2024-05-01 04:00:00+00:00, run_after=2024-05-01 08:00:00+00:00
[2024-05-01T10:22:17.624+0000] {processor.py:183} INFO - Processing /home/airflow/.local/lib/python3.12/site-packages/airflow/example_dags/example_latest_only_with_trigger.py took 0.058 seconds
[2024-05-01T10:22:47.814+0000] {processor.py:161} INFO - Started process (PID=326) to work on /home/airflow/.local/lib/python3.12/site-packages/airflow/example_dags/example_latest_only_with_trigger.py
[2024-05-01T10:22:47.815+0000] {processor.py:830} INFO - Processing file /home/airflow/.local/lib/python3.12/site-packages/airflow/example_dags/example_latest_only_with_trigger.py for tasks to queue
[2024-05-01T10:22:47.816+0000] {logging_mixin.py:188} INFO - [2024-05-01T10:22:47.816+0000] {dagbag.py:540} INFO - Filling up the DagBag from /home/airflow/.local/lib/python3.12/site-packages/airflow/example_dags/example_latest_only_with_trigger.py
[2024-05-01T10:22:47.820+0000] {processor.py:840} INFO - DAG(s) 'latest_only_with_trigger' retrieved from /home/airflow/.local/lib/python3.12/site-packages/airflow/example_dags/example_latest_only_with_trigger.py
[2024-05-01T10:22:47.836+0000] {logging_mixin.py:188} INFO - [2024-05-01T10:22:47.836+0000] {dag.py:3096} INFO - Sync 1 DAGs
[2024-05-01T10:22:47.851+0000] {logging_mixin.py:188} INFO - [2024-05-01T10:22:47.851+0000] {dag.py:3954} INFO - Setting next_dagrun for latest_only_with_trigger to 2024-05-01 04:00:00+00:00, run_after=2024-05-01 08:00:00+00:00
[2024-05-01T10:22:47.866+0000] {processor.py:183} INFO - Processing /home/airflow/.local/lib/python3.12/site-packages/airflow/example_dags/example_latest_only_with_trigger.py took 0.056 seconds
