[2024-05-01T10:20:42.841+0000] {processor.py:161} INFO - Started process (PID=46) to work on /home/airflow/.local/lib/python3.12/site-packages/airflow/example_dags/example_nested_branch_dag.py
[2024-05-01T10:20:42.842+0000] {processor.py:830} INFO - Processing file /home/airflow/.local/lib/python3.12/site-packages/airflow/example_dags/example_nested_branch_dag.py for tasks to queue
[2024-05-01T10:20:42.843+0000] {logging_mixin.py:188} INFO - [2024-05-01T10:20:42.843+0000] {dagbag.py:540} INFO - Filling up the DagBag from /home/airflow/.local/lib/python3.12/site-packages/airflow/example_dags/example_nested_branch_dag.py
[2024-05-01T10:20:42.851+0000] {processor.py:840} INFO - DAG(s) 'example_nested_branch_dag' retrieved from /home/airflow/.local/lib/python3.12/site-packages/airflow/example_dags/example_nested_branch_dag.py
[2024-05-01T10:20:42.934+0000] {logging_mixin.py:188} INFO - [2024-05-01T10:20:42.934+0000] {dag.py:3096} INFO - Sync 1 DAGs
[2024-05-01T10:20:42.952+0000] {logging_mixin.py:188} INFO - [2024-05-01T10:20:42.952+0000] {dag.py:3954} INFO - Setting next_dagrun for example_nested_branch_dag to 2024-04-30 00:00:00+00:00, run_after=2024-05-01 00:00:00+00:00
[2024-05-01T10:20:42.968+0000] {processor.py:183} INFO - Processing /home/airflow/.local/lib/python3.12/site-packages/airflow/example_dags/example_nested_branch_dag.py took 0.131 seconds
[2024-05-01T10:21:13.797+0000] {processor.py:161} INFO - Started process (PID=110) to work on /home/airflow/.local/lib/python3.12/site-packages/airflow/example_dags/example_nested_branch_dag.py
[2024-05-01T10:21:13.798+0000] {processor.py:830} INFO - Processing file /home/airflow/.local/lib/python3.12/site-packages/airflow/example_dags/example_nested_branch_dag.py for tasks to queue
[2024-05-01T10:21:13.800+0000] {logging_mixin.py:188} INFO - [2024-05-01T10:21:13.800+0000] {dagbag.py:540} INFO - Filling up the DagBag from /home/airflow/.local/lib/python3.12/site-packages/airflow/example_dags/example_nested_branch_dag.py
[2024-05-01T10:21:13.811+0000] {processor.py:840} INFO - DAG(s) 'example_nested_branch_dag' retrieved from /home/airflow/.local/lib/python3.12/site-packages/airflow/example_dags/example_nested_branch_dag.py
[2024-05-01T10:21:13.833+0000] {logging_mixin.py:188} INFO - [2024-05-01T10:21:13.833+0000] {dag.py:3096} INFO - Sync 1 DAGs
[2024-05-01T10:21:13.857+0000] {logging_mixin.py:188} INFO - [2024-05-01T10:21:13.857+0000] {dag.py:3954} INFO - Setting next_dagrun for example_nested_branch_dag to 2024-04-30 00:00:00+00:00, run_after=2024-05-01 00:00:00+00:00
[2024-05-01T10:21:13.874+0000] {processor.py:183} INFO - Processing /home/airflow/.local/lib/python3.12/site-packages/airflow/example_dags/example_nested_branch_dag.py took 0.083 seconds
[2024-05-01T10:21:44.027+0000] {processor.py:161} INFO - Started process (PID=168) to work on /home/airflow/.local/lib/python3.12/site-packages/airflow/example_dags/example_nested_branch_dag.py
[2024-05-01T10:21:44.028+0000] {processor.py:830} INFO - Processing file /home/airflow/.local/lib/python3.12/site-packages/airflow/example_dags/example_nested_branch_dag.py for tasks to queue
[2024-05-01T10:21:44.029+0000] {logging_mixin.py:188} INFO - [2024-05-01T10:21:44.029+0000] {dagbag.py:540} INFO - Filling up the DagBag from /home/airflow/.local/lib/python3.12/site-packages/airflow/example_dags/example_nested_branch_dag.py
[2024-05-01T10:21:44.037+0000] {processor.py:840} INFO - DAG(s) 'example_nested_branch_dag' retrieved from /home/airflow/.local/lib/python3.12/site-packages/airflow/example_dags/example_nested_branch_dag.py
[2024-05-01T10:21:44.054+0000] {logging_mixin.py:188} INFO - [2024-05-01T10:21:44.053+0000] {dag.py:3096} INFO - Sync 1 DAGs
[2024-05-01T10:21:44.071+0000] {logging_mixin.py:188} INFO - [2024-05-01T10:21:44.071+0000] {dag.py:3954} INFO - Setting next_dagrun for example_nested_branch_dag to 2024-04-30 00:00:00+00:00, run_after=2024-05-01 00:00:00+00:00
[2024-05-01T10:21:44.088+0000] {processor.py:183} INFO - Processing /home/airflow/.local/lib/python3.12/site-packages/airflow/example_dags/example_nested_branch_dag.py took 0.065 seconds
[2024-05-01T10:22:14.765+0000] {processor.py:161} INFO - Started process (PID=228) to work on /home/airflow/.local/lib/python3.12/site-packages/airflow/example_dags/example_nested_branch_dag.py
[2024-05-01T10:22:14.766+0000] {processor.py:830} INFO - Processing file /home/airflow/.local/lib/python3.12/site-packages/airflow/example_dags/example_nested_branch_dag.py for tasks to queue
[2024-05-01T10:22:14.767+0000] {logging_mixin.py:188} INFO - [2024-05-01T10:22:14.767+0000] {dagbag.py:540} INFO - Filling up the DagBag from /home/airflow/.local/lib/python3.12/site-packages/airflow/example_dags/example_nested_branch_dag.py
[2024-05-01T10:22:14.775+0000] {processor.py:840} INFO - DAG(s) 'example_nested_branch_dag' retrieved from /home/airflow/.local/lib/python3.12/site-packages/airflow/example_dags/example_nested_branch_dag.py
[2024-05-01T10:22:14.791+0000] {logging_mixin.py:188} INFO - [2024-05-01T10:22:14.791+0000] {dag.py:3096} INFO - Sync 1 DAGs
[2024-05-01T10:22:14.809+0000] {logging_mixin.py:188} INFO - [2024-05-01T10:22:14.809+0000] {dag.py:3954} INFO - Setting next_dagrun for example_nested_branch_dag to 2024-04-30 00:00:00+00:00, run_after=2024-05-01 00:00:00+00:00
[2024-05-01T10:22:14.827+0000] {processor.py:183} INFO - Processing /home/airflow/.local/lib/python3.12/site-packages/airflow/example_dags/example_nested_branch_dag.py took 0.066 seconds
[2024-05-01T10:22:45.109+0000] {processor.py:161} INFO - Started process (PID=288) to work on /home/airflow/.local/lib/python3.12/site-packages/airflow/example_dags/example_nested_branch_dag.py
[2024-05-01T10:22:45.110+0000] {processor.py:830} INFO - Processing file /home/airflow/.local/lib/python3.12/site-packages/airflow/example_dags/example_nested_branch_dag.py for tasks to queue
[2024-05-01T10:22:45.111+0000] {logging_mixin.py:188} INFO - [2024-05-01T10:22:45.111+0000] {dagbag.py:540} INFO - Filling up the DagBag from /home/airflow/.local/lib/python3.12/site-packages/airflow/example_dags/example_nested_branch_dag.py
[2024-05-01T10:22:45.121+0000] {processor.py:840} INFO - DAG(s) 'example_nested_branch_dag' retrieved from /home/airflow/.local/lib/python3.12/site-packages/airflow/example_dags/example_nested_branch_dag.py
[2024-05-01T10:22:45.140+0000] {logging_mixin.py:188} INFO - [2024-05-01T10:22:45.140+0000] {dag.py:3096} INFO - Sync 1 DAGs
[2024-05-01T10:22:45.159+0000] {logging_mixin.py:188} INFO - [2024-05-01T10:22:45.158+0000] {dag.py:3954} INFO - Setting next_dagrun for example_nested_branch_dag to 2024-04-30 00:00:00+00:00, run_after=2024-05-01 00:00:00+00:00
[2024-05-01T10:22:45.176+0000] {processor.py:183} INFO - Processing /home/airflow/.local/lib/python3.12/site-packages/airflow/example_dags/example_nested_branch_dag.py took 0.072 seconds
