[2024-05-01T10:20:44.042+0000] {processor.py:161} INFO - Started process (PID=60) to work on /home/airflow/.local/lib/python3.12/site-packages/airflow/example_dags/example_complex.py
[2024-05-01T10:20:44.043+0000] {processor.py:830} INFO - Processing file /home/airflow/.local/lib/python3.12/site-packages/airflow/example_dags/example_complex.py for tasks to queue
[2024-05-01T10:20:44.044+0000] {logging_mixin.py:188} INFO - [2024-05-01T10:20:44.044+0000] {dagbag.py:540} INFO - Filling up the DagBag from /home/airflow/.local/lib/python3.12/site-packages/airflow/example_dags/example_complex.py
[2024-05-01T10:20:44.053+0000] {processor.py:840} INFO - DAG(s) 'example_complex' retrieved from /home/airflow/.local/lib/python3.12/site-packages/airflow/example_dags/example_complex.py
[2024-05-01T10:20:44.154+0000] {logging_mixin.py:188} INFO - [2024-05-01T10:20:44.154+0000] {dag.py:3096} INFO - Sync 1 DAGs
[2024-05-01T10:20:44.163+0000] {logging_mixin.py:188} INFO - [2024-05-01T10:20:44.162+0000] {dag.py:3954} INFO - Setting next_dagrun for example_complex to None, run_after=None
[2024-05-01T10:20:44.179+0000] {processor.py:183} INFO - Processing /home/airflow/.local/lib/python3.12/site-packages/airflow/example_dags/example_complex.py took 0.141 seconds
[2024-05-01T10:21:14.643+0000] {processor.py:161} INFO - Started process (PID=124) to work on /home/airflow/.local/lib/python3.12/site-packages/airflow/example_dags/example_complex.py
[2024-05-01T10:21:14.644+0000] {processor.py:830} INFO - Processing file /home/airflow/.local/lib/python3.12/site-packages/airflow/example_dags/example_complex.py for tasks to queue
[2024-05-01T10:21:14.645+0000] {logging_mixin.py:188} INFO - [2024-05-01T10:21:14.645+0000] {dagbag.py:540} INFO - Filling up the DagBag from /home/airflow/.local/lib/python3.12/site-packages/airflow/example_dags/example_complex.py
[2024-05-01T10:21:14.653+0000] {processor.py:840} INFO - DAG(s) 'example_complex' retrieved from /home/airflow/.local/lib/python3.12/site-packages/airflow/example_dags/example_complex.py
[2024-05-01T10:21:14.677+0000] {logging_mixin.py:188} INFO - [2024-05-01T10:21:14.677+0000] {dag.py:3096} INFO - Sync 1 DAGs
[2024-05-01T10:21:14.689+0000] {logging_mixin.py:188} INFO - [2024-05-01T10:21:14.688+0000] {dag.py:3954} INFO - Setting next_dagrun for example_complex to None, run_after=None
[2024-05-01T10:21:14.702+0000] {processor.py:183} INFO - Processing /home/airflow/.local/lib/python3.12/site-packages/airflow/example_dags/example_complex.py took 0.064 seconds
[2024-05-01T10:21:45.336+0000] {processor.py:161} INFO - Started process (PID=184) to work on /home/airflow/.local/lib/python3.12/site-packages/airflow/example_dags/example_complex.py
[2024-05-01T10:21:45.337+0000] {processor.py:830} INFO - Processing file /home/airflow/.local/lib/python3.12/site-packages/airflow/example_dags/example_complex.py for tasks to queue
[2024-05-01T10:21:45.340+0000] {logging_mixin.py:188} INFO - [2024-05-01T10:21:45.340+0000] {dagbag.py:540} INFO - Filling up the DagBag from /home/airflow/.local/lib/python3.12/site-packages/airflow/example_dags/example_complex.py
[2024-05-01T10:21:45.353+0000] {processor.py:840} INFO - DAG(s) 'example_complex' retrieved from /home/airflow/.local/lib/python3.12/site-packages/airflow/example_dags/example_complex.py
[2024-05-01T10:21:45.394+0000] {logging_mixin.py:188} INFO - [2024-05-01T10:21:45.393+0000] {dag.py:3096} INFO - Sync 1 DAGs
[2024-05-01T10:21:45.407+0000] {logging_mixin.py:188} INFO - [2024-05-01T10:21:45.407+0000] {dag.py:3954} INFO - Setting next_dagrun for example_complex to None, run_after=None
[2024-05-01T10:21:45.426+0000] {processor.py:183} INFO - Processing /home/airflow/.local/lib/python3.12/site-packages/airflow/example_dags/example_complex.py took 0.095 seconds
[2024-05-01T10:22:15.650+0000] {processor.py:161} INFO - Started process (PID=244) to work on /home/airflow/.local/lib/python3.12/site-packages/airflow/example_dags/example_complex.py
[2024-05-01T10:22:15.651+0000] {processor.py:830} INFO - Processing file /home/airflow/.local/lib/python3.12/site-packages/airflow/example_dags/example_complex.py for tasks to queue
[2024-05-01T10:22:15.652+0000] {logging_mixin.py:188} INFO - [2024-05-01T10:22:15.652+0000] {dagbag.py:540} INFO - Filling up the DagBag from /home/airflow/.local/lib/python3.12/site-packages/airflow/example_dags/example_complex.py
[2024-05-01T10:22:15.660+0000] {processor.py:840} INFO - DAG(s) 'example_complex' retrieved from /home/airflow/.local/lib/python3.12/site-packages/airflow/example_dags/example_complex.py
[2024-05-01T10:22:15.686+0000] {logging_mixin.py:188} INFO - [2024-05-01T10:22:15.686+0000] {dag.py:3096} INFO - Sync 1 DAGs
[2024-05-01T10:22:15.697+0000] {logging_mixin.py:188} INFO - [2024-05-01T10:22:15.696+0000] {dag.py:3954} INFO - Setting next_dagrun for example_complex to None, run_after=None
[2024-05-01T10:22:15.712+0000] {processor.py:183} INFO - Processing /home/airflow/.local/lib/python3.12/site-packages/airflow/example_dags/example_complex.py took 0.066 seconds
[2024-05-01T10:22:45.877+0000] {processor.py:161} INFO - Started process (PID=304) to work on /home/airflow/.local/lib/python3.12/site-packages/airflow/example_dags/example_complex.py
[2024-05-01T10:22:45.878+0000] {processor.py:830} INFO - Processing file /home/airflow/.local/lib/python3.12/site-packages/airflow/example_dags/example_complex.py for tasks to queue
[2024-05-01T10:22:45.880+0000] {logging_mixin.py:188} INFO - [2024-05-01T10:22:45.880+0000] {dagbag.py:540} INFO - Filling up the DagBag from /home/airflow/.local/lib/python3.12/site-packages/airflow/example_dags/example_complex.py
[2024-05-01T10:22:45.887+0000] {processor.py:840} INFO - DAG(s) 'example_complex' retrieved from /home/airflow/.local/lib/python3.12/site-packages/airflow/example_dags/example_complex.py
[2024-05-01T10:22:45.911+0000] {logging_mixin.py:188} INFO - [2024-05-01T10:22:45.911+0000] {dag.py:3096} INFO - Sync 1 DAGs
[2024-05-01T10:22:45.920+0000] {logging_mixin.py:188} INFO - [2024-05-01T10:22:45.920+0000] {dag.py:3954} INFO - Setting next_dagrun for example_complex to None, run_after=None
[2024-05-01T10:22:45.936+0000] {processor.py:183} INFO - Processing /home/airflow/.local/lib/python3.12/site-packages/airflow/example_dags/example_complex.py took 0.063 seconds
