[2024-05-01T10:20:46.114+0000] {processor.py:161} INFO - Started process (PID=86) to work on /home/airflow/.local/lib/python3.12/site-packages/airflow/example_dags/example_params_trigger_ui.py
[2024-05-01T10:20:46.114+0000] {processor.py:830} INFO - Processing file /home/airflow/.local/lib/python3.12/site-packages/airflow/example_dags/example_params_trigger_ui.py for tasks to queue
[2024-05-01T10:20:46.116+0000] {logging_mixin.py:188} INFO - [2024-05-01T10:20:46.115+0000] {dagbag.py:540} INFO - Filling up the DagBag from /home/airflow/.local/lib/python3.12/site-packages/airflow/example_dags/example_params_trigger_ui.py
[2024-05-01T10:20:46.125+0000] {processor.py:840} INFO - DAG(s) 'example_params_trigger_ui' retrieved from /home/airflow/.local/lib/python3.12/site-packages/airflow/example_dags/example_params_trigger_ui.py
[2024-05-01T10:20:46.219+0000] {logging_mixin.py:188} INFO - [2024-05-01T10:20:46.219+0000] {dag.py:3096} INFO - Sync 1 DAGs
[2024-05-01T10:20:46.227+0000] {logging_mixin.py:188} INFO - [2024-05-01T10:20:46.227+0000] {dag.py:3954} INFO - Setting next_dagrun for example_params_trigger_ui to None, run_after=None
[2024-05-01T10:20:46.243+0000] {processor.py:183} INFO - Processing /home/airflow/.local/lib/python3.12/site-packages/airflow/example_dags/example_params_trigger_ui.py took 0.134 seconds
[2024-05-01T10:21:16.671+0000] {processor.py:161} INFO - Started process (PID=150) to work on /home/airflow/.local/lib/python3.12/site-packages/airflow/example_dags/example_params_trigger_ui.py
[2024-05-01T10:21:16.671+0000] {processor.py:830} INFO - Processing file /home/airflow/.local/lib/python3.12/site-packages/airflow/example_dags/example_params_trigger_ui.py for tasks to queue
[2024-05-01T10:21:16.672+0000] {logging_mixin.py:188} INFO - [2024-05-01T10:21:16.672+0000] {dagbag.py:540} INFO - Filling up the DagBag from /home/airflow/.local/lib/python3.12/site-packages/airflow/example_dags/example_params_trigger_ui.py
[2024-05-01T10:21:16.682+0000] {processor.py:840} INFO - DAG(s) 'example_params_trigger_ui' retrieved from /home/airflow/.local/lib/python3.12/site-packages/airflow/example_dags/example_params_trigger_ui.py
[2024-05-01T10:21:16.713+0000] {logging_mixin.py:188} INFO - [2024-05-01T10:21:16.713+0000] {dag.py:3096} INFO - Sync 1 DAGs
[2024-05-01T10:21:16.722+0000] {logging_mixin.py:188} INFO - [2024-05-01T10:21:16.722+0000] {dag.py:3954} INFO - Setting next_dagrun for example_params_trigger_ui to None, run_after=None
[2024-05-01T10:21:16.736+0000] {processor.py:183} INFO - Processing /home/airflow/.local/lib/python3.12/site-packages/airflow/example_dags/example_params_trigger_ui.py took 0.070 seconds
[2024-05-01T10:21:47.395+0000] {processor.py:161} INFO - Started process (PID=210) to work on /home/airflow/.local/lib/python3.12/site-packages/airflow/example_dags/example_params_trigger_ui.py
[2024-05-01T10:21:47.396+0000] {processor.py:830} INFO - Processing file /home/airflow/.local/lib/python3.12/site-packages/airflow/example_dags/example_params_trigger_ui.py for tasks to queue
[2024-05-01T10:21:47.397+0000] {logging_mixin.py:188} INFO - [2024-05-01T10:21:47.397+0000] {dagbag.py:540} INFO - Filling up the DagBag from /home/airflow/.local/lib/python3.12/site-packages/airflow/example_dags/example_params_trigger_ui.py
[2024-05-01T10:21:47.407+0000] {processor.py:840} INFO - DAG(s) 'example_params_trigger_ui' retrieved from /home/airflow/.local/lib/python3.12/site-packages/airflow/example_dags/example_params_trigger_ui.py
[2024-05-01T10:21:47.437+0000] {logging_mixin.py:188} INFO - [2024-05-01T10:21:47.437+0000] {dag.py:3096} INFO - Sync 1 DAGs
[2024-05-01T10:21:47.446+0000] {logging_mixin.py:188} INFO - [2024-05-01T10:21:47.446+0000] {dag.py:3954} INFO - Setting next_dagrun for example_params_trigger_ui to None, run_after=None
[2024-05-01T10:21:47.460+0000] {processor.py:183} INFO - Processing /home/airflow/.local/lib/python3.12/site-packages/airflow/example_dags/example_params_trigger_ui.py took 0.069 seconds
[2024-05-01T10:22:17.769+0000] {processor.py:161} INFO - Started process (PID=270) to work on /home/airflow/.local/lib/python3.12/site-packages/airflow/example_dags/example_params_trigger_ui.py
[2024-05-01T10:22:17.769+0000] {processor.py:830} INFO - Processing file /home/airflow/.local/lib/python3.12/site-packages/airflow/example_dags/example_params_trigger_ui.py for tasks to queue
[2024-05-01T10:22:17.771+0000] {logging_mixin.py:188} INFO - [2024-05-01T10:22:17.770+0000] {dagbag.py:540} INFO - Filling up the DagBag from /home/airflow/.local/lib/python3.12/site-packages/airflow/example_dags/example_params_trigger_ui.py
[2024-05-01T10:22:17.783+0000] {processor.py:840} INFO - DAG(s) 'example_params_trigger_ui' retrieved from /home/airflow/.local/lib/python3.12/site-packages/airflow/example_dags/example_params_trigger_ui.py
[2024-05-01T10:22:17.817+0000] {logging_mixin.py:188} INFO - [2024-05-01T10:22:17.817+0000] {dag.py:3096} INFO - Sync 1 DAGs
[2024-05-01T10:22:17.829+0000] {logging_mixin.py:188} INFO - [2024-05-01T10:22:17.828+0000] {dag.py:3954} INFO - Setting next_dagrun for example_params_trigger_ui to None, run_after=None
[2024-05-01T10:22:17.845+0000] {processor.py:183} INFO - Processing /home/airflow/.local/lib/python3.12/site-packages/airflow/example_dags/example_params_trigger_ui.py took 0.080 seconds
[2024-05-01T10:22:48.005+0000] {processor.py:161} INFO - Started process (PID=330) to work on /home/airflow/.local/lib/python3.12/site-packages/airflow/example_dags/example_params_trigger_ui.py
[2024-05-01T10:22:48.005+0000] {processor.py:830} INFO - Processing file /home/airflow/.local/lib/python3.12/site-packages/airflow/example_dags/example_params_trigger_ui.py for tasks to queue
[2024-05-01T10:22:48.007+0000] {logging_mixin.py:188} INFO - [2024-05-01T10:22:48.007+0000] {dagbag.py:540} INFO - Filling up the DagBag from /home/airflow/.local/lib/python3.12/site-packages/airflow/example_dags/example_params_trigger_ui.py
[2024-05-01T10:22:48.017+0000] {processor.py:840} INFO - DAG(s) 'example_params_trigger_ui' retrieved from /home/airflow/.local/lib/python3.12/site-packages/airflow/example_dags/example_params_trigger_ui.py
[2024-05-01T10:22:48.049+0000] {logging_mixin.py:188} INFO - [2024-05-01T10:22:48.049+0000] {dag.py:3096} INFO - Sync 1 DAGs
[2024-05-01T10:22:48.058+0000] {logging_mixin.py:188} INFO - [2024-05-01T10:22:48.058+0000] {dag.py:3954} INFO - Setting next_dagrun for example_params_trigger_ui to None, run_after=None
[2024-05-01T10:22:48.077+0000] {processor.py:183} INFO - Processing /home/airflow/.local/lib/python3.12/site-packages/airflow/example_dags/example_params_trigger_ui.py took 0.077 seconds
