[2024-05-01T10:20:45.645+0000] {processor.py:161} INFO - Started process (PID=80) to work on /home/airflow/.local/lib/python3.12/site-packages/airflow/example_dags/example_branch_python_dop_operator_3.py
[2024-05-01T10:20:45.645+0000] {processor.py:830} INFO - Processing file /home/airflow/.local/lib/python3.12/site-packages/airflow/example_dags/example_branch_python_dop_operator_3.py for tasks to queue
[2024-05-01T10:20:45.647+0000] {logging_mixin.py:188} INFO - [2024-05-01T10:20:45.647+0000] {dagbag.py:540} INFO - Filling up the DagBag from /home/airflow/.local/lib/python3.12/site-packages/airflow/example_dags/example_branch_python_dop_operator_3.py
[2024-05-01T10:20:45.653+0000] {processor.py:840} INFO - DAG(s) 'example_branch_dop_operator_v3' retrieved from /home/airflow/.local/lib/python3.12/site-packages/airflow/example_dags/example_branch_python_dop_operator_3.py
[2024-05-01T10:20:45.732+0000] {logging_mixin.py:188} INFO - [2024-05-01T10:20:45.732+0000] {dag.py:3096} INFO - Sync 1 DAGs
[2024-05-01T10:20:45.750+0000] {logging_mixin.py:188} INFO - [2024-05-01T10:20:45.750+0000] {dag.py:3954} INFO - Setting next_dagrun for example_branch_dop_operator_v3 to 2024-05-01 10:19:00+00:00, run_after=2024-05-01 10:20:00+00:00
[2024-05-01T10:20:45.766+0000] {processor.py:183} INFO - Processing /home/airflow/.local/lib/python3.12/site-packages/airflow/example_dags/example_branch_python_dop_operator_3.py took 0.126 seconds
[2024-05-01T10:21:16.349+0000] {processor.py:161} INFO - Started process (PID=144) to work on /home/airflow/.local/lib/python3.12/site-packages/airflow/example_dags/example_branch_python_dop_operator_3.py
[2024-05-01T10:21:16.349+0000] {processor.py:830} INFO - Processing file /home/airflow/.local/lib/python3.12/site-packages/airflow/example_dags/example_branch_python_dop_operator_3.py for tasks to queue
[2024-05-01T10:21:16.350+0000] {logging_mixin.py:188} INFO - [2024-05-01T10:21:16.350+0000] {dagbag.py:540} INFO - Filling up the DagBag from /home/airflow/.local/lib/python3.12/site-packages/airflow/example_dags/example_branch_python_dop_operator_3.py
[2024-05-01T10:21:16.357+0000] {processor.py:840} INFO - DAG(s) 'example_branch_dop_operator_v3' retrieved from /home/airflow/.local/lib/python3.12/site-packages/airflow/example_dags/example_branch_python_dop_operator_3.py
[2024-05-01T10:21:16.372+0000] {logging_mixin.py:188} INFO - [2024-05-01T10:21:16.372+0000] {dag.py:3096} INFO - Sync 1 DAGs
[2024-05-01T10:21:16.390+0000] {logging_mixin.py:188} INFO - [2024-05-01T10:21:16.390+0000] {dag.py:3954} INFO - Setting next_dagrun for example_branch_dop_operator_v3 to 2024-05-01 10:20:00+00:00, run_after=2024-05-01 10:21:00+00:00
[2024-05-01T10:21:16.402+0000] {processor.py:183} INFO - Processing /home/airflow/.local/lib/python3.12/site-packages/airflow/example_dags/example_branch_python_dop_operator_3.py took 0.057 seconds
[2024-05-01T10:21:47.126+0000] {processor.py:161} INFO - Started process (PID=204) to work on /home/airflow/.local/lib/python3.12/site-packages/airflow/example_dags/example_branch_python_dop_operator_3.py
[2024-05-01T10:21:47.127+0000] {processor.py:830} INFO - Processing file /home/airflow/.local/lib/python3.12/site-packages/airflow/example_dags/example_branch_python_dop_operator_3.py for tasks to queue
[2024-05-01T10:21:47.128+0000] {logging_mixin.py:188} INFO - [2024-05-01T10:21:47.128+0000] {dagbag.py:540} INFO - Filling up the DagBag from /home/airflow/.local/lib/python3.12/site-packages/airflow/example_dags/example_branch_python_dop_operator_3.py
[2024-05-01T10:21:47.135+0000] {processor.py:840} INFO - DAG(s) 'example_branch_dop_operator_v3' retrieved from /home/airflow/.local/lib/python3.12/site-packages/airflow/example_dags/example_branch_python_dop_operator_3.py
[2024-05-01T10:21:47.149+0000] {logging_mixin.py:188} INFO - [2024-05-01T10:21:47.148+0000] {dag.py:3096} INFO - Sync 1 DAGs
[2024-05-01T10:21:47.166+0000] {logging_mixin.py:188} INFO - [2024-05-01T10:21:47.166+0000] {dag.py:3954} INFO - Setting next_dagrun for example_branch_dop_operator_v3 to 2024-05-01 10:20:00+00:00, run_after=2024-05-01 10:21:00+00:00
[2024-05-01T10:21:47.179+0000] {processor.py:183} INFO - Processing /home/airflow/.local/lib/python3.12/site-packages/airflow/example_dags/example_branch_python_dop_operator_3.py took 0.057 seconds
[2024-05-01T10:22:17.426+0000] {processor.py:161} INFO - Started process (PID=264) to work on /home/airflow/.local/lib/python3.12/site-packages/airflow/example_dags/example_branch_python_dop_operator_3.py
[2024-05-01T10:22:17.426+0000] {processor.py:830} INFO - Processing file /home/airflow/.local/lib/python3.12/site-packages/airflow/example_dags/example_branch_python_dop_operator_3.py for tasks to queue
[2024-05-01T10:22:17.427+0000] {logging_mixin.py:188} INFO - [2024-05-01T10:22:17.427+0000] {dagbag.py:540} INFO - Filling up the DagBag from /home/airflow/.local/lib/python3.12/site-packages/airflow/example_dags/example_branch_python_dop_operator_3.py
[2024-05-01T10:22:17.434+0000] {processor.py:840} INFO - DAG(s) 'example_branch_dop_operator_v3' retrieved from /home/airflow/.local/lib/python3.12/site-packages/airflow/example_dags/example_branch_python_dop_operator_3.py
[2024-05-01T10:22:17.449+0000] {logging_mixin.py:188} INFO - [2024-05-01T10:22:17.449+0000] {dag.py:3096} INFO - Sync 1 DAGs
[2024-05-01T10:22:17.469+0000] {logging_mixin.py:188} INFO - [2024-05-01T10:22:17.469+0000] {dag.py:3954} INFO - Setting next_dagrun for example_branch_dop_operator_v3 to 2024-05-01 10:21:00+00:00, run_after=2024-05-01 10:22:00+00:00
[2024-05-01T10:22:17.483+0000] {processor.py:183} INFO - Processing /home/airflow/.local/lib/python3.12/site-packages/airflow/example_dags/example_branch_python_dop_operator_3.py took 0.062 seconds
[2024-05-01T10:22:47.739+0000] {processor.py:161} INFO - Started process (PID=324) to work on /home/airflow/.local/lib/python3.12/site-packages/airflow/example_dags/example_branch_python_dop_operator_3.py
[2024-05-01T10:22:47.740+0000] {processor.py:830} INFO - Processing file /home/airflow/.local/lib/python3.12/site-packages/airflow/example_dags/example_branch_python_dop_operator_3.py for tasks to queue
[2024-05-01T10:22:47.742+0000] {logging_mixin.py:188} INFO - [2024-05-01T10:22:47.741+0000] {dagbag.py:540} INFO - Filling up the DagBag from /home/airflow/.local/lib/python3.12/site-packages/airflow/example_dags/example_branch_python_dop_operator_3.py
[2024-05-01T10:22:47.748+0000] {processor.py:840} INFO - DAG(s) 'example_branch_dop_operator_v3' retrieved from /home/airflow/.local/lib/python3.12/site-packages/airflow/example_dags/example_branch_python_dop_operator_3.py
[2024-05-01T10:22:47.764+0000] {logging_mixin.py:188} INFO - [2024-05-01T10:22:47.763+0000] {dag.py:3096} INFO - Sync 1 DAGs
[2024-05-01T10:22:47.783+0000] {logging_mixin.py:188} INFO - [2024-05-01T10:22:47.783+0000] {dag.py:3954} INFO - Setting next_dagrun for example_branch_dop_operator_v3 to 2024-05-01 10:21:00+00:00, run_after=2024-05-01 10:22:00+00:00
[2024-05-01T10:22:47.797+0000] {processor.py:183} INFO - Processing /home/airflow/.local/lib/python3.12/site-packages/airflow/example_dags/example_branch_python_dop_operator_3.py took 0.062 seconds
