[2024-05-01T10:20:43.908+0000] {processor.py:161} INFO - Started process (PID=58) to work on /home/airflow/.local/lib/python3.12/site-packages/airflow/example_dags/tutorial_dag.py
[2024-05-01T10:20:43.908+0000] {processor.py:830} INFO - Processing file /home/airflow/.local/lib/python3.12/site-packages/airflow/example_dags/tutorial_dag.py for tasks to queue
[2024-05-01T10:20:43.910+0000] {logging_mixin.py:188} INFO - [2024-05-01T10:20:43.909+0000] {dagbag.py:540} INFO - Filling up the DagBag from /home/airflow/.local/lib/python3.12/site-packages/airflow/example_dags/tutorial_dag.py
[2024-05-01T10:20:43.914+0000] {processor.py:840} INFO - DAG(s) 'tutorial_dag' retrieved from /home/airflow/.local/lib/python3.12/site-packages/airflow/example_dags/tutorial_dag.py
[2024-05-01T10:20:44.001+0000] {logging_mixin.py:188} INFO - [2024-05-01T10:20:44.001+0000] {dag.py:3096} INFO - Sync 1 DAGs
[2024-05-01T10:20:44.010+0000] {logging_mixin.py:188} INFO - [2024-05-01T10:20:44.010+0000] {dag.py:3954} INFO - Setting next_dagrun for tutorial_dag to None, run_after=None
[2024-05-01T10:20:44.024+0000] {processor.py:183} INFO - Processing /home/airflow/.local/lib/python3.12/site-packages/airflow/example_dags/tutorial_dag.py took 0.121 seconds
[2024-05-01T10:21:14.576+0000] {processor.py:161} INFO - Started process (PID=122) to work on /home/airflow/.local/lib/python3.12/site-packages/airflow/example_dags/tutorial_dag.py
[2024-05-01T10:21:14.577+0000] {processor.py:830} INFO - Processing file /home/airflow/.local/lib/python3.12/site-packages/airflow/example_dags/tutorial_dag.py for tasks to queue
[2024-05-01T10:21:14.578+0000] {logging_mixin.py:188} INFO - [2024-05-01T10:21:14.578+0000] {dagbag.py:540} INFO - Filling up the DagBag from /home/airflow/.local/lib/python3.12/site-packages/airflow/example_dags/tutorial_dag.py
[2024-05-01T10:21:14.582+0000] {processor.py:840} INFO - DAG(s) 'tutorial_dag' retrieved from /home/airflow/.local/lib/python3.12/site-packages/airflow/example_dags/tutorial_dag.py
[2024-05-01T10:21:14.599+0000] {logging_mixin.py:188} INFO - [2024-05-01T10:21:14.599+0000] {dag.py:3096} INFO - Sync 1 DAGs
[2024-05-01T10:21:14.609+0000] {logging_mixin.py:188} INFO - [2024-05-01T10:21:14.609+0000] {dag.py:3954} INFO - Setting next_dagrun for tutorial_dag to None, run_after=None
[2024-05-01T10:21:14.624+0000] {processor.py:183} INFO - Processing /home/airflow/.local/lib/python3.12/site-packages/airflow/example_dags/tutorial_dag.py took 0.052 seconds
[2024-05-01T10:21:45.186+0000] {processor.py:161} INFO - Started process (PID=182) to work on /home/airflow/.local/lib/python3.12/site-packages/airflow/example_dags/tutorial_dag.py
[2024-05-01T10:21:45.187+0000] {processor.py:830} INFO - Processing file /home/airflow/.local/lib/python3.12/site-packages/airflow/example_dags/tutorial_dag.py for tasks to queue
[2024-05-01T10:21:45.188+0000] {logging_mixin.py:188} INFO - [2024-05-01T10:21:45.188+0000] {dagbag.py:540} INFO - Filling up the DagBag from /home/airflow/.local/lib/python3.12/site-packages/airflow/example_dags/tutorial_dag.py
[2024-05-01T10:21:45.192+0000] {processor.py:840} INFO - DAG(s) 'tutorial_dag' retrieved from /home/airflow/.local/lib/python3.12/site-packages/airflow/example_dags/tutorial_dag.py
[2024-05-01T10:21:45.208+0000] {logging_mixin.py:188} INFO - [2024-05-01T10:21:45.207+0000] {dag.py:3096} INFO - Sync 1 DAGs
[2024-05-01T10:21:45.218+0000] {logging_mixin.py:188} INFO - [2024-05-01T10:21:45.217+0000] {dag.py:3954} INFO - Setting next_dagrun for tutorial_dag to None, run_after=None
[2024-05-01T10:21:45.233+0000] {processor.py:183} INFO - Processing /home/airflow/.local/lib/python3.12/site-packages/airflow/example_dags/tutorial_dag.py took 0.052 seconds
[2024-05-01T10:22:15.581+0000] {processor.py:161} INFO - Started process (PID=242) to work on /home/airflow/.local/lib/python3.12/site-packages/airflow/example_dags/tutorial_dag.py
[2024-05-01T10:22:15.581+0000] {processor.py:830} INFO - Processing file /home/airflow/.local/lib/python3.12/site-packages/airflow/example_dags/tutorial_dag.py for tasks to queue
[2024-05-01T10:22:15.583+0000] {logging_mixin.py:188} INFO - [2024-05-01T10:22:15.583+0000] {dagbag.py:540} INFO - Filling up the DagBag from /home/airflow/.local/lib/python3.12/site-packages/airflow/example_dags/tutorial_dag.py
[2024-05-01T10:22:15.587+0000] {processor.py:840} INFO - DAG(s) 'tutorial_dag' retrieved from /home/airflow/.local/lib/python3.12/site-packages/airflow/example_dags/tutorial_dag.py
[2024-05-01T10:22:15.603+0000] {logging_mixin.py:188} INFO - [2024-05-01T10:22:15.603+0000] {dag.py:3096} INFO - Sync 1 DAGs
[2024-05-01T10:22:15.615+0000] {logging_mixin.py:188} INFO - [2024-05-01T10:22:15.615+0000] {dag.py:3954} INFO - Setting next_dagrun for tutorial_dag to None, run_after=None
[2024-05-01T10:22:15.632+0000] {processor.py:183} INFO - Processing /home/airflow/.local/lib/python3.12/site-packages/airflow/example_dags/tutorial_dag.py took 0.056 seconds
[2024-05-01T10:22:45.736+0000] {processor.py:161} INFO - Started process (PID=302) to work on /home/airflow/.local/lib/python3.12/site-packages/airflow/example_dags/tutorial_dag.py
[2024-05-01T10:22:45.737+0000] {processor.py:830} INFO - Processing file /home/airflow/.local/lib/python3.12/site-packages/airflow/example_dags/tutorial_dag.py for tasks to queue
[2024-05-01T10:22:45.739+0000] {logging_mixin.py:188} INFO - [2024-05-01T10:22:45.739+0000] {dagbag.py:540} INFO - Filling up the DagBag from /home/airflow/.local/lib/python3.12/site-packages/airflow/example_dags/tutorial_dag.py
[2024-05-01T10:22:45.744+0000] {processor.py:840} INFO - DAG(s) 'tutorial_dag' retrieved from /home/airflow/.local/lib/python3.12/site-packages/airflow/example_dags/tutorial_dag.py
[2024-05-01T10:22:45.760+0000] {logging_mixin.py:188} INFO - [2024-05-01T10:22:45.760+0000] {dag.py:3096} INFO - Sync 1 DAGs
[2024-05-01T10:22:45.770+0000] {logging_mixin.py:188} INFO - [2024-05-01T10:22:45.770+0000] {dag.py:3954} INFO - Setting next_dagrun for tutorial_dag to None, run_after=None
[2024-05-01T10:22:45.787+0000] {processor.py:183} INFO - Processing /home/airflow/.local/lib/python3.12/site-packages/airflow/example_dags/tutorial_dag.py took 0.055 seconds
