[2024-04-28T15:57:21.854+0000] {local_task_job_runner.py:120} INFO - ::group::Pre task execution logs
[2024-04-28T15:57:21.871+0000] {taskinstance.py:2073} INFO - Dependencies all met for dep_context=non-requeueable deps ti=<TaskInstance: Final_exam.ending manual__2024-04-28T15:54:31.319561+00:00 [queued]>
[2024-04-28T15:57:21.879+0000] {taskinstance.py:2073} INFO - Dependencies all met for dep_context=requeueable deps ti=<TaskInstance: Final_exam.ending manual__2024-04-28T15:54:31.319561+00:00 [queued]>
[2024-04-28T15:57:21.880+0000] {taskinstance.py:2303} INFO - Starting attempt 1 of 2
[2024-04-28T15:57:21.890+0000] {taskinstance.py:2327} INFO - Executing <Task(BashOperator): ending> on 2024-04-28 15:54:31.319561+00:00
[2024-04-28T15:57:21.902+0000] {warnings.py:110} WARNING - /home/***/.local/lib/python3.12/site-packages/***/task/task_runner/standard_task_runner.py:61: DeprecationWarning: This process (pid=208) is multi-threaded, use of fork() may lead to deadlocks in the child.
  pid = os.fork()

[2024-04-28T15:57:21.903+0000] {standard_task_runner.py:90} INFO - Running: ['***', 'tasks', 'run', 'Final_exam', 'ending', 'manual__2024-04-28T15:54:31.319561+00:00', '--job-id', '19', '--raw', '--subdir', 'DAGS_FOLDER/Project.py', '--cfg-path', '/tmp/tmpe0441xoz']
[2024-04-28T15:57:21.904+0000] {standard_task_runner.py:91} INFO - Job 19: Subtask ending
[2024-04-28T15:57:21.904+0000] {standard_task_runner.py:63} INFO - Started process 210 to run task
[2024-04-28T15:57:21.949+0000] {task_command.py:426} INFO - Running <TaskInstance: Final_exam.ending manual__2024-04-28T15:54:31.319561+00:00 [running]> on host 73ada3aeb297
[2024-04-28T15:57:22.030+0000] {taskinstance.py:2644} INFO - Exporting env vars: AIRFLOW_CTX_DAG_EMAIL='ha20040204@gmail.com' AIRFLOW_CTX_DAG_OWNER='HA' AIRFLOW_CTX_DAG_ID='Final_exam' AIRFLOW_CTX_TASK_ID='ending' AIRFLOW_CTX_EXECUTION_DATE='2024-04-28T15:54:31.319561+00:00' AIRFLOW_CTX_TRY_NUMBER='1' AIRFLOW_CTX_DAG_RUN_ID='manual__2024-04-28T15:54:31.319561+00:00'
[2024-04-28T15:57:22.032+0000] {taskinstance.py:430} INFO - ::endgroup::
[2024-04-28T15:57:22.032+0000] {subprocess.py:63} INFO - Tmp dir root location: /tmp
[2024-04-28T15:57:22.033+0000] {subprocess.py:75} INFO - Running command: ['/usr/bin/bash', '-c', 'echo "Completed"']
[2024-04-28T15:57:22.047+0000] {subprocess.py:86} INFO - Output:
[2024-04-28T15:57:22.048+0000] {subprocess.py:93} INFO - Completed
[2024-04-28T15:57:22.049+0000] {subprocess.py:97} INFO - Command exited with return code 0
[2024-04-28T15:57:22.049+0000] {taskinstance.py:441} INFO - ::group::Post task execution logs
[2024-04-28T15:57:22.071+0000] {taskinstance.py:1205} INFO - Marking task as SUCCESS. dag_id=Final_exam, task_id=ending, execution_date=20240428T155431, start_date=20240428T155721, end_date=20240428T155722
[2024-04-28T15:57:22.118+0000] {local_task_job_runner.py:240} INFO - Task exited with return code 0
[2024-04-28T15:57:22.131+0000] {taskinstance.py:3482} INFO - 0 downstream tasks scheduled from follow-on schedule check
[2024-04-28T15:57:22.133+0000] {local_task_job_runner.py:222} INFO - ::endgroup::
