[2024-05-05T18:39:00.759+0000] {local_task_job_runner.py:120} INFO - ::group::Pre task execution logs
[2024-05-05T18:39:00.781+0000] {taskinstance.py:2073} INFO - Dependencies all met for dep_context=non-requeueable deps ti=<TaskInstance: Final_exam.craw_data manual__2024-05-05T18:38:56.342558+00:00 [queued]>
[2024-05-05T18:39:00.792+0000] {taskinstance.py:2073} INFO - Dependencies all met for dep_context=requeueable deps ti=<TaskInstance: Final_exam.craw_data manual__2024-05-05T18:38:56.342558+00:00 [queued]>
[2024-05-05T18:39:00.792+0000] {taskinstance.py:2303} INFO - Starting attempt 1 of 2
[2024-05-05T18:39:00.814+0000] {taskinstance.py:2327} INFO - Executing <Task(PythonOperator): craw_data> on 2024-05-05 18:38:56.342558+00:00
[2024-05-05T18:39:00.820+0000] {warnings.py:110} WARNING - /home/***/.local/lib/python3.12/site-packages/***/task/task_runner/standard_task_runner.py:61: DeprecationWarning: This process (pid=78) is multi-threaded, use of fork() may lead to deadlocks in the child.
  pid = os.fork()

[2024-05-05T18:39:00.821+0000] {standard_task_runner.py:63} INFO - Started process 88 to run task
[2024-05-05T18:39:00.823+0000] {standard_task_runner.py:90} INFO - Running: ['***', 'tasks', 'run', 'Final_exam', 'craw_data', 'manual__2024-05-05T18:38:56.342558+00:00', '--job-id', '10', '--raw', '--subdir', 'DAGS_FOLDER/Project.py', '--cfg-path', '/tmp/tmparufk7_l']
[2024-05-05T18:39:00.824+0000] {standard_task_runner.py:91} INFO - Job 10: Subtask craw_data
[2024-05-05T18:39:00.862+0000] {task_command.py:426} INFO - Running <TaskInstance: Final_exam.craw_data manual__2024-05-05T18:38:56.342558+00:00 [running]> on host 0d2f9ca33b23
[2024-05-05T18:39:00.927+0000] {taskinstance.py:2644} INFO - Exporting env vars: AIRFLOW_CTX_DAG_EMAIL='ha20040204@gmail.com' AIRFLOW_CTX_DAG_OWNER='HA' AIRFLOW_CTX_DAG_ID='Final_exam' AIRFLOW_CTX_TASK_ID='craw_data' AIRFLOW_CTX_EXECUTION_DATE='2024-05-05T18:38:56.342558+00:00' AIRFLOW_CTX_TRY_NUMBER='1' AIRFLOW_CTX_DAG_RUN_ID='manual__2024-05-05T18:38:56.342558+00:00'
[2024-05-05T18:39:00.929+0000] {taskinstance.py:430} INFO - ::endgroup::
[2024-05-05T18:39:02.038+0000] {logging_mixin.py:188} WARNING - [*********************100%%**********************]  1 of 1 completed
[2024-05-05T18:39:02.824+0000] {logging_mixin.py:188} WARNING - [*********************100%%**********************]  1 of 1 completed
[2024-05-05T18:39:03.342+0000] {logging_mixin.py:188} WARNING - [*********************100%%**********************]  1 of 1 completed
[2024-05-05T18:39:03.901+0000] {logging_mixin.py:188} WARNING - [*********************100%%**********************]  1 of 1 completed
[2024-05-05T18:39:04.147+0000] {logging_mixin.py:188} WARNING - [*********************100%%**********************]  1 of 1 completed
[2024-05-05T18:39:04.279+0000] {logging_mixin.py:188} WARNING - [*********************100%%**********************]  1 of 1 completed
[2024-05-05T18:39:04.681+0000] {logging_mixin.py:188} WARNING - [*********************100%%**********************]  1 of 1 completed
[2024-05-05T18:39:04.992+0000] {logging_mixin.py:188} WARNING - [*********************100%%**********************]  1 of 1 completed
[2024-05-05T18:39:06.759+0000] {logging_mixin.py:188} WARNING - [*********************100%%**********************]  1 of 1 completed
[2024-05-05T18:39:06.759+0000] {multi.py:182} ERROR - 
1 Failed download:
[2024-05-05T18:39:06.759+0000] {multi.py:195} ERROR - ['BVH']: Exception('%ticker%: No timezone found, symbol may be delisted')
[2024-05-05T18:39:07.146+0000] {logging_mixin.py:188} WARNING - [*********************100%%**********************]  1 of 1 completed
[2024-05-05T18:39:07.153+0000] {logging_mixin.py:188} INFO - Successfully.
[2024-05-05T18:39:07.153+0000] {python.py:237} INFO - Done. Returned value was: True
[2024-05-05T18:39:07.153+0000] {taskinstance.py:441} INFO - ::group::Post task execution logs
[2024-05-05T18:39:07.168+0000] {taskinstance.py:1205} INFO - Marking task as SUCCESS. dag_id=Final_exam, task_id=craw_data, execution_date=20240505T183856, start_date=20240505T183900, end_date=20240505T183907
[2024-05-05T18:39:07.206+0000] {local_task_job_runner.py:240} INFO - Task exited with return code 0
[2024-05-05T18:39:07.223+0000] {taskinstance.py:3482} INFO - 1 downstream tasks scheduled from follow-on schedule check
[2024-05-05T18:39:07.224+0000] {local_task_job_runner.py:222} INFO - ::endgroup::
