[2024-05-05T18:39:08.786+0000] {local_task_job_runner.py:120} INFO - ::group::Pre task execution logs
[2024-05-05T18:39:08.804+0000] {taskinstance.py:2073} INFO - Dependencies all met for dep_context=non-requeueable deps ti=<TaskInstance: Final_exam.clean_data manual__2024-05-05T18:38:56.342558+00:00 [queued]>
[2024-05-05T18:39:08.810+0000] {taskinstance.py:2073} INFO - Dependencies all met for dep_context=requeueable deps ti=<TaskInstance: Final_exam.clean_data manual__2024-05-05T18:38:56.342558+00:00 [queued]>
[2024-05-05T18:39:08.810+0000] {taskinstance.py:2303} INFO - Starting attempt 1 of 2
[2024-05-05T18:39:08.821+0000] {taskinstance.py:2327} INFO - Executing <Task(PythonOperator): clean_data> on 2024-05-05 18:38:56.342558+00:00
[2024-05-05T18:39:08.828+0000] {warnings.py:110} WARNING - /home/***/.local/lib/python3.12/site-packages/***/task/task_runner/standard_task_runner.py:61: DeprecationWarning: This process (pid=109) is multi-threaded, use of fork() may lead to deadlocks in the child.
  pid = os.fork()

[2024-05-05T18:39:08.829+0000] {standard_task_runner.py:63} INFO - Started process 114 to run task
[2024-05-05T18:39:08.830+0000] {standard_task_runner.py:90} INFO - Running: ['***', 'tasks', 'run', 'Final_exam', 'clean_data', 'manual__2024-05-05T18:38:56.342558+00:00', '--job-id', '12', '--raw', '--subdir', 'DAGS_FOLDER/Project.py', '--cfg-path', '/tmp/tmpwfrmh20f']
[2024-05-05T18:39:08.830+0000] {standard_task_runner.py:91} INFO - Job 12: Subtask clean_data
[2024-05-05T18:39:08.861+0000] {task_command.py:426} INFO - Running <TaskInstance: Final_exam.clean_data manual__2024-05-05T18:38:56.342558+00:00 [running]> on host 0d2f9ca33b23
[2024-05-05T18:39:08.916+0000] {taskinstance.py:2644} INFO - Exporting env vars: AIRFLOW_CTX_DAG_EMAIL='ha20040204@gmail.com' AIRFLOW_CTX_DAG_OWNER='HA' AIRFLOW_CTX_DAG_ID='Final_exam' AIRFLOW_CTX_TASK_ID='clean_data' AIRFLOW_CTX_EXECUTION_DATE='2024-05-05T18:38:56.342558+00:00' AIRFLOW_CTX_TRY_NUMBER='1' AIRFLOW_CTX_DAG_RUN_ID='manual__2024-05-05T18:38:56.342558+00:00'
[2024-05-05T18:39:08.916+0000] {taskinstance.py:430} INFO - ::endgroup::
[2024-05-05T18:39:08.930+0000] {warnings.py:110} WARNING - /opt/***/dags/Project.py:38: FutureWarning: Series.__getitem__ treating keys as positions is deprecated. In a future version, integer keys will always be treated as labels (consistent with DataFrame behavior). To access a value by position, use `ser.iloc[pos]`
  ls.append(round(data.iloc[i][4] - data.iloc[i + 1][4], 2))

[2024-05-05T18:39:08.931+0000] {warnings.py:110} WARNING - /opt/***/dags/Project.py:39: FutureWarning: Series.__getitem__ treating keys as positions is deprecated. In a future version, integer keys will always be treated as labels (consistent with DataFrame behavior). To access a value by position, use `ser.iloc[pos]`
  ls_rate.append(str(round(ls[i] / data.iloc[i + 1][4] * 100, 2)) + '%')

[2024-05-05T18:39:10.429+0000] {warnings.py:110} WARNING - /opt/***/dags/Project.py:38: FutureWarning: Series.__getitem__ treating keys as positions is deprecated. In a future version, integer keys will always be treated as labels (consistent with DataFrame behavior). To access a value by position, use `ser.iloc[pos]`
  ls.append(round(data.iloc[i][4] - data.iloc[i + 1][4], 2))

[2024-05-05T18:39:10.429+0000] {warnings.py:110} WARNING - /opt/***/dags/Project.py:39: FutureWarning: Series.__getitem__ treating keys as positions is deprecated. In a future version, integer keys will always be treated as labels (consistent with DataFrame behavior). To access a value by position, use `ser.iloc[pos]`
  ls_rate.append(str(round(ls[i] / data.iloc[i + 1][4] * 100, 2)) + '%')

[2024-05-05T18:39:11.489+0000] {warnings.py:110} WARNING - /opt/***/dags/Project.py:38: FutureWarning: Series.__getitem__ treating keys as positions is deprecated. In a future version, integer keys will always be treated as labels (consistent with DataFrame behavior). To access a value by position, use `ser.iloc[pos]`
  ls.append(round(data.iloc[i][4] - data.iloc[i + 1][4], 2))

[2024-05-05T18:39:11.490+0000] {warnings.py:110} WARNING - /opt/***/dags/Project.py:39: FutureWarning: Series.__getitem__ treating keys as positions is deprecated. In a future version, integer keys will always be treated as labels (consistent with DataFrame behavior). To access a value by position, use `ser.iloc[pos]`
  ls_rate.append(str(round(ls[i] / data.iloc[i + 1][4] * 100, 2)) + '%')

[2024-05-05T18:39:12.016+0000] {warnings.py:110} WARNING - /opt/***/dags/Project.py:38: FutureWarning: Series.__getitem__ treating keys as positions is deprecated. In a future version, integer keys will always be treated as labels (consistent with DataFrame behavior). To access a value by position, use `ser.iloc[pos]`
  ls.append(round(data.iloc[i][4] - data.iloc[i + 1][4], 2))

[2024-05-05T18:39:12.017+0000] {warnings.py:110} WARNING - /opt/***/dags/Project.py:39: FutureWarning: Series.__getitem__ treating keys as positions is deprecated. In a future version, integer keys will always be treated as labels (consistent with DataFrame behavior). To access a value by position, use `ser.iloc[pos]`
  ls_rate.append(str(round(ls[i] / data.iloc[i + 1][4] * 100, 2)) + '%')

[2024-05-05T18:39:12.724+0000] {warnings.py:110} WARNING - /opt/***/dags/Project.py:38: FutureWarning: Series.__getitem__ treating keys as positions is deprecated. In a future version, integer keys will always be treated as labels (consistent with DataFrame behavior). To access a value by position, use `ser.iloc[pos]`
  ls.append(round(data.iloc[i][4] - data.iloc[i + 1][4], 2))

[2024-05-05T18:39:12.725+0000] {warnings.py:110} WARNING - /opt/***/dags/Project.py:39: FutureWarning: Series.__getitem__ treating keys as positions is deprecated. In a future version, integer keys will always be treated as labels (consistent with DataFrame behavior). To access a value by position, use `ser.iloc[pos]`
  ls_rate.append(str(round(ls[i] / data.iloc[i + 1][4] * 100, 2)) + '%')

[2024-05-05T18:39:12.980+0000] {warnings.py:110} WARNING - /opt/***/dags/Project.py:38: FutureWarning: Series.__getitem__ treating keys as positions is deprecated. In a future version, integer keys will always be treated as labels (consistent with DataFrame behavior). To access a value by position, use `ser.iloc[pos]`
  ls.append(round(data.iloc[i][4] - data.iloc[i + 1][4], 2))

[2024-05-05T18:39:12.981+0000] {warnings.py:110} WARNING - /opt/***/dags/Project.py:39: FutureWarning: Series.__getitem__ treating keys as positions is deprecated. In a future version, integer keys will always be treated as labels (consistent with DataFrame behavior). To access a value by position, use `ser.iloc[pos]`
  ls_rate.append(str(round(ls[i] / data.iloc[i + 1][4] * 100, 2)) + '%')

[2024-05-05T18:39:13.093+0000] {warnings.py:110} WARNING - /opt/***/dags/Project.py:38: FutureWarning: Series.__getitem__ treating keys as positions is deprecated. In a future version, integer keys will always be treated as labels (consistent with DataFrame behavior). To access a value by position, use `ser.iloc[pos]`
  ls.append(round(data.iloc[i][4] - data.iloc[i + 1][4], 2))

[2024-05-05T18:39:13.094+0000] {warnings.py:110} WARNING - /opt/***/dags/Project.py:39: FutureWarning: Series.__getitem__ treating keys as positions is deprecated. In a future version, integer keys will always be treated as labels (consistent with DataFrame behavior). To access a value by position, use `ser.iloc[pos]`
  ls_rate.append(str(round(ls[i] / data.iloc[i + 1][4] * 100, 2)) + '%')

[2024-05-05T18:39:13.486+0000] {warnings.py:110} WARNING - /opt/***/dags/Project.py:38: FutureWarning: Series.__getitem__ treating keys as positions is deprecated. In a future version, integer keys will always be treated as labels (consistent with DataFrame behavior). To access a value by position, use `ser.iloc[pos]`
  ls.append(round(data.iloc[i][4] - data.iloc[i + 1][4], 2))

[2024-05-05T18:39:13.487+0000] {warnings.py:110} WARNING - /opt/***/dags/Project.py:39: FutureWarning: Series.__getitem__ treating keys as positions is deprecated. In a future version, integer keys will always be treated as labels (consistent with DataFrame behavior). To access a value by position, use `ser.iloc[pos]`
  ls_rate.append(str(round(ls[i] / data.iloc[i + 1][4] * 100, 2)) + '%')

[2024-05-05T18:39:13.754+0000] {warnings.py:110} WARNING - /opt/***/dags/Project.py:38: FutureWarning: Series.__getitem__ treating keys as positions is deprecated. In a future version, integer keys will always be treated as labels (consistent with DataFrame behavior). To access a value by position, use `ser.iloc[pos]`
  ls.append(round(data.iloc[i][4] - data.iloc[i + 1][4], 2))

[2024-05-05T18:39:13.754+0000] {warnings.py:110} WARNING - /opt/***/dags/Project.py:39: FutureWarning: Series.__getitem__ treating keys as positions is deprecated. In a future version, integer keys will always be treated as labels (consistent with DataFrame behavior). To access a value by position, use `ser.iloc[pos]`
  ls_rate.append(str(round(ls[i] / data.iloc[i + 1][4] * 100, 2)) + '%')

[2024-05-05T18:39:13.899+0000] {logging_mixin.py:188} INFO - Successfully.
[2024-05-05T18:39:13.899+0000] {python.py:237} INFO - Done. Returned value was: True
[2024-05-05T18:39:13.901+0000] {taskinstance.py:441} INFO - ::group::Post task execution logs
[2024-05-05T18:39:13.915+0000] {taskinstance.py:1205} INFO - Marking task as SUCCESS. dag_id=Final_exam, task_id=clean_data, execution_date=20240505T183856, start_date=20240505T183908, end_date=20240505T183913
[2024-05-05T18:39:13.968+0000] {local_task_job_runner.py:240} INFO - Task exited with return code 0
[2024-05-05T18:39:13.984+0000] {taskinstance.py:3482} INFO - 1 downstream tasks scheduled from follow-on schedule check
[2024-05-05T18:39:13.985+0000] {local_task_job_runner.py:222} INFO - ::endgroup::
