[2024-05-05T18:39:15.671+0000] {local_task_job_runner.py:120} INFO - ::group::Pre task execution logs
[2024-05-05T18:39:15.687+0000] {taskinstance.py:2073} INFO - Dependencies all met for dep_context=non-requeueable deps ti=<TaskInstance: Final_exam.insert_db manual__2024-05-05T18:38:56.342558+00:00 [queued]>
[2024-05-05T18:39:15.694+0000] {taskinstance.py:2073} INFO - Dependencies all met for dep_context=requeueable deps ti=<TaskInstance: Final_exam.insert_db manual__2024-05-05T18:38:56.342558+00:00 [queued]>
[2024-05-05T18:39:15.694+0000] {taskinstance.py:2303} INFO - Starting attempt 1 of 2
[2024-05-05T18:39:15.705+0000] {taskinstance.py:2327} INFO - Executing <Task(PythonOperator): insert_db> on 2024-05-05 18:38:56.342558+00:00
[2024-05-05T18:39:15.712+0000] {warnings.py:110} WARNING - /home/***/.local/lib/python3.12/site-packages/***/task/task_runner/standard_task_runner.py:61: DeprecationWarning: This process (pid=115) is multi-threaded, use of fork() may lead to deadlocks in the child.
  pid = os.fork()

[2024-05-05T18:39:15.713+0000] {standard_task_runner.py:63} INFO - Started process 120 to run task
[2024-05-05T18:39:15.713+0000] {standard_task_runner.py:90} INFO - Running: ['***', 'tasks', 'run', 'Final_exam', 'insert_db', 'manual__2024-05-05T18:38:56.342558+00:00', '--job-id', '14', '--raw', '--subdir', 'DAGS_FOLDER/Project.py', '--cfg-path', '/tmp/tmposx_993l']
[2024-05-05T18:39:15.714+0000] {standard_task_runner.py:91} INFO - Job 14: Subtask insert_db
[2024-05-05T18:39:15.749+0000] {task_command.py:426} INFO - Running <TaskInstance: Final_exam.insert_db manual__2024-05-05T18:38:56.342558+00:00 [running]> on host 0d2f9ca33b23
[2024-05-05T18:39:15.808+0000] {taskinstance.py:2644} INFO - Exporting env vars: AIRFLOW_CTX_DAG_EMAIL='ha20040204@gmail.com' AIRFLOW_CTX_DAG_OWNER='HA' AIRFLOW_CTX_DAG_ID='Final_exam' AIRFLOW_CTX_TASK_ID='insert_db' AIRFLOW_CTX_EXECUTION_DATE='2024-05-05T18:38:56.342558+00:00' AIRFLOW_CTX_TRY_NUMBER='1' AIRFLOW_CTX_DAG_RUN_ID='manual__2024-05-05T18:38:56.342558+00:00'
[2024-05-05T18:39:15.809+0000] {taskinstance.py:430} INFO - ::endgroup::
[2024-05-05T18:39:27.792+0000] {logging_mixin.py:188} INFO - Successfully.
[2024-05-05T18:39:27.805+0000] {python.py:237} INFO - Done. Returned value was: None
[2024-05-05T18:39:27.806+0000] {taskinstance.py:441} INFO - ::group::Post task execution logs
[2024-05-05T18:39:27.812+0000] {taskinstance.py:1205} INFO - Marking task as SUCCESS. dag_id=Final_exam, task_id=insert_db, execution_date=20240505T183856, start_date=20240505T183915, end_date=20240505T183927
[2024-05-05T18:39:27.866+0000] {local_task_job_runner.py:240} INFO - Task exited with return code 0
[2024-05-05T18:39:27.883+0000] {taskinstance.py:3482} INFO - 1 downstream tasks scheduled from follow-on schedule check
[2024-05-05T18:39:27.886+0000] {local_task_job_runner.py:222} INFO - ::endgroup::
