[2024-04-28T15:53:31.511+0000] {processor.py:161} INFO - Started process (PID=42) to work on /opt/airflow/dags/Project.py
[2024-04-28T15:53:31.512+0000] {processor.py:830} INFO - Processing file /opt/airflow/dags/Project.py for tasks to queue
[2024-04-28T15:53:31.513+0000] {logging_mixin.py:188} INFO - [2024-04-28T15:53:31.513+0000] {dagbag.py:540} INFO - Filling up the DagBag from /opt/airflow/dags/Project.py
[2024-04-28T15:53:32.410+0000] {processor.py:840} INFO - DAG(s) 'Final_exam' retrieved from /opt/airflow/dags/Project.py
[2024-04-28T15:53:32.934+0000] {logging_mixin.py:188} INFO - [2024-04-28T15:53:32.933+0000] {override.py:1829} INFO - Created Permission View: can delete on DAG:Final_exam
[2024-04-28T15:53:32.948+0000] {logging_mixin.py:188} INFO - [2024-04-28T15:53:32.948+0000] {override.py:1829} INFO - Created Permission View: can edit on DAG:Final_exam
[2024-04-28T15:53:32.955+0000] {logging_mixin.py:188} INFO - [2024-04-28T15:53:32.955+0000] {override.py:1829} INFO - Created Permission View: can read on DAG:Final_exam
[2024-04-28T15:53:32.955+0000] {logging_mixin.py:188} INFO - [2024-04-28T15:53:32.955+0000] {dag.py:3096} INFO - Sync 1 DAGs
[2024-04-28T15:53:32.968+0000] {logging_mixin.py:188} INFO - [2024-04-28T15:53:32.967+0000] {dag.py:3118} INFO - Creating ORM DAG for Final_exam
[2024-04-28T15:53:32.978+0000] {logging_mixin.py:188} INFO - [2024-04-28T15:53:32.977+0000] {dag.py:3954} INFO - Setting next_dagrun for Final_exam to 2024-04-28 15:51:32.405410+00:00, run_after=2024-04-28 15:51:32.405410+00:00
[2024-04-28T15:53:32.996+0000] {processor.py:183} INFO - Processing /opt/airflow/dags/Project.py took 1.490 seconds
[2024-04-28T15:54:03.711+0000] {processor.py:161} INFO - Started process (PID=111) to work on /opt/airflow/dags/Project.py
[2024-04-28T15:54:03.712+0000] {processor.py:830} INFO - Processing file /opt/airflow/dags/Project.py for tasks to queue
[2024-04-28T15:54:03.713+0000] {logging_mixin.py:188} INFO - [2024-04-28T15:54:03.713+0000] {dagbag.py:540} INFO - Filling up the DagBag from /opt/airflow/dags/Project.py
[2024-04-28T15:54:04.193+0000] {processor.py:840} INFO - DAG(s) 'Final_exam' retrieved from /opt/airflow/dags/Project.py
[2024-04-28T15:54:04.261+0000] {logging_mixin.py:188} INFO - [2024-04-28T15:54:04.260+0000] {dag.py:3096} INFO - Sync 1 DAGs
[2024-04-28T15:54:04.274+0000] {logging_mixin.py:188} INFO - [2024-04-28T15:54:04.274+0000] {dag.py:3954} INFO - Setting next_dagrun for Final_exam to 2024-04-28 15:52:04.190626+00:00, run_after=2024-04-28 15:52:04.190626+00:00
[2024-04-28T15:54:04.289+0000] {processor.py:183} INFO - Processing /opt/airflow/dags/Project.py took 0.583 seconds
[2024-04-28T15:54:34.566+0000] {processor.py:161} INFO - Started process (PID=179) to work on /opt/airflow/dags/Project.py
[2024-04-28T15:54:34.569+0000] {processor.py:830} INFO - Processing file /opt/airflow/dags/Project.py for tasks to queue
[2024-04-28T15:54:34.570+0000] {logging_mixin.py:188} INFO - [2024-04-28T15:54:34.570+0000] {dagbag.py:540} INFO - Filling up the DagBag from /opt/airflow/dags/Project.py
[2024-04-28T15:54:35.071+0000] {processor.py:840} INFO - DAG(s) 'Final_exam' retrieved from /opt/airflow/dags/Project.py
[2024-04-28T15:54:35.141+0000] {logging_mixin.py:188} INFO - [2024-04-28T15:54:35.141+0000] {dag.py:3096} INFO - Sync 1 DAGs
[2024-04-28T15:54:35.154+0000] {logging_mixin.py:188} INFO - [2024-04-28T15:54:35.154+0000] {dag.py:3954} INFO - Setting next_dagrun for Final_exam to None, run_after=None
[2024-04-28T15:54:35.170+0000] {processor.py:183} INFO - Processing /opt/airflow/dags/Project.py took 0.609 seconds
[2024-04-28T15:55:05.981+0000] {processor.py:161} INFO - Started process (PID=243) to work on /opt/airflow/dags/Project.py
[2024-04-28T15:55:05.987+0000] {processor.py:830} INFO - Processing file /opt/airflow/dags/Project.py for tasks to queue
[2024-04-28T15:55:05.989+0000] {logging_mixin.py:188} INFO - [2024-04-28T15:55:05.989+0000] {dagbag.py:540} INFO - Filling up the DagBag from /opt/airflow/dags/Project.py
[2024-04-28T15:55:06.495+0000] {processor.py:840} INFO - DAG(s) 'Final_exam' retrieved from /opt/airflow/dags/Project.py
[2024-04-28T15:55:06.575+0000] {logging_mixin.py:188} INFO - [2024-04-28T15:55:06.574+0000] {dag.py:3096} INFO - Sync 1 DAGs
[2024-04-28T15:55:06.591+0000] {logging_mixin.py:188} INFO - [2024-04-28T15:55:06.590+0000] {dag.py:3954} INFO - Setting next_dagrun for Final_exam to None, run_after=None
[2024-04-28T15:55:06.607+0000] {processor.py:183} INFO - Processing /opt/airflow/dags/Project.py took 0.631 seconds
[2024-04-28T15:55:37.339+0000] {processor.py:161} INFO - Started process (PID=306) to work on /opt/airflow/dags/Project.py
[2024-04-28T15:55:37.342+0000] {processor.py:830} INFO - Processing file /opt/airflow/dags/Project.py for tasks to queue
[2024-04-28T15:55:37.343+0000] {logging_mixin.py:188} INFO - [2024-04-28T15:55:37.343+0000] {dagbag.py:540} INFO - Filling up the DagBag from /opt/airflow/dags/Project.py
[2024-04-28T15:55:37.806+0000] {processor.py:840} INFO - DAG(s) 'Final_exam' retrieved from /opt/airflow/dags/Project.py
[2024-04-28T15:55:37.875+0000] {logging_mixin.py:188} INFO - [2024-04-28T15:55:37.875+0000] {dag.py:3096} INFO - Sync 1 DAGs
[2024-04-28T15:55:37.891+0000] {logging_mixin.py:188} INFO - [2024-04-28T15:55:37.891+0000] {dag.py:3954} INFO - Setting next_dagrun for Final_exam to None, run_after=None
[2024-04-28T15:55:37.905+0000] {processor.py:183} INFO - Processing /opt/airflow/dags/Project.py took 0.571 seconds
[2024-04-28T15:56:07.962+0000] {processor.py:161} INFO - Started process (PID=372) to work on /opt/airflow/dags/Project.py
[2024-04-28T15:56:07.963+0000] {processor.py:830} INFO - Processing file /opt/airflow/dags/Project.py for tasks to queue
[2024-04-28T15:56:07.965+0000] {logging_mixin.py:188} INFO - [2024-04-28T15:56:07.964+0000] {dagbag.py:540} INFO - Filling up the DagBag from /opt/airflow/dags/Project.py
[2024-04-28T15:56:08.425+0000] {processor.py:840} INFO - DAG(s) 'Final_exam' retrieved from /opt/airflow/dags/Project.py
[2024-04-28T15:56:08.490+0000] {logging_mixin.py:188} INFO - [2024-04-28T15:56:08.490+0000] {dag.py:3096} INFO - Sync 1 DAGs
[2024-04-28T15:56:08.505+0000] {logging_mixin.py:188} INFO - [2024-04-28T15:56:08.505+0000] {dag.py:3954} INFO - Setting next_dagrun for Final_exam to None, run_after=None
[2024-04-28T15:56:08.518+0000] {processor.py:183} INFO - Processing /opt/airflow/dags/Project.py took 0.561 seconds
[2024-04-28T15:56:39.061+0000] {processor.py:161} INFO - Started process (PID=433) to work on /opt/airflow/dags/Project.py
[2024-04-28T15:56:39.064+0000] {processor.py:830} INFO - Processing file /opt/airflow/dags/Project.py for tasks to queue
[2024-04-28T15:56:39.066+0000] {logging_mixin.py:188} INFO - [2024-04-28T15:56:39.065+0000] {dagbag.py:540} INFO - Filling up the DagBag from /opt/airflow/dags/Project.py
[2024-04-28T15:56:39.548+0000] {processor.py:840} INFO - DAG(s) 'Final_exam' retrieved from /opt/airflow/dags/Project.py
[2024-04-28T15:56:39.630+0000] {logging_mixin.py:188} INFO - [2024-04-28T15:56:39.629+0000] {dag.py:3096} INFO - Sync 1 DAGs
[2024-04-28T15:56:39.645+0000] {logging_mixin.py:188} INFO - [2024-04-28T15:56:39.645+0000] {dag.py:3954} INFO - Setting next_dagrun for Final_exam to None, run_after=None
[2024-04-28T15:56:39.665+0000] {processor.py:183} INFO - Processing /opt/airflow/dags/Project.py took 0.608 seconds
[2024-04-28T15:57:09.843+0000] {processor.py:161} INFO - Started process (PID=499) to work on /opt/airflow/dags/Project.py
[2024-04-28T15:57:09.845+0000] {processor.py:830} INFO - Processing file /opt/airflow/dags/Project.py for tasks to queue
[2024-04-28T15:57:09.847+0000] {logging_mixin.py:188} INFO - [2024-04-28T15:57:09.846+0000] {dagbag.py:540} INFO - Filling up the DagBag from /opt/airflow/dags/Project.py
[2024-04-28T15:57:10.321+0000] {processor.py:840} INFO - DAG(s) 'Final_exam' retrieved from /opt/airflow/dags/Project.py
[2024-04-28T15:57:10.384+0000] {logging_mixin.py:188} INFO - [2024-04-28T15:57:10.384+0000] {dag.py:3096} INFO - Sync 1 DAGs
[2024-04-28T15:57:10.397+0000] {logging_mixin.py:188} INFO - [2024-04-28T15:57:10.397+0000] {dag.py:3954} INFO - Setting next_dagrun for Final_exam to None, run_after=None
[2024-04-28T15:57:10.411+0000] {processor.py:183} INFO - Processing /opt/airflow/dags/Project.py took 0.573 seconds
[2024-04-28T15:57:40.476+0000] {processor.py:161} INFO - Started process (PID=566) to work on /opt/airflow/dags/Project.py
[2024-04-28T15:57:40.477+0000] {processor.py:830} INFO - Processing file /opt/airflow/dags/Project.py for tasks to queue
[2024-04-28T15:57:40.478+0000] {logging_mixin.py:188} INFO - [2024-04-28T15:57:40.478+0000] {dagbag.py:540} INFO - Filling up the DagBag from /opt/airflow/dags/Project.py
[2024-04-28T15:57:40.907+0000] {processor.py:840} INFO - DAG(s) 'Final_exam' retrieved from /opt/airflow/dags/Project.py
[2024-04-28T15:57:40.969+0000] {logging_mixin.py:188} INFO - [2024-04-28T15:57:40.969+0000] {dag.py:3096} INFO - Sync 1 DAGs
[2024-04-28T15:57:40.980+0000] {logging_mixin.py:188} INFO - [2024-04-28T15:57:40.980+0000] {dag.py:3954} INFO - Setting next_dagrun for Final_exam to None, run_after=None
[2024-04-28T15:57:40.993+0000] {processor.py:183} INFO - Processing /opt/airflow/dags/Project.py took 0.521 seconds
[2024-04-28T15:58:11.187+0000] {processor.py:161} INFO - Started process (PID=633) to work on /opt/airflow/dags/Project.py
[2024-04-28T15:58:11.188+0000] {processor.py:830} INFO - Processing file /opt/airflow/dags/Project.py for tasks to queue
[2024-04-28T15:58:11.189+0000] {logging_mixin.py:188} INFO - [2024-04-28T15:58:11.189+0000] {dagbag.py:540} INFO - Filling up the DagBag from /opt/airflow/dags/Project.py
[2024-04-28T15:58:11.666+0000] {processor.py:840} INFO - DAG(s) 'Final_exam' retrieved from /opt/airflow/dags/Project.py
[2024-04-28T15:58:11.733+0000] {logging_mixin.py:188} INFO - [2024-04-28T15:58:11.733+0000] {dag.py:3096} INFO - Sync 1 DAGs
[2024-04-28T15:58:11.746+0000] {logging_mixin.py:188} INFO - [2024-04-28T15:58:11.745+0000] {dag.py:3954} INFO - Setting next_dagrun for Final_exam to None, run_after=None
[2024-04-28T15:58:11.761+0000] {processor.py:183} INFO - Processing /opt/airflow/dags/Project.py took 0.579 seconds
[2024-04-28T15:58:41.805+0000] {processor.py:161} INFO - Started process (PID=698) to work on /opt/airflow/dags/Project.py
[2024-04-28T15:58:41.806+0000] {processor.py:830} INFO - Processing file /opt/airflow/dags/Project.py for tasks to queue
[2024-04-28T15:58:41.807+0000] {logging_mixin.py:188} INFO - [2024-04-28T15:58:41.807+0000] {dagbag.py:540} INFO - Filling up the DagBag from /opt/airflow/dags/Project.py
[2024-04-28T15:58:42.318+0000] {processor.py:840} INFO - DAG(s) 'Final_exam' retrieved from /opt/airflow/dags/Project.py
[2024-04-28T15:58:42.389+0000] {logging_mixin.py:188} INFO - [2024-04-28T15:58:42.389+0000] {dag.py:3096} INFO - Sync 1 DAGs
[2024-04-28T15:58:42.401+0000] {logging_mixin.py:188} INFO - [2024-04-28T15:58:42.401+0000] {dag.py:3954} INFO - Setting next_dagrun for Final_exam to None, run_after=None
[2024-04-28T15:58:42.414+0000] {processor.py:183} INFO - Processing /opt/airflow/dags/Project.py took 0.614 seconds
[2024-04-28T15:59:12.464+0000] {processor.py:161} INFO - Started process (PID=760) to work on /opt/airflow/dags/Project.py
[2024-04-28T15:59:12.465+0000] {processor.py:830} INFO - Processing file /opt/airflow/dags/Project.py for tasks to queue
[2024-04-28T15:59:12.467+0000] {logging_mixin.py:188} INFO - [2024-04-28T15:59:12.467+0000] {dagbag.py:540} INFO - Filling up the DagBag from /opt/airflow/dags/Project.py
[2024-04-28T15:59:12.936+0000] {processor.py:840} INFO - DAG(s) 'Final_exam' retrieved from /opt/airflow/dags/Project.py
[2024-04-28T15:59:13.001+0000] {logging_mixin.py:188} INFO - [2024-04-28T15:59:13.001+0000] {dag.py:3096} INFO - Sync 1 DAGs
[2024-04-28T15:59:13.015+0000] {logging_mixin.py:188} INFO - [2024-04-28T15:59:13.014+0000] {dag.py:3954} INFO - Setting next_dagrun for Final_exam to None, run_after=None
[2024-04-28T15:59:13.029+0000] {processor.py:183} INFO - Processing /opt/airflow/dags/Project.py took 0.569 seconds
[2024-04-28T15:59:43.118+0000] {processor.py:161} INFO - Started process (PID=820) to work on /opt/airflow/dags/Project.py
[2024-04-28T15:59:43.119+0000] {processor.py:830} INFO - Processing file /opt/airflow/dags/Project.py for tasks to queue
[2024-04-28T15:59:43.120+0000] {logging_mixin.py:188} INFO - [2024-04-28T15:59:43.120+0000] {dagbag.py:540} INFO - Filling up the DagBag from /opt/airflow/dags/Project.py
[2024-04-28T15:59:43.555+0000] {processor.py:840} INFO - DAG(s) 'Final_exam' retrieved from /opt/airflow/dags/Project.py
[2024-04-28T15:59:43.620+0000] {logging_mixin.py:188} INFO - [2024-04-28T15:59:43.620+0000] {dag.py:3096} INFO - Sync 1 DAGs
[2024-04-28T15:59:43.632+0000] {logging_mixin.py:188} INFO - [2024-04-28T15:59:43.632+0000] {dag.py:3954} INFO - Setting next_dagrun for Final_exam to None, run_after=None
[2024-04-28T15:59:43.645+0000] {processor.py:183} INFO - Processing /opt/airflow/dags/Project.py took 0.532 seconds
[2024-04-28T16:00:14.616+0000] {processor.py:161} INFO - Started process (PID=880) to work on /opt/airflow/dags/Project.py
[2024-04-28T16:00:14.619+0000] {processor.py:830} INFO - Processing file /opt/airflow/dags/Project.py for tasks to queue
[2024-04-28T16:00:14.620+0000] {logging_mixin.py:188} INFO - [2024-04-28T16:00:14.620+0000] {dagbag.py:540} INFO - Filling up the DagBag from /opt/airflow/dags/Project.py
[2024-04-28T16:00:15.041+0000] {processor.py:840} INFO - DAG(s) 'Final_exam' retrieved from /opt/airflow/dags/Project.py
[2024-04-28T16:00:15.101+0000] {logging_mixin.py:188} INFO - [2024-04-28T16:00:15.101+0000] {dag.py:3096} INFO - Sync 1 DAGs
[2024-04-28T16:00:15.113+0000] {logging_mixin.py:188} INFO - [2024-04-28T16:00:15.113+0000] {dag.py:3954} INFO - Setting next_dagrun for Final_exam to None, run_after=None
[2024-04-28T16:00:15.127+0000] {processor.py:183} INFO - Processing /opt/airflow/dags/Project.py took 0.516 seconds
[2024-04-28T16:05:53.008+0000] {processor.py:161} INFO - Started process (PID=42) to work on /opt/airflow/dags/Project.py
[2024-04-28T16:05:53.009+0000] {processor.py:830} INFO - Processing file /opt/airflow/dags/Project.py for tasks to queue
[2024-04-28T16:05:53.011+0000] {logging_mixin.py:188} INFO - [2024-04-28T16:05:53.011+0000] {dagbag.py:540} INFO - Filling up the DagBag from /opt/airflow/dags/Project.py
[2024-04-28T16:05:53.531+0000] {processor.py:840} INFO - DAG(s) 'Final_exam' retrieved from /opt/airflow/dags/Project.py
[2024-04-28T16:05:53.609+0000] {logging_mixin.py:188} INFO - [2024-04-28T16:05:53.609+0000] {dag.py:3096} INFO - Sync 1 DAGs
[2024-04-28T16:05:53.623+0000] {logging_mixin.py:188} INFO - [2024-04-28T16:05:53.622+0000] {dag.py:3954} INFO - Setting next_dagrun for Final_exam to None, run_after=None
[2024-04-28T16:05:53.638+0000] {processor.py:183} INFO - Processing /opt/airflow/dags/Project.py took 0.636 seconds
[2024-04-28T16:06:24.056+0000] {processor.py:161} INFO - Started process (PID=109) to work on /opt/airflow/dags/Project.py
[2024-04-28T16:06:24.057+0000] {processor.py:830} INFO - Processing file /opt/airflow/dags/Project.py for tasks to queue
[2024-04-28T16:06:24.058+0000] {logging_mixin.py:188} INFO - [2024-04-28T16:06:24.058+0000] {dagbag.py:540} INFO - Filling up the DagBag from /opt/airflow/dags/Project.py
[2024-04-28T16:06:24.509+0000] {processor.py:840} INFO - DAG(s) 'Final_exam' retrieved from /opt/airflow/dags/Project.py
[2024-04-28T16:06:24.578+0000] {logging_mixin.py:188} INFO - [2024-04-28T16:06:24.578+0000] {dag.py:3096} INFO - Sync 1 DAGs
[2024-04-28T16:06:24.590+0000] {logging_mixin.py:188} INFO - [2024-04-28T16:06:24.590+0000] {dag.py:3954} INFO - Setting next_dagrun for Final_exam to None, run_after=None
[2024-04-28T16:06:24.607+0000] {processor.py:183} INFO - Processing /opt/airflow/dags/Project.py took 0.556 seconds
[2024-04-28T16:06:55.076+0000] {processor.py:161} INFO - Started process (PID=173) to work on /opt/airflow/dags/Project.py
[2024-04-28T16:06:55.077+0000] {processor.py:830} INFO - Processing file /opt/airflow/dags/Project.py for tasks to queue
[2024-04-28T16:06:55.079+0000] {logging_mixin.py:188} INFO - [2024-04-28T16:06:55.078+0000] {dagbag.py:540} INFO - Filling up the DagBag from /opt/airflow/dags/Project.py
[2024-04-28T16:06:55.538+0000] {processor.py:840} INFO - DAG(s) 'Final_exam' retrieved from /opt/airflow/dags/Project.py
[2024-04-28T16:06:55.609+0000] {logging_mixin.py:188} INFO - [2024-04-28T16:06:55.609+0000] {dag.py:3096} INFO - Sync 1 DAGs
[2024-04-28T16:06:55.622+0000] {logging_mixin.py:188} INFO - [2024-04-28T16:06:55.622+0000] {dag.py:3954} INFO - Setting next_dagrun for Final_exam to None, run_after=None
[2024-04-28T16:06:55.638+0000] {processor.py:183} INFO - Processing /opt/airflow/dags/Project.py took 0.567 seconds
[2024-04-28T16:07:25.673+0000] {processor.py:161} INFO - Started process (PID=239) to work on /opt/airflow/dags/Project.py
[2024-04-28T16:07:25.674+0000] {processor.py:830} INFO - Processing file /opt/airflow/dags/Project.py for tasks to queue
[2024-04-28T16:07:25.675+0000] {logging_mixin.py:188} INFO - [2024-04-28T16:07:25.675+0000] {dagbag.py:540} INFO - Filling up the DagBag from /opt/airflow/dags/Project.py
[2024-04-28T16:07:26.108+0000] {processor.py:840} INFO - DAG(s) 'Final_exam' retrieved from /opt/airflow/dags/Project.py
[2024-04-28T16:07:26.169+0000] {logging_mixin.py:188} INFO - [2024-04-28T16:07:26.169+0000] {dag.py:3096} INFO - Sync 1 DAGs
[2024-04-28T16:07:26.182+0000] {logging_mixin.py:188} INFO - [2024-04-28T16:07:26.181+0000] {dag.py:3954} INFO - Setting next_dagrun for Final_exam to None, run_after=None
[2024-04-28T16:07:26.196+0000] {processor.py:183} INFO - Processing /opt/airflow/dags/Project.py took 0.528 seconds
[2024-04-28T16:07:56.285+0000] {processor.py:161} INFO - Started process (PID=299) to work on /opt/airflow/dags/Project.py
[2024-04-28T16:07:56.286+0000] {processor.py:830} INFO - Processing file /opt/airflow/dags/Project.py for tasks to queue
[2024-04-28T16:07:56.287+0000] {logging_mixin.py:188} INFO - [2024-04-28T16:07:56.287+0000] {dagbag.py:540} INFO - Filling up the DagBag from /opt/airflow/dags/Project.py
[2024-04-28T16:07:56.781+0000] {processor.py:840} INFO - DAG(s) 'Final_exam' retrieved from /opt/airflow/dags/Project.py
[2024-04-28T16:07:56.849+0000] {logging_mixin.py:188} INFO - [2024-04-28T16:07:56.849+0000] {dag.py:3096} INFO - Sync 1 DAGs
[2024-04-28T16:07:56.862+0000] {logging_mixin.py:188} INFO - [2024-04-28T16:07:56.862+0000] {dag.py:3954} INFO - Setting next_dagrun for Final_exam to None, run_after=None
[2024-04-28T16:07:56.879+0000] {processor.py:183} INFO - Processing /opt/airflow/dags/Project.py took 0.600 seconds
[2024-04-28T16:08:27.121+0000] {processor.py:161} INFO - Started process (PID=363) to work on /opt/airflow/dags/Project.py
[2024-04-28T16:08:27.122+0000] {processor.py:830} INFO - Processing file /opt/airflow/dags/Project.py for tasks to queue
[2024-04-28T16:08:27.123+0000] {logging_mixin.py:188} INFO - [2024-04-28T16:08:27.123+0000] {dagbag.py:540} INFO - Filling up the DagBag from /opt/airflow/dags/Project.py
[2024-04-28T16:08:27.591+0000] {processor.py:840} INFO - DAG(s) 'Final_exam' retrieved from /opt/airflow/dags/Project.py
[2024-04-28T16:08:27.658+0000] {logging_mixin.py:188} INFO - [2024-04-28T16:08:27.658+0000] {dag.py:3096} INFO - Sync 1 DAGs
[2024-04-28T16:08:27.672+0000] {logging_mixin.py:188} INFO - [2024-04-28T16:08:27.671+0000] {dag.py:3954} INFO - Setting next_dagrun for Final_exam to None, run_after=None
[2024-04-28T16:08:27.687+0000] {processor.py:183} INFO - Processing /opt/airflow/dags/Project.py took 0.572 seconds
[2024-04-28T16:08:57.744+0000] {processor.py:161} INFO - Started process (PID=424) to work on /opt/airflow/dags/Project.py
[2024-04-28T16:08:57.745+0000] {processor.py:830} INFO - Processing file /opt/airflow/dags/Project.py for tasks to queue
[2024-04-28T16:08:57.747+0000] {logging_mixin.py:188} INFO - [2024-04-28T16:08:57.747+0000] {dagbag.py:540} INFO - Filling up the DagBag from /opt/airflow/dags/Project.py
[2024-04-28T16:08:58.207+0000] {processor.py:840} INFO - DAG(s) 'Final_exam' retrieved from /opt/airflow/dags/Project.py
[2024-04-28T16:08:58.275+0000] {logging_mixin.py:188} INFO - [2024-04-28T16:08:58.275+0000] {dag.py:3096} INFO - Sync 1 DAGs
[2024-04-28T16:08:58.287+0000] {logging_mixin.py:188} INFO - [2024-04-28T16:08:58.287+0000] {dag.py:3954} INFO - Setting next_dagrun for Final_exam to None, run_after=None
[2024-04-28T16:08:58.303+0000] {processor.py:183} INFO - Processing /opt/airflow/dags/Project.py took 0.563 seconds
[2024-04-28T16:09:28.943+0000] {processor.py:161} INFO - Started process (PID=484) to work on /opt/airflow/dags/Project.py
[2024-04-28T16:09:28.946+0000] {processor.py:830} INFO - Processing file /opt/airflow/dags/Project.py for tasks to queue
[2024-04-28T16:09:28.947+0000] {logging_mixin.py:188} INFO - [2024-04-28T16:09:28.947+0000] {dagbag.py:540} INFO - Filling up the DagBag from /opt/airflow/dags/Project.py
[2024-04-28T16:09:29.388+0000] {processor.py:840} INFO - DAG(s) 'Final_exam' retrieved from /opt/airflow/dags/Project.py
[2024-04-28T16:09:29.454+0000] {logging_mixin.py:188} INFO - [2024-04-28T16:09:29.453+0000] {dag.py:3096} INFO - Sync 1 DAGs
[2024-04-28T16:09:29.467+0000] {logging_mixin.py:188} INFO - [2024-04-28T16:09:29.467+0000] {dag.py:3954} INFO - Setting next_dagrun for Final_exam to None, run_after=None
[2024-04-28T16:09:29.482+0000] {processor.py:183} INFO - Processing /opt/airflow/dags/Project.py took 0.543 seconds
[2024-04-28T16:09:59.632+0000] {processor.py:161} INFO - Started process (PID=550) to work on /opt/airflow/dags/Project.py
[2024-04-28T16:09:59.633+0000] {processor.py:830} INFO - Processing file /opt/airflow/dags/Project.py for tasks to queue
[2024-04-28T16:09:59.635+0000] {logging_mixin.py:188} INFO - [2024-04-28T16:09:59.634+0000] {dagbag.py:540} INFO - Filling up the DagBag from /opt/airflow/dags/Project.py
[2024-04-28T16:10:00.081+0000] {processor.py:840} INFO - DAG(s) 'Final_exam' retrieved from /opt/airflow/dags/Project.py
[2024-04-28T16:10:00.149+0000] {logging_mixin.py:188} INFO - [2024-04-28T16:10:00.149+0000] {dag.py:3096} INFO - Sync 1 DAGs
[2024-04-28T16:10:00.161+0000] {logging_mixin.py:188} INFO - [2024-04-28T16:10:00.161+0000] {dag.py:3954} INFO - Setting next_dagrun for Final_exam to None, run_after=None
[2024-04-28T16:10:00.176+0000] {processor.py:183} INFO - Processing /opt/airflow/dags/Project.py took 0.548 seconds
[2024-04-28T16:10:30.248+0000] {processor.py:161} INFO - Started process (PID=615) to work on /opt/airflow/dags/Project.py
[2024-04-28T16:10:30.249+0000] {processor.py:830} INFO - Processing file /opt/airflow/dags/Project.py for tasks to queue
[2024-04-28T16:10:30.251+0000] {logging_mixin.py:188} INFO - [2024-04-28T16:10:30.250+0000] {dagbag.py:540} INFO - Filling up the DagBag from /opt/airflow/dags/Project.py
[2024-04-28T16:10:30.710+0000] {processor.py:840} INFO - DAG(s) 'Final_exam' retrieved from /opt/airflow/dags/Project.py
[2024-04-28T16:10:30.777+0000] {logging_mixin.py:188} INFO - [2024-04-28T16:10:30.776+0000] {dag.py:3096} INFO - Sync 1 DAGs
[2024-04-28T16:10:30.790+0000] {logging_mixin.py:188} INFO - [2024-04-28T16:10:30.790+0000] {dag.py:3954} INFO - Setting next_dagrun for Final_exam to None, run_after=None
[2024-04-28T16:10:30.805+0000] {processor.py:183} INFO - Processing /opt/airflow/dags/Project.py took 0.562 seconds
[2024-04-28T16:11:01.707+0000] {processor.py:161} INFO - Started process (PID=679) to work on /opt/airflow/dags/Project.py
[2024-04-28T16:11:01.708+0000] {processor.py:830} INFO - Processing file /opt/airflow/dags/Project.py for tasks to queue
[2024-04-28T16:11:01.710+0000] {logging_mixin.py:188} INFO - [2024-04-28T16:11:01.710+0000] {dagbag.py:540} INFO - Filling up the DagBag from /opt/airflow/dags/Project.py
[2024-04-28T16:11:02.239+0000] {processor.py:840} INFO - DAG(s) 'Final_exam' retrieved from /opt/airflow/dags/Project.py
[2024-04-28T16:11:02.307+0000] {logging_mixin.py:188} INFO - [2024-04-28T16:11:02.307+0000] {dag.py:3096} INFO - Sync 1 DAGs
[2024-04-28T16:11:02.322+0000] {logging_mixin.py:188} INFO - [2024-04-28T16:11:02.322+0000] {dag.py:3954} INFO - Setting next_dagrun for Final_exam to None, run_after=None
[2024-04-28T16:11:02.337+0000] {processor.py:183} INFO - Processing /opt/airflow/dags/Project.py took 0.634 seconds
[2024-04-28T16:11:32.404+0000] {processor.py:161} INFO - Started process (PID=739) to work on /opt/airflow/dags/Project.py
[2024-04-28T16:11:32.407+0000] {processor.py:830} INFO - Processing file /opt/airflow/dags/Project.py for tasks to queue
[2024-04-28T16:11:32.410+0000] {logging_mixin.py:188} INFO - [2024-04-28T16:11:32.409+0000] {dagbag.py:540} INFO - Filling up the DagBag from /opt/airflow/dags/Project.py
[2024-04-28T16:11:32.898+0000] {processor.py:840} INFO - DAG(s) 'Final_exam' retrieved from /opt/airflow/dags/Project.py
[2024-04-28T16:11:32.970+0000] {logging_mixin.py:188} INFO - [2024-04-28T16:11:32.970+0000] {dag.py:3096} INFO - Sync 1 DAGs
[2024-04-28T16:11:32.985+0000] {logging_mixin.py:188} INFO - [2024-04-28T16:11:32.985+0000] {dag.py:3954} INFO - Setting next_dagrun for Final_exam to None, run_after=None
[2024-04-28T16:11:33.004+0000] {processor.py:183} INFO - Processing /opt/airflow/dags/Project.py took 0.606 seconds
[2024-04-28T16:12:03.164+0000] {processor.py:161} INFO - Started process (PID=804) to work on /opt/airflow/dags/Project.py
[2024-04-28T16:12:03.165+0000] {processor.py:830} INFO - Processing file /opt/airflow/dags/Project.py for tasks to queue
[2024-04-28T16:12:03.166+0000] {logging_mixin.py:188} INFO - [2024-04-28T16:12:03.166+0000] {dagbag.py:540} INFO - Filling up the DagBag from /opt/airflow/dags/Project.py
[2024-04-28T16:12:03.625+0000] {processor.py:840} INFO - DAG(s) 'Final_exam' retrieved from /opt/airflow/dags/Project.py
[2024-04-28T16:12:03.688+0000] {logging_mixin.py:188} INFO - [2024-04-28T16:12:03.688+0000] {dag.py:3096} INFO - Sync 1 DAGs
[2024-04-28T16:12:03.700+0000] {logging_mixin.py:188} INFO - [2024-04-28T16:12:03.700+0000] {dag.py:3954} INFO - Setting next_dagrun for Final_exam to None, run_after=None
[2024-04-28T16:12:03.715+0000] {processor.py:183} INFO - Processing /opt/airflow/dags/Project.py took 0.556 seconds
[2024-04-28T16:12:34.247+0000] {processor.py:161} INFO - Started process (PID=868) to work on /opt/airflow/dags/Project.py
[2024-04-28T16:12:34.248+0000] {processor.py:830} INFO - Processing file /opt/airflow/dags/Project.py for tasks to queue
[2024-04-28T16:12:34.250+0000] {logging_mixin.py:188} INFO - [2024-04-28T16:12:34.250+0000] {dagbag.py:540} INFO - Filling up the DagBag from /opt/airflow/dags/Project.py
[2024-04-28T16:12:34.716+0000] {processor.py:840} INFO - DAG(s) 'Final_exam' retrieved from /opt/airflow/dags/Project.py
[2024-04-28T16:12:34.782+0000] {logging_mixin.py:188} INFO - [2024-04-28T16:12:34.781+0000] {dag.py:3096} INFO - Sync 1 DAGs
[2024-04-28T16:12:34.794+0000] {logging_mixin.py:188} INFO - [2024-04-28T16:12:34.794+0000] {dag.py:3954} INFO - Setting next_dagrun for Final_exam to None, run_after=None
[2024-04-28T16:12:34.808+0000] {processor.py:183} INFO - Processing /opt/airflow/dags/Project.py took 0.566 seconds
