[2024-04-28T15:48:57.416+0000] {processor.py:161} INFO - Started process (PID=77) to work on /home/airflow/.local/lib/python3.12/site-packages/airflow/example_dags/example_latest_only.py
[2024-04-28T15:48:57.416+0000] {processor.py:830} INFO - Processing file /home/airflow/.local/lib/python3.12/site-packages/airflow/example_dags/example_latest_only.py for tasks to queue
[2024-04-28T15:48:57.418+0000] {logging_mixin.py:188} INFO - [2024-04-28T15:48:57.417+0000] {dagbag.py:540} INFO - Filling up the DagBag from /home/airflow/.local/lib/python3.12/site-packages/airflow/example_dags/example_latest_only.py
[2024-04-28T15:48:57.423+0000] {processor.py:840} INFO - DAG(s) 'latest_only' retrieved from /home/airflow/.local/lib/python3.12/site-packages/airflow/example_dags/example_latest_only.py
[2024-04-28T15:48:57.506+0000] {logging_mixin.py:188} INFO - [2024-04-28T15:48:57.505+0000] {override.py:1829} INFO - Created Permission View: can delete on DAG:latest_only
[2024-04-28T15:48:57.514+0000] {logging_mixin.py:188} INFO - [2024-04-28T15:48:57.513+0000] {override.py:1829} INFO - Created Permission View: can edit on DAG:latest_only
[2024-04-28T15:48:57.519+0000] {logging_mixin.py:188} INFO - [2024-04-28T15:48:57.519+0000] {override.py:1829} INFO - Created Permission View: can read on DAG:latest_only
[2024-04-28T15:48:57.519+0000] {logging_mixin.py:188} INFO - [2024-04-28T15:48:57.519+0000] {dag.py:3096} INFO - Sync 1 DAGs
[2024-04-28T15:48:57.527+0000] {logging_mixin.py:188} INFO - [2024-04-28T15:48:57.527+0000] {dag.py:3118} INFO - Creating ORM DAG for latest_only
[2024-04-28T15:48:57.535+0000] {logging_mixin.py:188} INFO - [2024-04-28T15:48:57.535+0000] {dag.py:3954} INFO - Setting next_dagrun for latest_only to 2024-04-28 08:00:00+00:00, run_after=2024-04-28 12:00:00+00:00
[2024-04-28T15:48:57.551+0000] {processor.py:183} INFO - Processing /home/airflow/.local/lib/python3.12/site-packages/airflow/example_dags/example_latest_only.py took 0.139 seconds
[2024-04-28T15:49:28.788+0000] {processor.py:161} INFO - Started process (PID=135) to work on /home/airflow/.local/lib/python3.12/site-packages/airflow/example_dags/example_latest_only.py
[2024-04-28T15:49:28.790+0000] {processor.py:830} INFO - Processing file /home/airflow/.local/lib/python3.12/site-packages/airflow/example_dags/example_latest_only.py for tasks to queue
[2024-04-28T15:49:28.792+0000] {logging_mixin.py:188} INFO - [2024-04-28T15:49:28.791+0000] {dagbag.py:540} INFO - Filling up the DagBag from /home/airflow/.local/lib/python3.12/site-packages/airflow/example_dags/example_latest_only.py
[2024-04-28T15:49:28.796+0000] {processor.py:840} INFO - DAG(s) 'latest_only' retrieved from /home/airflow/.local/lib/python3.12/site-packages/airflow/example_dags/example_latest_only.py
[2024-04-28T15:49:28.813+0000] {logging_mixin.py:188} INFO - [2024-04-28T15:49:28.813+0000] {dag.py:3096} INFO - Sync 1 DAGs
[2024-04-28T15:49:28.831+0000] {logging_mixin.py:188} INFO - [2024-04-28T15:49:28.831+0000] {dag.py:3954} INFO - Setting next_dagrun for latest_only to 2024-04-28 08:00:00+00:00, run_after=2024-04-28 12:00:00+00:00
[2024-04-28T15:49:28.848+0000] {processor.py:183} INFO - Processing /home/airflow/.local/lib/python3.12/site-packages/airflow/example_dags/example_latest_only.py took 0.065 seconds
[2024-04-28T15:49:59.506+0000] {processor.py:161} INFO - Started process (PID=193) to work on /home/airflow/.local/lib/python3.12/site-packages/airflow/example_dags/example_latest_only.py
[2024-04-28T15:49:59.510+0000] {processor.py:830} INFO - Processing file /home/airflow/.local/lib/python3.12/site-packages/airflow/example_dags/example_latest_only.py for tasks to queue
[2024-04-28T15:49:59.512+0000] {logging_mixin.py:188} INFO - [2024-04-28T15:49:59.512+0000] {dagbag.py:540} INFO - Filling up the DagBag from /home/airflow/.local/lib/python3.12/site-packages/airflow/example_dags/example_latest_only.py
[2024-04-28T15:49:59.516+0000] {processor.py:840} INFO - DAG(s) 'latest_only' retrieved from /home/airflow/.local/lib/python3.12/site-packages/airflow/example_dags/example_latest_only.py
[2024-04-28T15:49:59.532+0000] {logging_mixin.py:188} INFO - [2024-04-28T15:49:59.532+0000] {dag.py:3096} INFO - Sync 1 DAGs
[2024-04-28T15:49:59.550+0000] {logging_mixin.py:188} INFO - [2024-04-28T15:49:59.550+0000] {dag.py:3954} INFO - Setting next_dagrun for latest_only to 2024-04-28 08:00:00+00:00, run_after=2024-04-28 12:00:00+00:00
[2024-04-28T15:49:59.567+0000] {processor.py:183} INFO - Processing /home/airflow/.local/lib/python3.12/site-packages/airflow/example_dags/example_latest_only.py took 0.067 seconds
[2024-04-28T15:50:30.164+0000] {processor.py:161} INFO - Started process (PID=251) to work on /home/airflow/.local/lib/python3.12/site-packages/airflow/example_dags/example_latest_only.py
[2024-04-28T15:50:30.165+0000] {processor.py:830} INFO - Processing file /home/airflow/.local/lib/python3.12/site-packages/airflow/example_dags/example_latest_only.py for tasks to queue
[2024-04-28T15:50:30.166+0000] {logging_mixin.py:188} INFO - [2024-04-28T15:50:30.166+0000] {dagbag.py:540} INFO - Filling up the DagBag from /home/airflow/.local/lib/python3.12/site-packages/airflow/example_dags/example_latest_only.py
[2024-04-28T15:50:30.171+0000] {processor.py:840} INFO - DAG(s) 'latest_only' retrieved from /home/airflow/.local/lib/python3.12/site-packages/airflow/example_dags/example_latest_only.py
[2024-04-28T15:50:30.190+0000] {logging_mixin.py:188} INFO - [2024-04-28T15:50:30.190+0000] {dag.py:3096} INFO - Sync 1 DAGs
[2024-04-28T15:50:30.209+0000] {logging_mixin.py:188} INFO - [2024-04-28T15:50:30.209+0000] {dag.py:3954} INFO - Setting next_dagrun for latest_only to 2024-04-28 08:00:00+00:00, run_after=2024-04-28 12:00:00+00:00
[2024-04-28T15:50:30.233+0000] {processor.py:183} INFO - Processing /home/airflow/.local/lib/python3.12/site-packages/airflow/example_dags/example_latest_only.py took 0.075 seconds
[2024-04-28T15:51:00.810+0000] {processor.py:161} INFO - Started process (PID=309) to work on /home/airflow/.local/lib/python3.12/site-packages/airflow/example_dags/example_latest_only.py
[2024-04-28T15:51:00.811+0000] {processor.py:830} INFO - Processing file /home/airflow/.local/lib/python3.12/site-packages/airflow/example_dags/example_latest_only.py for tasks to queue
[2024-04-28T15:51:00.813+0000] {logging_mixin.py:188} INFO - [2024-04-28T15:51:00.813+0000] {dagbag.py:540} INFO - Filling up the DagBag from /home/airflow/.local/lib/python3.12/site-packages/airflow/example_dags/example_latest_only.py
[2024-04-28T15:51:00.819+0000] {processor.py:840} INFO - DAG(s) 'latest_only' retrieved from /home/airflow/.local/lib/python3.12/site-packages/airflow/example_dags/example_latest_only.py
[2024-04-28T15:51:00.838+0000] {logging_mixin.py:188} INFO - [2024-04-28T15:51:00.838+0000] {dag.py:3096} INFO - Sync 1 DAGs
[2024-04-28T15:51:00.858+0000] {logging_mixin.py:188} INFO - [2024-04-28T15:51:00.857+0000] {dag.py:3954} INFO - Setting next_dagrun for latest_only to 2024-04-28 08:00:00+00:00, run_after=2024-04-28 12:00:00+00:00
[2024-04-28T15:51:00.877+0000] {processor.py:183} INFO - Processing /home/airflow/.local/lib/python3.12/site-packages/airflow/example_dags/example_latest_only.py took 0.072 seconds
[2024-04-28T15:51:32.081+0000] {processor.py:161} INFO - Started process (PID=367) to work on /home/airflow/.local/lib/python3.12/site-packages/airflow/example_dags/example_latest_only.py
[2024-04-28T15:51:32.082+0000] {processor.py:830} INFO - Processing file /home/airflow/.local/lib/python3.12/site-packages/airflow/example_dags/example_latest_only.py for tasks to queue
[2024-04-28T15:51:32.084+0000] {logging_mixin.py:188} INFO - [2024-04-28T15:51:32.083+0000] {dagbag.py:540} INFO - Filling up the DagBag from /home/airflow/.local/lib/python3.12/site-packages/airflow/example_dags/example_latest_only.py
[2024-04-28T15:51:32.089+0000] {processor.py:840} INFO - DAG(s) 'latest_only' retrieved from /home/airflow/.local/lib/python3.12/site-packages/airflow/example_dags/example_latest_only.py
[2024-04-28T15:51:32.110+0000] {logging_mixin.py:188} INFO - [2024-04-28T15:51:32.110+0000] {dag.py:3096} INFO - Sync 1 DAGs
[2024-04-28T15:51:32.133+0000] {logging_mixin.py:188} INFO - [2024-04-28T15:51:32.133+0000] {dag.py:3954} INFO - Setting next_dagrun for latest_only to 2024-04-28 08:00:00+00:00, run_after=2024-04-28 12:00:00+00:00
[2024-04-28T15:51:32.159+0000] {processor.py:183} INFO - Processing /home/airflow/.local/lib/python3.12/site-packages/airflow/example_dags/example_latest_only.py took 0.085 seconds
[2024-04-28T15:53:34.490+0000] {processor.py:161} INFO - Started process (PID=79) to work on /home/airflow/.local/lib/python3.12/site-packages/airflow/example_dags/example_latest_only.py
[2024-04-28T15:53:34.491+0000] {processor.py:830} INFO - Processing file /home/airflow/.local/lib/python3.12/site-packages/airflow/example_dags/example_latest_only.py for tasks to queue
[2024-04-28T15:53:34.492+0000] {logging_mixin.py:188} INFO - [2024-04-28T15:53:34.492+0000] {dagbag.py:540} INFO - Filling up the DagBag from /home/airflow/.local/lib/python3.12/site-packages/airflow/example_dags/example_latest_only.py
[2024-04-28T15:53:34.496+0000] {processor.py:840} INFO - DAG(s) 'latest_only' retrieved from /home/airflow/.local/lib/python3.12/site-packages/airflow/example_dags/example_latest_only.py
[2024-04-28T15:53:34.513+0000] {logging_mixin.py:188} INFO - [2024-04-28T15:53:34.512+0000] {dag.py:3096} INFO - Sync 1 DAGs
[2024-04-28T15:53:34.545+0000] {logging_mixin.py:188} INFO - [2024-04-28T15:53:34.545+0000] {dag.py:3954} INFO - Setting next_dagrun for latest_only to 2024-04-28 08:00:00+00:00, run_after=2024-04-28 12:00:00+00:00
[2024-04-28T15:53:34.562+0000] {processor.py:183} INFO - Processing /home/airflow/.local/lib/python3.12/site-packages/airflow/example_dags/example_latest_only.py took 0.077 seconds
[2024-04-28T15:54:06.000+0000] {processor.py:161} INFO - Started process (PID=139) to work on /home/airflow/.local/lib/python3.12/site-packages/airflow/example_dags/example_latest_only.py
[2024-04-28T15:54:06.001+0000] {processor.py:830} INFO - Processing file /home/airflow/.local/lib/python3.12/site-packages/airflow/example_dags/example_latest_only.py for tasks to queue
[2024-04-28T15:54:06.002+0000] {logging_mixin.py:188} INFO - [2024-04-28T15:54:06.002+0000] {dagbag.py:540} INFO - Filling up the DagBag from /home/airflow/.local/lib/python3.12/site-packages/airflow/example_dags/example_latest_only.py
[2024-04-28T15:54:06.006+0000] {processor.py:840} INFO - DAG(s) 'latest_only' retrieved from /home/airflow/.local/lib/python3.12/site-packages/airflow/example_dags/example_latest_only.py
[2024-04-28T15:54:06.100+0000] {logging_mixin.py:188} INFO - [2024-04-28T15:54:06.100+0000] {dag.py:3096} INFO - Sync 1 DAGs
[2024-04-28T15:54:06.117+0000] {logging_mixin.py:188} INFO - [2024-04-28T15:54:06.116+0000] {dag.py:3954} INFO - Setting next_dagrun for latest_only to 2024-04-28 08:00:00+00:00, run_after=2024-04-28 12:00:00+00:00
[2024-04-28T15:54:06.138+0000] {processor.py:183} INFO - Processing /home/airflow/.local/lib/python3.12/site-packages/airflow/example_dags/example_latest_only.py took 0.142 seconds
[2024-04-28T15:54:36.168+0000] {processor.py:161} INFO - Started process (PID=207) to work on /home/airflow/.local/lib/python3.12/site-packages/airflow/example_dags/example_latest_only.py
[2024-04-28T15:54:36.170+0000] {processor.py:830} INFO - Processing file /home/airflow/.local/lib/python3.12/site-packages/airflow/example_dags/example_latest_only.py for tasks to queue
[2024-04-28T15:54:36.172+0000] {logging_mixin.py:188} INFO - [2024-04-28T15:54:36.171+0000] {dagbag.py:540} INFO - Filling up the DagBag from /home/airflow/.local/lib/python3.12/site-packages/airflow/example_dags/example_latest_only.py
[2024-04-28T15:54:36.177+0000] {processor.py:840} INFO - DAG(s) 'latest_only' retrieved from /home/airflow/.local/lib/python3.12/site-packages/airflow/example_dags/example_latest_only.py
[2024-04-28T15:54:36.199+0000] {logging_mixin.py:188} INFO - [2024-04-28T15:54:36.199+0000] {dag.py:3096} INFO - Sync 1 DAGs
[2024-04-28T15:54:36.221+0000] {logging_mixin.py:188} INFO - [2024-04-28T15:54:36.220+0000] {dag.py:3954} INFO - Setting next_dagrun for latest_only to 2024-04-28 08:00:00+00:00, run_after=2024-04-28 12:00:00+00:00
[2024-04-28T15:54:36.242+0000] {processor.py:183} INFO - Processing /home/airflow/.local/lib/python3.12/site-packages/airflow/example_dags/example_latest_only.py took 0.079 seconds
[2024-04-28T15:55:07.245+0000] {processor.py:161} INFO - Started process (PID=267) to work on /home/airflow/.local/lib/python3.12/site-packages/airflow/example_dags/example_latest_only.py
[2024-04-28T15:55:07.246+0000] {processor.py:830} INFO - Processing file /home/airflow/.local/lib/python3.12/site-packages/airflow/example_dags/example_latest_only.py for tasks to queue
[2024-04-28T15:55:07.247+0000] {logging_mixin.py:188} INFO - [2024-04-28T15:55:07.247+0000] {dagbag.py:540} INFO - Filling up the DagBag from /home/airflow/.local/lib/python3.12/site-packages/airflow/example_dags/example_latest_only.py
[2024-04-28T15:55:07.251+0000] {processor.py:840} INFO - DAG(s) 'latest_only' retrieved from /home/airflow/.local/lib/python3.12/site-packages/airflow/example_dags/example_latest_only.py
[2024-04-28T15:55:07.270+0000] {logging_mixin.py:188} INFO - [2024-04-28T15:55:07.270+0000] {dag.py:3096} INFO - Sync 1 DAGs
[2024-04-28T15:55:07.289+0000] {logging_mixin.py:188} INFO - [2024-04-28T15:55:07.288+0000] {dag.py:3954} INFO - Setting next_dagrun for latest_only to 2024-04-28 08:00:00+00:00, run_after=2024-04-28 12:00:00+00:00
[2024-04-28T15:55:07.307+0000] {processor.py:183} INFO - Processing /home/airflow/.local/lib/python3.12/site-packages/airflow/example_dags/example_latest_only.py took 0.067 seconds
[2024-04-28T15:55:38.381+0000] {processor.py:161} INFO - Started process (PID=327) to work on /home/airflow/.local/lib/python3.12/site-packages/airflow/example_dags/example_latest_only.py
[2024-04-28T15:55:38.382+0000] {processor.py:830} INFO - Processing file /home/airflow/.local/lib/python3.12/site-packages/airflow/example_dags/example_latest_only.py for tasks to queue
[2024-04-28T15:55:38.384+0000] {logging_mixin.py:188} INFO - [2024-04-28T15:55:38.383+0000] {dagbag.py:540} INFO - Filling up the DagBag from /home/airflow/.local/lib/python3.12/site-packages/airflow/example_dags/example_latest_only.py
[2024-04-28T15:55:38.388+0000] {processor.py:840} INFO - DAG(s) 'latest_only' retrieved from /home/airflow/.local/lib/python3.12/site-packages/airflow/example_dags/example_latest_only.py
[2024-04-28T15:55:38.404+0000] {logging_mixin.py:188} INFO - [2024-04-28T15:55:38.404+0000] {dag.py:3096} INFO - Sync 1 DAGs
[2024-04-28T15:55:38.422+0000] {logging_mixin.py:188} INFO - [2024-04-28T15:55:38.422+0000] {dag.py:3954} INFO - Setting next_dagrun for latest_only to 2024-04-28 08:00:00+00:00, run_after=2024-04-28 12:00:00+00:00
[2024-04-28T15:55:38.441+0000] {processor.py:183} INFO - Processing /home/airflow/.local/lib/python3.12/site-packages/airflow/example_dags/example_latest_only.py took 0.065 seconds
[2024-04-28T15:56:08.707+0000] {processor.py:161} INFO - Started process (PID=387) to work on /home/airflow/.local/lib/python3.12/site-packages/airflow/example_dags/example_latest_only.py
[2024-04-28T15:56:08.708+0000] {processor.py:830} INFO - Processing file /home/airflow/.local/lib/python3.12/site-packages/airflow/example_dags/example_latest_only.py for tasks to queue
[2024-04-28T15:56:08.710+0000] {logging_mixin.py:188} INFO - [2024-04-28T15:56:08.710+0000] {dagbag.py:540} INFO - Filling up the DagBag from /home/airflow/.local/lib/python3.12/site-packages/airflow/example_dags/example_latest_only.py
[2024-04-28T15:56:08.714+0000] {processor.py:840} INFO - DAG(s) 'latest_only' retrieved from /home/airflow/.local/lib/python3.12/site-packages/airflow/example_dags/example_latest_only.py
[2024-04-28T15:56:08.729+0000] {logging_mixin.py:188} INFO - [2024-04-28T15:56:08.729+0000] {dag.py:3096} INFO - Sync 1 DAGs
[2024-04-28T15:56:08.747+0000] {logging_mixin.py:188} INFO - [2024-04-28T15:56:08.747+0000] {dag.py:3954} INFO - Setting next_dagrun for latest_only to 2024-04-28 08:00:00+00:00, run_after=2024-04-28 12:00:00+00:00
[2024-04-28T15:56:08.761+0000] {processor.py:183} INFO - Processing /home/airflow/.local/lib/python3.12/site-packages/airflow/example_dags/example_latest_only.py took 0.059 seconds
[2024-04-28T15:56:39.842+0000] {processor.py:161} INFO - Started process (PID=447) to work on /home/airflow/.local/lib/python3.12/site-packages/airflow/example_dags/example_latest_only.py
[2024-04-28T15:56:39.843+0000] {processor.py:830} INFO - Processing file /home/airflow/.local/lib/python3.12/site-packages/airflow/example_dags/example_latest_only.py for tasks to queue
[2024-04-28T15:56:39.845+0000] {logging_mixin.py:188} INFO - [2024-04-28T15:56:39.844+0000] {dagbag.py:540} INFO - Filling up the DagBag from /home/airflow/.local/lib/python3.12/site-packages/airflow/example_dags/example_latest_only.py
[2024-04-28T15:56:39.848+0000] {processor.py:840} INFO - DAG(s) 'latest_only' retrieved from /home/airflow/.local/lib/python3.12/site-packages/airflow/example_dags/example_latest_only.py
[2024-04-28T15:56:39.865+0000] {logging_mixin.py:188} INFO - [2024-04-28T15:56:39.864+0000] {dag.py:3096} INFO - Sync 1 DAGs
[2024-04-28T15:56:39.882+0000] {logging_mixin.py:188} INFO - [2024-04-28T15:56:39.881+0000] {dag.py:3954} INFO - Setting next_dagrun for latest_only to 2024-04-28 08:00:00+00:00, run_after=2024-04-28 12:00:00+00:00
[2024-04-28T15:56:39.899+0000] {processor.py:183} INFO - Processing /home/airflow/.local/lib/python3.12/site-packages/airflow/example_dags/example_latest_only.py took 0.061 seconds
[2024-04-28T15:57:10.332+0000] {processor.py:161} INFO - Started process (PID=507) to work on /home/airflow/.local/lib/python3.12/site-packages/airflow/example_dags/example_latest_only.py
[2024-04-28T15:57:10.333+0000] {processor.py:830} INFO - Processing file /home/airflow/.local/lib/python3.12/site-packages/airflow/example_dags/example_latest_only.py for tasks to queue
[2024-04-28T15:57:10.335+0000] {logging_mixin.py:188} INFO - [2024-04-28T15:57:10.334+0000] {dagbag.py:540} INFO - Filling up the DagBag from /home/airflow/.local/lib/python3.12/site-packages/airflow/example_dags/example_latest_only.py
[2024-04-28T15:57:10.338+0000] {processor.py:840} INFO - DAG(s) 'latest_only' retrieved from /home/airflow/.local/lib/python3.12/site-packages/airflow/example_dags/example_latest_only.py
[2024-04-28T15:57:10.354+0000] {logging_mixin.py:188} INFO - [2024-04-28T15:57:10.353+0000] {dag.py:3096} INFO - Sync 1 DAGs
[2024-04-28T15:57:10.370+0000] {logging_mixin.py:188} INFO - [2024-04-28T15:57:10.370+0000] {dag.py:3954} INFO - Setting next_dagrun for latest_only to 2024-04-28 08:00:00+00:00, run_after=2024-04-28 12:00:00+00:00
[2024-04-28T15:57:10.386+0000] {processor.py:183} INFO - Processing /home/airflow/.local/lib/python3.12/site-packages/airflow/example_dags/example_latest_only.py took 0.057 seconds
[2024-04-28T15:57:40.431+0000] {processor.py:161} INFO - Started process (PID=565) to work on /home/airflow/.local/lib/python3.12/site-packages/airflow/example_dags/example_latest_only.py
[2024-04-28T15:57:40.432+0000] {processor.py:830} INFO - Processing file /home/airflow/.local/lib/python3.12/site-packages/airflow/example_dags/example_latest_only.py for tasks to queue
[2024-04-28T15:57:40.433+0000] {logging_mixin.py:188} INFO - [2024-04-28T15:57:40.433+0000] {dagbag.py:540} INFO - Filling up the DagBag from /home/airflow/.local/lib/python3.12/site-packages/airflow/example_dags/example_latest_only.py
[2024-04-28T15:57:40.437+0000] {processor.py:840} INFO - DAG(s) 'latest_only' retrieved from /home/airflow/.local/lib/python3.12/site-packages/airflow/example_dags/example_latest_only.py
[2024-04-28T15:57:40.453+0000] {logging_mixin.py:188} INFO - [2024-04-28T15:57:40.453+0000] {dag.py:3096} INFO - Sync 1 DAGs
[2024-04-28T15:57:40.470+0000] {logging_mixin.py:188} INFO - [2024-04-28T15:57:40.470+0000] {dag.py:3954} INFO - Setting next_dagrun for latest_only to 2024-04-28 08:00:00+00:00, run_after=2024-04-28 12:00:00+00:00
[2024-04-28T15:57:40.486+0000] {processor.py:183} INFO - Processing /home/airflow/.local/lib/python3.12/site-packages/airflow/example_dags/example_latest_only.py took 0.060 seconds
[2024-04-28T15:58:10.858+0000] {processor.py:161} INFO - Started process (PID=625) to work on /home/airflow/.local/lib/python3.12/site-packages/airflow/example_dags/example_latest_only.py
[2024-04-28T15:58:10.859+0000] {processor.py:830} INFO - Processing file /home/airflow/.local/lib/python3.12/site-packages/airflow/example_dags/example_latest_only.py for tasks to queue
[2024-04-28T15:58:10.860+0000] {logging_mixin.py:188} INFO - [2024-04-28T15:58:10.860+0000] {dagbag.py:540} INFO - Filling up the DagBag from /home/airflow/.local/lib/python3.12/site-packages/airflow/example_dags/example_latest_only.py
[2024-04-28T15:58:10.865+0000] {processor.py:840} INFO - DAG(s) 'latest_only' retrieved from /home/airflow/.local/lib/python3.12/site-packages/airflow/example_dags/example_latest_only.py
[2024-04-28T15:58:10.883+0000] {logging_mixin.py:188} INFO - [2024-04-28T15:58:10.882+0000] {dag.py:3096} INFO - Sync 1 DAGs
[2024-04-28T15:58:10.902+0000] {logging_mixin.py:188} INFO - [2024-04-28T15:58:10.902+0000] {dag.py:3954} INFO - Setting next_dagrun for latest_only to 2024-04-28 08:00:00+00:00, run_after=2024-04-28 12:00:00+00:00
[2024-04-28T15:58:10.919+0000] {processor.py:183} INFO - Processing /home/airflow/.local/lib/python3.12/site-packages/airflow/example_dags/example_latest_only.py took 0.066 seconds
[2024-04-28T15:58:41.312+0000] {processor.py:161} INFO - Started process (PID=685) to work on /home/airflow/.local/lib/python3.12/site-packages/airflow/example_dags/example_latest_only.py
[2024-04-28T15:58:41.313+0000] {processor.py:830} INFO - Processing file /home/airflow/.local/lib/python3.12/site-packages/airflow/example_dags/example_latest_only.py for tasks to queue
[2024-04-28T15:58:41.315+0000] {logging_mixin.py:188} INFO - [2024-04-28T15:58:41.315+0000] {dagbag.py:540} INFO - Filling up the DagBag from /home/airflow/.local/lib/python3.12/site-packages/airflow/example_dags/example_latest_only.py
[2024-04-28T15:58:41.321+0000] {processor.py:840} INFO - DAG(s) 'latest_only' retrieved from /home/airflow/.local/lib/python3.12/site-packages/airflow/example_dags/example_latest_only.py
[2024-04-28T15:58:41.339+0000] {logging_mixin.py:188} INFO - [2024-04-28T15:58:41.338+0000] {dag.py:3096} INFO - Sync 1 DAGs
[2024-04-28T15:58:41.363+0000] {logging_mixin.py:188} INFO - [2024-04-28T15:58:41.363+0000] {dag.py:3954} INFO - Setting next_dagrun for latest_only to 2024-04-28 08:00:00+00:00, run_after=2024-04-28 12:00:00+00:00
[2024-04-28T15:58:41.379+0000] {processor.py:183} INFO - Processing /home/airflow/.local/lib/python3.12/site-packages/airflow/example_dags/example_latest_only.py took 0.072 seconds
[2024-04-28T15:59:11.920+0000] {processor.py:161} INFO - Started process (PID=745) to work on /home/airflow/.local/lib/python3.12/site-packages/airflow/example_dags/example_latest_only.py
[2024-04-28T15:59:11.921+0000] {processor.py:830} INFO - Processing file /home/airflow/.local/lib/python3.12/site-packages/airflow/example_dags/example_latest_only.py for tasks to queue
[2024-04-28T15:59:11.922+0000] {logging_mixin.py:188} INFO - [2024-04-28T15:59:11.922+0000] {dagbag.py:540} INFO - Filling up the DagBag from /home/airflow/.local/lib/python3.12/site-packages/airflow/example_dags/example_latest_only.py
[2024-04-28T15:59:11.926+0000] {processor.py:840} INFO - DAG(s) 'latest_only' retrieved from /home/airflow/.local/lib/python3.12/site-packages/airflow/example_dags/example_latest_only.py
[2024-04-28T15:59:11.943+0000] {logging_mixin.py:188} INFO - [2024-04-28T15:59:11.943+0000] {dag.py:3096} INFO - Sync 1 DAGs
[2024-04-28T15:59:11.964+0000] {logging_mixin.py:188} INFO - [2024-04-28T15:59:11.964+0000] {dag.py:3954} INFO - Setting next_dagrun for latest_only to 2024-04-28 08:00:00+00:00, run_after=2024-04-28 12:00:00+00:00
[2024-04-28T15:59:11.981+0000] {processor.py:183} INFO - Processing /home/airflow/.local/lib/python3.12/site-packages/airflow/example_dags/example_latest_only.py took 0.067 seconds
[2024-04-28T15:59:42.412+0000] {processor.py:161} INFO - Started process (PID=805) to work on /home/airflow/.local/lib/python3.12/site-packages/airflow/example_dags/example_latest_only.py
[2024-04-28T15:59:42.413+0000] {processor.py:830} INFO - Processing file /home/airflow/.local/lib/python3.12/site-packages/airflow/example_dags/example_latest_only.py for tasks to queue
[2024-04-28T15:59:42.414+0000] {logging_mixin.py:188} INFO - [2024-04-28T15:59:42.414+0000] {dagbag.py:540} INFO - Filling up the DagBag from /home/airflow/.local/lib/python3.12/site-packages/airflow/example_dags/example_latest_only.py
[2024-04-28T15:59:42.418+0000] {processor.py:840} INFO - DAG(s) 'latest_only' retrieved from /home/airflow/.local/lib/python3.12/site-packages/airflow/example_dags/example_latest_only.py
[2024-04-28T15:59:42.433+0000] {logging_mixin.py:188} INFO - [2024-04-28T15:59:42.433+0000] {dag.py:3096} INFO - Sync 1 DAGs
[2024-04-28T15:59:42.449+0000] {logging_mixin.py:188} INFO - [2024-04-28T15:59:42.449+0000] {dag.py:3954} INFO - Setting next_dagrun for latest_only to 2024-04-28 08:00:00+00:00, run_after=2024-04-28 12:00:00+00:00
[2024-04-28T15:59:42.465+0000] {processor.py:183} INFO - Processing /home/airflow/.local/lib/python3.12/site-packages/airflow/example_dags/example_latest_only.py took 0.057 seconds
[2024-04-28T16:00:13.040+0000] {processor.py:161} INFO - Started process (PID=865) to work on /home/airflow/.local/lib/python3.12/site-packages/airflow/example_dags/example_latest_only.py
[2024-04-28T16:00:13.041+0000] {processor.py:830} INFO - Processing file /home/airflow/.local/lib/python3.12/site-packages/airflow/example_dags/example_latest_only.py for tasks to queue
[2024-04-28T16:00:13.042+0000] {logging_mixin.py:188} INFO - [2024-04-28T16:00:13.042+0000] {dagbag.py:540} INFO - Filling up the DagBag from /home/airflow/.local/lib/python3.12/site-packages/airflow/example_dags/example_latest_only.py
[2024-04-28T16:00:13.046+0000] {processor.py:840} INFO - DAG(s) 'latest_only' retrieved from /home/airflow/.local/lib/python3.12/site-packages/airflow/example_dags/example_latest_only.py
[2024-04-28T16:00:13.063+0000] {logging_mixin.py:188} INFO - [2024-04-28T16:00:13.062+0000] {dag.py:3096} INFO - Sync 1 DAGs
[2024-04-28T16:00:13.079+0000] {logging_mixin.py:188} INFO - [2024-04-28T16:00:13.078+0000] {dag.py:3954} INFO - Setting next_dagrun for latest_only to 2024-04-28 12:00:00+00:00, run_after=2024-04-28 16:00:00+00:00
[2024-04-28T16:00:13.094+0000] {processor.py:183} INFO - Processing /home/airflow/.local/lib/python3.12/site-packages/airflow/example_dags/example_latest_only.py took 0.059 seconds
[2024-04-28T16:00:43.561+0000] {processor.py:161} INFO - Started process (PID=925) to work on /home/airflow/.local/lib/python3.12/site-packages/airflow/example_dags/example_latest_only.py
[2024-04-28T16:00:43.562+0000] {processor.py:830} INFO - Processing file /home/airflow/.local/lib/python3.12/site-packages/airflow/example_dags/example_latest_only.py for tasks to queue
[2024-04-28T16:00:43.564+0000] {logging_mixin.py:188} INFO - [2024-04-28T16:00:43.563+0000] {dagbag.py:540} INFO - Filling up the DagBag from /home/airflow/.local/lib/python3.12/site-packages/airflow/example_dags/example_latest_only.py
[2024-04-28T16:00:43.568+0000] {processor.py:840} INFO - DAG(s) 'latest_only' retrieved from /home/airflow/.local/lib/python3.12/site-packages/airflow/example_dags/example_latest_only.py
[2024-04-28T16:00:43.585+0000] {logging_mixin.py:188} INFO - [2024-04-28T16:00:43.585+0000] {dag.py:3096} INFO - Sync 1 DAGs
[2024-04-28T16:00:43.604+0000] {logging_mixin.py:188} INFO - [2024-04-28T16:00:43.603+0000] {dag.py:3954} INFO - Setting next_dagrun for latest_only to 2024-04-28 12:00:00+00:00, run_after=2024-04-28 16:00:00+00:00
[2024-04-28T16:00:43.626+0000] {processor.py:183} INFO - Processing /home/airflow/.local/lib/python3.12/site-packages/airflow/example_dags/example_latest_only.py took 0.070 seconds
[2024-04-28T16:05:54.735+0000] {processor.py:161} INFO - Started process (PID=79) to work on /home/airflow/.local/lib/python3.12/site-packages/airflow/example_dags/example_latest_only.py
[2024-04-28T16:05:54.736+0000] {processor.py:830} INFO - Processing file /home/airflow/.local/lib/python3.12/site-packages/airflow/example_dags/example_latest_only.py for tasks to queue
[2024-04-28T16:05:54.737+0000] {logging_mixin.py:188} INFO - [2024-04-28T16:05:54.737+0000] {dagbag.py:540} INFO - Filling up the DagBag from /home/airflow/.local/lib/python3.12/site-packages/airflow/example_dags/example_latest_only.py
[2024-04-28T16:05:54.741+0000] {processor.py:840} INFO - DAG(s) 'latest_only' retrieved from /home/airflow/.local/lib/python3.12/site-packages/airflow/example_dags/example_latest_only.py
[2024-04-28T16:05:54.750+0000] {logging_mixin.py:188} INFO - [2024-04-28T16:05:54.750+0000] {dag.py:3096} INFO - Sync 1 DAGs
[2024-04-28T16:05:54.769+0000] {logging_mixin.py:188} INFO - [2024-04-28T16:05:54.769+0000] {dag.py:3954} INFO - Setting next_dagrun for latest_only to 2024-04-28 12:00:00+00:00, run_after=2024-04-28 16:00:00+00:00
[2024-04-28T16:05:54.783+0000] {processor.py:183} INFO - Processing /home/airflow/.local/lib/python3.12/site-packages/airflow/example_dags/example_latest_only.py took 0.052 seconds
[2024-04-28T16:06:26.417+0000] {processor.py:161} INFO - Started process (PID=139) to work on /home/airflow/.local/lib/python3.12/site-packages/airflow/example_dags/example_latest_only.py
[2024-04-28T16:06:26.418+0000] {processor.py:830} INFO - Processing file /home/airflow/.local/lib/python3.12/site-packages/airflow/example_dags/example_latest_only.py for tasks to queue
[2024-04-28T16:06:26.419+0000] {logging_mixin.py:188} INFO - [2024-04-28T16:06:26.419+0000] {dagbag.py:540} INFO - Filling up the DagBag from /home/airflow/.local/lib/python3.12/site-packages/airflow/example_dags/example_latest_only.py
[2024-04-28T16:06:26.423+0000] {processor.py:840} INFO - DAG(s) 'latest_only' retrieved from /home/airflow/.local/lib/python3.12/site-packages/airflow/example_dags/example_latest_only.py
[2024-04-28T16:06:26.497+0000] {logging_mixin.py:188} INFO - [2024-04-28T16:06:26.497+0000] {dag.py:3096} INFO - Sync 1 DAGs
[2024-04-28T16:06:26.513+0000] {logging_mixin.py:188} INFO - [2024-04-28T16:06:26.513+0000] {dag.py:3954} INFO - Setting next_dagrun for latest_only to 2024-04-28 12:00:00+00:00, run_after=2024-04-28 16:00:00+00:00
[2024-04-28T16:06:26.528+0000] {processor.py:183} INFO - Processing /home/airflow/.local/lib/python3.12/site-packages/airflow/example_dags/example_latest_only.py took 0.115 seconds
[2024-04-28T16:06:57.416+0000] {processor.py:161} INFO - Started process (PID=203) to work on /home/airflow/.local/lib/python3.12/site-packages/airflow/example_dags/example_latest_only.py
[2024-04-28T16:06:57.417+0000] {processor.py:830} INFO - Processing file /home/airflow/.local/lib/python3.12/site-packages/airflow/example_dags/example_latest_only.py for tasks to queue
[2024-04-28T16:06:57.418+0000] {logging_mixin.py:188} INFO - [2024-04-28T16:06:57.418+0000] {dagbag.py:540} INFO - Filling up the DagBag from /home/airflow/.local/lib/python3.12/site-packages/airflow/example_dags/example_latest_only.py
[2024-04-28T16:06:57.422+0000] {processor.py:840} INFO - DAG(s) 'latest_only' retrieved from /home/airflow/.local/lib/python3.12/site-packages/airflow/example_dags/example_latest_only.py
[2024-04-28T16:06:57.439+0000] {logging_mixin.py:188} INFO - [2024-04-28T16:06:57.438+0000] {dag.py:3096} INFO - Sync 1 DAGs
[2024-04-28T16:06:57.458+0000] {logging_mixin.py:188} INFO - [2024-04-28T16:06:57.458+0000] {dag.py:3954} INFO - Setting next_dagrun for latest_only to 2024-04-28 12:00:00+00:00, run_after=2024-04-28 16:00:00+00:00
[2024-04-28T16:06:57.475+0000] {processor.py:183} INFO - Processing /home/airflow/.local/lib/python3.12/site-packages/airflow/example_dags/example_latest_only.py took 0.064 seconds
[2024-04-28T16:07:28.002+0000] {processor.py:161} INFO - Started process (PID=263) to work on /home/airflow/.local/lib/python3.12/site-packages/airflow/example_dags/example_latest_only.py
[2024-04-28T16:07:28.003+0000] {processor.py:830} INFO - Processing file /home/airflow/.local/lib/python3.12/site-packages/airflow/example_dags/example_latest_only.py for tasks to queue
[2024-04-28T16:07:28.005+0000] {logging_mixin.py:188} INFO - [2024-04-28T16:07:28.005+0000] {dagbag.py:540} INFO - Filling up the DagBag from /home/airflow/.local/lib/python3.12/site-packages/airflow/example_dags/example_latest_only.py
[2024-04-28T16:07:28.009+0000] {processor.py:840} INFO - DAG(s) 'latest_only' retrieved from /home/airflow/.local/lib/python3.12/site-packages/airflow/example_dags/example_latest_only.py
[2024-04-28T16:07:28.025+0000] {logging_mixin.py:188} INFO - [2024-04-28T16:07:28.025+0000] {dag.py:3096} INFO - Sync 1 DAGs
[2024-04-28T16:07:28.043+0000] {logging_mixin.py:188} INFO - [2024-04-28T16:07:28.043+0000] {dag.py:3954} INFO - Setting next_dagrun for latest_only to 2024-04-28 12:00:00+00:00, run_after=2024-04-28 16:00:00+00:00
[2024-04-28T16:07:28.057+0000] {processor.py:183} INFO - Processing /home/airflow/.local/lib/python3.12/site-packages/airflow/example_dags/example_latest_only.py took 0.060 seconds
[2024-04-28T16:07:58.504+0000] {processor.py:161} INFO - Started process (PID=323) to work on /home/airflow/.local/lib/python3.12/site-packages/airflow/example_dags/example_latest_only.py
[2024-04-28T16:07:58.505+0000] {processor.py:830} INFO - Processing file /home/airflow/.local/lib/python3.12/site-packages/airflow/example_dags/example_latest_only.py for tasks to queue
[2024-04-28T16:07:58.506+0000] {logging_mixin.py:188} INFO - [2024-04-28T16:07:58.506+0000] {dagbag.py:540} INFO - Filling up the DagBag from /home/airflow/.local/lib/python3.12/site-packages/airflow/example_dags/example_latest_only.py
[2024-04-28T16:07:58.510+0000] {processor.py:840} INFO - DAG(s) 'latest_only' retrieved from /home/airflow/.local/lib/python3.12/site-packages/airflow/example_dags/example_latest_only.py
[2024-04-28T16:07:58.528+0000] {logging_mixin.py:188} INFO - [2024-04-28T16:07:58.528+0000] {dag.py:3096} INFO - Sync 1 DAGs
[2024-04-28T16:07:58.546+0000] {logging_mixin.py:188} INFO - [2024-04-28T16:07:58.546+0000] {dag.py:3954} INFO - Setting next_dagrun for latest_only to 2024-04-28 12:00:00+00:00, run_after=2024-04-28 16:00:00+00:00
[2024-04-28T16:07:58.563+0000] {processor.py:183} INFO - Processing /home/airflow/.local/lib/python3.12/site-packages/airflow/example_dags/example_latest_only.py took 0.063 seconds
[2024-04-28T16:08:29.087+0000] {processor.py:161} INFO - Started process (PID=383) to work on /home/airflow/.local/lib/python3.12/site-packages/airflow/example_dags/example_latest_only.py
[2024-04-28T16:08:29.088+0000] {processor.py:830} INFO - Processing file /home/airflow/.local/lib/python3.12/site-packages/airflow/example_dags/example_latest_only.py for tasks to queue
[2024-04-28T16:08:29.089+0000] {logging_mixin.py:188} INFO - [2024-04-28T16:08:29.089+0000] {dagbag.py:540} INFO - Filling up the DagBag from /home/airflow/.local/lib/python3.12/site-packages/airflow/example_dags/example_latest_only.py
[2024-04-28T16:08:29.094+0000] {processor.py:840} INFO - DAG(s) 'latest_only' retrieved from /home/airflow/.local/lib/python3.12/site-packages/airflow/example_dags/example_latest_only.py
[2024-04-28T16:08:29.110+0000] {logging_mixin.py:188} INFO - [2024-04-28T16:08:29.110+0000] {dag.py:3096} INFO - Sync 1 DAGs
[2024-04-28T16:08:29.127+0000] {logging_mixin.py:188} INFO - [2024-04-28T16:08:29.127+0000] {dag.py:3954} INFO - Setting next_dagrun for latest_only to 2024-04-28 12:00:00+00:00, run_after=2024-04-28 16:00:00+00:00
[2024-04-28T16:08:29.143+0000] {processor.py:183} INFO - Processing /home/airflow/.local/lib/python3.12/site-packages/airflow/example_dags/example_latest_only.py took 0.061 seconds
[2024-04-28T16:09:00.093+0000] {processor.py:161} INFO - Started process (PID=443) to work on /home/airflow/.local/lib/python3.12/site-packages/airflow/example_dags/example_latest_only.py
[2024-04-28T16:09:00.094+0000] {processor.py:830} INFO - Processing file /home/airflow/.local/lib/python3.12/site-packages/airflow/example_dags/example_latest_only.py for tasks to queue
[2024-04-28T16:09:00.095+0000] {logging_mixin.py:188} INFO - [2024-04-28T16:09:00.095+0000] {dagbag.py:540} INFO - Filling up the DagBag from /home/airflow/.local/lib/python3.12/site-packages/airflow/example_dags/example_latest_only.py
[2024-04-28T16:09:00.100+0000] {processor.py:840} INFO - DAG(s) 'latest_only' retrieved from /home/airflow/.local/lib/python3.12/site-packages/airflow/example_dags/example_latest_only.py
[2024-04-28T16:09:00.116+0000] {logging_mixin.py:188} INFO - [2024-04-28T16:09:00.115+0000] {dag.py:3096} INFO - Sync 1 DAGs
[2024-04-28T16:09:00.133+0000] {logging_mixin.py:188} INFO - [2024-04-28T16:09:00.133+0000] {dag.py:3954} INFO - Setting next_dagrun for latest_only to 2024-04-28 12:00:00+00:00, run_after=2024-04-28 16:00:00+00:00
[2024-04-28T16:09:00.147+0000] {processor.py:183} INFO - Processing /home/airflow/.local/lib/python3.12/site-packages/airflow/example_dags/example_latest_only.py took 0.059 seconds
[2024-04-28T16:09:30.807+0000] {processor.py:161} INFO - Started process (PID=503) to work on /home/airflow/.local/lib/python3.12/site-packages/airflow/example_dags/example_latest_only.py
[2024-04-28T16:09:30.808+0000] {processor.py:830} INFO - Processing file /home/airflow/.local/lib/python3.12/site-packages/airflow/example_dags/example_latest_only.py for tasks to queue
[2024-04-28T16:09:30.810+0000] {logging_mixin.py:188} INFO - [2024-04-28T16:09:30.809+0000] {dagbag.py:540} INFO - Filling up the DagBag from /home/airflow/.local/lib/python3.12/site-packages/airflow/example_dags/example_latest_only.py
[2024-04-28T16:09:30.813+0000] {processor.py:840} INFO - DAG(s) 'latest_only' retrieved from /home/airflow/.local/lib/python3.12/site-packages/airflow/example_dags/example_latest_only.py
[2024-04-28T16:09:30.830+0000] {logging_mixin.py:188} INFO - [2024-04-28T16:09:30.830+0000] {dag.py:3096} INFO - Sync 1 DAGs
[2024-04-28T16:09:30.846+0000] {logging_mixin.py:188} INFO - [2024-04-28T16:09:30.846+0000] {dag.py:3954} INFO - Setting next_dagrun for latest_only to 2024-04-28 12:00:00+00:00, run_after=2024-04-28 16:00:00+00:00
[2024-04-28T16:09:30.861+0000] {processor.py:183} INFO - Processing /home/airflow/.local/lib/python3.12/site-packages/airflow/example_dags/example_latest_only.py took 0.058 seconds
[2024-04-28T16:10:01.339+0000] {processor.py:161} INFO - Started process (PID=563) to work on /home/airflow/.local/lib/python3.12/site-packages/airflow/example_dags/example_latest_only.py
[2024-04-28T16:10:01.340+0000] {processor.py:830} INFO - Processing file /home/airflow/.local/lib/python3.12/site-packages/airflow/example_dags/example_latest_only.py for tasks to queue
[2024-04-28T16:10:01.341+0000] {logging_mixin.py:188} INFO - [2024-04-28T16:10:01.341+0000] {dagbag.py:540} INFO - Filling up the DagBag from /home/airflow/.local/lib/python3.12/site-packages/airflow/example_dags/example_latest_only.py
[2024-04-28T16:10:01.345+0000] {processor.py:840} INFO - DAG(s) 'latest_only' retrieved from /home/airflow/.local/lib/python3.12/site-packages/airflow/example_dags/example_latest_only.py
[2024-04-28T16:10:01.362+0000] {logging_mixin.py:188} INFO - [2024-04-28T16:10:01.362+0000] {dag.py:3096} INFO - Sync 1 DAGs
[2024-04-28T16:10:01.379+0000] {logging_mixin.py:188} INFO - [2024-04-28T16:10:01.378+0000] {dag.py:3954} INFO - Setting next_dagrun for latest_only to 2024-04-28 12:00:00+00:00, run_after=2024-04-28 16:00:00+00:00
[2024-04-28T16:10:01.392+0000] {processor.py:183} INFO - Processing /home/airflow/.local/lib/python3.12/site-packages/airflow/example_dags/example_latest_only.py took 0.057 seconds
[2024-04-28T16:10:31.653+0000] {processor.py:161} INFO - Started process (PID=623) to work on /home/airflow/.local/lib/python3.12/site-packages/airflow/example_dags/example_latest_only.py
[2024-04-28T16:10:31.655+0000] {processor.py:830} INFO - Processing file /home/airflow/.local/lib/python3.12/site-packages/airflow/example_dags/example_latest_only.py for tasks to queue
[2024-04-28T16:10:31.656+0000] {logging_mixin.py:188} INFO - [2024-04-28T16:10:31.656+0000] {dagbag.py:540} INFO - Filling up the DagBag from /home/airflow/.local/lib/python3.12/site-packages/airflow/example_dags/example_latest_only.py
[2024-04-28T16:10:31.660+0000] {processor.py:840} INFO - DAG(s) 'latest_only' retrieved from /home/airflow/.local/lib/python3.12/site-packages/airflow/example_dags/example_latest_only.py
[2024-04-28T16:10:31.680+0000] {logging_mixin.py:188} INFO - [2024-04-28T16:10:31.680+0000] {dag.py:3096} INFO - Sync 1 DAGs
[2024-04-28T16:10:31.698+0000] {logging_mixin.py:188} INFO - [2024-04-28T16:10:31.698+0000] {dag.py:3954} INFO - Setting next_dagrun for latest_only to 2024-04-28 12:00:00+00:00, run_after=2024-04-28 16:00:00+00:00
[2024-04-28T16:10:31.714+0000] {processor.py:183} INFO - Processing /home/airflow/.local/lib/python3.12/site-packages/airflow/example_dags/example_latest_only.py took 0.065 seconds
[2024-04-28T16:11:01.869+0000] {processor.py:161} INFO - Started process (PID=683) to work on /home/airflow/.local/lib/python3.12/site-packages/airflow/example_dags/example_latest_only.py
[2024-04-28T16:11:01.870+0000] {processor.py:830} INFO - Processing file /home/airflow/.local/lib/python3.12/site-packages/airflow/example_dags/example_latest_only.py for tasks to queue
[2024-04-28T16:11:01.872+0000] {logging_mixin.py:188} INFO - [2024-04-28T16:11:01.872+0000] {dagbag.py:540} INFO - Filling up the DagBag from /home/airflow/.local/lib/python3.12/site-packages/airflow/example_dags/example_latest_only.py
[2024-04-28T16:11:01.877+0000] {processor.py:840} INFO - DAG(s) 'latest_only' retrieved from /home/airflow/.local/lib/python3.12/site-packages/airflow/example_dags/example_latest_only.py
[2024-04-28T16:11:01.893+0000] {logging_mixin.py:188} INFO - [2024-04-28T16:11:01.892+0000] {dag.py:3096} INFO - Sync 1 DAGs
[2024-04-28T16:11:01.910+0000] {logging_mixin.py:188} INFO - [2024-04-28T16:11:01.910+0000] {dag.py:3954} INFO - Setting next_dagrun for latest_only to 2024-04-28 12:00:00+00:00, run_after=2024-04-28 16:00:00+00:00
[2024-04-28T16:11:01.929+0000] {processor.py:183} INFO - Processing /home/airflow/.local/lib/python3.12/site-packages/airflow/example_dags/example_latest_only.py took 0.065 seconds
[2024-04-28T16:11:32.574+0000] {processor.py:161} INFO - Started process (PID=743) to work on /home/airflow/.local/lib/python3.12/site-packages/airflow/example_dags/example_latest_only.py
[2024-04-28T16:11:32.575+0000] {processor.py:830} INFO - Processing file /home/airflow/.local/lib/python3.12/site-packages/airflow/example_dags/example_latest_only.py for tasks to queue
[2024-04-28T16:11:32.577+0000] {logging_mixin.py:188} INFO - [2024-04-28T16:11:32.576+0000] {dagbag.py:540} INFO - Filling up the DagBag from /home/airflow/.local/lib/python3.12/site-packages/airflow/example_dags/example_latest_only.py
[2024-04-28T16:11:32.580+0000] {processor.py:840} INFO - DAG(s) 'latest_only' retrieved from /home/airflow/.local/lib/python3.12/site-packages/airflow/example_dags/example_latest_only.py
[2024-04-28T16:11:32.598+0000] {logging_mixin.py:188} INFO - [2024-04-28T16:11:32.598+0000] {dag.py:3096} INFO - Sync 1 DAGs
[2024-04-28T16:11:32.618+0000] {logging_mixin.py:188} INFO - [2024-04-28T16:11:32.618+0000] {dag.py:3954} INFO - Setting next_dagrun for latest_only to 2024-04-28 12:00:00+00:00, run_after=2024-04-28 16:00:00+00:00
[2024-04-28T16:11:32.637+0000] {processor.py:183} INFO - Processing /home/airflow/.local/lib/python3.12/site-packages/airflow/example_dags/example_latest_only.py took 0.068 seconds
[2024-04-28T16:12:03.065+0000] {processor.py:161} INFO - Started process (PID=801) to work on /home/airflow/.local/lib/python3.12/site-packages/airflow/example_dags/example_latest_only.py
[2024-04-28T16:12:03.066+0000] {processor.py:830} INFO - Processing file /home/airflow/.local/lib/python3.12/site-packages/airflow/example_dags/example_latest_only.py for tasks to queue
[2024-04-28T16:12:03.067+0000] {logging_mixin.py:188} INFO - [2024-04-28T16:12:03.067+0000] {dagbag.py:540} INFO - Filling up the DagBag from /home/airflow/.local/lib/python3.12/site-packages/airflow/example_dags/example_latest_only.py
[2024-04-28T16:12:03.071+0000] {processor.py:840} INFO - DAG(s) 'latest_only' retrieved from /home/airflow/.local/lib/python3.12/site-packages/airflow/example_dags/example_latest_only.py
[2024-04-28T16:12:03.088+0000] {logging_mixin.py:188} INFO - [2024-04-28T16:12:03.088+0000] {dag.py:3096} INFO - Sync 1 DAGs
[2024-04-28T16:12:03.105+0000] {logging_mixin.py:188} INFO - [2024-04-28T16:12:03.105+0000] {dag.py:3954} INFO - Setting next_dagrun for latest_only to 2024-04-28 12:00:00+00:00, run_after=2024-04-28 16:00:00+00:00
[2024-04-28T16:12:03.119+0000] {processor.py:183} INFO - Processing /home/airflow/.local/lib/python3.12/site-packages/airflow/example_dags/example_latest_only.py took 0.059 seconds
[2024-04-28T16:12:33.798+0000] {processor.py:161} INFO - Started process (PID=861) to work on /home/airflow/.local/lib/python3.12/site-packages/airflow/example_dags/example_latest_only.py
[2024-04-28T16:12:33.799+0000] {processor.py:830} INFO - Processing file /home/airflow/.local/lib/python3.12/site-packages/airflow/example_dags/example_latest_only.py for tasks to queue
[2024-04-28T16:12:33.801+0000] {logging_mixin.py:188} INFO - [2024-04-28T16:12:33.801+0000] {dagbag.py:540} INFO - Filling up the DagBag from /home/airflow/.local/lib/python3.12/site-packages/airflow/example_dags/example_latest_only.py
[2024-04-28T16:12:33.805+0000] {processor.py:840} INFO - DAG(s) 'latest_only' retrieved from /home/airflow/.local/lib/python3.12/site-packages/airflow/example_dags/example_latest_only.py
[2024-04-28T16:12:33.822+0000] {logging_mixin.py:188} INFO - [2024-04-28T16:12:33.822+0000] {dag.py:3096} INFO - Sync 1 DAGs
[2024-04-28T16:12:33.841+0000] {logging_mixin.py:188} INFO - [2024-04-28T16:12:33.841+0000] {dag.py:3954} INFO - Setting next_dagrun for latest_only to 2024-04-28 12:00:00+00:00, run_after=2024-04-28 16:00:00+00:00
[2024-04-28T16:12:33.857+0000] {processor.py:183} INFO - Processing /home/airflow/.local/lib/python3.12/site-packages/airflow/example_dags/example_latest_only.py took 0.064 seconds
