[2024-04-28T15:48:55.733+0000] {processor.py:161} INFO - Started process (PID=59) to work on /home/airflow/.local/lib/python3.12/site-packages/airflow/example_dags/example_skip_dag.py
[2024-04-28T15:48:55.734+0000] {processor.py:830} INFO - Processing file /home/airflow/.local/lib/python3.12/site-packages/airflow/example_dags/example_skip_dag.py for tasks to queue
[2024-04-28T15:48:55.736+0000] {logging_mixin.py:188} INFO - [2024-04-28T15:48:55.735+0000] {dagbag.py:540} INFO - Filling up the DagBag from /home/airflow/.local/lib/python3.12/site-packages/airflow/example_dags/example_skip_dag.py
[2024-04-28T15:48:55.744+0000] {processor.py:840} INFO - DAG(s) 'example_skip_dag' retrieved from /home/airflow/.local/lib/python3.12/site-packages/airflow/example_dags/example_skip_dag.py
[2024-04-28T15:48:55.849+0000] {logging_mixin.py:188} INFO - [2024-04-28T15:48:55.848+0000] {override.py:1829} INFO - Created Permission View: can delete on DAG:example_skip_dag
[2024-04-28T15:48:55.859+0000] {logging_mixin.py:188} INFO - [2024-04-28T15:48:55.858+0000] {override.py:1829} INFO - Created Permission View: can edit on DAG:example_skip_dag
[2024-04-28T15:48:55.865+0000] {logging_mixin.py:188} INFO - [2024-04-28T15:48:55.865+0000] {override.py:1829} INFO - Created Permission View: can read on DAG:example_skip_dag
[2024-04-28T15:48:55.866+0000] {logging_mixin.py:188} INFO - [2024-04-28T15:48:55.866+0000] {dag.py:3096} INFO - Sync 1 DAGs
[2024-04-28T15:48:55.877+0000] {logging_mixin.py:188} INFO - [2024-04-28T15:48:55.877+0000] {dag.py:3118} INFO - Creating ORM DAG for example_skip_dag
[2024-04-28T15:48:55.886+0000] {logging_mixin.py:188} INFO - [2024-04-28T15:48:55.886+0000] {dag.py:3954} INFO - Setting next_dagrun for example_skip_dag to 2024-04-27 00:00:00+00:00, run_after=2024-04-28 00:00:00+00:00
[2024-04-28T15:48:55.901+0000] {processor.py:183} INFO - Processing /home/airflow/.local/lib/python3.12/site-packages/airflow/example_dags/example_skip_dag.py took 0.173 seconds
[2024-04-28T15:49:27.848+0000] {processor.py:161} INFO - Started process (PID=117) to work on /home/airflow/.local/lib/python3.12/site-packages/airflow/example_dags/example_skip_dag.py
[2024-04-28T15:49:27.851+0000] {processor.py:830} INFO - Processing file /home/airflow/.local/lib/python3.12/site-packages/airflow/example_dags/example_skip_dag.py for tasks to queue
[2024-04-28T15:49:27.853+0000] {logging_mixin.py:188} INFO - [2024-04-28T15:49:27.852+0000] {dagbag.py:540} INFO - Filling up the DagBag from /home/airflow/.local/lib/python3.12/site-packages/airflow/example_dags/example_skip_dag.py
[2024-04-28T15:49:27.861+0000] {processor.py:840} INFO - DAG(s) 'example_skip_dag' retrieved from /home/airflow/.local/lib/python3.12/site-packages/airflow/example_dags/example_skip_dag.py
[2024-04-28T15:49:27.888+0000] {logging_mixin.py:188} INFO - [2024-04-28T15:49:27.888+0000] {dag.py:3096} INFO - Sync 1 DAGs
[2024-04-28T15:49:27.912+0000] {logging_mixin.py:188} INFO - [2024-04-28T15:49:27.910+0000] {dag.py:3954} INFO - Setting next_dagrun for example_skip_dag to 2024-04-27 00:00:00+00:00, run_after=2024-04-28 00:00:00+00:00
[2024-04-28T15:49:27.948+0000] {processor.py:183} INFO - Processing /home/airflow/.local/lib/python3.12/site-packages/airflow/example_dags/example_skip_dag.py took 0.106 seconds
[2024-04-28T15:49:58.652+0000] {processor.py:161} INFO - Started process (PID=175) to work on /home/airflow/.local/lib/python3.12/site-packages/airflow/example_dags/example_skip_dag.py
[2024-04-28T15:49:58.653+0000] {processor.py:830} INFO - Processing file /home/airflow/.local/lib/python3.12/site-packages/airflow/example_dags/example_skip_dag.py for tasks to queue
[2024-04-28T15:49:58.655+0000] {logging_mixin.py:188} INFO - [2024-04-28T15:49:58.655+0000] {dagbag.py:540} INFO - Filling up the DagBag from /home/airflow/.local/lib/python3.12/site-packages/airflow/example_dags/example_skip_dag.py
[2024-04-28T15:49:58.663+0000] {processor.py:840} INFO - DAG(s) 'example_skip_dag' retrieved from /home/airflow/.local/lib/python3.12/site-packages/airflow/example_dags/example_skip_dag.py
[2024-04-28T15:49:58.686+0000] {logging_mixin.py:188} INFO - [2024-04-28T15:49:58.686+0000] {dag.py:3096} INFO - Sync 1 DAGs
[2024-04-28T15:49:58.713+0000] {logging_mixin.py:188} INFO - [2024-04-28T15:49:58.713+0000] {dag.py:3954} INFO - Setting next_dagrun for example_skip_dag to 2024-04-27 00:00:00+00:00, run_after=2024-04-28 00:00:00+00:00
[2024-04-28T15:49:58.735+0000] {processor.py:183} INFO - Processing /home/airflow/.local/lib/python3.12/site-packages/airflow/example_dags/example_skip_dag.py took 0.089 seconds
[2024-04-28T15:50:29.366+0000] {processor.py:161} INFO - Started process (PID=233) to work on /home/airflow/.local/lib/python3.12/site-packages/airflow/example_dags/example_skip_dag.py
[2024-04-28T15:50:29.367+0000] {processor.py:830} INFO - Processing file /home/airflow/.local/lib/python3.12/site-packages/airflow/example_dags/example_skip_dag.py for tasks to queue
[2024-04-28T15:50:29.369+0000] {logging_mixin.py:188} INFO - [2024-04-28T15:50:29.369+0000] {dagbag.py:540} INFO - Filling up the DagBag from /home/airflow/.local/lib/python3.12/site-packages/airflow/example_dags/example_skip_dag.py
[2024-04-28T15:50:29.374+0000] {processor.py:840} INFO - DAG(s) 'example_skip_dag' retrieved from /home/airflow/.local/lib/python3.12/site-packages/airflow/example_dags/example_skip_dag.py
[2024-04-28T15:50:29.392+0000] {logging_mixin.py:188} INFO - [2024-04-28T15:50:29.392+0000] {dag.py:3096} INFO - Sync 1 DAGs
[2024-04-28T15:50:29.410+0000] {logging_mixin.py:188} INFO - [2024-04-28T15:50:29.410+0000] {dag.py:3954} INFO - Setting next_dagrun for example_skip_dag to 2024-04-27 00:00:00+00:00, run_after=2024-04-28 00:00:00+00:00
[2024-04-28T15:50:29.430+0000] {processor.py:183} INFO - Processing /home/airflow/.local/lib/python3.12/site-packages/airflow/example_dags/example_skip_dag.py took 0.070 seconds
[2024-04-28T15:50:59.938+0000] {processor.py:161} INFO - Started process (PID=291) to work on /home/airflow/.local/lib/python3.12/site-packages/airflow/example_dags/example_skip_dag.py
[2024-04-28T15:50:59.939+0000] {processor.py:830} INFO - Processing file /home/airflow/.local/lib/python3.12/site-packages/airflow/example_dags/example_skip_dag.py for tasks to queue
[2024-04-28T15:50:59.941+0000] {logging_mixin.py:188} INFO - [2024-04-28T15:50:59.941+0000] {dagbag.py:540} INFO - Filling up the DagBag from /home/airflow/.local/lib/python3.12/site-packages/airflow/example_dags/example_skip_dag.py
[2024-04-28T15:50:59.949+0000] {processor.py:840} INFO - DAG(s) 'example_skip_dag' retrieved from /home/airflow/.local/lib/python3.12/site-packages/airflow/example_dags/example_skip_dag.py
[2024-04-28T15:50:59.974+0000] {logging_mixin.py:188} INFO - [2024-04-28T15:50:59.974+0000] {dag.py:3096} INFO - Sync 1 DAGs
[2024-04-28T15:50:59.995+0000] {logging_mixin.py:188} INFO - [2024-04-28T15:50:59.995+0000] {dag.py:3954} INFO - Setting next_dagrun for example_skip_dag to 2024-04-27 00:00:00+00:00, run_after=2024-04-28 00:00:00+00:00
[2024-04-28T15:51:00.013+0000] {processor.py:183} INFO - Processing /home/airflow/.local/lib/python3.12/site-packages/airflow/example_dags/example_skip_dag.py took 0.082 seconds
[2024-04-28T15:51:30.883+0000] {processor.py:161} INFO - Started process (PID=349) to work on /home/airflow/.local/lib/python3.12/site-packages/airflow/example_dags/example_skip_dag.py
[2024-04-28T15:51:30.886+0000] {processor.py:830} INFO - Processing file /home/airflow/.local/lib/python3.12/site-packages/airflow/example_dags/example_skip_dag.py for tasks to queue
[2024-04-28T15:51:30.889+0000] {logging_mixin.py:188} INFO - [2024-04-28T15:51:30.888+0000] {dagbag.py:540} INFO - Filling up the DagBag from /home/airflow/.local/lib/python3.12/site-packages/airflow/example_dags/example_skip_dag.py
[2024-04-28T15:51:30.898+0000] {processor.py:840} INFO - DAG(s) 'example_skip_dag' retrieved from /home/airflow/.local/lib/python3.12/site-packages/airflow/example_dags/example_skip_dag.py
[2024-04-28T15:51:30.927+0000] {logging_mixin.py:188} INFO - [2024-04-28T15:51:30.926+0000] {dag.py:3096} INFO - Sync 1 DAGs
[2024-04-28T15:51:30.959+0000] {logging_mixin.py:188} INFO - [2024-04-28T15:51:30.959+0000] {dag.py:3954} INFO - Setting next_dagrun for example_skip_dag to 2024-04-27 00:00:00+00:00, run_after=2024-04-28 00:00:00+00:00
[2024-04-28T15:51:30.988+0000] {processor.py:183} INFO - Processing /home/airflow/.local/lib/python3.12/site-packages/airflow/example_dags/example_skip_dag.py took 0.114 seconds
[2024-04-28T15:53:33.449+0000] {processor.py:161} INFO - Started process (PID=61) to work on /home/airflow/.local/lib/python3.12/site-packages/airflow/example_dags/example_skip_dag.py
[2024-04-28T15:53:33.451+0000] {processor.py:830} INFO - Processing file /home/airflow/.local/lib/python3.12/site-packages/airflow/example_dags/example_skip_dag.py for tasks to queue
[2024-04-28T15:53:33.458+0000] {logging_mixin.py:188} INFO - [2024-04-28T15:53:33.457+0000] {dagbag.py:540} INFO - Filling up the DagBag from /home/airflow/.local/lib/python3.12/site-packages/airflow/example_dags/example_skip_dag.py
[2024-04-28T15:53:33.474+0000] {processor.py:840} INFO - DAG(s) 'example_skip_dag' retrieved from /home/airflow/.local/lib/python3.12/site-packages/airflow/example_dags/example_skip_dag.py
[2024-04-28T15:53:33.491+0000] {logging_mixin.py:188} INFO - [2024-04-28T15:53:33.491+0000] {dag.py:3096} INFO - Sync 1 DAGs
[2024-04-28T15:53:33.526+0000] {logging_mixin.py:188} INFO - [2024-04-28T15:53:33.525+0000] {dag.py:3954} INFO - Setting next_dagrun for example_skip_dag to 2024-04-27 00:00:00+00:00, run_after=2024-04-28 00:00:00+00:00
[2024-04-28T15:53:33.555+0000] {processor.py:183} INFO - Processing /home/airflow/.local/lib/python3.12/site-packages/airflow/example_dags/example_skip_dag.py took 0.122 seconds
[2024-04-28T15:54:04.627+0000] {processor.py:161} INFO - Started process (PID=121) to work on /home/airflow/.local/lib/python3.12/site-packages/airflow/example_dags/example_skip_dag.py
[2024-04-28T15:54:04.628+0000] {processor.py:830} INFO - Processing file /home/airflow/.local/lib/python3.12/site-packages/airflow/example_dags/example_skip_dag.py for tasks to queue
[2024-04-28T15:54:04.630+0000] {logging_mixin.py:188} INFO - [2024-04-28T15:54:04.629+0000] {dagbag.py:540} INFO - Filling up the DagBag from /home/airflow/.local/lib/python3.12/site-packages/airflow/example_dags/example_skip_dag.py
[2024-04-28T15:54:04.635+0000] {processor.py:840} INFO - DAG(s) 'example_skip_dag' retrieved from /home/airflow/.local/lib/python3.12/site-packages/airflow/example_dags/example_skip_dag.py
[2024-04-28T15:54:04.713+0000] {logging_mixin.py:188} INFO - [2024-04-28T15:54:04.713+0000] {dag.py:3096} INFO - Sync 1 DAGs
[2024-04-28T15:54:04.729+0000] {logging_mixin.py:188} INFO - [2024-04-28T15:54:04.728+0000] {dag.py:3954} INFO - Setting next_dagrun for example_skip_dag to 2024-04-27 00:00:00+00:00, run_after=2024-04-28 00:00:00+00:00
[2024-04-28T15:54:04.750+0000] {processor.py:183} INFO - Processing /home/airflow/.local/lib/python3.12/site-packages/airflow/example_dags/example_skip_dag.py took 0.127 seconds
[2024-04-28T15:54:35.194+0000] {processor.py:161} INFO - Started process (PID=189) to work on /home/airflow/.local/lib/python3.12/site-packages/airflow/example_dags/example_skip_dag.py
[2024-04-28T15:54:35.195+0000] {processor.py:830} INFO - Processing file /home/airflow/.local/lib/python3.12/site-packages/airflow/example_dags/example_skip_dag.py for tasks to queue
[2024-04-28T15:54:35.197+0000] {logging_mixin.py:188} INFO - [2024-04-28T15:54:35.196+0000] {dagbag.py:540} INFO - Filling up the DagBag from /home/airflow/.local/lib/python3.12/site-packages/airflow/example_dags/example_skip_dag.py
[2024-04-28T15:54:35.203+0000] {processor.py:840} INFO - DAG(s) 'example_skip_dag' retrieved from /home/airflow/.local/lib/python3.12/site-packages/airflow/example_dags/example_skip_dag.py
[2024-04-28T15:54:35.220+0000] {logging_mixin.py:188} INFO - [2024-04-28T15:54:35.219+0000] {dag.py:3096} INFO - Sync 1 DAGs
[2024-04-28T15:54:35.237+0000] {logging_mixin.py:188} INFO - [2024-04-28T15:54:35.236+0000] {dag.py:3954} INFO - Setting next_dagrun for example_skip_dag to 2024-04-27 00:00:00+00:00, run_after=2024-04-28 00:00:00+00:00
[2024-04-28T15:54:35.251+0000] {processor.py:183} INFO - Processing /home/airflow/.local/lib/python3.12/site-packages/airflow/example_dags/example_skip_dag.py took 0.062 seconds
[2024-04-28T15:55:06.359+0000] {processor.py:161} INFO - Started process (PID=249) to work on /home/airflow/.local/lib/python3.12/site-packages/airflow/example_dags/example_skip_dag.py
[2024-04-28T15:55:06.360+0000] {processor.py:830} INFO - Processing file /home/airflow/.local/lib/python3.12/site-packages/airflow/example_dags/example_skip_dag.py for tasks to queue
[2024-04-28T15:55:06.362+0000] {logging_mixin.py:188} INFO - [2024-04-28T15:55:06.361+0000] {dagbag.py:540} INFO - Filling up the DagBag from /home/airflow/.local/lib/python3.12/site-packages/airflow/example_dags/example_skip_dag.py
[2024-04-28T15:55:06.367+0000] {processor.py:840} INFO - DAG(s) 'example_skip_dag' retrieved from /home/airflow/.local/lib/python3.12/site-packages/airflow/example_dags/example_skip_dag.py
[2024-04-28T15:55:06.386+0000] {logging_mixin.py:188} INFO - [2024-04-28T15:55:06.386+0000] {dag.py:3096} INFO - Sync 1 DAGs
[2024-04-28T15:55:06.410+0000] {logging_mixin.py:188} INFO - [2024-04-28T15:55:06.409+0000] {dag.py:3954} INFO - Setting next_dagrun for example_skip_dag to 2024-04-27 00:00:00+00:00, run_after=2024-04-28 00:00:00+00:00
[2024-04-28T15:55:06.431+0000] {processor.py:183} INFO - Processing /home/airflow/.local/lib/python3.12/site-packages/airflow/example_dags/example_skip_dag.py took 0.077 seconds
[2024-04-28T15:55:37.425+0000] {processor.py:161} INFO - Started process (PID=309) to work on /home/airflow/.local/lib/python3.12/site-packages/airflow/example_dags/example_skip_dag.py
[2024-04-28T15:55:37.426+0000] {processor.py:830} INFO - Processing file /home/airflow/.local/lib/python3.12/site-packages/airflow/example_dags/example_skip_dag.py for tasks to queue
[2024-04-28T15:55:37.427+0000] {logging_mixin.py:188} INFO - [2024-04-28T15:55:37.427+0000] {dagbag.py:540} INFO - Filling up the DagBag from /home/airflow/.local/lib/python3.12/site-packages/airflow/example_dags/example_skip_dag.py
[2024-04-28T15:55:37.433+0000] {processor.py:840} INFO - DAG(s) 'example_skip_dag' retrieved from /home/airflow/.local/lib/python3.12/site-packages/airflow/example_dags/example_skip_dag.py
[2024-04-28T15:55:37.453+0000] {logging_mixin.py:188} INFO - [2024-04-28T15:55:37.452+0000] {dag.py:3096} INFO - Sync 1 DAGs
[2024-04-28T15:55:37.472+0000] {logging_mixin.py:188} INFO - [2024-04-28T15:55:37.472+0000] {dag.py:3954} INFO - Setting next_dagrun for example_skip_dag to 2024-04-27 00:00:00+00:00, run_after=2024-04-28 00:00:00+00:00
[2024-04-28T15:55:37.493+0000] {processor.py:183} INFO - Processing /home/airflow/.local/lib/python3.12/site-packages/airflow/example_dags/example_skip_dag.py took 0.073 seconds
[2024-04-28T15:56:07.582+0000] {processor.py:161} INFO - Started process (PID=367) to work on /home/airflow/.local/lib/python3.12/site-packages/airflow/example_dags/example_skip_dag.py
[2024-04-28T15:56:07.583+0000] {processor.py:830} INFO - Processing file /home/airflow/.local/lib/python3.12/site-packages/airflow/example_dags/example_skip_dag.py for tasks to queue
[2024-04-28T15:56:07.585+0000] {logging_mixin.py:188} INFO - [2024-04-28T15:56:07.584+0000] {dagbag.py:540} INFO - Filling up the DagBag from /home/airflow/.local/lib/python3.12/site-packages/airflow/example_dags/example_skip_dag.py
[2024-04-28T15:56:07.590+0000] {processor.py:840} INFO - DAG(s) 'example_skip_dag' retrieved from /home/airflow/.local/lib/python3.12/site-packages/airflow/example_dags/example_skip_dag.py
[2024-04-28T15:56:07.606+0000] {logging_mixin.py:188} INFO - [2024-04-28T15:56:07.606+0000] {dag.py:3096} INFO - Sync 1 DAGs
[2024-04-28T15:56:07.625+0000] {logging_mixin.py:188} INFO - [2024-04-28T15:56:07.625+0000] {dag.py:3954} INFO - Setting next_dagrun for example_skip_dag to 2024-04-27 00:00:00+00:00, run_after=2024-04-28 00:00:00+00:00
[2024-04-28T15:56:07.639+0000] {processor.py:183} INFO - Processing /home/airflow/.local/lib/python3.12/site-packages/airflow/example_dags/example_skip_dag.py took 0.062 seconds
[2024-04-28T15:56:37.695+0000] {processor.py:161} INFO - Started process (PID=427) to work on /home/airflow/.local/lib/python3.12/site-packages/airflow/example_dags/example_skip_dag.py
[2024-04-28T15:56:37.696+0000] {processor.py:830} INFO - Processing file /home/airflow/.local/lib/python3.12/site-packages/airflow/example_dags/example_skip_dag.py for tasks to queue
[2024-04-28T15:56:37.697+0000] {logging_mixin.py:188} INFO - [2024-04-28T15:56:37.697+0000] {dagbag.py:540} INFO - Filling up the DagBag from /home/airflow/.local/lib/python3.12/site-packages/airflow/example_dags/example_skip_dag.py
[2024-04-28T15:56:37.702+0000] {processor.py:840} INFO - DAG(s) 'example_skip_dag' retrieved from /home/airflow/.local/lib/python3.12/site-packages/airflow/example_dags/example_skip_dag.py
[2024-04-28T15:56:37.719+0000] {logging_mixin.py:188} INFO - [2024-04-28T15:56:37.719+0000] {dag.py:3096} INFO - Sync 1 DAGs
[2024-04-28T15:56:37.736+0000] {logging_mixin.py:188} INFO - [2024-04-28T15:56:37.735+0000] {dag.py:3954} INFO - Setting next_dagrun for example_skip_dag to 2024-04-27 00:00:00+00:00, run_after=2024-04-28 00:00:00+00:00
[2024-04-28T15:56:37.749+0000] {processor.py:183} INFO - Processing /home/airflow/.local/lib/python3.12/site-packages/airflow/example_dags/example_skip_dag.py took 0.058 seconds
[2024-04-28T15:57:08.302+0000] {processor.py:161} INFO - Started process (PID=487) to work on /home/airflow/.local/lib/python3.12/site-packages/airflow/example_dags/example_skip_dag.py
[2024-04-28T15:57:08.303+0000] {processor.py:830} INFO - Processing file /home/airflow/.local/lib/python3.12/site-packages/airflow/example_dags/example_skip_dag.py for tasks to queue
[2024-04-28T15:57:08.305+0000] {logging_mixin.py:188} INFO - [2024-04-28T15:57:08.304+0000] {dagbag.py:540} INFO - Filling up the DagBag from /home/airflow/.local/lib/python3.12/site-packages/airflow/example_dags/example_skip_dag.py
[2024-04-28T15:57:08.309+0000] {processor.py:840} INFO - DAG(s) 'example_skip_dag' retrieved from /home/airflow/.local/lib/python3.12/site-packages/airflow/example_dags/example_skip_dag.py
[2024-04-28T15:57:08.326+0000] {logging_mixin.py:188} INFO - [2024-04-28T15:57:08.325+0000] {dag.py:3096} INFO - Sync 1 DAGs
[2024-04-28T15:57:08.341+0000] {logging_mixin.py:188} INFO - [2024-04-28T15:57:08.341+0000] {dag.py:3954} INFO - Setting next_dagrun for example_skip_dag to 2024-04-27 00:00:00+00:00, run_after=2024-04-28 00:00:00+00:00
[2024-04-28T15:57:08.357+0000] {processor.py:183} INFO - Processing /home/airflow/.local/lib/python3.12/site-packages/airflow/example_dags/example_skip_dag.py took 0.059 seconds
[2024-04-28T15:57:38.729+0000] {processor.py:161} INFO - Started process (PID=547) to work on /home/airflow/.local/lib/python3.12/site-packages/airflow/example_dags/example_skip_dag.py
[2024-04-28T15:57:38.730+0000] {processor.py:830} INFO - Processing file /home/airflow/.local/lib/python3.12/site-packages/airflow/example_dags/example_skip_dag.py for tasks to queue
[2024-04-28T15:57:38.732+0000] {logging_mixin.py:188} INFO - [2024-04-28T15:57:38.731+0000] {dagbag.py:540} INFO - Filling up the DagBag from /home/airflow/.local/lib/python3.12/site-packages/airflow/example_dags/example_skip_dag.py
[2024-04-28T15:57:38.736+0000] {processor.py:840} INFO - DAG(s) 'example_skip_dag' retrieved from /home/airflow/.local/lib/python3.12/site-packages/airflow/example_dags/example_skip_dag.py
[2024-04-28T15:57:38.753+0000] {logging_mixin.py:188} INFO - [2024-04-28T15:57:38.752+0000] {dag.py:3096} INFO - Sync 1 DAGs
[2024-04-28T15:57:38.769+0000] {logging_mixin.py:188} INFO - [2024-04-28T15:57:38.769+0000] {dag.py:3954} INFO - Setting next_dagrun for example_skip_dag to 2024-04-27 00:00:00+00:00, run_after=2024-04-28 00:00:00+00:00
[2024-04-28T15:57:38.784+0000] {processor.py:183} INFO - Processing /home/airflow/.local/lib/python3.12/site-packages/airflow/example_dags/example_skip_dag.py took 0.059 seconds
[2024-04-28T15:58:09.069+0000] {processor.py:161} INFO - Started process (PID=607) to work on /home/airflow/.local/lib/python3.12/site-packages/airflow/example_dags/example_skip_dag.py
[2024-04-28T15:58:09.070+0000] {processor.py:830} INFO - Processing file /home/airflow/.local/lib/python3.12/site-packages/airflow/example_dags/example_skip_dag.py for tasks to queue
[2024-04-28T15:58:09.071+0000] {logging_mixin.py:188} INFO - [2024-04-28T15:58:09.071+0000] {dagbag.py:540} INFO - Filling up the DagBag from /home/airflow/.local/lib/python3.12/site-packages/airflow/example_dags/example_skip_dag.py
[2024-04-28T15:58:09.076+0000] {processor.py:840} INFO - DAG(s) 'example_skip_dag' retrieved from /home/airflow/.local/lib/python3.12/site-packages/airflow/example_dags/example_skip_dag.py
[2024-04-28T15:58:09.091+0000] {logging_mixin.py:188} INFO - [2024-04-28T15:58:09.091+0000] {dag.py:3096} INFO - Sync 1 DAGs
[2024-04-28T15:58:09.107+0000] {logging_mixin.py:188} INFO - [2024-04-28T15:58:09.107+0000] {dag.py:3954} INFO - Setting next_dagrun for example_skip_dag to 2024-04-27 00:00:00+00:00, run_after=2024-04-28 00:00:00+00:00
[2024-04-28T15:58:09.123+0000] {processor.py:183} INFO - Processing /home/airflow/.local/lib/python3.12/site-packages/airflow/example_dags/example_skip_dag.py took 0.058 seconds
[2024-04-28T15:58:39.590+0000] {processor.py:161} INFO - Started process (PID=667) to work on /home/airflow/.local/lib/python3.12/site-packages/airflow/example_dags/example_skip_dag.py
[2024-04-28T15:58:39.592+0000] {processor.py:830} INFO - Processing file /home/airflow/.local/lib/python3.12/site-packages/airflow/example_dags/example_skip_dag.py for tasks to queue
[2024-04-28T15:58:39.594+0000] {logging_mixin.py:188} INFO - [2024-04-28T15:58:39.594+0000] {dagbag.py:540} INFO - Filling up the DagBag from /home/airflow/.local/lib/python3.12/site-packages/airflow/example_dags/example_skip_dag.py
[2024-04-28T15:58:39.602+0000] {processor.py:840} INFO - DAG(s) 'example_skip_dag' retrieved from /home/airflow/.local/lib/python3.12/site-packages/airflow/example_dags/example_skip_dag.py
[2024-04-28T15:58:39.625+0000] {logging_mixin.py:188} INFO - [2024-04-28T15:58:39.625+0000] {dag.py:3096} INFO - Sync 1 DAGs
[2024-04-28T15:58:39.647+0000] {logging_mixin.py:188} INFO - [2024-04-28T15:58:39.647+0000] {dag.py:3954} INFO - Setting next_dagrun for example_skip_dag to 2024-04-27 00:00:00+00:00, run_after=2024-04-28 00:00:00+00:00
[2024-04-28T15:58:39.664+0000] {processor.py:183} INFO - Processing /home/airflow/.local/lib/python3.12/site-packages/airflow/example_dags/example_skip_dag.py took 0.082 seconds
[2024-04-28T15:59:10.183+0000] {processor.py:161} INFO - Started process (PID=727) to work on /home/airflow/.local/lib/python3.12/site-packages/airflow/example_dags/example_skip_dag.py
[2024-04-28T15:59:10.184+0000] {processor.py:830} INFO - Processing file /home/airflow/.local/lib/python3.12/site-packages/airflow/example_dags/example_skip_dag.py for tasks to queue
[2024-04-28T15:59:10.185+0000] {logging_mixin.py:188} INFO - [2024-04-28T15:59:10.185+0000] {dagbag.py:540} INFO - Filling up the DagBag from /home/airflow/.local/lib/python3.12/site-packages/airflow/example_dags/example_skip_dag.py
[2024-04-28T15:59:10.190+0000] {processor.py:840} INFO - DAG(s) 'example_skip_dag' retrieved from /home/airflow/.local/lib/python3.12/site-packages/airflow/example_dags/example_skip_dag.py
[2024-04-28T15:59:10.207+0000] {logging_mixin.py:188} INFO - [2024-04-28T15:59:10.207+0000] {dag.py:3096} INFO - Sync 1 DAGs
[2024-04-28T15:59:10.225+0000] {logging_mixin.py:188} INFO - [2024-04-28T15:59:10.225+0000] {dag.py:3954} INFO - Setting next_dagrun for example_skip_dag to 2024-04-27 00:00:00+00:00, run_after=2024-04-28 00:00:00+00:00
[2024-04-28T15:59:10.242+0000] {processor.py:183} INFO - Processing /home/airflow/.local/lib/python3.12/site-packages/airflow/example_dags/example_skip_dag.py took 0.064 seconds
[2024-04-28T15:59:40.712+0000] {processor.py:161} INFO - Started process (PID=787) to work on /home/airflow/.local/lib/python3.12/site-packages/airflow/example_dags/example_skip_dag.py
[2024-04-28T15:59:40.713+0000] {processor.py:830} INFO - Processing file /home/airflow/.local/lib/python3.12/site-packages/airflow/example_dags/example_skip_dag.py for tasks to queue
[2024-04-28T15:59:40.715+0000] {logging_mixin.py:188} INFO - [2024-04-28T15:59:40.714+0000] {dagbag.py:540} INFO - Filling up the DagBag from /home/airflow/.local/lib/python3.12/site-packages/airflow/example_dags/example_skip_dag.py
[2024-04-28T15:59:40.721+0000] {processor.py:840} INFO - DAG(s) 'example_skip_dag' retrieved from /home/airflow/.local/lib/python3.12/site-packages/airflow/example_dags/example_skip_dag.py
[2024-04-28T15:59:40.737+0000] {logging_mixin.py:188} INFO - [2024-04-28T15:59:40.737+0000] {dag.py:3096} INFO - Sync 1 DAGs
[2024-04-28T15:59:40.753+0000] {logging_mixin.py:188} INFO - [2024-04-28T15:59:40.753+0000] {dag.py:3954} INFO - Setting next_dagrun for example_skip_dag to 2024-04-27 00:00:00+00:00, run_after=2024-04-28 00:00:00+00:00
[2024-04-28T15:59:40.769+0000] {processor.py:183} INFO - Processing /home/airflow/.local/lib/python3.12/site-packages/airflow/example_dags/example_skip_dag.py took 0.062 seconds
[2024-04-28T16:00:11.347+0000] {processor.py:161} INFO - Started process (PID=847) to work on /home/airflow/.local/lib/python3.12/site-packages/airflow/example_dags/example_skip_dag.py
[2024-04-28T16:00:11.348+0000] {processor.py:830} INFO - Processing file /home/airflow/.local/lib/python3.12/site-packages/airflow/example_dags/example_skip_dag.py for tasks to queue
[2024-04-28T16:00:11.349+0000] {logging_mixin.py:188} INFO - [2024-04-28T16:00:11.349+0000] {dagbag.py:540} INFO - Filling up the DagBag from /home/airflow/.local/lib/python3.12/site-packages/airflow/example_dags/example_skip_dag.py
[2024-04-28T16:00:11.354+0000] {processor.py:840} INFO - DAG(s) 'example_skip_dag' retrieved from /home/airflow/.local/lib/python3.12/site-packages/airflow/example_dags/example_skip_dag.py
[2024-04-28T16:00:11.369+0000] {logging_mixin.py:188} INFO - [2024-04-28T16:00:11.369+0000] {dag.py:3096} INFO - Sync 1 DAGs
[2024-04-28T16:00:11.385+0000] {logging_mixin.py:188} INFO - [2024-04-28T16:00:11.384+0000] {dag.py:3954} INFO - Setting next_dagrun for example_skip_dag to 2024-04-27 00:00:00+00:00, run_after=2024-04-28 00:00:00+00:00
[2024-04-28T16:00:11.400+0000] {processor.py:183} INFO - Processing /home/airflow/.local/lib/python3.12/site-packages/airflow/example_dags/example_skip_dag.py took 0.057 seconds
[2024-04-28T16:00:41.814+0000] {processor.py:161} INFO - Started process (PID=907) to work on /home/airflow/.local/lib/python3.12/site-packages/airflow/example_dags/example_skip_dag.py
[2024-04-28T16:00:41.815+0000] {processor.py:830} INFO - Processing file /home/airflow/.local/lib/python3.12/site-packages/airflow/example_dags/example_skip_dag.py for tasks to queue
[2024-04-28T16:00:41.817+0000] {logging_mixin.py:188} INFO - [2024-04-28T16:00:41.817+0000] {dagbag.py:540} INFO - Filling up the DagBag from /home/airflow/.local/lib/python3.12/site-packages/airflow/example_dags/example_skip_dag.py
[2024-04-28T16:00:41.822+0000] {processor.py:840} INFO - DAG(s) 'example_skip_dag' retrieved from /home/airflow/.local/lib/python3.12/site-packages/airflow/example_dags/example_skip_dag.py
[2024-04-28T16:00:41.838+0000] {logging_mixin.py:188} INFO - [2024-04-28T16:00:41.838+0000] {dag.py:3096} INFO - Sync 1 DAGs
[2024-04-28T16:00:41.856+0000] {logging_mixin.py:188} INFO - [2024-04-28T16:00:41.855+0000] {dag.py:3954} INFO - Setting next_dagrun for example_skip_dag to 2024-04-27 00:00:00+00:00, run_after=2024-04-28 00:00:00+00:00
[2024-04-28T16:00:41.872+0000] {processor.py:183} INFO - Processing /home/airflow/.local/lib/python3.12/site-packages/airflow/example_dags/example_skip_dag.py took 0.063 seconds
[2024-04-28T16:05:54.026+0000] {processor.py:161} INFO - Started process (PID=61) to work on /home/airflow/.local/lib/python3.12/site-packages/airflow/example_dags/example_skip_dag.py
[2024-04-28T16:05:54.027+0000] {processor.py:830} INFO - Processing file /home/airflow/.local/lib/python3.12/site-packages/airflow/example_dags/example_skip_dag.py for tasks to queue
[2024-04-28T16:05:54.028+0000] {logging_mixin.py:188} INFO - [2024-04-28T16:05:54.028+0000] {dagbag.py:540} INFO - Filling up the DagBag from /home/airflow/.local/lib/python3.12/site-packages/airflow/example_dags/example_skip_dag.py
[2024-04-28T16:05:54.034+0000] {processor.py:840} INFO - DAG(s) 'example_skip_dag' retrieved from /home/airflow/.local/lib/python3.12/site-packages/airflow/example_dags/example_skip_dag.py
[2024-04-28T16:05:54.045+0000] {logging_mixin.py:188} INFO - [2024-04-28T16:05:54.044+0000] {dag.py:3096} INFO - Sync 1 DAGs
[2024-04-28T16:05:54.067+0000] {logging_mixin.py:188} INFO - [2024-04-28T16:05:54.066+0000] {dag.py:3954} INFO - Setting next_dagrun for example_skip_dag to 2024-04-27 00:00:00+00:00, run_after=2024-04-28 00:00:00+00:00
[2024-04-28T16:05:54.085+0000] {processor.py:183} INFO - Processing /home/airflow/.local/lib/python3.12/site-packages/airflow/example_dags/example_skip_dag.py took 0.063 seconds
[2024-04-28T16:06:25.064+0000] {processor.py:161} INFO - Started process (PID=121) to work on /home/airflow/.local/lib/python3.12/site-packages/airflow/example_dags/example_skip_dag.py
[2024-04-28T16:06:25.066+0000] {processor.py:830} INFO - Processing file /home/airflow/.local/lib/python3.12/site-packages/airflow/example_dags/example_skip_dag.py for tasks to queue
[2024-04-28T16:06:25.067+0000] {logging_mixin.py:188} INFO - [2024-04-28T16:06:25.067+0000] {dagbag.py:540} INFO - Filling up the DagBag from /home/airflow/.local/lib/python3.12/site-packages/airflow/example_dags/example_skip_dag.py
[2024-04-28T16:06:25.073+0000] {processor.py:840} INFO - DAG(s) 'example_skip_dag' retrieved from /home/airflow/.local/lib/python3.12/site-packages/airflow/example_dags/example_skip_dag.py
[2024-04-28T16:06:25.156+0000] {logging_mixin.py:188} INFO - [2024-04-28T16:06:25.156+0000] {dag.py:3096} INFO - Sync 1 DAGs
[2024-04-28T16:06:25.172+0000] {logging_mixin.py:188} INFO - [2024-04-28T16:06:25.172+0000] {dag.py:3954} INFO - Setting next_dagrun for example_skip_dag to 2024-04-27 00:00:00+00:00, run_after=2024-04-28 00:00:00+00:00
[2024-04-28T16:06:25.189+0000] {processor.py:183} INFO - Processing /home/airflow/.local/lib/python3.12/site-packages/airflow/example_dags/example_skip_dag.py took 0.130 seconds
[2024-04-28T16:06:55.763+0000] {processor.py:161} INFO - Started process (PID=185) to work on /home/airflow/.local/lib/python3.12/site-packages/airflow/example_dags/example_skip_dag.py
[2024-04-28T16:06:55.764+0000] {processor.py:830} INFO - Processing file /home/airflow/.local/lib/python3.12/site-packages/airflow/example_dags/example_skip_dag.py for tasks to queue
[2024-04-28T16:06:55.766+0000] {logging_mixin.py:188} INFO - [2024-04-28T16:06:55.765+0000] {dagbag.py:540} INFO - Filling up the DagBag from /home/airflow/.local/lib/python3.12/site-packages/airflow/example_dags/example_skip_dag.py
[2024-04-28T16:06:55.771+0000] {processor.py:840} INFO - DAG(s) 'example_skip_dag' retrieved from /home/airflow/.local/lib/python3.12/site-packages/airflow/example_dags/example_skip_dag.py
[2024-04-28T16:06:55.789+0000] {logging_mixin.py:188} INFO - [2024-04-28T16:06:55.789+0000] {dag.py:3096} INFO - Sync 1 DAGs
[2024-04-28T16:06:55.806+0000] {logging_mixin.py:188} INFO - [2024-04-28T16:06:55.806+0000] {dag.py:3954} INFO - Setting next_dagrun for example_skip_dag to 2024-04-27 00:00:00+00:00, run_after=2024-04-28 00:00:00+00:00
[2024-04-28T16:06:55.821+0000] {processor.py:183} INFO - Processing /home/airflow/.local/lib/python3.12/site-packages/airflow/example_dags/example_skip_dag.py took 0.063 seconds
[2024-04-28T16:07:26.361+0000] {processor.py:161} INFO - Started process (PID=245) to work on /home/airflow/.local/lib/python3.12/site-packages/airflow/example_dags/example_skip_dag.py
[2024-04-28T16:07:26.362+0000] {processor.py:830} INFO - Processing file /home/airflow/.local/lib/python3.12/site-packages/airflow/example_dags/example_skip_dag.py for tasks to queue
[2024-04-28T16:07:26.363+0000] {logging_mixin.py:188} INFO - [2024-04-28T16:07:26.363+0000] {dagbag.py:540} INFO - Filling up the DagBag from /home/airflow/.local/lib/python3.12/site-packages/airflow/example_dags/example_skip_dag.py
[2024-04-28T16:07:26.368+0000] {processor.py:840} INFO - DAG(s) 'example_skip_dag' retrieved from /home/airflow/.local/lib/python3.12/site-packages/airflow/example_dags/example_skip_dag.py
[2024-04-28T16:07:26.385+0000] {logging_mixin.py:188} INFO - [2024-04-28T16:07:26.385+0000] {dag.py:3096} INFO - Sync 1 DAGs
[2024-04-28T16:07:26.402+0000] {logging_mixin.py:188} INFO - [2024-04-28T16:07:26.401+0000] {dag.py:3954} INFO - Setting next_dagrun for example_skip_dag to 2024-04-27 00:00:00+00:00, run_after=2024-04-28 00:00:00+00:00
[2024-04-28T16:07:26.415+0000] {processor.py:183} INFO - Processing /home/airflow/.local/lib/python3.12/site-packages/airflow/example_dags/example_skip_dag.py took 0.058 seconds
[2024-04-28T16:07:56.674+0000] {processor.py:161} INFO - Started process (PID=305) to work on /home/airflow/.local/lib/python3.12/site-packages/airflow/example_dags/example_skip_dag.py
[2024-04-28T16:07:56.675+0000] {processor.py:830} INFO - Processing file /home/airflow/.local/lib/python3.12/site-packages/airflow/example_dags/example_skip_dag.py for tasks to queue
[2024-04-28T16:07:56.676+0000] {logging_mixin.py:188} INFO - [2024-04-28T16:07:56.676+0000] {dagbag.py:540} INFO - Filling up the DagBag from /home/airflow/.local/lib/python3.12/site-packages/airflow/example_dags/example_skip_dag.py
[2024-04-28T16:07:56.682+0000] {processor.py:840} INFO - DAG(s) 'example_skip_dag' retrieved from /home/airflow/.local/lib/python3.12/site-packages/airflow/example_dags/example_skip_dag.py
[2024-04-28T16:07:56.700+0000] {logging_mixin.py:188} INFO - [2024-04-28T16:07:56.699+0000] {dag.py:3096} INFO - Sync 1 DAGs
[2024-04-28T16:07:56.718+0000] {logging_mixin.py:188} INFO - [2024-04-28T16:07:56.717+0000] {dag.py:3954} INFO - Setting next_dagrun for example_skip_dag to 2024-04-27 00:00:00+00:00, run_after=2024-04-28 00:00:00+00:00
[2024-04-28T16:07:56.735+0000] {processor.py:183} INFO - Processing /home/airflow/.local/lib/python3.12/site-packages/airflow/example_dags/example_skip_dag.py took 0.066 seconds
[2024-04-28T16:08:27.134+0000] {processor.py:161} INFO - Started process (PID=364) to work on /home/airflow/.local/lib/python3.12/site-packages/airflow/example_dags/example_skip_dag.py
[2024-04-28T16:08:27.135+0000] {processor.py:830} INFO - Processing file /home/airflow/.local/lib/python3.12/site-packages/airflow/example_dags/example_skip_dag.py for tasks to queue
[2024-04-28T16:08:27.136+0000] {logging_mixin.py:188} INFO - [2024-04-28T16:08:27.136+0000] {dagbag.py:540} INFO - Filling up the DagBag from /home/airflow/.local/lib/python3.12/site-packages/airflow/example_dags/example_skip_dag.py
[2024-04-28T16:08:27.142+0000] {processor.py:840} INFO - DAG(s) 'example_skip_dag' retrieved from /home/airflow/.local/lib/python3.12/site-packages/airflow/example_dags/example_skip_dag.py
[2024-04-28T16:08:27.161+0000] {logging_mixin.py:188} INFO - [2024-04-28T16:08:27.161+0000] {dag.py:3096} INFO - Sync 1 DAGs
[2024-04-28T16:08:27.178+0000] {logging_mixin.py:188} INFO - [2024-04-28T16:08:27.178+0000] {dag.py:3954} INFO - Setting next_dagrun for example_skip_dag to 2024-04-27 00:00:00+00:00, run_after=2024-04-28 00:00:00+00:00
[2024-04-28T16:08:27.195+0000] {processor.py:183} INFO - Processing /home/airflow/.local/lib/python3.12/site-packages/airflow/example_dags/example_skip_dag.py took 0.066 seconds
[2024-04-28T16:08:57.666+0000] {processor.py:161} INFO - Started process (PID=423) to work on /home/airflow/.local/lib/python3.12/site-packages/airflow/example_dags/example_skip_dag.py
[2024-04-28T16:08:57.667+0000] {processor.py:830} INFO - Processing file /home/airflow/.local/lib/python3.12/site-packages/airflow/example_dags/example_skip_dag.py for tasks to queue
[2024-04-28T16:08:57.668+0000] {logging_mixin.py:188} INFO - [2024-04-28T16:08:57.668+0000] {dagbag.py:540} INFO - Filling up the DagBag from /home/airflow/.local/lib/python3.12/site-packages/airflow/example_dags/example_skip_dag.py
[2024-04-28T16:08:57.673+0000] {processor.py:840} INFO - DAG(s) 'example_skip_dag' retrieved from /home/airflow/.local/lib/python3.12/site-packages/airflow/example_dags/example_skip_dag.py
[2024-04-28T16:08:57.690+0000] {logging_mixin.py:188} INFO - [2024-04-28T16:08:57.690+0000] {dag.py:3096} INFO - Sync 1 DAGs
[2024-04-28T16:08:57.709+0000] {logging_mixin.py:188} INFO - [2024-04-28T16:08:57.709+0000] {dag.py:3954} INFO - Setting next_dagrun for example_skip_dag to 2024-04-27 00:00:00+00:00, run_after=2024-04-28 00:00:00+00:00
[2024-04-28T16:08:57.725+0000] {processor.py:183} INFO - Processing /home/airflow/.local/lib/python3.12/site-packages/airflow/example_dags/example_skip_dag.py took 0.065 seconds
[2024-04-28T16:09:27.935+0000] {processor.py:161} INFO - Started process (PID=483) to work on /home/airflow/.local/lib/python3.12/site-packages/airflow/example_dags/example_skip_dag.py
[2024-04-28T16:09:27.936+0000] {processor.py:830} INFO - Processing file /home/airflow/.local/lib/python3.12/site-packages/airflow/example_dags/example_skip_dag.py for tasks to queue
[2024-04-28T16:09:27.937+0000] {logging_mixin.py:188} INFO - [2024-04-28T16:09:27.937+0000] {dagbag.py:540} INFO - Filling up the DagBag from /home/airflow/.local/lib/python3.12/site-packages/airflow/example_dags/example_skip_dag.py
[2024-04-28T16:09:27.942+0000] {processor.py:840} INFO - DAG(s) 'example_skip_dag' retrieved from /home/airflow/.local/lib/python3.12/site-packages/airflow/example_dags/example_skip_dag.py
[2024-04-28T16:09:27.958+0000] {logging_mixin.py:188} INFO - [2024-04-28T16:09:27.958+0000] {dag.py:3096} INFO - Sync 1 DAGs
[2024-04-28T16:09:27.974+0000] {logging_mixin.py:188} INFO - [2024-04-28T16:09:27.973+0000] {dag.py:3954} INFO - Setting next_dagrun for example_skip_dag to 2024-04-27 00:00:00+00:00, run_after=2024-04-28 00:00:00+00:00
[2024-04-28T16:09:27.987+0000] {processor.py:183} INFO - Processing /home/airflow/.local/lib/python3.12/site-packages/airflow/example_dags/example_skip_dag.py took 0.057 seconds
[2024-04-28T16:09:58.312+0000] {processor.py:161} INFO - Started process (PID=543) to work on /home/airflow/.local/lib/python3.12/site-packages/airflow/example_dags/example_skip_dag.py
[2024-04-28T16:09:58.313+0000] {processor.py:830} INFO - Processing file /home/airflow/.local/lib/python3.12/site-packages/airflow/example_dags/example_skip_dag.py for tasks to queue
[2024-04-28T16:09:58.314+0000] {logging_mixin.py:188} INFO - [2024-04-28T16:09:58.314+0000] {dagbag.py:540} INFO - Filling up the DagBag from /home/airflow/.local/lib/python3.12/site-packages/airflow/example_dags/example_skip_dag.py
[2024-04-28T16:09:58.319+0000] {processor.py:840} INFO - DAG(s) 'example_skip_dag' retrieved from /home/airflow/.local/lib/python3.12/site-packages/airflow/example_dags/example_skip_dag.py
[2024-04-28T16:09:58.343+0000] {logging_mixin.py:188} INFO - [2024-04-28T16:09:58.342+0000] {dag.py:3096} INFO - Sync 1 DAGs
[2024-04-28T16:09:58.365+0000] {logging_mixin.py:188} INFO - [2024-04-28T16:09:58.365+0000] {dag.py:3954} INFO - Setting next_dagrun for example_skip_dag to 2024-04-27 00:00:00+00:00, run_after=2024-04-28 00:00:00+00:00
[2024-04-28T16:09:58.384+0000] {processor.py:183} INFO - Processing /home/airflow/.local/lib/python3.12/site-packages/airflow/example_dags/example_skip_dag.py took 0.077 seconds
[2024-04-28T16:10:28.775+0000] {processor.py:161} INFO - Started process (PID=603) to work on /home/airflow/.local/lib/python3.12/site-packages/airflow/example_dags/example_skip_dag.py
[2024-04-28T16:10:28.776+0000] {processor.py:830} INFO - Processing file /home/airflow/.local/lib/python3.12/site-packages/airflow/example_dags/example_skip_dag.py for tasks to queue
[2024-04-28T16:10:28.777+0000] {logging_mixin.py:188} INFO - [2024-04-28T16:10:28.777+0000] {dagbag.py:540} INFO - Filling up the DagBag from /home/airflow/.local/lib/python3.12/site-packages/airflow/example_dags/example_skip_dag.py
[2024-04-28T16:10:28.782+0000] {processor.py:840} INFO - DAG(s) 'example_skip_dag' retrieved from /home/airflow/.local/lib/python3.12/site-packages/airflow/example_dags/example_skip_dag.py
[2024-04-28T16:10:28.798+0000] {logging_mixin.py:188} INFO - [2024-04-28T16:10:28.798+0000] {dag.py:3096} INFO - Sync 1 DAGs
[2024-04-28T16:10:28.815+0000] {logging_mixin.py:188} INFO - [2024-04-28T16:10:28.815+0000] {dag.py:3954} INFO - Setting next_dagrun for example_skip_dag to 2024-04-27 00:00:00+00:00, run_after=2024-04-28 00:00:00+00:00
[2024-04-28T16:10:28.830+0000] {processor.py:183} INFO - Processing /home/airflow/.local/lib/python3.12/site-packages/airflow/example_dags/example_skip_dag.py took 0.060 seconds
[2024-04-28T16:10:59.136+0000] {processor.py:161} INFO - Started process (PID=663) to work on /home/airflow/.local/lib/python3.12/site-packages/airflow/example_dags/example_skip_dag.py
[2024-04-28T16:10:59.137+0000] {processor.py:830} INFO - Processing file /home/airflow/.local/lib/python3.12/site-packages/airflow/example_dags/example_skip_dag.py for tasks to queue
[2024-04-28T16:10:59.138+0000] {logging_mixin.py:188} INFO - [2024-04-28T16:10:59.138+0000] {dagbag.py:540} INFO - Filling up the DagBag from /home/airflow/.local/lib/python3.12/site-packages/airflow/example_dags/example_skip_dag.py
[2024-04-28T16:10:59.143+0000] {processor.py:840} INFO - DAG(s) 'example_skip_dag' retrieved from /home/airflow/.local/lib/python3.12/site-packages/airflow/example_dags/example_skip_dag.py
[2024-04-28T16:10:59.158+0000] {logging_mixin.py:188} INFO - [2024-04-28T16:10:59.158+0000] {dag.py:3096} INFO - Sync 1 DAGs
[2024-04-28T16:10:59.174+0000] {logging_mixin.py:188} INFO - [2024-04-28T16:10:59.174+0000] {dag.py:3954} INFO - Setting next_dagrun for example_skip_dag to 2024-04-27 00:00:00+00:00, run_after=2024-04-28 00:00:00+00:00
[2024-04-28T16:10:59.189+0000] {processor.py:183} INFO - Processing /home/airflow/.local/lib/python3.12/site-packages/airflow/example_dags/example_skip_dag.py took 0.058 seconds
[2024-04-28T16:11:29.776+0000] {processor.py:161} INFO - Started process (PID=723) to work on /home/airflow/.local/lib/python3.12/site-packages/airflow/example_dags/example_skip_dag.py
[2024-04-28T16:11:29.776+0000] {processor.py:830} INFO - Processing file /home/airflow/.local/lib/python3.12/site-packages/airflow/example_dags/example_skip_dag.py for tasks to queue
[2024-04-28T16:11:29.778+0000] {logging_mixin.py:188} INFO - [2024-04-28T16:11:29.778+0000] {dagbag.py:540} INFO - Filling up the DagBag from /home/airflow/.local/lib/python3.12/site-packages/airflow/example_dags/example_skip_dag.py
[2024-04-28T16:11:29.783+0000] {processor.py:840} INFO - DAG(s) 'example_skip_dag' retrieved from /home/airflow/.local/lib/python3.12/site-packages/airflow/example_dags/example_skip_dag.py
[2024-04-28T16:11:29.802+0000] {logging_mixin.py:188} INFO - [2024-04-28T16:11:29.801+0000] {dag.py:3096} INFO - Sync 1 DAGs
[2024-04-28T16:11:29.822+0000] {logging_mixin.py:188} INFO - [2024-04-28T16:11:29.822+0000] {dag.py:3954} INFO - Setting next_dagrun for example_skip_dag to 2024-04-27 00:00:00+00:00, run_after=2024-04-28 00:00:00+00:00
[2024-04-28T16:11:29.837+0000] {processor.py:183} INFO - Processing /home/airflow/.local/lib/python3.12/site-packages/airflow/example_dags/example_skip_dag.py took 0.067 seconds
[2024-04-28T16:12:00.329+0000] {processor.py:161} INFO - Started process (PID=783) to work on /home/airflow/.local/lib/python3.12/site-packages/airflow/example_dags/example_skip_dag.py
[2024-04-28T16:12:00.330+0000] {processor.py:830} INFO - Processing file /home/airflow/.local/lib/python3.12/site-packages/airflow/example_dags/example_skip_dag.py for tasks to queue
[2024-04-28T16:12:00.332+0000] {logging_mixin.py:188} INFO - [2024-04-28T16:12:00.331+0000] {dagbag.py:540} INFO - Filling up the DagBag from /home/airflow/.local/lib/python3.12/site-packages/airflow/example_dags/example_skip_dag.py
[2024-04-28T16:12:00.336+0000] {processor.py:840} INFO - DAG(s) 'example_skip_dag' retrieved from /home/airflow/.local/lib/python3.12/site-packages/airflow/example_dags/example_skip_dag.py
[2024-04-28T16:12:00.353+0000] {logging_mixin.py:188} INFO - [2024-04-28T16:12:00.352+0000] {dag.py:3096} INFO - Sync 1 DAGs
[2024-04-28T16:12:00.369+0000] {logging_mixin.py:188} INFO - [2024-04-28T16:12:00.369+0000] {dag.py:3954} INFO - Setting next_dagrun for example_skip_dag to 2024-04-27 00:00:00+00:00, run_after=2024-04-28 00:00:00+00:00
[2024-04-28T16:12:00.489+0000] {processor.py:183} INFO - Processing /home/airflow/.local/lib/python3.12/site-packages/airflow/example_dags/example_skip_dag.py took 0.165 seconds
[2024-04-28T16:12:30.811+0000] {processor.py:161} INFO - Started process (PID=843) to work on /home/airflow/.local/lib/python3.12/site-packages/airflow/example_dags/example_skip_dag.py
[2024-04-28T16:12:30.812+0000] {processor.py:830} INFO - Processing file /home/airflow/.local/lib/python3.12/site-packages/airflow/example_dags/example_skip_dag.py for tasks to queue
[2024-04-28T16:12:30.814+0000] {logging_mixin.py:188} INFO - [2024-04-28T16:12:30.814+0000] {dagbag.py:540} INFO - Filling up the DagBag from /home/airflow/.local/lib/python3.12/site-packages/airflow/example_dags/example_skip_dag.py
[2024-04-28T16:12:30.819+0000] {processor.py:840} INFO - DAG(s) 'example_skip_dag' retrieved from /home/airflow/.local/lib/python3.12/site-packages/airflow/example_dags/example_skip_dag.py
[2024-04-28T16:12:30.837+0000] {logging_mixin.py:188} INFO - [2024-04-28T16:12:30.837+0000] {dag.py:3096} INFO - Sync 1 DAGs
[2024-04-28T16:12:30.856+0000] {logging_mixin.py:188} INFO - [2024-04-28T16:12:30.856+0000] {dag.py:3954} INFO - Setting next_dagrun for example_skip_dag to 2024-04-27 00:00:00+00:00, run_after=2024-04-28 00:00:00+00:00
[2024-04-28T16:12:30.876+0000] {processor.py:183} INFO - Processing /home/airflow/.local/lib/python3.12/site-packages/airflow/example_dags/example_skip_dag.py took 0.070 seconds
