[2024-04-28T15:48:57.570+0000] {processor.py:161} INFO - Started process (PID=79) to work on /home/airflow/.local/lib/python3.12/site-packages/airflow/example_dags/example_dag_decorator.py
[2024-04-28T15:48:57.571+0000] {processor.py:830} INFO - Processing file /home/airflow/.local/lib/python3.12/site-packages/airflow/example_dags/example_dag_decorator.py for tasks to queue
[2024-04-28T15:48:57.572+0000] {logging_mixin.py:188} INFO - [2024-04-28T15:48:57.572+0000] {dagbag.py:540} INFO - Filling up the DagBag from /home/airflow/.local/lib/python3.12/site-packages/airflow/example_dags/example_dag_decorator.py
[2024-04-28T15:48:57.741+0000] {processor.py:840} INFO - DAG(s) 'example_dag_decorator' retrieved from /home/airflow/.local/lib/python3.12/site-packages/airflow/example_dags/example_dag_decorator.py
[2024-04-28T15:48:57.827+0000] {logging_mixin.py:188} INFO - [2024-04-28T15:48:57.827+0000] {override.py:1829} INFO - Created Permission View: can delete on DAG:example_dag_decorator
[2024-04-28T15:48:57.837+0000] {logging_mixin.py:188} INFO - [2024-04-28T15:48:57.837+0000] {override.py:1829} INFO - Created Permission View: can edit on DAG:example_dag_decorator
[2024-04-28T15:48:57.842+0000] {logging_mixin.py:188} INFO - [2024-04-28T15:48:57.841+0000] {override.py:1829} INFO - Created Permission View: can read on DAG:example_dag_decorator
[2024-04-28T15:48:57.842+0000] {logging_mixin.py:188} INFO - [2024-04-28T15:48:57.842+0000] {dag.py:3096} INFO - Sync 1 DAGs
[2024-04-28T15:48:57.851+0000] {logging_mixin.py:188} INFO - [2024-04-28T15:48:57.851+0000] {dag.py:3118} INFO - Creating ORM DAG for example_dag_decorator
[2024-04-28T15:48:57.852+0000] {logging_mixin.py:188} INFO - [2024-04-28T15:48:57.852+0000] {dag.py:3954} INFO - Setting next_dagrun for example_dag_decorator to None, run_after=None
[2024-04-28T15:48:57.865+0000] {processor.py:183} INFO - Processing /home/airflow/.local/lib/python3.12/site-packages/airflow/example_dags/example_dag_decorator.py took 0.300 seconds
[2024-04-28T15:49:28.867+0000] {processor.py:161} INFO - Started process (PID=137) to work on /home/airflow/.local/lib/python3.12/site-packages/airflow/example_dags/example_dag_decorator.py
[2024-04-28T15:49:28.868+0000] {processor.py:830} INFO - Processing file /home/airflow/.local/lib/python3.12/site-packages/airflow/example_dags/example_dag_decorator.py for tasks to queue
[2024-04-28T15:49:28.869+0000] {logging_mixin.py:188} INFO - [2024-04-28T15:49:28.869+0000] {dagbag.py:540} INFO - Filling up the DagBag from /home/airflow/.local/lib/python3.12/site-packages/airflow/example_dags/example_dag_decorator.py
[2024-04-28T15:49:28.938+0000] {processor.py:840} INFO - DAG(s) 'example_dag_decorator' retrieved from /home/airflow/.local/lib/python3.12/site-packages/airflow/example_dags/example_dag_decorator.py
[2024-04-28T15:49:29.036+0000] {logging_mixin.py:188} INFO - [2024-04-28T15:49:29.035+0000] {dag.py:3096} INFO - Sync 1 DAGs
[2024-04-28T15:49:29.047+0000] {logging_mixin.py:188} INFO - [2024-04-28T15:49:29.046+0000] {dag.py:3954} INFO - Setting next_dagrun for example_dag_decorator to None, run_after=None
[2024-04-28T15:49:29.065+0000] {processor.py:183} INFO - Processing /home/airflow/.local/lib/python3.12/site-packages/airflow/example_dags/example_dag_decorator.py took 0.203 seconds
[2024-04-28T15:49:59.585+0000] {processor.py:161} INFO - Started process (PID=195) to work on /home/airflow/.local/lib/python3.12/site-packages/airflow/example_dags/example_dag_decorator.py
[2024-04-28T15:49:59.586+0000] {processor.py:830} INFO - Processing file /home/airflow/.local/lib/python3.12/site-packages/airflow/example_dags/example_dag_decorator.py for tasks to queue
[2024-04-28T15:49:59.587+0000] {logging_mixin.py:188} INFO - [2024-04-28T15:49:59.587+0000] {dagbag.py:540} INFO - Filling up the DagBag from /home/airflow/.local/lib/python3.12/site-packages/airflow/example_dags/example_dag_decorator.py
[2024-04-28T15:49:59.788+0000] {processor.py:840} INFO - DAG(s) 'example_dag_decorator' retrieved from /home/airflow/.local/lib/python3.12/site-packages/airflow/example_dags/example_dag_decorator.py
[2024-04-28T15:50:00.073+0000] {logging_mixin.py:188} INFO - [2024-04-28T15:50:00.073+0000] {dag.py:3096} INFO - Sync 1 DAGs
[2024-04-28T15:50:00.085+0000] {logging_mixin.py:188} INFO - [2024-04-28T15:50:00.084+0000] {dag.py:3954} INFO - Setting next_dagrun for example_dag_decorator to None, run_after=None
[2024-04-28T15:50:00.112+0000] {processor.py:183} INFO - Processing /home/airflow/.local/lib/python3.12/site-packages/airflow/example_dags/example_dag_decorator.py took 0.532 seconds
[2024-04-28T15:50:30.264+0000] {processor.py:161} INFO - Started process (PID=253) to work on /home/airflow/.local/lib/python3.12/site-packages/airflow/example_dags/example_dag_decorator.py
[2024-04-28T15:50:30.265+0000] {processor.py:830} INFO - Processing file /home/airflow/.local/lib/python3.12/site-packages/airflow/example_dags/example_dag_decorator.py for tasks to queue
[2024-04-28T15:50:30.268+0000] {logging_mixin.py:188} INFO - [2024-04-28T15:50:30.267+0000] {dagbag.py:540} INFO - Filling up the DagBag from /home/airflow/.local/lib/python3.12/site-packages/airflow/example_dags/example_dag_decorator.py
[2024-04-28T15:50:30.379+0000] {processor.py:840} INFO - DAG(s) 'example_dag_decorator' retrieved from /home/airflow/.local/lib/python3.12/site-packages/airflow/example_dags/example_dag_decorator.py
[2024-04-28T15:50:30.762+0000] {logging_mixin.py:188} INFO - [2024-04-28T15:50:30.761+0000] {dag.py:3096} INFO - Sync 1 DAGs
[2024-04-28T15:50:30.771+0000] {logging_mixin.py:188} INFO - [2024-04-28T15:50:30.771+0000] {dag.py:3954} INFO - Setting next_dagrun for example_dag_decorator to None, run_after=None
[2024-04-28T15:50:30.790+0000] {processor.py:183} INFO - Processing /home/airflow/.local/lib/python3.12/site-packages/airflow/example_dags/example_dag_decorator.py took 0.535 seconds
[2024-04-28T15:51:01.087+0000] {processor.py:161} INFO - Started process (PID=313) to work on /home/airflow/.local/lib/python3.12/site-packages/airflow/example_dags/example_dag_decorator.py
[2024-04-28T15:51:01.089+0000] {processor.py:830} INFO - Processing file /home/airflow/.local/lib/python3.12/site-packages/airflow/example_dags/example_dag_decorator.py for tasks to queue
[2024-04-28T15:51:01.091+0000] {logging_mixin.py:188} INFO - [2024-04-28T15:51:01.090+0000] {dagbag.py:540} INFO - Filling up the DagBag from /home/airflow/.local/lib/python3.12/site-packages/airflow/example_dags/example_dag_decorator.py
[2024-04-28T15:51:01.173+0000] {processor.py:840} INFO - DAG(s) 'example_dag_decorator' retrieved from /home/airflow/.local/lib/python3.12/site-packages/airflow/example_dags/example_dag_decorator.py
[2024-04-28T15:51:01.502+0000] {logging_mixin.py:188} INFO - [2024-04-28T15:51:01.502+0000] {dag.py:3096} INFO - Sync 1 DAGs
[2024-04-28T15:51:01.510+0000] {logging_mixin.py:188} INFO - [2024-04-28T15:51:01.510+0000] {dag.py:3954} INFO - Setting next_dagrun for example_dag_decorator to None, run_after=None
[2024-04-28T15:51:01.527+0000] {processor.py:183} INFO - Processing /home/airflow/.local/lib/python3.12/site-packages/airflow/example_dags/example_dag_decorator.py took 0.445 seconds
[2024-04-28T15:51:32.182+0000] {processor.py:161} INFO - Started process (PID=369) to work on /home/airflow/.local/lib/python3.12/site-packages/airflow/example_dags/example_dag_decorator.py
[2024-04-28T15:51:32.184+0000] {processor.py:830} INFO - Processing file /home/airflow/.local/lib/python3.12/site-packages/airflow/example_dags/example_dag_decorator.py for tasks to queue
[2024-04-28T15:51:32.187+0000] {logging_mixin.py:188} INFO - [2024-04-28T15:51:32.186+0000] {dagbag.py:540} INFO - Filling up the DagBag from /home/airflow/.local/lib/python3.12/site-packages/airflow/example_dags/example_dag_decorator.py
[2024-04-28T15:51:32.286+0000] {processor.py:840} INFO - DAG(s) 'example_dag_decorator' retrieved from /home/airflow/.local/lib/python3.12/site-packages/airflow/example_dags/example_dag_decorator.py
[2024-04-28T15:51:32.409+0000] {logging_mixin.py:188} INFO - [2024-04-28T15:51:32.409+0000] {dag.py:3096} INFO - Sync 1 DAGs
[2024-04-28T15:51:32.423+0000] {logging_mixin.py:188} INFO - [2024-04-28T15:51:32.423+0000] {dag.py:3954} INFO - Setting next_dagrun for example_dag_decorator to None, run_after=None
[2024-04-28T15:51:32.612+0000] {processor.py:183} INFO - Processing /home/airflow/.local/lib/python3.12/site-packages/airflow/example_dags/example_dag_decorator.py took 0.435 seconds
[2024-04-28T15:53:34.580+0000] {processor.py:161} INFO - Started process (PID=81) to work on /home/airflow/.local/lib/python3.12/site-packages/airflow/example_dags/example_dag_decorator.py
[2024-04-28T15:53:34.582+0000] {processor.py:830} INFO - Processing file /home/airflow/.local/lib/python3.12/site-packages/airflow/example_dags/example_dag_decorator.py for tasks to queue
[2024-04-28T15:53:34.583+0000] {logging_mixin.py:188} INFO - [2024-04-28T15:53:34.583+0000] {dagbag.py:540} INFO - Filling up the DagBag from /home/airflow/.local/lib/python3.12/site-packages/airflow/example_dags/example_dag_decorator.py
[2024-04-28T15:53:34.667+0000] {processor.py:840} INFO - DAG(s) 'example_dag_decorator' retrieved from /home/airflow/.local/lib/python3.12/site-packages/airflow/example_dags/example_dag_decorator.py
[2024-04-28T15:53:34.680+0000] {logging_mixin.py:188} INFO - [2024-04-28T15:53:34.680+0000] {dag.py:3096} INFO - Sync 1 DAGs
[2024-04-28T15:53:34.701+0000] {logging_mixin.py:188} INFO - [2024-04-28T15:53:34.701+0000] {dag.py:3954} INFO - Setting next_dagrun for example_dag_decorator to None, run_after=None
[2024-04-28T15:53:34.718+0000] {processor.py:183} INFO - Processing /home/airflow/.local/lib/python3.12/site-packages/airflow/example_dags/example_dag_decorator.py took 0.142 seconds
[2024-04-28T15:54:06.156+0000] {processor.py:161} INFO - Started process (PID=141) to work on /home/airflow/.local/lib/python3.12/site-packages/airflow/example_dags/example_dag_decorator.py
[2024-04-28T15:54:06.157+0000] {processor.py:830} INFO - Processing file /home/airflow/.local/lib/python3.12/site-packages/airflow/example_dags/example_dag_decorator.py for tasks to queue
[2024-04-28T15:54:06.158+0000] {logging_mixin.py:188} INFO - [2024-04-28T15:54:06.158+0000] {dagbag.py:540} INFO - Filling up the DagBag from /home/airflow/.local/lib/python3.12/site-packages/airflow/example_dags/example_dag_decorator.py
[2024-04-28T15:54:06.225+0000] {processor.py:840} INFO - DAG(s) 'example_dag_decorator' retrieved from /home/airflow/.local/lib/python3.12/site-packages/airflow/example_dags/example_dag_decorator.py
[2024-04-28T15:54:06.312+0000] {logging_mixin.py:188} INFO - [2024-04-28T15:54:06.311+0000] {dag.py:3096} INFO - Sync 1 DAGs
[2024-04-28T15:54:06.321+0000] {logging_mixin.py:188} INFO - [2024-04-28T15:54:06.320+0000] {dag.py:3954} INFO - Setting next_dagrun for example_dag_decorator to None, run_after=None
[2024-04-28T15:54:06.440+0000] {processor.py:183} INFO - Processing /home/airflow/.local/lib/python3.12/site-packages/airflow/example_dags/example_dag_decorator.py took 0.288 seconds
[2024-04-28T15:54:37.362+0000] {processor.py:161} INFO - Started process (PID=210) to work on /home/airflow/.local/lib/python3.12/site-packages/airflow/example_dags/example_dag_decorator.py
[2024-04-28T15:54:37.369+0000] {processor.py:830} INFO - Processing file /home/airflow/.local/lib/python3.12/site-packages/airflow/example_dags/example_dag_decorator.py for tasks to queue
[2024-04-28T15:54:37.370+0000] {logging_mixin.py:188} INFO - [2024-04-28T15:54:37.370+0000] {dagbag.py:540} INFO - Filling up the DagBag from /home/airflow/.local/lib/python3.12/site-packages/airflow/example_dags/example_dag_decorator.py
[2024-04-28T15:54:37.436+0000] {processor.py:840} INFO - DAG(s) 'example_dag_decorator' retrieved from /home/airflow/.local/lib/python3.12/site-packages/airflow/example_dags/example_dag_decorator.py
[2024-04-28T15:54:37.526+0000] {logging_mixin.py:188} INFO - [2024-04-28T15:54:37.525+0000] {dag.py:3096} INFO - Sync 1 DAGs
[2024-04-28T15:54:37.533+0000] {logging_mixin.py:188} INFO - [2024-04-28T15:54:37.533+0000] {dag.py:3954} INFO - Setting next_dagrun for example_dag_decorator to None, run_after=None
[2024-04-28T15:54:37.551+0000] {processor.py:183} INFO - Processing /home/airflow/.local/lib/python3.12/site-packages/airflow/example_dags/example_dag_decorator.py took 0.193 seconds
[2024-04-28T15:55:08.398+0000] {processor.py:161} INFO - Started process (PID=270) to work on /home/airflow/.local/lib/python3.12/site-packages/airflow/example_dags/example_dag_decorator.py
[2024-04-28T15:55:08.400+0000] {processor.py:830} INFO - Processing file /home/airflow/.local/lib/python3.12/site-packages/airflow/example_dags/example_dag_decorator.py for tasks to queue
[2024-04-28T15:55:08.401+0000] {logging_mixin.py:188} INFO - [2024-04-28T15:55:08.401+0000] {dagbag.py:540} INFO - Filling up the DagBag from /home/airflow/.local/lib/python3.12/site-packages/airflow/example_dags/example_dag_decorator.py
[2024-04-28T15:55:08.478+0000] {processor.py:840} INFO - DAG(s) 'example_dag_decorator' retrieved from /home/airflow/.local/lib/python3.12/site-packages/airflow/example_dags/example_dag_decorator.py
[2024-04-28T15:55:08.578+0000] {logging_mixin.py:188} INFO - [2024-04-28T15:55:08.578+0000] {dag.py:3096} INFO - Sync 1 DAGs
[2024-04-28T15:55:08.587+0000] {logging_mixin.py:188} INFO - [2024-04-28T15:55:08.587+0000] {dag.py:3954} INFO - Setting next_dagrun for example_dag_decorator to None, run_after=None
[2024-04-28T15:55:08.605+0000] {processor.py:183} INFO - Processing /home/airflow/.local/lib/python3.12/site-packages/airflow/example_dags/example_dag_decorator.py took 0.212 seconds
[2024-04-28T15:55:38.686+0000] {processor.py:161} INFO - Started process (PID=332) to work on /home/airflow/.local/lib/python3.12/site-packages/airflow/example_dags/example_dag_decorator.py
[2024-04-28T15:55:38.687+0000] {processor.py:830} INFO - Processing file /home/airflow/.local/lib/python3.12/site-packages/airflow/example_dags/example_dag_decorator.py for tasks to queue
[2024-04-28T15:55:38.689+0000] {logging_mixin.py:188} INFO - [2024-04-28T15:55:38.689+0000] {dagbag.py:540} INFO - Filling up the DagBag from /home/airflow/.local/lib/python3.12/site-packages/airflow/example_dags/example_dag_decorator.py
[2024-04-28T15:55:38.761+0000] {processor.py:840} INFO - DAG(s) 'example_dag_decorator' retrieved from /home/airflow/.local/lib/python3.12/site-packages/airflow/example_dags/example_dag_decorator.py
[2024-04-28T15:55:38.983+0000] {logging_mixin.py:188} INFO - [2024-04-28T15:55:38.983+0000] {dag.py:3096} INFO - Sync 1 DAGs
[2024-04-28T15:55:38.991+0000] {logging_mixin.py:188} INFO - [2024-04-28T15:55:38.991+0000] {dag.py:3954} INFO - Setting next_dagrun for example_dag_decorator to None, run_after=None
[2024-04-28T15:55:39.008+0000] {processor.py:183} INFO - Processing /home/airflow/.local/lib/python3.12/site-packages/airflow/example_dags/example_dag_decorator.py took 0.327 seconds
[2024-04-28T15:56:09.161+0000] {processor.py:161} INFO - Started process (PID=395) to work on /home/airflow/.local/lib/python3.12/site-packages/airflow/example_dags/example_dag_decorator.py
[2024-04-28T15:56:09.162+0000] {processor.py:830} INFO - Processing file /home/airflow/.local/lib/python3.12/site-packages/airflow/example_dags/example_dag_decorator.py for tasks to queue
[2024-04-28T15:56:09.164+0000] {logging_mixin.py:188} INFO - [2024-04-28T15:56:09.164+0000] {dagbag.py:540} INFO - Filling up the DagBag from /home/airflow/.local/lib/python3.12/site-packages/airflow/example_dags/example_dag_decorator.py
[2024-04-28T15:56:09.229+0000] {processor.py:840} INFO - DAG(s) 'example_dag_decorator' retrieved from /home/airflow/.local/lib/python3.12/site-packages/airflow/example_dags/example_dag_decorator.py
[2024-04-28T15:56:09.426+0000] {logging_mixin.py:188} INFO - [2024-04-28T15:56:09.426+0000] {dag.py:3096} INFO - Sync 1 DAGs
[2024-04-28T15:56:09.433+0000] {logging_mixin.py:188} INFO - [2024-04-28T15:56:09.433+0000] {dag.py:3954} INFO - Setting next_dagrun for example_dag_decorator to None, run_after=None
[2024-04-28T15:56:09.446+0000] {processor.py:183} INFO - Processing /home/airflow/.local/lib/python3.12/site-packages/airflow/example_dags/example_dag_decorator.py took 0.289 seconds
[2024-04-28T15:56:40.152+0000] {processor.py:161} INFO - Started process (PID=453) to work on /home/airflow/.local/lib/python3.12/site-packages/airflow/example_dags/example_dag_decorator.py
[2024-04-28T15:56:40.153+0000] {processor.py:830} INFO - Processing file /home/airflow/.local/lib/python3.12/site-packages/airflow/example_dags/example_dag_decorator.py for tasks to queue
[2024-04-28T15:56:40.154+0000] {logging_mixin.py:188} INFO - [2024-04-28T15:56:40.154+0000] {dagbag.py:540} INFO - Filling up the DagBag from /home/airflow/.local/lib/python3.12/site-packages/airflow/example_dags/example_dag_decorator.py
[2024-04-28T15:56:40.221+0000] {processor.py:840} INFO - DAG(s) 'example_dag_decorator' retrieved from /home/airflow/.local/lib/python3.12/site-packages/airflow/example_dags/example_dag_decorator.py
[2024-04-28T15:56:40.417+0000] {logging_mixin.py:188} INFO - [2024-04-28T15:56:40.416+0000] {dag.py:3096} INFO - Sync 1 DAGs
[2024-04-28T15:56:40.424+0000] {logging_mixin.py:188} INFO - [2024-04-28T15:56:40.424+0000] {dag.py:3954} INFO - Setting next_dagrun for example_dag_decorator to None, run_after=None
[2024-04-28T15:56:40.440+0000] {processor.py:183} INFO - Processing /home/airflow/.local/lib/python3.12/site-packages/airflow/example_dags/example_dag_decorator.py took 0.294 seconds
[2024-04-28T15:57:10.622+0000] {processor.py:161} INFO - Started process (PID=514) to work on /home/airflow/.local/lib/python3.12/site-packages/airflow/example_dags/example_dag_decorator.py
[2024-04-28T15:57:10.623+0000] {processor.py:830} INFO - Processing file /home/airflow/.local/lib/python3.12/site-packages/airflow/example_dags/example_dag_decorator.py for tasks to queue
[2024-04-28T15:57:10.624+0000] {logging_mixin.py:188} INFO - [2024-04-28T15:57:10.624+0000] {dagbag.py:540} INFO - Filling up the DagBag from /home/airflow/.local/lib/python3.12/site-packages/airflow/example_dags/example_dag_decorator.py
[2024-04-28T15:57:10.695+0000] {processor.py:840} INFO - DAG(s) 'example_dag_decorator' retrieved from /home/airflow/.local/lib/python3.12/site-packages/airflow/example_dags/example_dag_decorator.py
[2024-04-28T15:57:10.877+0000] {logging_mixin.py:188} INFO - [2024-04-28T15:57:10.877+0000] {dag.py:3096} INFO - Sync 1 DAGs
[2024-04-28T15:57:10.885+0000] {logging_mixin.py:188} INFO - [2024-04-28T15:57:10.885+0000] {dag.py:3954} INFO - Setting next_dagrun for example_dag_decorator to None, run_after=None
[2024-04-28T15:57:10.900+0000] {processor.py:183} INFO - Processing /home/airflow/.local/lib/python3.12/site-packages/airflow/example_dags/example_dag_decorator.py took 0.283 seconds
[2024-04-28T15:57:41.082+0000] {processor.py:161} INFO - Started process (PID=576) to work on /home/airflow/.local/lib/python3.12/site-packages/airflow/example_dags/example_dag_decorator.py
[2024-04-28T15:57:41.083+0000] {processor.py:830} INFO - Processing file /home/airflow/.local/lib/python3.12/site-packages/airflow/example_dags/example_dag_decorator.py for tasks to queue
[2024-04-28T15:57:41.084+0000] {logging_mixin.py:188} INFO - [2024-04-28T15:57:41.084+0000] {dagbag.py:540} INFO - Filling up the DagBag from /home/airflow/.local/lib/python3.12/site-packages/airflow/example_dags/example_dag_decorator.py
[2024-04-28T15:57:41.145+0000] {processor.py:840} INFO - DAG(s) 'example_dag_decorator' retrieved from /home/airflow/.local/lib/python3.12/site-packages/airflow/example_dags/example_dag_decorator.py
[2024-04-28T15:57:41.323+0000] {logging_mixin.py:188} INFO - [2024-04-28T15:57:41.323+0000] {dag.py:3096} INFO - Sync 1 DAGs
[2024-04-28T15:57:41.329+0000] {logging_mixin.py:188} INFO - [2024-04-28T15:57:41.329+0000] {dag.py:3954} INFO - Setting next_dagrun for example_dag_decorator to None, run_after=None
[2024-04-28T15:57:41.344+0000] {processor.py:183} INFO - Processing /home/airflow/.local/lib/python3.12/site-packages/airflow/example_dags/example_dag_decorator.py took 0.266 seconds
[2024-04-28T15:58:11.411+0000] {processor.py:161} INFO - Started process (PID=638) to work on /home/airflow/.local/lib/python3.12/site-packages/airflow/example_dags/example_dag_decorator.py
[2024-04-28T15:58:11.412+0000] {processor.py:830} INFO - Processing file /home/airflow/.local/lib/python3.12/site-packages/airflow/example_dags/example_dag_decorator.py for tasks to queue
[2024-04-28T15:58:11.414+0000] {logging_mixin.py:188} INFO - [2024-04-28T15:58:11.413+0000] {dagbag.py:540} INFO - Filling up the DagBag from /home/airflow/.local/lib/python3.12/site-packages/airflow/example_dags/example_dag_decorator.py
[2024-04-28T15:58:11.483+0000] {processor.py:840} INFO - DAG(s) 'example_dag_decorator' retrieved from /home/airflow/.local/lib/python3.12/site-packages/airflow/example_dags/example_dag_decorator.py
[2024-04-28T15:58:11.683+0000] {logging_mixin.py:188} INFO - [2024-04-28T15:58:11.683+0000] {dag.py:3096} INFO - Sync 1 DAGs
[2024-04-28T15:58:11.690+0000] {logging_mixin.py:188} INFO - [2024-04-28T15:58:11.690+0000] {dag.py:3954} INFO - Setting next_dagrun for example_dag_decorator to None, run_after=None
[2024-04-28T15:58:11.705+0000] {processor.py:183} INFO - Processing /home/airflow/.local/lib/python3.12/site-packages/airflow/example_dags/example_dag_decorator.py took 0.299 seconds
[2024-04-28T15:58:41.751+0000] {processor.py:161} INFO - Started process (PID=696) to work on /home/airflow/.local/lib/python3.12/site-packages/airflow/example_dags/example_dag_decorator.py
[2024-04-28T15:58:41.752+0000] {processor.py:830} INFO - Processing file /home/airflow/.local/lib/python3.12/site-packages/airflow/example_dags/example_dag_decorator.py for tasks to queue
[2024-04-28T15:58:41.754+0000] {logging_mixin.py:188} INFO - [2024-04-28T15:58:41.754+0000] {dagbag.py:540} INFO - Filling up the DagBag from /home/airflow/.local/lib/python3.12/site-packages/airflow/example_dags/example_dag_decorator.py
[2024-04-28T15:58:41.828+0000] {processor.py:840} INFO - DAG(s) 'example_dag_decorator' retrieved from /home/airflow/.local/lib/python3.12/site-packages/airflow/example_dags/example_dag_decorator.py
[2024-04-28T15:58:42.057+0000] {logging_mixin.py:188} INFO - [2024-04-28T15:58:42.057+0000] {dag.py:3096} INFO - Sync 1 DAGs
[2024-04-28T15:58:42.064+0000] {logging_mixin.py:188} INFO - [2024-04-28T15:58:42.064+0000] {dag.py:3954} INFO - Setting next_dagrun for example_dag_decorator to None, run_after=None
[2024-04-28T15:58:42.081+0000] {processor.py:183} INFO - Processing /home/airflow/.local/lib/python3.12/site-packages/airflow/example_dags/example_dag_decorator.py took 0.335 seconds
[2024-04-28T15:59:12.379+0000] {processor.py:161} INFO - Started process (PID=757) to work on /home/airflow/.local/lib/python3.12/site-packages/airflow/example_dags/example_dag_decorator.py
[2024-04-28T15:59:12.380+0000] {processor.py:830} INFO - Processing file /home/airflow/.local/lib/python3.12/site-packages/airflow/example_dags/example_dag_decorator.py for tasks to queue
[2024-04-28T15:59:12.382+0000] {logging_mixin.py:188} INFO - [2024-04-28T15:59:12.381+0000] {dagbag.py:540} INFO - Filling up the DagBag from /home/airflow/.local/lib/python3.12/site-packages/airflow/example_dags/example_dag_decorator.py
[2024-04-28T15:59:12.450+0000] {processor.py:840} INFO - DAG(s) 'example_dag_decorator' retrieved from /home/airflow/.local/lib/python3.12/site-packages/airflow/example_dags/example_dag_decorator.py
[2024-04-28T15:59:12.653+0000] {logging_mixin.py:188} INFO - [2024-04-28T15:59:12.653+0000] {dag.py:3096} INFO - Sync 1 DAGs
[2024-04-28T15:59:12.661+0000] {logging_mixin.py:188} INFO - [2024-04-28T15:59:12.660+0000] {dag.py:3954} INFO - Setting next_dagrun for example_dag_decorator to None, run_after=None
[2024-04-28T15:59:12.679+0000] {processor.py:183} INFO - Processing /home/airflow/.local/lib/python3.12/site-packages/airflow/example_dags/example_dag_decorator.py took 0.305 seconds
[2024-04-28T15:59:42.832+0000] {processor.py:161} INFO - Started process (PID=818) to work on /home/airflow/.local/lib/python3.12/site-packages/airflow/example_dags/example_dag_decorator.py
[2024-04-28T15:59:42.833+0000] {processor.py:830} INFO - Processing file /home/airflow/.local/lib/python3.12/site-packages/airflow/example_dags/example_dag_decorator.py for tasks to queue
[2024-04-28T15:59:42.834+0000] {logging_mixin.py:188} INFO - [2024-04-28T15:59:42.834+0000] {dagbag.py:540} INFO - Filling up the DagBag from /home/airflow/.local/lib/python3.12/site-packages/airflow/example_dags/example_dag_decorator.py
[2024-04-28T15:59:42.898+0000] {processor.py:840} INFO - DAG(s) 'example_dag_decorator' retrieved from /home/airflow/.local/lib/python3.12/site-packages/airflow/example_dags/example_dag_decorator.py
[2024-04-28T15:59:43.075+0000] {logging_mixin.py:188} INFO - [2024-04-28T15:59:43.075+0000] {dag.py:3096} INFO - Sync 1 DAGs
[2024-04-28T15:59:43.082+0000] {logging_mixin.py:188} INFO - [2024-04-28T15:59:43.082+0000] {dag.py:3954} INFO - Setting next_dagrun for example_dag_decorator to None, run_after=None
[2024-04-28T15:59:43.098+0000] {processor.py:183} INFO - Processing /home/airflow/.local/lib/python3.12/site-packages/airflow/example_dags/example_dag_decorator.py took 0.271 seconds
[2024-04-28T16:00:13.230+0000] {processor.py:161} INFO - Started process (PID=870) to work on /home/airflow/.local/lib/python3.12/site-packages/airflow/example_dags/example_dag_decorator.py
[2024-04-28T16:00:13.231+0000] {processor.py:830} INFO - Processing file /home/airflow/.local/lib/python3.12/site-packages/airflow/example_dags/example_dag_decorator.py for tasks to queue
[2024-04-28T16:00:13.232+0000] {logging_mixin.py:188} INFO - [2024-04-28T16:00:13.232+0000] {dagbag.py:540} INFO - Filling up the DagBag from /home/airflow/.local/lib/python3.12/site-packages/airflow/example_dags/example_dag_decorator.py
[2024-04-28T16:00:13.392+0000] {processor.py:840} INFO - DAG(s) 'example_dag_decorator' retrieved from /home/airflow/.local/lib/python3.12/site-packages/airflow/example_dags/example_dag_decorator.py
[2024-04-28T16:00:13.464+0000] {logging_mixin.py:188} INFO - [2024-04-28T16:00:13.464+0000] {dag.py:3096} INFO - Sync 1 DAGs
[2024-04-28T16:00:13.471+0000] {logging_mixin.py:188} INFO - [2024-04-28T16:00:13.471+0000] {dag.py:3954} INFO - Setting next_dagrun for example_dag_decorator to None, run_after=None
[2024-04-28T16:00:13.484+0000] {processor.py:183} INFO - Processing /home/airflow/.local/lib/python3.12/site-packages/airflow/example_dags/example_dag_decorator.py took 0.259 seconds
[2024-04-28T16:00:43.649+0000] {processor.py:161} INFO - Started process (PID=927) to work on /home/airflow/.local/lib/python3.12/site-packages/airflow/example_dags/example_dag_decorator.py
[2024-04-28T16:00:43.651+0000] {processor.py:830} INFO - Processing file /home/airflow/.local/lib/python3.12/site-packages/airflow/example_dags/example_dag_decorator.py for tasks to queue
[2024-04-28T16:00:43.653+0000] {logging_mixin.py:188} INFO - [2024-04-28T16:00:43.652+0000] {dagbag.py:540} INFO - Filling up the DagBag from /home/airflow/.local/lib/python3.12/site-packages/airflow/example_dags/example_dag_decorator.py
[2024-04-28T16:00:43.733+0000] {processor.py:840} INFO - DAG(s) 'example_dag_decorator' retrieved from /home/airflow/.local/lib/python3.12/site-packages/airflow/example_dags/example_dag_decorator.py
[2024-04-28T16:00:43.942+0000] {logging_mixin.py:188} INFO - [2024-04-28T16:00:43.942+0000] {dag.py:3096} INFO - Sync 1 DAGs
[2024-04-28T16:00:43.950+0000] {logging_mixin.py:188} INFO - [2024-04-28T16:00:43.950+0000] {dag.py:3954} INFO - Setting next_dagrun for example_dag_decorator to None, run_after=None
[2024-04-28T16:00:43.965+0000] {processor.py:183} INFO - Processing /home/airflow/.local/lib/python3.12/site-packages/airflow/example_dags/example_dag_decorator.py took 0.323 seconds
[2024-04-28T16:05:54.799+0000] {processor.py:161} INFO - Started process (PID=81) to work on /home/airflow/.local/lib/python3.12/site-packages/airflow/example_dags/example_dag_decorator.py
[2024-04-28T16:05:54.800+0000] {processor.py:830} INFO - Processing file /home/airflow/.local/lib/python3.12/site-packages/airflow/example_dags/example_dag_decorator.py for tasks to queue
[2024-04-28T16:05:54.802+0000] {logging_mixin.py:188} INFO - [2024-04-28T16:05:54.802+0000] {dagbag.py:540} INFO - Filling up the DagBag from /home/airflow/.local/lib/python3.12/site-packages/airflow/example_dags/example_dag_decorator.py
[2024-04-28T16:05:54.865+0000] {processor.py:840} INFO - DAG(s) 'example_dag_decorator' retrieved from /home/airflow/.local/lib/python3.12/site-packages/airflow/example_dags/example_dag_decorator.py
[2024-04-28T16:05:54.872+0000] {logging_mixin.py:188} INFO - [2024-04-28T16:05:54.872+0000] {dag.py:3096} INFO - Sync 1 DAGs
[2024-04-28T16:05:54.884+0000] {logging_mixin.py:188} INFO - [2024-04-28T16:05:54.884+0000] {dag.py:3954} INFO - Setting next_dagrun for example_dag_decorator to None, run_after=None
[2024-04-28T16:05:54.899+0000] {processor.py:183} INFO - Processing /home/airflow/.local/lib/python3.12/site-packages/airflow/example_dags/example_dag_decorator.py took 0.103 seconds
[2024-04-28T16:06:26.546+0000] {processor.py:161} INFO - Started process (PID=141) to work on /home/airflow/.local/lib/python3.12/site-packages/airflow/example_dags/example_dag_decorator.py
[2024-04-28T16:06:26.546+0000] {processor.py:830} INFO - Processing file /home/airflow/.local/lib/python3.12/site-packages/airflow/example_dags/example_dag_decorator.py for tasks to queue
[2024-04-28T16:06:26.548+0000] {logging_mixin.py:188} INFO - [2024-04-28T16:06:26.548+0000] {dagbag.py:540} INFO - Filling up the DagBag from /home/airflow/.local/lib/python3.12/site-packages/airflow/example_dags/example_dag_decorator.py
[2024-04-28T16:06:26.612+0000] {processor.py:840} INFO - DAG(s) 'example_dag_decorator' retrieved from /home/airflow/.local/lib/python3.12/site-packages/airflow/example_dags/example_dag_decorator.py
[2024-04-28T16:06:26.692+0000] {logging_mixin.py:188} INFO - [2024-04-28T16:06:26.691+0000] {dag.py:3096} INFO - Sync 1 DAGs
[2024-04-28T16:06:26.701+0000] {logging_mixin.py:188} INFO - [2024-04-28T16:06:26.701+0000] {dag.py:3954} INFO - Setting next_dagrun for example_dag_decorator to None, run_after=None
[2024-04-28T16:06:26.830+0000] {processor.py:183} INFO - Processing /home/airflow/.local/lib/python3.12/site-packages/airflow/example_dags/example_dag_decorator.py took 0.290 seconds
[2024-04-28T16:06:57.492+0000] {processor.py:161} INFO - Started process (PID=205) to work on /home/airflow/.local/lib/python3.12/site-packages/airflow/example_dags/example_dag_decorator.py
[2024-04-28T16:06:57.493+0000] {processor.py:830} INFO - Processing file /home/airflow/.local/lib/python3.12/site-packages/airflow/example_dags/example_dag_decorator.py for tasks to queue
[2024-04-28T16:06:57.495+0000] {logging_mixin.py:188} INFO - [2024-04-28T16:06:57.494+0000] {dagbag.py:540} INFO - Filling up the DagBag from /home/airflow/.local/lib/python3.12/site-packages/airflow/example_dags/example_dag_decorator.py
[2024-04-28T16:06:57.560+0000] {processor.py:840} INFO - DAG(s) 'example_dag_decorator' retrieved from /home/airflow/.local/lib/python3.12/site-packages/airflow/example_dags/example_dag_decorator.py
[2024-04-28T16:06:57.644+0000] {logging_mixin.py:188} INFO - [2024-04-28T16:06:57.644+0000] {dag.py:3096} INFO - Sync 1 DAGs
[2024-04-28T16:06:57.653+0000] {logging_mixin.py:188} INFO - [2024-04-28T16:06:57.653+0000] {dag.py:3954} INFO - Setting next_dagrun for example_dag_decorator to None, run_after=None
[2024-04-28T16:06:57.668+0000] {processor.py:183} INFO - Processing /home/airflow/.local/lib/python3.12/site-packages/airflow/example_dags/example_dag_decorator.py took 0.181 seconds
[2024-04-28T16:07:28.075+0000] {processor.py:161} INFO - Started process (PID=265) to work on /home/airflow/.local/lib/python3.12/site-packages/airflow/example_dags/example_dag_decorator.py
[2024-04-28T16:07:28.076+0000] {processor.py:830} INFO - Processing file /home/airflow/.local/lib/python3.12/site-packages/airflow/example_dags/example_dag_decorator.py for tasks to queue
[2024-04-28T16:07:28.077+0000] {logging_mixin.py:188} INFO - [2024-04-28T16:07:28.077+0000] {dagbag.py:540} INFO - Filling up the DagBag from /home/airflow/.local/lib/python3.12/site-packages/airflow/example_dags/example_dag_decorator.py
[2024-04-28T16:07:28.144+0000] {processor.py:840} INFO - DAG(s) 'example_dag_decorator' retrieved from /home/airflow/.local/lib/python3.12/site-packages/airflow/example_dags/example_dag_decorator.py
[2024-04-28T16:07:28.228+0000] {logging_mixin.py:188} INFO - [2024-04-28T16:07:28.227+0000] {dag.py:3096} INFO - Sync 1 DAGs
[2024-04-28T16:07:28.236+0000] {logging_mixin.py:188} INFO - [2024-04-28T16:07:28.236+0000] {dag.py:3954} INFO - Setting next_dagrun for example_dag_decorator to None, run_after=None
[2024-04-28T16:07:28.251+0000] {processor.py:183} INFO - Processing /home/airflow/.local/lib/python3.12/site-packages/airflow/example_dags/example_dag_decorator.py took 0.181 seconds
[2024-04-28T16:07:58.580+0000] {processor.py:161} INFO - Started process (PID=325) to work on /home/airflow/.local/lib/python3.12/site-packages/airflow/example_dags/example_dag_decorator.py
[2024-04-28T16:07:58.581+0000] {processor.py:830} INFO - Processing file /home/airflow/.local/lib/python3.12/site-packages/airflow/example_dags/example_dag_decorator.py for tasks to queue
[2024-04-28T16:07:58.582+0000] {logging_mixin.py:188} INFO - [2024-04-28T16:07:58.582+0000] {dagbag.py:540} INFO - Filling up the DagBag from /home/airflow/.local/lib/python3.12/site-packages/airflow/example_dags/example_dag_decorator.py
[2024-04-28T16:07:58.655+0000] {processor.py:840} INFO - DAG(s) 'example_dag_decorator' retrieved from /home/airflow/.local/lib/python3.12/site-packages/airflow/example_dags/example_dag_decorator.py
[2024-04-28T16:07:58.864+0000] {logging_mixin.py:188} INFO - [2024-04-28T16:07:58.864+0000] {dag.py:3096} INFO - Sync 1 DAGs
[2024-04-28T16:07:58.872+0000] {logging_mixin.py:188} INFO - [2024-04-28T16:07:58.872+0000] {dag.py:3954} INFO - Setting next_dagrun for example_dag_decorator to None, run_after=None
[2024-04-28T16:07:58.886+0000] {processor.py:183} INFO - Processing /home/airflow/.local/lib/python3.12/site-packages/airflow/example_dags/example_dag_decorator.py took 0.311 seconds
[2024-04-28T16:08:29.161+0000] {processor.py:161} INFO - Started process (PID=385) to work on /home/airflow/.local/lib/python3.12/site-packages/airflow/example_dags/example_dag_decorator.py
[2024-04-28T16:08:29.162+0000] {processor.py:830} INFO - Processing file /home/airflow/.local/lib/python3.12/site-packages/airflow/example_dags/example_dag_decorator.py for tasks to queue
[2024-04-28T16:08:29.163+0000] {logging_mixin.py:188} INFO - [2024-04-28T16:08:29.163+0000] {dagbag.py:540} INFO - Filling up the DagBag from /home/airflow/.local/lib/python3.12/site-packages/airflow/example_dags/example_dag_decorator.py
[2024-04-28T16:08:29.229+0000] {processor.py:840} INFO - DAG(s) 'example_dag_decorator' retrieved from /home/airflow/.local/lib/python3.12/site-packages/airflow/example_dags/example_dag_decorator.py
[2024-04-28T16:08:29.432+0000] {logging_mixin.py:188} INFO - [2024-04-28T16:08:29.432+0000] {dag.py:3096} INFO - Sync 1 DAGs
[2024-04-28T16:08:29.440+0000] {logging_mixin.py:188} INFO - [2024-04-28T16:08:29.440+0000] {dag.py:3954} INFO - Setting next_dagrun for example_dag_decorator to None, run_after=None
[2024-04-28T16:08:29.458+0000] {processor.py:183} INFO - Processing /home/airflow/.local/lib/python3.12/site-packages/airflow/example_dags/example_dag_decorator.py took 0.302 seconds
[2024-04-28T16:09:00.165+0000] {processor.py:161} INFO - Started process (PID=445) to work on /home/airflow/.local/lib/python3.12/site-packages/airflow/example_dags/example_dag_decorator.py
[2024-04-28T16:09:00.166+0000] {processor.py:830} INFO - Processing file /home/airflow/.local/lib/python3.12/site-packages/airflow/example_dags/example_dag_decorator.py for tasks to queue
[2024-04-28T16:09:00.167+0000] {logging_mixin.py:188} INFO - [2024-04-28T16:09:00.167+0000] {dagbag.py:540} INFO - Filling up the DagBag from /home/airflow/.local/lib/python3.12/site-packages/airflow/example_dags/example_dag_decorator.py
[2024-04-28T16:09:00.231+0000] {processor.py:840} INFO - DAG(s) 'example_dag_decorator' retrieved from /home/airflow/.local/lib/python3.12/site-packages/airflow/example_dags/example_dag_decorator.py
[2024-04-28T16:09:00.430+0000] {logging_mixin.py:188} INFO - [2024-04-28T16:09:00.429+0000] {dag.py:3096} INFO - Sync 1 DAGs
[2024-04-28T16:09:00.438+0000] {logging_mixin.py:188} INFO - [2024-04-28T16:09:00.438+0000] {dag.py:3954} INFO - Setting next_dagrun for example_dag_decorator to None, run_after=None
[2024-04-28T16:09:00.453+0000] {processor.py:183} INFO - Processing /home/airflow/.local/lib/python3.12/site-packages/airflow/example_dags/example_dag_decorator.py took 0.293 seconds
[2024-04-28T16:09:30.877+0000] {processor.py:161} INFO - Started process (PID=505) to work on /home/airflow/.local/lib/python3.12/site-packages/airflow/example_dags/example_dag_decorator.py
[2024-04-28T16:09:30.878+0000] {processor.py:830} INFO - Processing file /home/airflow/.local/lib/python3.12/site-packages/airflow/example_dags/example_dag_decorator.py for tasks to queue
[2024-04-28T16:09:30.880+0000] {logging_mixin.py:188} INFO - [2024-04-28T16:09:30.880+0000] {dagbag.py:540} INFO - Filling up the DagBag from /home/airflow/.local/lib/python3.12/site-packages/airflow/example_dags/example_dag_decorator.py
[2024-04-28T16:09:30.942+0000] {processor.py:840} INFO - DAG(s) 'example_dag_decorator' retrieved from /home/airflow/.local/lib/python3.12/site-packages/airflow/example_dags/example_dag_decorator.py
[2024-04-28T16:09:31.121+0000] {logging_mixin.py:188} INFO - [2024-04-28T16:09:31.120+0000] {dag.py:3096} INFO - Sync 1 DAGs
[2024-04-28T16:09:31.127+0000] {logging_mixin.py:188} INFO - [2024-04-28T16:09:31.127+0000] {dag.py:3954} INFO - Setting next_dagrun for example_dag_decorator to None, run_after=None
[2024-04-28T16:09:31.144+0000] {processor.py:183} INFO - Processing /home/airflow/.local/lib/python3.12/site-packages/airflow/example_dags/example_dag_decorator.py took 0.271 seconds
[2024-04-28T16:10:01.409+0000] {processor.py:161} INFO - Started process (PID=565) to work on /home/airflow/.local/lib/python3.12/site-packages/airflow/example_dags/example_dag_decorator.py
[2024-04-28T16:10:01.410+0000] {processor.py:830} INFO - Processing file /home/airflow/.local/lib/python3.12/site-packages/airflow/example_dags/example_dag_decorator.py for tasks to queue
[2024-04-28T16:10:01.412+0000] {logging_mixin.py:188} INFO - [2024-04-28T16:10:01.411+0000] {dagbag.py:540} INFO - Filling up the DagBag from /home/airflow/.local/lib/python3.12/site-packages/airflow/example_dags/example_dag_decorator.py
[2024-04-28T16:10:01.471+0000] {processor.py:840} INFO - DAG(s) 'example_dag_decorator' retrieved from /home/airflow/.local/lib/python3.12/site-packages/airflow/example_dags/example_dag_decorator.py
[2024-04-28T16:10:01.645+0000] {logging_mixin.py:188} INFO - [2024-04-28T16:10:01.645+0000] {dag.py:3096} INFO - Sync 1 DAGs
[2024-04-28T16:10:01.653+0000] {logging_mixin.py:188} INFO - [2024-04-28T16:10:01.653+0000] {dag.py:3954} INFO - Setting next_dagrun for example_dag_decorator to None, run_after=None
[2024-04-28T16:10:01.666+0000] {processor.py:183} INFO - Processing /home/airflow/.local/lib/python3.12/site-packages/airflow/example_dags/example_dag_decorator.py took 0.262 seconds
[2024-04-28T16:10:31.761+0000] {processor.py:161} INFO - Started process (PID=626) to work on /home/airflow/.local/lib/python3.12/site-packages/airflow/example_dags/example_dag_decorator.py
[2024-04-28T16:10:31.762+0000] {processor.py:830} INFO - Processing file /home/airflow/.local/lib/python3.12/site-packages/airflow/example_dags/example_dag_decorator.py for tasks to queue
[2024-04-28T16:10:31.763+0000] {logging_mixin.py:188} INFO - [2024-04-28T16:10:31.763+0000] {dagbag.py:540} INFO - Filling up the DagBag from /home/airflow/.local/lib/python3.12/site-packages/airflow/example_dags/example_dag_decorator.py
[2024-04-28T16:10:31.829+0000] {processor.py:840} INFO - DAG(s) 'example_dag_decorator' retrieved from /home/airflow/.local/lib/python3.12/site-packages/airflow/example_dags/example_dag_decorator.py
[2024-04-28T16:10:32.012+0000] {logging_mixin.py:188} INFO - [2024-04-28T16:10:32.011+0000] {dag.py:3096} INFO - Sync 1 DAGs
[2024-04-28T16:10:32.019+0000] {logging_mixin.py:188} INFO - [2024-04-28T16:10:32.018+0000] {dag.py:3954} INFO - Setting next_dagrun for example_dag_decorator to None, run_after=None
[2024-04-28T16:10:32.033+0000] {processor.py:183} INFO - Processing /home/airflow/.local/lib/python3.12/site-packages/airflow/example_dags/example_dag_decorator.py took 0.277 seconds
[2024-04-28T16:11:02.155+0000] {processor.py:161} INFO - Started process (PID=686) to work on /home/airflow/.local/lib/python3.12/site-packages/airflow/example_dags/example_dag_decorator.py
[2024-04-28T16:11:02.156+0000] {processor.py:830} INFO - Processing file /home/airflow/.local/lib/python3.12/site-packages/airflow/example_dags/example_dag_decorator.py for tasks to queue
[2024-04-28T16:11:02.157+0000] {logging_mixin.py:188} INFO - [2024-04-28T16:11:02.157+0000] {dagbag.py:540} INFO - Filling up the DagBag from /home/airflow/.local/lib/python3.12/site-packages/airflow/example_dags/example_dag_decorator.py
[2024-04-28T16:11:02.337+0000] {processor.py:840} INFO - DAG(s) 'example_dag_decorator' retrieved from /home/airflow/.local/lib/python3.12/site-packages/airflow/example_dags/example_dag_decorator.py
[2024-04-28T16:11:02.415+0000] {logging_mixin.py:188} INFO - [2024-04-28T16:11:02.415+0000] {dag.py:3096} INFO - Sync 1 DAGs
[2024-04-28T16:11:02.424+0000] {logging_mixin.py:188} INFO - [2024-04-28T16:11:02.424+0000] {dag.py:3954} INFO - Setting next_dagrun for example_dag_decorator to None, run_after=None
[2024-04-28T16:11:02.439+0000] {processor.py:183} INFO - Processing /home/airflow/.local/lib/python3.12/site-packages/airflow/example_dags/example_dag_decorator.py took 0.290 seconds
[2024-04-28T16:11:32.829+0000] {processor.py:161} INFO - Started process (PID=746) to work on /home/airflow/.local/lib/python3.12/site-packages/airflow/example_dags/example_dag_decorator.py
[2024-04-28T16:11:32.830+0000] {processor.py:830} INFO - Processing file /home/airflow/.local/lib/python3.12/site-packages/airflow/example_dags/example_dag_decorator.py for tasks to queue
[2024-04-28T16:11:32.832+0000] {logging_mixin.py:188} INFO - [2024-04-28T16:11:32.832+0000] {dagbag.py:540} INFO - Filling up the DagBag from /home/airflow/.local/lib/python3.12/site-packages/airflow/example_dags/example_dag_decorator.py
[2024-04-28T16:11:32.901+0000] {processor.py:840} INFO - DAG(s) 'example_dag_decorator' retrieved from /home/airflow/.local/lib/python3.12/site-packages/airflow/example_dags/example_dag_decorator.py
[2024-04-28T16:11:33.104+0000] {logging_mixin.py:188} INFO - [2024-04-28T16:11:33.104+0000] {dag.py:3096} INFO - Sync 1 DAGs
[2024-04-28T16:11:33.113+0000] {logging_mixin.py:188} INFO - [2024-04-28T16:11:33.113+0000] {dag.py:3954} INFO - Setting next_dagrun for example_dag_decorator to None, run_after=None
[2024-04-28T16:11:33.129+0000] {processor.py:183} INFO - Processing /home/airflow/.local/lib/python3.12/site-packages/airflow/example_dags/example_dag_decorator.py took 0.305 seconds
[2024-04-28T16:12:03.208+0000] {processor.py:161} INFO - Started process (PID=806) to work on /home/airflow/.local/lib/python3.12/site-packages/airflow/example_dags/example_dag_decorator.py
[2024-04-28T16:12:03.209+0000] {processor.py:830} INFO - Processing file /home/airflow/.local/lib/python3.12/site-packages/airflow/example_dags/example_dag_decorator.py for tasks to queue
[2024-04-28T16:12:03.211+0000] {logging_mixin.py:188} INFO - [2024-04-28T16:12:03.210+0000] {dagbag.py:540} INFO - Filling up the DagBag from /home/airflow/.local/lib/python3.12/site-packages/airflow/example_dags/example_dag_decorator.py
[2024-04-28T16:12:03.280+0000] {processor.py:840} INFO - DAG(s) 'example_dag_decorator' retrieved from /home/airflow/.local/lib/python3.12/site-packages/airflow/example_dags/example_dag_decorator.py
[2024-04-28T16:12:03.460+0000] {logging_mixin.py:188} INFO - [2024-04-28T16:12:03.460+0000] {dag.py:3096} INFO - Sync 1 DAGs
[2024-04-28T16:12:03.468+0000] {logging_mixin.py:188} INFO - [2024-04-28T16:12:03.468+0000] {dag.py:3954} INFO - Setting next_dagrun for example_dag_decorator to None, run_after=None
[2024-04-28T16:12:03.484+0000] {processor.py:183} INFO - Processing /home/airflow/.local/lib/python3.12/site-packages/airflow/example_dags/example_dag_decorator.py took 0.280 seconds
[2024-04-28T16:12:33.937+0000] {processor.py:161} INFO - Started process (PID=863) to work on /home/airflow/.local/lib/python3.12/site-packages/airflow/example_dags/example_dag_decorator.py
[2024-04-28T16:12:33.938+0000] {processor.py:830} INFO - Processing file /home/airflow/.local/lib/python3.12/site-packages/airflow/example_dags/example_dag_decorator.py for tasks to queue
[2024-04-28T16:12:33.940+0000] {logging_mixin.py:188} INFO - [2024-04-28T16:12:33.939+0000] {dagbag.py:540} INFO - Filling up the DagBag from /home/airflow/.local/lib/python3.12/site-packages/airflow/example_dags/example_dag_decorator.py
[2024-04-28T16:12:34.006+0000] {processor.py:840} INFO - DAG(s) 'example_dag_decorator' retrieved from /home/airflow/.local/lib/python3.12/site-packages/airflow/example_dags/example_dag_decorator.py
[2024-04-28T16:12:34.203+0000] {logging_mixin.py:188} INFO - [2024-04-28T16:12:34.202+0000] {dag.py:3096} INFO - Sync 1 DAGs
[2024-04-28T16:12:34.210+0000] {logging_mixin.py:188} INFO - [2024-04-28T16:12:34.209+0000] {dag.py:3954} INFO - Setting next_dagrun for example_dag_decorator to None, run_after=None
[2024-04-28T16:12:34.226+0000] {processor.py:183} INFO - Processing /home/airflow/.local/lib/python3.12/site-packages/airflow/example_dags/example_dag_decorator.py took 0.295 seconds
