[2024-04-28T15:48:57.097+0000] {processor.py:161} INFO - Started process (PID=75) to work on /home/airflow/.local/lib/python3.12/site-packages/airflow/example_dags/example_display_name.py
[2024-04-28T15:48:57.099+0000] {processor.py:830} INFO - Processing file /home/airflow/.local/lib/python3.12/site-packages/airflow/example_dags/example_display_name.py for tasks to queue
[2024-04-28T15:48:57.102+0000] {logging_mixin.py:188} INFO - [2024-04-28T15:48:57.101+0000] {dagbag.py:540} INFO - Filling up the DagBag from /home/airflow/.local/lib/python3.12/site-packages/airflow/example_dags/example_display_name.py
[2024-04-28T15:48:57.109+0000] {processor.py:840} INFO - DAG(s) 'example_display_name' retrieved from /home/airflow/.local/lib/python3.12/site-packages/airflow/example_dags/example_display_name.py
[2024-04-28T15:48:57.194+0000] {logging_mixin.py:188} INFO - [2024-04-28T15:48:57.194+0000] {override.py:1829} INFO - Created Permission View: can delete on DAG:example_display_name
[2024-04-28T15:48:57.203+0000] {logging_mixin.py:188} INFO - [2024-04-28T15:48:57.203+0000] {override.py:1829} INFO - Created Permission View: can edit on DAG:example_display_name
[2024-04-28T15:48:57.209+0000] {logging_mixin.py:188} INFO - [2024-04-28T15:48:57.208+0000] {override.py:1829} INFO - Created Permission View: can read on DAG:example_display_name
[2024-04-28T15:48:57.209+0000] {logging_mixin.py:188} INFO - [2024-04-28T15:48:57.209+0000] {dag.py:3096} INFO - Sync 1 DAGs
[2024-04-28T15:48:57.220+0000] {logging_mixin.py:188} INFO - [2024-04-28T15:48:57.220+0000] {dag.py:3118} INFO - Creating ORM DAG for example_display_name
[2024-04-28T15:48:57.221+0000] {logging_mixin.py:188} INFO - [2024-04-28T15:48:57.221+0000] {dag.py:3954} INFO - Setting next_dagrun for example_display_name to None, run_after=None
[2024-04-28T15:48:57.235+0000] {processor.py:183} INFO - Processing /home/airflow/.local/lib/python3.12/site-packages/airflow/example_dags/example_display_name.py took 0.145 seconds
[2024-04-28T15:49:28.699+0000] {processor.py:161} INFO - Started process (PID=133) to work on /home/airflow/.local/lib/python3.12/site-packages/airflow/example_dags/example_display_name.py
[2024-04-28T15:49:28.708+0000] {processor.py:830} INFO - Processing file /home/airflow/.local/lib/python3.12/site-packages/airflow/example_dags/example_display_name.py for tasks to queue
[2024-04-28T15:49:28.709+0000] {logging_mixin.py:188} INFO - [2024-04-28T15:49:28.709+0000] {dagbag.py:540} INFO - Filling up the DagBag from /home/airflow/.local/lib/python3.12/site-packages/airflow/example_dags/example_display_name.py
[2024-04-28T15:49:28.715+0000] {processor.py:840} INFO - DAG(s) 'example_display_name' retrieved from /home/airflow/.local/lib/python3.12/site-packages/airflow/example_dags/example_display_name.py
[2024-04-28T15:49:28.734+0000] {logging_mixin.py:188} INFO - [2024-04-28T15:49:28.733+0000] {dag.py:3096} INFO - Sync 1 DAGs
[2024-04-28T15:49:28.745+0000] {logging_mixin.py:188} INFO - [2024-04-28T15:49:28.744+0000] {dag.py:3954} INFO - Setting next_dagrun for example_display_name to None, run_after=None
[2024-04-28T15:49:28.768+0000] {processor.py:183} INFO - Processing /home/airflow/.local/lib/python3.12/site-packages/airflow/example_dags/example_display_name.py took 0.074 seconds
[2024-04-28T15:49:59.435+0000] {processor.py:161} INFO - Started process (PID=191) to work on /home/airflow/.local/lib/python3.12/site-packages/airflow/example_dags/example_display_name.py
[2024-04-28T15:49:59.436+0000] {processor.py:830} INFO - Processing file /home/airflow/.local/lib/python3.12/site-packages/airflow/example_dags/example_display_name.py for tasks to queue
[2024-04-28T15:49:59.437+0000] {logging_mixin.py:188} INFO - [2024-04-28T15:49:59.437+0000] {dagbag.py:540} INFO - Filling up the DagBag from /home/airflow/.local/lib/python3.12/site-packages/airflow/example_dags/example_display_name.py
[2024-04-28T15:49:59.442+0000] {processor.py:840} INFO - DAG(s) 'example_display_name' retrieved from /home/airflow/.local/lib/python3.12/site-packages/airflow/example_dags/example_display_name.py
[2024-04-28T15:49:59.459+0000] {logging_mixin.py:188} INFO - [2024-04-28T15:49:59.459+0000] {dag.py:3096} INFO - Sync 1 DAGs
[2024-04-28T15:49:59.469+0000] {logging_mixin.py:188} INFO - [2024-04-28T15:49:59.469+0000] {dag.py:3954} INFO - Setting next_dagrun for example_display_name to None, run_after=None
[2024-04-28T15:49:59.486+0000] {processor.py:183} INFO - Processing /home/airflow/.local/lib/python3.12/site-packages/airflow/example_dags/example_display_name.py took 0.056 seconds
[2024-04-28T15:50:30.085+0000] {processor.py:161} INFO - Started process (PID=249) to work on /home/airflow/.local/lib/python3.12/site-packages/airflow/example_dags/example_display_name.py
[2024-04-28T15:50:30.086+0000] {processor.py:830} INFO - Processing file /home/airflow/.local/lib/python3.12/site-packages/airflow/example_dags/example_display_name.py for tasks to queue
[2024-04-28T15:50:30.087+0000] {logging_mixin.py:188} INFO - [2024-04-28T15:50:30.087+0000] {dagbag.py:540} INFO - Filling up the DagBag from /home/airflow/.local/lib/python3.12/site-packages/airflow/example_dags/example_display_name.py
[2024-04-28T15:50:30.093+0000] {processor.py:840} INFO - DAG(s) 'example_display_name' retrieved from /home/airflow/.local/lib/python3.12/site-packages/airflow/example_dags/example_display_name.py
[2024-04-28T15:50:30.111+0000] {logging_mixin.py:188} INFO - [2024-04-28T15:50:30.111+0000] {dag.py:3096} INFO - Sync 1 DAGs
[2024-04-28T15:50:30.122+0000] {logging_mixin.py:188} INFO - [2024-04-28T15:50:30.122+0000] {dag.py:3954} INFO - Setting next_dagrun for example_display_name to None, run_after=None
[2024-04-28T15:50:30.140+0000] {processor.py:183} INFO - Processing /home/airflow/.local/lib/python3.12/site-packages/airflow/example_dags/example_display_name.py took 0.061 seconds
[2024-04-28T15:51:00.728+0000] {processor.py:161} INFO - Started process (PID=307) to work on /home/airflow/.local/lib/python3.12/site-packages/airflow/example_dags/example_display_name.py
[2024-04-28T15:51:00.729+0000] {processor.py:830} INFO - Processing file /home/airflow/.local/lib/python3.12/site-packages/airflow/example_dags/example_display_name.py for tasks to queue
[2024-04-28T15:51:00.731+0000] {logging_mixin.py:188} INFO - [2024-04-28T15:51:00.731+0000] {dagbag.py:540} INFO - Filling up the DagBag from /home/airflow/.local/lib/python3.12/site-packages/airflow/example_dags/example_display_name.py
[2024-04-28T15:51:00.737+0000] {processor.py:840} INFO - DAG(s) 'example_display_name' retrieved from /home/airflow/.local/lib/python3.12/site-packages/airflow/example_dags/example_display_name.py
[2024-04-28T15:51:00.756+0000] {logging_mixin.py:188} INFO - [2024-04-28T15:51:00.755+0000] {dag.py:3096} INFO - Sync 1 DAGs
[2024-04-28T15:51:00.767+0000] {logging_mixin.py:188} INFO - [2024-04-28T15:51:00.767+0000] {dag.py:3954} INFO - Setting next_dagrun for example_display_name to None, run_after=None
[2024-04-28T15:51:00.787+0000] {processor.py:183} INFO - Processing /home/airflow/.local/lib/python3.12/site-packages/airflow/example_dags/example_display_name.py took 0.065 seconds
[2024-04-28T15:51:31.888+0000] {processor.py:161} INFO - Started process (PID=365) to work on /home/airflow/.local/lib/python3.12/site-packages/airflow/example_dags/example_display_name.py
[2024-04-28T15:51:31.889+0000] {processor.py:830} INFO - Processing file /home/airflow/.local/lib/python3.12/site-packages/airflow/example_dags/example_display_name.py for tasks to queue
[2024-04-28T15:51:31.891+0000] {logging_mixin.py:188} INFO - [2024-04-28T15:51:31.890+0000] {dagbag.py:540} INFO - Filling up the DagBag from /home/airflow/.local/lib/python3.12/site-packages/airflow/example_dags/example_display_name.py
[2024-04-28T15:51:31.896+0000] {processor.py:840} INFO - DAG(s) 'example_display_name' retrieved from /home/airflow/.local/lib/python3.12/site-packages/airflow/example_dags/example_display_name.py
[2024-04-28T15:51:31.915+0000] {logging_mixin.py:188} INFO - [2024-04-28T15:51:31.915+0000] {dag.py:3096} INFO - Sync 1 DAGs
[2024-04-28T15:51:31.929+0000] {logging_mixin.py:188} INFO - [2024-04-28T15:51:31.929+0000] {dag.py:3954} INFO - Setting next_dagrun for example_display_name to None, run_after=None
[2024-04-28T15:51:31.949+0000] {processor.py:183} INFO - Processing /home/airflow/.local/lib/python3.12/site-packages/airflow/example_dags/example_display_name.py took 0.068 seconds
[2024-04-28T15:53:34.422+0000] {processor.py:161} INFO - Started process (PID=77) to work on /home/airflow/.local/lib/python3.12/site-packages/airflow/example_dags/example_display_name.py
[2024-04-28T15:53:34.423+0000] {processor.py:830} INFO - Processing file /home/airflow/.local/lib/python3.12/site-packages/airflow/example_dags/example_display_name.py for tasks to queue
[2024-04-28T15:53:34.424+0000] {logging_mixin.py:188} INFO - [2024-04-28T15:53:34.424+0000] {dagbag.py:540} INFO - Filling up the DagBag from /home/airflow/.local/lib/python3.12/site-packages/airflow/example_dags/example_display_name.py
[2024-04-28T15:53:34.429+0000] {processor.py:840} INFO - DAG(s) 'example_display_name' retrieved from /home/airflow/.local/lib/python3.12/site-packages/airflow/example_dags/example_display_name.py
[2024-04-28T15:53:34.439+0000] {logging_mixin.py:188} INFO - [2024-04-28T15:53:34.439+0000] {dag.py:3096} INFO - Sync 1 DAGs
[2024-04-28T15:53:34.450+0000] {logging_mixin.py:188} INFO - [2024-04-28T15:53:34.450+0000] {dag.py:3954} INFO - Setting next_dagrun for example_display_name to None, run_after=None
[2024-04-28T15:53:34.468+0000] {processor.py:183} INFO - Processing /home/airflow/.local/lib/python3.12/site-packages/airflow/example_dags/example_display_name.py took 0.052 seconds
[2024-04-28T15:54:05.871+0000] {processor.py:161} INFO - Started process (PID=137) to work on /home/airflow/.local/lib/python3.12/site-packages/airflow/example_dags/example_display_name.py
[2024-04-28T15:54:05.872+0000] {processor.py:830} INFO - Processing file /home/airflow/.local/lib/python3.12/site-packages/airflow/example_dags/example_display_name.py for tasks to queue
[2024-04-28T15:54:05.874+0000] {logging_mixin.py:188} INFO - [2024-04-28T15:54:05.874+0000] {dagbag.py:540} INFO - Filling up the DagBag from /home/airflow/.local/lib/python3.12/site-packages/airflow/example_dags/example_display_name.py
[2024-04-28T15:54:05.878+0000] {processor.py:840} INFO - DAG(s) 'example_display_name' retrieved from /home/airflow/.local/lib/python3.12/site-packages/airflow/example_dags/example_display_name.py
[2024-04-28T15:54:05.954+0000] {logging_mixin.py:188} INFO - [2024-04-28T15:54:05.954+0000] {dag.py:3096} INFO - Sync 1 DAGs
[2024-04-28T15:54:05.962+0000] {logging_mixin.py:188} INFO - [2024-04-28T15:54:05.962+0000] {dag.py:3954} INFO - Setting next_dagrun for example_display_name to None, run_after=None
[2024-04-28T15:54:05.983+0000] {processor.py:183} INFO - Processing /home/airflow/.local/lib/python3.12/site-packages/airflow/example_dags/example_display_name.py took 0.117 seconds
[2024-04-28T15:54:36.065+0000] {processor.py:161} INFO - Started process (PID=205) to work on /home/airflow/.local/lib/python3.12/site-packages/airflow/example_dags/example_display_name.py
[2024-04-28T15:54:36.066+0000] {processor.py:830} INFO - Processing file /home/airflow/.local/lib/python3.12/site-packages/airflow/example_dags/example_display_name.py for tasks to queue
[2024-04-28T15:54:36.067+0000] {logging_mixin.py:188} INFO - [2024-04-28T15:54:36.067+0000] {dagbag.py:540} INFO - Filling up the DagBag from /home/airflow/.local/lib/python3.12/site-packages/airflow/example_dags/example_display_name.py
[2024-04-28T15:54:36.073+0000] {processor.py:840} INFO - DAG(s) 'example_display_name' retrieved from /home/airflow/.local/lib/python3.12/site-packages/airflow/example_dags/example_display_name.py
[2024-04-28T15:54:36.092+0000] {logging_mixin.py:188} INFO - [2024-04-28T15:54:36.092+0000] {dag.py:3096} INFO - Sync 1 DAGs
[2024-04-28T15:54:36.103+0000] {logging_mixin.py:188} INFO - [2024-04-28T15:54:36.103+0000] {dag.py:3954} INFO - Setting next_dagrun for example_display_name to None, run_after=None
[2024-04-28T15:54:36.122+0000] {processor.py:183} INFO - Processing /home/airflow/.local/lib/python3.12/site-packages/airflow/example_dags/example_display_name.py took 0.062 seconds
[2024-04-28T15:55:07.175+0000] {processor.py:161} INFO - Started process (PID=265) to work on /home/airflow/.local/lib/python3.12/site-packages/airflow/example_dags/example_display_name.py
[2024-04-28T15:55:07.177+0000] {processor.py:830} INFO - Processing file /home/airflow/.local/lib/python3.12/site-packages/airflow/example_dags/example_display_name.py for tasks to queue
[2024-04-28T15:55:07.179+0000] {logging_mixin.py:188} INFO - [2024-04-28T15:55:07.178+0000] {dagbag.py:540} INFO - Filling up the DagBag from /home/airflow/.local/lib/python3.12/site-packages/airflow/example_dags/example_display_name.py
[2024-04-28T15:55:07.184+0000] {processor.py:840} INFO - DAG(s) 'example_display_name' retrieved from /home/airflow/.local/lib/python3.12/site-packages/airflow/example_dags/example_display_name.py
[2024-04-28T15:55:07.201+0000] {logging_mixin.py:188} INFO - [2024-04-28T15:55:07.201+0000] {dag.py:3096} INFO - Sync 1 DAGs
[2024-04-28T15:55:07.212+0000] {logging_mixin.py:188} INFO - [2024-04-28T15:55:07.211+0000] {dag.py:3954} INFO - Setting next_dagrun for example_display_name to None, run_after=None
[2024-04-28T15:55:07.227+0000] {processor.py:183} INFO - Processing /home/airflow/.local/lib/python3.12/site-packages/airflow/example_dags/example_display_name.py took 0.062 seconds
[2024-04-28T15:55:38.306+0000] {processor.py:161} INFO - Started process (PID=325) to work on /home/airflow/.local/lib/python3.12/site-packages/airflow/example_dags/example_display_name.py
[2024-04-28T15:55:38.307+0000] {processor.py:830} INFO - Processing file /home/airflow/.local/lib/python3.12/site-packages/airflow/example_dags/example_display_name.py for tasks to queue
[2024-04-28T15:55:38.309+0000] {logging_mixin.py:188} INFO - [2024-04-28T15:55:38.308+0000] {dagbag.py:540} INFO - Filling up the DagBag from /home/airflow/.local/lib/python3.12/site-packages/airflow/example_dags/example_display_name.py
[2024-04-28T15:55:38.314+0000] {processor.py:840} INFO - DAG(s) 'example_display_name' retrieved from /home/airflow/.local/lib/python3.12/site-packages/airflow/example_dags/example_display_name.py
[2024-04-28T15:55:38.332+0000] {logging_mixin.py:188} INFO - [2024-04-28T15:55:38.331+0000] {dag.py:3096} INFO - Sync 1 DAGs
[2024-04-28T15:55:38.343+0000] {logging_mixin.py:188} INFO - [2024-04-28T15:55:38.343+0000] {dag.py:3954} INFO - Setting next_dagrun for example_display_name to None, run_after=None
[2024-04-28T15:55:38.362+0000] {processor.py:183} INFO - Processing /home/airflow/.local/lib/python3.12/site-packages/airflow/example_dags/example_display_name.py took 0.061 seconds
[2024-04-28T15:56:08.641+0000] {processor.py:161} INFO - Started process (PID=385) to work on /home/airflow/.local/lib/python3.12/site-packages/airflow/example_dags/example_display_name.py
[2024-04-28T15:56:08.643+0000] {processor.py:830} INFO - Processing file /home/airflow/.local/lib/python3.12/site-packages/airflow/example_dags/example_display_name.py for tasks to queue
[2024-04-28T15:56:08.644+0000] {logging_mixin.py:188} INFO - [2024-04-28T15:56:08.644+0000] {dagbag.py:540} INFO - Filling up the DagBag from /home/airflow/.local/lib/python3.12/site-packages/airflow/example_dags/example_display_name.py
[2024-04-28T15:56:08.649+0000] {processor.py:840} INFO - DAG(s) 'example_display_name' retrieved from /home/airflow/.local/lib/python3.12/site-packages/airflow/example_dags/example_display_name.py
[2024-04-28T15:56:08.665+0000] {logging_mixin.py:188} INFO - [2024-04-28T15:56:08.664+0000] {dag.py:3096} INFO - Sync 1 DAGs
[2024-04-28T15:56:08.675+0000] {logging_mixin.py:188} INFO - [2024-04-28T15:56:08.674+0000] {dag.py:3954} INFO - Setting next_dagrun for example_display_name to None, run_after=None
[2024-04-28T15:56:08.690+0000] {processor.py:183} INFO - Processing /home/airflow/.local/lib/python3.12/site-packages/airflow/example_dags/example_display_name.py took 0.053 seconds
[2024-04-28T15:56:39.771+0000] {processor.py:161} INFO - Started process (PID=445) to work on /home/airflow/.local/lib/python3.12/site-packages/airflow/example_dags/example_display_name.py
[2024-04-28T15:56:39.772+0000] {processor.py:830} INFO - Processing file /home/airflow/.local/lib/python3.12/site-packages/airflow/example_dags/example_display_name.py for tasks to queue
[2024-04-28T15:56:39.773+0000] {logging_mixin.py:188} INFO - [2024-04-28T15:56:39.773+0000] {dagbag.py:540} INFO - Filling up the DagBag from /home/airflow/.local/lib/python3.12/site-packages/airflow/example_dags/example_display_name.py
[2024-04-28T15:56:39.778+0000] {processor.py:840} INFO - DAG(s) 'example_display_name' retrieved from /home/airflow/.local/lib/python3.12/site-packages/airflow/example_dags/example_display_name.py
[2024-04-28T15:56:39.796+0000] {logging_mixin.py:188} INFO - [2024-04-28T15:56:39.796+0000] {dag.py:3096} INFO - Sync 1 DAGs
[2024-04-28T15:56:39.806+0000] {logging_mixin.py:188} INFO - [2024-04-28T15:56:39.806+0000] {dag.py:3954} INFO - Setting next_dagrun for example_display_name to None, run_after=None
[2024-04-28T15:56:39.823+0000] {processor.py:183} INFO - Processing /home/airflow/.local/lib/python3.12/site-packages/airflow/example_dags/example_display_name.py took 0.056 seconds
[2024-04-28T15:57:10.190+0000] {processor.py:161} INFO - Started process (PID=505) to work on /home/airflow/.local/lib/python3.12/site-packages/airflow/example_dags/example_display_name.py
[2024-04-28T15:57:10.191+0000] {processor.py:830} INFO - Processing file /home/airflow/.local/lib/python3.12/site-packages/airflow/example_dags/example_display_name.py for tasks to queue
[2024-04-28T15:57:10.192+0000] {logging_mixin.py:188} INFO - [2024-04-28T15:57:10.192+0000] {dagbag.py:540} INFO - Filling up the DagBag from /home/airflow/.local/lib/python3.12/site-packages/airflow/example_dags/example_display_name.py
[2024-04-28T15:57:10.196+0000] {processor.py:840} INFO - DAG(s) 'example_display_name' retrieved from /home/airflow/.local/lib/python3.12/site-packages/airflow/example_dags/example_display_name.py
[2024-04-28T15:57:10.211+0000] {logging_mixin.py:188} INFO - [2024-04-28T15:57:10.211+0000] {dag.py:3096} INFO - Sync 1 DAGs
[2024-04-28T15:57:10.221+0000] {logging_mixin.py:188} INFO - [2024-04-28T15:57:10.220+0000] {dag.py:3954} INFO - Setting next_dagrun for example_display_name to None, run_after=None
[2024-04-28T15:57:10.236+0000] {processor.py:183} INFO - Processing /home/airflow/.local/lib/python3.12/site-packages/airflow/example_dags/example_display_name.py took 0.050 seconds
[2024-04-28T15:57:40.366+0000] {processor.py:161} INFO - Started process (PID=563) to work on /home/airflow/.local/lib/python3.12/site-packages/airflow/example_dags/example_display_name.py
[2024-04-28T15:57:40.367+0000] {processor.py:830} INFO - Processing file /home/airflow/.local/lib/python3.12/site-packages/airflow/example_dags/example_display_name.py for tasks to queue
[2024-04-28T15:57:40.368+0000] {logging_mixin.py:188} INFO - [2024-04-28T15:57:40.368+0000] {dagbag.py:540} INFO - Filling up the DagBag from /home/airflow/.local/lib/python3.12/site-packages/airflow/example_dags/example_display_name.py
[2024-04-28T15:57:40.373+0000] {processor.py:840} INFO - DAG(s) 'example_display_name' retrieved from /home/airflow/.local/lib/python3.12/site-packages/airflow/example_dags/example_display_name.py
[2024-04-28T15:57:40.388+0000] {logging_mixin.py:188} INFO - [2024-04-28T15:57:40.387+0000] {dag.py:3096} INFO - Sync 1 DAGs
[2024-04-28T15:57:40.398+0000] {logging_mixin.py:188} INFO - [2024-04-28T15:57:40.398+0000] {dag.py:3954} INFO - Setting next_dagrun for example_display_name to None, run_after=None
[2024-04-28T15:57:40.413+0000] {processor.py:183} INFO - Processing /home/airflow/.local/lib/python3.12/site-packages/airflow/example_dags/example_display_name.py took 0.051 seconds
[2024-04-28T15:58:10.778+0000] {processor.py:161} INFO - Started process (PID=623) to work on /home/airflow/.local/lib/python3.12/site-packages/airflow/example_dags/example_display_name.py
[2024-04-28T15:58:10.779+0000] {processor.py:830} INFO - Processing file /home/airflow/.local/lib/python3.12/site-packages/airflow/example_dags/example_display_name.py for tasks to queue
[2024-04-28T15:58:10.781+0000] {logging_mixin.py:188} INFO - [2024-04-28T15:58:10.780+0000] {dagbag.py:540} INFO - Filling up the DagBag from /home/airflow/.local/lib/python3.12/site-packages/airflow/example_dags/example_display_name.py
[2024-04-28T15:58:10.785+0000] {processor.py:840} INFO - DAG(s) 'example_display_name' retrieved from /home/airflow/.local/lib/python3.12/site-packages/airflow/example_dags/example_display_name.py
[2024-04-28T15:58:10.808+0000] {logging_mixin.py:188} INFO - [2024-04-28T15:58:10.808+0000] {dag.py:3096} INFO - Sync 1 DAGs
[2024-04-28T15:58:10.819+0000] {logging_mixin.py:188} INFO - [2024-04-28T15:58:10.818+0000] {dag.py:3954} INFO - Setting next_dagrun for example_display_name to None, run_after=None
[2024-04-28T15:58:10.838+0000] {processor.py:183} INFO - Processing /home/airflow/.local/lib/python3.12/site-packages/airflow/example_dags/example_display_name.py took 0.066 seconds
[2024-04-28T15:58:41.244+0000] {processor.py:161} INFO - Started process (PID=683) to work on /home/airflow/.local/lib/python3.12/site-packages/airflow/example_dags/example_display_name.py
[2024-04-28T15:58:41.245+0000] {processor.py:830} INFO - Processing file /home/airflow/.local/lib/python3.12/site-packages/airflow/example_dags/example_display_name.py for tasks to queue
[2024-04-28T15:58:41.247+0000] {logging_mixin.py:188} INFO - [2024-04-28T15:58:41.246+0000] {dagbag.py:540} INFO - Filling up the DagBag from /home/airflow/.local/lib/python3.12/site-packages/airflow/example_dags/example_display_name.py
[2024-04-28T15:58:41.251+0000] {processor.py:840} INFO - DAG(s) 'example_display_name' retrieved from /home/airflow/.local/lib/python3.12/site-packages/airflow/example_dags/example_display_name.py
[2024-04-28T15:58:41.267+0000] {logging_mixin.py:188} INFO - [2024-04-28T15:58:41.267+0000] {dag.py:3096} INFO - Sync 1 DAGs
[2024-04-28T15:58:41.277+0000] {logging_mixin.py:188} INFO - [2024-04-28T15:58:41.277+0000] {dag.py:3954} INFO - Setting next_dagrun for example_display_name to None, run_after=None
[2024-04-28T15:58:41.294+0000] {processor.py:183} INFO - Processing /home/airflow/.local/lib/python3.12/site-packages/airflow/example_dags/example_display_name.py took 0.055 seconds
[2024-04-28T15:59:11.852+0000] {processor.py:161} INFO - Started process (PID=743) to work on /home/airflow/.local/lib/python3.12/site-packages/airflow/example_dags/example_display_name.py
[2024-04-28T15:59:11.853+0000] {processor.py:830} INFO - Processing file /home/airflow/.local/lib/python3.12/site-packages/airflow/example_dags/example_display_name.py for tasks to queue
[2024-04-28T15:59:11.855+0000] {logging_mixin.py:188} INFO - [2024-04-28T15:59:11.854+0000] {dagbag.py:540} INFO - Filling up the DagBag from /home/airflow/.local/lib/python3.12/site-packages/airflow/example_dags/example_display_name.py
[2024-04-28T15:59:11.860+0000] {processor.py:840} INFO - DAG(s) 'example_display_name' retrieved from /home/airflow/.local/lib/python3.12/site-packages/airflow/example_dags/example_display_name.py
[2024-04-28T15:59:11.876+0000] {logging_mixin.py:188} INFO - [2024-04-28T15:59:11.876+0000] {dag.py:3096} INFO - Sync 1 DAGs
[2024-04-28T15:59:11.887+0000] {logging_mixin.py:188} INFO - [2024-04-28T15:59:11.887+0000] {dag.py:3954} INFO - Setting next_dagrun for example_display_name to None, run_after=None
[2024-04-28T15:59:11.902+0000] {processor.py:183} INFO - Processing /home/airflow/.local/lib/python3.12/site-packages/airflow/example_dags/example_display_name.py took 0.056 seconds
[2024-04-28T15:59:42.349+0000] {processor.py:161} INFO - Started process (PID=803) to work on /home/airflow/.local/lib/python3.12/site-packages/airflow/example_dags/example_display_name.py
[2024-04-28T15:59:42.350+0000] {processor.py:830} INFO - Processing file /home/airflow/.local/lib/python3.12/site-packages/airflow/example_dags/example_display_name.py for tasks to queue
[2024-04-28T15:59:42.351+0000] {logging_mixin.py:188} INFO - [2024-04-28T15:59:42.351+0000] {dagbag.py:540} INFO - Filling up the DagBag from /home/airflow/.local/lib/python3.12/site-packages/airflow/example_dags/example_display_name.py
[2024-04-28T15:59:42.355+0000] {processor.py:840} INFO - DAG(s) 'example_display_name' retrieved from /home/airflow/.local/lib/python3.12/site-packages/airflow/example_dags/example_display_name.py
[2024-04-28T15:59:42.370+0000] {logging_mixin.py:188} INFO - [2024-04-28T15:59:42.370+0000] {dag.py:3096} INFO - Sync 1 DAGs
[2024-04-28T15:59:42.380+0000] {logging_mixin.py:188} INFO - [2024-04-28T15:59:42.380+0000] {dag.py:3954} INFO - Setting next_dagrun for example_display_name to None, run_after=None
[2024-04-28T15:59:42.395+0000] {processor.py:183} INFO - Processing /home/airflow/.local/lib/python3.12/site-packages/airflow/example_dags/example_display_name.py took 0.051 seconds
[2024-04-28T16:00:12.976+0000] {processor.py:161} INFO - Started process (PID=863) to work on /home/airflow/.local/lib/python3.12/site-packages/airflow/example_dags/example_display_name.py
[2024-04-28T16:00:12.977+0000] {processor.py:830} INFO - Processing file /home/airflow/.local/lib/python3.12/site-packages/airflow/example_dags/example_display_name.py for tasks to queue
[2024-04-28T16:00:12.978+0000] {logging_mixin.py:188} INFO - [2024-04-28T16:00:12.978+0000] {dagbag.py:540} INFO - Filling up the DagBag from /home/airflow/.local/lib/python3.12/site-packages/airflow/example_dags/example_display_name.py
[2024-04-28T16:00:12.983+0000] {processor.py:840} INFO - DAG(s) 'example_display_name' retrieved from /home/airflow/.local/lib/python3.12/site-packages/airflow/example_dags/example_display_name.py
[2024-04-28T16:00:12.998+0000] {logging_mixin.py:188} INFO - [2024-04-28T16:00:12.998+0000] {dag.py:3096} INFO - Sync 1 DAGs
[2024-04-28T16:00:13.008+0000] {logging_mixin.py:188} INFO - [2024-04-28T16:00:13.008+0000] {dag.py:3954} INFO - Setting next_dagrun for example_display_name to None, run_after=None
[2024-04-28T16:00:13.022+0000] {processor.py:183} INFO - Processing /home/airflow/.local/lib/python3.12/site-packages/airflow/example_dags/example_display_name.py took 0.051 seconds
[2024-04-28T16:00:43.490+0000] {processor.py:161} INFO - Started process (PID=923) to work on /home/airflow/.local/lib/python3.12/site-packages/airflow/example_dags/example_display_name.py
[2024-04-28T16:00:43.491+0000] {processor.py:830} INFO - Processing file /home/airflow/.local/lib/python3.12/site-packages/airflow/example_dags/example_display_name.py for tasks to queue
[2024-04-28T16:00:43.492+0000] {logging_mixin.py:188} INFO - [2024-04-28T16:00:43.492+0000] {dagbag.py:540} INFO - Filling up the DagBag from /home/airflow/.local/lib/python3.12/site-packages/airflow/example_dags/example_display_name.py
[2024-04-28T16:00:43.497+0000] {processor.py:840} INFO - DAG(s) 'example_display_name' retrieved from /home/airflow/.local/lib/python3.12/site-packages/airflow/example_dags/example_display_name.py
[2024-04-28T16:00:43.512+0000] {logging_mixin.py:188} INFO - [2024-04-28T16:00:43.512+0000] {dag.py:3096} INFO - Sync 1 DAGs
[2024-04-28T16:00:43.523+0000] {logging_mixin.py:188} INFO - [2024-04-28T16:00:43.523+0000] {dag.py:3954} INFO - Setting next_dagrun for example_display_name to None, run_after=None
[2024-04-28T16:00:43.541+0000] {processor.py:183} INFO - Processing /home/airflow/.local/lib/python3.12/site-packages/airflow/example_dags/example_display_name.py took 0.056 seconds
[2024-04-28T16:05:54.678+0000] {processor.py:161} INFO - Started process (PID=77) to work on /home/airflow/.local/lib/python3.12/site-packages/airflow/example_dags/example_display_name.py
[2024-04-28T16:05:54.679+0000] {processor.py:830} INFO - Processing file /home/airflow/.local/lib/python3.12/site-packages/airflow/example_dags/example_display_name.py for tasks to queue
[2024-04-28T16:05:54.680+0000] {logging_mixin.py:188} INFO - [2024-04-28T16:05:54.680+0000] {dagbag.py:540} INFO - Filling up the DagBag from /home/airflow/.local/lib/python3.12/site-packages/airflow/example_dags/example_display_name.py
[2024-04-28T16:05:54.684+0000] {processor.py:840} INFO - DAG(s) 'example_display_name' retrieved from /home/airflow/.local/lib/python3.12/site-packages/airflow/example_dags/example_display_name.py
[2024-04-28T16:05:54.693+0000] {logging_mixin.py:188} INFO - [2024-04-28T16:05:54.693+0000] {dag.py:3096} INFO - Sync 1 DAGs
[2024-04-28T16:05:54.702+0000] {logging_mixin.py:188} INFO - [2024-04-28T16:05:54.702+0000] {dag.py:3954} INFO - Setting next_dagrun for example_display_name to None, run_after=None
[2024-04-28T16:05:54.718+0000] {processor.py:183} INFO - Processing /home/airflow/.local/lib/python3.12/site-packages/airflow/example_dags/example_display_name.py took 0.045 seconds
[2024-04-28T16:06:26.290+0000] {processor.py:161} INFO - Started process (PID=137) to work on /home/airflow/.local/lib/python3.12/site-packages/airflow/example_dags/example_display_name.py
[2024-04-28T16:06:26.291+0000] {processor.py:830} INFO - Processing file /home/airflow/.local/lib/python3.12/site-packages/airflow/example_dags/example_display_name.py for tasks to queue
[2024-04-28T16:06:26.293+0000] {logging_mixin.py:188} INFO - [2024-04-28T16:06:26.292+0000] {dagbag.py:540} INFO - Filling up the DagBag from /home/airflow/.local/lib/python3.12/site-packages/airflow/example_dags/example_display_name.py
[2024-04-28T16:06:26.297+0000] {processor.py:840} INFO - DAG(s) 'example_display_name' retrieved from /home/airflow/.local/lib/python3.12/site-packages/airflow/example_dags/example_display_name.py
[2024-04-28T16:06:26.375+0000] {logging_mixin.py:188} INFO - [2024-04-28T16:06:26.374+0000] {dag.py:3096} INFO - Sync 1 DAGs
[2024-04-28T16:06:26.383+0000] {logging_mixin.py:188} INFO - [2024-04-28T16:06:26.382+0000] {dag.py:3954} INFO - Setting next_dagrun for example_display_name to None, run_after=None
[2024-04-28T16:06:26.400+0000] {processor.py:183} INFO - Processing /home/airflow/.local/lib/python3.12/site-packages/airflow/example_dags/example_display_name.py took 0.115 seconds
[2024-04-28T16:06:57.351+0000] {processor.py:161} INFO - Started process (PID=201) to work on /home/airflow/.local/lib/python3.12/site-packages/airflow/example_dags/example_display_name.py
[2024-04-28T16:06:57.352+0000] {processor.py:830} INFO - Processing file /home/airflow/.local/lib/python3.12/site-packages/airflow/example_dags/example_display_name.py for tasks to queue
[2024-04-28T16:06:57.354+0000] {logging_mixin.py:188} INFO - [2024-04-28T16:06:57.353+0000] {dagbag.py:540} INFO - Filling up the DagBag from /home/airflow/.local/lib/python3.12/site-packages/airflow/example_dags/example_display_name.py
[2024-04-28T16:06:57.358+0000] {processor.py:840} INFO - DAG(s) 'example_display_name' retrieved from /home/airflow/.local/lib/python3.12/site-packages/airflow/example_dags/example_display_name.py
[2024-04-28T16:06:57.375+0000] {logging_mixin.py:188} INFO - [2024-04-28T16:06:57.375+0000] {dag.py:3096} INFO - Sync 1 DAGs
[2024-04-28T16:06:57.385+0000] {logging_mixin.py:188} INFO - [2024-04-28T16:06:57.385+0000] {dag.py:3954} INFO - Setting next_dagrun for example_display_name to None, run_after=None
[2024-04-28T16:06:57.400+0000] {processor.py:183} INFO - Processing /home/airflow/.local/lib/python3.12/site-packages/airflow/example_dags/example_display_name.py took 0.053 seconds
[2024-04-28T16:07:27.935+0000] {processor.py:161} INFO - Started process (PID=261) to work on /home/airflow/.local/lib/python3.12/site-packages/airflow/example_dags/example_display_name.py
[2024-04-28T16:07:27.938+0000] {processor.py:830} INFO - Processing file /home/airflow/.local/lib/python3.12/site-packages/airflow/example_dags/example_display_name.py for tasks to queue
[2024-04-28T16:07:27.940+0000] {logging_mixin.py:188} INFO - [2024-04-28T16:07:27.939+0000] {dagbag.py:540} INFO - Filling up the DagBag from /home/airflow/.local/lib/python3.12/site-packages/airflow/example_dags/example_display_name.py
[2024-04-28T16:07:27.944+0000] {processor.py:840} INFO - DAG(s) 'example_display_name' retrieved from /home/airflow/.local/lib/python3.12/site-packages/airflow/example_dags/example_display_name.py
[2024-04-28T16:07:27.960+0000] {logging_mixin.py:188} INFO - [2024-04-28T16:07:27.960+0000] {dag.py:3096} INFO - Sync 1 DAGs
[2024-04-28T16:07:27.970+0000] {logging_mixin.py:188} INFO - [2024-04-28T16:07:27.970+0000] {dag.py:3954} INFO - Setting next_dagrun for example_display_name to None, run_after=None
[2024-04-28T16:07:27.985+0000] {processor.py:183} INFO - Processing /home/airflow/.local/lib/python3.12/site-packages/airflow/example_dags/example_display_name.py took 0.054 seconds
[2024-04-28T16:07:58.431+0000] {processor.py:161} INFO - Started process (PID=321) to work on /home/airflow/.local/lib/python3.12/site-packages/airflow/example_dags/example_display_name.py
[2024-04-28T16:07:58.432+0000] {processor.py:830} INFO - Processing file /home/airflow/.local/lib/python3.12/site-packages/airflow/example_dags/example_display_name.py for tasks to queue
[2024-04-28T16:07:58.434+0000] {logging_mixin.py:188} INFO - [2024-04-28T16:07:58.433+0000] {dagbag.py:540} INFO - Filling up the DagBag from /home/airflow/.local/lib/python3.12/site-packages/airflow/example_dags/example_display_name.py
[2024-04-28T16:07:58.438+0000] {processor.py:840} INFO - DAG(s) 'example_display_name' retrieved from /home/airflow/.local/lib/python3.12/site-packages/airflow/example_dags/example_display_name.py
[2024-04-28T16:07:58.457+0000] {logging_mixin.py:188} INFO - [2024-04-28T16:07:58.457+0000] {dag.py:3096} INFO - Sync 1 DAGs
[2024-04-28T16:07:58.470+0000] {logging_mixin.py:188} INFO - [2024-04-28T16:07:58.469+0000] {dag.py:3954} INFO - Setting next_dagrun for example_display_name to None, run_after=None
[2024-04-28T16:07:58.486+0000] {processor.py:183} INFO - Processing /home/airflow/.local/lib/python3.12/site-packages/airflow/example_dags/example_display_name.py took 0.060 seconds
[2024-04-28T16:08:29.019+0000] {processor.py:161} INFO - Started process (PID=381) to work on /home/airflow/.local/lib/python3.12/site-packages/airflow/example_dags/example_display_name.py
[2024-04-28T16:08:29.020+0000] {processor.py:830} INFO - Processing file /home/airflow/.local/lib/python3.12/site-packages/airflow/example_dags/example_display_name.py for tasks to queue
[2024-04-28T16:08:29.022+0000] {logging_mixin.py:188} INFO - [2024-04-28T16:08:29.021+0000] {dagbag.py:540} INFO - Filling up the DagBag from /home/airflow/.local/lib/python3.12/site-packages/airflow/example_dags/example_display_name.py
[2024-04-28T16:08:29.027+0000] {processor.py:840} INFO - DAG(s) 'example_display_name' retrieved from /home/airflow/.local/lib/python3.12/site-packages/airflow/example_dags/example_display_name.py
[2024-04-28T16:08:29.044+0000] {logging_mixin.py:188} INFO - [2024-04-28T16:08:29.044+0000] {dag.py:3096} INFO - Sync 1 DAGs
[2024-04-28T16:08:29.054+0000] {logging_mixin.py:188} INFO - [2024-04-28T16:08:29.054+0000] {dag.py:3954} INFO - Setting next_dagrun for example_display_name to None, run_after=None
[2024-04-28T16:08:29.071+0000] {processor.py:183} INFO - Processing /home/airflow/.local/lib/python3.12/site-packages/airflow/example_dags/example_display_name.py took 0.057 seconds
[2024-04-28T16:09:00.024+0000] {processor.py:161} INFO - Started process (PID=441) to work on /home/airflow/.local/lib/python3.12/site-packages/airflow/example_dags/example_display_name.py
[2024-04-28T16:09:00.025+0000] {processor.py:830} INFO - Processing file /home/airflow/.local/lib/python3.12/site-packages/airflow/example_dags/example_display_name.py for tasks to queue
[2024-04-28T16:09:00.027+0000] {logging_mixin.py:188} INFO - [2024-04-28T16:09:00.026+0000] {dagbag.py:540} INFO - Filling up the DagBag from /home/airflow/.local/lib/python3.12/site-packages/airflow/example_dags/example_display_name.py
[2024-04-28T16:09:00.032+0000] {processor.py:840} INFO - DAG(s) 'example_display_name' retrieved from /home/airflow/.local/lib/python3.12/site-packages/airflow/example_dags/example_display_name.py
[2024-04-28T16:09:00.048+0000] {logging_mixin.py:188} INFO - [2024-04-28T16:09:00.048+0000] {dag.py:3096} INFO - Sync 1 DAGs
[2024-04-28T16:09:00.060+0000] {logging_mixin.py:188} INFO - [2024-04-28T16:09:00.060+0000] {dag.py:3954} INFO - Setting next_dagrun for example_display_name to None, run_after=None
[2024-04-28T16:09:00.076+0000] {processor.py:183} INFO - Processing /home/airflow/.local/lib/python3.12/site-packages/airflow/example_dags/example_display_name.py took 0.056 seconds
[2024-04-28T16:09:30.744+0000] {processor.py:161} INFO - Started process (PID=501) to work on /home/airflow/.local/lib/python3.12/site-packages/airflow/example_dags/example_display_name.py
[2024-04-28T16:09:30.745+0000] {processor.py:830} INFO - Processing file /home/airflow/.local/lib/python3.12/site-packages/airflow/example_dags/example_display_name.py for tasks to queue
[2024-04-28T16:09:30.746+0000] {logging_mixin.py:188} INFO - [2024-04-28T16:09:30.746+0000] {dagbag.py:540} INFO - Filling up the DagBag from /home/airflow/.local/lib/python3.12/site-packages/airflow/example_dags/example_display_name.py
[2024-04-28T16:09:30.750+0000] {processor.py:840} INFO - DAG(s) 'example_display_name' retrieved from /home/airflow/.local/lib/python3.12/site-packages/airflow/example_dags/example_display_name.py
[2024-04-28T16:09:30.766+0000] {logging_mixin.py:188} INFO - [2024-04-28T16:09:30.766+0000] {dag.py:3096} INFO - Sync 1 DAGs
[2024-04-28T16:09:30.775+0000] {logging_mixin.py:188} INFO - [2024-04-28T16:09:30.775+0000] {dag.py:3954} INFO - Setting next_dagrun for example_display_name to None, run_after=None
[2024-04-28T16:09:30.791+0000] {processor.py:183} INFO - Processing /home/airflow/.local/lib/python3.12/site-packages/airflow/example_dags/example_display_name.py took 0.052 seconds
[2024-04-28T16:10:01.273+0000] {processor.py:161} INFO - Started process (PID=561) to work on /home/airflow/.local/lib/python3.12/site-packages/airflow/example_dags/example_display_name.py
[2024-04-28T16:10:01.276+0000] {processor.py:830} INFO - Processing file /home/airflow/.local/lib/python3.12/site-packages/airflow/example_dags/example_display_name.py for tasks to queue
[2024-04-28T16:10:01.277+0000] {logging_mixin.py:188} INFO - [2024-04-28T16:10:01.277+0000] {dagbag.py:540} INFO - Filling up the DagBag from /home/airflow/.local/lib/python3.12/site-packages/airflow/example_dags/example_display_name.py
[2024-04-28T16:10:01.281+0000] {processor.py:840} INFO - DAG(s) 'example_display_name' retrieved from /home/airflow/.local/lib/python3.12/site-packages/airflow/example_dags/example_display_name.py
[2024-04-28T16:10:01.298+0000] {logging_mixin.py:188} INFO - [2024-04-28T16:10:01.298+0000] {dag.py:3096} INFO - Sync 1 DAGs
[2024-04-28T16:10:01.306+0000] {logging_mixin.py:188} INFO - [2024-04-28T16:10:01.306+0000] {dag.py:3954} INFO - Setting next_dagrun for example_display_name to None, run_after=None
[2024-04-28T16:10:01.324+0000] {processor.py:183} INFO - Processing /home/airflow/.local/lib/python3.12/site-packages/airflow/example_dags/example_display_name.py took 0.055 seconds
[2024-04-28T16:10:31.572+0000] {processor.py:161} INFO - Started process (PID=621) to work on /home/airflow/.local/lib/python3.12/site-packages/airflow/example_dags/example_display_name.py
[2024-04-28T16:10:31.575+0000] {processor.py:830} INFO - Processing file /home/airflow/.local/lib/python3.12/site-packages/airflow/example_dags/example_display_name.py for tasks to queue
[2024-04-28T16:10:31.577+0000] {logging_mixin.py:188} INFO - [2024-04-28T16:10:31.576+0000] {dagbag.py:540} INFO - Filling up the DagBag from /home/airflow/.local/lib/python3.12/site-packages/airflow/example_dags/example_display_name.py
[2024-04-28T16:10:31.583+0000] {processor.py:840} INFO - DAG(s) 'example_display_name' retrieved from /home/airflow/.local/lib/python3.12/site-packages/airflow/example_dags/example_display_name.py
[2024-04-28T16:10:31.601+0000] {logging_mixin.py:188} INFO - [2024-04-28T16:10:31.600+0000] {dag.py:3096} INFO - Sync 1 DAGs
[2024-04-28T16:10:31.611+0000] {logging_mixin.py:188} INFO - [2024-04-28T16:10:31.611+0000] {dag.py:3954} INFO - Setting next_dagrun for example_display_name to None, run_after=None
[2024-04-28T16:10:31.633+0000] {processor.py:183} INFO - Processing /home/airflow/.local/lib/python3.12/site-packages/airflow/example_dags/example_display_name.py took 0.067 seconds
[2024-04-28T16:11:01.712+0000] {processor.py:161} INFO - Started process (PID=680) to work on /home/airflow/.local/lib/python3.12/site-packages/airflow/example_dags/example_display_name.py
[2024-04-28T16:11:01.713+0000] {processor.py:830} INFO - Processing file /home/airflow/.local/lib/python3.12/site-packages/airflow/example_dags/example_display_name.py for tasks to queue
[2024-04-28T16:11:01.715+0000] {logging_mixin.py:188} INFO - [2024-04-28T16:11:01.715+0000] {dagbag.py:540} INFO - Filling up the DagBag from /home/airflow/.local/lib/python3.12/site-packages/airflow/example_dags/example_display_name.py
[2024-04-28T16:11:01.719+0000] {processor.py:840} INFO - DAG(s) 'example_display_name' retrieved from /home/airflow/.local/lib/python3.12/site-packages/airflow/example_dags/example_display_name.py
[2024-04-28T16:11:01.735+0000] {logging_mixin.py:188} INFO - [2024-04-28T16:11:01.735+0000] {dag.py:3096} INFO - Sync 1 DAGs
[2024-04-28T16:11:01.746+0000] {logging_mixin.py:188} INFO - [2024-04-28T16:11:01.745+0000] {dag.py:3954} INFO - Setting next_dagrun for example_display_name to None, run_after=None
[2024-04-28T16:11:01.760+0000] {processor.py:183} INFO - Processing /home/airflow/.local/lib/python3.12/site-packages/airflow/example_dags/example_display_name.py took 0.053 seconds
[2024-04-28T16:11:32.411+0000] {processor.py:161} INFO - Started process (PID=740) to work on /home/airflow/.local/lib/python3.12/site-packages/airflow/example_dags/example_display_name.py
[2024-04-28T16:11:32.412+0000] {processor.py:830} INFO - Processing file /home/airflow/.local/lib/python3.12/site-packages/airflow/example_dags/example_display_name.py for tasks to queue
[2024-04-28T16:11:32.414+0000] {logging_mixin.py:188} INFO - [2024-04-28T16:11:32.414+0000] {dagbag.py:540} INFO - Filling up the DagBag from /home/airflow/.local/lib/python3.12/site-packages/airflow/example_dags/example_display_name.py
[2024-04-28T16:11:32.419+0000] {processor.py:840} INFO - DAG(s) 'example_display_name' retrieved from /home/airflow/.local/lib/python3.12/site-packages/airflow/example_dags/example_display_name.py
[2024-04-28T16:11:32.439+0000] {logging_mixin.py:188} INFO - [2024-04-28T16:11:32.439+0000] {dag.py:3096} INFO - Sync 1 DAGs
[2024-04-28T16:11:32.452+0000] {logging_mixin.py:188} INFO - [2024-04-28T16:11:32.452+0000] {dag.py:3954} INFO - Setting next_dagrun for example_display_name to None, run_after=None
[2024-04-28T16:11:32.469+0000] {processor.py:183} INFO - Processing /home/airflow/.local/lib/python3.12/site-packages/airflow/example_dags/example_display_name.py took 0.064 seconds
[2024-04-28T16:12:02.998+0000] {processor.py:161} INFO - Started process (PID=799) to work on /home/airflow/.local/lib/python3.12/site-packages/airflow/example_dags/example_display_name.py
[2024-04-28T16:12:03.001+0000] {processor.py:830} INFO - Processing file /home/airflow/.local/lib/python3.12/site-packages/airflow/example_dags/example_display_name.py for tasks to queue
[2024-04-28T16:12:03.002+0000] {logging_mixin.py:188} INFO - [2024-04-28T16:12:03.002+0000] {dagbag.py:540} INFO - Filling up the DagBag from /home/airflow/.local/lib/python3.12/site-packages/airflow/example_dags/example_display_name.py
[2024-04-28T16:12:03.007+0000] {processor.py:840} INFO - DAG(s) 'example_display_name' retrieved from /home/airflow/.local/lib/python3.12/site-packages/airflow/example_dags/example_display_name.py
[2024-04-28T16:12:03.023+0000] {logging_mixin.py:188} INFO - [2024-04-28T16:12:03.023+0000] {dag.py:3096} INFO - Sync 1 DAGs
[2024-04-28T16:12:03.033+0000] {logging_mixin.py:188} INFO - [2024-04-28T16:12:03.033+0000] {dag.py:3954} INFO - Setting next_dagrun for example_display_name to None, run_after=None
[2024-04-28T16:12:03.047+0000] {processor.py:183} INFO - Processing /home/airflow/.local/lib/python3.12/site-packages/airflow/example_dags/example_display_name.py took 0.054 seconds
[2024-04-28T16:12:33.722+0000] {processor.py:161} INFO - Started process (PID=859) to work on /home/airflow/.local/lib/python3.12/site-packages/airflow/example_dags/example_display_name.py
[2024-04-28T16:12:33.723+0000] {processor.py:830} INFO - Processing file /home/airflow/.local/lib/python3.12/site-packages/airflow/example_dags/example_display_name.py for tasks to queue
[2024-04-28T16:12:33.724+0000] {logging_mixin.py:188} INFO - [2024-04-28T16:12:33.724+0000] {dagbag.py:540} INFO - Filling up the DagBag from /home/airflow/.local/lib/python3.12/site-packages/airflow/example_dags/example_display_name.py
[2024-04-28T16:12:33.729+0000] {processor.py:840} INFO - DAG(s) 'example_display_name' retrieved from /home/airflow/.local/lib/python3.12/site-packages/airflow/example_dags/example_display_name.py
[2024-04-28T16:12:33.746+0000] {logging_mixin.py:188} INFO - [2024-04-28T16:12:33.746+0000] {dag.py:3096} INFO - Sync 1 DAGs
[2024-04-28T16:12:33.756+0000] {logging_mixin.py:188} INFO - [2024-04-28T16:12:33.756+0000] {dag.py:3954} INFO - Setting next_dagrun for example_display_name to None, run_after=None
[2024-04-28T16:12:33.780+0000] {processor.py:183} INFO - Processing /home/airflow/.local/lib/python3.12/site-packages/airflow/example_dags/example_display_name.py took 0.062 seconds
