[2024-04-28T15:48:55.053+0000] {processor.py:161} INFO - Started process (PID=52) to work on /home/airflow/.local/lib/python3.12/site-packages/airflow/example_dags/example_branch_operator.py
[2024-04-28T15:48:55.054+0000] {processor.py:830} INFO - Processing file /home/airflow/.local/lib/python3.12/site-packages/airflow/example_dags/example_branch_operator.py for tasks to queue
[2024-04-28T15:48:55.055+0000] {logging_mixin.py:188} INFO - [2024-04-28T15:48:55.055+0000] {dagbag.py:540} INFO - Filling up the DagBag from /home/airflow/.local/lib/python3.12/site-packages/airflow/example_dags/example_branch_operator.py
[2024-04-28T15:48:55.072+0000] {processor.py:840} INFO - DAG(s) 'example_branch_operator' retrieved from /home/airflow/.local/lib/python3.12/site-packages/airflow/example_dags/example_branch_operator.py
[2024-04-28T15:48:55.174+0000] {logging_mixin.py:188} INFO - [2024-04-28T15:48:55.173+0000] {override.py:1829} INFO - Created Permission View: can delete on DAG:example_branch_operator
[2024-04-28T15:48:55.182+0000] {logging_mixin.py:188} INFO - [2024-04-28T15:48:55.182+0000] {override.py:1829} INFO - Created Permission View: can edit on DAG:example_branch_operator
[2024-04-28T15:48:55.189+0000] {logging_mixin.py:188} INFO - [2024-04-28T15:48:55.188+0000] {override.py:1829} INFO - Created Permission View: can read on DAG:example_branch_operator
[2024-04-28T15:48:55.189+0000] {logging_mixin.py:188} INFO - [2024-04-28T15:48:55.189+0000] {dag.py:3096} INFO - Sync 1 DAGs
[2024-04-28T15:48:55.198+0000] {logging_mixin.py:188} INFO - [2024-04-28T15:48:55.198+0000] {dag.py:3118} INFO - Creating ORM DAG for example_branch_operator
[2024-04-28T15:48:55.208+0000] {logging_mixin.py:188} INFO - [2024-04-28T15:48:55.207+0000] {dag.py:3954} INFO - Setting next_dagrun for example_branch_operator to 2024-04-27 00:00:00+00:00, run_after=2024-04-28 00:00:00+00:00
[2024-04-28T15:48:55.223+0000] {processor.py:183} INFO - Processing /home/airflow/.local/lib/python3.12/site-packages/airflow/example_dags/example_branch_operator.py took 0.175 seconds
[2024-04-28T15:49:27.250+0000] {processor.py:161} INFO - Started process (PID=110) to work on /home/airflow/.local/lib/python3.12/site-packages/airflow/example_dags/example_branch_operator.py
[2024-04-28T15:49:27.253+0000] {processor.py:830} INFO - Processing file /home/airflow/.local/lib/python3.12/site-packages/airflow/example_dags/example_branch_operator.py for tasks to queue
[2024-04-28T15:49:27.254+0000] {logging_mixin.py:188} INFO - [2024-04-28T15:49:27.254+0000] {dagbag.py:540} INFO - Filling up the DagBag from /home/airflow/.local/lib/python3.12/site-packages/airflow/example_dags/example_branch_operator.py
[2024-04-28T15:49:27.270+0000] {processor.py:840} INFO - DAG(s) 'example_branch_operator' retrieved from /home/airflow/.local/lib/python3.12/site-packages/airflow/example_dags/example_branch_operator.py
[2024-04-28T15:49:27.303+0000] {logging_mixin.py:188} INFO - [2024-04-28T15:49:27.302+0000] {dag.py:3096} INFO - Sync 1 DAGs
[2024-04-28T15:49:27.329+0000] {logging_mixin.py:188} INFO - [2024-04-28T15:49:27.329+0000] {dag.py:3954} INFO - Setting next_dagrun for example_branch_operator to 2024-04-27 00:00:00+00:00, run_after=2024-04-28 00:00:00+00:00
[2024-04-28T15:49:27.355+0000] {processor.py:183} INFO - Processing /home/airflow/.local/lib/python3.12/site-packages/airflow/example_dags/example_branch_operator.py took 0.110 seconds
[2024-04-28T15:49:58.267+0000] {processor.py:161} INFO - Started process (PID=168) to work on /home/airflow/.local/lib/python3.12/site-packages/airflow/example_dags/example_branch_operator.py
[2024-04-28T15:49:58.268+0000] {processor.py:830} INFO - Processing file /home/airflow/.local/lib/python3.12/site-packages/airflow/example_dags/example_branch_operator.py for tasks to queue
[2024-04-28T15:49:58.270+0000] {logging_mixin.py:188} INFO - [2024-04-28T15:49:58.270+0000] {dagbag.py:540} INFO - Filling up the DagBag from /home/airflow/.local/lib/python3.12/site-packages/airflow/example_dags/example_branch_operator.py
[2024-04-28T15:49:58.287+0000] {processor.py:840} INFO - DAG(s) 'example_branch_operator' retrieved from /home/airflow/.local/lib/python3.12/site-packages/airflow/example_dags/example_branch_operator.py
[2024-04-28T15:49:58.318+0000] {logging_mixin.py:188} INFO - [2024-04-28T15:49:58.318+0000] {dag.py:3096} INFO - Sync 1 DAGs
[2024-04-28T15:49:58.344+0000] {logging_mixin.py:188} INFO - [2024-04-28T15:49:58.344+0000] {dag.py:3954} INFO - Setting next_dagrun for example_branch_operator to 2024-04-27 00:00:00+00:00, run_after=2024-04-28 00:00:00+00:00
[2024-04-28T15:49:58.370+0000] {processor.py:183} INFO - Processing /home/airflow/.local/lib/python3.12/site-packages/airflow/example_dags/example_branch_operator.py took 0.108 seconds
[2024-04-28T15:50:29.062+0000] {processor.py:161} INFO - Started process (PID=226) to work on /home/airflow/.local/lib/python3.12/site-packages/airflow/example_dags/example_branch_operator.py
[2024-04-28T15:50:29.063+0000] {processor.py:830} INFO - Processing file /home/airflow/.local/lib/python3.12/site-packages/airflow/example_dags/example_branch_operator.py for tasks to queue
[2024-04-28T15:50:29.065+0000] {logging_mixin.py:188} INFO - [2024-04-28T15:50:29.065+0000] {dagbag.py:540} INFO - Filling up the DagBag from /home/airflow/.local/lib/python3.12/site-packages/airflow/example_dags/example_branch_operator.py
[2024-04-28T15:50:29.080+0000] {processor.py:840} INFO - DAG(s) 'example_branch_operator' retrieved from /home/airflow/.local/lib/python3.12/site-packages/airflow/example_dags/example_branch_operator.py
[2024-04-28T15:50:29.103+0000] {logging_mixin.py:188} INFO - [2024-04-28T15:50:29.103+0000] {dag.py:3096} INFO - Sync 1 DAGs
[2024-04-28T15:50:29.122+0000] {logging_mixin.py:188} INFO - [2024-04-28T15:50:29.121+0000] {dag.py:3954} INFO - Setting next_dagrun for example_branch_operator to 2024-04-27 00:00:00+00:00, run_after=2024-04-28 00:00:00+00:00
[2024-04-28T15:50:29.137+0000] {processor.py:183} INFO - Processing /home/airflow/.local/lib/python3.12/site-packages/airflow/example_dags/example_branch_operator.py took 0.080 seconds
[2024-04-28T15:50:59.602+0000] {processor.py:161} INFO - Started process (PID=284) to work on /home/airflow/.local/lib/python3.12/site-packages/airflow/example_dags/example_branch_operator.py
[2024-04-28T15:50:59.604+0000] {processor.py:830} INFO - Processing file /home/airflow/.local/lib/python3.12/site-packages/airflow/example_dags/example_branch_operator.py for tasks to queue
[2024-04-28T15:50:59.606+0000] {logging_mixin.py:188} INFO - [2024-04-28T15:50:59.606+0000] {dagbag.py:540} INFO - Filling up the DagBag from /home/airflow/.local/lib/python3.12/site-packages/airflow/example_dags/example_branch_operator.py
[2024-04-28T15:50:59.621+0000] {processor.py:840} INFO - DAG(s) 'example_branch_operator' retrieved from /home/airflow/.local/lib/python3.12/site-packages/airflow/example_dags/example_branch_operator.py
[2024-04-28T15:50:59.647+0000] {logging_mixin.py:188} INFO - [2024-04-28T15:50:59.647+0000] {dag.py:3096} INFO - Sync 1 DAGs
[2024-04-28T15:50:59.671+0000] {logging_mixin.py:188} INFO - [2024-04-28T15:50:59.671+0000] {dag.py:3954} INFO - Setting next_dagrun for example_branch_operator to 2024-04-27 00:00:00+00:00, run_after=2024-04-28 00:00:00+00:00
[2024-04-28T15:50:59.691+0000] {processor.py:183} INFO - Processing /home/airflow/.local/lib/python3.12/site-packages/airflow/example_dags/example_branch_operator.py took 0.094 seconds
[2024-04-28T15:51:30.293+0000] {processor.py:161} INFO - Started process (PID=342) to work on /home/airflow/.local/lib/python3.12/site-packages/airflow/example_dags/example_branch_operator.py
[2024-04-28T15:51:30.295+0000] {processor.py:830} INFO - Processing file /home/airflow/.local/lib/python3.12/site-packages/airflow/example_dags/example_branch_operator.py for tasks to queue
[2024-04-28T15:51:30.296+0000] {logging_mixin.py:188} INFO - [2024-04-28T15:51:30.296+0000] {dagbag.py:540} INFO - Filling up the DagBag from /home/airflow/.local/lib/python3.12/site-packages/airflow/example_dags/example_branch_operator.py
[2024-04-28T15:51:30.313+0000] {processor.py:840} INFO - DAG(s) 'example_branch_operator' retrieved from /home/airflow/.local/lib/python3.12/site-packages/airflow/example_dags/example_branch_operator.py
[2024-04-28T15:51:30.345+0000] {logging_mixin.py:188} INFO - [2024-04-28T15:51:30.345+0000] {dag.py:3096} INFO - Sync 1 DAGs
[2024-04-28T15:51:30.371+0000] {logging_mixin.py:188} INFO - [2024-04-28T15:51:30.370+0000] {dag.py:3954} INFO - Setting next_dagrun for example_branch_operator to 2024-04-27 00:00:00+00:00, run_after=2024-04-28 00:00:00+00:00
[2024-04-28T15:51:30.399+0000] {processor.py:183} INFO - Processing /home/airflow/.local/lib/python3.12/site-packages/airflow/example_dags/example_branch_operator.py took 0.112 seconds
[2024-04-28T15:53:33.021+0000] {processor.py:161} INFO - Started process (PID=54) to work on /home/airflow/.local/lib/python3.12/site-packages/airflow/example_dags/example_branch_operator.py
[2024-04-28T15:53:33.023+0000] {processor.py:830} INFO - Processing file /home/airflow/.local/lib/python3.12/site-packages/airflow/example_dags/example_branch_operator.py for tasks to queue
[2024-04-28T15:53:33.025+0000] {logging_mixin.py:188} INFO - [2024-04-28T15:53:33.025+0000] {dagbag.py:540} INFO - Filling up the DagBag from /home/airflow/.local/lib/python3.12/site-packages/airflow/example_dags/example_branch_operator.py
[2024-04-28T15:53:33.038+0000] {processor.py:840} INFO - DAG(s) 'example_branch_operator' retrieved from /home/airflow/.local/lib/python3.12/site-packages/airflow/example_dags/example_branch_operator.py
[2024-04-28T15:53:33.049+0000] {logging_mixin.py:188} INFO - [2024-04-28T15:53:33.049+0000] {dag.py:3096} INFO - Sync 1 DAGs
[2024-04-28T15:53:33.072+0000] {logging_mixin.py:188} INFO - [2024-04-28T15:53:33.072+0000] {dag.py:3954} INFO - Setting next_dagrun for example_branch_operator to 2024-04-27 00:00:00+00:00, run_after=2024-04-28 00:00:00+00:00
[2024-04-28T15:53:33.089+0000] {processor.py:183} INFO - Processing /home/airflow/.local/lib/python3.12/site-packages/airflow/example_dags/example_branch_operator.py took 0.073 seconds
[2024-04-28T15:54:03.854+0000] {processor.py:161} INFO - Started process (PID=114) to work on /home/airflow/.local/lib/python3.12/site-packages/airflow/example_dags/example_branch_operator.py
[2024-04-28T15:54:03.856+0000] {processor.py:830} INFO - Processing file /home/airflow/.local/lib/python3.12/site-packages/airflow/example_dags/example_branch_operator.py for tasks to queue
[2024-04-28T15:54:03.857+0000] {logging_mixin.py:188} INFO - [2024-04-28T15:54:03.857+0000] {dagbag.py:540} INFO - Filling up the DagBag from /home/airflow/.local/lib/python3.12/site-packages/airflow/example_dags/example_branch_operator.py
[2024-04-28T15:54:03.870+0000] {processor.py:840} INFO - DAG(s) 'example_branch_operator' retrieved from /home/airflow/.local/lib/python3.12/site-packages/airflow/example_dags/example_branch_operator.py
[2024-04-28T15:54:03.953+0000] {logging_mixin.py:188} INFO - [2024-04-28T15:54:03.953+0000] {dag.py:3096} INFO - Sync 1 DAGs
[2024-04-28T15:54:03.973+0000] {logging_mixin.py:188} INFO - [2024-04-28T15:54:03.972+0000] {dag.py:3954} INFO - Setting next_dagrun for example_branch_operator to 2024-04-27 00:00:00+00:00, run_after=2024-04-28 00:00:00+00:00
[2024-04-28T15:54:03.998+0000] {processor.py:183} INFO - Processing /home/airflow/.local/lib/python3.12/site-packages/airflow/example_dags/example_branch_operator.py took 0.149 seconds
[2024-04-28T15:54:34.653+0000] {processor.py:161} INFO - Started process (PID=182) to work on /home/airflow/.local/lib/python3.12/site-packages/airflow/example_dags/example_branch_operator.py
[2024-04-28T15:54:34.654+0000] {processor.py:830} INFO - Processing file /home/airflow/.local/lib/python3.12/site-packages/airflow/example_dags/example_branch_operator.py for tasks to queue
[2024-04-28T15:54:34.656+0000] {logging_mixin.py:188} INFO - [2024-04-28T15:54:34.656+0000] {dagbag.py:540} INFO - Filling up the DagBag from /home/airflow/.local/lib/python3.12/site-packages/airflow/example_dags/example_branch_operator.py
[2024-04-28T15:54:34.669+0000] {processor.py:840} INFO - DAG(s) 'example_branch_operator' retrieved from /home/airflow/.local/lib/python3.12/site-packages/airflow/example_dags/example_branch_operator.py
[2024-04-28T15:54:34.694+0000] {logging_mixin.py:188} INFO - [2024-04-28T15:54:34.694+0000] {dag.py:3096} INFO - Sync 1 DAGs
[2024-04-28T15:54:34.713+0000] {logging_mixin.py:188} INFO - [2024-04-28T15:54:34.713+0000] {dag.py:3954} INFO - Setting next_dagrun for example_branch_operator to 2024-04-27 00:00:00+00:00, run_after=2024-04-28 00:00:00+00:00
[2024-04-28T15:54:34.737+0000] {processor.py:183} INFO - Processing /home/airflow/.local/lib/python3.12/site-packages/airflow/example_dags/example_branch_operator.py took 0.089 seconds
[2024-04-28T15:55:04.794+0000] {processor.py:161} INFO - Started process (PID=240) to work on /home/airflow/.local/lib/python3.12/site-packages/airflow/example_dags/example_branch_operator.py
[2024-04-28T15:55:04.796+0000] {processor.py:830} INFO - Processing file /home/airflow/.local/lib/python3.12/site-packages/airflow/example_dags/example_branch_operator.py for tasks to queue
[2024-04-28T15:55:04.799+0000] {logging_mixin.py:188} INFO - [2024-04-28T15:55:04.798+0000] {dagbag.py:540} INFO - Filling up the DagBag from /home/airflow/.local/lib/python3.12/site-packages/airflow/example_dags/example_branch_operator.py
[2024-04-28T15:55:04.826+0000] {processor.py:840} INFO - DAG(s) 'example_branch_operator' retrieved from /home/airflow/.local/lib/python3.12/site-packages/airflow/example_dags/example_branch_operator.py
[2024-04-28T15:55:04.865+0000] {logging_mixin.py:188} INFO - [2024-04-28T15:55:04.865+0000] {dag.py:3096} INFO - Sync 1 DAGs
[2024-04-28T15:55:04.893+0000] {logging_mixin.py:188} INFO - [2024-04-28T15:55:04.892+0000] {dag.py:3954} INFO - Setting next_dagrun for example_branch_operator to 2024-04-27 00:00:00+00:00, run_after=2024-04-28 00:00:00+00:00
[2024-04-28T15:55:04.915+0000] {processor.py:183} INFO - Processing /home/airflow/.local/lib/python3.12/site-packages/airflow/example_dags/example_branch_operator.py took 0.136 seconds
[2024-04-28T15:55:34.985+0000] {processor.py:161} INFO - Started process (PID=300) to work on /home/airflow/.local/lib/python3.12/site-packages/airflow/example_dags/example_branch_operator.py
[2024-04-28T15:55:34.986+0000] {processor.py:830} INFO - Processing file /home/airflow/.local/lib/python3.12/site-packages/airflow/example_dags/example_branch_operator.py for tasks to queue
[2024-04-28T15:55:34.988+0000] {logging_mixin.py:188} INFO - [2024-04-28T15:55:34.987+0000] {dagbag.py:540} INFO - Filling up the DagBag from /home/airflow/.local/lib/python3.12/site-packages/airflow/example_dags/example_branch_operator.py
[2024-04-28T15:55:35.002+0000] {processor.py:840} INFO - DAG(s) 'example_branch_operator' retrieved from /home/airflow/.local/lib/python3.12/site-packages/airflow/example_dags/example_branch_operator.py
[2024-04-28T15:55:35.026+0000] {logging_mixin.py:188} INFO - [2024-04-28T15:55:35.026+0000] {dag.py:3096} INFO - Sync 1 DAGs
[2024-04-28T15:55:35.045+0000] {logging_mixin.py:188} INFO - [2024-04-28T15:55:35.045+0000] {dag.py:3954} INFO - Setting next_dagrun for example_branch_operator to 2024-04-27 00:00:00+00:00, run_after=2024-04-28 00:00:00+00:00
[2024-04-28T15:55:35.067+0000] {processor.py:183} INFO - Processing /home/airflow/.local/lib/python3.12/site-packages/airflow/example_dags/example_branch_operator.py took 0.086 seconds
[2024-04-28T15:56:05.145+0000] {processor.py:161} INFO - Started process (PID=360) to work on /home/airflow/.local/lib/python3.12/site-packages/airflow/example_dags/example_branch_operator.py
[2024-04-28T15:56:05.146+0000] {processor.py:830} INFO - Processing file /home/airflow/.local/lib/python3.12/site-packages/airflow/example_dags/example_branch_operator.py for tasks to queue
[2024-04-28T15:56:05.148+0000] {logging_mixin.py:188} INFO - [2024-04-28T15:56:05.148+0000] {dagbag.py:540} INFO - Filling up the DagBag from /home/airflow/.local/lib/python3.12/site-packages/airflow/example_dags/example_branch_operator.py
[2024-04-28T15:56:05.165+0000] {processor.py:840} INFO - DAG(s) 'example_branch_operator' retrieved from /home/airflow/.local/lib/python3.12/site-packages/airflow/example_dags/example_branch_operator.py
[2024-04-28T15:56:05.187+0000] {logging_mixin.py:188} INFO - [2024-04-28T15:56:05.186+0000] {dag.py:3096} INFO - Sync 1 DAGs
[2024-04-28T15:56:05.207+0000] {logging_mixin.py:188} INFO - [2024-04-28T15:56:05.207+0000] {dag.py:3954} INFO - Setting next_dagrun for example_branch_operator to 2024-04-27 00:00:00+00:00, run_after=2024-04-28 00:00:00+00:00
[2024-04-28T15:56:05.223+0000] {processor.py:183} INFO - Processing /home/airflow/.local/lib/python3.12/site-packages/airflow/example_dags/example_branch_operator.py took 0.083 seconds
[2024-04-28T15:56:35.303+0000] {processor.py:161} INFO - Started process (PID=420) to work on /home/airflow/.local/lib/python3.12/site-packages/airflow/example_dags/example_branch_operator.py
[2024-04-28T15:56:35.304+0000] {processor.py:830} INFO - Processing file /home/airflow/.local/lib/python3.12/site-packages/airflow/example_dags/example_branch_operator.py for tasks to queue
[2024-04-28T15:56:35.306+0000] {logging_mixin.py:188} INFO - [2024-04-28T15:56:35.305+0000] {dagbag.py:540} INFO - Filling up the DagBag from /home/airflow/.local/lib/python3.12/site-packages/airflow/example_dags/example_branch_operator.py
[2024-04-28T15:56:35.318+0000] {processor.py:840} INFO - DAG(s) 'example_branch_operator' retrieved from /home/airflow/.local/lib/python3.12/site-packages/airflow/example_dags/example_branch_operator.py
[2024-04-28T15:56:35.340+0000] {logging_mixin.py:188} INFO - [2024-04-28T15:56:35.340+0000] {dag.py:3096} INFO - Sync 1 DAGs
[2024-04-28T15:56:35.357+0000] {logging_mixin.py:188} INFO - [2024-04-28T15:56:35.357+0000] {dag.py:3954} INFO - Setting next_dagrun for example_branch_operator to 2024-04-27 00:00:00+00:00, run_after=2024-04-28 00:00:00+00:00
[2024-04-28T15:56:35.375+0000] {processor.py:183} INFO - Processing /home/airflow/.local/lib/python3.12/site-packages/airflow/example_dags/example_branch_operator.py took 0.076 seconds
[2024-04-28T15:57:06.027+0000] {processor.py:161} INFO - Started process (PID=480) to work on /home/airflow/.local/lib/python3.12/site-packages/airflow/example_dags/example_branch_operator.py
[2024-04-28T15:57:06.028+0000] {processor.py:830} INFO - Processing file /home/airflow/.local/lib/python3.12/site-packages/airflow/example_dags/example_branch_operator.py for tasks to queue
[2024-04-28T15:57:06.030+0000] {logging_mixin.py:188} INFO - [2024-04-28T15:57:06.030+0000] {dagbag.py:540} INFO - Filling up the DagBag from /home/airflow/.local/lib/python3.12/site-packages/airflow/example_dags/example_branch_operator.py
[2024-04-28T15:57:06.042+0000] {processor.py:840} INFO - DAG(s) 'example_branch_operator' retrieved from /home/airflow/.local/lib/python3.12/site-packages/airflow/example_dags/example_branch_operator.py
[2024-04-28T15:57:06.066+0000] {logging_mixin.py:188} INFO - [2024-04-28T15:57:06.066+0000] {dag.py:3096} INFO - Sync 1 DAGs
[2024-04-28T15:57:06.085+0000] {logging_mixin.py:188} INFO - [2024-04-28T15:57:06.085+0000] {dag.py:3954} INFO - Setting next_dagrun for example_branch_operator to 2024-04-27 00:00:00+00:00, run_after=2024-04-28 00:00:00+00:00
[2024-04-28T15:57:06.106+0000] {processor.py:183} INFO - Processing /home/airflow/.local/lib/python3.12/site-packages/airflow/example_dags/example_branch_operator.py took 0.083 seconds
[2024-04-28T15:57:36.452+0000] {processor.py:161} INFO - Started process (PID=540) to work on /home/airflow/.local/lib/python3.12/site-packages/airflow/example_dags/example_branch_operator.py
[2024-04-28T15:57:36.453+0000] {processor.py:830} INFO - Processing file /home/airflow/.local/lib/python3.12/site-packages/airflow/example_dags/example_branch_operator.py for tasks to queue
[2024-04-28T15:57:36.455+0000] {logging_mixin.py:188} INFO - [2024-04-28T15:57:36.455+0000] {dagbag.py:540} INFO - Filling up the DagBag from /home/airflow/.local/lib/python3.12/site-packages/airflow/example_dags/example_branch_operator.py
[2024-04-28T15:57:36.470+0000] {processor.py:840} INFO - DAG(s) 'example_branch_operator' retrieved from /home/airflow/.local/lib/python3.12/site-packages/airflow/example_dags/example_branch_operator.py
[2024-04-28T15:57:36.499+0000] {logging_mixin.py:188} INFO - [2024-04-28T15:57:36.499+0000] {dag.py:3096} INFO - Sync 1 DAGs
[2024-04-28T15:57:36.519+0000] {logging_mixin.py:188} INFO - [2024-04-28T15:57:36.518+0000] {dag.py:3954} INFO - Setting next_dagrun for example_branch_operator to 2024-04-27 00:00:00+00:00, run_after=2024-04-28 00:00:00+00:00
[2024-04-28T15:57:36.538+0000] {processor.py:183} INFO - Processing /home/airflow/.local/lib/python3.12/site-packages/airflow/example_dags/example_branch_operator.py took 0.092 seconds
[2024-04-28T15:58:06.775+0000] {processor.py:161} INFO - Started process (PID=600) to work on /home/airflow/.local/lib/python3.12/site-packages/airflow/example_dags/example_branch_operator.py
[2024-04-28T15:58:06.776+0000] {processor.py:830} INFO - Processing file /home/airflow/.local/lib/python3.12/site-packages/airflow/example_dags/example_branch_operator.py for tasks to queue
[2024-04-28T15:58:06.777+0000] {logging_mixin.py:188} INFO - [2024-04-28T15:58:06.777+0000] {dagbag.py:540} INFO - Filling up the DagBag from /home/airflow/.local/lib/python3.12/site-packages/airflow/example_dags/example_branch_operator.py
[2024-04-28T15:58:06.792+0000] {processor.py:840} INFO - DAG(s) 'example_branch_operator' retrieved from /home/airflow/.local/lib/python3.12/site-packages/airflow/example_dags/example_branch_operator.py
[2024-04-28T15:58:06.815+0000] {logging_mixin.py:188} INFO - [2024-04-28T15:58:06.815+0000] {dag.py:3096} INFO - Sync 1 DAGs
[2024-04-28T15:58:06.833+0000] {logging_mixin.py:188} INFO - [2024-04-28T15:58:06.833+0000] {dag.py:3954} INFO - Setting next_dagrun for example_branch_operator to 2024-04-27 00:00:00+00:00, run_after=2024-04-28 00:00:00+00:00
[2024-04-28T15:58:06.849+0000] {processor.py:183} INFO - Processing /home/airflow/.local/lib/python3.12/site-packages/airflow/example_dags/example_branch_operator.py took 0.080 seconds
[2024-04-28T15:58:37.323+0000] {processor.py:161} INFO - Started process (PID=660) to work on /home/airflow/.local/lib/python3.12/site-packages/airflow/example_dags/example_branch_operator.py
[2024-04-28T15:58:37.324+0000] {processor.py:830} INFO - Processing file /home/airflow/.local/lib/python3.12/site-packages/airflow/example_dags/example_branch_operator.py for tasks to queue
[2024-04-28T15:58:37.325+0000] {logging_mixin.py:188} INFO - [2024-04-28T15:58:37.325+0000] {dagbag.py:540} INFO - Filling up the DagBag from /home/airflow/.local/lib/python3.12/site-packages/airflow/example_dags/example_branch_operator.py
[2024-04-28T15:58:37.338+0000] {processor.py:840} INFO - DAG(s) 'example_branch_operator' retrieved from /home/airflow/.local/lib/python3.12/site-packages/airflow/example_dags/example_branch_operator.py
[2024-04-28T15:58:37.362+0000] {logging_mixin.py:188} INFO - [2024-04-28T15:58:37.362+0000] {dag.py:3096} INFO - Sync 1 DAGs
[2024-04-28T15:58:37.380+0000] {logging_mixin.py:188} INFO - [2024-04-28T15:58:37.380+0000] {dag.py:3954} INFO - Setting next_dagrun for example_branch_operator to 2024-04-27 00:00:00+00:00, run_after=2024-04-28 00:00:00+00:00
[2024-04-28T15:58:37.394+0000] {processor.py:183} INFO - Processing /home/airflow/.local/lib/python3.12/site-packages/airflow/example_dags/example_branch_operator.py took 0.077 seconds
[2024-04-28T15:59:07.916+0000] {processor.py:161} INFO - Started process (PID=720) to work on /home/airflow/.local/lib/python3.12/site-packages/airflow/example_dags/example_branch_operator.py
[2024-04-28T15:59:07.917+0000] {processor.py:830} INFO - Processing file /home/airflow/.local/lib/python3.12/site-packages/airflow/example_dags/example_branch_operator.py for tasks to queue
[2024-04-28T15:59:07.919+0000] {logging_mixin.py:188} INFO - [2024-04-28T15:59:07.919+0000] {dagbag.py:540} INFO - Filling up the DagBag from /home/airflow/.local/lib/python3.12/site-packages/airflow/example_dags/example_branch_operator.py
[2024-04-28T15:59:07.933+0000] {processor.py:840} INFO - DAG(s) 'example_branch_operator' retrieved from /home/airflow/.local/lib/python3.12/site-packages/airflow/example_dags/example_branch_operator.py
[2024-04-28T15:59:07.957+0000] {logging_mixin.py:188} INFO - [2024-04-28T15:59:07.957+0000] {dag.py:3096} INFO - Sync 1 DAGs
[2024-04-28T15:59:07.977+0000] {logging_mixin.py:188} INFO - [2024-04-28T15:59:07.976+0000] {dag.py:3954} INFO - Setting next_dagrun for example_branch_operator to 2024-04-27 00:00:00+00:00, run_after=2024-04-28 00:00:00+00:00
[2024-04-28T15:59:07.992+0000] {processor.py:183} INFO - Processing /home/airflow/.local/lib/python3.12/site-packages/airflow/example_dags/example_branch_operator.py took 0.082 seconds
[2024-04-28T15:59:38.454+0000] {processor.py:161} INFO - Started process (PID=780) to work on /home/airflow/.local/lib/python3.12/site-packages/airflow/example_dags/example_branch_operator.py
[2024-04-28T15:59:38.455+0000] {processor.py:830} INFO - Processing file /home/airflow/.local/lib/python3.12/site-packages/airflow/example_dags/example_branch_operator.py for tasks to queue
[2024-04-28T15:59:38.457+0000] {logging_mixin.py:188} INFO - [2024-04-28T15:59:38.456+0000] {dagbag.py:540} INFO - Filling up the DagBag from /home/airflow/.local/lib/python3.12/site-packages/airflow/example_dags/example_branch_operator.py
[2024-04-28T15:59:38.469+0000] {processor.py:840} INFO - DAG(s) 'example_branch_operator' retrieved from /home/airflow/.local/lib/python3.12/site-packages/airflow/example_dags/example_branch_operator.py
[2024-04-28T15:59:38.492+0000] {logging_mixin.py:188} INFO - [2024-04-28T15:59:38.491+0000] {dag.py:3096} INFO - Sync 1 DAGs
[2024-04-28T15:59:38.508+0000] {logging_mixin.py:188} INFO - [2024-04-28T15:59:38.508+0000] {dag.py:3954} INFO - Setting next_dagrun for example_branch_operator to 2024-04-27 00:00:00+00:00, run_after=2024-04-28 00:00:00+00:00
[2024-04-28T15:59:38.523+0000] {processor.py:183} INFO - Processing /home/airflow/.local/lib/python3.12/site-packages/airflow/example_dags/example_branch_operator.py took 0.073 seconds
[2024-04-28T16:00:09.085+0000] {processor.py:161} INFO - Started process (PID=840) to work on /home/airflow/.local/lib/python3.12/site-packages/airflow/example_dags/example_branch_operator.py
[2024-04-28T16:00:09.086+0000] {processor.py:830} INFO - Processing file /home/airflow/.local/lib/python3.12/site-packages/airflow/example_dags/example_branch_operator.py for tasks to queue
[2024-04-28T16:00:09.087+0000] {logging_mixin.py:188} INFO - [2024-04-28T16:00:09.087+0000] {dagbag.py:540} INFO - Filling up the DagBag from /home/airflow/.local/lib/python3.12/site-packages/airflow/example_dags/example_branch_operator.py
[2024-04-28T16:00:09.099+0000] {processor.py:840} INFO - DAG(s) 'example_branch_operator' retrieved from /home/airflow/.local/lib/python3.12/site-packages/airflow/example_dags/example_branch_operator.py
[2024-04-28T16:00:09.122+0000] {logging_mixin.py:188} INFO - [2024-04-28T16:00:09.121+0000] {dag.py:3096} INFO - Sync 1 DAGs
[2024-04-28T16:00:09.139+0000] {logging_mixin.py:188} INFO - [2024-04-28T16:00:09.139+0000] {dag.py:3954} INFO - Setting next_dagrun for example_branch_operator to 2024-04-27 00:00:00+00:00, run_after=2024-04-28 00:00:00+00:00
[2024-04-28T16:00:09.156+0000] {processor.py:183} INFO - Processing /home/airflow/.local/lib/python3.12/site-packages/airflow/example_dags/example_branch_operator.py took 0.076 seconds
[2024-04-28T16:00:39.557+0000] {processor.py:161} INFO - Started process (PID=900) to work on /home/airflow/.local/lib/python3.12/site-packages/airflow/example_dags/example_branch_operator.py
[2024-04-28T16:00:39.558+0000] {processor.py:830} INFO - Processing file /home/airflow/.local/lib/python3.12/site-packages/airflow/example_dags/example_branch_operator.py for tasks to queue
[2024-04-28T16:00:39.559+0000] {logging_mixin.py:188} INFO - [2024-04-28T16:00:39.559+0000] {dagbag.py:540} INFO - Filling up the DagBag from /home/airflow/.local/lib/python3.12/site-packages/airflow/example_dags/example_branch_operator.py
[2024-04-28T16:00:39.572+0000] {processor.py:840} INFO - DAG(s) 'example_branch_operator' retrieved from /home/airflow/.local/lib/python3.12/site-packages/airflow/example_dags/example_branch_operator.py
[2024-04-28T16:00:39.593+0000] {logging_mixin.py:188} INFO - [2024-04-28T16:00:39.593+0000] {dag.py:3096} INFO - Sync 1 DAGs
[2024-04-28T16:00:39.609+0000] {logging_mixin.py:188} INFO - [2024-04-28T16:00:39.608+0000] {dag.py:3954} INFO - Setting next_dagrun for example_branch_operator to 2024-04-27 00:00:00+00:00, run_after=2024-04-28 00:00:00+00:00
[2024-04-28T16:00:39.625+0000] {processor.py:183} INFO - Processing /home/airflow/.local/lib/python3.12/site-packages/airflow/example_dags/example_branch_operator.py took 0.072 seconds
[2024-04-28T16:05:53.741+0000] {processor.py:161} INFO - Started process (PID=54) to work on /home/airflow/.local/lib/python3.12/site-packages/airflow/example_dags/example_branch_operator.py
[2024-04-28T16:05:53.742+0000] {processor.py:830} INFO - Processing file /home/airflow/.local/lib/python3.12/site-packages/airflow/example_dags/example_branch_operator.py for tasks to queue
[2024-04-28T16:05:53.743+0000] {logging_mixin.py:188} INFO - [2024-04-28T16:05:53.743+0000] {dagbag.py:540} INFO - Filling up the DagBag from /home/airflow/.local/lib/python3.12/site-packages/airflow/example_dags/example_branch_operator.py
[2024-04-28T16:05:53.756+0000] {processor.py:840} INFO - DAG(s) 'example_branch_operator' retrieved from /home/airflow/.local/lib/python3.12/site-packages/airflow/example_dags/example_branch_operator.py
[2024-04-28T16:05:53.765+0000] {logging_mixin.py:188} INFO - [2024-04-28T16:05:53.765+0000] {dag.py:3096} INFO - Sync 1 DAGs
[2024-04-28T16:05:53.787+0000] {logging_mixin.py:188} INFO - [2024-04-28T16:05:53.787+0000] {dag.py:3954} INFO - Setting next_dagrun for example_branch_operator to 2024-04-27 00:00:00+00:00, run_after=2024-04-28 00:00:00+00:00
[2024-04-28T16:05:53.803+0000] {processor.py:183} INFO - Processing /home/airflow/.local/lib/python3.12/site-packages/airflow/example_dags/example_branch_operator.py took 0.067 seconds
[2024-04-28T16:06:24.488+0000] {processor.py:161} INFO - Started process (PID=114) to work on /home/airflow/.local/lib/python3.12/site-packages/airflow/example_dags/example_branch_operator.py
[2024-04-28T16:06:24.489+0000] {processor.py:830} INFO - Processing file /home/airflow/.local/lib/python3.12/site-packages/airflow/example_dags/example_branch_operator.py for tasks to queue
[2024-04-28T16:06:24.490+0000] {logging_mixin.py:188} INFO - [2024-04-28T16:06:24.490+0000] {dagbag.py:540} INFO - Filling up the DagBag from /home/airflow/.local/lib/python3.12/site-packages/airflow/example_dags/example_branch_operator.py
[2024-04-28T16:06:24.503+0000] {processor.py:840} INFO - DAG(s) 'example_branch_operator' retrieved from /home/airflow/.local/lib/python3.12/site-packages/airflow/example_dags/example_branch_operator.py
[2024-04-28T16:06:24.588+0000] {logging_mixin.py:188} INFO - [2024-04-28T16:06:24.588+0000] {dag.py:3096} INFO - Sync 1 DAGs
[2024-04-28T16:06:24.603+0000] {logging_mixin.py:188} INFO - [2024-04-28T16:06:24.603+0000] {dag.py:3954} INFO - Setting next_dagrun for example_branch_operator to 2024-04-27 00:00:00+00:00, run_after=2024-04-28 00:00:00+00:00
[2024-04-28T16:06:24.620+0000] {processor.py:183} INFO - Processing /home/airflow/.local/lib/python3.12/site-packages/airflow/example_dags/example_branch_operator.py took 0.136 seconds
[2024-04-28T16:06:55.345+0000] {processor.py:161} INFO - Started process (PID=178) to work on /home/airflow/.local/lib/python3.12/site-packages/airflow/example_dags/example_branch_operator.py
[2024-04-28T16:06:55.346+0000] {processor.py:830} INFO - Processing file /home/airflow/.local/lib/python3.12/site-packages/airflow/example_dags/example_branch_operator.py for tasks to queue
[2024-04-28T16:06:55.347+0000] {logging_mixin.py:188} INFO - [2024-04-28T16:06:55.347+0000] {dagbag.py:540} INFO - Filling up the DagBag from /home/airflow/.local/lib/python3.12/site-packages/airflow/example_dags/example_branch_operator.py
[2024-04-28T16:06:55.359+0000] {processor.py:840} INFO - DAG(s) 'example_branch_operator' retrieved from /home/airflow/.local/lib/python3.12/site-packages/airflow/example_dags/example_branch_operator.py
[2024-04-28T16:06:55.383+0000] {logging_mixin.py:188} INFO - [2024-04-28T16:06:55.383+0000] {dag.py:3096} INFO - Sync 1 DAGs
[2024-04-28T16:06:55.401+0000] {logging_mixin.py:188} INFO - [2024-04-28T16:06:55.401+0000] {dag.py:3954} INFO - Setting next_dagrun for example_branch_operator to 2024-04-27 00:00:00+00:00, run_after=2024-04-28 00:00:00+00:00
[2024-04-28T16:06:55.418+0000] {processor.py:183} INFO - Processing /home/airflow/.local/lib/python3.12/site-packages/airflow/example_dags/example_branch_operator.py took 0.078 seconds
[2024-04-28T16:07:25.510+0000] {processor.py:161} INFO - Started process (PID=236) to work on /home/airflow/.local/lib/python3.12/site-packages/airflow/example_dags/example_branch_operator.py
[2024-04-28T16:07:25.511+0000] {processor.py:830} INFO - Processing file /home/airflow/.local/lib/python3.12/site-packages/airflow/example_dags/example_branch_operator.py for tasks to queue
[2024-04-28T16:07:25.512+0000] {logging_mixin.py:188} INFO - [2024-04-28T16:07:25.512+0000] {dagbag.py:540} INFO - Filling up the DagBag from /home/airflow/.local/lib/python3.12/site-packages/airflow/example_dags/example_branch_operator.py
[2024-04-28T16:07:25.525+0000] {processor.py:840} INFO - DAG(s) 'example_branch_operator' retrieved from /home/airflow/.local/lib/python3.12/site-packages/airflow/example_dags/example_branch_operator.py
[2024-04-28T16:07:25.547+0000] {logging_mixin.py:188} INFO - [2024-04-28T16:07:25.547+0000] {dag.py:3096} INFO - Sync 1 DAGs
[2024-04-28T16:07:25.565+0000] {logging_mixin.py:188} INFO - [2024-04-28T16:07:25.565+0000] {dag.py:3954} INFO - Setting next_dagrun for example_branch_operator to 2024-04-27 00:00:00+00:00, run_after=2024-04-28 00:00:00+00:00
[2024-04-28T16:07:25.581+0000] {processor.py:183} INFO - Processing /home/airflow/.local/lib/python3.12/site-packages/airflow/example_dags/example_branch_operator.py took 0.076 seconds
[2024-04-28T16:07:56.135+0000] {processor.py:161} INFO - Started process (PID=296) to work on /home/airflow/.local/lib/python3.12/site-packages/airflow/example_dags/example_branch_operator.py
[2024-04-28T16:07:56.136+0000] {processor.py:830} INFO - Processing file /home/airflow/.local/lib/python3.12/site-packages/airflow/example_dags/example_branch_operator.py for tasks to queue
[2024-04-28T16:07:56.137+0000] {logging_mixin.py:188} INFO - [2024-04-28T16:07:56.137+0000] {dagbag.py:540} INFO - Filling up the DagBag from /home/airflow/.local/lib/python3.12/site-packages/airflow/example_dags/example_branch_operator.py
[2024-04-28T16:07:56.150+0000] {processor.py:840} INFO - DAG(s) 'example_branch_operator' retrieved from /home/airflow/.local/lib/python3.12/site-packages/airflow/example_dags/example_branch_operator.py
[2024-04-28T16:07:56.173+0000] {logging_mixin.py:188} INFO - [2024-04-28T16:07:56.173+0000] {dag.py:3096} INFO - Sync 1 DAGs
[2024-04-28T16:07:56.191+0000] {logging_mixin.py:188} INFO - [2024-04-28T16:07:56.190+0000] {dag.py:3954} INFO - Setting next_dagrun for example_branch_operator to 2024-04-27 00:00:00+00:00, run_after=2024-04-28 00:00:00+00:00
[2024-04-28T16:07:56.209+0000] {processor.py:183} INFO - Processing /home/airflow/.local/lib/python3.12/site-packages/airflow/example_dags/example_branch_operator.py took 0.079 seconds
[2024-04-28T16:08:26.800+0000] {processor.py:161} INFO - Started process (PID=356) to work on /home/airflow/.local/lib/python3.12/site-packages/airflow/example_dags/example_branch_operator.py
[2024-04-28T16:08:26.800+0000] {processor.py:830} INFO - Processing file /home/airflow/.local/lib/python3.12/site-packages/airflow/example_dags/example_branch_operator.py for tasks to queue
[2024-04-28T16:08:26.802+0000] {logging_mixin.py:188} INFO - [2024-04-28T16:08:26.802+0000] {dagbag.py:540} INFO - Filling up the DagBag from /home/airflow/.local/lib/python3.12/site-packages/airflow/example_dags/example_branch_operator.py
[2024-04-28T16:08:26.815+0000] {processor.py:840} INFO - DAG(s) 'example_branch_operator' retrieved from /home/airflow/.local/lib/python3.12/site-packages/airflow/example_dags/example_branch_operator.py
[2024-04-28T16:08:26.838+0000] {logging_mixin.py:188} INFO - [2024-04-28T16:08:26.838+0000] {dag.py:3096} INFO - Sync 1 DAGs
[2024-04-28T16:08:26.859+0000] {logging_mixin.py:188} INFO - [2024-04-28T16:08:26.859+0000] {dag.py:3954} INFO - Setting next_dagrun for example_branch_operator to 2024-04-27 00:00:00+00:00, run_after=2024-04-28 00:00:00+00:00
[2024-04-28T16:08:26.874+0000] {processor.py:183} INFO - Processing /home/airflow/.local/lib/python3.12/site-packages/airflow/example_dags/example_branch_operator.py took 0.079 seconds
[2024-04-28T16:08:57.334+0000] {processor.py:161} INFO - Started process (PID=416) to work on /home/airflow/.local/lib/python3.12/site-packages/airflow/example_dags/example_branch_operator.py
[2024-04-28T16:08:57.335+0000] {processor.py:830} INFO - Processing file /home/airflow/.local/lib/python3.12/site-packages/airflow/example_dags/example_branch_operator.py for tasks to queue
[2024-04-28T16:08:57.336+0000] {logging_mixin.py:188} INFO - [2024-04-28T16:08:57.336+0000] {dagbag.py:540} INFO - Filling up the DagBag from /home/airflow/.local/lib/python3.12/site-packages/airflow/example_dags/example_branch_operator.py
[2024-04-28T16:08:57.348+0000] {processor.py:840} INFO - DAG(s) 'example_branch_operator' retrieved from /home/airflow/.local/lib/python3.12/site-packages/airflow/example_dags/example_branch_operator.py
[2024-04-28T16:08:57.373+0000] {logging_mixin.py:188} INFO - [2024-04-28T16:08:57.373+0000] {dag.py:3096} INFO - Sync 1 DAGs
[2024-04-28T16:08:57.390+0000] {logging_mixin.py:188} INFO - [2024-04-28T16:08:57.390+0000] {dag.py:3954} INFO - Setting next_dagrun for example_branch_operator to 2024-04-27 00:00:00+00:00, run_after=2024-04-28 00:00:00+00:00
[2024-04-28T16:08:57.408+0000] {processor.py:183} INFO - Processing /home/airflow/.local/lib/python3.12/site-packages/airflow/example_dags/example_branch_operator.py took 0.079 seconds
[2024-04-28T16:09:27.630+0000] {processor.py:161} INFO - Started process (PID=476) to work on /home/airflow/.local/lib/python3.12/site-packages/airflow/example_dags/example_branch_operator.py
[2024-04-28T16:09:27.631+0000] {processor.py:830} INFO - Processing file /home/airflow/.local/lib/python3.12/site-packages/airflow/example_dags/example_branch_operator.py for tasks to queue
[2024-04-28T16:09:27.632+0000] {logging_mixin.py:188} INFO - [2024-04-28T16:09:27.632+0000] {dagbag.py:540} INFO - Filling up the DagBag from /home/airflow/.local/lib/python3.12/site-packages/airflow/example_dags/example_branch_operator.py
[2024-04-28T16:09:27.645+0000] {processor.py:840} INFO - DAG(s) 'example_branch_operator' retrieved from /home/airflow/.local/lib/python3.12/site-packages/airflow/example_dags/example_branch_operator.py
[2024-04-28T16:09:27.667+0000] {logging_mixin.py:188} INFO - [2024-04-28T16:09:27.667+0000] {dag.py:3096} INFO - Sync 1 DAGs
[2024-04-28T16:09:27.685+0000] {logging_mixin.py:188} INFO - [2024-04-28T16:09:27.685+0000] {dag.py:3954} INFO - Setting next_dagrun for example_branch_operator to 2024-04-27 00:00:00+00:00, run_after=2024-04-28 00:00:00+00:00
[2024-04-28T16:09:27.699+0000] {processor.py:183} INFO - Processing /home/airflow/.local/lib/python3.12/site-packages/airflow/example_dags/example_branch_operator.py took 0.074 seconds
[2024-04-28T16:09:57.980+0000] {processor.py:161} INFO - Started process (PID=536) to work on /home/airflow/.local/lib/python3.12/site-packages/airflow/example_dags/example_branch_operator.py
[2024-04-28T16:09:57.981+0000] {processor.py:830} INFO - Processing file /home/airflow/.local/lib/python3.12/site-packages/airflow/example_dags/example_branch_operator.py for tasks to queue
[2024-04-28T16:09:57.983+0000] {logging_mixin.py:188} INFO - [2024-04-28T16:09:57.982+0000] {dagbag.py:540} INFO - Filling up the DagBag from /home/airflow/.local/lib/python3.12/site-packages/airflow/example_dags/example_branch_operator.py
[2024-04-28T16:09:57.996+0000] {processor.py:840} INFO - DAG(s) 'example_branch_operator' retrieved from /home/airflow/.local/lib/python3.12/site-packages/airflow/example_dags/example_branch_operator.py
[2024-04-28T16:09:58.020+0000] {logging_mixin.py:188} INFO - [2024-04-28T16:09:58.020+0000] {dag.py:3096} INFO - Sync 1 DAGs
[2024-04-28T16:09:58.040+0000] {logging_mixin.py:188} INFO - [2024-04-28T16:09:58.040+0000] {dag.py:3954} INFO - Setting next_dagrun for example_branch_operator to 2024-04-27 00:00:00+00:00, run_after=2024-04-28 00:00:00+00:00
[2024-04-28T16:09:58.057+0000] {processor.py:183} INFO - Processing /home/airflow/.local/lib/python3.12/site-packages/airflow/example_dags/example_branch_operator.py took 0.082 seconds
[2024-04-28T16:10:28.485+0000] {processor.py:161} INFO - Started process (PID=596) to work on /home/airflow/.local/lib/python3.12/site-packages/airflow/example_dags/example_branch_operator.py
[2024-04-28T16:10:28.486+0000] {processor.py:830} INFO - Processing file /home/airflow/.local/lib/python3.12/site-packages/airflow/example_dags/example_branch_operator.py for tasks to queue
[2024-04-28T16:10:28.488+0000] {logging_mixin.py:188} INFO - [2024-04-28T16:10:28.488+0000] {dagbag.py:540} INFO - Filling up the DagBag from /home/airflow/.local/lib/python3.12/site-packages/airflow/example_dags/example_branch_operator.py
[2024-04-28T16:10:28.500+0000] {processor.py:840} INFO - DAG(s) 'example_branch_operator' retrieved from /home/airflow/.local/lib/python3.12/site-packages/airflow/example_dags/example_branch_operator.py
[2024-04-28T16:10:28.521+0000] {logging_mixin.py:188} INFO - [2024-04-28T16:10:28.521+0000] {dag.py:3096} INFO - Sync 1 DAGs
[2024-04-28T16:10:28.537+0000] {logging_mixin.py:188} INFO - [2024-04-28T16:10:28.537+0000] {dag.py:3954} INFO - Setting next_dagrun for example_branch_operator to 2024-04-27 00:00:00+00:00, run_after=2024-04-28 00:00:00+00:00
[2024-04-28T16:10:28.551+0000] {processor.py:183} INFO - Processing /home/airflow/.local/lib/python3.12/site-packages/airflow/example_dags/example_branch_operator.py took 0.070 seconds
[2024-04-28T16:10:58.830+0000] {processor.py:161} INFO - Started process (PID=656) to work on /home/airflow/.local/lib/python3.12/site-packages/airflow/example_dags/example_branch_operator.py
[2024-04-28T16:10:58.831+0000] {processor.py:830} INFO - Processing file /home/airflow/.local/lib/python3.12/site-packages/airflow/example_dags/example_branch_operator.py for tasks to queue
[2024-04-28T16:10:58.832+0000] {logging_mixin.py:188} INFO - [2024-04-28T16:10:58.832+0000] {dagbag.py:540} INFO - Filling up the DagBag from /home/airflow/.local/lib/python3.12/site-packages/airflow/example_dags/example_branch_operator.py
[2024-04-28T16:10:58.844+0000] {processor.py:840} INFO - DAG(s) 'example_branch_operator' retrieved from /home/airflow/.local/lib/python3.12/site-packages/airflow/example_dags/example_branch_operator.py
[2024-04-28T16:10:58.868+0000] {logging_mixin.py:188} INFO - [2024-04-28T16:10:58.867+0000] {dag.py:3096} INFO - Sync 1 DAGs
[2024-04-28T16:10:58.886+0000] {logging_mixin.py:188} INFO - [2024-04-28T16:10:58.886+0000] {dag.py:3954} INFO - Setting next_dagrun for example_branch_operator to 2024-04-27 00:00:00+00:00, run_after=2024-04-28 00:00:00+00:00
[2024-04-28T16:10:58.900+0000] {processor.py:183} INFO - Processing /home/airflow/.local/lib/python3.12/site-packages/airflow/example_dags/example_branch_operator.py took 0.074 seconds
[2024-04-28T16:11:29.426+0000] {processor.py:161} INFO - Started process (PID=716) to work on /home/airflow/.local/lib/python3.12/site-packages/airflow/example_dags/example_branch_operator.py
[2024-04-28T16:11:29.427+0000] {processor.py:830} INFO - Processing file /home/airflow/.local/lib/python3.12/site-packages/airflow/example_dags/example_branch_operator.py for tasks to queue
[2024-04-28T16:11:29.428+0000] {logging_mixin.py:188} INFO - [2024-04-28T16:11:29.428+0000] {dagbag.py:540} INFO - Filling up the DagBag from /home/airflow/.local/lib/python3.12/site-packages/airflow/example_dags/example_branch_operator.py
[2024-04-28T16:11:29.442+0000] {processor.py:840} INFO - DAG(s) 'example_branch_operator' retrieved from /home/airflow/.local/lib/python3.12/site-packages/airflow/example_dags/example_branch_operator.py
[2024-04-28T16:11:29.466+0000] {logging_mixin.py:188} INFO - [2024-04-28T16:11:29.466+0000] {dag.py:3096} INFO - Sync 1 DAGs
[2024-04-28T16:11:29.485+0000] {logging_mixin.py:188} INFO - [2024-04-28T16:11:29.485+0000] {dag.py:3954} INFO - Setting next_dagrun for example_branch_operator to 2024-04-27 00:00:00+00:00, run_after=2024-04-28 00:00:00+00:00
[2024-04-28T16:11:29.502+0000] {processor.py:183} INFO - Processing /home/airflow/.local/lib/python3.12/site-packages/airflow/example_dags/example_branch_operator.py took 0.081 seconds
[2024-04-28T16:12:00.015+0000] {processor.py:161} INFO - Started process (PID=776) to work on /home/airflow/.local/lib/python3.12/site-packages/airflow/example_dags/example_branch_operator.py
[2024-04-28T16:12:00.016+0000] {processor.py:830} INFO - Processing file /home/airflow/.local/lib/python3.12/site-packages/airflow/example_dags/example_branch_operator.py for tasks to queue
[2024-04-28T16:12:00.017+0000] {logging_mixin.py:188} INFO - [2024-04-28T16:12:00.017+0000] {dagbag.py:540} INFO - Filling up the DagBag from /home/airflow/.local/lib/python3.12/site-packages/airflow/example_dags/example_branch_operator.py
[2024-04-28T16:12:00.030+0000] {processor.py:840} INFO - DAG(s) 'example_branch_operator' retrieved from /home/airflow/.local/lib/python3.12/site-packages/airflow/example_dags/example_branch_operator.py
[2024-04-28T16:12:00.054+0000] {logging_mixin.py:188} INFO - [2024-04-28T16:12:00.054+0000] {dag.py:3096} INFO - Sync 1 DAGs
[2024-04-28T16:12:00.071+0000] {logging_mixin.py:188} INFO - [2024-04-28T16:12:00.071+0000] {dag.py:3954} INFO - Setting next_dagrun for example_branch_operator to 2024-04-27 00:00:00+00:00, run_after=2024-04-28 00:00:00+00:00
[2024-04-28T16:12:00.088+0000] {processor.py:183} INFO - Processing /home/airflow/.local/lib/python3.12/site-packages/airflow/example_dags/example_branch_operator.py took 0.079 seconds
[2024-04-28T16:12:30.484+0000] {processor.py:161} INFO - Started process (PID=836) to work on /home/airflow/.local/lib/python3.12/site-packages/airflow/example_dags/example_branch_operator.py
[2024-04-28T16:12:30.485+0000] {processor.py:830} INFO - Processing file /home/airflow/.local/lib/python3.12/site-packages/airflow/example_dags/example_branch_operator.py for tasks to queue
[2024-04-28T16:12:30.487+0000] {logging_mixin.py:188} INFO - [2024-04-28T16:12:30.487+0000] {dagbag.py:540} INFO - Filling up the DagBag from /home/airflow/.local/lib/python3.12/site-packages/airflow/example_dags/example_branch_operator.py
[2024-04-28T16:12:30.499+0000] {processor.py:840} INFO - DAG(s) 'example_branch_operator' retrieved from /home/airflow/.local/lib/python3.12/site-packages/airflow/example_dags/example_branch_operator.py
[2024-04-28T16:12:30.522+0000] {logging_mixin.py:188} INFO - [2024-04-28T16:12:30.522+0000] {dag.py:3096} INFO - Sync 1 DAGs
[2024-04-28T16:12:30.540+0000] {logging_mixin.py:188} INFO - [2024-04-28T16:12:30.539+0000] {dag.py:3954} INFO - Setting next_dagrun for example_branch_operator to 2024-04-27 00:00:00+00:00, run_after=2024-04-28 00:00:00+00:00
[2024-04-28T16:12:30.556+0000] {processor.py:183} INFO - Processing /home/airflow/.local/lib/python3.12/site-packages/airflow/example_dags/example_branch_operator.py took 0.077 seconds
