[2024-04-28T15:48:55.962+0000] {processor.py:161} INFO - Started process (PID=62) to work on /home/airflow/.local/lib/python3.12/site-packages/airflow/example_dags/example_sensors.py
[2024-04-28T15:48:55.963+0000] {processor.py:830} INFO - Processing file /home/airflow/.local/lib/python3.12/site-packages/airflow/example_dags/example_sensors.py for tasks to queue
[2024-04-28T15:48:55.965+0000] {logging_mixin.py:188} INFO - [2024-04-28T15:48:55.965+0000] {dagbag.py:540} INFO - Filling up the DagBag from /home/airflow/.local/lib/python3.12/site-packages/airflow/example_dags/example_sensors.py
[2024-04-28T15:48:55.975+0000] {processor.py:840} INFO - DAG(s) 'example_sensors' retrieved from /home/airflow/.local/lib/python3.12/site-packages/airflow/example_dags/example_sensors.py
[2024-04-28T15:48:56.069+0000] {logging_mixin.py:188} INFO - [2024-04-28T15:48:56.069+0000] {override.py:1829} INFO - Created Permission View: can delete on DAG:example_sensors
[2024-04-28T15:48:56.082+0000] {logging_mixin.py:188} INFO - [2024-04-28T15:48:56.081+0000] {override.py:1829} INFO - Created Permission View: can edit on DAG:example_sensors
[2024-04-28T15:48:56.088+0000] {logging_mixin.py:188} INFO - [2024-04-28T15:48:56.088+0000] {override.py:1829} INFO - Created Permission View: can read on DAG:example_sensors
[2024-04-28T15:48:56.089+0000] {logging_mixin.py:188} INFO - [2024-04-28T15:48:56.089+0000] {dag.py:3096} INFO - Sync 1 DAGs
[2024-04-28T15:48:56.097+0000] {logging_mixin.py:188} INFO - [2024-04-28T15:48:56.097+0000] {dag.py:3118} INFO - Creating ORM DAG for example_sensors
[2024-04-28T15:48:56.098+0000] {logging_mixin.py:188} INFO - [2024-04-28T15:48:56.098+0000] {dag.py:3954} INFO - Setting next_dagrun for example_sensors to None, run_after=None
[2024-04-28T15:48:56.112+0000] {processor.py:183} INFO - Processing /home/airflow/.local/lib/python3.12/site-packages/airflow/example_dags/example_sensors.py took 0.156 seconds
[2024-04-28T15:49:28.024+0000] {processor.py:161} INFO - Started process (PID=120) to work on /home/airflow/.local/lib/python3.12/site-packages/airflow/example_dags/example_sensors.py
[2024-04-28T15:49:28.027+0000] {processor.py:830} INFO - Processing file /home/airflow/.local/lib/python3.12/site-packages/airflow/example_dags/example_sensors.py for tasks to queue
[2024-04-28T15:49:28.028+0000] {logging_mixin.py:188} INFO - [2024-04-28T15:49:28.028+0000] {dagbag.py:540} INFO - Filling up the DagBag from /home/airflow/.local/lib/python3.12/site-packages/airflow/example_dags/example_sensors.py
[2024-04-28T15:49:28.038+0000] {processor.py:840} INFO - DAG(s) 'example_sensors' retrieved from /home/airflow/.local/lib/python3.12/site-packages/airflow/example_dags/example_sensors.py
[2024-04-28T15:49:28.063+0000] {logging_mixin.py:188} INFO - [2024-04-28T15:49:28.063+0000] {dag.py:3096} INFO - Sync 1 DAGs
[2024-04-28T15:49:28.077+0000] {logging_mixin.py:188} INFO - [2024-04-28T15:49:28.077+0000] {dag.py:3954} INFO - Setting next_dagrun for example_sensors to None, run_after=None
[2024-04-28T15:49:28.100+0000] {processor.py:183} INFO - Processing /home/airflow/.local/lib/python3.12/site-packages/airflow/example_dags/example_sensors.py took 0.081 seconds
[2024-04-28T15:49:58.808+0000] {processor.py:161} INFO - Started process (PID=178) to work on /home/airflow/.local/lib/python3.12/site-packages/airflow/example_dags/example_sensors.py
[2024-04-28T15:49:58.810+0000] {processor.py:830} INFO - Processing file /home/airflow/.local/lib/python3.12/site-packages/airflow/example_dags/example_sensors.py for tasks to queue
[2024-04-28T15:49:58.811+0000] {logging_mixin.py:188} INFO - [2024-04-28T15:49:58.811+0000] {dagbag.py:540} INFO - Filling up the DagBag from /home/airflow/.local/lib/python3.12/site-packages/airflow/example_dags/example_sensors.py
[2024-04-28T15:49:58.821+0000] {processor.py:840} INFO - DAG(s) 'example_sensors' retrieved from /home/airflow/.local/lib/python3.12/site-packages/airflow/example_dags/example_sensors.py
[2024-04-28T15:49:58.846+0000] {logging_mixin.py:188} INFO - [2024-04-28T15:49:58.846+0000] {dag.py:3096} INFO - Sync 1 DAGs
[2024-04-28T15:49:58.858+0000] {logging_mixin.py:188} INFO - [2024-04-28T15:49:58.858+0000] {dag.py:3954} INFO - Setting next_dagrun for example_sensors to None, run_after=None
[2024-04-28T15:49:58.881+0000] {processor.py:183} INFO - Processing /home/airflow/.local/lib/python3.12/site-packages/airflow/example_dags/example_sensors.py took 0.078 seconds
[2024-04-28T15:50:29.484+0000] {processor.py:161} INFO - Started process (PID=236) to work on /home/airflow/.local/lib/python3.12/site-packages/airflow/example_dags/example_sensors.py
[2024-04-28T15:50:29.485+0000] {processor.py:830} INFO - Processing file /home/airflow/.local/lib/python3.12/site-packages/airflow/example_dags/example_sensors.py for tasks to queue
[2024-04-28T15:50:29.486+0000] {logging_mixin.py:188} INFO - [2024-04-28T15:50:29.486+0000] {dagbag.py:540} INFO - Filling up the DagBag from /home/airflow/.local/lib/python3.12/site-packages/airflow/example_dags/example_sensors.py
[2024-04-28T15:50:29.494+0000] {processor.py:840} INFO - DAG(s) 'example_sensors' retrieved from /home/airflow/.local/lib/python3.12/site-packages/airflow/example_dags/example_sensors.py
[2024-04-28T15:50:29.517+0000] {logging_mixin.py:188} INFO - [2024-04-28T15:50:29.517+0000] {dag.py:3096} INFO - Sync 1 DAGs
[2024-04-28T15:50:29.528+0000] {logging_mixin.py:188} INFO - [2024-04-28T15:50:29.528+0000] {dag.py:3954} INFO - Setting next_dagrun for example_sensors to None, run_after=None
[2024-04-28T15:50:29.545+0000] {processor.py:183} INFO - Processing /home/airflow/.local/lib/python3.12/site-packages/airflow/example_dags/example_sensors.py took 0.066 seconds
[2024-04-28T15:51:00.093+0000] {processor.py:161} INFO - Started process (PID=294) to work on /home/airflow/.local/lib/python3.12/site-packages/airflow/example_dags/example_sensors.py
[2024-04-28T15:51:00.094+0000] {processor.py:830} INFO - Processing file /home/airflow/.local/lib/python3.12/site-packages/airflow/example_dags/example_sensors.py for tasks to queue
[2024-04-28T15:51:00.096+0000] {logging_mixin.py:188} INFO - [2024-04-28T15:51:00.096+0000] {dagbag.py:540} INFO - Filling up the DagBag from /home/airflow/.local/lib/python3.12/site-packages/airflow/example_dags/example_sensors.py
[2024-04-28T15:51:00.103+0000] {processor.py:840} INFO - DAG(s) 'example_sensors' retrieved from /home/airflow/.local/lib/python3.12/site-packages/airflow/example_dags/example_sensors.py
[2024-04-28T15:51:00.127+0000] {logging_mixin.py:188} INFO - [2024-04-28T15:51:00.127+0000] {dag.py:3096} INFO - Sync 1 DAGs
[2024-04-28T15:51:00.139+0000] {logging_mixin.py:188} INFO - [2024-04-28T15:51:00.139+0000] {dag.py:3954} INFO - Setting next_dagrun for example_sensors to None, run_after=None
[2024-04-28T15:51:00.158+0000] {processor.py:183} INFO - Processing /home/airflow/.local/lib/python3.12/site-packages/airflow/example_dags/example_sensors.py took 0.070 seconds
[2024-04-28T15:51:31.060+0000] {processor.py:161} INFO - Started process (PID=352) to work on /home/airflow/.local/lib/python3.12/site-packages/airflow/example_dags/example_sensors.py
[2024-04-28T15:51:31.062+0000] {processor.py:830} INFO - Processing file /home/airflow/.local/lib/python3.12/site-packages/airflow/example_dags/example_sensors.py for tasks to queue
[2024-04-28T15:51:31.065+0000] {logging_mixin.py:188} INFO - [2024-04-28T15:51:31.064+0000] {dagbag.py:540} INFO - Filling up the DagBag from /home/airflow/.local/lib/python3.12/site-packages/airflow/example_dags/example_sensors.py
[2024-04-28T15:51:31.076+0000] {processor.py:840} INFO - DAG(s) 'example_sensors' retrieved from /home/airflow/.local/lib/python3.12/site-packages/airflow/example_dags/example_sensors.py
[2024-04-28T15:51:31.110+0000] {logging_mixin.py:188} INFO - [2024-04-28T15:51:31.110+0000] {dag.py:3096} INFO - Sync 1 DAGs
[2024-04-28T15:51:31.128+0000] {logging_mixin.py:188} INFO - [2024-04-28T15:51:31.127+0000] {dag.py:3954} INFO - Setting next_dagrun for example_sensors to None, run_after=None
[2024-04-28T15:51:31.158+0000] {processor.py:183} INFO - Processing /home/airflow/.local/lib/python3.12/site-packages/airflow/example_dags/example_sensors.py took 0.108 seconds
[2024-04-28T15:53:33.639+0000] {processor.py:161} INFO - Started process (PID=64) to work on /home/airflow/.local/lib/python3.12/site-packages/airflow/example_dags/example_sensors.py
[2024-04-28T15:53:33.643+0000] {processor.py:830} INFO - Processing file /home/airflow/.local/lib/python3.12/site-packages/airflow/example_dags/example_sensors.py for tasks to queue
[2024-04-28T15:53:33.646+0000] {logging_mixin.py:188} INFO - [2024-04-28T15:53:33.646+0000] {dagbag.py:540} INFO - Filling up the DagBag from /home/airflow/.local/lib/python3.12/site-packages/airflow/example_dags/example_sensors.py
[2024-04-28T15:53:33.659+0000] {processor.py:840} INFO - DAG(s) 'example_sensors' retrieved from /home/airflow/.local/lib/python3.12/site-packages/airflow/example_dags/example_sensors.py
[2024-04-28T15:53:33.672+0000] {logging_mixin.py:188} INFO - [2024-04-28T15:53:33.671+0000] {dag.py:3096} INFO - Sync 1 DAGs
[2024-04-28T15:53:33.685+0000] {logging_mixin.py:188} INFO - [2024-04-28T15:53:33.685+0000] {dag.py:3954} INFO - Setting next_dagrun for example_sensors to None, run_after=None
[2024-04-28T15:53:33.708+0000] {processor.py:183} INFO - Processing /home/airflow/.local/lib/python3.12/site-packages/airflow/example_dags/example_sensors.py took 0.078 seconds
[2024-04-28T15:54:04.887+0000] {processor.py:161} INFO - Started process (PID=124) to work on /home/airflow/.local/lib/python3.12/site-packages/airflow/example_dags/example_sensors.py
[2024-04-28T15:54:04.888+0000] {processor.py:830} INFO - Processing file /home/airflow/.local/lib/python3.12/site-packages/airflow/example_dags/example_sensors.py for tasks to queue
[2024-04-28T15:54:04.890+0000] {logging_mixin.py:188} INFO - [2024-04-28T15:54:04.890+0000] {dagbag.py:540} INFO - Filling up the DagBag from /home/airflow/.local/lib/python3.12/site-packages/airflow/example_dags/example_sensors.py
[2024-04-28T15:54:04.897+0000] {processor.py:840} INFO - DAG(s) 'example_sensors' retrieved from /home/airflow/.local/lib/python3.12/site-packages/airflow/example_dags/example_sensors.py
[2024-04-28T15:54:04.979+0000] {logging_mixin.py:188} INFO - [2024-04-28T15:54:04.979+0000] {dag.py:3096} INFO - Sync 1 DAGs
[2024-04-28T15:54:04.988+0000] {logging_mixin.py:188} INFO - [2024-04-28T15:54:04.988+0000] {dag.py:3954} INFO - Setting next_dagrun for example_sensors to None, run_after=None
[2024-04-28T15:54:05.009+0000] {processor.py:183} INFO - Processing /home/airflow/.local/lib/python3.12/site-packages/airflow/example_dags/example_sensors.py took 0.126 seconds
[2024-04-28T15:54:35.340+0000] {processor.py:161} INFO - Started process (PID=192) to work on /home/airflow/.local/lib/python3.12/site-packages/airflow/example_dags/example_sensors.py
[2024-04-28T15:54:35.341+0000] {processor.py:830} INFO - Processing file /home/airflow/.local/lib/python3.12/site-packages/airflow/example_dags/example_sensors.py for tasks to queue
[2024-04-28T15:54:35.342+0000] {logging_mixin.py:188} INFO - [2024-04-28T15:54:35.342+0000] {dagbag.py:540} INFO - Filling up the DagBag from /home/airflow/.local/lib/python3.12/site-packages/airflow/example_dags/example_sensors.py
[2024-04-28T15:54:35.349+0000] {processor.py:840} INFO - DAG(s) 'example_sensors' retrieved from /home/airflow/.local/lib/python3.12/site-packages/airflow/example_dags/example_sensors.py
[2024-04-28T15:54:35.370+0000] {logging_mixin.py:188} INFO - [2024-04-28T15:54:35.369+0000] {dag.py:3096} INFO - Sync 1 DAGs
[2024-04-28T15:54:35.380+0000] {logging_mixin.py:188} INFO - [2024-04-28T15:54:35.380+0000] {dag.py:3954} INFO - Setting next_dagrun for example_sensors to None, run_after=None
[2024-04-28T15:54:35.396+0000] {processor.py:183} INFO - Processing /home/airflow/.local/lib/python3.12/site-packages/airflow/example_dags/example_sensors.py took 0.060 seconds
[2024-04-28T15:55:06.615+0000] {processor.py:161} INFO - Started process (PID=252) to work on /home/airflow/.local/lib/python3.12/site-packages/airflow/example_dags/example_sensors.py
[2024-04-28T15:55:06.616+0000] {processor.py:830} INFO - Processing file /home/airflow/.local/lib/python3.12/site-packages/airflow/example_dags/example_sensors.py for tasks to queue
[2024-04-28T15:55:06.618+0000] {logging_mixin.py:188} INFO - [2024-04-28T15:55:06.618+0000] {dagbag.py:540} INFO - Filling up the DagBag from /home/airflow/.local/lib/python3.12/site-packages/airflow/example_dags/example_sensors.py
[2024-04-28T15:55:06.625+0000] {processor.py:840} INFO - DAG(s) 'example_sensors' retrieved from /home/airflow/.local/lib/python3.12/site-packages/airflow/example_dags/example_sensors.py
[2024-04-28T15:55:06.649+0000] {logging_mixin.py:188} INFO - [2024-04-28T15:55:06.649+0000] {dag.py:3096} INFO - Sync 1 DAGs
[2024-04-28T15:55:06.660+0000] {logging_mixin.py:188} INFO - [2024-04-28T15:55:06.660+0000] {dag.py:3954} INFO - Setting next_dagrun for example_sensors to None, run_after=None
[2024-04-28T15:55:06.677+0000] {processor.py:183} INFO - Processing /home/airflow/.local/lib/python3.12/site-packages/airflow/example_dags/example_sensors.py took 0.067 seconds
[2024-04-28T15:55:37.675+0000] {processor.py:161} INFO - Started process (PID=312) to work on /home/airflow/.local/lib/python3.12/site-packages/airflow/example_dags/example_sensors.py
[2024-04-28T15:55:37.676+0000] {processor.py:830} INFO - Processing file /home/airflow/.local/lib/python3.12/site-packages/airflow/example_dags/example_sensors.py for tasks to queue
[2024-04-28T15:55:37.677+0000] {logging_mixin.py:188} INFO - [2024-04-28T15:55:37.677+0000] {dagbag.py:540} INFO - Filling up the DagBag from /home/airflow/.local/lib/python3.12/site-packages/airflow/example_dags/example_sensors.py
[2024-04-28T15:55:37.684+0000] {processor.py:840} INFO - DAG(s) 'example_sensors' retrieved from /home/airflow/.local/lib/python3.12/site-packages/airflow/example_dags/example_sensors.py
[2024-04-28T15:55:37.705+0000] {logging_mixin.py:188} INFO - [2024-04-28T15:55:37.705+0000] {dag.py:3096} INFO - Sync 1 DAGs
[2024-04-28T15:55:37.716+0000] {logging_mixin.py:188} INFO - [2024-04-28T15:55:37.716+0000] {dag.py:3954} INFO - Setting next_dagrun for example_sensors to None, run_after=None
[2024-04-28T15:55:37.732+0000] {processor.py:183} INFO - Processing /home/airflow/.local/lib/python3.12/site-packages/airflow/example_dags/example_sensors.py took 0.063 seconds
[2024-04-28T15:56:07.801+0000] {processor.py:161} INFO - Started process (PID=370) to work on /home/airflow/.local/lib/python3.12/site-packages/airflow/example_dags/example_sensors.py
[2024-04-28T15:56:07.802+0000] {processor.py:830} INFO - Processing file /home/airflow/.local/lib/python3.12/site-packages/airflow/example_dags/example_sensors.py for tasks to queue
[2024-04-28T15:56:07.803+0000] {logging_mixin.py:188} INFO - [2024-04-28T15:56:07.803+0000] {dagbag.py:540} INFO - Filling up the DagBag from /home/airflow/.local/lib/python3.12/site-packages/airflow/example_dags/example_sensors.py
[2024-04-28T15:56:07.810+0000] {processor.py:840} INFO - DAG(s) 'example_sensors' retrieved from /home/airflow/.local/lib/python3.12/site-packages/airflow/example_dags/example_sensors.py
[2024-04-28T15:56:07.831+0000] {logging_mixin.py:188} INFO - [2024-04-28T15:56:07.831+0000] {dag.py:3096} INFO - Sync 1 DAGs
[2024-04-28T15:56:07.842+0000] {logging_mixin.py:188} INFO - [2024-04-28T15:56:07.842+0000] {dag.py:3954} INFO - Setting next_dagrun for example_sensors to None, run_after=None
[2024-04-28T15:56:07.858+0000] {processor.py:183} INFO - Processing /home/airflow/.local/lib/python3.12/site-packages/airflow/example_dags/example_sensors.py took 0.062 seconds
[2024-04-28T15:56:37.902+0000] {processor.py:161} INFO - Started process (PID=430) to work on /home/airflow/.local/lib/python3.12/site-packages/airflow/example_dags/example_sensors.py
[2024-04-28T15:56:37.903+0000] {processor.py:830} INFO - Processing file /home/airflow/.local/lib/python3.12/site-packages/airflow/example_dags/example_sensors.py for tasks to queue
[2024-04-28T15:56:37.905+0000] {logging_mixin.py:188} INFO - [2024-04-28T15:56:37.904+0000] {dagbag.py:540} INFO - Filling up the DagBag from /home/airflow/.local/lib/python3.12/site-packages/airflow/example_dags/example_sensors.py
[2024-04-28T15:56:37.911+0000] {processor.py:840} INFO - DAG(s) 'example_sensors' retrieved from /home/airflow/.local/lib/python3.12/site-packages/airflow/example_dags/example_sensors.py
[2024-04-28T15:56:37.931+0000] {logging_mixin.py:188} INFO - [2024-04-28T15:56:37.931+0000] {dag.py:3096} INFO - Sync 1 DAGs
[2024-04-28T15:56:37.940+0000] {logging_mixin.py:188} INFO - [2024-04-28T15:56:37.940+0000] {dag.py:3954} INFO - Setting next_dagrun for example_sensors to None, run_after=None
[2024-04-28T15:56:37.955+0000] {processor.py:183} INFO - Processing /home/airflow/.local/lib/python3.12/site-packages/airflow/example_dags/example_sensors.py took 0.058 seconds
[2024-04-28T15:57:08.441+0000] {processor.py:161} INFO - Started process (PID=490) to work on /home/airflow/.local/lib/python3.12/site-packages/airflow/example_dags/example_sensors.py
[2024-04-28T15:57:08.442+0000] {processor.py:830} INFO - Processing file /home/airflow/.local/lib/python3.12/site-packages/airflow/example_dags/example_sensors.py for tasks to queue
[2024-04-28T15:57:08.443+0000] {logging_mixin.py:188} INFO - [2024-04-28T15:57:08.443+0000] {dagbag.py:540} INFO - Filling up the DagBag from /home/airflow/.local/lib/python3.12/site-packages/airflow/example_dags/example_sensors.py
[2024-04-28T15:57:08.449+0000] {processor.py:840} INFO - DAG(s) 'example_sensors' retrieved from /home/airflow/.local/lib/python3.12/site-packages/airflow/example_dags/example_sensors.py
[2024-04-28T15:57:08.469+0000] {logging_mixin.py:188} INFO - [2024-04-28T15:57:08.469+0000] {dag.py:3096} INFO - Sync 1 DAGs
[2024-04-28T15:57:08.478+0000] {logging_mixin.py:188} INFO - [2024-04-28T15:57:08.478+0000] {dag.py:3954} INFO - Setting next_dagrun for example_sensors to None, run_after=None
[2024-04-28T15:57:08.494+0000] {processor.py:183} INFO - Processing /home/airflow/.local/lib/python3.12/site-packages/airflow/example_dags/example_sensors.py took 0.058 seconds
[2024-04-28T15:57:38.869+0000] {processor.py:161} INFO - Started process (PID=550) to work on /home/airflow/.local/lib/python3.12/site-packages/airflow/example_dags/example_sensors.py
[2024-04-28T15:57:38.869+0000] {processor.py:830} INFO - Processing file /home/airflow/.local/lib/python3.12/site-packages/airflow/example_dags/example_sensors.py for tasks to queue
[2024-04-28T15:57:38.871+0000] {logging_mixin.py:188} INFO - [2024-04-28T15:57:38.870+0000] {dagbag.py:540} INFO - Filling up the DagBag from /home/airflow/.local/lib/python3.12/site-packages/airflow/example_dags/example_sensors.py
[2024-04-28T15:57:38.877+0000] {processor.py:840} INFO - DAG(s) 'example_sensors' retrieved from /home/airflow/.local/lib/python3.12/site-packages/airflow/example_dags/example_sensors.py
[2024-04-28T15:57:38.895+0000] {logging_mixin.py:188} INFO - [2024-04-28T15:57:38.895+0000] {dag.py:3096} INFO - Sync 1 DAGs
[2024-04-28T15:57:38.904+0000] {logging_mixin.py:188} INFO - [2024-04-28T15:57:38.904+0000] {dag.py:3954} INFO - Setting next_dagrun for example_sensors to None, run_after=None
[2024-04-28T15:57:38.918+0000] {processor.py:183} INFO - Processing /home/airflow/.local/lib/python3.12/site-packages/airflow/example_dags/example_sensors.py took 0.054 seconds
[2024-04-28T15:58:09.227+0000] {processor.py:161} INFO - Started process (PID=610) to work on /home/airflow/.local/lib/python3.12/site-packages/airflow/example_dags/example_sensors.py
[2024-04-28T15:58:09.227+0000] {processor.py:830} INFO - Processing file /home/airflow/.local/lib/python3.12/site-packages/airflow/example_dags/example_sensors.py for tasks to queue
[2024-04-28T15:58:09.229+0000] {logging_mixin.py:188} INFO - [2024-04-28T15:58:09.229+0000] {dagbag.py:540} INFO - Filling up the DagBag from /home/airflow/.local/lib/python3.12/site-packages/airflow/example_dags/example_sensors.py
[2024-04-28T15:58:09.236+0000] {processor.py:840} INFO - DAG(s) 'example_sensors' retrieved from /home/airflow/.local/lib/python3.12/site-packages/airflow/example_dags/example_sensors.py
[2024-04-28T15:58:09.258+0000] {logging_mixin.py:188} INFO - [2024-04-28T15:58:09.257+0000] {dag.py:3096} INFO - Sync 1 DAGs
[2024-04-28T15:58:09.268+0000] {logging_mixin.py:188} INFO - [2024-04-28T15:58:09.268+0000] {dag.py:3954} INFO - Setting next_dagrun for example_sensors to None, run_after=None
[2024-04-28T15:58:09.285+0000] {processor.py:183} INFO - Processing /home/airflow/.local/lib/python3.12/site-packages/airflow/example_dags/example_sensors.py took 0.063 seconds
[2024-04-28T15:58:39.757+0000] {processor.py:161} INFO - Started process (PID=670) to work on /home/airflow/.local/lib/python3.12/site-packages/airflow/example_dags/example_sensors.py
[2024-04-28T15:58:39.758+0000] {processor.py:830} INFO - Processing file /home/airflow/.local/lib/python3.12/site-packages/airflow/example_dags/example_sensors.py for tasks to queue
[2024-04-28T15:58:39.759+0000] {logging_mixin.py:188} INFO - [2024-04-28T15:58:39.759+0000] {dagbag.py:540} INFO - Filling up the DagBag from /home/airflow/.local/lib/python3.12/site-packages/airflow/example_dags/example_sensors.py
[2024-04-28T15:58:39.767+0000] {processor.py:840} INFO - DAG(s) 'example_sensors' retrieved from /home/airflow/.local/lib/python3.12/site-packages/airflow/example_dags/example_sensors.py
[2024-04-28T15:58:39.788+0000] {logging_mixin.py:188} INFO - [2024-04-28T15:58:39.788+0000] {dag.py:3096} INFO - Sync 1 DAGs
[2024-04-28T15:58:39.800+0000] {logging_mixin.py:188} INFO - [2024-04-28T15:58:39.799+0000] {dag.py:3954} INFO - Setting next_dagrun for example_sensors to None, run_after=None
[2024-04-28T15:58:39.815+0000] {processor.py:183} INFO - Processing /home/airflow/.local/lib/python3.12/site-packages/airflow/example_dags/example_sensors.py took 0.064 seconds
[2024-04-28T15:59:10.333+0000] {processor.py:161} INFO - Started process (PID=730) to work on /home/airflow/.local/lib/python3.12/site-packages/airflow/example_dags/example_sensors.py
[2024-04-28T15:59:10.334+0000] {processor.py:830} INFO - Processing file /home/airflow/.local/lib/python3.12/site-packages/airflow/example_dags/example_sensors.py for tasks to queue
[2024-04-28T15:59:10.336+0000] {logging_mixin.py:188} INFO - [2024-04-28T15:59:10.335+0000] {dagbag.py:540} INFO - Filling up the DagBag from /home/airflow/.local/lib/python3.12/site-packages/airflow/example_dags/example_sensors.py
[2024-04-28T15:59:10.343+0000] {processor.py:840} INFO - DAG(s) 'example_sensors' retrieved from /home/airflow/.local/lib/python3.12/site-packages/airflow/example_dags/example_sensors.py
[2024-04-28T15:59:10.363+0000] {logging_mixin.py:188} INFO - [2024-04-28T15:59:10.363+0000] {dag.py:3096} INFO - Sync 1 DAGs
[2024-04-28T15:59:10.373+0000] {logging_mixin.py:188} INFO - [2024-04-28T15:59:10.373+0000] {dag.py:3954} INFO - Setting next_dagrun for example_sensors to None, run_after=None
[2024-04-28T15:59:10.388+0000] {processor.py:183} INFO - Processing /home/airflow/.local/lib/python3.12/site-packages/airflow/example_dags/example_sensors.py took 0.060 seconds
[2024-04-28T15:59:40.856+0000] {processor.py:161} INFO - Started process (PID=790) to work on /home/airflow/.local/lib/python3.12/site-packages/airflow/example_dags/example_sensors.py
[2024-04-28T15:59:40.857+0000] {processor.py:830} INFO - Processing file /home/airflow/.local/lib/python3.12/site-packages/airflow/example_dags/example_sensors.py for tasks to queue
[2024-04-28T15:59:40.858+0000] {logging_mixin.py:188} INFO - [2024-04-28T15:59:40.858+0000] {dagbag.py:540} INFO - Filling up the DagBag from /home/airflow/.local/lib/python3.12/site-packages/airflow/example_dags/example_sensors.py
[2024-04-28T15:59:40.866+0000] {processor.py:840} INFO - DAG(s) 'example_sensors' retrieved from /home/airflow/.local/lib/python3.12/site-packages/airflow/example_dags/example_sensors.py
[2024-04-28T15:59:40.887+0000] {logging_mixin.py:188} INFO - [2024-04-28T15:59:40.887+0000] {dag.py:3096} INFO - Sync 1 DAGs
[2024-04-28T15:59:40.896+0000] {logging_mixin.py:188} INFO - [2024-04-28T15:59:40.896+0000] {dag.py:3954} INFO - Setting next_dagrun for example_sensors to None, run_after=None
[2024-04-28T15:59:40.912+0000] {processor.py:183} INFO - Processing /home/airflow/.local/lib/python3.12/site-packages/airflow/example_dags/example_sensors.py took 0.062 seconds
[2024-04-28T16:00:11.482+0000] {processor.py:161} INFO - Started process (PID=850) to work on /home/airflow/.local/lib/python3.12/site-packages/airflow/example_dags/example_sensors.py
[2024-04-28T16:00:11.483+0000] {processor.py:830} INFO - Processing file /home/airflow/.local/lib/python3.12/site-packages/airflow/example_dags/example_sensors.py for tasks to queue
[2024-04-28T16:00:11.484+0000] {logging_mixin.py:188} INFO - [2024-04-28T16:00:11.484+0000] {dagbag.py:540} INFO - Filling up the DagBag from /home/airflow/.local/lib/python3.12/site-packages/airflow/example_dags/example_sensors.py
[2024-04-28T16:00:11.490+0000] {processor.py:840} INFO - DAG(s) 'example_sensors' retrieved from /home/airflow/.local/lib/python3.12/site-packages/airflow/example_dags/example_sensors.py
[2024-04-28T16:00:11.509+0000] {logging_mixin.py:188} INFO - [2024-04-28T16:00:11.508+0000] {dag.py:3096} INFO - Sync 1 DAGs
[2024-04-28T16:00:11.517+0000] {logging_mixin.py:188} INFO - [2024-04-28T16:00:11.517+0000] {dag.py:3954} INFO - Setting next_dagrun for example_sensors to None, run_after=None
[2024-04-28T16:00:11.532+0000] {processor.py:183} INFO - Processing /home/airflow/.local/lib/python3.12/site-packages/airflow/example_dags/example_sensors.py took 0.054 seconds
[2024-04-28T16:00:41.962+0000] {processor.py:161} INFO - Started process (PID=910) to work on /home/airflow/.local/lib/python3.12/site-packages/airflow/example_dags/example_sensors.py
[2024-04-28T16:00:41.963+0000] {processor.py:830} INFO - Processing file /home/airflow/.local/lib/python3.12/site-packages/airflow/example_dags/example_sensors.py for tasks to queue
[2024-04-28T16:00:41.964+0000] {logging_mixin.py:188} INFO - [2024-04-28T16:00:41.964+0000] {dagbag.py:540} INFO - Filling up the DagBag from /home/airflow/.local/lib/python3.12/site-packages/airflow/example_dags/example_sensors.py
[2024-04-28T16:00:41.970+0000] {processor.py:840} INFO - DAG(s) 'example_sensors' retrieved from /home/airflow/.local/lib/python3.12/site-packages/airflow/example_dags/example_sensors.py
[2024-04-28T16:00:41.989+0000] {logging_mixin.py:188} INFO - [2024-04-28T16:00:41.989+0000] {dag.py:3096} INFO - Sync 1 DAGs
[2024-04-28T16:00:41.999+0000] {logging_mixin.py:188} INFO - [2024-04-28T16:00:41.999+0000] {dag.py:3954} INFO - Setting next_dagrun for example_sensors to None, run_after=None
[2024-04-28T16:00:42.015+0000] {processor.py:183} INFO - Processing /home/airflow/.local/lib/python3.12/site-packages/airflow/example_dags/example_sensors.py took 0.058 seconds
[2024-04-28T16:05:54.175+0000] {processor.py:161} INFO - Started process (PID=64) to work on /home/airflow/.local/lib/python3.12/site-packages/airflow/example_dags/example_sensors.py
[2024-04-28T16:05:54.176+0000] {processor.py:830} INFO - Processing file /home/airflow/.local/lib/python3.12/site-packages/airflow/example_dags/example_sensors.py for tasks to queue
[2024-04-28T16:05:54.178+0000] {logging_mixin.py:188} INFO - [2024-04-28T16:05:54.177+0000] {dagbag.py:540} INFO - Filling up the DagBag from /home/airflow/.local/lib/python3.12/site-packages/airflow/example_dags/example_sensors.py
[2024-04-28T16:05:54.187+0000] {processor.py:840} INFO - DAG(s) 'example_sensors' retrieved from /home/airflow/.local/lib/python3.12/site-packages/airflow/example_dags/example_sensors.py
[2024-04-28T16:05:54.197+0000] {logging_mixin.py:188} INFO - [2024-04-28T16:05:54.197+0000] {dag.py:3096} INFO - Sync 1 DAGs
[2024-04-28T16:05:54.207+0000] {logging_mixin.py:188} INFO - [2024-04-28T16:05:54.207+0000] {dag.py:3954} INFO - Setting next_dagrun for example_sensors to None, run_after=None
[2024-04-28T16:05:54.223+0000] {processor.py:183} INFO - Processing /home/airflow/.local/lib/python3.12/site-packages/airflow/example_dags/example_sensors.py took 0.054 seconds
[2024-04-28T16:06:25.225+0000] {processor.py:161} INFO - Started process (PID=124) to work on /home/airflow/.local/lib/python3.12/site-packages/airflow/example_dags/example_sensors.py
[2024-04-28T16:06:25.226+0000] {processor.py:830} INFO - Processing file /home/airflow/.local/lib/python3.12/site-packages/airflow/example_dags/example_sensors.py for tasks to queue
[2024-04-28T16:06:25.227+0000] {logging_mixin.py:188} INFO - [2024-04-28T16:06:25.227+0000] {dagbag.py:540} INFO - Filling up the DagBag from /home/airflow/.local/lib/python3.12/site-packages/airflow/example_dags/example_sensors.py
[2024-04-28T16:06:25.234+0000] {processor.py:840} INFO - DAG(s) 'example_sensors' retrieved from /home/airflow/.local/lib/python3.12/site-packages/airflow/example_dags/example_sensors.py
[2024-04-28T16:06:25.318+0000] {logging_mixin.py:188} INFO - [2024-04-28T16:06:25.318+0000] {dag.py:3096} INFO - Sync 1 DAGs
[2024-04-28T16:06:25.326+0000] {logging_mixin.py:188} INFO - [2024-04-28T16:06:25.326+0000] {dag.py:3954} INFO - Setting next_dagrun for example_sensors to None, run_after=None
[2024-04-28T16:06:25.343+0000] {processor.py:183} INFO - Processing /home/airflow/.local/lib/python3.12/site-packages/airflow/example_dags/example_sensors.py took 0.122 seconds
[2024-04-28T16:06:55.879+0000] {processor.py:161} INFO - Started process (PID=188) to work on /home/airflow/.local/lib/python3.12/site-packages/airflow/example_dags/example_sensors.py
[2024-04-28T16:06:55.880+0000] {processor.py:830} INFO - Processing file /home/airflow/.local/lib/python3.12/site-packages/airflow/example_dags/example_sensors.py for tasks to queue
[2024-04-28T16:06:55.882+0000] {logging_mixin.py:188} INFO - [2024-04-28T16:06:55.882+0000] {dagbag.py:540} INFO - Filling up the DagBag from /home/airflow/.local/lib/python3.12/site-packages/airflow/example_dags/example_sensors.py
[2024-04-28T16:06:55.889+0000] {processor.py:840} INFO - DAG(s) 'example_sensors' retrieved from /home/airflow/.local/lib/python3.12/site-packages/airflow/example_dags/example_sensors.py
[2024-04-28T16:06:55.908+0000] {logging_mixin.py:188} INFO - [2024-04-28T16:06:55.908+0000] {dag.py:3096} INFO - Sync 1 DAGs
[2024-04-28T16:06:55.918+0000] {logging_mixin.py:188} INFO - [2024-04-28T16:06:55.918+0000] {dag.py:3954} INFO - Setting next_dagrun for example_sensors to None, run_after=None
[2024-04-28T16:06:55.934+0000] {processor.py:183} INFO - Processing /home/airflow/.local/lib/python3.12/site-packages/airflow/example_dags/example_sensors.py took 0.060 seconds
[2024-04-28T16:07:26.459+0000] {processor.py:161} INFO - Started process (PID=248) to work on /home/airflow/.local/lib/python3.12/site-packages/airflow/example_dags/example_sensors.py
[2024-04-28T16:07:26.460+0000] {processor.py:830} INFO - Processing file /home/airflow/.local/lib/python3.12/site-packages/airflow/example_dags/example_sensors.py for tasks to queue
[2024-04-28T16:07:26.462+0000] {logging_mixin.py:188} INFO - [2024-04-28T16:07:26.462+0000] {dagbag.py:540} INFO - Filling up the DagBag from /home/airflow/.local/lib/python3.12/site-packages/airflow/example_dags/example_sensors.py
[2024-04-28T16:07:26.469+0000] {processor.py:840} INFO - DAG(s) 'example_sensors' retrieved from /home/airflow/.local/lib/python3.12/site-packages/airflow/example_dags/example_sensors.py
[2024-04-28T16:07:26.490+0000] {logging_mixin.py:188} INFO - [2024-04-28T16:07:26.490+0000] {dag.py:3096} INFO - Sync 1 DAGs
[2024-04-28T16:07:26.500+0000] {logging_mixin.py:188} INFO - [2024-04-28T16:07:26.500+0000] {dag.py:3954} INFO - Setting next_dagrun for example_sensors to None, run_after=None
[2024-04-28T16:07:26.514+0000] {processor.py:183} INFO - Processing /home/airflow/.local/lib/python3.12/site-packages/airflow/example_dags/example_sensors.py took 0.060 seconds
[2024-04-28T16:07:56.897+0000] {processor.py:161} INFO - Started process (PID=308) to work on /home/airflow/.local/lib/python3.12/site-packages/airflow/example_dags/example_sensors.py
[2024-04-28T16:07:56.898+0000] {processor.py:830} INFO - Processing file /home/airflow/.local/lib/python3.12/site-packages/airflow/example_dags/example_sensors.py for tasks to queue
[2024-04-28T16:07:56.899+0000] {logging_mixin.py:188} INFO - [2024-04-28T16:07:56.899+0000] {dagbag.py:540} INFO - Filling up the DagBag from /home/airflow/.local/lib/python3.12/site-packages/airflow/example_dags/example_sensors.py
[2024-04-28T16:07:56.906+0000] {processor.py:840} INFO - DAG(s) 'example_sensors' retrieved from /home/airflow/.local/lib/python3.12/site-packages/airflow/example_dags/example_sensors.py
[2024-04-28T16:07:56.928+0000] {logging_mixin.py:188} INFO - [2024-04-28T16:07:56.928+0000] {dag.py:3096} INFO - Sync 1 DAGs
[2024-04-28T16:07:56.938+0000] {logging_mixin.py:188} INFO - [2024-04-28T16:07:56.938+0000] {dag.py:3954} INFO - Setting next_dagrun for example_sensors to None, run_after=None
[2024-04-28T16:07:56.954+0000] {processor.py:183} INFO - Processing /home/airflow/.local/lib/python3.12/site-packages/airflow/example_dags/example_sensors.py took 0.061 seconds
[2024-04-28T16:08:27.361+0000] {processor.py:161} INFO - Started process (PID=368) to work on /home/airflow/.local/lib/python3.12/site-packages/airflow/example_dags/example_sensors.py
[2024-04-28T16:08:27.361+0000] {processor.py:830} INFO - Processing file /home/airflow/.local/lib/python3.12/site-packages/airflow/example_dags/example_sensors.py for tasks to queue
[2024-04-28T16:08:27.363+0000] {logging_mixin.py:188} INFO - [2024-04-28T16:08:27.362+0000] {dagbag.py:540} INFO - Filling up the DagBag from /home/airflow/.local/lib/python3.12/site-packages/airflow/example_dags/example_sensors.py
[2024-04-28T16:08:27.370+0000] {processor.py:840} INFO - DAG(s) 'example_sensors' retrieved from /home/airflow/.local/lib/python3.12/site-packages/airflow/example_dags/example_sensors.py
[2024-04-28T16:08:27.390+0000] {logging_mixin.py:188} INFO - [2024-04-28T16:08:27.390+0000] {dag.py:3096} INFO - Sync 1 DAGs
[2024-04-28T16:08:27.401+0000] {logging_mixin.py:188} INFO - [2024-04-28T16:08:27.401+0000] {dag.py:3954} INFO - Setting next_dagrun for example_sensors to None, run_after=None
[2024-04-28T16:08:27.417+0000] {processor.py:183} INFO - Processing /home/airflow/.local/lib/python3.12/site-packages/airflow/example_dags/example_sensors.py took 0.061 seconds
[2024-04-28T16:08:58.403+0000] {processor.py:161} INFO - Started process (PID=428) to work on /home/airflow/.local/lib/python3.12/site-packages/airflow/example_dags/example_sensors.py
[2024-04-28T16:08:58.405+0000] {processor.py:830} INFO - Processing file /home/airflow/.local/lib/python3.12/site-packages/airflow/example_dags/example_sensors.py for tasks to queue
[2024-04-28T16:08:58.407+0000] {logging_mixin.py:188} INFO - [2024-04-28T16:08:58.407+0000] {dagbag.py:540} INFO - Filling up the DagBag from /home/airflow/.local/lib/python3.12/site-packages/airflow/example_dags/example_sensors.py
[2024-04-28T16:08:58.419+0000] {processor.py:840} INFO - DAG(s) 'example_sensors' retrieved from /home/airflow/.local/lib/python3.12/site-packages/airflow/example_dags/example_sensors.py
[2024-04-28T16:08:58.445+0000] {logging_mixin.py:188} INFO - [2024-04-28T16:08:58.445+0000] {dag.py:3096} INFO - Sync 1 DAGs
[2024-04-28T16:08:58.468+0000] {logging_mixin.py:188} INFO - [2024-04-28T16:08:58.467+0000] {dag.py:3954} INFO - Setting next_dagrun for example_sensors to None, run_after=None
[2024-04-28T16:08:58.507+0000] {processor.py:183} INFO - Processing /home/airflow/.local/lib/python3.12/site-packages/airflow/example_dags/example_sensors.py took 0.109 seconds
[2024-04-28T16:09:29.092+0000] {processor.py:161} INFO - Started process (PID=488) to work on /home/airflow/.local/lib/python3.12/site-packages/airflow/example_dags/example_sensors.py
[2024-04-28T16:09:29.093+0000] {processor.py:830} INFO - Processing file /home/airflow/.local/lib/python3.12/site-packages/airflow/example_dags/example_sensors.py for tasks to queue
[2024-04-28T16:09:29.094+0000] {logging_mixin.py:188} INFO - [2024-04-28T16:09:29.094+0000] {dagbag.py:540} INFO - Filling up the DagBag from /home/airflow/.local/lib/python3.12/site-packages/airflow/example_dags/example_sensors.py
[2024-04-28T16:09:29.101+0000] {processor.py:840} INFO - DAG(s) 'example_sensors' retrieved from /home/airflow/.local/lib/python3.12/site-packages/airflow/example_dags/example_sensors.py
[2024-04-28T16:09:29.121+0000] {logging_mixin.py:188} INFO - [2024-04-28T16:09:29.121+0000] {dag.py:3096} INFO - Sync 1 DAGs
[2024-04-28T16:09:29.131+0000] {logging_mixin.py:188} INFO - [2024-04-28T16:09:29.131+0000] {dag.py:3954} INFO - Setting next_dagrun for example_sensors to None, run_after=None
[2024-04-28T16:09:29.145+0000] {processor.py:183} INFO - Processing /home/airflow/.local/lib/python3.12/site-packages/airflow/example_dags/example_sensors.py took 0.058 seconds
[2024-04-28T16:09:59.475+0000] {processor.py:161} INFO - Started process (PID=546) to work on /home/airflow/.local/lib/python3.12/site-packages/airflow/example_dags/example_sensors.py
[2024-04-28T16:09:59.476+0000] {processor.py:830} INFO - Processing file /home/airflow/.local/lib/python3.12/site-packages/airflow/example_dags/example_sensors.py for tasks to queue
[2024-04-28T16:09:59.478+0000] {logging_mixin.py:188} INFO - [2024-04-28T16:09:59.477+0000] {dagbag.py:540} INFO - Filling up the DagBag from /home/airflow/.local/lib/python3.12/site-packages/airflow/example_dags/example_sensors.py
[2024-04-28T16:09:59.485+0000] {processor.py:840} INFO - DAG(s) 'example_sensors' retrieved from /home/airflow/.local/lib/python3.12/site-packages/airflow/example_dags/example_sensors.py
[2024-04-28T16:09:59.505+0000] {logging_mixin.py:188} INFO - [2024-04-28T16:09:59.505+0000] {dag.py:3096} INFO - Sync 1 DAGs
[2024-04-28T16:09:59.515+0000] {logging_mixin.py:188} INFO - [2024-04-28T16:09:59.515+0000] {dag.py:3954} INFO - Setting next_dagrun for example_sensors to None, run_after=None
[2024-04-28T16:09:59.529+0000] {processor.py:183} INFO - Processing /home/airflow/.local/lib/python3.12/site-packages/airflow/example_dags/example_sensors.py took 0.059 seconds
[2024-04-28T16:10:29.871+0000] {processor.py:161} INFO - Started process (PID=606) to work on /home/airflow/.local/lib/python3.12/site-packages/airflow/example_dags/example_sensors.py
[2024-04-28T16:10:29.872+0000] {processor.py:830} INFO - Processing file /home/airflow/.local/lib/python3.12/site-packages/airflow/example_dags/example_sensors.py for tasks to queue
[2024-04-28T16:10:29.874+0000] {logging_mixin.py:188} INFO - [2024-04-28T16:10:29.874+0000] {dagbag.py:540} INFO - Filling up the DagBag from /home/airflow/.local/lib/python3.12/site-packages/airflow/example_dags/example_sensors.py
[2024-04-28T16:10:29.881+0000] {processor.py:840} INFO - DAG(s) 'example_sensors' retrieved from /home/airflow/.local/lib/python3.12/site-packages/airflow/example_dags/example_sensors.py
[2024-04-28T16:10:29.903+0000] {logging_mixin.py:188} INFO - [2024-04-28T16:10:29.903+0000] {dag.py:3096} INFO - Sync 1 DAGs
[2024-04-28T16:10:29.914+0000] {logging_mixin.py:188} INFO - [2024-04-28T16:10:29.914+0000] {dag.py:3954} INFO - Setting next_dagrun for example_sensors to None, run_after=None
[2024-04-28T16:10:29.931+0000] {processor.py:183} INFO - Processing /home/airflow/.local/lib/python3.12/site-packages/airflow/example_dags/example_sensors.py took 0.065 seconds
[2024-04-28T16:11:00.218+0000] {processor.py:161} INFO - Started process (PID=666) to work on /home/airflow/.local/lib/python3.12/site-packages/airflow/example_dags/example_sensors.py
[2024-04-28T16:11:00.220+0000] {processor.py:830} INFO - Processing file /home/airflow/.local/lib/python3.12/site-packages/airflow/example_dags/example_sensors.py for tasks to queue
[2024-04-28T16:11:00.221+0000] {logging_mixin.py:188} INFO - [2024-04-28T16:11:00.221+0000] {dagbag.py:540} INFO - Filling up the DagBag from /home/airflow/.local/lib/python3.12/site-packages/airflow/example_dags/example_sensors.py
[2024-04-28T16:11:00.228+0000] {processor.py:840} INFO - DAG(s) 'example_sensors' retrieved from /home/airflow/.local/lib/python3.12/site-packages/airflow/example_dags/example_sensors.py
[2024-04-28T16:11:00.248+0000] {logging_mixin.py:188} INFO - [2024-04-28T16:11:00.248+0000] {dag.py:3096} INFO - Sync 1 DAGs
[2024-04-28T16:11:00.258+0000] {logging_mixin.py:188} INFO - [2024-04-28T16:11:00.258+0000] {dag.py:3954} INFO - Setting next_dagrun for example_sensors to None, run_after=None
[2024-04-28T16:11:00.273+0000] {processor.py:183} INFO - Processing /home/airflow/.local/lib/python3.12/site-packages/airflow/example_dags/example_sensors.py took 0.059 seconds
[2024-04-28T16:11:30.880+0000] {processor.py:161} INFO - Started process (PID=726) to work on /home/airflow/.local/lib/python3.12/site-packages/airflow/example_dags/example_sensors.py
[2024-04-28T16:11:30.881+0000] {processor.py:830} INFO - Processing file /home/airflow/.local/lib/python3.12/site-packages/airflow/example_dags/example_sensors.py for tasks to queue
[2024-04-28T16:11:30.883+0000] {logging_mixin.py:188} INFO - [2024-04-28T16:11:30.882+0000] {dagbag.py:540} INFO - Filling up the DagBag from /home/airflow/.local/lib/python3.12/site-packages/airflow/example_dags/example_sensors.py
[2024-04-28T16:11:30.890+0000] {processor.py:840} INFO - DAG(s) 'example_sensors' retrieved from /home/airflow/.local/lib/python3.12/site-packages/airflow/example_dags/example_sensors.py
[2024-04-28T16:11:30.912+0000] {logging_mixin.py:188} INFO - [2024-04-28T16:11:30.911+0000] {dag.py:3096} INFO - Sync 1 DAGs
[2024-04-28T16:11:30.922+0000] {logging_mixin.py:188} INFO - [2024-04-28T16:11:30.922+0000] {dag.py:3954} INFO - Setting next_dagrun for example_sensors to None, run_after=None
[2024-04-28T16:11:30.938+0000] {processor.py:183} INFO - Processing /home/airflow/.local/lib/python3.12/site-packages/airflow/example_dags/example_sensors.py took 0.064 seconds
[2024-04-28T16:12:01.480+0000] {processor.py:161} INFO - Started process (PID=786) to work on /home/airflow/.local/lib/python3.12/site-packages/airflow/example_dags/example_sensors.py
[2024-04-28T16:12:01.481+0000] {processor.py:830} INFO - Processing file /home/airflow/.local/lib/python3.12/site-packages/airflow/example_dags/example_sensors.py for tasks to queue
[2024-04-28T16:12:01.482+0000] {logging_mixin.py:188} INFO - [2024-04-28T16:12:01.482+0000] {dagbag.py:540} INFO - Filling up the DagBag from /home/airflow/.local/lib/python3.12/site-packages/airflow/example_dags/example_sensors.py
[2024-04-28T16:12:01.489+0000] {processor.py:840} INFO - DAG(s) 'example_sensors' retrieved from /home/airflow/.local/lib/python3.12/site-packages/airflow/example_dags/example_sensors.py
[2024-04-28T16:12:01.510+0000] {logging_mixin.py:188} INFO - [2024-04-28T16:12:01.510+0000] {dag.py:3096} INFO - Sync 1 DAGs
[2024-04-28T16:12:01.520+0000] {logging_mixin.py:188} INFO - [2024-04-28T16:12:01.520+0000] {dag.py:3954} INFO - Setting next_dagrun for example_sensors to None, run_after=None
[2024-04-28T16:12:01.535+0000] {processor.py:183} INFO - Processing /home/airflow/.local/lib/python3.12/site-packages/airflow/example_dags/example_sensors.py took 0.063 seconds
[2024-04-28T16:12:31.980+0000] {processor.py:161} INFO - Started process (PID=846) to work on /home/airflow/.local/lib/python3.12/site-packages/airflow/example_dags/example_sensors.py
[2024-04-28T16:12:31.981+0000] {processor.py:830} INFO - Processing file /home/airflow/.local/lib/python3.12/site-packages/airflow/example_dags/example_sensors.py for tasks to queue
[2024-04-28T16:12:31.983+0000] {logging_mixin.py:188} INFO - [2024-04-28T16:12:31.983+0000] {dagbag.py:540} INFO - Filling up the DagBag from /home/airflow/.local/lib/python3.12/site-packages/airflow/example_dags/example_sensors.py
[2024-04-28T16:12:31.992+0000] {processor.py:840} INFO - DAG(s) 'example_sensors' retrieved from /home/airflow/.local/lib/python3.12/site-packages/airflow/example_dags/example_sensors.py
[2024-04-28T16:12:32.017+0000] {logging_mixin.py:188} INFO - [2024-04-28T16:12:32.016+0000] {dag.py:3096} INFO - Sync 1 DAGs
[2024-04-28T16:12:32.030+0000] {logging_mixin.py:188} INFO - [2024-04-28T16:12:32.029+0000] {dag.py:3954} INFO - Setting next_dagrun for example_sensors to None, run_after=None
[2024-04-28T16:12:32.047+0000] {processor.py:183} INFO - Processing /home/airflow/.local/lib/python3.12/site-packages/airflow/example_dags/example_sensors.py took 0.072 seconds
