[2024-04-28T15:48:54.687+0000] {processor.py:161} INFO - Started process (PID=48) to work on /home/airflow/.local/lib/python3.12/site-packages/airflow/example_dags/example_xcom.py
[2024-04-28T15:48:54.687+0000] {processor.py:830} INFO - Processing file /home/airflow/.local/lib/python3.12/site-packages/airflow/example_dags/example_xcom.py for tasks to queue
[2024-04-28T15:48:54.689+0000] {logging_mixin.py:188} INFO - [2024-04-28T15:48:54.689+0000] {dagbag.py:540} INFO - Filling up the DagBag from /home/airflow/.local/lib/python3.12/site-packages/airflow/example_dags/example_xcom.py
[2024-04-28T15:48:54.696+0000] {processor.py:840} INFO - DAG(s) 'example_xcom' retrieved from /home/airflow/.local/lib/python3.12/site-packages/airflow/example_dags/example_xcom.py
[2024-04-28T15:48:54.798+0000] {logging_mixin.py:188} INFO - [2024-04-28T15:48:54.797+0000] {override.py:1829} INFO - Created Permission View: can delete on DAG:example_xcom
[2024-04-28T15:48:54.806+0000] {logging_mixin.py:188} INFO - [2024-04-28T15:48:54.806+0000] {override.py:1829} INFO - Created Permission View: can edit on DAG:example_xcom
[2024-04-28T15:48:54.812+0000] {logging_mixin.py:188} INFO - [2024-04-28T15:48:54.812+0000] {override.py:1829} INFO - Created Permission View: can read on DAG:example_xcom
[2024-04-28T15:48:54.812+0000] {logging_mixin.py:188} INFO - [2024-04-28T15:48:54.812+0000] {dag.py:3096} INFO - Sync 1 DAGs
[2024-04-28T15:48:54.822+0000] {logging_mixin.py:188} INFO - [2024-04-28T15:48:54.822+0000] {dag.py:3118} INFO - Creating ORM DAG for example_xcom
[2024-04-28T15:48:54.831+0000] {logging_mixin.py:188} INFO - [2024-04-28T15:48:54.830+0000] {dag.py:3954} INFO - Setting next_dagrun for example_xcom to 2021-01-01 00:00:00+00:00, run_after=2021-01-01 00:00:00+00:00
[2024-04-28T15:48:54.846+0000] {processor.py:183} INFO - Processing /home/airflow/.local/lib/python3.12/site-packages/airflow/example_dags/example_xcom.py took 0.164 seconds
[2024-04-28T15:49:26.424+0000] {processor.py:161} INFO - Started process (PID=106) to work on /home/airflow/.local/lib/python3.12/site-packages/airflow/example_dags/example_xcom.py
[2024-04-28T15:49:26.437+0000] {processor.py:830} INFO - Processing file /home/airflow/.local/lib/python3.12/site-packages/airflow/example_dags/example_xcom.py for tasks to queue
[2024-04-28T15:49:26.438+0000] {logging_mixin.py:188} INFO - [2024-04-28T15:49:26.438+0000] {dagbag.py:540} INFO - Filling up the DagBag from /home/airflow/.local/lib/python3.12/site-packages/airflow/example_dags/example_xcom.py
[2024-04-28T15:49:26.446+0000] {processor.py:840} INFO - DAG(s) 'example_xcom' retrieved from /home/airflow/.local/lib/python3.12/site-packages/airflow/example_dags/example_xcom.py
[2024-04-28T15:49:26.466+0000] {logging_mixin.py:188} INFO - [2024-04-28T15:49:26.466+0000] {dag.py:3096} INFO - Sync 1 DAGs
[2024-04-28T15:49:26.486+0000] {logging_mixin.py:188} INFO - [2024-04-28T15:49:26.485+0000] {dag.py:3954} INFO - Setting next_dagrun for example_xcom to 2021-01-01 00:00:00+00:00, run_after=2021-01-01 00:00:00+00:00
[2024-04-28T15:49:26.736+0000] {processor.py:183} INFO - Processing /home/airflow/.local/lib/python3.12/site-packages/airflow/example_dags/example_xcom.py took 0.317 seconds
[2024-04-28T15:49:57.053+0000] {processor.py:161} INFO - Started process (PID=164) to work on /home/airflow/.local/lib/python3.12/site-packages/airflow/example_dags/example_xcom.py
[2024-04-28T15:49:57.054+0000] {processor.py:830} INFO - Processing file /home/airflow/.local/lib/python3.12/site-packages/airflow/example_dags/example_xcom.py for tasks to queue
[2024-04-28T15:49:57.056+0000] {logging_mixin.py:188} INFO - [2024-04-28T15:49:57.056+0000] {dagbag.py:540} INFO - Filling up the DagBag from /home/airflow/.local/lib/python3.12/site-packages/airflow/example_dags/example_xcom.py
[2024-04-28T15:49:57.063+0000] {processor.py:840} INFO - DAG(s) 'example_xcom' retrieved from /home/airflow/.local/lib/python3.12/site-packages/airflow/example_dags/example_xcom.py
[2024-04-28T15:49:57.081+0000] {logging_mixin.py:188} INFO - [2024-04-28T15:49:57.080+0000] {dag.py:3096} INFO - Sync 1 DAGs
[2024-04-28T15:49:57.101+0000] {logging_mixin.py:188} INFO - [2024-04-28T15:49:57.101+0000] {dag.py:3954} INFO - Setting next_dagrun for example_xcom to 2021-01-01 00:00:00+00:00, run_after=2021-01-01 00:00:00+00:00
[2024-04-28T15:49:57.122+0000] {processor.py:183} INFO - Processing /home/airflow/.local/lib/python3.12/site-packages/airflow/example_dags/example_xcom.py took 0.073 seconds
[2024-04-28T15:50:27.882+0000] {processor.py:161} INFO - Started process (PID=222) to work on /home/airflow/.local/lib/python3.12/site-packages/airflow/example_dags/example_xcom.py
[2024-04-28T15:50:27.883+0000] {processor.py:830} INFO - Processing file /home/airflow/.local/lib/python3.12/site-packages/airflow/example_dags/example_xcom.py for tasks to queue
[2024-04-28T15:50:27.885+0000] {logging_mixin.py:188} INFO - [2024-04-28T15:50:27.884+0000] {dagbag.py:540} INFO - Filling up the DagBag from /home/airflow/.local/lib/python3.12/site-packages/airflow/example_dags/example_xcom.py
[2024-04-28T15:50:27.891+0000] {processor.py:840} INFO - DAG(s) 'example_xcom' retrieved from /home/airflow/.local/lib/python3.12/site-packages/airflow/example_dags/example_xcom.py
[2024-04-28T15:50:27.909+0000] {logging_mixin.py:188} INFO - [2024-04-28T15:50:27.909+0000] {dag.py:3096} INFO - Sync 1 DAGs
[2024-04-28T15:50:27.926+0000] {logging_mixin.py:188} INFO - [2024-04-28T15:50:27.925+0000] {dag.py:3954} INFO - Setting next_dagrun for example_xcom to 2021-01-01 00:00:00+00:00, run_after=2021-01-01 00:00:00+00:00
[2024-04-28T15:50:27.943+0000] {processor.py:183} INFO - Processing /home/airflow/.local/lib/python3.12/site-packages/airflow/example_dags/example_xcom.py took 0.066 seconds
[2024-04-28T15:50:58.409+0000] {processor.py:161} INFO - Started process (PID=280) to work on /home/airflow/.local/lib/python3.12/site-packages/airflow/example_dags/example_xcom.py
[2024-04-28T15:50:58.410+0000] {processor.py:830} INFO - Processing file /home/airflow/.local/lib/python3.12/site-packages/airflow/example_dags/example_xcom.py for tasks to queue
[2024-04-28T15:50:58.412+0000] {logging_mixin.py:188} INFO - [2024-04-28T15:50:58.412+0000] {dagbag.py:540} INFO - Filling up the DagBag from /home/airflow/.local/lib/python3.12/site-packages/airflow/example_dags/example_xcom.py
[2024-04-28T15:50:58.419+0000] {processor.py:840} INFO - DAG(s) 'example_xcom' retrieved from /home/airflow/.local/lib/python3.12/site-packages/airflow/example_dags/example_xcom.py
[2024-04-28T15:50:58.436+0000] {logging_mixin.py:188} INFO - [2024-04-28T15:50:58.436+0000] {dag.py:3096} INFO - Sync 1 DAGs
[2024-04-28T15:50:58.453+0000] {logging_mixin.py:188} INFO - [2024-04-28T15:50:58.453+0000] {dag.py:3954} INFO - Setting next_dagrun for example_xcom to 2021-01-01 00:00:00+00:00, run_after=2021-01-01 00:00:00+00:00
[2024-04-28T15:50:58.470+0000] {processor.py:183} INFO - Processing /home/airflow/.local/lib/python3.12/site-packages/airflow/example_dags/example_xcom.py took 0.066 seconds
[2024-04-28T15:51:28.996+0000] {processor.py:161} INFO - Started process (PID=338) to work on /home/airflow/.local/lib/python3.12/site-packages/airflow/example_dags/example_xcom.py
[2024-04-28T15:51:28.999+0000] {processor.py:830} INFO - Processing file /home/airflow/.local/lib/python3.12/site-packages/airflow/example_dags/example_xcom.py for tasks to queue
[2024-04-28T15:51:29.002+0000] {logging_mixin.py:188} INFO - [2024-04-28T15:51:29.001+0000] {dagbag.py:540} INFO - Filling up the DagBag from /home/airflow/.local/lib/python3.12/site-packages/airflow/example_dags/example_xcom.py
[2024-04-28T15:51:29.011+0000] {processor.py:840} INFO - DAG(s) 'example_xcom' retrieved from /home/airflow/.local/lib/python3.12/site-packages/airflow/example_dags/example_xcom.py
[2024-04-28T15:51:29.033+0000] {logging_mixin.py:188} INFO - [2024-04-28T15:51:29.033+0000] {dag.py:3096} INFO - Sync 1 DAGs
[2024-04-28T15:51:29.104+0000] {logging_mixin.py:188} INFO - [2024-04-28T15:51:29.104+0000] {dag.py:3954} INFO - Setting next_dagrun for example_xcom to 2021-01-01 00:00:00+00:00, run_after=2021-01-01 00:00:00+00:00
[2024-04-28T15:51:29.146+0000] {processor.py:183} INFO - Processing /home/airflow/.local/lib/python3.12/site-packages/airflow/example_dags/example_xcom.py took 0.157 seconds
[2024-04-28T15:53:32.153+0000] {processor.py:161} INFO - Started process (PID=50) to work on /home/airflow/.local/lib/python3.12/site-packages/airflow/example_dags/example_xcom.py
[2024-04-28T15:53:32.154+0000] {processor.py:830} INFO - Processing file /home/airflow/.local/lib/python3.12/site-packages/airflow/example_dags/example_xcom.py for tasks to queue
[2024-04-28T15:53:32.155+0000] {logging_mixin.py:188} INFO - [2024-04-28T15:53:32.155+0000] {dagbag.py:540} INFO - Filling up the DagBag from /home/airflow/.local/lib/python3.12/site-packages/airflow/example_dags/example_xcom.py
[2024-04-28T15:53:32.161+0000] {processor.py:840} INFO - DAG(s) 'example_xcom' retrieved from /home/airflow/.local/lib/python3.12/site-packages/airflow/example_dags/example_xcom.py
[2024-04-28T15:53:32.170+0000] {logging_mixin.py:188} INFO - [2024-04-28T15:53:32.170+0000] {dag.py:3096} INFO - Sync 1 DAGs
[2024-04-28T15:53:32.188+0000] {logging_mixin.py:188} INFO - [2024-04-28T15:53:32.188+0000] {dag.py:3954} INFO - Setting next_dagrun for example_xcom to 2021-01-01 00:00:00+00:00, run_after=2021-01-01 00:00:00+00:00
[2024-04-28T15:53:32.207+0000] {processor.py:183} INFO - Processing /home/airflow/.local/lib/python3.12/site-packages/airflow/example_dags/example_xcom.py took 0.059 seconds
[2024-04-28T15:54:02.416+0000] {processor.py:161} INFO - Started process (PID=108) to work on /home/airflow/.local/lib/python3.12/site-packages/airflow/example_dags/example_xcom.py
[2024-04-28T15:54:02.417+0000] {processor.py:830} INFO - Processing file /home/airflow/.local/lib/python3.12/site-packages/airflow/example_dags/example_xcom.py for tasks to queue
[2024-04-28T15:54:02.418+0000] {logging_mixin.py:188} INFO - [2024-04-28T15:54:02.418+0000] {dagbag.py:540} INFO - Filling up the DagBag from /home/airflow/.local/lib/python3.12/site-packages/airflow/example_dags/example_xcom.py
[2024-04-28T15:54:02.424+0000] {processor.py:840} INFO - DAG(s) 'example_xcom' retrieved from /home/airflow/.local/lib/python3.12/site-packages/airflow/example_dags/example_xcom.py
[2024-04-28T15:54:02.508+0000] {logging_mixin.py:188} INFO - [2024-04-28T15:54:02.508+0000] {dag.py:3096} INFO - Sync 1 DAGs
[2024-04-28T15:54:02.524+0000] {logging_mixin.py:188} INFO - [2024-04-28T15:54:02.523+0000] {dag.py:3954} INFO - Setting next_dagrun for example_xcom to 2021-01-01 00:00:00+00:00, run_after=2021-01-01 00:00:00+00:00
[2024-04-28T15:54:02.540+0000] {processor.py:183} INFO - Processing /home/airflow/.local/lib/python3.12/site-packages/airflow/example_dags/example_xcom.py took 0.129 seconds
[2024-04-28T15:54:33.380+0000] {processor.py:161} INFO - Started process (PID=176) to work on /home/airflow/.local/lib/python3.12/site-packages/airflow/example_dags/example_xcom.py
[2024-04-28T15:54:33.380+0000] {processor.py:830} INFO - Processing file /home/airflow/.local/lib/python3.12/site-packages/airflow/example_dags/example_xcom.py for tasks to queue
[2024-04-28T15:54:33.382+0000] {logging_mixin.py:188} INFO - [2024-04-28T15:54:33.382+0000] {dagbag.py:540} INFO - Filling up the DagBag from /home/airflow/.local/lib/python3.12/site-packages/airflow/example_dags/example_xcom.py
[2024-04-28T15:54:33.390+0000] {processor.py:840} INFO - DAG(s) 'example_xcom' retrieved from /home/airflow/.local/lib/python3.12/site-packages/airflow/example_dags/example_xcom.py
[2024-04-28T15:54:33.407+0000] {logging_mixin.py:188} INFO - [2024-04-28T15:54:33.407+0000] {dag.py:3096} INFO - Sync 1 DAGs
[2024-04-28T15:54:33.426+0000] {logging_mixin.py:188} INFO - [2024-04-28T15:54:33.426+0000] {dag.py:3954} INFO - Setting next_dagrun for example_xcom to 2021-01-01 00:00:00+00:00, run_after=2021-01-01 00:00:00+00:00
[2024-04-28T15:54:33.446+0000] {processor.py:183} INFO - Processing /home/airflow/.local/lib/python3.12/site-packages/airflow/example_dags/example_xcom.py took 0.071 seconds
[2024-04-28T15:55:03.502+0000] {processor.py:161} INFO - Started process (PID=236) to work on /home/airflow/.local/lib/python3.12/site-packages/airflow/example_dags/example_xcom.py
[2024-04-28T15:55:03.503+0000] {processor.py:830} INFO - Processing file /home/airflow/.local/lib/python3.12/site-packages/airflow/example_dags/example_xcom.py for tasks to queue
[2024-04-28T15:55:03.505+0000] {logging_mixin.py:188} INFO - [2024-04-28T15:55:03.505+0000] {dagbag.py:540} INFO - Filling up the DagBag from /home/airflow/.local/lib/python3.12/site-packages/airflow/example_dags/example_xcom.py
[2024-04-28T15:55:03.511+0000] {processor.py:840} INFO - DAG(s) 'example_xcom' retrieved from /home/airflow/.local/lib/python3.12/site-packages/airflow/example_dags/example_xcom.py
[2024-04-28T15:55:03.529+0000] {logging_mixin.py:188} INFO - [2024-04-28T15:55:03.529+0000] {dag.py:3096} INFO - Sync 1 DAGs
[2024-04-28T15:55:03.547+0000] {logging_mixin.py:188} INFO - [2024-04-28T15:55:03.547+0000] {dag.py:3954} INFO - Setting next_dagrun for example_xcom to 2021-01-01 00:00:00+00:00, run_after=2021-01-01 00:00:00+00:00
[2024-04-28T15:55:03.563+0000] {processor.py:183} INFO - Processing /home/airflow/.local/lib/python3.12/site-packages/airflow/example_dags/example_xcom.py took 0.066 seconds
[2024-04-28T15:55:33.638+0000] {processor.py:161} INFO - Started process (PID=296) to work on /home/airflow/.local/lib/python3.12/site-packages/airflow/example_dags/example_xcom.py
[2024-04-28T15:55:33.639+0000] {processor.py:830} INFO - Processing file /home/airflow/.local/lib/python3.12/site-packages/airflow/example_dags/example_xcom.py for tasks to queue
[2024-04-28T15:55:33.640+0000] {logging_mixin.py:188} INFO - [2024-04-28T15:55:33.640+0000] {dagbag.py:540} INFO - Filling up the DagBag from /home/airflow/.local/lib/python3.12/site-packages/airflow/example_dags/example_xcom.py
[2024-04-28T15:55:33.646+0000] {processor.py:840} INFO - DAG(s) 'example_xcom' retrieved from /home/airflow/.local/lib/python3.12/site-packages/airflow/example_dags/example_xcom.py
[2024-04-28T15:55:33.664+0000] {logging_mixin.py:188} INFO - [2024-04-28T15:55:33.664+0000] {dag.py:3096} INFO - Sync 1 DAGs
[2024-04-28T15:55:33.682+0000] {logging_mixin.py:188} INFO - [2024-04-28T15:55:33.681+0000] {dag.py:3954} INFO - Setting next_dagrun for example_xcom to 2021-01-01 00:00:00+00:00, run_after=2021-01-01 00:00:00+00:00
[2024-04-28T15:55:33.704+0000] {processor.py:183} INFO - Processing /home/airflow/.local/lib/python3.12/site-packages/airflow/example_dags/example_xcom.py took 0.071 seconds
[2024-04-28T15:56:03.821+0000] {processor.py:161} INFO - Started process (PID=356) to work on /home/airflow/.local/lib/python3.12/site-packages/airflow/example_dags/example_xcom.py
[2024-04-28T15:56:03.822+0000] {processor.py:830} INFO - Processing file /home/airflow/.local/lib/python3.12/site-packages/airflow/example_dags/example_xcom.py for tasks to queue
[2024-04-28T15:56:03.824+0000] {logging_mixin.py:188} INFO - [2024-04-28T15:56:03.823+0000] {dagbag.py:540} INFO - Filling up the DagBag from /home/airflow/.local/lib/python3.12/site-packages/airflow/example_dags/example_xcom.py
[2024-04-28T15:56:03.830+0000] {processor.py:840} INFO - DAG(s) 'example_xcom' retrieved from /home/airflow/.local/lib/python3.12/site-packages/airflow/example_dags/example_xcom.py
[2024-04-28T15:56:03.845+0000] {logging_mixin.py:188} INFO - [2024-04-28T15:56:03.845+0000] {dag.py:3096} INFO - Sync 1 DAGs
[2024-04-28T15:56:03.863+0000] {logging_mixin.py:188} INFO - [2024-04-28T15:56:03.863+0000] {dag.py:3954} INFO - Setting next_dagrun for example_xcom to 2021-01-01 00:00:00+00:00, run_after=2021-01-01 00:00:00+00:00
[2024-04-28T15:56:03.877+0000] {processor.py:183} INFO - Processing /home/airflow/.local/lib/python3.12/site-packages/airflow/example_dags/example_xcom.py took 0.060 seconds
[2024-04-28T15:56:34.144+0000] {processor.py:161} INFO - Started process (PID=416) to work on /home/airflow/.local/lib/python3.12/site-packages/airflow/example_dags/example_xcom.py
[2024-04-28T15:56:34.145+0000] {processor.py:830} INFO - Processing file /home/airflow/.local/lib/python3.12/site-packages/airflow/example_dags/example_xcom.py for tasks to queue
[2024-04-28T15:56:34.146+0000] {logging_mixin.py:188} INFO - [2024-04-28T15:56:34.146+0000] {dagbag.py:540} INFO - Filling up the DagBag from /home/airflow/.local/lib/python3.12/site-packages/airflow/example_dags/example_xcom.py
[2024-04-28T15:56:34.152+0000] {processor.py:840} INFO - DAG(s) 'example_xcom' retrieved from /home/airflow/.local/lib/python3.12/site-packages/airflow/example_dags/example_xcom.py
[2024-04-28T15:56:34.171+0000] {logging_mixin.py:188} INFO - [2024-04-28T15:56:34.170+0000] {dag.py:3096} INFO - Sync 1 DAGs
[2024-04-28T15:56:34.194+0000] {logging_mixin.py:188} INFO - [2024-04-28T15:56:34.193+0000] {dag.py:3954} INFO - Setting next_dagrun for example_xcom to 2021-01-01 00:00:00+00:00, run_after=2021-01-01 00:00:00+00:00
[2024-04-28T15:56:34.212+0000] {processor.py:183} INFO - Processing /home/airflow/.local/lib/python3.12/site-packages/airflow/example_dags/example_xcom.py took 0.073 seconds
[2024-04-28T15:57:04.864+0000] {processor.py:161} INFO - Started process (PID=476) to work on /home/airflow/.local/lib/python3.12/site-packages/airflow/example_dags/example_xcom.py
[2024-04-28T15:57:04.865+0000] {processor.py:830} INFO - Processing file /home/airflow/.local/lib/python3.12/site-packages/airflow/example_dags/example_xcom.py for tasks to queue
[2024-04-28T15:57:04.866+0000] {logging_mixin.py:188} INFO - [2024-04-28T15:57:04.866+0000] {dagbag.py:540} INFO - Filling up the DagBag from /home/airflow/.local/lib/python3.12/site-packages/airflow/example_dags/example_xcom.py
[2024-04-28T15:57:04.873+0000] {processor.py:840} INFO - DAG(s) 'example_xcom' retrieved from /home/airflow/.local/lib/python3.12/site-packages/airflow/example_dags/example_xcom.py
[2024-04-28T15:57:04.889+0000] {logging_mixin.py:188} INFO - [2024-04-28T15:57:04.889+0000] {dag.py:3096} INFO - Sync 1 DAGs
[2024-04-28T15:57:04.908+0000] {logging_mixin.py:188} INFO - [2024-04-28T15:57:04.908+0000] {dag.py:3954} INFO - Setting next_dagrun for example_xcom to 2021-01-01 00:00:00+00:00, run_after=2021-01-01 00:00:00+00:00
[2024-04-28T15:57:04.925+0000] {processor.py:183} INFO - Processing /home/airflow/.local/lib/python3.12/site-packages/airflow/example_dags/example_xcom.py took 0.066 seconds
[2024-04-28T15:57:35.290+0000] {processor.py:161} INFO - Started process (PID=536) to work on /home/airflow/.local/lib/python3.12/site-packages/airflow/example_dags/example_xcom.py
[2024-04-28T15:57:35.291+0000] {processor.py:830} INFO - Processing file /home/airflow/.local/lib/python3.12/site-packages/airflow/example_dags/example_xcom.py for tasks to queue
[2024-04-28T15:57:35.292+0000] {logging_mixin.py:188} INFO - [2024-04-28T15:57:35.292+0000] {dagbag.py:540} INFO - Filling up the DagBag from /home/airflow/.local/lib/python3.12/site-packages/airflow/example_dags/example_xcom.py
[2024-04-28T15:57:35.298+0000] {processor.py:840} INFO - DAG(s) 'example_xcom' retrieved from /home/airflow/.local/lib/python3.12/site-packages/airflow/example_dags/example_xcom.py
[2024-04-28T15:57:35.315+0000] {logging_mixin.py:188} INFO - [2024-04-28T15:57:35.315+0000] {dag.py:3096} INFO - Sync 1 DAGs
[2024-04-28T15:57:35.331+0000] {logging_mixin.py:188} INFO - [2024-04-28T15:57:35.330+0000] {dag.py:3954} INFO - Setting next_dagrun for example_xcom to 2021-01-01 00:00:00+00:00, run_after=2021-01-01 00:00:00+00:00
[2024-04-28T15:57:35.346+0000] {processor.py:183} INFO - Processing /home/airflow/.local/lib/python3.12/site-packages/airflow/example_dags/example_xcom.py took 0.060 seconds
[2024-04-28T15:58:05.608+0000] {processor.py:161} INFO - Started process (PID=596) to work on /home/airflow/.local/lib/python3.12/site-packages/airflow/example_dags/example_xcom.py
[2024-04-28T15:58:05.610+0000] {processor.py:830} INFO - Processing file /home/airflow/.local/lib/python3.12/site-packages/airflow/example_dags/example_xcom.py for tasks to queue
[2024-04-28T15:58:05.611+0000] {logging_mixin.py:188} INFO - [2024-04-28T15:58:05.611+0000] {dagbag.py:540} INFO - Filling up the DagBag from /home/airflow/.local/lib/python3.12/site-packages/airflow/example_dags/example_xcom.py
[2024-04-28T15:58:05.617+0000] {processor.py:840} INFO - DAG(s) 'example_xcom' retrieved from /home/airflow/.local/lib/python3.12/site-packages/airflow/example_dags/example_xcom.py
[2024-04-28T15:58:05.633+0000] {logging_mixin.py:188} INFO - [2024-04-28T15:58:05.633+0000] {dag.py:3096} INFO - Sync 1 DAGs
[2024-04-28T15:58:05.648+0000] {logging_mixin.py:188} INFO - [2024-04-28T15:58:05.648+0000] {dag.py:3954} INFO - Setting next_dagrun for example_xcom to 2021-01-01 00:00:00+00:00, run_after=2021-01-01 00:00:00+00:00
[2024-04-28T15:58:05.664+0000] {processor.py:183} INFO - Processing /home/airflow/.local/lib/python3.12/site-packages/airflow/example_dags/example_xcom.py took 0.060 seconds
[2024-04-28T15:58:36.161+0000] {processor.py:161} INFO - Started process (PID=656) to work on /home/airflow/.local/lib/python3.12/site-packages/airflow/example_dags/example_xcom.py
[2024-04-28T15:58:36.162+0000] {processor.py:830} INFO - Processing file /home/airflow/.local/lib/python3.12/site-packages/airflow/example_dags/example_xcom.py for tasks to queue
[2024-04-28T15:58:36.163+0000] {logging_mixin.py:188} INFO - [2024-04-28T15:58:36.163+0000] {dagbag.py:540} INFO - Filling up the DagBag from /home/airflow/.local/lib/python3.12/site-packages/airflow/example_dags/example_xcom.py
[2024-04-28T15:58:36.169+0000] {processor.py:840} INFO - DAG(s) 'example_xcom' retrieved from /home/airflow/.local/lib/python3.12/site-packages/airflow/example_dags/example_xcom.py
[2024-04-28T15:58:36.184+0000] {logging_mixin.py:188} INFO - [2024-04-28T15:58:36.184+0000] {dag.py:3096} INFO - Sync 1 DAGs
[2024-04-28T15:58:36.201+0000] {logging_mixin.py:188} INFO - [2024-04-28T15:58:36.201+0000] {dag.py:3954} INFO - Setting next_dagrun for example_xcom to 2021-01-01 00:00:00+00:00, run_after=2021-01-01 00:00:00+00:00
[2024-04-28T15:58:36.217+0000] {processor.py:183} INFO - Processing /home/airflow/.local/lib/python3.12/site-packages/airflow/example_dags/example_xcom.py took 0.060 seconds
[2024-04-28T15:59:06.752+0000] {processor.py:161} INFO - Started process (PID=716) to work on /home/airflow/.local/lib/python3.12/site-packages/airflow/example_dags/example_xcom.py
[2024-04-28T15:59:06.753+0000] {processor.py:830} INFO - Processing file /home/airflow/.local/lib/python3.12/site-packages/airflow/example_dags/example_xcom.py for tasks to queue
[2024-04-28T15:59:06.754+0000] {logging_mixin.py:188} INFO - [2024-04-28T15:59:06.754+0000] {dagbag.py:540} INFO - Filling up the DagBag from /home/airflow/.local/lib/python3.12/site-packages/airflow/example_dags/example_xcom.py
[2024-04-28T15:59:06.759+0000] {processor.py:840} INFO - DAG(s) 'example_xcom' retrieved from /home/airflow/.local/lib/python3.12/site-packages/airflow/example_dags/example_xcom.py
[2024-04-28T15:59:06.775+0000] {logging_mixin.py:188} INFO - [2024-04-28T15:59:06.774+0000] {dag.py:3096} INFO - Sync 1 DAGs
[2024-04-28T15:59:06.790+0000] {logging_mixin.py:188} INFO - [2024-04-28T15:59:06.790+0000] {dag.py:3954} INFO - Setting next_dagrun for example_xcom to 2021-01-01 00:00:00+00:00, run_after=2021-01-01 00:00:00+00:00
[2024-04-28T15:59:06.807+0000] {processor.py:183} INFO - Processing /home/airflow/.local/lib/python3.12/site-packages/airflow/example_dags/example_xcom.py took 0.059 seconds
[2024-04-28T15:59:37.298+0000] {processor.py:161} INFO - Started process (PID=776) to work on /home/airflow/.local/lib/python3.12/site-packages/airflow/example_dags/example_xcom.py
[2024-04-28T15:59:37.299+0000] {processor.py:830} INFO - Processing file /home/airflow/.local/lib/python3.12/site-packages/airflow/example_dags/example_xcom.py for tasks to queue
[2024-04-28T15:59:37.300+0000] {logging_mixin.py:188} INFO - [2024-04-28T15:59:37.300+0000] {dagbag.py:540} INFO - Filling up the DagBag from /home/airflow/.local/lib/python3.12/site-packages/airflow/example_dags/example_xcom.py
[2024-04-28T15:59:37.306+0000] {processor.py:840} INFO - DAG(s) 'example_xcom' retrieved from /home/airflow/.local/lib/python3.12/site-packages/airflow/example_dags/example_xcom.py
[2024-04-28T15:59:37.322+0000] {logging_mixin.py:188} INFO - [2024-04-28T15:59:37.322+0000] {dag.py:3096} INFO - Sync 1 DAGs
[2024-04-28T15:59:37.337+0000] {logging_mixin.py:188} INFO - [2024-04-28T15:59:37.337+0000] {dag.py:3954} INFO - Setting next_dagrun for example_xcom to 2021-01-01 00:00:00+00:00, run_after=2021-01-01 00:00:00+00:00
[2024-04-28T15:59:37.352+0000] {processor.py:183} INFO - Processing /home/airflow/.local/lib/python3.12/site-packages/airflow/example_dags/example_xcom.py took 0.059 seconds
[2024-04-28T16:00:07.912+0000] {processor.py:161} INFO - Started process (PID=836) to work on /home/airflow/.local/lib/python3.12/site-packages/airflow/example_dags/example_xcom.py
[2024-04-28T16:00:07.913+0000] {processor.py:830} INFO - Processing file /home/airflow/.local/lib/python3.12/site-packages/airflow/example_dags/example_xcom.py for tasks to queue
[2024-04-28T16:00:07.915+0000] {logging_mixin.py:188} INFO - [2024-04-28T16:00:07.914+0000] {dagbag.py:540} INFO - Filling up the DagBag from /home/airflow/.local/lib/python3.12/site-packages/airflow/example_dags/example_xcom.py
[2024-04-28T16:00:07.921+0000] {processor.py:840} INFO - DAG(s) 'example_xcom' retrieved from /home/airflow/.local/lib/python3.12/site-packages/airflow/example_dags/example_xcom.py
[2024-04-28T16:00:07.937+0000] {logging_mixin.py:188} INFO - [2024-04-28T16:00:07.937+0000] {dag.py:3096} INFO - Sync 1 DAGs
[2024-04-28T16:00:07.954+0000] {logging_mixin.py:188} INFO - [2024-04-28T16:00:07.953+0000] {dag.py:3954} INFO - Setting next_dagrun for example_xcom to 2021-01-01 00:00:00+00:00, run_after=2021-01-01 00:00:00+00:00
[2024-04-28T16:00:07.973+0000] {processor.py:183} INFO - Processing /home/airflow/.local/lib/python3.12/site-packages/airflow/example_dags/example_xcom.py took 0.066 seconds
[2024-04-28T16:00:38.397+0000] {processor.py:161} INFO - Started process (PID=896) to work on /home/airflow/.local/lib/python3.12/site-packages/airflow/example_dags/example_xcom.py
[2024-04-28T16:00:38.398+0000] {processor.py:830} INFO - Processing file /home/airflow/.local/lib/python3.12/site-packages/airflow/example_dags/example_xcom.py for tasks to queue
[2024-04-28T16:00:38.399+0000] {logging_mixin.py:188} INFO - [2024-04-28T16:00:38.399+0000] {dagbag.py:540} INFO - Filling up the DagBag from /home/airflow/.local/lib/python3.12/site-packages/airflow/example_dags/example_xcom.py
[2024-04-28T16:00:38.406+0000] {processor.py:840} INFO - DAG(s) 'example_xcom' retrieved from /home/airflow/.local/lib/python3.12/site-packages/airflow/example_dags/example_xcom.py
[2024-04-28T16:00:38.423+0000] {logging_mixin.py:188} INFO - [2024-04-28T16:00:38.423+0000] {dag.py:3096} INFO - Sync 1 DAGs
[2024-04-28T16:00:38.441+0000] {logging_mixin.py:188} INFO - [2024-04-28T16:00:38.440+0000] {dag.py:3954} INFO - Setting next_dagrun for example_xcom to 2021-01-01 00:00:00+00:00, run_after=2021-01-01 00:00:00+00:00
[2024-04-28T16:00:38.458+0000] {processor.py:183} INFO - Processing /home/airflow/.local/lib/python3.12/site-packages/airflow/example_dags/example_xcom.py took 0.066 seconds
[2024-04-28T16:05:53.525+0000] {processor.py:161} INFO - Started process (PID=50) to work on /home/airflow/.local/lib/python3.12/site-packages/airflow/example_dags/example_xcom.py
[2024-04-28T16:05:53.526+0000] {processor.py:830} INFO - Processing file /home/airflow/.local/lib/python3.12/site-packages/airflow/example_dags/example_xcom.py for tasks to queue
[2024-04-28T16:05:53.528+0000] {logging_mixin.py:188} INFO - [2024-04-28T16:05:53.528+0000] {dagbag.py:540} INFO - Filling up the DagBag from /home/airflow/.local/lib/python3.12/site-packages/airflow/example_dags/example_xcom.py
[2024-04-28T16:05:53.534+0000] {processor.py:840} INFO - DAG(s) 'example_xcom' retrieved from /home/airflow/.local/lib/python3.12/site-packages/airflow/example_dags/example_xcom.py
[2024-04-28T16:05:53.544+0000] {logging_mixin.py:188} INFO - [2024-04-28T16:05:53.544+0000] {dag.py:3096} INFO - Sync 1 DAGs
[2024-04-28T16:05:53.561+0000] {logging_mixin.py:188} INFO - [2024-04-28T16:05:53.561+0000] {dag.py:3954} INFO - Setting next_dagrun for example_xcom to 2021-01-01 00:00:00+00:00, run_after=2021-01-01 00:00:00+00:00
[2024-04-28T16:05:53.577+0000] {processor.py:183} INFO - Processing /home/airflow/.local/lib/python3.12/site-packages/airflow/example_dags/example_xcom.py took 0.057 seconds
[2024-04-28T16:06:23.913+0000] {processor.py:161} INFO - Started process (PID=108) to work on /home/airflow/.local/lib/python3.12/site-packages/airflow/example_dags/example_xcom.py
[2024-04-28T16:06:23.914+0000] {processor.py:830} INFO - Processing file /home/airflow/.local/lib/python3.12/site-packages/airflow/example_dags/example_xcom.py for tasks to queue
[2024-04-28T16:06:23.915+0000] {logging_mixin.py:188} INFO - [2024-04-28T16:06:23.915+0000] {dagbag.py:540} INFO - Filling up the DagBag from /home/airflow/.local/lib/python3.12/site-packages/airflow/example_dags/example_xcom.py
[2024-04-28T16:06:23.921+0000] {processor.py:840} INFO - DAG(s) 'example_xcom' retrieved from /home/airflow/.local/lib/python3.12/site-packages/airflow/example_dags/example_xcom.py
[2024-04-28T16:06:24.006+0000] {logging_mixin.py:188} INFO - [2024-04-28T16:06:24.006+0000] {dag.py:3096} INFO - Sync 1 DAGs
[2024-04-28T16:06:24.021+0000] {logging_mixin.py:188} INFO - [2024-04-28T16:06:24.021+0000] {dag.py:3954} INFO - Setting next_dagrun for example_xcom to 2021-01-01 00:00:00+00:00, run_after=2021-01-01 00:00:00+00:00
[2024-04-28T16:06:24.037+0000] {processor.py:183} INFO - Processing /home/airflow/.local/lib/python3.12/site-packages/airflow/example_dags/example_xcom.py took 0.130 seconds
[2024-04-28T16:06:54.069+0000] {processor.py:161} INFO - Started process (PID=172) to work on /home/airflow/.local/lib/python3.12/site-packages/airflow/example_dags/example_xcom.py
[2024-04-28T16:06:54.070+0000] {processor.py:830} INFO - Processing file /home/airflow/.local/lib/python3.12/site-packages/airflow/example_dags/example_xcom.py for tasks to queue
[2024-04-28T16:06:54.071+0000] {logging_mixin.py:188} INFO - [2024-04-28T16:06:54.071+0000] {dagbag.py:540} INFO - Filling up the DagBag from /home/airflow/.local/lib/python3.12/site-packages/airflow/example_dags/example_xcom.py
[2024-04-28T16:06:54.077+0000] {processor.py:840} INFO - DAG(s) 'example_xcom' retrieved from /home/airflow/.local/lib/python3.12/site-packages/airflow/example_dags/example_xcom.py
[2024-04-28T16:06:54.093+0000] {logging_mixin.py:188} INFO - [2024-04-28T16:06:54.093+0000] {dag.py:3096} INFO - Sync 1 DAGs
[2024-04-28T16:06:54.109+0000] {logging_mixin.py:188} INFO - [2024-04-28T16:06:54.109+0000] {dag.py:3954} INFO - Setting next_dagrun for example_xcom to 2021-01-01 00:00:00+00:00, run_after=2021-01-01 00:00:00+00:00
[2024-04-28T16:06:54.125+0000] {processor.py:183} INFO - Processing /home/airflow/.local/lib/python3.12/site-packages/airflow/example_dags/example_xcom.py took 0.061 seconds
[2024-04-28T16:07:24.406+0000] {processor.py:161} INFO - Started process (PID=232) to work on /home/airflow/.local/lib/python3.12/site-packages/airflow/example_dags/example_xcom.py
[2024-04-28T16:07:24.407+0000] {processor.py:830} INFO - Processing file /home/airflow/.local/lib/python3.12/site-packages/airflow/example_dags/example_xcom.py for tasks to queue
[2024-04-28T16:07:24.408+0000] {logging_mixin.py:188} INFO - [2024-04-28T16:07:24.408+0000] {dagbag.py:540} INFO - Filling up the DagBag from /home/airflow/.local/lib/python3.12/site-packages/airflow/example_dags/example_xcom.py
[2024-04-28T16:07:24.414+0000] {processor.py:840} INFO - DAG(s) 'example_xcom' retrieved from /home/airflow/.local/lib/python3.12/site-packages/airflow/example_dags/example_xcom.py
[2024-04-28T16:07:24.431+0000] {logging_mixin.py:188} INFO - [2024-04-28T16:07:24.430+0000] {dag.py:3096} INFO - Sync 1 DAGs
[2024-04-28T16:07:24.447+0000] {logging_mixin.py:188} INFO - [2024-04-28T16:07:24.447+0000] {dag.py:3954} INFO - Setting next_dagrun for example_xcom to 2021-01-01 00:00:00+00:00, run_after=2021-01-01 00:00:00+00:00
[2024-04-28T16:07:24.462+0000] {processor.py:183} INFO - Processing /home/airflow/.local/lib/python3.12/site-packages/airflow/example_dags/example_xcom.py took 0.060 seconds
[2024-04-28T16:07:54.953+0000] {processor.py:161} INFO - Started process (PID=292) to work on /home/airflow/.local/lib/python3.12/site-packages/airflow/example_dags/example_xcom.py
[2024-04-28T16:07:54.954+0000] {processor.py:830} INFO - Processing file /home/airflow/.local/lib/python3.12/site-packages/airflow/example_dags/example_xcom.py for tasks to queue
[2024-04-28T16:07:54.955+0000] {logging_mixin.py:188} INFO - [2024-04-28T16:07:54.955+0000] {dagbag.py:540} INFO - Filling up the DagBag from /home/airflow/.local/lib/python3.12/site-packages/airflow/example_dags/example_xcom.py
[2024-04-28T16:07:54.962+0000] {processor.py:840} INFO - DAG(s) 'example_xcom' retrieved from /home/airflow/.local/lib/python3.12/site-packages/airflow/example_dags/example_xcom.py
[2024-04-28T16:07:54.982+0000] {logging_mixin.py:188} INFO - [2024-04-28T16:07:54.982+0000] {dag.py:3096} INFO - Sync 1 DAGs
[2024-04-28T16:07:55.002+0000] {logging_mixin.py:188} INFO - [2024-04-28T16:07:55.001+0000] {dag.py:3954} INFO - Setting next_dagrun for example_xcom to 2021-01-01 00:00:00+00:00, run_after=2021-01-01 00:00:00+00:00
[2024-04-28T16:07:55.023+0000] {processor.py:183} INFO - Processing /home/airflow/.local/lib/python3.12/site-packages/airflow/example_dags/example_xcom.py took 0.075 seconds
[2024-04-28T16:08:25.674+0000] {processor.py:161} INFO - Started process (PID=352) to work on /home/airflow/.local/lib/python3.12/site-packages/airflow/example_dags/example_xcom.py
[2024-04-28T16:08:25.675+0000] {processor.py:830} INFO - Processing file /home/airflow/.local/lib/python3.12/site-packages/airflow/example_dags/example_xcom.py for tasks to queue
[2024-04-28T16:08:25.676+0000] {logging_mixin.py:188} INFO - [2024-04-28T16:08:25.676+0000] {dagbag.py:540} INFO - Filling up the DagBag from /home/airflow/.local/lib/python3.12/site-packages/airflow/example_dags/example_xcom.py
[2024-04-28T16:08:25.683+0000] {processor.py:840} INFO - DAG(s) 'example_xcom' retrieved from /home/airflow/.local/lib/python3.12/site-packages/airflow/example_dags/example_xcom.py
[2024-04-28T16:08:25.701+0000] {logging_mixin.py:188} INFO - [2024-04-28T16:08:25.700+0000] {dag.py:3096} INFO - Sync 1 DAGs
[2024-04-28T16:08:25.720+0000] {logging_mixin.py:188} INFO - [2024-04-28T16:08:25.720+0000] {dag.py:3954} INFO - Setting next_dagrun for example_xcom to 2021-01-01 00:00:00+00:00, run_after=2021-01-01 00:00:00+00:00
[2024-04-28T16:08:25.740+0000] {processor.py:183} INFO - Processing /home/airflow/.local/lib/python3.12/site-packages/airflow/example_dags/example_xcom.py took 0.071 seconds
[2024-04-28T16:08:56.225+0000] {processor.py:161} INFO - Started process (PID=412) to work on /home/airflow/.local/lib/python3.12/site-packages/airflow/example_dags/example_xcom.py
[2024-04-28T16:08:56.226+0000] {processor.py:830} INFO - Processing file /home/airflow/.local/lib/python3.12/site-packages/airflow/example_dags/example_xcom.py for tasks to queue
[2024-04-28T16:08:56.228+0000] {logging_mixin.py:188} INFO - [2024-04-28T16:08:56.227+0000] {dagbag.py:540} INFO - Filling up the DagBag from /home/airflow/.local/lib/python3.12/site-packages/airflow/example_dags/example_xcom.py
[2024-04-28T16:08:56.235+0000] {processor.py:840} INFO - DAG(s) 'example_xcom' retrieved from /home/airflow/.local/lib/python3.12/site-packages/airflow/example_dags/example_xcom.py
[2024-04-28T16:08:56.253+0000] {logging_mixin.py:188} INFO - [2024-04-28T16:08:56.253+0000] {dag.py:3096} INFO - Sync 1 DAGs
[2024-04-28T16:08:56.270+0000] {logging_mixin.py:188} INFO - [2024-04-28T16:08:56.270+0000] {dag.py:3954} INFO - Setting next_dagrun for example_xcom to 2021-01-01 00:00:00+00:00, run_after=2021-01-01 00:00:00+00:00
[2024-04-28T16:08:56.285+0000] {processor.py:183} INFO - Processing /home/airflow/.local/lib/python3.12/site-packages/airflow/example_dags/example_xcom.py took 0.064 seconds
[2024-04-28T16:09:26.464+0000] {processor.py:161} INFO - Started process (PID=472) to work on /home/airflow/.local/lib/python3.12/site-packages/airflow/example_dags/example_xcom.py
[2024-04-28T16:09:26.465+0000] {processor.py:830} INFO - Processing file /home/airflow/.local/lib/python3.12/site-packages/airflow/example_dags/example_xcom.py for tasks to queue
[2024-04-28T16:09:26.467+0000] {logging_mixin.py:188} INFO - [2024-04-28T16:09:26.466+0000] {dagbag.py:540} INFO - Filling up the DagBag from /home/airflow/.local/lib/python3.12/site-packages/airflow/example_dags/example_xcom.py
[2024-04-28T16:09:26.473+0000] {processor.py:840} INFO - DAG(s) 'example_xcom' retrieved from /home/airflow/.local/lib/python3.12/site-packages/airflow/example_dags/example_xcom.py
[2024-04-28T16:09:26.489+0000] {logging_mixin.py:188} INFO - [2024-04-28T16:09:26.489+0000] {dag.py:3096} INFO - Sync 1 DAGs
[2024-04-28T16:09:26.505+0000] {logging_mixin.py:188} INFO - [2024-04-28T16:09:26.505+0000] {dag.py:3954} INFO - Setting next_dagrun for example_xcom to 2021-01-01 00:00:00+00:00, run_after=2021-01-01 00:00:00+00:00
[2024-04-28T16:09:26.520+0000] {processor.py:183} INFO - Processing /home/airflow/.local/lib/python3.12/site-packages/airflow/example_dags/example_xcom.py took 0.061 seconds
[2024-04-28T16:09:56.862+0000] {processor.py:161} INFO - Started process (PID=532) to work on /home/airflow/.local/lib/python3.12/site-packages/airflow/example_dags/example_xcom.py
[2024-04-28T16:09:56.863+0000] {processor.py:830} INFO - Processing file /home/airflow/.local/lib/python3.12/site-packages/airflow/example_dags/example_xcom.py for tasks to queue
[2024-04-28T16:09:56.865+0000] {logging_mixin.py:188} INFO - [2024-04-28T16:09:56.864+0000] {dagbag.py:540} INFO - Filling up the DagBag from /home/airflow/.local/lib/python3.12/site-packages/airflow/example_dags/example_xcom.py
[2024-04-28T16:09:56.871+0000] {processor.py:840} INFO - DAG(s) 'example_xcom' retrieved from /home/airflow/.local/lib/python3.12/site-packages/airflow/example_dags/example_xcom.py
[2024-04-28T16:09:56.888+0000] {logging_mixin.py:188} INFO - [2024-04-28T16:09:56.888+0000] {dag.py:3096} INFO - Sync 1 DAGs
[2024-04-28T16:09:56.907+0000] {logging_mixin.py:188} INFO - [2024-04-28T16:09:56.907+0000] {dag.py:3954} INFO - Setting next_dagrun for example_xcom to 2021-01-01 00:00:00+00:00, run_after=2021-01-01 00:00:00+00:00
[2024-04-28T16:09:56.928+0000] {processor.py:183} INFO - Processing /home/airflow/.local/lib/python3.12/site-packages/airflow/example_dags/example_xcom.py took 0.071 seconds
[2024-04-28T16:10:27.373+0000] {processor.py:161} INFO - Started process (PID=592) to work on /home/airflow/.local/lib/python3.12/site-packages/airflow/example_dags/example_xcom.py
[2024-04-28T16:10:27.374+0000] {processor.py:830} INFO - Processing file /home/airflow/.local/lib/python3.12/site-packages/airflow/example_dags/example_xcom.py for tasks to queue
[2024-04-28T16:10:27.376+0000] {logging_mixin.py:188} INFO - [2024-04-28T16:10:27.376+0000] {dagbag.py:540} INFO - Filling up the DagBag from /home/airflow/.local/lib/python3.12/site-packages/airflow/example_dags/example_xcom.py
[2024-04-28T16:10:27.382+0000] {processor.py:840} INFO - DAG(s) 'example_xcom' retrieved from /home/airflow/.local/lib/python3.12/site-packages/airflow/example_dags/example_xcom.py
[2024-04-28T16:10:27.399+0000] {logging_mixin.py:188} INFO - [2024-04-28T16:10:27.399+0000] {dag.py:3096} INFO - Sync 1 DAGs
[2024-04-28T16:10:27.415+0000] {logging_mixin.py:188} INFO - [2024-04-28T16:10:27.415+0000] {dag.py:3954} INFO - Setting next_dagrun for example_xcom to 2021-01-01 00:00:00+00:00, run_after=2021-01-01 00:00:00+00:00
[2024-04-28T16:10:27.431+0000] {processor.py:183} INFO - Processing /home/airflow/.local/lib/python3.12/site-packages/airflow/example_dags/example_xcom.py took 0.062 seconds
[2024-04-28T16:10:57.722+0000] {processor.py:161} INFO - Started process (PID=652) to work on /home/airflow/.local/lib/python3.12/site-packages/airflow/example_dags/example_xcom.py
[2024-04-28T16:10:57.723+0000] {processor.py:830} INFO - Processing file /home/airflow/.local/lib/python3.12/site-packages/airflow/example_dags/example_xcom.py for tasks to queue
[2024-04-28T16:10:57.724+0000] {logging_mixin.py:188} INFO - [2024-04-28T16:10:57.724+0000] {dagbag.py:540} INFO - Filling up the DagBag from /home/airflow/.local/lib/python3.12/site-packages/airflow/example_dags/example_xcom.py
[2024-04-28T16:10:57.730+0000] {processor.py:840} INFO - DAG(s) 'example_xcom' retrieved from /home/airflow/.local/lib/python3.12/site-packages/airflow/example_dags/example_xcom.py
[2024-04-28T16:10:57.747+0000] {logging_mixin.py:188} INFO - [2024-04-28T16:10:57.747+0000] {dag.py:3096} INFO - Sync 1 DAGs
[2024-04-28T16:10:57.764+0000] {logging_mixin.py:188} INFO - [2024-04-28T16:10:57.764+0000] {dag.py:3954} INFO - Setting next_dagrun for example_xcom to 2021-01-01 00:00:00+00:00, run_after=2021-01-01 00:00:00+00:00
[2024-04-28T16:10:57.777+0000] {processor.py:183} INFO - Processing /home/airflow/.local/lib/python3.12/site-packages/airflow/example_dags/example_xcom.py took 0.060 seconds
[2024-04-28T16:11:28.303+0000] {processor.py:161} INFO - Started process (PID=712) to work on /home/airflow/.local/lib/python3.12/site-packages/airflow/example_dags/example_xcom.py
[2024-04-28T16:11:28.304+0000] {processor.py:830} INFO - Processing file /home/airflow/.local/lib/python3.12/site-packages/airflow/example_dags/example_xcom.py for tasks to queue
[2024-04-28T16:11:28.305+0000] {logging_mixin.py:188} INFO - [2024-04-28T16:11:28.305+0000] {dagbag.py:540} INFO - Filling up the DagBag from /home/airflow/.local/lib/python3.12/site-packages/airflow/example_dags/example_xcom.py
[2024-04-28T16:11:28.312+0000] {processor.py:840} INFO - DAG(s) 'example_xcom' retrieved from /home/airflow/.local/lib/python3.12/site-packages/airflow/example_dags/example_xcom.py
[2024-04-28T16:11:28.333+0000] {logging_mixin.py:188} INFO - [2024-04-28T16:11:28.333+0000] {dag.py:3096} INFO - Sync 1 DAGs
[2024-04-28T16:11:28.357+0000] {logging_mixin.py:188} INFO - [2024-04-28T16:11:28.356+0000] {dag.py:3954} INFO - Setting next_dagrun for example_xcom to 2021-01-01 00:00:00+00:00, run_after=2021-01-01 00:00:00+00:00
[2024-04-28T16:11:28.378+0000] {processor.py:183} INFO - Processing /home/airflow/.local/lib/python3.12/site-packages/airflow/example_dags/example_xcom.py took 0.081 seconds
[2024-04-28T16:11:58.847+0000] {processor.py:161} INFO - Started process (PID=772) to work on /home/airflow/.local/lib/python3.12/site-packages/airflow/example_dags/example_xcom.py
[2024-04-28T16:11:58.848+0000] {processor.py:830} INFO - Processing file /home/airflow/.local/lib/python3.12/site-packages/airflow/example_dags/example_xcom.py for tasks to queue
[2024-04-28T16:11:58.849+0000] {logging_mixin.py:188} INFO - [2024-04-28T16:11:58.849+0000] {dagbag.py:540} INFO - Filling up the DagBag from /home/airflow/.local/lib/python3.12/site-packages/airflow/example_dags/example_xcom.py
[2024-04-28T16:11:58.855+0000] {processor.py:840} INFO - DAG(s) 'example_xcom' retrieved from /home/airflow/.local/lib/python3.12/site-packages/airflow/example_dags/example_xcom.py
[2024-04-28T16:11:58.871+0000] {logging_mixin.py:188} INFO - [2024-04-28T16:11:58.871+0000] {dag.py:3096} INFO - Sync 1 DAGs
[2024-04-28T16:11:58.887+0000] {logging_mixin.py:188} INFO - [2024-04-28T16:11:58.887+0000] {dag.py:3954} INFO - Setting next_dagrun for example_xcom to 2021-01-01 00:00:00+00:00, run_after=2021-01-01 00:00:00+00:00
[2024-04-28T16:11:58.902+0000] {processor.py:183} INFO - Processing /home/airflow/.local/lib/python3.12/site-packages/airflow/example_dags/example_xcom.py took 0.059 seconds
[2024-04-28T16:12:29.376+0000] {processor.py:161} INFO - Started process (PID=832) to work on /home/airflow/.local/lib/python3.12/site-packages/airflow/example_dags/example_xcom.py
[2024-04-28T16:12:29.377+0000] {processor.py:830} INFO - Processing file /home/airflow/.local/lib/python3.12/site-packages/airflow/example_dags/example_xcom.py for tasks to queue
[2024-04-28T16:12:29.379+0000] {logging_mixin.py:188} INFO - [2024-04-28T16:12:29.378+0000] {dagbag.py:540} INFO - Filling up the DagBag from /home/airflow/.local/lib/python3.12/site-packages/airflow/example_dags/example_xcom.py
[2024-04-28T16:12:29.385+0000] {processor.py:840} INFO - DAG(s) 'example_xcom' retrieved from /home/airflow/.local/lib/python3.12/site-packages/airflow/example_dags/example_xcom.py
[2024-04-28T16:12:29.403+0000] {logging_mixin.py:188} INFO - [2024-04-28T16:12:29.403+0000] {dag.py:3096} INFO - Sync 1 DAGs
[2024-04-28T16:12:29.420+0000] {logging_mixin.py:188} INFO - [2024-04-28T16:12:29.420+0000] {dag.py:3954} INFO - Setting next_dagrun for example_xcom to 2021-01-01 00:00:00+00:00, run_after=2021-01-01 00:00:00+00:00
[2024-04-28T16:12:29.436+0000] {processor.py:183} INFO - Processing /home/airflow/.local/lib/python3.12/site-packages/airflow/example_dags/example_xcom.py took 0.064 seconds
