[2024-04-28T15:48:58.036+0000] {processor.py:161} INFO - Started process (PID=82) to work on /home/airflow/.local/lib/python3.12/site-packages/airflow/example_dags/example_short_circuit_operator.py
[2024-04-28T15:48:58.037+0000] {processor.py:830} INFO - Processing file /home/airflow/.local/lib/python3.12/site-packages/airflow/example_dags/example_short_circuit_operator.py for tasks to queue
[2024-04-28T15:48:58.038+0000] {logging_mixin.py:188} INFO - [2024-04-28T15:48:58.038+0000] {dagbag.py:540} INFO - Filling up the DagBag from /home/airflow/.local/lib/python3.12/site-packages/airflow/example_dags/example_short_circuit_operator.py
[2024-04-28T15:48:58.046+0000] {processor.py:840} INFO - DAG(s) 'example_short_circuit_operator' retrieved from /home/airflow/.local/lib/python3.12/site-packages/airflow/example_dags/example_short_circuit_operator.py
[2024-04-28T15:48:58.124+0000] {logging_mixin.py:188} INFO - [2024-04-28T15:48:58.123+0000] {override.py:1829} INFO - Created Permission View: can delete on DAG:example_short_circuit_operator
[2024-04-28T15:48:58.132+0000] {logging_mixin.py:188} INFO - [2024-04-28T15:48:58.131+0000] {override.py:1829} INFO - Created Permission View: can edit on DAG:example_short_circuit_operator
[2024-04-28T15:48:58.136+0000] {logging_mixin.py:188} INFO - [2024-04-28T15:48:58.136+0000] {override.py:1829} INFO - Created Permission View: can read on DAG:example_short_circuit_operator
[2024-04-28T15:48:58.137+0000] {logging_mixin.py:188} INFO - [2024-04-28T15:48:58.137+0000] {dag.py:3096} INFO - Sync 1 DAGs
[2024-04-28T15:48:58.145+0000] {logging_mixin.py:188} INFO - [2024-04-28T15:48:58.144+0000] {dag.py:3118} INFO - Creating ORM DAG for example_short_circuit_operator
[2024-04-28T15:48:58.152+0000] {logging_mixin.py:188} INFO - [2024-04-28T15:48:58.152+0000] {dag.py:3954} INFO - Setting next_dagrun for example_short_circuit_operator to 2024-04-27 00:00:00+00:00, run_after=2024-04-28 00:00:00+00:00
[2024-04-28T15:48:58.167+0000] {processor.py:183} INFO - Processing /home/airflow/.local/lib/python3.12/site-packages/airflow/example_dags/example_short_circuit_operator.py took 0.135 seconds
[2024-04-28T15:49:29.087+0000] {processor.py:161} INFO - Started process (PID=140) to work on /home/airflow/.local/lib/python3.12/site-packages/airflow/example_dags/example_short_circuit_operator.py
[2024-04-28T15:49:29.088+0000] {processor.py:830} INFO - Processing file /home/airflow/.local/lib/python3.12/site-packages/airflow/example_dags/example_short_circuit_operator.py for tasks to queue
[2024-04-28T15:49:29.090+0000] {logging_mixin.py:188} INFO - [2024-04-28T15:49:29.090+0000] {dagbag.py:540} INFO - Filling up the DagBag from /home/airflow/.local/lib/python3.12/site-packages/airflow/example_dags/example_short_circuit_operator.py
[2024-04-28T15:49:29.096+0000] {processor.py:840} INFO - DAG(s) 'example_short_circuit_operator' retrieved from /home/airflow/.local/lib/python3.12/site-packages/airflow/example_dags/example_short_circuit_operator.py
[2024-04-28T15:49:29.115+0000] {logging_mixin.py:188} INFO - [2024-04-28T15:49:29.114+0000] {dag.py:3096} INFO - Sync 1 DAGs
[2024-04-28T15:49:29.134+0000] {logging_mixin.py:188} INFO - [2024-04-28T15:49:29.134+0000] {dag.py:3954} INFO - Setting next_dagrun for example_short_circuit_operator to 2024-04-27 00:00:00+00:00, run_after=2024-04-28 00:00:00+00:00
[2024-04-28T15:49:29.150+0000] {processor.py:183} INFO - Processing /home/airflow/.local/lib/python3.12/site-packages/airflow/example_dags/example_short_circuit_operator.py took 0.068 seconds
[2024-04-28T15:49:59.842+0000] {processor.py:161} INFO - Started process (PID=198) to work on /home/airflow/.local/lib/python3.12/site-packages/airflow/example_dags/example_short_circuit_operator.py
[2024-04-28T15:49:59.844+0000] {processor.py:830} INFO - Processing file /home/airflow/.local/lib/python3.12/site-packages/airflow/example_dags/example_short_circuit_operator.py for tasks to queue
[2024-04-28T15:49:59.847+0000] {logging_mixin.py:188} INFO - [2024-04-28T15:49:59.846+0000] {dagbag.py:540} INFO - Filling up the DagBag from /home/airflow/.local/lib/python3.12/site-packages/airflow/example_dags/example_short_circuit_operator.py
[2024-04-28T15:49:59.855+0000] {processor.py:840} INFO - DAG(s) 'example_short_circuit_operator' retrieved from /home/airflow/.local/lib/python3.12/site-packages/airflow/example_dags/example_short_circuit_operator.py
[2024-04-28T15:49:59.883+0000] {logging_mixin.py:188} INFO - [2024-04-28T15:49:59.882+0000] {dag.py:3096} INFO - Sync 1 DAGs
[2024-04-28T15:49:59.910+0000] {logging_mixin.py:188} INFO - [2024-04-28T15:49:59.910+0000] {dag.py:3954} INFO - Setting next_dagrun for example_short_circuit_operator to 2024-04-27 00:00:00+00:00, run_after=2024-04-28 00:00:00+00:00
[2024-04-28T15:49:59.932+0000] {processor.py:183} INFO - Processing /home/airflow/.local/lib/python3.12/site-packages/airflow/example_dags/example_short_circuit_operator.py took 0.097 seconds
[2024-04-28T15:50:30.546+0000] {processor.py:161} INFO - Started process (PID=256) to work on /home/airflow/.local/lib/python3.12/site-packages/airflow/example_dags/example_short_circuit_operator.py
[2024-04-28T15:50:30.547+0000] {processor.py:830} INFO - Processing file /home/airflow/.local/lib/python3.12/site-packages/airflow/example_dags/example_short_circuit_operator.py for tasks to queue
[2024-04-28T15:50:30.548+0000] {logging_mixin.py:188} INFO - [2024-04-28T15:50:30.548+0000] {dagbag.py:540} INFO - Filling up the DagBag from /home/airflow/.local/lib/python3.12/site-packages/airflow/example_dags/example_short_circuit_operator.py
[2024-04-28T15:50:30.555+0000] {processor.py:840} INFO - DAG(s) 'example_short_circuit_operator' retrieved from /home/airflow/.local/lib/python3.12/site-packages/airflow/example_dags/example_short_circuit_operator.py
[2024-04-28T15:50:30.578+0000] {logging_mixin.py:188} INFO - [2024-04-28T15:50:30.577+0000] {dag.py:3096} INFO - Sync 1 DAGs
[2024-04-28T15:50:30.599+0000] {logging_mixin.py:188} INFO - [2024-04-28T15:50:30.599+0000] {dag.py:3954} INFO - Setting next_dagrun for example_short_circuit_operator to 2024-04-27 00:00:00+00:00, run_after=2024-04-28 00:00:00+00:00
[2024-04-28T15:50:30.618+0000] {processor.py:183} INFO - Processing /home/airflow/.local/lib/python3.12/site-packages/airflow/example_dags/example_short_circuit_operator.py took 0.078 seconds
[2024-04-28T15:51:01.100+0000] {processor.py:161} INFO - Started process (PID=314) to work on /home/airflow/.local/lib/python3.12/site-packages/airflow/example_dags/example_short_circuit_operator.py
[2024-04-28T15:51:01.101+0000] {processor.py:830} INFO - Processing file /home/airflow/.local/lib/python3.12/site-packages/airflow/example_dags/example_short_circuit_operator.py for tasks to queue
[2024-04-28T15:51:01.104+0000] {logging_mixin.py:188} INFO - [2024-04-28T15:51:01.103+0000] {dagbag.py:540} INFO - Filling up the DagBag from /home/airflow/.local/lib/python3.12/site-packages/airflow/example_dags/example_short_circuit_operator.py
[2024-04-28T15:51:01.110+0000] {processor.py:840} INFO - DAG(s) 'example_short_circuit_operator' retrieved from /home/airflow/.local/lib/python3.12/site-packages/airflow/example_dags/example_short_circuit_operator.py
[2024-04-28T15:51:01.133+0000] {logging_mixin.py:188} INFO - [2024-04-28T15:51:01.132+0000] {dag.py:3096} INFO - Sync 1 DAGs
[2024-04-28T15:51:01.155+0000] {logging_mixin.py:188} INFO - [2024-04-28T15:51:01.155+0000] {dag.py:3954} INFO - Setting next_dagrun for example_short_circuit_operator to 2024-04-27 00:00:00+00:00, run_after=2024-04-28 00:00:00+00:00
[2024-04-28T15:51:01.173+0000] {processor.py:183} INFO - Processing /home/airflow/.local/lib/python3.12/site-packages/airflow/example_dags/example_short_circuit_operator.py took 0.079 seconds
[2024-04-28T15:51:32.403+0000] {processor.py:161} INFO - Started process (PID=372) to work on /home/airflow/.local/lib/python3.12/site-packages/airflow/example_dags/example_short_circuit_operator.py
[2024-04-28T15:51:32.405+0000] {processor.py:830} INFO - Processing file /home/airflow/.local/lib/python3.12/site-packages/airflow/example_dags/example_short_circuit_operator.py for tasks to queue
[2024-04-28T15:51:32.407+0000] {logging_mixin.py:188} INFO - [2024-04-28T15:51:32.406+0000] {dagbag.py:540} INFO - Filling up the DagBag from /home/airflow/.local/lib/python3.12/site-packages/airflow/example_dags/example_short_circuit_operator.py
[2024-04-28T15:51:32.415+0000] {processor.py:840} INFO - DAG(s) 'example_short_circuit_operator' retrieved from /home/airflow/.local/lib/python3.12/site-packages/airflow/example_dags/example_short_circuit_operator.py
[2024-04-28T15:51:32.440+0000] {logging_mixin.py:188} INFO - [2024-04-28T15:51:32.439+0000] {dag.py:3096} INFO - Sync 1 DAGs
[2024-04-28T15:51:32.470+0000] {logging_mixin.py:188} INFO - [2024-04-28T15:51:32.470+0000] {dag.py:3954} INFO - Setting next_dagrun for example_short_circuit_operator to 2024-04-27 00:00:00+00:00, run_after=2024-04-28 00:00:00+00:00
[2024-04-28T15:51:32.497+0000] {processor.py:183} INFO - Processing /home/airflow/.local/lib/python3.12/site-packages/airflow/example_dags/example_short_circuit_operator.py took 0.101 seconds
[2024-04-28T15:53:34.738+0000] {processor.py:161} INFO - Started process (PID=84) to work on /home/airflow/.local/lib/python3.12/site-packages/airflow/example_dags/example_short_circuit_operator.py
[2024-04-28T15:53:34.739+0000] {processor.py:830} INFO - Processing file /home/airflow/.local/lib/python3.12/site-packages/airflow/example_dags/example_short_circuit_operator.py for tasks to queue
[2024-04-28T15:53:34.740+0000] {logging_mixin.py:188} INFO - [2024-04-28T15:53:34.740+0000] {dagbag.py:540} INFO - Filling up the DagBag from /home/airflow/.local/lib/python3.12/site-packages/airflow/example_dags/example_short_circuit_operator.py
[2024-04-28T15:53:34.746+0000] {processor.py:840} INFO - DAG(s) 'example_short_circuit_operator' retrieved from /home/airflow/.local/lib/python3.12/site-packages/airflow/example_dags/example_short_circuit_operator.py
[2024-04-28T15:53:34.757+0000] {logging_mixin.py:188} INFO - [2024-04-28T15:53:34.756+0000] {dag.py:3096} INFO - Sync 1 DAGs
[2024-04-28T15:53:34.777+0000] {logging_mixin.py:188} INFO - [2024-04-28T15:53:34.777+0000] {dag.py:3954} INFO - Setting next_dagrun for example_short_circuit_operator to 2024-04-27 00:00:00+00:00, run_after=2024-04-28 00:00:00+00:00
[2024-04-28T15:53:34.794+0000] {processor.py:183} INFO - Processing /home/airflow/.local/lib/python3.12/site-packages/airflow/example_dags/example_short_circuit_operator.py took 0.061 seconds
[2024-04-28T15:54:06.445+0000] {processor.py:161} INFO - Started process (PID=144) to work on /home/airflow/.local/lib/python3.12/site-packages/airflow/example_dags/example_short_circuit_operator.py
[2024-04-28T15:54:06.446+0000] {processor.py:830} INFO - Processing file /home/airflow/.local/lib/python3.12/site-packages/airflow/example_dags/example_short_circuit_operator.py for tasks to queue
[2024-04-28T15:54:06.447+0000] {logging_mixin.py:188} INFO - [2024-04-28T15:54:06.447+0000] {dagbag.py:540} INFO - Filling up the DagBag from /home/airflow/.local/lib/python3.12/site-packages/airflow/example_dags/example_short_circuit_operator.py
[2024-04-28T15:54:06.454+0000] {processor.py:840} INFO - DAG(s) 'example_short_circuit_operator' retrieved from /home/airflow/.local/lib/python3.12/site-packages/airflow/example_dags/example_short_circuit_operator.py
[2024-04-28T15:54:06.535+0000] {logging_mixin.py:188} INFO - [2024-04-28T15:54:06.535+0000] {dag.py:3096} INFO - Sync 1 DAGs
[2024-04-28T15:54:06.550+0000] {logging_mixin.py:188} INFO - [2024-04-28T15:54:06.549+0000] {dag.py:3954} INFO - Setting next_dagrun for example_short_circuit_operator to 2024-04-27 00:00:00+00:00, run_after=2024-04-28 00:00:00+00:00
[2024-04-28T15:54:06.572+0000] {processor.py:183} INFO - Processing /home/airflow/.local/lib/python3.12/site-packages/airflow/example_dags/example_short_circuit_operator.py took 0.133 seconds
[2024-04-28T15:54:37.443+0000] {processor.py:161} INFO - Started process (PID=212) to work on /home/airflow/.local/lib/python3.12/site-packages/airflow/example_dags/example_short_circuit_operator.py
[2024-04-28T15:54:37.444+0000] {processor.py:830} INFO - Processing file /home/airflow/.local/lib/python3.12/site-packages/airflow/example_dags/example_short_circuit_operator.py for tasks to queue
[2024-04-28T15:54:37.446+0000] {logging_mixin.py:188} INFO - [2024-04-28T15:54:37.445+0000] {dagbag.py:540} INFO - Filling up the DagBag from /home/airflow/.local/lib/python3.12/site-packages/airflow/example_dags/example_short_circuit_operator.py
[2024-04-28T15:54:37.452+0000] {processor.py:840} INFO - DAG(s) 'example_short_circuit_operator' retrieved from /home/airflow/.local/lib/python3.12/site-packages/airflow/example_dags/example_short_circuit_operator.py
[2024-04-28T15:54:37.470+0000] {logging_mixin.py:188} INFO - [2024-04-28T15:54:37.470+0000] {dag.py:3096} INFO - Sync 1 DAGs
[2024-04-28T15:54:37.491+0000] {logging_mixin.py:188} INFO - [2024-04-28T15:54:37.491+0000] {dag.py:3954} INFO - Setting next_dagrun for example_short_circuit_operator to 2024-04-27 00:00:00+00:00, run_after=2024-04-28 00:00:00+00:00
[2024-04-28T15:54:37.507+0000] {processor.py:183} INFO - Processing /home/airflow/.local/lib/python3.12/site-packages/airflow/example_dags/example_short_circuit_operator.py took 0.069 seconds
[2024-04-28T15:55:08.487+0000] {processor.py:161} INFO - Started process (PID=272) to work on /home/airflow/.local/lib/python3.12/site-packages/airflow/example_dags/example_short_circuit_operator.py
[2024-04-28T15:55:08.488+0000] {processor.py:830} INFO - Processing file /home/airflow/.local/lib/python3.12/site-packages/airflow/example_dags/example_short_circuit_operator.py for tasks to queue
[2024-04-28T15:55:08.490+0000] {logging_mixin.py:188} INFO - [2024-04-28T15:55:08.490+0000] {dagbag.py:540} INFO - Filling up the DagBag from /home/airflow/.local/lib/python3.12/site-packages/airflow/example_dags/example_short_circuit_operator.py
[2024-04-28T15:55:08.496+0000] {processor.py:840} INFO - DAG(s) 'example_short_circuit_operator' retrieved from /home/airflow/.local/lib/python3.12/site-packages/airflow/example_dags/example_short_circuit_operator.py
[2024-04-28T15:55:08.518+0000] {logging_mixin.py:188} INFO - [2024-04-28T15:55:08.518+0000] {dag.py:3096} INFO - Sync 1 DAGs
[2024-04-28T15:55:08.539+0000] {logging_mixin.py:188} INFO - [2024-04-28T15:55:08.538+0000] {dag.py:3954} INFO - Setting next_dagrun for example_short_circuit_operator to 2024-04-27 00:00:00+00:00, run_after=2024-04-28 00:00:00+00:00
[2024-04-28T15:55:08.557+0000] {processor.py:183} INFO - Processing /home/airflow/.local/lib/python3.12/site-packages/airflow/example_dags/example_short_circuit_operator.py took 0.075 seconds
[2024-04-28T15:55:38.600+0000] {processor.py:161} INFO - Started process (PID=331) to work on /home/airflow/.local/lib/python3.12/site-packages/airflow/example_dags/example_short_circuit_operator.py
[2024-04-28T15:55:38.602+0000] {processor.py:830} INFO - Processing file /home/airflow/.local/lib/python3.12/site-packages/airflow/example_dags/example_short_circuit_operator.py for tasks to queue
[2024-04-28T15:55:38.603+0000] {logging_mixin.py:188} INFO - [2024-04-28T15:55:38.603+0000] {dagbag.py:540} INFO - Filling up the DagBag from /home/airflow/.local/lib/python3.12/site-packages/airflow/example_dags/example_short_circuit_operator.py
[2024-04-28T15:55:38.610+0000] {processor.py:840} INFO - DAG(s) 'example_short_circuit_operator' retrieved from /home/airflow/.local/lib/python3.12/site-packages/airflow/example_dags/example_short_circuit_operator.py
[2024-04-28T15:55:38.630+0000] {logging_mixin.py:188} INFO - [2024-04-28T15:55:38.629+0000] {dag.py:3096} INFO - Sync 1 DAGs
[2024-04-28T15:55:38.649+0000] {logging_mixin.py:188} INFO - [2024-04-28T15:55:38.648+0000] {dag.py:3954} INFO - Setting next_dagrun for example_short_circuit_operator to 2024-04-27 00:00:00+00:00, run_after=2024-04-28 00:00:00+00:00
[2024-04-28T15:55:38.668+0000] {processor.py:183} INFO - Processing /home/airflow/.local/lib/python3.12/site-packages/airflow/example_dags/example_short_circuit_operator.py took 0.074 seconds
[2024-04-28T15:56:08.922+0000] {processor.py:161} INFO - Started process (PID=391) to work on /home/airflow/.local/lib/python3.12/site-packages/airflow/example_dags/example_short_circuit_operator.py
[2024-04-28T15:56:08.923+0000] {processor.py:830} INFO - Processing file /home/airflow/.local/lib/python3.12/site-packages/airflow/example_dags/example_short_circuit_operator.py for tasks to queue
[2024-04-28T15:56:08.925+0000] {logging_mixin.py:188} INFO - [2024-04-28T15:56:08.924+0000] {dagbag.py:540} INFO - Filling up the DagBag from /home/airflow/.local/lib/python3.12/site-packages/airflow/example_dags/example_short_circuit_operator.py
[2024-04-28T15:56:08.930+0000] {processor.py:840} INFO - DAG(s) 'example_short_circuit_operator' retrieved from /home/airflow/.local/lib/python3.12/site-packages/airflow/example_dags/example_short_circuit_operator.py
[2024-04-28T15:56:08.947+0000] {logging_mixin.py:188} INFO - [2024-04-28T15:56:08.947+0000] {dag.py:3096} INFO - Sync 1 DAGs
[2024-04-28T15:56:08.964+0000] {logging_mixin.py:188} INFO - [2024-04-28T15:56:08.964+0000] {dag.py:3954} INFO - Setting next_dagrun for example_short_circuit_operator to 2024-04-27 00:00:00+00:00, run_after=2024-04-28 00:00:00+00:00
[2024-04-28T15:56:08.978+0000] {processor.py:183} INFO - Processing /home/airflow/.local/lib/python3.12/site-packages/airflow/example_dags/example_short_circuit_operator.py took 0.060 seconds
[2024-04-28T15:56:40.076+0000] {processor.py:161} INFO - Started process (PID=451) to work on /home/airflow/.local/lib/python3.12/site-packages/airflow/example_dags/example_short_circuit_operator.py
[2024-04-28T15:56:40.077+0000] {processor.py:830} INFO - Processing file /home/airflow/.local/lib/python3.12/site-packages/airflow/example_dags/example_short_circuit_operator.py for tasks to queue
[2024-04-28T15:56:40.078+0000] {logging_mixin.py:188} INFO - [2024-04-28T15:56:40.078+0000] {dagbag.py:540} INFO - Filling up the DagBag from /home/airflow/.local/lib/python3.12/site-packages/airflow/example_dags/example_short_circuit_operator.py
[2024-04-28T15:56:40.084+0000] {processor.py:840} INFO - DAG(s) 'example_short_circuit_operator' retrieved from /home/airflow/.local/lib/python3.12/site-packages/airflow/example_dags/example_short_circuit_operator.py
[2024-04-28T15:56:40.103+0000] {logging_mixin.py:188} INFO - [2024-04-28T15:56:40.103+0000] {dag.py:3096} INFO - Sync 1 DAGs
[2024-04-28T15:56:40.120+0000] {logging_mixin.py:188} INFO - [2024-04-28T15:56:40.120+0000] {dag.py:3954} INFO - Setting next_dagrun for example_short_circuit_operator to 2024-04-27 00:00:00+00:00, run_after=2024-04-28 00:00:00+00:00
[2024-04-28T15:56:40.135+0000] {processor.py:183} INFO - Processing /home/airflow/.local/lib/python3.12/site-packages/airflow/example_dags/example_short_circuit_operator.py took 0.063 seconds
[2024-04-28T15:57:10.507+0000] {processor.py:161} INFO - Started process (PID=511) to work on /home/airflow/.local/lib/python3.12/site-packages/airflow/example_dags/example_short_circuit_operator.py
[2024-04-28T15:57:10.508+0000] {processor.py:830} INFO - Processing file /home/airflow/.local/lib/python3.12/site-packages/airflow/example_dags/example_short_circuit_operator.py for tasks to queue
[2024-04-28T15:57:10.509+0000] {logging_mixin.py:188} INFO - [2024-04-28T15:57:10.509+0000] {dagbag.py:540} INFO - Filling up the DagBag from /home/airflow/.local/lib/python3.12/site-packages/airflow/example_dags/example_short_circuit_operator.py
[2024-04-28T15:57:10.515+0000] {processor.py:840} INFO - DAG(s) 'example_short_circuit_operator' retrieved from /home/airflow/.local/lib/python3.12/site-packages/airflow/example_dags/example_short_circuit_operator.py
[2024-04-28T15:57:10.533+0000] {logging_mixin.py:188} INFO - [2024-04-28T15:57:10.533+0000] {dag.py:3096} INFO - Sync 1 DAGs
[2024-04-28T15:57:10.550+0000] {logging_mixin.py:188} INFO - [2024-04-28T15:57:10.550+0000] {dag.py:3954} INFO - Setting next_dagrun for example_short_circuit_operator to 2024-04-27 00:00:00+00:00, run_after=2024-04-28 00:00:00+00:00
[2024-04-28T15:57:10.565+0000] {processor.py:183} INFO - Processing /home/airflow/.local/lib/python3.12/site-packages/airflow/example_dags/example_short_circuit_operator.py took 0.063 seconds
[2024-04-28T15:57:40.727+0000] {processor.py:161} INFO - Started process (PID=571) to work on /home/airflow/.local/lib/python3.12/site-packages/airflow/example_dags/example_short_circuit_operator.py
[2024-04-28T15:57:40.729+0000] {processor.py:830} INFO - Processing file /home/airflow/.local/lib/python3.12/site-packages/airflow/example_dags/example_short_circuit_operator.py for tasks to queue
[2024-04-28T15:57:40.730+0000] {logging_mixin.py:188} INFO - [2024-04-28T15:57:40.730+0000] {dagbag.py:540} INFO - Filling up the DagBag from /home/airflow/.local/lib/python3.12/site-packages/airflow/example_dags/example_short_circuit_operator.py
[2024-04-28T15:57:40.735+0000] {processor.py:840} INFO - DAG(s) 'example_short_circuit_operator' retrieved from /home/airflow/.local/lib/python3.12/site-packages/airflow/example_dags/example_short_circuit_operator.py
[2024-04-28T15:57:40.752+0000] {logging_mixin.py:188} INFO - [2024-04-28T15:57:40.752+0000] {dag.py:3096} INFO - Sync 1 DAGs
[2024-04-28T15:57:40.768+0000] {logging_mixin.py:188} INFO - [2024-04-28T15:57:40.768+0000] {dag.py:3954} INFO - Setting next_dagrun for example_short_circuit_operator to 2024-04-27 00:00:00+00:00, run_after=2024-04-28 00:00:00+00:00
[2024-04-28T15:57:40.783+0000] {processor.py:183} INFO - Processing /home/airflow/.local/lib/python3.12/site-packages/airflow/example_dags/example_short_circuit_operator.py took 0.060 seconds
[2024-04-28T15:58:11.012+0000] {processor.py:161} INFO - Started process (PID=629) to work on /home/airflow/.local/lib/python3.12/site-packages/airflow/example_dags/example_short_circuit_operator.py
[2024-04-28T15:58:11.013+0000] {processor.py:830} INFO - Processing file /home/airflow/.local/lib/python3.12/site-packages/airflow/example_dags/example_short_circuit_operator.py for tasks to queue
[2024-04-28T15:58:11.015+0000] {logging_mixin.py:188} INFO - [2024-04-28T15:58:11.015+0000] {dagbag.py:540} INFO - Filling up the DagBag from /home/airflow/.local/lib/python3.12/site-packages/airflow/example_dags/example_short_circuit_operator.py
[2024-04-28T15:58:11.021+0000] {processor.py:840} INFO - DAG(s) 'example_short_circuit_operator' retrieved from /home/airflow/.local/lib/python3.12/site-packages/airflow/example_dags/example_short_circuit_operator.py
[2024-04-28T15:58:11.040+0000] {logging_mixin.py:188} INFO - [2024-04-28T15:58:11.040+0000] {dag.py:3096} INFO - Sync 1 DAGs
[2024-04-28T15:58:11.058+0000] {logging_mixin.py:188} INFO - [2024-04-28T15:58:11.058+0000] {dag.py:3954} INFO - Setting next_dagrun for example_short_circuit_operator to 2024-04-27 00:00:00+00:00, run_after=2024-04-28 00:00:00+00:00
[2024-04-28T15:58:11.074+0000] {processor.py:183} INFO - Processing /home/airflow/.local/lib/python3.12/site-packages/airflow/example_dags/example_short_circuit_operator.py took 0.067 seconds
[2024-04-28T15:58:41.477+0000] {processor.py:161} INFO - Started process (PID=689) to work on /home/airflow/.local/lib/python3.12/site-packages/airflow/example_dags/example_short_circuit_operator.py
[2024-04-28T15:58:41.478+0000] {processor.py:830} INFO - Processing file /home/airflow/.local/lib/python3.12/site-packages/airflow/example_dags/example_short_circuit_operator.py for tasks to queue
[2024-04-28T15:58:41.480+0000] {logging_mixin.py:188} INFO - [2024-04-28T15:58:41.480+0000] {dagbag.py:540} INFO - Filling up the DagBag from /home/airflow/.local/lib/python3.12/site-packages/airflow/example_dags/example_short_circuit_operator.py
[2024-04-28T15:58:41.486+0000] {processor.py:840} INFO - DAG(s) 'example_short_circuit_operator' retrieved from /home/airflow/.local/lib/python3.12/site-packages/airflow/example_dags/example_short_circuit_operator.py
[2024-04-28T15:58:41.506+0000] {logging_mixin.py:188} INFO - [2024-04-28T15:58:41.505+0000] {dag.py:3096} INFO - Sync 1 DAGs
[2024-04-28T15:58:41.523+0000] {logging_mixin.py:188} INFO - [2024-04-28T15:58:41.523+0000] {dag.py:3954} INFO - Setting next_dagrun for example_short_circuit_operator to 2024-04-27 00:00:00+00:00, run_after=2024-04-28 00:00:00+00:00
[2024-04-28T15:58:41.540+0000] {processor.py:183} INFO - Processing /home/airflow/.local/lib/python3.12/site-packages/airflow/example_dags/example_short_circuit_operator.py took 0.068 seconds
[2024-04-28T15:59:12.083+0000] {processor.py:161} INFO - Started process (PID=749) to work on /home/airflow/.local/lib/python3.12/site-packages/airflow/example_dags/example_short_circuit_operator.py
[2024-04-28T15:59:12.084+0000] {processor.py:830} INFO - Processing file /home/airflow/.local/lib/python3.12/site-packages/airflow/example_dags/example_short_circuit_operator.py for tasks to queue
[2024-04-28T15:59:12.086+0000] {logging_mixin.py:188} INFO - [2024-04-28T15:59:12.086+0000] {dagbag.py:540} INFO - Filling up the DagBag from /home/airflow/.local/lib/python3.12/site-packages/airflow/example_dags/example_short_circuit_operator.py
[2024-04-28T15:59:12.093+0000] {processor.py:840} INFO - DAG(s) 'example_short_circuit_operator' retrieved from /home/airflow/.local/lib/python3.12/site-packages/airflow/example_dags/example_short_circuit_operator.py
[2024-04-28T15:59:12.113+0000] {logging_mixin.py:188} INFO - [2024-04-28T15:59:12.113+0000] {dag.py:3096} INFO - Sync 1 DAGs
[2024-04-28T15:59:12.134+0000] {logging_mixin.py:188} INFO - [2024-04-28T15:59:12.133+0000] {dag.py:3954} INFO - Setting next_dagrun for example_short_circuit_operator to 2024-04-27 00:00:00+00:00, run_after=2024-04-28 00:00:00+00:00
[2024-04-28T15:59:12.150+0000] {processor.py:183} INFO - Processing /home/airflow/.local/lib/python3.12/site-packages/airflow/example_dags/example_short_circuit_operator.py took 0.072 seconds
[2024-04-28T15:59:42.549+0000] {processor.py:161} INFO - Started process (PID=809) to work on /home/airflow/.local/lib/python3.12/site-packages/airflow/example_dags/example_short_circuit_operator.py
[2024-04-28T15:59:42.550+0000] {processor.py:830} INFO - Processing file /home/airflow/.local/lib/python3.12/site-packages/airflow/example_dags/example_short_circuit_operator.py for tasks to queue
[2024-04-28T15:59:42.552+0000] {logging_mixin.py:188} INFO - [2024-04-28T15:59:42.552+0000] {dagbag.py:540} INFO - Filling up the DagBag from /home/airflow/.local/lib/python3.12/site-packages/airflow/example_dags/example_short_circuit_operator.py
[2024-04-28T15:59:42.557+0000] {processor.py:840} INFO - DAG(s) 'example_short_circuit_operator' retrieved from /home/airflow/.local/lib/python3.12/site-packages/airflow/example_dags/example_short_circuit_operator.py
[2024-04-28T15:59:42.574+0000] {logging_mixin.py:188} INFO - [2024-04-28T15:59:42.574+0000] {dag.py:3096} INFO - Sync 1 DAGs
[2024-04-28T15:59:42.590+0000] {logging_mixin.py:188} INFO - [2024-04-28T15:59:42.590+0000] {dag.py:3954} INFO - Setting next_dagrun for example_short_circuit_operator to 2024-04-27 00:00:00+00:00, run_after=2024-04-28 00:00:00+00:00
[2024-04-28T15:59:42.605+0000] {processor.py:183} INFO - Processing /home/airflow/.local/lib/python3.12/site-packages/airflow/example_dags/example_short_circuit_operator.py took 0.060 seconds
[2024-04-28T16:00:13.180+0000] {processor.py:161} INFO - Started process (PID=869) to work on /home/airflow/.local/lib/python3.12/site-packages/airflow/example_dags/example_short_circuit_operator.py
[2024-04-28T16:00:13.181+0000] {processor.py:830} INFO - Processing file /home/airflow/.local/lib/python3.12/site-packages/airflow/example_dags/example_short_circuit_operator.py for tasks to queue
[2024-04-28T16:00:13.183+0000] {logging_mixin.py:188} INFO - [2024-04-28T16:00:13.183+0000] {dagbag.py:540} INFO - Filling up the DagBag from /home/airflow/.local/lib/python3.12/site-packages/airflow/example_dags/example_short_circuit_operator.py
[2024-04-28T16:00:13.188+0000] {processor.py:840} INFO - DAG(s) 'example_short_circuit_operator' retrieved from /home/airflow/.local/lib/python3.12/site-packages/airflow/example_dags/example_short_circuit_operator.py
[2024-04-28T16:00:13.206+0000] {logging_mixin.py:188} INFO - [2024-04-28T16:00:13.206+0000] {dag.py:3096} INFO - Sync 1 DAGs
[2024-04-28T16:00:13.222+0000] {logging_mixin.py:188} INFO - [2024-04-28T16:00:13.222+0000] {dag.py:3954} INFO - Setting next_dagrun for example_short_circuit_operator to 2024-04-27 00:00:00+00:00, run_after=2024-04-28 00:00:00+00:00
[2024-04-28T16:00:13.238+0000] {processor.py:183} INFO - Processing /home/airflow/.local/lib/python3.12/site-packages/airflow/example_dags/example_short_circuit_operator.py took 0.063 seconds
[2024-04-28T16:00:43.900+0000] {processor.py:161} INFO - Started process (PID=930) to work on /home/airflow/.local/lib/python3.12/site-packages/airflow/example_dags/example_short_circuit_operator.py
[2024-04-28T16:00:43.901+0000] {processor.py:830} INFO - Processing file /home/airflow/.local/lib/python3.12/site-packages/airflow/example_dags/example_short_circuit_operator.py for tasks to queue
[2024-04-28T16:00:43.903+0000] {logging_mixin.py:188} INFO - [2024-04-28T16:00:43.903+0000] {dagbag.py:540} INFO - Filling up the DagBag from /home/airflow/.local/lib/python3.12/site-packages/airflow/example_dags/example_short_circuit_operator.py
[2024-04-28T16:00:43.908+0000] {processor.py:840} INFO - DAG(s) 'example_short_circuit_operator' retrieved from /home/airflow/.local/lib/python3.12/site-packages/airflow/example_dags/example_short_circuit_operator.py
[2024-04-28T16:00:43.929+0000] {logging_mixin.py:188} INFO - [2024-04-28T16:00:43.929+0000] {dag.py:3096} INFO - Sync 1 DAGs
[2024-04-28T16:00:43.950+0000] {logging_mixin.py:188} INFO - [2024-04-28T16:00:43.950+0000] {dag.py:3954} INFO - Setting next_dagrun for example_short_circuit_operator to 2024-04-27 00:00:00+00:00, run_after=2024-04-28 00:00:00+00:00
[2024-04-28T16:00:43.966+0000] {processor.py:183} INFO - Processing /home/airflow/.local/lib/python3.12/site-packages/airflow/example_dags/example_short_circuit_operator.py took 0.072 seconds
[2024-04-28T16:05:54.915+0000] {processor.py:161} INFO - Started process (PID=84) to work on /home/airflow/.local/lib/python3.12/site-packages/airflow/example_dags/example_short_circuit_operator.py
[2024-04-28T16:05:54.916+0000] {processor.py:830} INFO - Processing file /home/airflow/.local/lib/python3.12/site-packages/airflow/example_dags/example_short_circuit_operator.py for tasks to queue
[2024-04-28T16:05:54.917+0000] {logging_mixin.py:188} INFO - [2024-04-28T16:05:54.917+0000] {dagbag.py:540} INFO - Filling up the DagBag from /home/airflow/.local/lib/python3.12/site-packages/airflow/example_dags/example_short_circuit_operator.py
[2024-04-28T16:05:54.922+0000] {processor.py:840} INFO - DAG(s) 'example_short_circuit_operator' retrieved from /home/airflow/.local/lib/python3.12/site-packages/airflow/example_dags/example_short_circuit_operator.py
[2024-04-28T16:05:54.932+0000] {logging_mixin.py:188} INFO - [2024-04-28T16:05:54.932+0000] {dag.py:3096} INFO - Sync 1 DAGs
[2024-04-28T16:05:54.949+0000] {logging_mixin.py:188} INFO - [2024-04-28T16:05:54.949+0000] {dag.py:3954} INFO - Setting next_dagrun for example_short_circuit_operator to 2024-04-27 00:00:00+00:00, run_after=2024-04-28 00:00:00+00:00
[2024-04-28T16:05:54.962+0000] {processor.py:183} INFO - Processing /home/airflow/.local/lib/python3.12/site-packages/airflow/example_dags/example_short_circuit_operator.py took 0.051 seconds
[2024-04-28T16:06:26.827+0000] {processor.py:161} INFO - Started process (PID=144) to work on /home/airflow/.local/lib/python3.12/site-packages/airflow/example_dags/example_short_circuit_operator.py
[2024-04-28T16:06:26.828+0000] {processor.py:830} INFO - Processing file /home/airflow/.local/lib/python3.12/site-packages/airflow/example_dags/example_short_circuit_operator.py for tasks to queue
[2024-04-28T16:06:26.829+0000] {logging_mixin.py:188} INFO - [2024-04-28T16:06:26.829+0000] {dagbag.py:540} INFO - Filling up the DagBag from /home/airflow/.local/lib/python3.12/site-packages/airflow/example_dags/example_short_circuit_operator.py
[2024-04-28T16:06:26.835+0000] {processor.py:840} INFO - DAG(s) 'example_short_circuit_operator' retrieved from /home/airflow/.local/lib/python3.12/site-packages/airflow/example_dags/example_short_circuit_operator.py
[2024-04-28T16:06:26.909+0000] {logging_mixin.py:188} INFO - [2024-04-28T16:06:26.909+0000] {dag.py:3096} INFO - Sync 1 DAGs
[2024-04-28T16:06:26.923+0000] {logging_mixin.py:188} INFO - [2024-04-28T16:06:26.923+0000] {dag.py:3954} INFO - Setting next_dagrun for example_short_circuit_operator to 2024-04-27 00:00:00+00:00, run_after=2024-04-28 00:00:00+00:00
[2024-04-28T16:06:26.938+0000] {processor.py:183} INFO - Processing /home/airflow/.local/lib/python3.12/site-packages/airflow/example_dags/example_short_circuit_operator.py took 0.115 seconds
[2024-04-28T16:06:57.664+0000] {processor.py:161} INFO - Started process (PID=208) to work on /home/airflow/.local/lib/python3.12/site-packages/airflow/example_dags/example_short_circuit_operator.py
[2024-04-28T16:06:57.665+0000] {processor.py:830} INFO - Processing file /home/airflow/.local/lib/python3.12/site-packages/airflow/example_dags/example_short_circuit_operator.py for tasks to queue
[2024-04-28T16:06:57.667+0000] {logging_mixin.py:188} INFO - [2024-04-28T16:06:57.667+0000] {dagbag.py:540} INFO - Filling up the DagBag from /home/airflow/.local/lib/python3.12/site-packages/airflow/example_dags/example_short_circuit_operator.py
[2024-04-28T16:06:57.673+0000] {processor.py:840} INFO - DAG(s) 'example_short_circuit_operator' retrieved from /home/airflow/.local/lib/python3.12/site-packages/airflow/example_dags/example_short_circuit_operator.py
[2024-04-28T16:06:57.690+0000] {logging_mixin.py:188} INFO - [2024-04-28T16:06:57.690+0000] {dag.py:3096} INFO - Sync 1 DAGs
[2024-04-28T16:06:57.707+0000] {logging_mixin.py:188} INFO - [2024-04-28T16:06:57.707+0000] {dag.py:3954} INFO - Setting next_dagrun for example_short_circuit_operator to 2024-04-27 00:00:00+00:00, run_after=2024-04-28 00:00:00+00:00
[2024-04-28T16:06:57.721+0000] {processor.py:183} INFO - Processing /home/airflow/.local/lib/python3.12/site-packages/airflow/example_dags/example_short_circuit_operator.py took 0.061 seconds
[2024-04-28T16:07:28.253+0000] {processor.py:161} INFO - Started process (PID=268) to work on /home/airflow/.local/lib/python3.12/site-packages/airflow/example_dags/example_short_circuit_operator.py
[2024-04-28T16:07:28.254+0000] {processor.py:830} INFO - Processing file /home/airflow/.local/lib/python3.12/site-packages/airflow/example_dags/example_short_circuit_operator.py for tasks to queue
[2024-04-28T16:07:28.255+0000] {logging_mixin.py:188} INFO - [2024-04-28T16:07:28.255+0000] {dagbag.py:540} INFO - Filling up the DagBag from /home/airflow/.local/lib/python3.12/site-packages/airflow/example_dags/example_short_circuit_operator.py
[2024-04-28T16:07:28.261+0000] {processor.py:840} INFO - DAG(s) 'example_short_circuit_operator' retrieved from /home/airflow/.local/lib/python3.12/site-packages/airflow/example_dags/example_short_circuit_operator.py
[2024-04-28T16:07:28.279+0000] {logging_mixin.py:188} INFO - [2024-04-28T16:07:28.279+0000] {dag.py:3096} INFO - Sync 1 DAGs
[2024-04-28T16:07:28.295+0000] {logging_mixin.py:188} INFO - [2024-04-28T16:07:28.295+0000] {dag.py:3954} INFO - Setting next_dagrun for example_short_circuit_operator to 2024-04-27 00:00:00+00:00, run_after=2024-04-28 00:00:00+00:00
[2024-04-28T16:07:28.309+0000] {processor.py:183} INFO - Processing /home/airflow/.local/lib/python3.12/site-packages/airflow/example_dags/example_short_circuit_operator.py took 0.061 seconds
[2024-04-28T16:07:58.758+0000] {processor.py:161} INFO - Started process (PID=328) to work on /home/airflow/.local/lib/python3.12/site-packages/airflow/example_dags/example_short_circuit_operator.py
[2024-04-28T16:07:58.759+0000] {processor.py:830} INFO - Processing file /home/airflow/.local/lib/python3.12/site-packages/airflow/example_dags/example_short_circuit_operator.py for tasks to queue
[2024-04-28T16:07:58.761+0000] {logging_mixin.py:188} INFO - [2024-04-28T16:07:58.761+0000] {dagbag.py:540} INFO - Filling up the DagBag from /home/airflow/.local/lib/python3.12/site-packages/airflow/example_dags/example_short_circuit_operator.py
[2024-04-28T16:07:58.767+0000] {processor.py:840} INFO - DAG(s) 'example_short_circuit_operator' retrieved from /home/airflow/.local/lib/python3.12/site-packages/airflow/example_dags/example_short_circuit_operator.py
[2024-04-28T16:07:58.786+0000] {logging_mixin.py:188} INFO - [2024-04-28T16:07:58.786+0000] {dag.py:3096} INFO - Sync 1 DAGs
[2024-04-28T16:07:58.805+0000] {logging_mixin.py:188} INFO - [2024-04-28T16:07:58.805+0000] {dag.py:3954} INFO - Setting next_dagrun for example_short_circuit_operator to 2024-04-27 00:00:00+00:00, run_after=2024-04-28 00:00:00+00:00
[2024-04-28T16:07:58.821+0000] {processor.py:183} INFO - Processing /home/airflow/.local/lib/python3.12/site-packages/airflow/example_dags/example_short_circuit_operator.py took 0.068 seconds
[2024-04-28T16:08:29.337+0000] {processor.py:161} INFO - Started process (PID=388) to work on /home/airflow/.local/lib/python3.12/site-packages/airflow/example_dags/example_short_circuit_operator.py
[2024-04-28T16:08:29.338+0000] {processor.py:830} INFO - Processing file /home/airflow/.local/lib/python3.12/site-packages/airflow/example_dags/example_short_circuit_operator.py for tasks to queue
[2024-04-28T16:08:29.340+0000] {logging_mixin.py:188} INFO - [2024-04-28T16:08:29.340+0000] {dagbag.py:540} INFO - Filling up the DagBag from /home/airflow/.local/lib/python3.12/site-packages/airflow/example_dags/example_short_circuit_operator.py
[2024-04-28T16:08:29.346+0000] {processor.py:840} INFO - DAG(s) 'example_short_circuit_operator' retrieved from /home/airflow/.local/lib/python3.12/site-packages/airflow/example_dags/example_short_circuit_operator.py
[2024-04-28T16:08:29.367+0000] {logging_mixin.py:188} INFO - [2024-04-28T16:08:29.366+0000] {dag.py:3096} INFO - Sync 1 DAGs
[2024-04-28T16:08:29.387+0000] {logging_mixin.py:188} INFO - [2024-04-28T16:08:29.387+0000] {dag.py:3954} INFO - Setting next_dagrun for example_short_circuit_operator to 2024-04-27 00:00:00+00:00, run_after=2024-04-28 00:00:00+00:00
[2024-04-28T16:08:29.405+0000] {processor.py:183} INFO - Processing /home/airflow/.local/lib/python3.12/site-packages/airflow/example_dags/example_short_circuit_operator.py took 0.072 seconds
[2024-04-28T16:09:00.347+0000] {processor.py:161} INFO - Started process (PID=448) to work on /home/airflow/.local/lib/python3.12/site-packages/airflow/example_dags/example_short_circuit_operator.py
[2024-04-28T16:09:00.348+0000] {processor.py:830} INFO - Processing file /home/airflow/.local/lib/python3.12/site-packages/airflow/example_dags/example_short_circuit_operator.py for tasks to queue
[2024-04-28T16:09:00.350+0000] {logging_mixin.py:188} INFO - [2024-04-28T16:09:00.350+0000] {dagbag.py:540} INFO - Filling up the DagBag from /home/airflow/.local/lib/python3.12/site-packages/airflow/example_dags/example_short_circuit_operator.py
[2024-04-28T16:09:00.356+0000] {processor.py:840} INFO - DAG(s) 'example_short_circuit_operator' retrieved from /home/airflow/.local/lib/python3.12/site-packages/airflow/example_dags/example_short_circuit_operator.py
[2024-04-28T16:09:00.375+0000] {logging_mixin.py:188} INFO - [2024-04-28T16:09:00.375+0000] {dag.py:3096} INFO - Sync 1 DAGs
[2024-04-28T16:09:00.394+0000] {logging_mixin.py:188} INFO - [2024-04-28T16:09:00.393+0000] {dag.py:3954} INFO - Setting next_dagrun for example_short_circuit_operator to 2024-04-27 00:00:00+00:00, run_after=2024-04-28 00:00:00+00:00
[2024-04-28T16:09:00.409+0000] {processor.py:183} INFO - Processing /home/airflow/.local/lib/python3.12/site-packages/airflow/example_dags/example_short_circuit_operator.py took 0.066 seconds
[2024-04-28T16:09:31.044+0000] {processor.py:161} INFO - Started process (PID=508) to work on /home/airflow/.local/lib/python3.12/site-packages/airflow/example_dags/example_short_circuit_operator.py
[2024-04-28T16:09:31.045+0000] {processor.py:830} INFO - Processing file /home/airflow/.local/lib/python3.12/site-packages/airflow/example_dags/example_short_circuit_operator.py for tasks to queue
[2024-04-28T16:09:31.047+0000] {logging_mixin.py:188} INFO - [2024-04-28T16:09:31.047+0000] {dagbag.py:540} INFO - Filling up the DagBag from /home/airflow/.local/lib/python3.12/site-packages/airflow/example_dags/example_short_circuit_operator.py
[2024-04-28T16:09:31.052+0000] {processor.py:840} INFO - DAG(s) 'example_short_circuit_operator' retrieved from /home/airflow/.local/lib/python3.12/site-packages/airflow/example_dags/example_short_circuit_operator.py
[2024-04-28T16:09:31.071+0000] {logging_mixin.py:188} INFO - [2024-04-28T16:09:31.071+0000] {dag.py:3096} INFO - Sync 1 DAGs
[2024-04-28T16:09:31.086+0000] {logging_mixin.py:188} INFO - [2024-04-28T16:09:31.086+0000] {dag.py:3954} INFO - Setting next_dagrun for example_short_circuit_operator to 2024-04-27 00:00:00+00:00, run_after=2024-04-28 00:00:00+00:00
[2024-04-28T16:09:31.102+0000] {processor.py:183} INFO - Processing /home/airflow/.local/lib/python3.12/site-packages/airflow/example_dags/example_short_circuit_operator.py took 0.062 seconds
[2024-04-28T16:10:01.574+0000] {processor.py:161} INFO - Started process (PID=568) to work on /home/airflow/.local/lib/python3.12/site-packages/airflow/example_dags/example_short_circuit_operator.py
[2024-04-28T16:10:01.575+0000] {processor.py:830} INFO - Processing file /home/airflow/.local/lib/python3.12/site-packages/airflow/example_dags/example_short_circuit_operator.py for tasks to queue
[2024-04-28T16:10:01.577+0000] {logging_mixin.py:188} INFO - [2024-04-28T16:10:01.577+0000] {dagbag.py:540} INFO - Filling up the DagBag from /home/airflow/.local/lib/python3.12/site-packages/airflow/example_dags/example_short_circuit_operator.py
[2024-04-28T16:10:01.582+0000] {processor.py:840} INFO - DAG(s) 'example_short_circuit_operator' retrieved from /home/airflow/.local/lib/python3.12/site-packages/airflow/example_dags/example_short_circuit_operator.py
[2024-04-28T16:10:01.601+0000] {logging_mixin.py:188} INFO - [2024-04-28T16:10:01.600+0000] {dag.py:3096} INFO - Sync 1 DAGs
[2024-04-28T16:10:01.616+0000] {logging_mixin.py:188} INFO - [2024-04-28T16:10:01.616+0000] {dag.py:3954} INFO - Setting next_dagrun for example_short_circuit_operator to 2024-04-27 00:00:00+00:00, run_after=2024-04-28 00:00:00+00:00
[2024-04-28T16:10:01.630+0000] {processor.py:183} INFO - Processing /home/airflow/.local/lib/python3.12/site-packages/airflow/example_dags/example_short_circuit_operator.py took 0.060 seconds
[2024-04-28T16:10:31.885+0000] {processor.py:161} INFO - Started process (PID=628) to work on /home/airflow/.local/lib/python3.12/site-packages/airflow/example_dags/example_short_circuit_operator.py
[2024-04-28T16:10:31.886+0000] {processor.py:830} INFO - Processing file /home/airflow/.local/lib/python3.12/site-packages/airflow/example_dags/example_short_circuit_operator.py for tasks to queue
[2024-04-28T16:10:31.887+0000] {logging_mixin.py:188} INFO - [2024-04-28T16:10:31.887+0000] {dagbag.py:540} INFO - Filling up the DagBag from /home/airflow/.local/lib/python3.12/site-packages/airflow/example_dags/example_short_circuit_operator.py
[2024-04-28T16:10:31.893+0000] {processor.py:840} INFO - DAG(s) 'example_short_circuit_operator' retrieved from /home/airflow/.local/lib/python3.12/site-packages/airflow/example_dags/example_short_circuit_operator.py
[2024-04-28T16:10:31.911+0000] {logging_mixin.py:188} INFO - [2024-04-28T16:10:31.911+0000] {dag.py:3096} INFO - Sync 1 DAGs
[2024-04-28T16:10:31.927+0000] {logging_mixin.py:188} INFO - [2024-04-28T16:10:31.927+0000] {dag.py:3954} INFO - Setting next_dagrun for example_short_circuit_operator to 2024-04-27 00:00:00+00:00, run_after=2024-04-28 00:00:00+00:00
[2024-04-28T16:10:31.942+0000] {processor.py:183} INFO - Processing /home/airflow/.local/lib/python3.12/site-packages/airflow/example_dags/example_short_circuit_operator.py took 0.061 seconds
[2024-04-28T16:11:02.438+0000] {processor.py:161} INFO - Started process (PID=688) to work on /home/airflow/.local/lib/python3.12/site-packages/airflow/example_dags/example_short_circuit_operator.py
[2024-04-28T16:11:02.439+0000] {processor.py:830} INFO - Processing file /home/airflow/.local/lib/python3.12/site-packages/airflow/example_dags/example_short_circuit_operator.py for tasks to queue
[2024-04-28T16:11:02.441+0000] {logging_mixin.py:188} INFO - [2024-04-28T16:11:02.440+0000] {dagbag.py:540} INFO - Filling up the DagBag from /home/airflow/.local/lib/python3.12/site-packages/airflow/example_dags/example_short_circuit_operator.py
[2024-04-28T16:11:02.447+0000] {processor.py:840} INFO - DAG(s) 'example_short_circuit_operator' retrieved from /home/airflow/.local/lib/python3.12/site-packages/airflow/example_dags/example_short_circuit_operator.py
[2024-04-28T16:11:02.466+0000] {logging_mixin.py:188} INFO - [2024-04-28T16:11:02.466+0000] {dag.py:3096} INFO - Sync 1 DAGs
[2024-04-28T16:11:02.482+0000] {logging_mixin.py:188} INFO - [2024-04-28T16:11:02.482+0000] {dag.py:3954} INFO - Setting next_dagrun for example_short_circuit_operator to 2024-04-27 00:00:00+00:00, run_after=2024-04-28 00:00:00+00:00
[2024-04-28T16:11:02.499+0000] {processor.py:183} INFO - Processing /home/airflow/.local/lib/python3.12/site-packages/airflow/example_dags/example_short_circuit_operator.py took 0.066 seconds
[2024-04-28T16:11:33.115+0000] {processor.py:161} INFO - Started process (PID=748) to work on /home/airflow/.local/lib/python3.12/site-packages/airflow/example_dags/example_short_circuit_operator.py
[2024-04-28T16:11:33.116+0000] {processor.py:830} INFO - Processing file /home/airflow/.local/lib/python3.12/site-packages/airflow/example_dags/example_short_circuit_operator.py for tasks to queue
[2024-04-28T16:11:33.118+0000] {logging_mixin.py:188} INFO - [2024-04-28T16:11:33.117+0000] {dagbag.py:540} INFO - Filling up the DagBag from /home/airflow/.local/lib/python3.12/site-packages/airflow/example_dags/example_short_circuit_operator.py
[2024-04-28T16:11:33.124+0000] {processor.py:840} INFO - DAG(s) 'example_short_circuit_operator' retrieved from /home/airflow/.local/lib/python3.12/site-packages/airflow/example_dags/example_short_circuit_operator.py
[2024-04-28T16:11:33.143+0000] {logging_mixin.py:188} INFO - [2024-04-28T16:11:33.143+0000] {dag.py:3096} INFO - Sync 1 DAGs
[2024-04-28T16:11:33.163+0000] {logging_mixin.py:188} INFO - [2024-04-28T16:11:33.163+0000] {dag.py:3954} INFO - Setting next_dagrun for example_short_circuit_operator to 2024-04-27 00:00:00+00:00, run_after=2024-04-28 00:00:00+00:00
[2024-04-28T16:11:33.178+0000] {processor.py:183} INFO - Processing /home/airflow/.local/lib/python3.12/site-packages/airflow/example_dags/example_short_circuit_operator.py took 0.069 seconds
[2024-04-28T16:12:03.574+0000] {processor.py:161} INFO - Started process (PID=808) to work on /home/airflow/.local/lib/python3.12/site-packages/airflow/example_dags/example_short_circuit_operator.py
[2024-04-28T16:12:03.575+0000] {processor.py:830} INFO - Processing file /home/airflow/.local/lib/python3.12/site-packages/airflow/example_dags/example_short_circuit_operator.py for tasks to queue
[2024-04-28T16:12:03.576+0000] {logging_mixin.py:188} INFO - [2024-04-28T16:12:03.576+0000] {dagbag.py:540} INFO - Filling up the DagBag from /home/airflow/.local/lib/python3.12/site-packages/airflow/example_dags/example_short_circuit_operator.py
[2024-04-28T16:12:03.582+0000] {processor.py:840} INFO - DAG(s) 'example_short_circuit_operator' retrieved from /home/airflow/.local/lib/python3.12/site-packages/airflow/example_dags/example_short_circuit_operator.py
[2024-04-28T16:12:03.600+0000] {logging_mixin.py:188} INFO - [2024-04-28T16:12:03.600+0000] {dag.py:3096} INFO - Sync 1 DAGs
[2024-04-28T16:12:03.616+0000] {logging_mixin.py:188} INFO - [2024-04-28T16:12:03.616+0000] {dag.py:3954} INFO - Setting next_dagrun for example_short_circuit_operator to 2024-04-27 00:00:00+00:00, run_after=2024-04-28 00:00:00+00:00
[2024-04-28T16:12:03.630+0000] {processor.py:183} INFO - Processing /home/airflow/.local/lib/python3.12/site-packages/airflow/example_dags/example_short_circuit_operator.py took 0.061 seconds
[2024-04-28T16:12:34.108+0000] {processor.py:161} INFO - Started process (PID=866) to work on /home/airflow/.local/lib/python3.12/site-packages/airflow/example_dags/example_short_circuit_operator.py
[2024-04-28T16:12:34.109+0000] {processor.py:830} INFO - Processing file /home/airflow/.local/lib/python3.12/site-packages/airflow/example_dags/example_short_circuit_operator.py for tasks to queue
[2024-04-28T16:12:34.112+0000] {logging_mixin.py:188} INFO - [2024-04-28T16:12:34.111+0000] {dagbag.py:540} INFO - Filling up the DagBag from /home/airflow/.local/lib/python3.12/site-packages/airflow/example_dags/example_short_circuit_operator.py
[2024-04-28T16:12:34.118+0000] {processor.py:840} INFO - DAG(s) 'example_short_circuit_operator' retrieved from /home/airflow/.local/lib/python3.12/site-packages/airflow/example_dags/example_short_circuit_operator.py
[2024-04-28T16:12:34.136+0000] {logging_mixin.py:188} INFO - [2024-04-28T16:12:34.136+0000] {dag.py:3096} INFO - Sync 1 DAGs
[2024-04-28T16:12:34.155+0000] {logging_mixin.py:188} INFO - [2024-04-28T16:12:34.155+0000] {dag.py:3954} INFO - Setting next_dagrun for example_short_circuit_operator to 2024-04-27 00:00:00+00:00, run_after=2024-04-28 00:00:00+00:00
[2024-04-28T16:12:34.171+0000] {processor.py:183} INFO - Processing /home/airflow/.local/lib/python3.12/site-packages/airflow/example_dags/example_short_circuit_operator.py took 0.068 seconds
