[2024-04-28T15:48:57.081+0000] {processor.py:161} INFO - Started process (PID=74) to work on /home/airflow/.local/lib/python3.12/site-packages/airflow/example_dags/example_setup_teardown.py
[2024-04-28T15:48:57.083+0000] {processor.py:830} INFO - Processing file /home/airflow/.local/lib/python3.12/site-packages/airflow/example_dags/example_setup_teardown.py for tasks to queue
[2024-04-28T15:48:57.085+0000] {logging_mixin.py:188} INFO - [2024-04-28T15:48:57.084+0000] {dagbag.py:540} INFO - Filling up the DagBag from /home/airflow/.local/lib/python3.12/site-packages/airflow/example_dags/example_setup_teardown.py
[2024-04-28T15:48:57.092+0000] {processor.py:840} INFO - DAG(s) 'example_setup_teardown' retrieved from /home/airflow/.local/lib/python3.12/site-packages/airflow/example_dags/example_setup_teardown.py
[2024-04-28T15:48:57.189+0000] {logging_mixin.py:188} INFO - [2024-04-28T15:48:57.189+0000] {override.py:1829} INFO - Created Permission View: can delete on DAG:example_setup_teardown
[2024-04-28T15:48:57.199+0000] {logging_mixin.py:188} INFO - [2024-04-28T15:48:57.198+0000] {override.py:1829} INFO - Created Permission View: can edit on DAG:example_setup_teardown
[2024-04-28T15:48:57.205+0000] {logging_mixin.py:188} INFO - [2024-04-28T15:48:57.204+0000] {override.py:1829} INFO - Created Permission View: can read on DAG:example_setup_teardown
[2024-04-28T15:48:57.205+0000] {logging_mixin.py:188} INFO - [2024-04-28T15:48:57.205+0000] {dag.py:3096} INFO - Sync 1 DAGs
[2024-04-28T15:48:57.214+0000] {logging_mixin.py:188} INFO - [2024-04-28T15:48:57.214+0000] {dag.py:3118} INFO - Creating ORM DAG for example_setup_teardown
[2024-04-28T15:48:57.223+0000] {logging_mixin.py:188} INFO - [2024-04-28T15:48:57.223+0000] {dag.py:3954} INFO - Setting next_dagrun for example_setup_teardown to 2024-04-27 00:00:00+00:00, run_after=2024-04-28 00:00:00+00:00
[2024-04-28T15:48:57.236+0000] {processor.py:183} INFO - Processing /home/airflow/.local/lib/python3.12/site-packages/airflow/example_dags/example_setup_teardown.py took 0.164 seconds
[2024-04-28T15:49:28.639+0000] {processor.py:161} INFO - Started process (PID=132) to work on /home/airflow/.local/lib/python3.12/site-packages/airflow/example_dags/example_setup_teardown.py
[2024-04-28T15:49:28.641+0000] {processor.py:830} INFO - Processing file /home/airflow/.local/lib/python3.12/site-packages/airflow/example_dags/example_setup_teardown.py for tasks to queue
[2024-04-28T15:49:28.643+0000] {logging_mixin.py:188} INFO - [2024-04-28T15:49:28.643+0000] {dagbag.py:540} INFO - Filling up the DagBag from /home/airflow/.local/lib/python3.12/site-packages/airflow/example_dags/example_setup_teardown.py
[2024-04-28T15:49:28.652+0000] {processor.py:840} INFO - DAG(s) 'example_setup_teardown' retrieved from /home/airflow/.local/lib/python3.12/site-packages/airflow/example_dags/example_setup_teardown.py
[2024-04-28T15:49:28.671+0000] {logging_mixin.py:188} INFO - [2024-04-28T15:49:28.670+0000] {dag.py:3096} INFO - Sync 1 DAGs
[2024-04-28T15:49:28.693+0000] {logging_mixin.py:188} INFO - [2024-04-28T15:49:28.692+0000] {dag.py:3954} INFO - Setting next_dagrun for example_setup_teardown to 2024-04-27 00:00:00+00:00, run_after=2024-04-28 00:00:00+00:00
[2024-04-28T15:49:28.720+0000] {processor.py:183} INFO - Processing /home/airflow/.local/lib/python3.12/site-packages/airflow/example_dags/example_setup_teardown.py took 0.086 seconds
[2024-04-28T15:49:59.385+0000] {processor.py:161} INFO - Started process (PID=190) to work on /home/airflow/.local/lib/python3.12/site-packages/airflow/example_dags/example_setup_teardown.py
[2024-04-28T15:49:59.386+0000] {processor.py:830} INFO - Processing file /home/airflow/.local/lib/python3.12/site-packages/airflow/example_dags/example_setup_teardown.py for tasks to queue
[2024-04-28T15:49:59.387+0000] {logging_mixin.py:188} INFO - [2024-04-28T15:49:59.387+0000] {dagbag.py:540} INFO - Filling up the DagBag from /home/airflow/.local/lib/python3.12/site-packages/airflow/example_dags/example_setup_teardown.py
[2024-04-28T15:49:59.392+0000] {processor.py:840} INFO - DAG(s) 'example_setup_teardown' retrieved from /home/airflow/.local/lib/python3.12/site-packages/airflow/example_dags/example_setup_teardown.py
[2024-04-28T15:49:59.409+0000] {logging_mixin.py:188} INFO - [2024-04-28T15:49:59.409+0000] {dag.py:3096} INFO - Sync 1 DAGs
[2024-04-28T15:49:59.427+0000] {logging_mixin.py:188} INFO - [2024-04-28T15:49:59.427+0000] {dag.py:3954} INFO - Setting next_dagrun for example_setup_teardown to 2024-04-27 00:00:00+00:00, run_after=2024-04-28 00:00:00+00:00
[2024-04-28T15:49:59.443+0000] {processor.py:183} INFO - Processing /home/airflow/.local/lib/python3.12/site-packages/airflow/example_dags/example_setup_teardown.py took 0.063 seconds
[2024-04-28T15:50:30.053+0000] {processor.py:161} INFO - Started process (PID=248) to work on /home/airflow/.local/lib/python3.12/site-packages/airflow/example_dags/example_setup_teardown.py
[2024-04-28T15:50:30.054+0000] {processor.py:830} INFO - Processing file /home/airflow/.local/lib/python3.12/site-packages/airflow/example_dags/example_setup_teardown.py for tasks to queue
[2024-04-28T15:50:30.056+0000] {logging_mixin.py:188} INFO - [2024-04-28T15:50:30.055+0000] {dagbag.py:540} INFO - Filling up the DagBag from /home/airflow/.local/lib/python3.12/site-packages/airflow/example_dags/example_setup_teardown.py
[2024-04-28T15:50:30.062+0000] {processor.py:840} INFO - DAG(s) 'example_setup_teardown' retrieved from /home/airflow/.local/lib/python3.12/site-packages/airflow/example_dags/example_setup_teardown.py
[2024-04-28T15:50:30.081+0000] {logging_mixin.py:188} INFO - [2024-04-28T15:50:30.081+0000] {dag.py:3096} INFO - Sync 1 DAGs
[2024-04-28T15:50:30.101+0000] {logging_mixin.py:188} INFO - [2024-04-28T15:50:30.101+0000] {dag.py:3954} INFO - Setting next_dagrun for example_setup_teardown to 2024-04-27 00:00:00+00:00, run_after=2024-04-28 00:00:00+00:00
[2024-04-28T15:50:30.119+0000] {processor.py:183} INFO - Processing /home/airflow/.local/lib/python3.12/site-packages/airflow/example_dags/example_setup_teardown.py took 0.072 seconds
[2024-04-28T15:51:00.699+0000] {processor.py:161} INFO - Started process (PID=306) to work on /home/airflow/.local/lib/python3.12/site-packages/airflow/example_dags/example_setup_teardown.py
[2024-04-28T15:51:00.701+0000] {processor.py:830} INFO - Processing file /home/airflow/.local/lib/python3.12/site-packages/airflow/example_dags/example_setup_teardown.py for tasks to queue
[2024-04-28T15:51:00.703+0000] {logging_mixin.py:188} INFO - [2024-04-28T15:51:00.702+0000] {dagbag.py:540} INFO - Filling up the DagBag from /home/airflow/.local/lib/python3.12/site-packages/airflow/example_dags/example_setup_teardown.py
[2024-04-28T15:51:00.709+0000] {processor.py:840} INFO - DAG(s) 'example_setup_teardown' retrieved from /home/airflow/.local/lib/python3.12/site-packages/airflow/example_dags/example_setup_teardown.py
[2024-04-28T15:51:00.730+0000] {logging_mixin.py:188} INFO - [2024-04-28T15:51:00.730+0000] {dag.py:3096} INFO - Sync 1 DAGs
[2024-04-28T15:51:00.751+0000] {logging_mixin.py:188} INFO - [2024-04-28T15:51:00.751+0000] {dag.py:3954} INFO - Setting next_dagrun for example_setup_teardown to 2024-04-27 00:00:00+00:00, run_after=2024-04-28 00:00:00+00:00
[2024-04-28T15:51:00.771+0000] {processor.py:183} INFO - Processing /home/airflow/.local/lib/python3.12/site-packages/airflow/example_dags/example_setup_teardown.py took 0.077 seconds
[2024-04-28T15:51:31.877+0000] {processor.py:161} INFO - Started process (PID=364) to work on /home/airflow/.local/lib/python3.12/site-packages/airflow/example_dags/example_setup_teardown.py
[2024-04-28T15:51:31.878+0000] {processor.py:830} INFO - Processing file /home/airflow/.local/lib/python3.12/site-packages/airflow/example_dags/example_setup_teardown.py for tasks to queue
[2024-04-28T15:51:31.880+0000] {logging_mixin.py:188} INFO - [2024-04-28T15:51:31.879+0000] {dagbag.py:540} INFO - Filling up the DagBag from /home/airflow/.local/lib/python3.12/site-packages/airflow/example_dags/example_setup_teardown.py
[2024-04-28T15:51:31.888+0000] {processor.py:840} INFO - DAG(s) 'example_setup_teardown' retrieved from /home/airflow/.local/lib/python3.12/site-packages/airflow/example_dags/example_setup_teardown.py
[2024-04-28T15:51:31.909+0000] {logging_mixin.py:188} INFO - [2024-04-28T15:51:31.909+0000] {dag.py:3096} INFO - Sync 1 DAGs
[2024-04-28T15:51:31.932+0000] {logging_mixin.py:188} INFO - [2024-04-28T15:51:31.932+0000] {dag.py:3954} INFO - Setting next_dagrun for example_setup_teardown to 2024-04-27 00:00:00+00:00, run_after=2024-04-28 00:00:00+00:00
[2024-04-28T15:51:31.952+0000] {processor.py:183} INFO - Processing /home/airflow/.local/lib/python3.12/site-packages/airflow/example_dags/example_setup_teardown.py took 0.081 seconds
[2024-04-28T15:53:34.383+0000] {processor.py:161} INFO - Started process (PID=76) to work on /home/airflow/.local/lib/python3.12/site-packages/airflow/example_dags/example_setup_teardown.py
[2024-04-28T15:53:34.384+0000] {processor.py:830} INFO - Processing file /home/airflow/.local/lib/python3.12/site-packages/airflow/example_dags/example_setup_teardown.py for tasks to queue
[2024-04-28T15:53:34.385+0000] {logging_mixin.py:188} INFO - [2024-04-28T15:53:34.385+0000] {dagbag.py:540} INFO - Filling up the DagBag from /home/airflow/.local/lib/python3.12/site-packages/airflow/example_dags/example_setup_teardown.py
[2024-04-28T15:53:34.392+0000] {processor.py:840} INFO - DAG(s) 'example_setup_teardown' retrieved from /home/airflow/.local/lib/python3.12/site-packages/airflow/example_dags/example_setup_teardown.py
[2024-04-28T15:53:34.401+0000] {logging_mixin.py:188} INFO - [2024-04-28T15:53:34.401+0000] {dag.py:3096} INFO - Sync 1 DAGs
[2024-04-28T15:53:34.423+0000] {logging_mixin.py:188} INFO - [2024-04-28T15:53:34.423+0000] {dag.py:3954} INFO - Setting next_dagrun for example_setup_teardown to 2024-04-27 00:00:00+00:00, run_after=2024-04-28 00:00:00+00:00
[2024-04-28T15:53:34.439+0000] {processor.py:183} INFO - Processing /home/airflow/.local/lib/python3.12/site-packages/airflow/example_dags/example_setup_teardown.py took 0.061 seconds
[2024-04-28T15:54:05.746+0000] {processor.py:161} INFO - Started process (PID=136) to work on /home/airflow/.local/lib/python3.12/site-packages/airflow/example_dags/example_setup_teardown.py
[2024-04-28T15:54:05.747+0000] {processor.py:830} INFO - Processing file /home/airflow/.local/lib/python3.12/site-packages/airflow/example_dags/example_setup_teardown.py for tasks to queue
[2024-04-28T15:54:05.748+0000] {logging_mixin.py:188} INFO - [2024-04-28T15:54:05.748+0000] {dagbag.py:540} INFO - Filling up the DagBag from /home/airflow/.local/lib/python3.12/site-packages/airflow/example_dags/example_setup_teardown.py
[2024-04-28T15:54:05.754+0000] {processor.py:840} INFO - DAG(s) 'example_setup_teardown' retrieved from /home/airflow/.local/lib/python3.12/site-packages/airflow/example_dags/example_setup_teardown.py
[2024-04-28T15:54:05.829+0000] {logging_mixin.py:188} INFO - [2024-04-28T15:54:05.829+0000] {dag.py:3096} INFO - Sync 1 DAGs
[2024-04-28T15:54:05.845+0000] {logging_mixin.py:188} INFO - [2024-04-28T15:54:05.845+0000] {dag.py:3954} INFO - Setting next_dagrun for example_setup_teardown to 2024-04-27 00:00:00+00:00, run_after=2024-04-28 00:00:00+00:00
[2024-04-28T15:54:05.860+0000] {processor.py:183} INFO - Processing /home/airflow/.local/lib/python3.12/site-packages/airflow/example_dags/example_setup_teardown.py took 0.119 seconds
[2024-04-28T15:54:35.977+0000] {processor.py:161} INFO - Started process (PID=204) to work on /home/airflow/.local/lib/python3.12/site-packages/airflow/example_dags/example_setup_teardown.py
[2024-04-28T15:54:35.977+0000] {processor.py:830} INFO - Processing file /home/airflow/.local/lib/python3.12/site-packages/airflow/example_dags/example_setup_teardown.py for tasks to queue
[2024-04-28T15:54:35.979+0000] {logging_mixin.py:188} INFO - [2024-04-28T15:54:35.979+0000] {dagbag.py:540} INFO - Filling up the DagBag from /home/airflow/.local/lib/python3.12/site-packages/airflow/example_dags/example_setup_teardown.py
[2024-04-28T15:54:35.984+0000] {processor.py:840} INFO - DAG(s) 'example_setup_teardown' retrieved from /home/airflow/.local/lib/python3.12/site-packages/airflow/example_dags/example_setup_teardown.py
[2024-04-28T15:54:36.008+0000] {logging_mixin.py:188} INFO - [2024-04-28T15:54:36.008+0000] {dag.py:3096} INFO - Sync 1 DAGs
[2024-04-28T15:54:36.029+0000] {logging_mixin.py:188} INFO - [2024-04-28T15:54:36.028+0000] {dag.py:3954} INFO - Setting next_dagrun for example_setup_teardown to 2024-04-27 00:00:00+00:00, run_after=2024-04-28 00:00:00+00:00
[2024-04-28T15:54:36.047+0000] {processor.py:183} INFO - Processing /home/airflow/.local/lib/python3.12/site-packages/airflow/example_dags/example_setup_teardown.py took 0.075 seconds
[2024-04-28T15:55:07.127+0000] {processor.py:161} INFO - Started process (PID=264) to work on /home/airflow/.local/lib/python3.12/site-packages/airflow/example_dags/example_setup_teardown.py
[2024-04-28T15:55:07.128+0000] {processor.py:830} INFO - Processing file /home/airflow/.local/lib/python3.12/site-packages/airflow/example_dags/example_setup_teardown.py for tasks to queue
[2024-04-28T15:55:07.130+0000] {logging_mixin.py:188} INFO - [2024-04-28T15:55:07.130+0000] {dagbag.py:540} INFO - Filling up the DagBag from /home/airflow/.local/lib/python3.12/site-packages/airflow/example_dags/example_setup_teardown.py
[2024-04-28T15:55:07.136+0000] {processor.py:840} INFO - DAG(s) 'example_setup_teardown' retrieved from /home/airflow/.local/lib/python3.12/site-packages/airflow/example_dags/example_setup_teardown.py
[2024-04-28T15:55:07.152+0000] {logging_mixin.py:188} INFO - [2024-04-28T15:55:07.152+0000] {dag.py:3096} INFO - Sync 1 DAGs
[2024-04-28T15:55:07.178+0000] {logging_mixin.py:188} INFO - [2024-04-28T15:55:07.177+0000] {dag.py:3954} INFO - Setting next_dagrun for example_setup_teardown to 2024-04-27 00:00:00+00:00, run_after=2024-04-28 00:00:00+00:00
[2024-04-28T15:55:07.195+0000] {processor.py:183} INFO - Processing /home/airflow/.local/lib/python3.12/site-packages/airflow/example_dags/example_setup_teardown.py took 0.073 seconds
[2024-04-28T15:55:38.261+0000] {processor.py:161} INFO - Started process (PID=324) to work on /home/airflow/.local/lib/python3.12/site-packages/airflow/example_dags/example_setup_teardown.py
[2024-04-28T15:55:38.262+0000] {processor.py:830} INFO - Processing file /home/airflow/.local/lib/python3.12/site-packages/airflow/example_dags/example_setup_teardown.py for tasks to queue
[2024-04-28T15:55:38.264+0000] {logging_mixin.py:188} INFO - [2024-04-28T15:55:38.263+0000] {dagbag.py:540} INFO - Filling up the DagBag from /home/airflow/.local/lib/python3.12/site-packages/airflow/example_dags/example_setup_teardown.py
[2024-04-28T15:55:38.269+0000] {processor.py:840} INFO - DAG(s) 'example_setup_teardown' retrieved from /home/airflow/.local/lib/python3.12/site-packages/airflow/example_dags/example_setup_teardown.py
[2024-04-28T15:55:38.286+0000] {logging_mixin.py:188} INFO - [2024-04-28T15:55:38.286+0000] {dag.py:3096} INFO - Sync 1 DAGs
[2024-04-28T15:55:38.306+0000] {logging_mixin.py:188} INFO - [2024-04-28T15:55:38.306+0000] {dag.py:3954} INFO - Setting next_dagrun for example_setup_teardown to 2024-04-27 00:00:00+00:00, run_after=2024-04-28 00:00:00+00:00
[2024-04-28T15:55:38.324+0000] {processor.py:183} INFO - Processing /home/airflow/.local/lib/python3.12/site-packages/airflow/example_dags/example_setup_teardown.py took 0.067 seconds
[2024-04-28T15:56:08.621+0000] {processor.py:161} INFO - Started process (PID=384) to work on /home/airflow/.local/lib/python3.12/site-packages/airflow/example_dags/example_setup_teardown.py
[2024-04-28T15:56:08.622+0000] {processor.py:830} INFO - Processing file /home/airflow/.local/lib/python3.12/site-packages/airflow/example_dags/example_setup_teardown.py for tasks to queue
[2024-04-28T15:56:08.623+0000] {logging_mixin.py:188} INFO - [2024-04-28T15:56:08.623+0000] {dagbag.py:540} INFO - Filling up the DagBag from /home/airflow/.local/lib/python3.12/site-packages/airflow/example_dags/example_setup_teardown.py
[2024-04-28T15:56:08.629+0000] {processor.py:840} INFO - DAG(s) 'example_setup_teardown' retrieved from /home/airflow/.local/lib/python3.12/site-packages/airflow/example_dags/example_setup_teardown.py
[2024-04-28T15:56:08.647+0000] {logging_mixin.py:188} INFO - [2024-04-28T15:56:08.647+0000] {dag.py:3096} INFO - Sync 1 DAGs
[2024-04-28T15:56:08.665+0000] {logging_mixin.py:188} INFO - [2024-04-28T15:56:08.665+0000] {dag.py:3954} INFO - Setting next_dagrun for example_setup_teardown to 2024-04-27 00:00:00+00:00, run_after=2024-04-28 00:00:00+00:00
[2024-04-28T15:56:08.681+0000] {processor.py:183} INFO - Processing /home/airflow/.local/lib/python3.12/site-packages/airflow/example_dags/example_setup_teardown.py took 0.065 seconds
[2024-04-28T15:56:39.754+0000] {processor.py:161} INFO - Started process (PID=444) to work on /home/airflow/.local/lib/python3.12/site-packages/airflow/example_dags/example_setup_teardown.py
[2024-04-28T15:56:39.755+0000] {processor.py:830} INFO - Processing file /home/airflow/.local/lib/python3.12/site-packages/airflow/example_dags/example_setup_teardown.py for tasks to queue
[2024-04-28T15:56:39.756+0000] {logging_mixin.py:188} INFO - [2024-04-28T15:56:39.756+0000] {dagbag.py:540} INFO - Filling up the DagBag from /home/airflow/.local/lib/python3.12/site-packages/airflow/example_dags/example_setup_teardown.py
[2024-04-28T15:56:39.762+0000] {processor.py:840} INFO - DAG(s) 'example_setup_teardown' retrieved from /home/airflow/.local/lib/python3.12/site-packages/airflow/example_dags/example_setup_teardown.py
[2024-04-28T15:56:39.778+0000] {logging_mixin.py:188} INFO - [2024-04-28T15:56:39.778+0000] {dag.py:3096} INFO - Sync 1 DAGs
[2024-04-28T15:56:39.796+0000] {logging_mixin.py:188} INFO - [2024-04-28T15:56:39.796+0000] {dag.py:3954} INFO - Setting next_dagrun for example_setup_teardown to 2024-04-27 00:00:00+00:00, run_after=2024-04-28 00:00:00+00:00
[2024-04-28T15:56:39.812+0000] {processor.py:183} INFO - Processing /home/airflow/.local/lib/python3.12/site-packages/airflow/example_dags/example_setup_teardown.py took 0.063 seconds
[2024-04-28T15:57:10.115+0000] {processor.py:161} INFO - Started process (PID=504) to work on /home/airflow/.local/lib/python3.12/site-packages/airflow/example_dags/example_setup_teardown.py
[2024-04-28T15:57:10.116+0000] {processor.py:830} INFO - Processing file /home/airflow/.local/lib/python3.12/site-packages/airflow/example_dags/example_setup_teardown.py for tasks to queue
[2024-04-28T15:57:10.117+0000] {logging_mixin.py:188} INFO - [2024-04-28T15:57:10.117+0000] {dagbag.py:540} INFO - Filling up the DagBag from /home/airflow/.local/lib/python3.12/site-packages/airflow/example_dags/example_setup_teardown.py
[2024-04-28T15:57:10.122+0000] {processor.py:840} INFO - DAG(s) 'example_setup_teardown' retrieved from /home/airflow/.local/lib/python3.12/site-packages/airflow/example_dags/example_setup_teardown.py
[2024-04-28T15:57:10.141+0000] {logging_mixin.py:188} INFO - [2024-04-28T15:57:10.141+0000] {dag.py:3096} INFO - Sync 1 DAGs
[2024-04-28T15:57:10.159+0000] {logging_mixin.py:188} INFO - [2024-04-28T15:57:10.159+0000] {dag.py:3954} INFO - Setting next_dagrun for example_setup_teardown to 2024-04-27 00:00:00+00:00, run_after=2024-04-28 00:00:00+00:00
[2024-04-28T15:57:10.174+0000] {processor.py:183} INFO - Processing /home/airflow/.local/lib/python3.12/site-packages/airflow/example_dags/example_setup_teardown.py took 0.064 seconds
[2024-04-28T15:57:40.324+0000] {processor.py:161} INFO - Started process (PID=562) to work on /home/airflow/.local/lib/python3.12/site-packages/airflow/example_dags/example_setup_teardown.py
[2024-04-28T15:57:40.325+0000] {processor.py:830} INFO - Processing file /home/airflow/.local/lib/python3.12/site-packages/airflow/example_dags/example_setup_teardown.py for tasks to queue
[2024-04-28T15:57:40.326+0000] {logging_mixin.py:188} INFO - [2024-04-28T15:57:40.326+0000] {dagbag.py:540} INFO - Filling up the DagBag from /home/airflow/.local/lib/python3.12/site-packages/airflow/example_dags/example_setup_teardown.py
[2024-04-28T15:57:40.332+0000] {processor.py:840} INFO - DAG(s) 'example_setup_teardown' retrieved from /home/airflow/.local/lib/python3.12/site-packages/airflow/example_dags/example_setup_teardown.py
[2024-04-28T15:57:40.348+0000] {logging_mixin.py:188} INFO - [2024-04-28T15:57:40.348+0000] {dag.py:3096} INFO - Sync 1 DAGs
[2024-04-28T15:57:40.364+0000] {logging_mixin.py:188} INFO - [2024-04-28T15:57:40.363+0000] {dag.py:3954} INFO - Setting next_dagrun for example_setup_teardown to 2024-04-27 00:00:00+00:00, run_after=2024-04-28 00:00:00+00:00
[2024-04-28T15:57:40.377+0000] {processor.py:183} INFO - Processing /home/airflow/.local/lib/python3.12/site-packages/airflow/example_dags/example_setup_teardown.py took 0.057 seconds
[2024-04-28T15:58:10.719+0000] {processor.py:161} INFO - Started process (PID=622) to work on /home/airflow/.local/lib/python3.12/site-packages/airflow/example_dags/example_setup_teardown.py
[2024-04-28T15:58:10.720+0000] {processor.py:830} INFO - Processing file /home/airflow/.local/lib/python3.12/site-packages/airflow/example_dags/example_setup_teardown.py for tasks to queue
[2024-04-28T15:58:10.722+0000] {logging_mixin.py:188} INFO - [2024-04-28T15:58:10.721+0000] {dagbag.py:540} INFO - Filling up the DagBag from /home/airflow/.local/lib/python3.12/site-packages/airflow/example_dags/example_setup_teardown.py
[2024-04-28T15:58:10.727+0000] {processor.py:840} INFO - DAG(s) 'example_setup_teardown' retrieved from /home/airflow/.local/lib/python3.12/site-packages/airflow/example_dags/example_setup_teardown.py
[2024-04-28T15:58:10.749+0000] {logging_mixin.py:188} INFO - [2024-04-28T15:58:10.748+0000] {dag.py:3096} INFO - Sync 1 DAGs
[2024-04-28T15:58:10.770+0000] {logging_mixin.py:188} INFO - [2024-04-28T15:58:10.770+0000] {dag.py:3954} INFO - Setting next_dagrun for example_setup_teardown to 2024-04-27 00:00:00+00:00, run_after=2024-04-28 00:00:00+00:00
[2024-04-28T15:58:10.789+0000] {processor.py:183} INFO - Processing /home/airflow/.local/lib/python3.12/site-packages/airflow/example_dags/example_setup_teardown.py took 0.074 seconds
[2024-04-28T15:58:41.199+0000] {processor.py:161} INFO - Started process (PID=682) to work on /home/airflow/.local/lib/python3.12/site-packages/airflow/example_dags/example_setup_teardown.py
[2024-04-28T15:58:41.201+0000] {processor.py:830} INFO - Processing file /home/airflow/.local/lib/python3.12/site-packages/airflow/example_dags/example_setup_teardown.py for tasks to queue
[2024-04-28T15:58:41.202+0000] {logging_mixin.py:188} INFO - [2024-04-28T15:58:41.202+0000] {dagbag.py:540} INFO - Filling up the DagBag from /home/airflow/.local/lib/python3.12/site-packages/airflow/example_dags/example_setup_teardown.py
[2024-04-28T15:58:41.208+0000] {processor.py:840} INFO - DAG(s) 'example_setup_teardown' retrieved from /home/airflow/.local/lib/python3.12/site-packages/airflow/example_dags/example_setup_teardown.py
[2024-04-28T15:58:41.225+0000] {logging_mixin.py:188} INFO - [2024-04-28T15:58:41.225+0000] {dag.py:3096} INFO - Sync 1 DAGs
[2024-04-28T15:58:41.242+0000] {logging_mixin.py:188} INFO - [2024-04-28T15:58:41.242+0000] {dag.py:3954} INFO - Setting next_dagrun for example_setup_teardown to 2024-04-27 00:00:00+00:00, run_after=2024-04-28 00:00:00+00:00
[2024-04-28T15:58:41.258+0000] {processor.py:183} INFO - Processing /home/airflow/.local/lib/python3.12/site-packages/airflow/example_dags/example_setup_teardown.py took 0.063 seconds
[2024-04-28T15:59:11.807+0000] {processor.py:161} INFO - Started process (PID=742) to work on /home/airflow/.local/lib/python3.12/site-packages/airflow/example_dags/example_setup_teardown.py
[2024-04-28T15:59:11.808+0000] {processor.py:830} INFO - Processing file /home/airflow/.local/lib/python3.12/site-packages/airflow/example_dags/example_setup_teardown.py for tasks to queue
[2024-04-28T15:59:11.809+0000] {logging_mixin.py:188} INFO - [2024-04-28T15:59:11.809+0000] {dagbag.py:540} INFO - Filling up the DagBag from /home/airflow/.local/lib/python3.12/site-packages/airflow/example_dags/example_setup_teardown.py
[2024-04-28T15:59:11.816+0000] {processor.py:840} INFO - DAG(s) 'example_setup_teardown' retrieved from /home/airflow/.local/lib/python3.12/site-packages/airflow/example_dags/example_setup_teardown.py
[2024-04-28T15:59:11.836+0000] {logging_mixin.py:188} INFO - [2024-04-28T15:59:11.836+0000] {dag.py:3096} INFO - Sync 1 DAGs
[2024-04-28T15:59:11.855+0000] {logging_mixin.py:188} INFO - [2024-04-28T15:59:11.855+0000] {dag.py:3954} INFO - Setting next_dagrun for example_setup_teardown to 2024-04-27 00:00:00+00:00, run_after=2024-04-28 00:00:00+00:00
[2024-04-28T15:59:11.871+0000] {processor.py:183} INFO - Processing /home/airflow/.local/lib/python3.12/site-packages/airflow/example_dags/example_setup_teardown.py took 0.069 seconds
[2024-04-28T15:59:42.306+0000] {processor.py:161} INFO - Started process (PID=802) to work on /home/airflow/.local/lib/python3.12/site-packages/airflow/example_dags/example_setup_teardown.py
[2024-04-28T15:59:42.307+0000] {processor.py:830} INFO - Processing file /home/airflow/.local/lib/python3.12/site-packages/airflow/example_dags/example_setup_teardown.py for tasks to queue
[2024-04-28T15:59:42.308+0000] {logging_mixin.py:188} INFO - [2024-04-28T15:59:42.308+0000] {dagbag.py:540} INFO - Filling up the DagBag from /home/airflow/.local/lib/python3.12/site-packages/airflow/example_dags/example_setup_teardown.py
[2024-04-28T15:59:42.313+0000] {processor.py:840} INFO - DAG(s) 'example_setup_teardown' retrieved from /home/airflow/.local/lib/python3.12/site-packages/airflow/example_dags/example_setup_teardown.py
[2024-04-28T15:59:42.329+0000] {logging_mixin.py:188} INFO - [2024-04-28T15:59:42.329+0000] {dag.py:3096} INFO - Sync 1 DAGs
[2024-04-28T15:59:42.346+0000] {logging_mixin.py:188} INFO - [2024-04-28T15:59:42.346+0000] {dag.py:3954} INFO - Setting next_dagrun for example_setup_teardown to 2024-04-27 00:00:00+00:00, run_after=2024-04-28 00:00:00+00:00
[2024-04-28T15:59:42.361+0000] {processor.py:183} INFO - Processing /home/airflow/.local/lib/python3.12/site-packages/airflow/example_dags/example_setup_teardown.py took 0.060 seconds
[2024-04-28T16:00:12.931+0000] {processor.py:161} INFO - Started process (PID=862) to work on /home/airflow/.local/lib/python3.12/site-packages/airflow/example_dags/example_setup_teardown.py
[2024-04-28T16:00:12.932+0000] {processor.py:830} INFO - Processing file /home/airflow/.local/lib/python3.12/site-packages/airflow/example_dags/example_setup_teardown.py for tasks to queue
[2024-04-28T16:00:12.934+0000] {logging_mixin.py:188} INFO - [2024-04-28T16:00:12.933+0000] {dagbag.py:540} INFO - Filling up the DagBag from /home/airflow/.local/lib/python3.12/site-packages/airflow/example_dags/example_setup_teardown.py
[2024-04-28T16:00:12.939+0000] {processor.py:840} INFO - DAG(s) 'example_setup_teardown' retrieved from /home/airflow/.local/lib/python3.12/site-packages/airflow/example_dags/example_setup_teardown.py
[2024-04-28T16:00:12.954+0000] {logging_mixin.py:188} INFO - [2024-04-28T16:00:12.954+0000] {dag.py:3096} INFO - Sync 1 DAGs
[2024-04-28T16:00:12.970+0000] {logging_mixin.py:188} INFO - [2024-04-28T16:00:12.970+0000] {dag.py:3954} INFO - Setting next_dagrun for example_setup_teardown to 2024-04-27 00:00:00+00:00, run_after=2024-04-28 00:00:00+00:00
[2024-04-28T16:00:12.984+0000] {processor.py:183} INFO - Processing /home/airflow/.local/lib/python3.12/site-packages/airflow/example_dags/example_setup_teardown.py took 0.058 seconds
[2024-04-28T16:00:43.454+0000] {processor.py:161} INFO - Started process (PID=922) to work on /home/airflow/.local/lib/python3.12/site-packages/airflow/example_dags/example_setup_teardown.py
[2024-04-28T16:00:43.455+0000] {processor.py:830} INFO - Processing file /home/airflow/.local/lib/python3.12/site-packages/airflow/example_dags/example_setup_teardown.py for tasks to queue
[2024-04-28T16:00:43.456+0000] {logging_mixin.py:188} INFO - [2024-04-28T16:00:43.456+0000] {dagbag.py:540} INFO - Filling up the DagBag from /home/airflow/.local/lib/python3.12/site-packages/airflow/example_dags/example_setup_teardown.py
[2024-04-28T16:00:43.462+0000] {processor.py:840} INFO - DAG(s) 'example_setup_teardown' retrieved from /home/airflow/.local/lib/python3.12/site-packages/airflow/example_dags/example_setup_teardown.py
[2024-04-28T16:00:43.478+0000] {logging_mixin.py:188} INFO - [2024-04-28T16:00:43.477+0000] {dag.py:3096} INFO - Sync 1 DAGs
[2024-04-28T16:00:43.496+0000] {logging_mixin.py:188} INFO - [2024-04-28T16:00:43.496+0000] {dag.py:3954} INFO - Setting next_dagrun for example_setup_teardown to 2024-04-27 00:00:00+00:00, run_after=2024-04-28 00:00:00+00:00
[2024-04-28T16:00:43.511+0000] {processor.py:183} INFO - Processing /home/airflow/.local/lib/python3.12/site-packages/airflow/example_dags/example_setup_teardown.py took 0.061 seconds
[2024-04-28T16:05:54.623+0000] {processor.py:161} INFO - Started process (PID=76) to work on /home/airflow/.local/lib/python3.12/site-packages/airflow/example_dags/example_setup_teardown.py
[2024-04-28T16:05:54.624+0000] {processor.py:830} INFO - Processing file /home/airflow/.local/lib/python3.12/site-packages/airflow/example_dags/example_setup_teardown.py for tasks to queue
[2024-04-28T16:05:54.625+0000] {logging_mixin.py:188} INFO - [2024-04-28T16:05:54.625+0000] {dagbag.py:540} INFO - Filling up the DagBag from /home/airflow/.local/lib/python3.12/site-packages/airflow/example_dags/example_setup_teardown.py
[2024-04-28T16:05:54.631+0000] {processor.py:840} INFO - DAG(s) 'example_setup_teardown' retrieved from /home/airflow/.local/lib/python3.12/site-packages/airflow/example_dags/example_setup_teardown.py
[2024-04-28T16:05:54.645+0000] {logging_mixin.py:188} INFO - [2024-04-28T16:05:54.644+0000] {dag.py:3096} INFO - Sync 1 DAGs
[2024-04-28T16:05:54.665+0000] {logging_mixin.py:188} INFO - [2024-04-28T16:05:54.665+0000] {dag.py:3954} INFO - Setting next_dagrun for example_setup_teardown to 2024-04-27 00:00:00+00:00, run_after=2024-04-28 00:00:00+00:00
[2024-04-28T16:05:54.679+0000] {processor.py:183} INFO - Processing /home/airflow/.local/lib/python3.12/site-packages/airflow/example_dags/example_setup_teardown.py took 0.060 seconds
[2024-04-28T16:06:26.157+0000] {processor.py:161} INFO - Started process (PID=136) to work on /home/airflow/.local/lib/python3.12/site-packages/airflow/example_dags/example_setup_teardown.py
[2024-04-28T16:06:26.158+0000] {processor.py:830} INFO - Processing file /home/airflow/.local/lib/python3.12/site-packages/airflow/example_dags/example_setup_teardown.py for tasks to queue
[2024-04-28T16:06:26.160+0000] {logging_mixin.py:188} INFO - [2024-04-28T16:06:26.159+0000] {dagbag.py:540} INFO - Filling up the DagBag from /home/airflow/.local/lib/python3.12/site-packages/airflow/example_dags/example_setup_teardown.py
[2024-04-28T16:06:26.166+0000] {processor.py:840} INFO - DAG(s) 'example_setup_teardown' retrieved from /home/airflow/.local/lib/python3.12/site-packages/airflow/example_dags/example_setup_teardown.py
[2024-04-28T16:06:26.243+0000] {logging_mixin.py:188} INFO - [2024-04-28T16:06:26.242+0000] {dag.py:3096} INFO - Sync 1 DAGs
[2024-04-28T16:06:26.259+0000] {logging_mixin.py:188} INFO - [2024-04-28T16:06:26.258+0000] {dag.py:3954} INFO - Setting next_dagrun for example_setup_teardown to 2024-04-27 00:00:00+00:00, run_after=2024-04-28 00:00:00+00:00
[2024-04-28T16:06:26.274+0000] {processor.py:183} INFO - Processing /home/airflow/.local/lib/python3.12/site-packages/airflow/example_dags/example_setup_teardown.py took 0.121 seconds
[2024-04-28T16:06:56.324+0000] {processor.py:161} INFO - Started process (PID=200) to work on /home/airflow/.local/lib/python3.12/site-packages/airflow/example_dags/example_setup_teardown.py
[2024-04-28T16:06:56.324+0000] {processor.py:830} INFO - Processing file /home/airflow/.local/lib/python3.12/site-packages/airflow/example_dags/example_setup_teardown.py for tasks to queue
[2024-04-28T16:06:56.326+0000] {logging_mixin.py:188} INFO - [2024-04-28T16:06:56.326+0000] {dagbag.py:540} INFO - Filling up the DagBag from /home/airflow/.local/lib/python3.12/site-packages/airflow/example_dags/example_setup_teardown.py
[2024-04-28T16:06:56.331+0000] {processor.py:840} INFO - DAG(s) 'example_setup_teardown' retrieved from /home/airflow/.local/lib/python3.12/site-packages/airflow/example_dags/example_setup_teardown.py
[2024-04-28T16:06:56.348+0000] {logging_mixin.py:188} INFO - [2024-04-28T16:06:56.348+0000] {dag.py:3096} INFO - Sync 1 DAGs
[2024-04-28T16:06:56.365+0000] {logging_mixin.py:188} INFO - [2024-04-28T16:06:56.365+0000] {dag.py:3954} INFO - Setting next_dagrun for example_setup_teardown to 2024-04-27 00:00:00+00:00, run_after=2024-04-28 00:00:00+00:00
[2024-04-28T16:06:56.380+0000] {processor.py:183} INFO - Processing /home/airflow/.local/lib/python3.12/site-packages/airflow/example_dags/example_setup_teardown.py took 0.061 seconds
[2024-04-28T16:07:26.895+0000] {processor.py:161} INFO - Started process (PID=260) to work on /home/airflow/.local/lib/python3.12/site-packages/airflow/example_dags/example_setup_teardown.py
[2024-04-28T16:07:26.896+0000] {processor.py:830} INFO - Processing file /home/airflow/.local/lib/python3.12/site-packages/airflow/example_dags/example_setup_teardown.py for tasks to queue
[2024-04-28T16:07:26.897+0000] {logging_mixin.py:188} INFO - [2024-04-28T16:07:26.897+0000] {dagbag.py:540} INFO - Filling up the DagBag from /home/airflow/.local/lib/python3.12/site-packages/airflow/example_dags/example_setup_teardown.py
[2024-04-28T16:07:26.904+0000] {processor.py:840} INFO - DAG(s) 'example_setup_teardown' retrieved from /home/airflow/.local/lib/python3.12/site-packages/airflow/example_dags/example_setup_teardown.py
[2024-04-28T16:07:26.921+0000] {logging_mixin.py:188} INFO - [2024-04-28T16:07:26.920+0000] {dag.py:3096} INFO - Sync 1 DAGs
[2024-04-28T16:07:26.937+0000] {logging_mixin.py:188} INFO - [2024-04-28T16:07:26.936+0000] {dag.py:3954} INFO - Setting next_dagrun for example_setup_teardown to 2024-04-27 00:00:00+00:00, run_after=2024-04-28 00:00:00+00:00
[2024-04-28T16:07:26.951+0000] {processor.py:183} INFO - Processing /home/airflow/.local/lib/python3.12/site-packages/airflow/example_dags/example_setup_teardown.py took 0.060 seconds
[2024-04-28T16:07:57.372+0000] {processor.py:161} INFO - Started process (PID=320) to work on /home/airflow/.local/lib/python3.12/site-packages/airflow/example_dags/example_setup_teardown.py
[2024-04-28T16:07:57.373+0000] {processor.py:830} INFO - Processing file /home/airflow/.local/lib/python3.12/site-packages/airflow/example_dags/example_setup_teardown.py for tasks to queue
[2024-04-28T16:07:57.375+0000] {logging_mixin.py:188} INFO - [2024-04-28T16:07:57.374+0000] {dagbag.py:540} INFO - Filling up the DagBag from /home/airflow/.local/lib/python3.12/site-packages/airflow/example_dags/example_setup_teardown.py
[2024-04-28T16:07:57.382+0000] {processor.py:840} INFO - DAG(s) 'example_setup_teardown' retrieved from /home/airflow/.local/lib/python3.12/site-packages/airflow/example_dags/example_setup_teardown.py
[2024-04-28T16:07:57.410+0000] {logging_mixin.py:188} INFO - [2024-04-28T16:07:57.410+0000] {dag.py:3096} INFO - Sync 1 DAGs
[2024-04-28T16:07:57.432+0000] {logging_mixin.py:188} INFO - [2024-04-28T16:07:57.431+0000] {dag.py:3954} INFO - Setting next_dagrun for example_setup_teardown to 2024-04-27 00:00:00+00:00, run_after=2024-04-28 00:00:00+00:00
[2024-04-28T16:07:57.449+0000] {processor.py:183} INFO - Processing /home/airflow/.local/lib/python3.12/site-packages/airflow/example_dags/example_setup_teardown.py took 0.082 seconds
[2024-04-28T16:08:27.985+0000] {processor.py:161} INFO - Started process (PID=380) to work on /home/airflow/.local/lib/python3.12/site-packages/airflow/example_dags/example_setup_teardown.py
[2024-04-28T16:08:27.986+0000] {processor.py:830} INFO - Processing file /home/airflow/.local/lib/python3.12/site-packages/airflow/example_dags/example_setup_teardown.py for tasks to queue
[2024-04-28T16:08:27.987+0000] {logging_mixin.py:188} INFO - [2024-04-28T16:08:27.987+0000] {dagbag.py:540} INFO - Filling up the DagBag from /home/airflow/.local/lib/python3.12/site-packages/airflow/example_dags/example_setup_teardown.py
[2024-04-28T16:08:27.993+0000] {processor.py:840} INFO - DAG(s) 'example_setup_teardown' retrieved from /home/airflow/.local/lib/python3.12/site-packages/airflow/example_dags/example_setup_teardown.py
[2024-04-28T16:08:28.010+0000] {logging_mixin.py:188} INFO - [2024-04-28T16:08:28.010+0000] {dag.py:3096} INFO - Sync 1 DAGs
[2024-04-28T16:08:28.027+0000] {logging_mixin.py:188} INFO - [2024-04-28T16:08:28.027+0000] {dag.py:3954} INFO - Setting next_dagrun for example_setup_teardown to 2024-04-27 00:00:00+00:00, run_after=2024-04-28 00:00:00+00:00
[2024-04-28T16:08:28.042+0000] {processor.py:183} INFO - Processing /home/airflow/.local/lib/python3.12/site-packages/airflow/example_dags/example_setup_teardown.py took 0.062 seconds
[2024-04-28T16:08:58.975+0000] {processor.py:161} INFO - Started process (PID=440) to work on /home/airflow/.local/lib/python3.12/site-packages/airflow/example_dags/example_setup_teardown.py
[2024-04-28T16:08:58.976+0000] {processor.py:830} INFO - Processing file /home/airflow/.local/lib/python3.12/site-packages/airflow/example_dags/example_setup_teardown.py for tasks to queue
[2024-04-28T16:08:58.978+0000] {logging_mixin.py:188} INFO - [2024-04-28T16:08:58.977+0000] {dagbag.py:540} INFO - Filling up the DagBag from /home/airflow/.local/lib/python3.12/site-packages/airflow/example_dags/example_setup_teardown.py
[2024-04-28T16:08:58.983+0000] {processor.py:840} INFO - DAG(s) 'example_setup_teardown' retrieved from /home/airflow/.local/lib/python3.12/site-packages/airflow/example_dags/example_setup_teardown.py
[2024-04-28T16:08:59.000+0000] {logging_mixin.py:188} INFO - [2024-04-28T16:08:59.999+0000] {dag.py:3096} INFO - Sync 1 DAGs
[2024-04-28T16:08:59.017+0000] {logging_mixin.py:188} INFO - [2024-04-28T16:08:59.017+0000] {dag.py:3954} INFO - Setting next_dagrun for example_setup_teardown to 2024-04-27 00:00:00+00:00, run_after=2024-04-28 00:00:00+00:00
[2024-04-28T16:08:59.031+0000] {processor.py:183} INFO - Processing /home/airflow/.local/lib/python3.12/site-packages/airflow/example_dags/example_setup_teardown.py took 0.061 seconds
[2024-04-28T16:09:29.719+0000] {processor.py:161} INFO - Started process (PID=500) to work on /home/airflow/.local/lib/python3.12/site-packages/airflow/example_dags/example_setup_teardown.py
[2024-04-28T16:09:29.720+0000] {processor.py:830} INFO - Processing file /home/airflow/.local/lib/python3.12/site-packages/airflow/example_dags/example_setup_teardown.py for tasks to queue
[2024-04-28T16:09:29.721+0000] {logging_mixin.py:188} INFO - [2024-04-28T16:09:29.721+0000] {dagbag.py:540} INFO - Filling up the DagBag from /home/airflow/.local/lib/python3.12/site-packages/airflow/example_dags/example_setup_teardown.py
[2024-04-28T16:09:29.726+0000] {processor.py:840} INFO - DAG(s) 'example_setup_teardown' retrieved from /home/airflow/.local/lib/python3.12/site-packages/airflow/example_dags/example_setup_teardown.py
[2024-04-28T16:09:29.741+0000] {logging_mixin.py:188} INFO - [2024-04-28T16:09:29.741+0000] {dag.py:3096} INFO - Sync 1 DAGs
[2024-04-28T16:09:29.757+0000] {logging_mixin.py:188} INFO - [2024-04-28T16:09:29.757+0000] {dag.py:3954} INFO - Setting next_dagrun for example_setup_teardown to 2024-04-27 00:00:00+00:00, run_after=2024-04-28 00:00:00+00:00
[2024-04-28T16:09:29.769+0000] {processor.py:183} INFO - Processing /home/airflow/.local/lib/python3.12/site-packages/airflow/example_dags/example_setup_teardown.py took 0.055 seconds
[2024-04-28T16:10:00.243+0000] {processor.py:161} INFO - Started process (PID=560) to work on /home/airflow/.local/lib/python3.12/site-packages/airflow/example_dags/example_setup_teardown.py
[2024-04-28T16:10:00.244+0000] {processor.py:830} INFO - Processing file /home/airflow/.local/lib/python3.12/site-packages/airflow/example_dags/example_setup_teardown.py for tasks to queue
[2024-04-28T16:10:00.245+0000] {logging_mixin.py:188} INFO - [2024-04-28T16:10:00.245+0000] {dagbag.py:540} INFO - Filling up the DagBag from /home/airflow/.local/lib/python3.12/site-packages/airflow/example_dags/example_setup_teardown.py
[2024-04-28T16:10:00.251+0000] {processor.py:840} INFO - DAG(s) 'example_setup_teardown' retrieved from /home/airflow/.local/lib/python3.12/site-packages/airflow/example_dags/example_setup_teardown.py
[2024-04-28T16:10:00.267+0000] {logging_mixin.py:188} INFO - [2024-04-28T16:10:00.266+0000] {dag.py:3096} INFO - Sync 1 DAGs
[2024-04-28T16:10:00.283+0000] {logging_mixin.py:188} INFO - [2024-04-28T16:10:00.283+0000] {dag.py:3954} INFO - Setting next_dagrun for example_setup_teardown to 2024-04-27 00:00:00+00:00, run_after=2024-04-28 00:00:00+00:00
[2024-04-28T16:10:00.301+0000] {processor.py:183} INFO - Processing /home/airflow/.local/lib/python3.12/site-packages/airflow/example_dags/example_setup_teardown.py took 0.062 seconds
[2024-04-28T16:10:30.492+0000] {processor.py:161} INFO - Started process (PID=620) to work on /home/airflow/.local/lib/python3.12/site-packages/airflow/example_dags/example_setup_teardown.py
[2024-04-28T16:10:30.493+0000] {processor.py:830} INFO - Processing file /home/airflow/.local/lib/python3.12/site-packages/airflow/example_dags/example_setup_teardown.py for tasks to queue
[2024-04-28T16:10:30.495+0000] {logging_mixin.py:188} INFO - [2024-04-28T16:10:30.494+0000] {dagbag.py:540} INFO - Filling up the DagBag from /home/airflow/.local/lib/python3.12/site-packages/airflow/example_dags/example_setup_teardown.py
[2024-04-28T16:10:30.500+0000] {processor.py:840} INFO - DAG(s) 'example_setup_teardown' retrieved from /home/airflow/.local/lib/python3.12/site-packages/airflow/example_dags/example_setup_teardown.py
[2024-04-28T16:10:30.517+0000] {logging_mixin.py:188} INFO - [2024-04-28T16:10:30.517+0000] {dag.py:3096} INFO - Sync 1 DAGs
[2024-04-28T16:10:30.534+0000] {logging_mixin.py:188} INFO - [2024-04-28T16:10:30.533+0000] {dag.py:3954} INFO - Setting next_dagrun for example_setup_teardown to 2024-04-27 00:00:00+00:00, run_after=2024-04-28 00:00:00+00:00
[2024-04-28T16:10:30.548+0000] {processor.py:183} INFO - Processing /home/airflow/.local/lib/python3.12/site-packages/airflow/example_dags/example_setup_teardown.py took 0.061 seconds
[2024-04-28T16:11:00.664+0000] {processor.py:161} INFO - Started process (PID=678) to work on /home/airflow/.local/lib/python3.12/site-packages/airflow/example_dags/example_setup_teardown.py
[2024-04-28T16:11:00.664+0000] {processor.py:830} INFO - Processing file /home/airflow/.local/lib/python3.12/site-packages/airflow/example_dags/example_setup_teardown.py for tasks to queue
[2024-04-28T16:11:00.666+0000] {logging_mixin.py:188} INFO - [2024-04-28T16:11:00.665+0000] {dagbag.py:540} INFO - Filling up the DagBag from /home/airflow/.local/lib/python3.12/site-packages/airflow/example_dags/example_setup_teardown.py
[2024-04-28T16:11:00.671+0000] {processor.py:840} INFO - DAG(s) 'example_setup_teardown' retrieved from /home/airflow/.local/lib/python3.12/site-packages/airflow/example_dags/example_setup_teardown.py
[2024-04-28T16:11:00.688+0000] {logging_mixin.py:188} INFO - [2024-04-28T16:11:00.687+0000] {dag.py:3096} INFO - Sync 1 DAGs
[2024-04-28T16:11:00.703+0000] {logging_mixin.py:188} INFO - [2024-04-28T16:11:00.703+0000] {dag.py:3954} INFO - Setting next_dagrun for example_setup_teardown to 2024-04-27 00:00:00+00:00, run_after=2024-04-28 00:00:00+00:00
[2024-04-28T16:11:00.716+0000] {processor.py:183} INFO - Processing /home/airflow/.local/lib/python3.12/site-packages/airflow/example_dags/example_setup_teardown.py took 0.057 seconds
[2024-04-28T16:11:31.357+0000] {processor.py:161} INFO - Started process (PID=738) to work on /home/airflow/.local/lib/python3.12/site-packages/airflow/example_dags/example_setup_teardown.py
[2024-04-28T16:11:31.358+0000] {processor.py:830} INFO - Processing file /home/airflow/.local/lib/python3.12/site-packages/airflow/example_dags/example_setup_teardown.py for tasks to queue
[2024-04-28T16:11:31.359+0000] {logging_mixin.py:188} INFO - [2024-04-28T16:11:31.359+0000] {dagbag.py:540} INFO - Filling up the DagBag from /home/airflow/.local/lib/python3.12/site-packages/airflow/example_dags/example_setup_teardown.py
[2024-04-28T16:11:31.364+0000] {processor.py:840} INFO - DAG(s) 'example_setup_teardown' retrieved from /home/airflow/.local/lib/python3.12/site-packages/airflow/example_dags/example_setup_teardown.py
[2024-04-28T16:11:31.382+0000] {logging_mixin.py:188} INFO - [2024-04-28T16:11:31.382+0000] {dag.py:3096} INFO - Sync 1 DAGs
[2024-04-28T16:11:31.401+0000] {logging_mixin.py:188} INFO - [2024-04-28T16:11:31.401+0000] {dag.py:3954} INFO - Setting next_dagrun for example_setup_teardown to 2024-04-27 00:00:00+00:00, run_after=2024-04-28 00:00:00+00:00
[2024-04-28T16:11:31.417+0000] {processor.py:183} INFO - Processing /home/airflow/.local/lib/python3.12/site-packages/airflow/example_dags/example_setup_teardown.py took 0.065 seconds
[2024-04-28T16:12:01.966+0000] {processor.py:161} INFO - Started process (PID=798) to work on /home/airflow/.local/lib/python3.12/site-packages/airflow/example_dags/example_setup_teardown.py
[2024-04-28T16:12:01.967+0000] {processor.py:830} INFO - Processing file /home/airflow/.local/lib/python3.12/site-packages/airflow/example_dags/example_setup_teardown.py for tasks to queue
[2024-04-28T16:12:01.969+0000] {logging_mixin.py:188} INFO - [2024-04-28T16:12:01.968+0000] {dagbag.py:540} INFO - Filling up the DagBag from /home/airflow/.local/lib/python3.12/site-packages/airflow/example_dags/example_setup_teardown.py
[2024-04-28T16:12:01.974+0000] {processor.py:840} INFO - DAG(s) 'example_setup_teardown' retrieved from /home/airflow/.local/lib/python3.12/site-packages/airflow/example_dags/example_setup_teardown.py
[2024-04-28T16:12:01.989+0000] {logging_mixin.py:188} INFO - [2024-04-28T16:12:01.989+0000] {dag.py:3096} INFO - Sync 1 DAGs
[2024-04-28T16:12:02.007+0000] {logging_mixin.py:188} INFO - [2024-04-28T16:12:02.007+0000] {dag.py:3954} INFO - Setting next_dagrun for example_setup_teardown to 2024-04-27 00:00:00+00:00, run_after=2024-04-28 00:00:00+00:00
[2024-04-28T16:12:02.021+0000] {processor.py:183} INFO - Processing /home/airflow/.local/lib/python3.12/site-packages/airflow/example_dags/example_setup_teardown.py took 0.059 seconds
[2024-04-28T16:12:32.697+0000] {processor.py:161} INFO - Started process (PID=858) to work on /home/airflow/.local/lib/python3.12/site-packages/airflow/example_dags/example_setup_teardown.py
[2024-04-28T16:12:32.699+0000] {processor.py:830} INFO - Processing file /home/airflow/.local/lib/python3.12/site-packages/airflow/example_dags/example_setup_teardown.py for tasks to queue
[2024-04-28T16:12:32.701+0000] {logging_mixin.py:188} INFO - [2024-04-28T16:12:32.701+0000] {dagbag.py:540} INFO - Filling up the DagBag from /home/airflow/.local/lib/python3.12/site-packages/airflow/example_dags/example_setup_teardown.py
[2024-04-28T16:12:32.709+0000] {processor.py:840} INFO - DAG(s) 'example_setup_teardown' retrieved from /home/airflow/.local/lib/python3.12/site-packages/airflow/example_dags/example_setup_teardown.py
[2024-04-28T16:12:32.728+0000] {logging_mixin.py:188} INFO - [2024-04-28T16:12:32.728+0000] {dag.py:3096} INFO - Sync 1 DAGs
[2024-04-28T16:12:32.750+0000] {logging_mixin.py:188} INFO - [2024-04-28T16:12:32.750+0000] {dag.py:3954} INFO - Setting next_dagrun for example_setup_teardown to 2024-04-27 00:00:00+00:00, run_after=2024-04-28 00:00:00+00:00
[2024-04-28T16:12:32.769+0000] {processor.py:183} INFO - Processing /home/airflow/.local/lib/python3.12/site-packages/airflow/example_dags/example_setup_teardown.py took 0.076 seconds
