[2024-04-28T15:48:57.421+0000] {processor.py:161} INFO - Started process (PID=78) to work on /home/airflow/.local/lib/python3.12/site-packages/airflow/example_dags/example_branch_python_dop_operator_3.py
[2024-04-28T15:48:57.422+0000] {processor.py:830} INFO - Processing file /home/airflow/.local/lib/python3.12/site-packages/airflow/example_dags/example_branch_python_dop_operator_3.py for tasks to queue
[2024-04-28T15:48:57.423+0000] {logging_mixin.py:188} INFO - [2024-04-28T15:48:57.423+0000] {dagbag.py:540} INFO - Filling up the DagBag from /home/airflow/.local/lib/python3.12/site-packages/airflow/example_dags/example_branch_python_dop_operator_3.py
[2024-04-28T15:48:57.430+0000] {processor.py:840} INFO - DAG(s) 'example_branch_dop_operator_v3' retrieved from /home/airflow/.local/lib/python3.12/site-packages/airflow/example_dags/example_branch_python_dop_operator_3.py
[2024-04-28T15:48:57.509+0000] {logging_mixin.py:188} INFO - [2024-04-28T15:48:57.509+0000] {override.py:1829} INFO - Created Permission View: can delete on DAG:example_branch_dop_operator_v3
[2024-04-28T15:48:57.517+0000] {logging_mixin.py:188} INFO - [2024-04-28T15:48:57.516+0000] {override.py:1829} INFO - Created Permission View: can edit on DAG:example_branch_dop_operator_v3
[2024-04-28T15:48:57.521+0000] {logging_mixin.py:188} INFO - [2024-04-28T15:48:57.521+0000] {override.py:1829} INFO - Created Permission View: can read on DAG:example_branch_dop_operator_v3
[2024-04-28T15:48:57.522+0000] {logging_mixin.py:188} INFO - [2024-04-28T15:48:57.522+0000] {dag.py:3096} INFO - Sync 1 DAGs
[2024-04-28T15:48:57.529+0000] {logging_mixin.py:188} INFO - [2024-04-28T15:48:57.529+0000] {dag.py:3118} INFO - Creating ORM DAG for example_branch_dop_operator_v3
[2024-04-28T15:48:57.540+0000] {logging_mixin.py:188} INFO - [2024-04-28T15:48:57.540+0000] {dag.py:3954} INFO - Setting next_dagrun for example_branch_dop_operator_v3 to 2024-04-28 15:47:00+00:00, run_after=2024-04-28 15:48:00+00:00
[2024-04-28T15:48:57.553+0000] {processor.py:183} INFO - Processing /home/airflow/.local/lib/python3.12/site-packages/airflow/example_dags/example_branch_python_dop_operator_3.py took 0.137 seconds
[2024-04-28T15:49:28.831+0000] {processor.py:161} INFO - Started process (PID=136) to work on /home/airflow/.local/lib/python3.12/site-packages/airflow/example_dags/example_branch_python_dop_operator_3.py
[2024-04-28T15:49:28.832+0000] {processor.py:830} INFO - Processing file /home/airflow/.local/lib/python3.12/site-packages/airflow/example_dags/example_branch_python_dop_operator_3.py for tasks to queue
[2024-04-28T15:49:28.833+0000] {logging_mixin.py:188} INFO - [2024-04-28T15:49:28.833+0000] {dagbag.py:540} INFO - Filling up the DagBag from /home/airflow/.local/lib/python3.12/site-packages/airflow/example_dags/example_branch_python_dop_operator_3.py
[2024-04-28T15:49:28.840+0000] {processor.py:840} INFO - DAG(s) 'example_branch_dop_operator_v3' retrieved from /home/airflow/.local/lib/python3.12/site-packages/airflow/example_dags/example_branch_python_dop_operator_3.py
[2024-04-28T15:49:28.857+0000] {logging_mixin.py:188} INFO - [2024-04-28T15:49:28.857+0000] {dag.py:3096} INFO - Sync 1 DAGs
[2024-04-28T15:49:28.877+0000] {logging_mixin.py:188} INFO - [2024-04-28T15:49:28.877+0000] {dag.py:3954} INFO - Setting next_dagrun for example_branch_dop_operator_v3 to 2024-04-28 15:48:00+00:00, run_after=2024-04-28 15:49:00+00:00
[2024-04-28T15:49:28.894+0000] {processor.py:183} INFO - Processing /home/airflow/.local/lib/python3.12/site-packages/airflow/example_dags/example_branch_python_dop_operator_3.py took 0.068 seconds
[2024-04-28T15:49:59.554+0000] {processor.py:161} INFO - Started process (PID=194) to work on /home/airflow/.local/lib/python3.12/site-packages/airflow/example_dags/example_branch_python_dop_operator_3.py
[2024-04-28T15:49:59.555+0000] {processor.py:830} INFO - Processing file /home/airflow/.local/lib/python3.12/site-packages/airflow/example_dags/example_branch_python_dop_operator_3.py for tasks to queue
[2024-04-28T15:49:59.556+0000] {logging_mixin.py:188} INFO - [2024-04-28T15:49:59.556+0000] {dagbag.py:540} INFO - Filling up the DagBag from /home/airflow/.local/lib/python3.12/site-packages/airflow/example_dags/example_branch_python_dop_operator_3.py
[2024-04-28T15:49:59.564+0000] {processor.py:840} INFO - DAG(s) 'example_branch_dop_operator_v3' retrieved from /home/airflow/.local/lib/python3.12/site-packages/airflow/example_dags/example_branch_python_dop_operator_3.py
[2024-04-28T15:49:59.580+0000] {logging_mixin.py:188} INFO - [2024-04-28T15:49:59.580+0000] {dag.py:3096} INFO - Sync 1 DAGs
[2024-04-28T15:49:59.600+0000] {logging_mixin.py:188} INFO - [2024-04-28T15:49:59.600+0000] {dag.py:3954} INFO - Setting next_dagrun for example_branch_dop_operator_v3 to 2024-04-28 15:48:00+00:00, run_after=2024-04-28 15:49:00+00:00
[2024-04-28T15:49:59.616+0000] {processor.py:183} INFO - Processing /home/airflow/.local/lib/python3.12/site-packages/airflow/example_dags/example_branch_python_dop_operator_3.py took 0.067 seconds
[2024-04-28T15:50:30.246+0000] {processor.py:161} INFO - Started process (PID=252) to work on /home/airflow/.local/lib/python3.12/site-packages/airflow/example_dags/example_branch_python_dop_operator_3.py
[2024-04-28T15:50:30.247+0000] {processor.py:830} INFO - Processing file /home/airflow/.local/lib/python3.12/site-packages/airflow/example_dags/example_branch_python_dop_operator_3.py for tasks to queue
[2024-04-28T15:50:30.249+0000] {logging_mixin.py:188} INFO - [2024-04-28T15:50:30.249+0000] {dagbag.py:540} INFO - Filling up the DagBag from /home/airflow/.local/lib/python3.12/site-packages/airflow/example_dags/example_branch_python_dop_operator_3.py
[2024-04-28T15:50:30.261+0000] {processor.py:840} INFO - DAG(s) 'example_branch_dop_operator_v3' retrieved from /home/airflow/.local/lib/python3.12/site-packages/airflow/example_dags/example_branch_python_dop_operator_3.py
[2024-04-28T15:50:30.282+0000] {logging_mixin.py:188} INFO - [2024-04-28T15:50:30.282+0000] {dag.py:3096} INFO - Sync 1 DAGs
[2024-04-28T15:50:30.306+0000] {logging_mixin.py:188} INFO - [2024-04-28T15:50:30.306+0000] {dag.py:3954} INFO - Setting next_dagrun for example_branch_dop_operator_v3 to 2024-04-28 15:49:00+00:00, run_after=2024-04-28 15:50:00+00:00
[2024-04-28T15:50:30.329+0000] {processor.py:183} INFO - Processing /home/airflow/.local/lib/python3.12/site-packages/airflow/example_dags/example_branch_python_dop_operator_3.py took 0.091 seconds
[2024-04-28T15:51:00.894+0000] {processor.py:161} INFO - Started process (PID=310) to work on /home/airflow/.local/lib/python3.12/site-packages/airflow/example_dags/example_branch_python_dop_operator_3.py
[2024-04-28T15:51:00.895+0000] {processor.py:830} INFO - Processing file /home/airflow/.local/lib/python3.12/site-packages/airflow/example_dags/example_branch_python_dop_operator_3.py for tasks to queue
[2024-04-28T15:51:00.897+0000] {logging_mixin.py:188} INFO - [2024-04-28T15:51:00.897+0000] {dagbag.py:540} INFO - Filling up the DagBag from /home/airflow/.local/lib/python3.12/site-packages/airflow/example_dags/example_branch_python_dop_operator_3.py
[2024-04-28T15:51:00.905+0000] {processor.py:840} INFO - DAG(s) 'example_branch_dop_operator_v3' retrieved from /home/airflow/.local/lib/python3.12/site-packages/airflow/example_dags/example_branch_python_dop_operator_3.py
[2024-04-28T15:51:00.926+0000] {logging_mixin.py:188} INFO - [2024-04-28T15:51:00.925+0000] {dag.py:3096} INFO - Sync 1 DAGs
[2024-04-28T15:51:00.950+0000] {logging_mixin.py:188} INFO - [2024-04-28T15:51:00.949+0000] {dag.py:3954} INFO - Setting next_dagrun for example_branch_dop_operator_v3 to 2024-04-28 15:50:00+00:00, run_after=2024-04-28 15:51:00+00:00
[2024-04-28T15:51:00.973+0000] {processor.py:183} INFO - Processing /home/airflow/.local/lib/python3.12/site-packages/airflow/example_dags/example_branch_python_dop_operator_3.py took 0.085 seconds
[2024-04-28T15:51:32.088+0000] {processor.py:161} INFO - Started process (PID=368) to work on /home/airflow/.local/lib/python3.12/site-packages/airflow/example_dags/example_branch_python_dop_operator_3.py
[2024-04-28T15:51:32.089+0000] {processor.py:830} INFO - Processing file /home/airflow/.local/lib/python3.12/site-packages/airflow/example_dags/example_branch_python_dop_operator_3.py for tasks to queue
[2024-04-28T15:51:32.091+0000] {logging_mixin.py:188} INFO - [2024-04-28T15:51:32.091+0000] {dagbag.py:540} INFO - Filling up the DagBag from /home/airflow/.local/lib/python3.12/site-packages/airflow/example_dags/example_branch_python_dop_operator_3.py
[2024-04-28T15:51:32.100+0000] {processor.py:840} INFO - DAG(s) 'example_branch_dop_operator_v3' retrieved from /home/airflow/.local/lib/python3.12/site-packages/airflow/example_dags/example_branch_python_dop_operator_3.py
[2024-04-28T15:51:32.122+0000] {logging_mixin.py:188} INFO - [2024-04-28T15:51:32.121+0000] {dag.py:3096} INFO - Sync 1 DAGs
[2024-04-28T15:51:32.147+0000] {logging_mixin.py:188} INFO - [2024-04-28T15:51:32.147+0000] {dag.py:3954} INFO - Setting next_dagrun for example_branch_dop_operator_v3 to 2024-04-28 15:50:00+00:00, run_after=2024-04-28 15:51:00+00:00
[2024-04-28T15:51:32.169+0000] {processor.py:183} INFO - Processing /home/airflow/.local/lib/python3.12/site-packages/airflow/example_dags/example_branch_python_dop_operator_3.py took 0.087 seconds
[2024-04-28T15:53:34.553+0000] {processor.py:161} INFO - Started process (PID=80) to work on /home/airflow/.local/lib/python3.12/site-packages/airflow/example_dags/example_branch_python_dop_operator_3.py
[2024-04-28T15:53:34.554+0000] {processor.py:830} INFO - Processing file /home/airflow/.local/lib/python3.12/site-packages/airflow/example_dags/example_branch_python_dop_operator_3.py for tasks to queue
[2024-04-28T15:53:34.556+0000] {logging_mixin.py:188} INFO - [2024-04-28T15:53:34.555+0000] {dagbag.py:540} INFO - Filling up the DagBag from /home/airflow/.local/lib/python3.12/site-packages/airflow/example_dags/example_branch_python_dop_operator_3.py
[2024-04-28T15:53:34.563+0000] {processor.py:840} INFO - DAG(s) 'example_branch_dop_operator_v3' retrieved from /home/airflow/.local/lib/python3.12/site-packages/airflow/example_dags/example_branch_python_dop_operator_3.py
[2024-04-28T15:53:34.573+0000] {logging_mixin.py:188} INFO - [2024-04-28T15:53:34.573+0000] {dag.py:3096} INFO - Sync 1 DAGs
[2024-04-28T15:53:34.596+0000] {logging_mixin.py:188} INFO - [2024-04-28T15:53:34.596+0000] {dag.py:3954} INFO - Setting next_dagrun for example_branch_dop_operator_v3 to 2024-04-28 15:52:00+00:00, run_after=2024-04-28 15:53:00+00:00
[2024-04-28T15:53:34.614+0000] {processor.py:183} INFO - Processing /home/airflow/.local/lib/python3.12/site-packages/airflow/example_dags/example_branch_python_dop_operator_3.py took 0.066 seconds
[2024-04-28T15:54:06.023+0000] {processor.py:161} INFO - Started process (PID=140) to work on /home/airflow/.local/lib/python3.12/site-packages/airflow/example_dags/example_branch_python_dop_operator_3.py
[2024-04-28T15:54:06.024+0000] {processor.py:830} INFO - Processing file /home/airflow/.local/lib/python3.12/site-packages/airflow/example_dags/example_branch_python_dop_operator_3.py for tasks to queue
[2024-04-28T15:54:06.026+0000] {logging_mixin.py:188} INFO - [2024-04-28T15:54:06.025+0000] {dagbag.py:540} INFO - Filling up the DagBag from /home/airflow/.local/lib/python3.12/site-packages/airflow/example_dags/example_branch_python_dop_operator_3.py
[2024-04-28T15:54:06.033+0000] {processor.py:840} INFO - DAG(s) 'example_branch_dop_operator_v3' retrieved from /home/airflow/.local/lib/python3.12/site-packages/airflow/example_dags/example_branch_python_dop_operator_3.py
[2024-04-28T15:54:06.118+0000] {logging_mixin.py:188} INFO - [2024-04-28T15:54:06.118+0000] {dag.py:3096} INFO - Sync 1 DAGs
[2024-04-28T15:54:06.136+0000] {logging_mixin.py:188} INFO - [2024-04-28T15:54:06.136+0000] {dag.py:3954} INFO - Setting next_dagrun for example_branch_dop_operator_v3 to 2024-04-28 15:53:00+00:00, run_after=2024-04-28 15:54:00+00:00
[2024-04-28T15:54:06.152+0000] {processor.py:183} INFO - Processing /home/airflow/.local/lib/python3.12/site-packages/airflow/example_dags/example_branch_python_dop_operator_3.py took 0.134 seconds
[2024-04-28T15:54:36.263+0000] {processor.py:161} INFO - Started process (PID=208) to work on /home/airflow/.local/lib/python3.12/site-packages/airflow/example_dags/example_branch_python_dop_operator_3.py
[2024-04-28T15:54:36.264+0000] {processor.py:830} INFO - Processing file /home/airflow/.local/lib/python3.12/site-packages/airflow/example_dags/example_branch_python_dop_operator_3.py for tasks to queue
[2024-04-28T15:54:36.265+0000] {logging_mixin.py:188} INFO - [2024-04-28T15:54:36.265+0000] {dagbag.py:540} INFO - Filling up the DagBag from /home/airflow/.local/lib/python3.12/site-packages/airflow/example_dags/example_branch_python_dop_operator_3.py
[2024-04-28T15:54:36.273+0000] {processor.py:840} INFO - DAG(s) 'example_branch_dop_operator_v3' retrieved from /home/airflow/.local/lib/python3.12/site-packages/airflow/example_dags/example_branch_python_dop_operator_3.py
[2024-04-28T15:54:36.292+0000] {logging_mixin.py:188} INFO - [2024-04-28T15:54:36.292+0000] {dag.py:3096} INFO - Sync 1 DAGs
[2024-04-28T15:54:36.312+0000] {logging_mixin.py:188} INFO - [2024-04-28T15:54:36.312+0000] {dag.py:3954} INFO - Setting next_dagrun for example_branch_dop_operator_v3 to 2024-04-28 15:53:00+00:00, run_after=2024-04-28 15:54:00+00:00
[2024-04-28T15:54:36.335+0000] {processor.py:183} INFO - Processing /home/airflow/.local/lib/python3.12/site-packages/airflow/example_dags/example_branch_python_dop_operator_3.py took 0.078 seconds
[2024-04-28T15:55:07.307+0000] {processor.py:161} INFO - Started process (PID=268) to work on /home/airflow/.local/lib/python3.12/site-packages/airflow/example_dags/example_branch_python_dop_operator_3.py
[2024-04-28T15:55:07.308+0000] {processor.py:830} INFO - Processing file /home/airflow/.local/lib/python3.12/site-packages/airflow/example_dags/example_branch_python_dop_operator_3.py for tasks to queue
[2024-04-28T15:55:07.311+0000] {logging_mixin.py:188} INFO - [2024-04-28T15:55:07.310+0000] {dagbag.py:540} INFO - Filling up the DagBag from /home/airflow/.local/lib/python3.12/site-packages/airflow/example_dags/example_branch_python_dop_operator_3.py
[2024-04-28T15:55:07.317+0000] {processor.py:840} INFO - DAG(s) 'example_branch_dop_operator_v3' retrieved from /home/airflow/.local/lib/python3.12/site-packages/airflow/example_dags/example_branch_python_dop_operator_3.py
[2024-04-28T15:55:07.338+0000] {logging_mixin.py:188} INFO - [2024-04-28T15:55:07.337+0000] {dag.py:3096} INFO - Sync 1 DAGs
[2024-04-28T15:55:07.357+0000] {logging_mixin.py:188} INFO - [2024-04-28T15:55:07.357+0000] {dag.py:3954} INFO - Setting next_dagrun for example_branch_dop_operator_v3 to 2024-04-28 15:54:00+00:00, run_after=2024-04-28 15:55:00+00:00
[2024-04-28T15:55:07.375+0000] {processor.py:183} INFO - Processing /home/airflow/.local/lib/python3.12/site-packages/airflow/example_dags/example_branch_python_dop_operator_3.py took 0.073 seconds
[2024-04-28T15:55:38.433+0000] {processor.py:161} INFO - Started process (PID=328) to work on /home/airflow/.local/lib/python3.12/site-packages/airflow/example_dags/example_branch_python_dop_operator_3.py
[2024-04-28T15:55:38.434+0000] {processor.py:830} INFO - Processing file /home/airflow/.local/lib/python3.12/site-packages/airflow/example_dags/example_branch_python_dop_operator_3.py for tasks to queue
[2024-04-28T15:55:38.435+0000] {logging_mixin.py:188} INFO - [2024-04-28T15:55:38.435+0000] {dagbag.py:540} INFO - Filling up the DagBag from /home/airflow/.local/lib/python3.12/site-packages/airflow/example_dags/example_branch_python_dop_operator_3.py
[2024-04-28T15:55:38.443+0000] {processor.py:840} INFO - DAG(s) 'example_branch_dop_operator_v3' retrieved from /home/airflow/.local/lib/python3.12/site-packages/airflow/example_dags/example_branch_python_dop_operator_3.py
[2024-04-28T15:55:38.460+0000] {logging_mixin.py:188} INFO - [2024-04-28T15:55:38.460+0000] {dag.py:3096} INFO - Sync 1 DAGs
[2024-04-28T15:55:38.480+0000] {logging_mixin.py:188} INFO - [2024-04-28T15:55:38.480+0000] {dag.py:3954} INFO - Setting next_dagrun for example_branch_dop_operator_v3 to 2024-04-28 15:54:00+00:00, run_after=2024-04-28 15:55:00+00:00
[2024-04-28T15:55:38.499+0000] {processor.py:183} INFO - Processing /home/airflow/.local/lib/python3.12/site-packages/airflow/example_dags/example_branch_python_dop_operator_3.py took 0.072 seconds
[2024-04-28T15:56:08.777+0000] {processor.py:161} INFO - Started process (PID=388) to work on /home/airflow/.local/lib/python3.12/site-packages/airflow/example_dags/example_branch_python_dop_operator_3.py
[2024-04-28T15:56:08.778+0000] {processor.py:830} INFO - Processing file /home/airflow/.local/lib/python3.12/site-packages/airflow/example_dags/example_branch_python_dop_operator_3.py for tasks to queue
[2024-04-28T15:56:08.780+0000] {logging_mixin.py:188} INFO - [2024-04-28T15:56:08.780+0000] {dagbag.py:540} INFO - Filling up the DagBag from /home/airflow/.local/lib/python3.12/site-packages/airflow/example_dags/example_branch_python_dop_operator_3.py
[2024-04-28T15:56:08.787+0000] {processor.py:840} INFO - DAG(s) 'example_branch_dop_operator_v3' retrieved from /home/airflow/.local/lib/python3.12/site-packages/airflow/example_dags/example_branch_python_dop_operator_3.py
[2024-04-28T15:56:08.803+0000] {logging_mixin.py:188} INFO - [2024-04-28T15:56:08.803+0000] {dag.py:3096} INFO - Sync 1 DAGs
[2024-04-28T15:56:08.822+0000] {logging_mixin.py:188} INFO - [2024-04-28T15:56:08.822+0000] {dag.py:3954} INFO - Setting next_dagrun for example_branch_dop_operator_v3 to 2024-04-28 15:55:00+00:00, run_after=2024-04-28 15:56:00+00:00
[2024-04-28T15:56:08.837+0000] {processor.py:183} INFO - Processing /home/airflow/.local/lib/python3.12/site-packages/airflow/example_dags/example_branch_python_dop_operator_3.py took 0.064 seconds
[2024-04-28T15:56:39.914+0000] {processor.py:161} INFO - Started process (PID=448) to work on /home/airflow/.local/lib/python3.12/site-packages/airflow/example_dags/example_branch_python_dop_operator_3.py
[2024-04-28T15:56:39.915+0000] {processor.py:830} INFO - Processing file /home/airflow/.local/lib/python3.12/site-packages/airflow/example_dags/example_branch_python_dop_operator_3.py for tasks to queue
[2024-04-28T15:56:39.917+0000] {logging_mixin.py:188} INFO - [2024-04-28T15:56:39.916+0000] {dagbag.py:540} INFO - Filling up the DagBag from /home/airflow/.local/lib/python3.12/site-packages/airflow/example_dags/example_branch_python_dop_operator_3.py
[2024-04-28T15:56:39.924+0000] {processor.py:840} INFO - DAG(s) 'example_branch_dop_operator_v3' retrieved from /home/airflow/.local/lib/python3.12/site-packages/airflow/example_dags/example_branch_python_dop_operator_3.py
[2024-04-28T15:56:39.942+0000] {logging_mixin.py:188} INFO - [2024-04-28T15:56:39.942+0000] {dag.py:3096} INFO - Sync 1 DAGs
[2024-04-28T15:56:39.964+0000] {logging_mixin.py:188} INFO - [2024-04-28T15:56:39.963+0000] {dag.py:3954} INFO - Setting next_dagrun for example_branch_dop_operator_v3 to 2024-04-28 15:55:00+00:00, run_after=2024-04-28 15:56:00+00:00
[2024-04-28T15:56:39.981+0000] {processor.py:183} INFO - Processing /home/airflow/.local/lib/python3.12/site-packages/airflow/example_dags/example_branch_python_dop_operator_3.py took 0.072 seconds
[2024-04-28T15:57:10.402+0000] {processor.py:161} INFO - Started process (PID=508) to work on /home/airflow/.local/lib/python3.12/site-packages/airflow/example_dags/example_branch_python_dop_operator_3.py
[2024-04-28T15:57:10.403+0000] {processor.py:830} INFO - Processing file /home/airflow/.local/lib/python3.12/site-packages/airflow/example_dags/example_branch_python_dop_operator_3.py for tasks to queue
[2024-04-28T15:57:10.404+0000] {logging_mixin.py:188} INFO - [2024-04-28T15:57:10.404+0000] {dagbag.py:540} INFO - Filling up the DagBag from /home/airflow/.local/lib/python3.12/site-packages/airflow/example_dags/example_branch_python_dop_operator_3.py
[2024-04-28T15:57:10.411+0000] {processor.py:840} INFO - DAG(s) 'example_branch_dop_operator_v3' retrieved from /home/airflow/.local/lib/python3.12/site-packages/airflow/example_dags/example_branch_python_dop_operator_3.py
[2024-04-28T15:57:10.427+0000] {logging_mixin.py:188} INFO - [2024-04-28T15:57:10.427+0000] {dag.py:3096} INFO - Sync 1 DAGs
[2024-04-28T15:57:10.447+0000] {logging_mixin.py:188} INFO - [2024-04-28T15:57:10.447+0000] {dag.py:3954} INFO - Setting next_dagrun for example_branch_dop_operator_v3 to 2024-04-28 15:56:00+00:00, run_after=2024-04-28 15:57:00+00:00
[2024-04-28T15:57:10.463+0000] {processor.py:183} INFO - Processing /home/airflow/.local/lib/python3.12/site-packages/airflow/example_dags/example_branch_python_dop_operator_3.py took 0.065 seconds
[2024-04-28T15:57:40.505+0000] {processor.py:161} INFO - Started process (PID=568) to work on /home/airflow/.local/lib/python3.12/site-packages/airflow/example_dags/example_branch_python_dop_operator_3.py
[2024-04-28T15:57:40.506+0000] {processor.py:830} INFO - Processing file /home/airflow/.local/lib/python3.12/site-packages/airflow/example_dags/example_branch_python_dop_operator_3.py for tasks to queue
[2024-04-28T15:57:40.508+0000] {logging_mixin.py:188} INFO - [2024-04-28T15:57:40.507+0000] {dagbag.py:540} INFO - Filling up the DagBag from /home/airflow/.local/lib/python3.12/site-packages/airflow/example_dags/example_branch_python_dop_operator_3.py
[2024-04-28T15:57:40.514+0000] {processor.py:840} INFO - DAG(s) 'example_branch_dop_operator_v3' retrieved from /home/airflow/.local/lib/python3.12/site-packages/airflow/example_dags/example_branch_python_dop_operator_3.py
[2024-04-28T15:57:40.531+0000] {logging_mixin.py:188} INFO - [2024-04-28T15:57:40.531+0000] {dag.py:3096} INFO - Sync 1 DAGs
[2024-04-28T15:57:40.550+0000] {logging_mixin.py:188} INFO - [2024-04-28T15:57:40.550+0000] {dag.py:3954} INFO - Setting next_dagrun for example_branch_dop_operator_v3 to 2024-04-28 15:56:00+00:00, run_after=2024-04-28 15:57:00+00:00
[2024-04-28T15:57:40.566+0000] {processor.py:183} INFO - Processing /home/airflow/.local/lib/python3.12/site-packages/airflow/example_dags/example_branch_python_dop_operator_3.py took 0.065 seconds
[2024-04-28T15:58:10.913+0000] {processor.py:161} INFO - Started process (PID=626) to work on /home/airflow/.local/lib/python3.12/site-packages/airflow/example_dags/example_branch_python_dop_operator_3.py
[2024-04-28T15:58:10.914+0000] {processor.py:830} INFO - Processing file /home/airflow/.local/lib/python3.12/site-packages/airflow/example_dags/example_branch_python_dop_operator_3.py for tasks to queue
[2024-04-28T15:58:10.916+0000] {logging_mixin.py:188} INFO - [2024-04-28T15:58:10.915+0000] {dagbag.py:540} INFO - Filling up the DagBag from /home/airflow/.local/lib/python3.12/site-packages/airflow/example_dags/example_branch_python_dop_operator_3.py
[2024-04-28T15:58:10.923+0000] {processor.py:840} INFO - DAG(s) 'example_branch_dop_operator_v3' retrieved from /home/airflow/.local/lib/python3.12/site-packages/airflow/example_dags/example_branch_python_dop_operator_3.py
[2024-04-28T15:58:10.941+0000] {logging_mixin.py:188} INFO - [2024-04-28T15:58:10.940+0000] {dag.py:3096} INFO - Sync 1 DAGs
[2024-04-28T15:58:10.960+0000] {logging_mixin.py:188} INFO - [2024-04-28T15:58:10.960+0000] {dag.py:3954} INFO - Setting next_dagrun for example_branch_dop_operator_v3 to 2024-04-28 15:57:00+00:00, run_after=2024-04-28 15:58:00+00:00
[2024-04-28T15:58:10.977+0000] {processor.py:183} INFO - Processing /home/airflow/.local/lib/python3.12/site-packages/airflow/example_dags/example_branch_python_dop_operator_3.py took 0.069 seconds
[2024-04-28T15:58:41.370+0000] {processor.py:161} INFO - Started process (PID=686) to work on /home/airflow/.local/lib/python3.12/site-packages/airflow/example_dags/example_branch_python_dop_operator_3.py
[2024-04-28T15:58:41.371+0000] {processor.py:830} INFO - Processing file /home/airflow/.local/lib/python3.12/site-packages/airflow/example_dags/example_branch_python_dop_operator_3.py for tasks to queue
[2024-04-28T15:58:41.373+0000] {logging_mixin.py:188} INFO - [2024-04-28T15:58:41.372+0000] {dagbag.py:540} INFO - Filling up the DagBag from /home/airflow/.local/lib/python3.12/site-packages/airflow/example_dags/example_branch_python_dop_operator_3.py
[2024-04-28T15:58:41.379+0000] {processor.py:840} INFO - DAG(s) 'example_branch_dop_operator_v3' retrieved from /home/airflow/.local/lib/python3.12/site-packages/airflow/example_dags/example_branch_python_dop_operator_3.py
[2024-04-28T15:58:41.396+0000] {logging_mixin.py:188} INFO - [2024-04-28T15:58:41.396+0000] {dag.py:3096} INFO - Sync 1 DAGs
[2024-04-28T15:58:41.418+0000] {logging_mixin.py:188} INFO - [2024-04-28T15:58:41.418+0000] {dag.py:3954} INFO - Setting next_dagrun for example_branch_dop_operator_v3 to 2024-04-28 15:57:00+00:00, run_after=2024-04-28 15:58:00+00:00
[2024-04-28T15:58:41.434+0000] {processor.py:183} INFO - Processing /home/airflow/.local/lib/python3.12/site-packages/airflow/example_dags/example_branch_python_dop_operator_3.py took 0.069 seconds
[2024-04-28T15:59:11.979+0000] {processor.py:161} INFO - Started process (PID=746) to work on /home/airflow/.local/lib/python3.12/site-packages/airflow/example_dags/example_branch_python_dop_operator_3.py
[2024-04-28T15:59:11.981+0000] {processor.py:830} INFO - Processing file /home/airflow/.local/lib/python3.12/site-packages/airflow/example_dags/example_branch_python_dop_operator_3.py for tasks to queue
[2024-04-28T15:59:11.982+0000] {logging_mixin.py:188} INFO - [2024-04-28T15:59:11.982+0000] {dagbag.py:540} INFO - Filling up the DagBag from /home/airflow/.local/lib/python3.12/site-packages/airflow/example_dags/example_branch_python_dop_operator_3.py
[2024-04-28T15:59:11.991+0000] {processor.py:840} INFO - DAG(s) 'example_branch_dop_operator_v3' retrieved from /home/airflow/.local/lib/python3.12/site-packages/airflow/example_dags/example_branch_python_dop_operator_3.py
[2024-04-28T15:59:12.009+0000] {logging_mixin.py:188} INFO - [2024-04-28T15:59:12.009+0000] {dag.py:3096} INFO - Sync 1 DAGs
[2024-04-28T15:59:12.030+0000] {logging_mixin.py:188} INFO - [2024-04-28T15:59:12.030+0000] {dag.py:3954} INFO - Setting next_dagrun for example_branch_dop_operator_v3 to 2024-04-28 15:58:00+00:00, run_after=2024-04-28 15:59:00+00:00
[2024-04-28T15:59:12.046+0000] {processor.py:183} INFO - Processing /home/airflow/.local/lib/python3.12/site-packages/airflow/example_dags/example_branch_python_dop_operator_3.py took 0.071 seconds
[2024-04-28T15:59:42.458+0000] {processor.py:161} INFO - Started process (PID=806) to work on /home/airflow/.local/lib/python3.12/site-packages/airflow/example_dags/example_branch_python_dop_operator_3.py
[2024-04-28T15:59:42.459+0000] {processor.py:830} INFO - Processing file /home/airflow/.local/lib/python3.12/site-packages/airflow/example_dags/example_branch_python_dop_operator_3.py for tasks to queue
[2024-04-28T15:59:42.460+0000] {logging_mixin.py:188} INFO - [2024-04-28T15:59:42.460+0000] {dagbag.py:540} INFO - Filling up the DagBag from /home/airflow/.local/lib/python3.12/site-packages/airflow/example_dags/example_branch_python_dop_operator_3.py
[2024-04-28T15:59:42.467+0000] {processor.py:840} INFO - DAG(s) 'example_branch_dop_operator_v3' retrieved from /home/airflow/.local/lib/python3.12/site-packages/airflow/example_dags/example_branch_python_dop_operator_3.py
[2024-04-28T15:59:42.482+0000] {logging_mixin.py:188} INFO - [2024-04-28T15:59:42.481+0000] {dag.py:3096} INFO - Sync 1 DAGs
[2024-04-28T15:59:42.501+0000] {logging_mixin.py:188} INFO - [2024-04-28T15:59:42.501+0000] {dag.py:3954} INFO - Setting next_dagrun for example_branch_dop_operator_v3 to 2024-04-28 15:58:00+00:00, run_after=2024-04-28 15:59:00+00:00
[2024-04-28T15:59:42.515+0000] {processor.py:183} INFO - Processing /home/airflow/.local/lib/python3.12/site-packages/airflow/example_dags/example_branch_python_dop_operator_3.py took 0.062 seconds
[2024-04-28T16:00:13.082+0000] {processor.py:161} INFO - Started process (PID=866) to work on /home/airflow/.local/lib/python3.12/site-packages/airflow/example_dags/example_branch_python_dop_operator_3.py
[2024-04-28T16:00:13.083+0000] {processor.py:830} INFO - Processing file /home/airflow/.local/lib/python3.12/site-packages/airflow/example_dags/example_branch_python_dop_operator_3.py for tasks to queue
[2024-04-28T16:00:13.084+0000] {logging_mixin.py:188} INFO - [2024-04-28T16:00:13.084+0000] {dagbag.py:540} INFO - Filling up the DagBag from /home/airflow/.local/lib/python3.12/site-packages/airflow/example_dags/example_branch_python_dop_operator_3.py
[2024-04-28T16:00:13.091+0000] {processor.py:840} INFO - DAG(s) 'example_branch_dop_operator_v3' retrieved from /home/airflow/.local/lib/python3.12/site-packages/airflow/example_dags/example_branch_python_dop_operator_3.py
[2024-04-28T16:00:13.107+0000] {logging_mixin.py:188} INFO - [2024-04-28T16:00:13.107+0000] {dag.py:3096} INFO - Sync 1 DAGs
[2024-04-28T16:00:13.126+0000] {logging_mixin.py:188} INFO - [2024-04-28T16:00:13.126+0000] {dag.py:3954} INFO - Setting next_dagrun for example_branch_dop_operator_v3 to 2024-04-28 15:59:00+00:00, run_after=2024-04-28 16:00:00+00:00
[2024-04-28T16:00:13.141+0000] {processor.py:183} INFO - Processing /home/airflow/.local/lib/python3.12/site-packages/airflow/example_dags/example_branch_python_dop_operator_3.py took 0.064 seconds
[2024-04-28T16:00:43.621+0000] {processor.py:161} INFO - Started process (PID=926) to work on /home/airflow/.local/lib/python3.12/site-packages/airflow/example_dags/example_branch_python_dop_operator_3.py
[2024-04-28T16:00:43.622+0000] {processor.py:830} INFO - Processing file /home/airflow/.local/lib/python3.12/site-packages/airflow/example_dags/example_branch_python_dop_operator_3.py for tasks to queue
[2024-04-28T16:00:43.624+0000] {logging_mixin.py:188} INFO - [2024-04-28T16:00:43.623+0000] {dagbag.py:540} INFO - Filling up the DagBag from /home/airflow/.local/lib/python3.12/site-packages/airflow/example_dags/example_branch_python_dop_operator_3.py
[2024-04-28T16:00:43.633+0000] {processor.py:840} INFO - DAG(s) 'example_branch_dop_operator_v3' retrieved from /home/airflow/.local/lib/python3.12/site-packages/airflow/example_dags/example_branch_python_dop_operator_3.py
[2024-04-28T16:00:43.651+0000] {logging_mixin.py:188} INFO - [2024-04-28T16:00:43.651+0000] {dag.py:3096} INFO - Sync 1 DAGs
[2024-04-28T16:00:43.681+0000] {logging_mixin.py:188} INFO - [2024-04-28T16:00:43.680+0000] {dag.py:3954} INFO - Setting next_dagrun for example_branch_dop_operator_v3 to 2024-04-28 15:59:00+00:00, run_after=2024-04-28 16:00:00+00:00
[2024-04-28T16:00:43.702+0000] {processor.py:183} INFO - Processing /home/airflow/.local/lib/python3.12/site-packages/airflow/example_dags/example_branch_python_dop_operator_3.py took 0.087 seconds
[2024-04-28T16:05:54.763+0000] {processor.py:161} INFO - Started process (PID=80) to work on /home/airflow/.local/lib/python3.12/site-packages/airflow/example_dags/example_branch_python_dop_operator_3.py
[2024-04-28T16:05:54.765+0000] {processor.py:830} INFO - Processing file /home/airflow/.local/lib/python3.12/site-packages/airflow/example_dags/example_branch_python_dop_operator_3.py for tasks to queue
[2024-04-28T16:05:54.767+0000] {logging_mixin.py:188} INFO - [2024-04-28T16:05:54.766+0000] {dagbag.py:540} INFO - Filling up the DagBag from /home/airflow/.local/lib/python3.12/site-packages/airflow/example_dags/example_branch_python_dop_operator_3.py
[2024-04-28T16:05:54.773+0000] {processor.py:840} INFO - DAG(s) 'example_branch_dop_operator_v3' retrieved from /home/airflow/.local/lib/python3.12/site-packages/airflow/example_dags/example_branch_python_dop_operator_3.py
[2024-04-28T16:05:54.782+0000] {logging_mixin.py:188} INFO - [2024-04-28T16:05:54.782+0000] {dag.py:3096} INFO - Sync 1 DAGs
[2024-04-28T16:05:54.803+0000] {logging_mixin.py:188} INFO - [2024-04-28T16:05:54.803+0000] {dag.py:3954} INFO - Setting next_dagrun for example_branch_dop_operator_v3 to 2024-04-28 16:04:00+00:00, run_after=2024-04-28 16:05:00+00:00
[2024-04-28T16:05:54.817+0000] {processor.py:183} INFO - Processing /home/airflow/.local/lib/python3.12/site-packages/airflow/example_dags/example_branch_python_dop_operator_3.py took 0.058 seconds
[2024-04-28T16:06:26.435+0000] {processor.py:161} INFO - Started process (PID=140) to work on /home/airflow/.local/lib/python3.12/site-packages/airflow/example_dags/example_branch_python_dop_operator_3.py
[2024-04-28T16:06:26.436+0000] {processor.py:830} INFO - Processing file /home/airflow/.local/lib/python3.12/site-packages/airflow/example_dags/example_branch_python_dop_operator_3.py for tasks to queue
[2024-04-28T16:06:26.437+0000] {logging_mixin.py:188} INFO - [2024-04-28T16:06:26.437+0000] {dagbag.py:540} INFO - Filling up the DagBag from /home/airflow/.local/lib/python3.12/site-packages/airflow/example_dags/example_branch_python_dop_operator_3.py
[2024-04-28T16:06:26.444+0000] {processor.py:840} INFO - DAG(s) 'example_branch_dop_operator_v3' retrieved from /home/airflow/.local/lib/python3.12/site-packages/airflow/example_dags/example_branch_python_dop_operator_3.py
[2024-04-28T16:06:26.519+0000] {logging_mixin.py:188} INFO - [2024-04-28T16:06:26.519+0000] {dag.py:3096} INFO - Sync 1 DAGs
[2024-04-28T16:06:26.536+0000] {logging_mixin.py:188} INFO - [2024-04-28T16:06:26.536+0000] {dag.py:3954} INFO - Setting next_dagrun for example_branch_dop_operator_v3 to 2024-04-28 16:05:00+00:00, run_after=2024-04-28 16:06:00+00:00
[2024-04-28T16:06:26.552+0000] {processor.py:183} INFO - Processing /home/airflow/.local/lib/python3.12/site-packages/airflow/example_dags/example_branch_python_dop_operator_3.py took 0.122 seconds
[2024-04-28T16:06:57.440+0000] {processor.py:161} INFO - Started process (PID=204) to work on /home/airflow/.local/lib/python3.12/site-packages/airflow/example_dags/example_branch_python_dop_operator_3.py
[2024-04-28T16:06:57.441+0000] {processor.py:830} INFO - Processing file /home/airflow/.local/lib/python3.12/site-packages/airflow/example_dags/example_branch_python_dop_operator_3.py for tasks to queue
[2024-04-28T16:06:57.442+0000] {logging_mixin.py:188} INFO - [2024-04-28T16:06:57.442+0000] {dagbag.py:540} INFO - Filling up the DagBag from /home/airflow/.local/lib/python3.12/site-packages/airflow/example_dags/example_branch_python_dop_operator_3.py
[2024-04-28T16:06:57.449+0000] {processor.py:840} INFO - DAG(s) 'example_branch_dop_operator_v3' retrieved from /home/airflow/.local/lib/python3.12/site-packages/airflow/example_dags/example_branch_python_dop_operator_3.py
[2024-04-28T16:06:57.469+0000] {logging_mixin.py:188} INFO - [2024-04-28T16:06:57.468+0000] {dag.py:3096} INFO - Sync 1 DAGs
[2024-04-28T16:06:57.487+0000] {logging_mixin.py:188} INFO - [2024-04-28T16:06:57.487+0000] {dag.py:3954} INFO - Setting next_dagrun for example_branch_dop_operator_v3 to 2024-04-28 16:05:00+00:00, run_after=2024-04-28 16:06:00+00:00
[2024-04-28T16:06:57.503+0000] {processor.py:183} INFO - Processing /home/airflow/.local/lib/python3.12/site-packages/airflow/example_dags/example_branch_python_dop_operator_3.py took 0.067 seconds
[2024-04-28T16:07:28.024+0000] {processor.py:161} INFO - Started process (PID=264) to work on /home/airflow/.local/lib/python3.12/site-packages/airflow/example_dags/example_branch_python_dop_operator_3.py
[2024-04-28T16:07:28.025+0000] {processor.py:830} INFO - Processing file /home/airflow/.local/lib/python3.12/site-packages/airflow/example_dags/example_branch_python_dop_operator_3.py for tasks to queue
[2024-04-28T16:07:28.026+0000] {logging_mixin.py:188} INFO - [2024-04-28T16:07:28.026+0000] {dagbag.py:540} INFO - Filling up the DagBag from /home/airflow/.local/lib/python3.12/site-packages/airflow/example_dags/example_branch_python_dop_operator_3.py
[2024-04-28T16:07:28.034+0000] {processor.py:840} INFO - DAG(s) 'example_branch_dop_operator_v3' retrieved from /home/airflow/.local/lib/python3.12/site-packages/airflow/example_dags/example_branch_python_dop_operator_3.py
[2024-04-28T16:07:28.050+0000] {logging_mixin.py:188} INFO - [2024-04-28T16:07:28.050+0000] {dag.py:3096} INFO - Sync 1 DAGs
[2024-04-28T16:07:28.069+0000] {logging_mixin.py:188} INFO - [2024-04-28T16:07:28.069+0000] {dag.py:3954} INFO - Setting next_dagrun for example_branch_dop_operator_v3 to 2024-04-28 16:06:00+00:00, run_after=2024-04-28 16:07:00+00:00
[2024-04-28T16:07:28.087+0000] {processor.py:183} INFO - Processing /home/airflow/.local/lib/python3.12/site-packages/airflow/example_dags/example_branch_python_dop_operator_3.py took 0.068 seconds
[2024-04-28T16:07:58.524+0000] {processor.py:161} INFO - Started process (PID=324) to work on /home/airflow/.local/lib/python3.12/site-packages/airflow/example_dags/example_branch_python_dop_operator_3.py
[2024-04-28T16:07:58.525+0000] {processor.py:830} INFO - Processing file /home/airflow/.local/lib/python3.12/site-packages/airflow/example_dags/example_branch_python_dop_operator_3.py for tasks to queue
[2024-04-28T16:07:58.527+0000] {logging_mixin.py:188} INFO - [2024-04-28T16:07:58.526+0000] {dagbag.py:540} INFO - Filling up the DagBag from /home/airflow/.local/lib/python3.12/site-packages/airflow/example_dags/example_branch_python_dop_operator_3.py
[2024-04-28T16:07:58.534+0000] {processor.py:840} INFO - DAG(s) 'example_branch_dop_operator_v3' retrieved from /home/airflow/.local/lib/python3.12/site-packages/airflow/example_dags/example_branch_python_dop_operator_3.py
[2024-04-28T16:07:58.550+0000] {logging_mixin.py:188} INFO - [2024-04-28T16:07:58.550+0000] {dag.py:3096} INFO - Sync 1 DAGs
[2024-04-28T16:07:58.570+0000] {logging_mixin.py:188} INFO - [2024-04-28T16:07:58.570+0000] {dag.py:3954} INFO - Setting next_dagrun for example_branch_dop_operator_v3 to 2024-04-28 16:06:00+00:00, run_after=2024-04-28 16:07:00+00:00
[2024-04-28T16:07:58.586+0000] {processor.py:183} INFO - Processing /home/airflow/.local/lib/python3.12/site-packages/airflow/example_dags/example_branch_python_dop_operator_3.py took 0.067 seconds
[2024-04-28T16:08:29.110+0000] {processor.py:161} INFO - Started process (PID=384) to work on /home/airflow/.local/lib/python3.12/site-packages/airflow/example_dags/example_branch_python_dop_operator_3.py
[2024-04-28T16:08:29.111+0000] {processor.py:830} INFO - Processing file /home/airflow/.local/lib/python3.12/site-packages/airflow/example_dags/example_branch_python_dop_operator_3.py for tasks to queue
[2024-04-28T16:08:29.112+0000] {logging_mixin.py:188} INFO - [2024-04-28T16:08:29.112+0000] {dagbag.py:540} INFO - Filling up the DagBag from /home/airflow/.local/lib/python3.12/site-packages/airflow/example_dags/example_branch_python_dop_operator_3.py
[2024-04-28T16:08:29.119+0000] {processor.py:840} INFO - DAG(s) 'example_branch_dop_operator_v3' retrieved from /home/airflow/.local/lib/python3.12/site-packages/airflow/example_dags/example_branch_python_dop_operator_3.py
[2024-04-28T16:08:29.136+0000] {logging_mixin.py:188} INFO - [2024-04-28T16:08:29.135+0000] {dag.py:3096} INFO - Sync 1 DAGs
[2024-04-28T16:08:29.155+0000] {logging_mixin.py:188} INFO - [2024-04-28T16:08:29.154+0000] {dag.py:3954} INFO - Setting next_dagrun for example_branch_dop_operator_v3 to 2024-04-28 16:07:00+00:00, run_after=2024-04-28 16:08:00+00:00
[2024-04-28T16:08:29.170+0000] {processor.py:183} INFO - Processing /home/airflow/.local/lib/python3.12/site-packages/airflow/example_dags/example_branch_python_dop_operator_3.py took 0.064 seconds
[2024-04-28T16:09:00.114+0000] {processor.py:161} INFO - Started process (PID=444) to work on /home/airflow/.local/lib/python3.12/site-packages/airflow/example_dags/example_branch_python_dop_operator_3.py
[2024-04-28T16:09:00.115+0000] {processor.py:830} INFO - Processing file /home/airflow/.local/lib/python3.12/site-packages/airflow/example_dags/example_branch_python_dop_operator_3.py for tasks to queue
[2024-04-28T16:09:00.116+0000] {logging_mixin.py:188} INFO - [2024-04-28T16:09:00.116+0000] {dagbag.py:540} INFO - Filling up the DagBag from /home/airflow/.local/lib/python3.12/site-packages/airflow/example_dags/example_branch_python_dop_operator_3.py
[2024-04-28T16:09:00.124+0000] {processor.py:840} INFO - DAG(s) 'example_branch_dop_operator_v3' retrieved from /home/airflow/.local/lib/python3.12/site-packages/airflow/example_dags/example_branch_python_dop_operator_3.py
[2024-04-28T16:09:00.140+0000] {logging_mixin.py:188} INFO - [2024-04-28T16:09:00.140+0000] {dag.py:3096} INFO - Sync 1 DAGs
[2024-04-28T16:09:00.159+0000] {logging_mixin.py:188} INFO - [2024-04-28T16:09:00.159+0000] {dag.py:3954} INFO - Setting next_dagrun for example_branch_dop_operator_v3 to 2024-04-28 16:08:00+00:00, run_after=2024-04-28 16:09:00+00:00
[2024-04-28T16:09:00.176+0000] {processor.py:183} INFO - Processing /home/airflow/.local/lib/python3.12/site-packages/airflow/example_dags/example_branch_python_dop_operator_3.py took 0.066 seconds
[2024-04-28T16:09:30.831+0000] {processor.py:161} INFO - Started process (PID=504) to work on /home/airflow/.local/lib/python3.12/site-packages/airflow/example_dags/example_branch_python_dop_operator_3.py
[2024-04-28T16:09:30.832+0000] {processor.py:830} INFO - Processing file /home/airflow/.local/lib/python3.12/site-packages/airflow/example_dags/example_branch_python_dop_operator_3.py for tasks to queue
[2024-04-28T16:09:30.833+0000] {logging_mixin.py:188} INFO - [2024-04-28T16:09:30.833+0000] {dagbag.py:540} INFO - Filling up the DagBag from /home/airflow/.local/lib/python3.12/site-packages/airflow/example_dags/example_branch_python_dop_operator_3.py
[2024-04-28T16:09:30.840+0000] {processor.py:840} INFO - DAG(s) 'example_branch_dop_operator_v3' retrieved from /home/airflow/.local/lib/python3.12/site-packages/airflow/example_dags/example_branch_python_dop_operator_3.py
[2024-04-28T16:09:30.855+0000] {logging_mixin.py:188} INFO - [2024-04-28T16:09:30.855+0000] {dag.py:3096} INFO - Sync 1 DAGs
[2024-04-28T16:09:30.873+0000] {logging_mixin.py:188} INFO - [2024-04-28T16:09:30.873+0000] {dag.py:3954} INFO - Setting next_dagrun for example_branch_dop_operator_v3 to 2024-04-28 16:08:00+00:00, run_after=2024-04-28 16:09:00+00:00
[2024-04-28T16:09:30.887+0000] {processor.py:183} INFO - Processing /home/airflow/.local/lib/python3.12/site-packages/airflow/example_dags/example_branch_python_dop_operator_3.py took 0.060 seconds
[2024-04-28T16:10:01.359+0000] {processor.py:161} INFO - Started process (PID=564) to work on /home/airflow/.local/lib/python3.12/site-packages/airflow/example_dags/example_branch_python_dop_operator_3.py
[2024-04-28T16:10:01.360+0000] {processor.py:830} INFO - Processing file /home/airflow/.local/lib/python3.12/site-packages/airflow/example_dags/example_branch_python_dop_operator_3.py for tasks to queue
[2024-04-28T16:10:01.361+0000] {logging_mixin.py:188} INFO - [2024-04-28T16:10:01.361+0000] {dagbag.py:540} INFO - Filling up the DagBag from /home/airflow/.local/lib/python3.12/site-packages/airflow/example_dags/example_branch_python_dop_operator_3.py
[2024-04-28T16:10:01.369+0000] {processor.py:840} INFO - DAG(s) 'example_branch_dop_operator_v3' retrieved from /home/airflow/.local/lib/python3.12/site-packages/airflow/example_dags/example_branch_python_dop_operator_3.py
[2024-04-28T16:10:01.384+0000] {logging_mixin.py:188} INFO - [2024-04-28T16:10:01.384+0000] {dag.py:3096} INFO - Sync 1 DAGs
[2024-04-28T16:10:01.402+0000] {logging_mixin.py:188} INFO - [2024-04-28T16:10:01.401+0000] {dag.py:3954} INFO - Setting next_dagrun for example_branch_dop_operator_v3 to 2024-04-28 16:09:00+00:00, run_after=2024-04-28 16:10:00+00:00
[2024-04-28T16:10:01.416+0000] {processor.py:183} INFO - Processing /home/airflow/.local/lib/python3.12/site-packages/airflow/example_dags/example_branch_python_dop_operator_3.py took 0.062 seconds
[2024-04-28T16:10:31.678+0000] {processor.py:161} INFO - Started process (PID=624) to work on /home/airflow/.local/lib/python3.12/site-packages/airflow/example_dags/example_branch_python_dop_operator_3.py
[2024-04-28T16:10:31.679+0000] {processor.py:830} INFO - Processing file /home/airflow/.local/lib/python3.12/site-packages/airflow/example_dags/example_branch_python_dop_operator_3.py for tasks to queue
[2024-04-28T16:10:31.681+0000] {logging_mixin.py:188} INFO - [2024-04-28T16:10:31.680+0000] {dagbag.py:540} INFO - Filling up the DagBag from /home/airflow/.local/lib/python3.12/site-packages/airflow/example_dags/example_branch_python_dop_operator_3.py
[2024-04-28T16:10:31.688+0000] {processor.py:840} INFO - DAG(s) 'example_branch_dop_operator_v3' retrieved from /home/airflow/.local/lib/python3.12/site-packages/airflow/example_dags/example_branch_python_dop_operator_3.py
[2024-04-28T16:10:31.705+0000] {logging_mixin.py:188} INFO - [2024-04-28T16:10:31.705+0000] {dag.py:3096} INFO - Sync 1 DAGs
[2024-04-28T16:10:31.725+0000] {logging_mixin.py:188} INFO - [2024-04-28T16:10:31.725+0000] {dag.py:3954} INFO - Setting next_dagrun for example_branch_dop_operator_v3 to 2024-04-28 16:09:00+00:00, run_after=2024-04-28 16:10:00+00:00
[2024-04-28T16:10:31.741+0000] {processor.py:183} INFO - Processing /home/airflow/.local/lib/python3.12/site-packages/airflow/example_dags/example_branch_python_dop_operator_3.py took 0.069 seconds
[2024-04-28T16:11:01.948+0000] {processor.py:161} INFO - Started process (PID=684) to work on /home/airflow/.local/lib/python3.12/site-packages/airflow/example_dags/example_branch_python_dop_operator_3.py
[2024-04-28T16:11:01.949+0000] {processor.py:830} INFO - Processing file /home/airflow/.local/lib/python3.12/site-packages/airflow/example_dags/example_branch_python_dop_operator_3.py for tasks to queue
[2024-04-28T16:11:01.950+0000] {logging_mixin.py:188} INFO - [2024-04-28T16:11:01.950+0000] {dagbag.py:540} INFO - Filling up the DagBag from /home/airflow/.local/lib/python3.12/site-packages/airflow/example_dags/example_branch_python_dop_operator_3.py
[2024-04-28T16:11:01.956+0000] {processor.py:840} INFO - DAG(s) 'example_branch_dop_operator_v3' retrieved from /home/airflow/.local/lib/python3.12/site-packages/airflow/example_dags/example_branch_python_dop_operator_3.py
[2024-04-28T16:11:01.972+0000] {logging_mixin.py:188} INFO - [2024-04-28T16:11:01.972+0000] {dag.py:3096} INFO - Sync 1 DAGs
[2024-04-28T16:11:01.991+0000] {logging_mixin.py:188} INFO - [2024-04-28T16:11:01.991+0000] {dag.py:3954} INFO - Setting next_dagrun for example_branch_dop_operator_v3 to 2024-04-28 16:10:00+00:00, run_after=2024-04-28 16:11:00+00:00
[2024-04-28T16:11:02.009+0000] {processor.py:183} INFO - Processing /home/airflow/.local/lib/python3.12/site-packages/airflow/example_dags/example_branch_python_dop_operator_3.py took 0.067 seconds
[2024-04-28T16:11:32.656+0000] {processor.py:161} INFO - Started process (PID=744) to work on /home/airflow/.local/lib/python3.12/site-packages/airflow/example_dags/example_branch_python_dop_operator_3.py
[2024-04-28T16:11:32.657+0000] {processor.py:830} INFO - Processing file /home/airflow/.local/lib/python3.12/site-packages/airflow/example_dags/example_branch_python_dop_operator_3.py for tasks to queue
[2024-04-28T16:11:32.659+0000] {logging_mixin.py:188} INFO - [2024-04-28T16:11:32.659+0000] {dagbag.py:540} INFO - Filling up the DagBag from /home/airflow/.local/lib/python3.12/site-packages/airflow/example_dags/example_branch_python_dop_operator_3.py
[2024-04-28T16:11:32.667+0000] {processor.py:840} INFO - DAG(s) 'example_branch_dop_operator_v3' retrieved from /home/airflow/.local/lib/python3.12/site-packages/airflow/example_dags/example_branch_python_dop_operator_3.py
[2024-04-28T16:11:32.688+0000] {logging_mixin.py:188} INFO - [2024-04-28T16:11:32.687+0000] {dag.py:3096} INFO - Sync 1 DAGs
[2024-04-28T16:11:32.712+0000] {logging_mixin.py:188} INFO - [2024-04-28T16:11:32.712+0000] {dag.py:3954} INFO - Setting next_dagrun for example_branch_dop_operator_v3 to 2024-04-28 16:10:00+00:00, run_after=2024-04-28 16:11:00+00:00
[2024-04-28T16:11:32.728+0000] {processor.py:183} INFO - Processing /home/airflow/.local/lib/python3.12/site-packages/airflow/example_dags/example_branch_python_dop_operator_3.py took 0.077 seconds
[2024-04-28T16:12:03.085+0000] {processor.py:161} INFO - Started process (PID=802) to work on /home/airflow/.local/lib/python3.12/site-packages/airflow/example_dags/example_branch_python_dop_operator_3.py
[2024-04-28T16:12:03.086+0000] {processor.py:830} INFO - Processing file /home/airflow/.local/lib/python3.12/site-packages/airflow/example_dags/example_branch_python_dop_operator_3.py for tasks to queue
[2024-04-28T16:12:03.088+0000] {logging_mixin.py:188} INFO - [2024-04-28T16:12:03.087+0000] {dagbag.py:540} INFO - Filling up the DagBag from /home/airflow/.local/lib/python3.12/site-packages/airflow/example_dags/example_branch_python_dop_operator_3.py
[2024-04-28T16:12:03.094+0000] {processor.py:840} INFO - DAG(s) 'example_branch_dop_operator_v3' retrieved from /home/airflow/.local/lib/python3.12/site-packages/airflow/example_dags/example_branch_python_dop_operator_3.py
[2024-04-28T16:12:03.110+0000] {logging_mixin.py:188} INFO - [2024-04-28T16:12:03.110+0000] {dag.py:3096} INFO - Sync 1 DAGs
[2024-04-28T16:12:03.130+0000] {logging_mixin.py:188} INFO - [2024-04-28T16:12:03.130+0000] {dag.py:3954} INFO - Setting next_dagrun for example_branch_dop_operator_v3 to 2024-04-28 16:11:00+00:00, run_after=2024-04-28 16:12:00+00:00
[2024-04-28T16:12:03.145+0000] {processor.py:183} INFO - Processing /home/airflow/.local/lib/python3.12/site-packages/airflow/example_dags/example_branch_python_dop_operator_3.py took 0.064 seconds
[2024-04-28T16:12:33.875+0000] {processor.py:161} INFO - Started process (PID=862) to work on /home/airflow/.local/lib/python3.12/site-packages/airflow/example_dags/example_branch_python_dop_operator_3.py
[2024-04-28T16:12:33.876+0000] {processor.py:830} INFO - Processing file /home/airflow/.local/lib/python3.12/site-packages/airflow/example_dags/example_branch_python_dop_operator_3.py for tasks to queue
[2024-04-28T16:12:33.878+0000] {logging_mixin.py:188} INFO - [2024-04-28T16:12:33.877+0000] {dagbag.py:540} INFO - Filling up the DagBag from /home/airflow/.local/lib/python3.12/site-packages/airflow/example_dags/example_branch_python_dop_operator_3.py
[2024-04-28T16:12:33.885+0000] {processor.py:840} INFO - DAG(s) 'example_branch_dop_operator_v3' retrieved from /home/airflow/.local/lib/python3.12/site-packages/airflow/example_dags/example_branch_python_dop_operator_3.py
[2024-04-28T16:12:33.900+0000] {logging_mixin.py:188} INFO - [2024-04-28T16:12:33.900+0000] {dag.py:3096} INFO - Sync 1 DAGs
[2024-04-28T16:12:33.918+0000] {logging_mixin.py:188} INFO - [2024-04-28T16:12:33.918+0000] {dag.py:3954} INFO - Setting next_dagrun for example_branch_dop_operator_v3 to 2024-04-28 16:11:00+00:00, run_after=2024-04-28 16:12:00+00:00
[2024-04-28T16:12:33.937+0000] {processor.py:183} INFO - Processing /home/airflow/.local/lib/python3.12/site-packages/airflow/example_dags/example_branch_python_dop_operator_3.py took 0.067 seconds
