[2024-04-28T15:48:57.889+0000] {processor.py:161} INFO - Started process (PID=81) to work on /home/airflow/.local/lib/python3.12/site-packages/airflow/example_dags/example_latest_only_with_trigger.py
[2024-04-28T15:48:57.890+0000] {processor.py:830} INFO - Processing file /home/airflow/.local/lib/python3.12/site-packages/airflow/example_dags/example_latest_only_with_trigger.py for tasks to queue
[2024-04-28T15:48:57.891+0000] {logging_mixin.py:188} INFO - [2024-04-28T15:48:57.891+0000] {dagbag.py:540} INFO - Filling up the DagBag from /home/airflow/.local/lib/python3.12/site-packages/airflow/example_dags/example_latest_only_with_trigger.py
[2024-04-28T15:48:57.897+0000] {processor.py:840} INFO - DAG(s) 'latest_only_with_trigger' retrieved from /home/airflow/.local/lib/python3.12/site-packages/airflow/example_dags/example_latest_only_with_trigger.py
[2024-04-28T15:48:57.977+0000] {logging_mixin.py:188} INFO - [2024-04-28T15:48:57.977+0000] {override.py:1829} INFO - Created Permission View: can delete on DAG:latest_only_with_trigger
[2024-04-28T15:48:57.985+0000] {logging_mixin.py:188} INFO - [2024-04-28T15:48:57.985+0000] {override.py:1829} INFO - Created Permission View: can edit on DAG:latest_only_with_trigger
[2024-04-28T15:48:57.991+0000] {logging_mixin.py:188} INFO - [2024-04-28T15:48:57.990+0000] {override.py:1829} INFO - Created Permission View: can read on DAG:latest_only_with_trigger
[2024-04-28T15:48:57.991+0000] {logging_mixin.py:188} INFO - [2024-04-28T15:48:57.991+0000] {dag.py:3096} INFO - Sync 1 DAGs
[2024-04-28T15:48:58.001+0000] {logging_mixin.py:188} INFO - [2024-04-28T15:48:58.001+0000] {dag.py:3118} INFO - Creating ORM DAG for latest_only_with_trigger
[2024-04-28T15:48:58.010+0000] {logging_mixin.py:188} INFO - [2024-04-28T15:48:58.009+0000] {dag.py:3954} INFO - Setting next_dagrun for latest_only_with_trigger to 2024-04-28 08:00:00+00:00, run_after=2024-04-28 12:00:00+00:00
[2024-04-28T15:48:58.022+0000] {processor.py:183} INFO - Processing /home/airflow/.local/lib/python3.12/site-packages/airflow/example_dags/example_latest_only_with_trigger.py took 0.137 seconds
[2024-04-28T15:49:29.001+0000] {processor.py:161} INFO - Started process (PID=139) to work on /home/airflow/.local/lib/python3.12/site-packages/airflow/example_dags/example_latest_only_with_trigger.py
[2024-04-28T15:49:29.002+0000] {processor.py:830} INFO - Processing file /home/airflow/.local/lib/python3.12/site-packages/airflow/example_dags/example_latest_only_with_trigger.py for tasks to queue
[2024-04-28T15:49:29.004+0000] {logging_mixin.py:188} INFO - [2024-04-28T15:49:29.004+0000] {dagbag.py:540} INFO - Filling up the DagBag from /home/airflow/.local/lib/python3.12/site-packages/airflow/example_dags/example_latest_only_with_trigger.py
[2024-04-28T15:49:29.010+0000] {processor.py:840} INFO - DAG(s) 'latest_only_with_trigger' retrieved from /home/airflow/.local/lib/python3.12/site-packages/airflow/example_dags/example_latest_only_with_trigger.py
[2024-04-28T15:49:29.031+0000] {logging_mixin.py:188} INFO - [2024-04-28T15:49:29.030+0000] {dag.py:3096} INFO - Sync 1 DAGs
[2024-04-28T15:49:29.050+0000] {logging_mixin.py:188} INFO - [2024-04-28T15:49:29.050+0000] {dag.py:3954} INFO - Setting next_dagrun for latest_only_with_trigger to 2024-04-28 08:00:00+00:00, run_after=2024-04-28 12:00:00+00:00
[2024-04-28T15:49:29.071+0000] {processor.py:183} INFO - Processing /home/airflow/.local/lib/python3.12/site-packages/airflow/example_dags/example_latest_only_with_trigger.py took 0.076 seconds
[2024-04-28T15:49:59.733+0000] {processor.py:161} INFO - Started process (PID=197) to work on /home/airflow/.local/lib/python3.12/site-packages/airflow/example_dags/example_latest_only_with_trigger.py
[2024-04-28T15:49:59.734+0000] {processor.py:830} INFO - Processing file /home/airflow/.local/lib/python3.12/site-packages/airflow/example_dags/example_latest_only_with_trigger.py for tasks to queue
[2024-04-28T15:49:59.736+0000] {logging_mixin.py:188} INFO - [2024-04-28T15:49:59.736+0000] {dagbag.py:540} INFO - Filling up the DagBag from /home/airflow/.local/lib/python3.12/site-packages/airflow/example_dags/example_latest_only_with_trigger.py
[2024-04-28T15:49:59.741+0000] {processor.py:840} INFO - DAG(s) 'latest_only_with_trigger' retrieved from /home/airflow/.local/lib/python3.12/site-packages/airflow/example_dags/example_latest_only_with_trigger.py
[2024-04-28T15:49:59.766+0000] {logging_mixin.py:188} INFO - [2024-04-28T15:49:59.766+0000] {dag.py:3096} INFO - Sync 1 DAGs
[2024-04-28T15:49:59.791+0000] {logging_mixin.py:188} INFO - [2024-04-28T15:49:59.791+0000] {dag.py:3954} INFO - Setting next_dagrun for latest_only_with_trigger to 2024-04-28 08:00:00+00:00, run_after=2024-04-28 12:00:00+00:00
[2024-04-28T15:49:59.817+0000] {processor.py:183} INFO - Processing /home/airflow/.local/lib/python3.12/site-packages/airflow/example_dags/example_latest_only_with_trigger.py took 0.090 seconds
[2024-04-28T15:50:30.449+0000] {processor.py:161} INFO - Started process (PID=255) to work on /home/airflow/.local/lib/python3.12/site-packages/airflow/example_dags/example_latest_only_with_trigger.py
[2024-04-28T15:50:30.450+0000] {processor.py:830} INFO - Processing file /home/airflow/.local/lib/python3.12/site-packages/airflow/example_dags/example_latest_only_with_trigger.py for tasks to queue
[2024-04-28T15:50:30.452+0000] {logging_mixin.py:188} INFO - [2024-04-28T15:50:30.452+0000] {dagbag.py:540} INFO - Filling up the DagBag from /home/airflow/.local/lib/python3.12/site-packages/airflow/example_dags/example_latest_only_with_trigger.py
[2024-04-28T15:50:30.458+0000] {processor.py:840} INFO - DAG(s) 'latest_only_with_trigger' retrieved from /home/airflow/.local/lib/python3.12/site-packages/airflow/example_dags/example_latest_only_with_trigger.py
[2024-04-28T15:50:30.479+0000] {logging_mixin.py:188} INFO - [2024-04-28T15:50:30.479+0000] {dag.py:3096} INFO - Sync 1 DAGs
[2024-04-28T15:50:30.501+0000] {logging_mixin.py:188} INFO - [2024-04-28T15:50:30.501+0000] {dag.py:3954} INFO - Setting next_dagrun for latest_only_with_trigger to 2024-04-28 08:00:00+00:00, run_after=2024-04-28 12:00:00+00:00
[2024-04-28T15:50:30.523+0000] {processor.py:183} INFO - Processing /home/airflow/.local/lib/python3.12/site-packages/airflow/example_dags/example_latest_only_with_trigger.py took 0.079 seconds
[2024-04-28T15:51:01.000+0000] {processor.py:161} INFO - Started process (PID=312) to work on /home/airflow/.local/lib/python3.12/site-packages/airflow/example_dags/example_latest_only_with_trigger.py
[2024-04-28T15:51:01.001+0000] {processor.py:830} INFO - Processing file /home/airflow/.local/lib/python3.12/site-packages/airflow/example_dags/example_latest_only_with_trigger.py for tasks to queue
[2024-04-28T15:51:01.003+0000] {logging_mixin.py:188} INFO - [2024-04-28T15:51:01.003+0000] {dagbag.py:540} INFO - Filling up the DagBag from /home/airflow/.local/lib/python3.12/site-packages/airflow/example_dags/example_latest_only_with_trigger.py
[2024-04-28T15:51:01.010+0000] {processor.py:840} INFO - DAG(s) 'latest_only_with_trigger' retrieved from /home/airflow/.local/lib/python3.12/site-packages/airflow/example_dags/example_latest_only_with_trigger.py
[2024-04-28T15:51:01.031+0000] {logging_mixin.py:188} INFO - [2024-04-28T15:51:01.031+0000] {dag.py:3096} INFO - Sync 1 DAGs
[2024-04-28T15:51:01.055+0000] {logging_mixin.py:188} INFO - [2024-04-28T15:51:01.054+0000] {dag.py:3954} INFO - Setting next_dagrun for latest_only_with_trigger to 2024-04-28 08:00:00+00:00, run_after=2024-04-28 12:00:00+00:00
[2024-04-28T15:51:01.076+0000] {processor.py:183} INFO - Processing /home/airflow/.local/lib/python3.12/site-packages/airflow/example_dags/example_latest_only_with_trigger.py took 0.082 seconds
[2024-04-28T15:51:32.298+0000] {processor.py:161} INFO - Started process (PID=371) to work on /home/airflow/.local/lib/python3.12/site-packages/airflow/example_dags/example_latest_only_with_trigger.py
[2024-04-28T15:51:32.299+0000] {processor.py:830} INFO - Processing file /home/airflow/.local/lib/python3.12/site-packages/airflow/example_dags/example_latest_only_with_trigger.py for tasks to queue
[2024-04-28T15:51:32.301+0000] {logging_mixin.py:188} INFO - [2024-04-28T15:51:32.301+0000] {dagbag.py:540} INFO - Filling up the DagBag from /home/airflow/.local/lib/python3.12/site-packages/airflow/example_dags/example_latest_only_with_trigger.py
[2024-04-28T15:51:32.306+0000] {processor.py:840} INFO - DAG(s) 'latest_only_with_trigger' retrieved from /home/airflow/.local/lib/python3.12/site-packages/airflow/example_dags/example_latest_only_with_trigger.py
[2024-04-28T15:51:32.330+0000] {logging_mixin.py:188} INFO - [2024-04-28T15:51:32.329+0000] {dag.py:3096} INFO - Sync 1 DAGs
[2024-04-28T15:51:32.356+0000] {logging_mixin.py:188} INFO - [2024-04-28T15:51:32.356+0000] {dag.py:3954} INFO - Setting next_dagrun for latest_only_with_trigger to 2024-04-28 08:00:00+00:00, run_after=2024-04-28 12:00:00+00:00
[2024-04-28T15:51:32.378+0000] {processor.py:183} INFO - Processing /home/airflow/.local/lib/python3.12/site-packages/airflow/example_dags/example_latest_only_with_trigger.py took 0.088 seconds
[2024-04-28T15:53:34.719+0000] {processor.py:161} INFO - Started process (PID=83) to work on /home/airflow/.local/lib/python3.12/site-packages/airflow/example_dags/example_latest_only_with_trigger.py
[2024-04-28T15:53:34.720+0000] {processor.py:830} INFO - Processing file /home/airflow/.local/lib/python3.12/site-packages/airflow/example_dags/example_latest_only_with_trigger.py for tasks to queue
[2024-04-28T15:53:34.722+0000] {logging_mixin.py:188} INFO - [2024-04-28T15:53:34.722+0000] {dagbag.py:540} INFO - Filling up the DagBag from /home/airflow/.local/lib/python3.12/site-packages/airflow/example_dags/example_latest_only_with_trigger.py
[2024-04-28T15:53:34.727+0000] {processor.py:840} INFO - DAG(s) 'latest_only_with_trigger' retrieved from /home/airflow/.local/lib/python3.12/site-packages/airflow/example_dags/example_latest_only_with_trigger.py
[2024-04-28T15:53:34.736+0000] {logging_mixin.py:188} INFO - [2024-04-28T15:53:34.736+0000] {dag.py:3096} INFO - Sync 1 DAGs
[2024-04-28T15:53:34.756+0000] {logging_mixin.py:188} INFO - [2024-04-28T15:53:34.756+0000] {dag.py:3954} INFO - Setting next_dagrun for latest_only_with_trigger to 2024-04-28 08:00:00+00:00, run_after=2024-04-28 12:00:00+00:00
[2024-04-28T15:53:34.772+0000] {processor.py:183} INFO - Processing /home/airflow/.local/lib/python3.12/site-packages/airflow/example_dags/example_latest_only_with_trigger.py took 0.057 seconds
[2024-04-28T15:54:06.307+0000] {processor.py:161} INFO - Started process (PID=143) to work on /home/airflow/.local/lib/python3.12/site-packages/airflow/example_dags/example_latest_only_with_trigger.py
[2024-04-28T15:54:06.308+0000] {processor.py:830} INFO - Processing file /home/airflow/.local/lib/python3.12/site-packages/airflow/example_dags/example_latest_only_with_trigger.py for tasks to queue
[2024-04-28T15:54:06.309+0000] {logging_mixin.py:188} INFO - [2024-04-28T15:54:06.309+0000] {dagbag.py:540} INFO - Filling up the DagBag from /home/airflow/.local/lib/python3.12/site-packages/airflow/example_dags/example_latest_only_with_trigger.py
[2024-04-28T15:54:06.314+0000] {processor.py:840} INFO - DAG(s) 'latest_only_with_trigger' retrieved from /home/airflow/.local/lib/python3.12/site-packages/airflow/example_dags/example_latest_only_with_trigger.py
[2024-04-28T15:54:06.394+0000] {logging_mixin.py:188} INFO - [2024-04-28T15:54:06.393+0000] {dag.py:3096} INFO - Sync 1 DAGs
[2024-04-28T15:54:06.409+0000] {logging_mixin.py:188} INFO - [2024-04-28T15:54:06.409+0000] {dag.py:3954} INFO - Setting next_dagrun for latest_only_with_trigger to 2024-04-28 08:00:00+00:00, run_after=2024-04-28 12:00:00+00:00
[2024-04-28T15:54:06.426+0000] {processor.py:183} INFO - Processing /home/airflow/.local/lib/python3.12/site-packages/airflow/example_dags/example_latest_only_with_trigger.py took 0.124 seconds
[2024-04-28T15:54:37.366+0000] {processor.py:161} INFO - Started process (PID=211) to work on /home/airflow/.local/lib/python3.12/site-packages/airflow/example_dags/example_latest_only_with_trigger.py
[2024-04-28T15:54:37.368+0000] {processor.py:830} INFO - Processing file /home/airflow/.local/lib/python3.12/site-packages/airflow/example_dags/example_latest_only_with_trigger.py for tasks to queue
[2024-04-28T15:54:37.370+0000] {logging_mixin.py:188} INFO - [2024-04-28T15:54:37.370+0000] {dagbag.py:540} INFO - Filling up the DagBag from /home/airflow/.local/lib/python3.12/site-packages/airflow/example_dags/example_latest_only_with_trigger.py
[2024-04-28T15:54:37.374+0000] {processor.py:840} INFO - DAG(s) 'latest_only_with_trigger' retrieved from /home/airflow/.local/lib/python3.12/site-packages/airflow/example_dags/example_latest_only_with_trigger.py
[2024-04-28T15:54:37.392+0000] {logging_mixin.py:188} INFO - [2024-04-28T15:54:37.392+0000] {dag.py:3096} INFO - Sync 1 DAGs
[2024-04-28T15:54:37.409+0000] {logging_mixin.py:188} INFO - [2024-04-28T15:54:37.409+0000] {dag.py:3954} INFO - Setting next_dagrun for latest_only_with_trigger to 2024-04-28 08:00:00+00:00, run_after=2024-04-28 12:00:00+00:00
[2024-04-28T15:54:37.426+0000] {processor.py:183} INFO - Processing /home/airflow/.local/lib/python3.12/site-packages/airflow/example_dags/example_latest_only_with_trigger.py took 0.064 seconds
[2024-04-28T15:55:08.402+0000] {processor.py:161} INFO - Started process (PID=271) to work on /home/airflow/.local/lib/python3.12/site-packages/airflow/example_dags/example_latest_only_with_trigger.py
[2024-04-28T15:55:08.403+0000] {processor.py:830} INFO - Processing file /home/airflow/.local/lib/python3.12/site-packages/airflow/example_dags/example_latest_only_with_trigger.py for tasks to queue
[2024-04-28T15:55:08.405+0000] {logging_mixin.py:188} INFO - [2024-04-28T15:55:08.405+0000] {dagbag.py:540} INFO - Filling up the DagBag from /home/airflow/.local/lib/python3.12/site-packages/airflow/example_dags/example_latest_only_with_trigger.py
[2024-04-28T15:55:08.409+0000] {processor.py:840} INFO - DAG(s) 'latest_only_with_trigger' retrieved from /home/airflow/.local/lib/python3.12/site-packages/airflow/example_dags/example_latest_only_with_trigger.py
[2024-04-28T15:55:08.428+0000] {logging_mixin.py:188} INFO - [2024-04-28T15:55:08.428+0000] {dag.py:3096} INFO - Sync 1 DAGs
[2024-04-28T15:55:08.446+0000] {logging_mixin.py:188} INFO - [2024-04-28T15:55:08.446+0000] {dag.py:3954} INFO - Setting next_dagrun for latest_only_with_trigger to 2024-04-28 08:00:00+00:00, run_after=2024-04-28 12:00:00+00:00
[2024-04-28T15:55:08.469+0000] {processor.py:183} INFO - Processing /home/airflow/.local/lib/python3.12/site-packages/airflow/example_dags/example_latest_only_with_trigger.py took 0.072 seconds
[2024-04-28T15:55:38.518+0000] {processor.py:161} INFO - Started process (PID=330) to work on /home/airflow/.local/lib/python3.12/site-packages/airflow/example_dags/example_latest_only_with_trigger.py
[2024-04-28T15:55:38.520+0000] {processor.py:830} INFO - Processing file /home/airflow/.local/lib/python3.12/site-packages/airflow/example_dags/example_latest_only_with_trigger.py for tasks to queue
[2024-04-28T15:55:38.522+0000] {logging_mixin.py:188} INFO - [2024-04-28T15:55:38.521+0000] {dagbag.py:540} INFO - Filling up the DagBag from /home/airflow/.local/lib/python3.12/site-packages/airflow/example_dags/example_latest_only_with_trigger.py
[2024-04-28T15:55:38.526+0000] {processor.py:840} INFO - DAG(s) 'latest_only_with_trigger' retrieved from /home/airflow/.local/lib/python3.12/site-packages/airflow/example_dags/example_latest_only_with_trigger.py
[2024-04-28T15:55:38.546+0000] {logging_mixin.py:188} INFO - [2024-04-28T15:55:38.546+0000] {dag.py:3096} INFO - Sync 1 DAGs
[2024-04-28T15:55:38.565+0000] {logging_mixin.py:188} INFO - [2024-04-28T15:55:38.565+0000] {dag.py:3954} INFO - Setting next_dagrun for latest_only_with_trigger to 2024-04-28 08:00:00+00:00, run_after=2024-04-28 12:00:00+00:00
[2024-04-28T15:55:38.581+0000] {processor.py:183} INFO - Processing /home/airflow/.local/lib/python3.12/site-packages/airflow/example_dags/example_latest_only_with_trigger.py took 0.068 seconds
[2024-04-28T15:56:08.858+0000] {processor.py:161} INFO - Started process (PID=390) to work on /home/airflow/.local/lib/python3.12/site-packages/airflow/example_dags/example_latest_only_with_trigger.py
[2024-04-28T15:56:08.858+0000] {processor.py:830} INFO - Processing file /home/airflow/.local/lib/python3.12/site-packages/airflow/example_dags/example_latest_only_with_trigger.py for tasks to queue
[2024-04-28T15:56:08.860+0000] {logging_mixin.py:188} INFO - [2024-04-28T15:56:08.860+0000] {dagbag.py:540} INFO - Filling up the DagBag from /home/airflow/.local/lib/python3.12/site-packages/airflow/example_dags/example_latest_only_with_trigger.py
[2024-04-28T15:56:08.865+0000] {processor.py:840} INFO - DAG(s) 'latest_only_with_trigger' retrieved from /home/airflow/.local/lib/python3.12/site-packages/airflow/example_dags/example_latest_only_with_trigger.py
[2024-04-28T15:56:08.881+0000] {logging_mixin.py:188} INFO - [2024-04-28T15:56:08.881+0000] {dag.py:3096} INFO - Sync 1 DAGs
[2024-04-28T15:56:08.897+0000] {logging_mixin.py:188} INFO - [2024-04-28T15:56:08.897+0000] {dag.py:3954} INFO - Setting next_dagrun for latest_only_with_trigger to 2024-04-28 08:00:00+00:00, run_after=2024-04-28 12:00:00+00:00
[2024-04-28T15:56:08.912+0000] {processor.py:183} INFO - Processing /home/airflow/.local/lib/python3.12/site-packages/airflow/example_dags/example_latest_only_with_trigger.py took 0.059 seconds
[2024-04-28T15:56:40.003+0000] {processor.py:161} INFO - Started process (PID=450) to work on /home/airflow/.local/lib/python3.12/site-packages/airflow/example_dags/example_latest_only_with_trigger.py
[2024-04-28T15:56:40.005+0000] {processor.py:830} INFO - Processing file /home/airflow/.local/lib/python3.12/site-packages/airflow/example_dags/example_latest_only_with_trigger.py for tasks to queue
[2024-04-28T15:56:40.006+0000] {logging_mixin.py:188} INFO - [2024-04-28T15:56:40.006+0000] {dagbag.py:540} INFO - Filling up the DagBag from /home/airflow/.local/lib/python3.12/site-packages/airflow/example_dags/example_latest_only_with_trigger.py
[2024-04-28T15:56:40.011+0000] {processor.py:840} INFO - DAG(s) 'latest_only_with_trigger' retrieved from /home/airflow/.local/lib/python3.12/site-packages/airflow/example_dags/example_latest_only_with_trigger.py
[2024-04-28T15:56:40.030+0000] {logging_mixin.py:188} INFO - [2024-04-28T15:56:40.030+0000] {dag.py:3096} INFO - Sync 1 DAGs
[2024-04-28T15:56:40.048+0000] {logging_mixin.py:188} INFO - [2024-04-28T15:56:40.048+0000] {dag.py:3954} INFO - Setting next_dagrun for latest_only_with_trigger to 2024-04-28 08:00:00+00:00, run_after=2024-04-28 12:00:00+00:00
[2024-04-28T15:56:40.066+0000] {processor.py:183} INFO - Processing /home/airflow/.local/lib/python3.12/site-packages/airflow/example_dags/example_latest_only_with_trigger.py took 0.067 seconds
[2024-04-28T15:57:10.480+0000] {processor.py:161} INFO - Started process (PID=510) to work on /home/airflow/.local/lib/python3.12/site-packages/airflow/example_dags/example_latest_only_with_trigger.py
[2024-04-28T15:57:10.481+0000] {processor.py:830} INFO - Processing file /home/airflow/.local/lib/python3.12/site-packages/airflow/example_dags/example_latest_only_with_trigger.py for tasks to queue
[2024-04-28T15:57:10.482+0000] {logging_mixin.py:188} INFO - [2024-04-28T15:57:10.482+0000] {dagbag.py:540} INFO - Filling up the DagBag from /home/airflow/.local/lib/python3.12/site-packages/airflow/example_dags/example_latest_only_with_trigger.py
[2024-04-28T15:57:10.487+0000] {processor.py:840} INFO - DAG(s) 'latest_only_with_trigger' retrieved from /home/airflow/.local/lib/python3.12/site-packages/airflow/example_dags/example_latest_only_with_trigger.py
[2024-04-28T15:57:10.505+0000] {logging_mixin.py:188} INFO - [2024-04-28T15:57:10.504+0000] {dag.py:3096} INFO - Sync 1 DAGs
[2024-04-28T15:57:10.524+0000] {logging_mixin.py:188} INFO - [2024-04-28T15:57:10.524+0000] {dag.py:3954} INFO - Setting next_dagrun for latest_only_with_trigger to 2024-04-28 08:00:00+00:00, run_after=2024-04-28 12:00:00+00:00
[2024-04-28T15:57:10.538+0000] {processor.py:183} INFO - Processing /home/airflow/.local/lib/python3.12/site-packages/airflow/example_dags/example_latest_only_with_trigger.py took 0.062 seconds
[2024-04-28T15:57:40.655+0000] {processor.py:161} INFO - Started process (PID=570) to work on /home/airflow/.local/lib/python3.12/site-packages/airflow/example_dags/example_latest_only_with_trigger.py
[2024-04-28T15:57:40.656+0000] {processor.py:830} INFO - Processing file /home/airflow/.local/lib/python3.12/site-packages/airflow/example_dags/example_latest_only_with_trigger.py for tasks to queue
[2024-04-28T15:57:40.657+0000] {logging_mixin.py:188} INFO - [2024-04-28T15:57:40.657+0000] {dagbag.py:540} INFO - Filling up the DagBag from /home/airflow/.local/lib/python3.12/site-packages/airflow/example_dags/example_latest_only_with_trigger.py
[2024-04-28T15:57:40.662+0000] {processor.py:840} INFO - DAG(s) 'latest_only_with_trigger' retrieved from /home/airflow/.local/lib/python3.12/site-packages/airflow/example_dags/example_latest_only_with_trigger.py
[2024-04-28T15:57:40.678+0000] {logging_mixin.py:188} INFO - [2024-04-28T15:57:40.678+0000] {dag.py:3096} INFO - Sync 1 DAGs
[2024-04-28T15:57:40.695+0000] {logging_mixin.py:188} INFO - [2024-04-28T15:57:40.695+0000] {dag.py:3954} INFO - Setting next_dagrun for latest_only_with_trigger to 2024-04-28 08:00:00+00:00, run_after=2024-04-28 12:00:00+00:00
[2024-04-28T15:57:40.711+0000] {processor.py:183} INFO - Processing /home/airflow/.local/lib/python3.12/site-packages/airflow/example_dags/example_latest_only_with_trigger.py took 0.061 seconds
[2024-04-28T15:58:10.995+0000] {processor.py:161} INFO - Started process (PID=628) to work on /home/airflow/.local/lib/python3.12/site-packages/airflow/example_dags/example_latest_only_with_trigger.py
[2024-04-28T15:58:10.996+0000] {processor.py:830} INFO - Processing file /home/airflow/.local/lib/python3.12/site-packages/airflow/example_dags/example_latest_only_with_trigger.py for tasks to queue
[2024-04-28T15:58:10.998+0000] {logging_mixin.py:188} INFO - [2024-04-28T15:58:10.998+0000] {dagbag.py:540} INFO - Filling up the DagBag from /home/airflow/.local/lib/python3.12/site-packages/airflow/example_dags/example_latest_only_with_trigger.py
[2024-04-28T15:58:11.003+0000] {processor.py:840} INFO - DAG(s) 'latest_only_with_trigger' retrieved from /home/airflow/.local/lib/python3.12/site-packages/airflow/example_dags/example_latest_only_with_trigger.py
[2024-04-28T15:58:11.020+0000] {logging_mixin.py:188} INFO - [2024-04-28T15:58:11.020+0000] {dag.py:3096} INFO - Sync 1 DAGs
[2024-04-28T15:58:11.038+0000] {logging_mixin.py:188} INFO - [2024-04-28T15:58:11.038+0000] {dag.py:3954} INFO - Setting next_dagrun for latest_only_with_trigger to 2024-04-28 08:00:00+00:00, run_after=2024-04-28 12:00:00+00:00
[2024-04-28T15:58:11.053+0000] {processor.py:183} INFO - Processing /home/airflow/.local/lib/python3.12/site-packages/airflow/example_dags/example_latest_only_with_trigger.py took 0.063 seconds
[2024-04-28T15:58:41.453+0000] {processor.py:161} INFO - Started process (PID=688) to work on /home/airflow/.local/lib/python3.12/site-packages/airflow/example_dags/example_latest_only_with_trigger.py
[2024-04-28T15:58:41.454+0000] {processor.py:830} INFO - Processing file /home/airflow/.local/lib/python3.12/site-packages/airflow/example_dags/example_latest_only_with_trigger.py for tasks to queue
[2024-04-28T15:58:41.456+0000] {logging_mixin.py:188} INFO - [2024-04-28T15:58:41.456+0000] {dagbag.py:540} INFO - Filling up the DagBag from /home/airflow/.local/lib/python3.12/site-packages/airflow/example_dags/example_latest_only_with_trigger.py
[2024-04-28T15:58:41.460+0000] {processor.py:840} INFO - DAG(s) 'latest_only_with_trigger' retrieved from /home/airflow/.local/lib/python3.12/site-packages/airflow/example_dags/example_latest_only_with_trigger.py
[2024-04-28T15:58:41.477+0000] {logging_mixin.py:188} INFO - [2024-04-28T15:58:41.477+0000] {dag.py:3096} INFO - Sync 1 DAGs
[2024-04-28T15:58:41.495+0000] {logging_mixin.py:188} INFO - [2024-04-28T15:58:41.494+0000] {dag.py:3954} INFO - Setting next_dagrun for latest_only_with_trigger to 2024-04-28 08:00:00+00:00, run_after=2024-04-28 12:00:00+00:00
[2024-04-28T15:58:41.512+0000] {processor.py:183} INFO - Processing /home/airflow/.local/lib/python3.12/site-packages/airflow/example_dags/example_latest_only_with_trigger.py took 0.064 seconds
[2024-04-28T15:59:12.068+0000] {processor.py:161} INFO - Started process (PID=748) to work on /home/airflow/.local/lib/python3.12/site-packages/airflow/example_dags/example_latest_only_with_trigger.py
[2024-04-28T15:59:12.069+0000] {processor.py:830} INFO - Processing file /home/airflow/.local/lib/python3.12/site-packages/airflow/example_dags/example_latest_only_with_trigger.py for tasks to queue
[2024-04-28T15:59:12.070+0000] {logging_mixin.py:188} INFO - [2024-04-28T15:59:12.070+0000] {dagbag.py:540} INFO - Filling up the DagBag from /home/airflow/.local/lib/python3.12/site-packages/airflow/example_dags/example_latest_only_with_trigger.py
[2024-04-28T15:59:12.075+0000] {processor.py:840} INFO - DAG(s) 'latest_only_with_trigger' retrieved from /home/airflow/.local/lib/python3.12/site-packages/airflow/example_dags/example_latest_only_with_trigger.py
[2024-04-28T15:59:12.094+0000] {logging_mixin.py:188} INFO - [2024-04-28T15:59:12.094+0000] {dag.py:3096} INFO - Sync 1 DAGs
[2024-04-28T15:59:12.112+0000] {logging_mixin.py:188} INFO - [2024-04-28T15:59:12.112+0000] {dag.py:3954} INFO - Setting next_dagrun for latest_only_with_trigger to 2024-04-28 08:00:00+00:00, run_after=2024-04-28 12:00:00+00:00
[2024-04-28T15:59:12.131+0000] {processor.py:183} INFO - Processing /home/airflow/.local/lib/python3.12/site-packages/airflow/example_dags/example_latest_only_with_trigger.py took 0.068 seconds
[2024-04-28T15:59:42.532+0000] {processor.py:161} INFO - Started process (PID=808) to work on /home/airflow/.local/lib/python3.12/site-packages/airflow/example_dags/example_latest_only_with_trigger.py
[2024-04-28T15:59:42.533+0000] {processor.py:830} INFO - Processing file /home/airflow/.local/lib/python3.12/site-packages/airflow/example_dags/example_latest_only_with_trigger.py for tasks to queue
[2024-04-28T15:59:42.534+0000] {logging_mixin.py:188} INFO - [2024-04-28T15:59:42.534+0000] {dagbag.py:540} INFO - Filling up the DagBag from /home/airflow/.local/lib/python3.12/site-packages/airflow/example_dags/example_latest_only_with_trigger.py
[2024-04-28T15:59:42.539+0000] {processor.py:840} INFO - DAG(s) 'latest_only_with_trigger' retrieved from /home/airflow/.local/lib/python3.12/site-packages/airflow/example_dags/example_latest_only_with_trigger.py
[2024-04-28T15:59:42.554+0000] {logging_mixin.py:188} INFO - [2024-04-28T15:59:42.554+0000] {dag.py:3096} INFO - Sync 1 DAGs
[2024-04-28T15:59:42.571+0000] {logging_mixin.py:188} INFO - [2024-04-28T15:59:42.570+0000] {dag.py:3954} INFO - Setting next_dagrun for latest_only_with_trigger to 2024-04-28 08:00:00+00:00, run_after=2024-04-28 12:00:00+00:00
[2024-04-28T15:59:42.584+0000] {processor.py:183} INFO - Processing /home/airflow/.local/lib/python3.12/site-packages/airflow/example_dags/example_latest_only_with_trigger.py took 0.057 seconds
[2024-04-28T16:00:13.157+0000] {processor.py:161} INFO - Started process (PID=868) to work on /home/airflow/.local/lib/python3.12/site-packages/airflow/example_dags/example_latest_only_with_trigger.py
[2024-04-28T16:00:13.158+0000] {processor.py:830} INFO - Processing file /home/airflow/.local/lib/python3.12/site-packages/airflow/example_dags/example_latest_only_with_trigger.py for tasks to queue
[2024-04-28T16:00:13.160+0000] {logging_mixin.py:188} INFO - [2024-04-28T16:00:13.159+0000] {dagbag.py:540} INFO - Filling up the DagBag from /home/airflow/.local/lib/python3.12/site-packages/airflow/example_dags/example_latest_only_with_trigger.py
[2024-04-28T16:00:13.164+0000] {processor.py:840} INFO - DAG(s) 'latest_only_with_trigger' retrieved from /home/airflow/.local/lib/python3.12/site-packages/airflow/example_dags/example_latest_only_with_trigger.py
[2024-04-28T16:00:13.181+0000] {logging_mixin.py:188} INFO - [2024-04-28T16:00:13.180+0000] {dag.py:3096} INFO - Sync 1 DAGs
[2024-04-28T16:00:13.197+0000] {logging_mixin.py:188} INFO - [2024-04-28T16:00:13.197+0000] {dag.py:3954} INFO - Setting next_dagrun for latest_only_with_trigger to 2024-04-28 12:00:00+00:00, run_after=2024-04-28 16:00:00+00:00
[2024-04-28T16:00:13.212+0000] {processor.py:183} INFO - Processing /home/airflow/.local/lib/python3.12/site-packages/airflow/example_dags/example_latest_only_with_trigger.py took 0.060 seconds
[2024-04-28T16:00:43.815+0000] {processor.py:161} INFO - Started process (PID=929) to work on /home/airflow/.local/lib/python3.12/site-packages/airflow/example_dags/example_latest_only_with_trigger.py
[2024-04-28T16:00:43.816+0000] {processor.py:830} INFO - Processing file /home/airflow/.local/lib/python3.12/site-packages/airflow/example_dags/example_latest_only_with_trigger.py for tasks to queue
[2024-04-28T16:00:43.818+0000] {logging_mixin.py:188} INFO - [2024-04-28T16:00:43.817+0000] {dagbag.py:540} INFO - Filling up the DagBag from /home/airflow/.local/lib/python3.12/site-packages/airflow/example_dags/example_latest_only_with_trigger.py
[2024-04-28T16:00:43.823+0000] {processor.py:840} INFO - DAG(s) 'latest_only_with_trigger' retrieved from /home/airflow/.local/lib/python3.12/site-packages/airflow/example_dags/example_latest_only_with_trigger.py
[2024-04-28T16:00:43.843+0000] {logging_mixin.py:188} INFO - [2024-04-28T16:00:43.843+0000] {dag.py:3096} INFO - Sync 1 DAGs
[2024-04-28T16:00:43.863+0000] {logging_mixin.py:188} INFO - [2024-04-28T16:00:43.863+0000] {dag.py:3954} INFO - Setting next_dagrun for latest_only_with_trigger to 2024-04-28 12:00:00+00:00, run_after=2024-04-28 16:00:00+00:00
[2024-04-28T16:00:43.880+0000] {processor.py:183} INFO - Processing /home/airflow/.local/lib/python3.12/site-packages/airflow/example_dags/example_latest_only_with_trigger.py took 0.070 seconds
[2024-04-28T16:05:54.897+0000] {processor.py:161} INFO - Started process (PID=83) to work on /home/airflow/.local/lib/python3.12/site-packages/airflow/example_dags/example_latest_only_with_trigger.py
[2024-04-28T16:05:54.898+0000] {processor.py:830} INFO - Processing file /home/airflow/.local/lib/python3.12/site-packages/airflow/example_dags/example_latest_only_with_trigger.py for tasks to queue
[2024-04-28T16:05:54.899+0000] {logging_mixin.py:188} INFO - [2024-04-28T16:05:54.899+0000] {dagbag.py:540} INFO - Filling up the DagBag from /home/airflow/.local/lib/python3.12/site-packages/airflow/example_dags/example_latest_only_with_trigger.py
[2024-04-28T16:05:54.903+0000] {processor.py:840} INFO - DAG(s) 'latest_only_with_trigger' retrieved from /home/airflow/.local/lib/python3.12/site-packages/airflow/example_dags/example_latest_only_with_trigger.py
[2024-04-28T16:05:54.912+0000] {logging_mixin.py:188} INFO - [2024-04-28T16:05:54.912+0000] {dag.py:3096} INFO - Sync 1 DAGs
[2024-04-28T16:05:54.929+0000] {logging_mixin.py:188} INFO - [2024-04-28T16:05:54.929+0000] {dag.py:3954} INFO - Setting next_dagrun for latest_only_with_trigger to 2024-04-28 12:00:00+00:00, run_after=2024-04-28 16:00:00+00:00
[2024-04-28T16:05:54.943+0000] {processor.py:183} INFO - Processing /home/airflow/.local/lib/python3.12/site-packages/airflow/example_dags/example_latest_only_with_trigger.py took 0.051 seconds
[2024-04-28T16:06:26.699+0000] {processor.py:161} INFO - Started process (PID=143) to work on /home/airflow/.local/lib/python3.12/site-packages/airflow/example_dags/example_latest_only_with_trigger.py
[2024-04-28T16:06:26.700+0000] {processor.py:830} INFO - Processing file /home/airflow/.local/lib/python3.12/site-packages/airflow/example_dags/example_latest_only_with_trigger.py for tasks to queue
[2024-04-28T16:06:26.701+0000] {logging_mixin.py:188} INFO - [2024-04-28T16:06:26.701+0000] {dagbag.py:540} INFO - Filling up the DagBag from /home/airflow/.local/lib/python3.12/site-packages/airflow/example_dags/example_latest_only_with_trigger.py
[2024-04-28T16:06:26.705+0000] {processor.py:840} INFO - DAG(s) 'latest_only_with_trigger' retrieved from /home/airflow/.local/lib/python3.12/site-packages/airflow/example_dags/example_latest_only_with_trigger.py
[2024-04-28T16:06:26.781+0000] {logging_mixin.py:188} INFO - [2024-04-28T16:06:26.780+0000] {dag.py:3096} INFO - Sync 1 DAGs
[2024-04-28T16:06:26.795+0000] {logging_mixin.py:188} INFO - [2024-04-28T16:06:26.795+0000] {dag.py:3954} INFO - Setting next_dagrun for latest_only_with_trigger to 2024-04-28 12:00:00+00:00, run_after=2024-04-28 16:00:00+00:00
[2024-04-28T16:06:26.809+0000] {processor.py:183} INFO - Processing /home/airflow/.local/lib/python3.12/site-packages/airflow/example_dags/example_latest_only_with_trigger.py took 0.115 seconds
[2024-04-28T16:06:57.590+0000] {processor.py:161} INFO - Started process (PID=207) to work on /home/airflow/.local/lib/python3.12/site-packages/airflow/example_dags/example_latest_only_with_trigger.py
[2024-04-28T16:06:57.591+0000] {processor.py:830} INFO - Processing file /home/airflow/.local/lib/python3.12/site-packages/airflow/example_dags/example_latest_only_with_trigger.py for tasks to queue
[2024-04-28T16:06:57.593+0000] {logging_mixin.py:188} INFO - [2024-04-28T16:06:57.593+0000] {dagbag.py:540} INFO - Filling up the DagBag from /home/airflow/.local/lib/python3.12/site-packages/airflow/example_dags/example_latest_only_with_trigger.py
[2024-04-28T16:06:57.597+0000] {processor.py:840} INFO - DAG(s) 'latest_only_with_trigger' retrieved from /home/airflow/.local/lib/python3.12/site-packages/airflow/example_dags/example_latest_only_with_trigger.py
[2024-04-28T16:06:57.614+0000] {logging_mixin.py:188} INFO - [2024-04-28T16:06:57.613+0000] {dag.py:3096} INFO - Sync 1 DAGs
[2024-04-28T16:06:57.630+0000] {logging_mixin.py:188} INFO - [2024-04-28T16:06:57.630+0000] {dag.py:3954} INFO - Setting next_dagrun for latest_only_with_trigger to 2024-04-28 12:00:00+00:00, run_after=2024-04-28 16:00:00+00:00
[2024-04-28T16:06:57.648+0000] {processor.py:183} INFO - Processing /home/airflow/.local/lib/python3.12/site-packages/airflow/example_dags/example_latest_only_with_trigger.py took 0.062 seconds
[2024-04-28T16:07:28.176+0000] {processor.py:161} INFO - Started process (PID=267) to work on /home/airflow/.local/lib/python3.12/site-packages/airflow/example_dags/example_latest_only_with_trigger.py
[2024-04-28T16:07:28.177+0000] {processor.py:830} INFO - Processing file /home/airflow/.local/lib/python3.12/site-packages/airflow/example_dags/example_latest_only_with_trigger.py for tasks to queue
[2024-04-28T16:07:28.179+0000] {logging_mixin.py:188} INFO - [2024-04-28T16:07:28.179+0000] {dagbag.py:540} INFO - Filling up the DagBag from /home/airflow/.local/lib/python3.12/site-packages/airflow/example_dags/example_latest_only_with_trigger.py
[2024-04-28T16:07:28.184+0000] {processor.py:840} INFO - DAG(s) 'latest_only_with_trigger' retrieved from /home/airflow/.local/lib/python3.12/site-packages/airflow/example_dags/example_latest_only_with_trigger.py
[2024-04-28T16:07:28.202+0000] {logging_mixin.py:188} INFO - [2024-04-28T16:07:28.201+0000] {dag.py:3096} INFO - Sync 1 DAGs
[2024-04-28T16:07:28.221+0000] {logging_mixin.py:188} INFO - [2024-04-28T16:07:28.221+0000] {dag.py:3954} INFO - Setting next_dagrun for latest_only_with_trigger to 2024-04-28 12:00:00+00:00, run_after=2024-04-28 16:00:00+00:00
[2024-04-28T16:07:28.237+0000] {processor.py:183} INFO - Processing /home/airflow/.local/lib/python3.12/site-packages/airflow/example_dags/example_latest_only_with_trigger.py took 0.066 seconds
[2024-04-28T16:07:58.681+0000] {processor.py:161} INFO - Started process (PID=327) to work on /home/airflow/.local/lib/python3.12/site-packages/airflow/example_dags/example_latest_only_with_trigger.py
[2024-04-28T16:07:58.682+0000] {processor.py:830} INFO - Processing file /home/airflow/.local/lib/python3.12/site-packages/airflow/example_dags/example_latest_only_with_trigger.py for tasks to queue
[2024-04-28T16:07:58.683+0000] {logging_mixin.py:188} INFO - [2024-04-28T16:07:58.683+0000] {dagbag.py:540} INFO - Filling up the DagBag from /home/airflow/.local/lib/python3.12/site-packages/airflow/example_dags/example_latest_only_with_trigger.py
[2024-04-28T16:07:58.688+0000] {processor.py:840} INFO - DAG(s) 'latest_only_with_trigger' retrieved from /home/airflow/.local/lib/python3.12/site-packages/airflow/example_dags/example_latest_only_with_trigger.py
[2024-04-28T16:07:58.705+0000] {logging_mixin.py:188} INFO - [2024-04-28T16:07:58.705+0000] {dag.py:3096} INFO - Sync 1 DAGs
[2024-04-28T16:07:58.725+0000] {logging_mixin.py:188} INFO - [2024-04-28T16:07:58.725+0000] {dag.py:3954} INFO - Setting next_dagrun for latest_only_with_trigger to 2024-04-28 12:00:00+00:00, run_after=2024-04-28 16:00:00+00:00
[2024-04-28T16:07:58.741+0000] {processor.py:183} INFO - Processing /home/airflow/.local/lib/python3.12/site-packages/airflow/example_dags/example_latest_only_with_trigger.py took 0.065 seconds
[2024-04-28T16:08:29.262+0000] {processor.py:161} INFO - Started process (PID=387) to work on /home/airflow/.local/lib/python3.12/site-packages/airflow/example_dags/example_latest_only_with_trigger.py
[2024-04-28T16:08:29.262+0000] {processor.py:830} INFO - Processing file /home/airflow/.local/lib/python3.12/site-packages/airflow/example_dags/example_latest_only_with_trigger.py for tasks to queue
[2024-04-28T16:08:29.265+0000] {logging_mixin.py:188} INFO - [2024-04-28T16:08:29.264+0000] {dagbag.py:540} INFO - Filling up the DagBag from /home/airflow/.local/lib/python3.12/site-packages/airflow/example_dags/example_latest_only_with_trigger.py
[2024-04-28T16:08:29.268+0000] {processor.py:840} INFO - DAG(s) 'latest_only_with_trigger' retrieved from /home/airflow/.local/lib/python3.12/site-packages/airflow/example_dags/example_latest_only_with_trigger.py
[2024-04-28T16:08:29.286+0000] {logging_mixin.py:188} INFO - [2024-04-28T16:08:29.286+0000] {dag.py:3096} INFO - Sync 1 DAGs
[2024-04-28T16:08:29.303+0000] {logging_mixin.py:188} INFO - [2024-04-28T16:08:29.303+0000] {dag.py:3954} INFO - Setting next_dagrun for latest_only_with_trigger to 2024-04-28 12:00:00+00:00, run_after=2024-04-28 16:00:00+00:00
[2024-04-28T16:08:29.320+0000] {processor.py:183} INFO - Processing /home/airflow/.local/lib/python3.12/site-packages/airflow/example_dags/example_latest_only_with_trigger.py took 0.063 seconds
[2024-04-28T16:09:00.266+0000] {processor.py:161} INFO - Started process (PID=447) to work on /home/airflow/.local/lib/python3.12/site-packages/airflow/example_dags/example_latest_only_with_trigger.py
[2024-04-28T16:09:00.267+0000] {processor.py:830} INFO - Processing file /home/airflow/.local/lib/python3.12/site-packages/airflow/example_dags/example_latest_only_with_trigger.py for tasks to queue
[2024-04-28T16:09:00.268+0000] {logging_mixin.py:188} INFO - [2024-04-28T16:09:00.268+0000] {dagbag.py:540} INFO - Filling up the DagBag from /home/airflow/.local/lib/python3.12/site-packages/airflow/example_dags/example_latest_only_with_trigger.py
[2024-04-28T16:09:00.272+0000] {processor.py:840} INFO - DAG(s) 'latest_only_with_trigger' retrieved from /home/airflow/.local/lib/python3.12/site-packages/airflow/example_dags/example_latest_only_with_trigger.py
[2024-04-28T16:09:00.290+0000] {logging_mixin.py:188} INFO - [2024-04-28T16:09:00.290+0000] {dag.py:3096} INFO - Sync 1 DAGs
[2024-04-28T16:09:00.312+0000] {logging_mixin.py:188} INFO - [2024-04-28T16:09:00.311+0000] {dag.py:3954} INFO - Setting next_dagrun for latest_only_with_trigger to 2024-04-28 12:00:00+00:00, run_after=2024-04-28 16:00:00+00:00
[2024-04-28T16:09:00.330+0000] {processor.py:183} INFO - Processing /home/airflow/.local/lib/python3.12/site-packages/airflow/example_dags/example_latest_only_with_trigger.py took 0.069 seconds
[2024-04-28T16:09:30.971+0000] {processor.py:161} INFO - Started process (PID=507) to work on /home/airflow/.local/lib/python3.12/site-packages/airflow/example_dags/example_latest_only_with_trigger.py
[2024-04-28T16:09:30.972+0000] {processor.py:830} INFO - Processing file /home/airflow/.local/lib/python3.12/site-packages/airflow/example_dags/example_latest_only_with_trigger.py for tasks to queue
[2024-04-28T16:09:30.973+0000] {logging_mixin.py:188} INFO - [2024-04-28T16:09:30.973+0000] {dagbag.py:540} INFO - Filling up the DagBag from /home/airflow/.local/lib/python3.12/site-packages/airflow/example_dags/example_latest_only_with_trigger.py
[2024-04-28T16:09:30.977+0000] {processor.py:840} INFO - DAG(s) 'latest_only_with_trigger' retrieved from /home/airflow/.local/lib/python3.12/site-packages/airflow/example_dags/example_latest_only_with_trigger.py
[2024-04-28T16:09:30.994+0000] {logging_mixin.py:188} INFO - [2024-04-28T16:09:30.994+0000] {dag.py:3096} INFO - Sync 1 DAGs
[2024-04-28T16:09:31.012+0000] {logging_mixin.py:188} INFO - [2024-04-28T16:09:31.012+0000] {dag.py:3954} INFO - Setting next_dagrun for latest_only_with_trigger to 2024-04-28 12:00:00+00:00, run_after=2024-04-28 16:00:00+00:00
[2024-04-28T16:09:31.028+0000] {processor.py:183} INFO - Processing /home/airflow/.local/lib/python3.12/site-packages/airflow/example_dags/example_latest_only_with_trigger.py took 0.062 seconds
[2024-04-28T16:10:01.502+0000] {processor.py:161} INFO - Started process (PID=567) to work on /home/airflow/.local/lib/python3.12/site-packages/airflow/example_dags/example_latest_only_with_trigger.py
[2024-04-28T16:10:01.503+0000] {processor.py:830} INFO - Processing file /home/airflow/.local/lib/python3.12/site-packages/airflow/example_dags/example_latest_only_with_trigger.py for tasks to queue
[2024-04-28T16:10:01.504+0000] {logging_mixin.py:188} INFO - [2024-04-28T16:10:01.504+0000] {dagbag.py:540} INFO - Filling up the DagBag from /home/airflow/.local/lib/python3.12/site-packages/airflow/example_dags/example_latest_only_with_trigger.py
[2024-04-28T16:10:01.509+0000] {processor.py:840} INFO - DAG(s) 'latest_only_with_trigger' retrieved from /home/airflow/.local/lib/python3.12/site-packages/airflow/example_dags/example_latest_only_with_trigger.py
[2024-04-28T16:10:01.525+0000] {logging_mixin.py:188} INFO - [2024-04-28T16:10:01.525+0000] {dag.py:3096} INFO - Sync 1 DAGs
[2024-04-28T16:10:01.542+0000] {logging_mixin.py:188} INFO - [2024-04-28T16:10:01.542+0000] {dag.py:3954} INFO - Setting next_dagrun for latest_only_with_trigger to 2024-04-28 12:00:00+00:00, run_after=2024-04-28 16:00:00+00:00
[2024-04-28T16:10:01.557+0000] {processor.py:183} INFO - Processing /home/airflow/.local/lib/python3.12/site-packages/airflow/example_dags/example_latest_only_with_trigger.py took 0.060 seconds
[2024-04-28T16:10:31.808+0000] {processor.py:161} INFO - Started process (PID=627) to work on /home/airflow/.local/lib/python3.12/site-packages/airflow/example_dags/example_latest_only_with_trigger.py
[2024-04-28T16:10:31.809+0000] {processor.py:830} INFO - Processing file /home/airflow/.local/lib/python3.12/site-packages/airflow/example_dags/example_latest_only_with_trigger.py for tasks to queue
[2024-04-28T16:10:31.811+0000] {logging_mixin.py:188} INFO - [2024-04-28T16:10:31.810+0000] {dagbag.py:540} INFO - Filling up the DagBag from /home/airflow/.local/lib/python3.12/site-packages/airflow/example_dags/example_latest_only_with_trigger.py
[2024-04-28T16:10:31.816+0000] {processor.py:840} INFO - DAG(s) 'latest_only_with_trigger' retrieved from /home/airflow/.local/lib/python3.12/site-packages/airflow/example_dags/example_latest_only_with_trigger.py
[2024-04-28T16:10:31.833+0000] {logging_mixin.py:188} INFO - [2024-04-28T16:10:31.833+0000] {dag.py:3096} INFO - Sync 1 DAGs
[2024-04-28T16:10:31.850+0000] {logging_mixin.py:188} INFO - [2024-04-28T16:10:31.850+0000] {dag.py:3954} INFO - Setting next_dagrun for latest_only_with_trigger to 2024-04-28 12:00:00+00:00, run_after=2024-04-28 16:00:00+00:00
[2024-04-28T16:10:31.867+0000] {processor.py:183} INFO - Processing /home/airflow/.local/lib/python3.12/site-packages/airflow/example_dags/example_latest_only_with_trigger.py took 0.064 seconds
[2024-04-28T16:11:02.359+0000] {processor.py:161} INFO - Started process (PID=687) to work on /home/airflow/.local/lib/python3.12/site-packages/airflow/example_dags/example_latest_only_with_trigger.py
[2024-04-28T16:11:02.360+0000] {processor.py:830} INFO - Processing file /home/airflow/.local/lib/python3.12/site-packages/airflow/example_dags/example_latest_only_with_trigger.py for tasks to queue
[2024-04-28T16:11:02.362+0000] {logging_mixin.py:188} INFO - [2024-04-28T16:11:02.361+0000] {dagbag.py:540} INFO - Filling up the DagBag from /home/airflow/.local/lib/python3.12/site-packages/airflow/example_dags/example_latest_only_with_trigger.py
[2024-04-28T16:11:02.366+0000] {processor.py:840} INFO - DAG(s) 'latest_only_with_trigger' retrieved from /home/airflow/.local/lib/python3.12/site-packages/airflow/example_dags/example_latest_only_with_trigger.py
[2024-04-28T16:11:02.384+0000] {logging_mixin.py:188} INFO - [2024-04-28T16:11:02.384+0000] {dag.py:3096} INFO - Sync 1 DAGs
[2024-04-28T16:11:02.403+0000] {logging_mixin.py:188} INFO - [2024-04-28T16:11:02.403+0000] {dag.py:3954} INFO - Setting next_dagrun for latest_only_with_trigger to 2024-04-28 12:00:00+00:00, run_after=2024-04-28 16:00:00+00:00
[2024-04-28T16:11:02.420+0000] {processor.py:183} INFO - Processing /home/airflow/.local/lib/python3.12/site-packages/airflow/example_dags/example_latest_only_with_trigger.py took 0.066 seconds
[2024-04-28T16:11:33.031+0000] {processor.py:161} INFO - Started process (PID=747) to work on /home/airflow/.local/lib/python3.12/site-packages/airflow/example_dags/example_latest_only_with_trigger.py
[2024-04-28T16:11:33.032+0000] {processor.py:830} INFO - Processing file /home/airflow/.local/lib/python3.12/site-packages/airflow/example_dags/example_latest_only_with_trigger.py for tasks to queue
[2024-04-28T16:11:33.033+0000] {logging_mixin.py:188} INFO - [2024-04-28T16:11:33.033+0000] {dagbag.py:540} INFO - Filling up the DagBag from /home/airflow/.local/lib/python3.12/site-packages/airflow/example_dags/example_latest_only_with_trigger.py
[2024-04-28T16:11:33.038+0000] {processor.py:840} INFO - DAG(s) 'latest_only_with_trigger' retrieved from /home/airflow/.local/lib/python3.12/site-packages/airflow/example_dags/example_latest_only_with_trigger.py
[2024-04-28T16:11:33.058+0000] {logging_mixin.py:188} INFO - [2024-04-28T16:11:33.057+0000] {dag.py:3096} INFO - Sync 1 DAGs
[2024-04-28T16:11:33.077+0000] {logging_mixin.py:188} INFO - [2024-04-28T16:11:33.077+0000] {dag.py:3954} INFO - Setting next_dagrun for latest_only_with_trigger to 2024-04-28 12:00:00+00:00, run_after=2024-04-28 16:00:00+00:00
[2024-04-28T16:11:33.095+0000] {processor.py:183} INFO - Processing /home/airflow/.local/lib/python3.12/site-packages/airflow/example_dags/example_latest_only_with_trigger.py took 0.070 seconds
[2024-04-28T16:12:03.503+0000] {processor.py:161} INFO - Started process (PID=807) to work on /home/airflow/.local/lib/python3.12/site-packages/airflow/example_dags/example_latest_only_with_trigger.py
[2024-04-28T16:12:03.504+0000] {processor.py:830} INFO - Processing file /home/airflow/.local/lib/python3.12/site-packages/airflow/example_dags/example_latest_only_with_trigger.py for tasks to queue
[2024-04-28T16:12:03.506+0000] {logging_mixin.py:188} INFO - [2024-04-28T16:12:03.505+0000] {dagbag.py:540} INFO - Filling up the DagBag from /home/airflow/.local/lib/python3.12/site-packages/airflow/example_dags/example_latest_only_with_trigger.py
[2024-04-28T16:12:03.509+0000] {processor.py:840} INFO - DAG(s) 'latest_only_with_trigger' retrieved from /home/airflow/.local/lib/python3.12/site-packages/airflow/example_dags/example_latest_only_with_trigger.py
[2024-04-28T16:12:03.525+0000] {logging_mixin.py:188} INFO - [2024-04-28T16:12:03.525+0000] {dag.py:3096} INFO - Sync 1 DAGs
[2024-04-28T16:12:03.542+0000] {logging_mixin.py:188} INFO - [2024-04-28T16:12:03.542+0000] {dag.py:3954} INFO - Setting next_dagrun for latest_only_with_trigger to 2024-04-28 12:00:00+00:00, run_after=2024-04-28 16:00:00+00:00
[2024-04-28T16:12:03.556+0000] {processor.py:183} INFO - Processing /home/airflow/.local/lib/python3.12/site-packages/airflow/example_dags/example_latest_only_with_trigger.py took 0.057 seconds
[2024-04-28T16:12:34.030+0000] {processor.py:161} INFO - Started process (PID=865) to work on /home/airflow/.local/lib/python3.12/site-packages/airflow/example_dags/example_latest_only_with_trigger.py
[2024-04-28T16:12:34.031+0000] {processor.py:830} INFO - Processing file /home/airflow/.local/lib/python3.12/site-packages/airflow/example_dags/example_latest_only_with_trigger.py for tasks to queue
[2024-04-28T16:12:34.033+0000] {logging_mixin.py:188} INFO - [2024-04-28T16:12:34.032+0000] {dagbag.py:540} INFO - Filling up the DagBag from /home/airflow/.local/lib/python3.12/site-packages/airflow/example_dags/example_latest_only_with_trigger.py
[2024-04-28T16:12:34.037+0000] {processor.py:840} INFO - DAG(s) 'latest_only_with_trigger' retrieved from /home/airflow/.local/lib/python3.12/site-packages/airflow/example_dags/example_latest_only_with_trigger.py
[2024-04-28T16:12:34.055+0000] {logging_mixin.py:188} INFO - [2024-04-28T16:12:34.055+0000] {dag.py:3096} INFO - Sync 1 DAGs
[2024-04-28T16:12:34.072+0000] {logging_mixin.py:188} INFO - [2024-04-28T16:12:34.072+0000] {dag.py:3954} INFO - Setting next_dagrun for latest_only_with_trigger to 2024-04-28 12:00:00+00:00, run_after=2024-04-28 16:00:00+00:00
[2024-04-28T16:12:34.090+0000] {processor.py:183} INFO - Processing /home/airflow/.local/lib/python3.12/site-packages/airflow/example_dags/example_latest_only_with_trigger.py took 0.064 seconds
