[2024-04-28T15:48:55.608+0000] {processor.py:161} INFO - Started process (PID=58) to work on /home/airflow/.local/lib/python3.12/site-packages/airflow/example_dags/example_complex.py
[2024-04-28T15:48:55.609+0000] {processor.py:830} INFO - Processing file /home/airflow/.local/lib/python3.12/site-packages/airflow/example_dags/example_complex.py for tasks to queue
[2024-04-28T15:48:55.610+0000] {logging_mixin.py:188} INFO - [2024-04-28T15:48:55.610+0000] {dagbag.py:540} INFO - Filling up the DagBag from /home/airflow/.local/lib/python3.12/site-packages/airflow/example_dags/example_complex.py
[2024-04-28T15:48:55.619+0000] {processor.py:840} INFO - DAG(s) 'example_complex' retrieved from /home/airflow/.local/lib/python3.12/site-packages/airflow/example_dags/example_complex.py
[2024-04-28T15:48:55.714+0000] {logging_mixin.py:188} INFO - [2024-04-28T15:48:55.714+0000] {override.py:1829} INFO - Created Permission View: can delete on DAG:example_complex
[2024-04-28T15:48:55.723+0000] {logging_mixin.py:188} INFO - [2024-04-28T15:48:55.722+0000] {override.py:1829} INFO - Created Permission View: can edit on DAG:example_complex
[2024-04-28T15:48:55.729+0000] {logging_mixin.py:188} INFO - [2024-04-28T15:48:55.728+0000] {override.py:1829} INFO - Created Permission View: can read on DAG:example_complex
[2024-04-28T15:48:55.729+0000] {logging_mixin.py:188} INFO - [2024-04-28T15:48:55.729+0000] {dag.py:3096} INFO - Sync 1 DAGs
[2024-04-28T15:48:55.740+0000] {logging_mixin.py:188} INFO - [2024-04-28T15:48:55.740+0000] {dag.py:3118} INFO - Creating ORM DAG for example_complex
[2024-04-28T15:48:55.741+0000] {logging_mixin.py:188} INFO - [2024-04-28T15:48:55.741+0000] {dag.py:3954} INFO - Setting next_dagrun for example_complex to None, run_after=None
[2024-04-28T15:48:55.758+0000] {processor.py:183} INFO - Processing /home/airflow/.local/lib/python3.12/site-packages/airflow/example_dags/example_complex.py took 0.154 seconds
[2024-04-28T15:49:27.750+0000] {processor.py:161} INFO - Started process (PID=116) to work on /home/airflow/.local/lib/python3.12/site-packages/airflow/example_dags/example_complex.py
[2024-04-28T15:49:27.803+0000] {processor.py:830} INFO - Processing file /home/airflow/.local/lib/python3.12/site-packages/airflow/example_dags/example_complex.py for tasks to queue
[2024-04-28T15:49:27.805+0000] {logging_mixin.py:188} INFO - [2024-04-28T15:49:27.805+0000] {dagbag.py:540} INFO - Filling up the DagBag from /home/airflow/.local/lib/python3.12/site-packages/airflow/example_dags/example_complex.py
[2024-04-28T15:49:27.816+0000] {processor.py:840} INFO - DAG(s) 'example_complex' retrieved from /home/airflow/.local/lib/python3.12/site-packages/airflow/example_dags/example_complex.py
[2024-04-28T15:49:27.849+0000] {logging_mixin.py:188} INFO - [2024-04-28T15:49:27.849+0000] {dag.py:3096} INFO - Sync 1 DAGs
[2024-04-28T15:49:27.863+0000] {logging_mixin.py:188} INFO - [2024-04-28T15:49:27.863+0000] {dag.py:3954} INFO - Setting next_dagrun for example_complex to None, run_after=None
[2024-04-28T15:49:27.899+0000] {processor.py:183} INFO - Processing /home/airflow/.local/lib/python3.12/site-packages/airflow/example_dags/example_complex.py took 0.159 seconds
[2024-04-28T15:49:58.604+0000] {processor.py:161} INFO - Started process (PID=174) to work on /home/airflow/.local/lib/python3.12/site-packages/airflow/example_dags/example_complex.py
[2024-04-28T15:49:58.605+0000] {processor.py:830} INFO - Processing file /home/airflow/.local/lib/python3.12/site-packages/airflow/example_dags/example_complex.py for tasks to queue
[2024-04-28T15:49:58.607+0000] {logging_mixin.py:188} INFO - [2024-04-28T15:49:58.606+0000] {dagbag.py:540} INFO - Filling up the DagBag from /home/airflow/.local/lib/python3.12/site-packages/airflow/example_dags/example_complex.py
[2024-04-28T15:49:58.616+0000] {processor.py:840} INFO - DAG(s) 'example_complex' retrieved from /home/airflow/.local/lib/python3.12/site-packages/airflow/example_dags/example_complex.py
[2024-04-28T15:49:58.647+0000] {logging_mixin.py:188} INFO - [2024-04-28T15:49:58.646+0000] {dag.py:3096} INFO - Sync 1 DAGs
[2024-04-28T15:49:58.662+0000] {logging_mixin.py:188} INFO - [2024-04-28T15:49:58.661+0000] {dag.py:3954} INFO - Setting next_dagrun for example_complex to None, run_after=None
[2024-04-28T15:49:58.684+0000] {processor.py:183} INFO - Processing /home/airflow/.local/lib/python3.12/site-packages/airflow/example_dags/example_complex.py took 0.087 seconds
[2024-04-28T15:50:29.318+0000] {processor.py:161} INFO - Started process (PID=232) to work on /home/airflow/.local/lib/python3.12/site-packages/airflow/example_dags/example_complex.py
[2024-04-28T15:50:29.319+0000] {processor.py:830} INFO - Processing file /home/airflow/.local/lib/python3.12/site-packages/airflow/example_dags/example_complex.py for tasks to queue
[2024-04-28T15:50:29.321+0000] {logging_mixin.py:188} INFO - [2024-04-28T15:50:29.320+0000] {dagbag.py:540} INFO - Filling up the DagBag from /home/airflow/.local/lib/python3.12/site-packages/airflow/example_dags/example_complex.py
[2024-04-28T15:50:29.330+0000] {processor.py:840} INFO - DAG(s) 'example_complex' retrieved from /home/airflow/.local/lib/python3.12/site-packages/airflow/example_dags/example_complex.py
[2024-04-28T15:50:29.358+0000] {logging_mixin.py:188} INFO - [2024-04-28T15:50:29.357+0000] {dag.py:3096} INFO - Sync 1 DAGs
[2024-04-28T15:50:29.369+0000] {logging_mixin.py:188} INFO - [2024-04-28T15:50:29.368+0000] {dag.py:3954} INFO - Setting next_dagrun for example_complex to None, run_after=None
[2024-04-28T15:50:29.385+0000] {processor.py:183} INFO - Processing /home/airflow/.local/lib/python3.12/site-packages/airflow/example_dags/example_complex.py took 0.072 seconds
[2024-04-28T15:50:59.892+0000] {processor.py:161} INFO - Started process (PID=290) to work on /home/airflow/.local/lib/python3.12/site-packages/airflow/example_dags/example_complex.py
[2024-04-28T15:50:59.893+0000] {processor.py:830} INFO - Processing file /home/airflow/.local/lib/python3.12/site-packages/airflow/example_dags/example_complex.py for tasks to queue
[2024-04-28T15:50:59.894+0000] {logging_mixin.py:188} INFO - [2024-04-28T15:50:59.894+0000] {dagbag.py:540} INFO - Filling up the DagBag from /home/airflow/.local/lib/python3.12/site-packages/airflow/example_dags/example_complex.py
[2024-04-28T15:50:59.903+0000] {processor.py:840} INFO - DAG(s) 'example_complex' retrieved from /home/airflow/.local/lib/python3.12/site-packages/airflow/example_dags/example_complex.py
[2024-04-28T15:50:59.937+0000] {logging_mixin.py:188} INFO - [2024-04-28T15:50:59.937+0000] {dag.py:3096} INFO - Sync 1 DAGs
[2024-04-28T15:50:59.950+0000] {logging_mixin.py:188} INFO - [2024-04-28T15:50:59.950+0000] {dag.py:3954} INFO - Setting next_dagrun for example_complex to None, run_after=None
[2024-04-28T15:50:59.973+0000] {processor.py:183} INFO - Processing /home/airflow/.local/lib/python3.12/site-packages/airflow/example_dags/example_complex.py took 0.087 seconds
[2024-04-28T15:51:30.770+0000] {processor.py:161} INFO - Started process (PID=348) to work on /home/airflow/.local/lib/python3.12/site-packages/airflow/example_dags/example_complex.py
[2024-04-28T15:51:30.772+0000] {processor.py:830} INFO - Processing file /home/airflow/.local/lib/python3.12/site-packages/airflow/example_dags/example_complex.py for tasks to queue
[2024-04-28T15:51:30.775+0000] {logging_mixin.py:188} INFO - [2024-04-28T15:51:30.774+0000] {dagbag.py:540} INFO - Filling up the DagBag from /home/airflow/.local/lib/python3.12/site-packages/airflow/example_dags/example_complex.py
[2024-04-28T15:51:30.790+0000] {processor.py:840} INFO - DAG(s) 'example_complex' retrieved from /home/airflow/.local/lib/python3.12/site-packages/airflow/example_dags/example_complex.py
[2024-04-28T15:51:30.837+0000] {logging_mixin.py:188} INFO - [2024-04-28T15:51:30.837+0000] {dag.py:3096} INFO - Sync 1 DAGs
[2024-04-28T15:51:30.856+0000] {logging_mixin.py:188} INFO - [2024-04-28T15:51:30.856+0000] {dag.py:3954} INFO - Setting next_dagrun for example_complex to None, run_after=None
[2024-04-28T15:51:30.890+0000] {processor.py:183} INFO - Processing /home/airflow/.local/lib/python3.12/site-packages/airflow/example_dags/example_complex.py took 0.129 seconds
[2024-04-28T15:53:33.359+0000] {processor.py:161} INFO - Started process (PID=60) to work on /home/airflow/.local/lib/python3.12/site-packages/airflow/example_dags/example_complex.py
[2024-04-28T15:53:33.361+0000] {processor.py:830} INFO - Processing file /home/airflow/.local/lib/python3.12/site-packages/airflow/example_dags/example_complex.py for tasks to queue
[2024-04-28T15:53:33.369+0000] {logging_mixin.py:188} INFO - [2024-04-28T15:53:33.367+0000] {dagbag.py:540} INFO - Filling up the DagBag from /home/airflow/.local/lib/python3.12/site-packages/airflow/example_dags/example_complex.py
[2024-04-28T15:53:33.399+0000] {processor.py:840} INFO - DAG(s) 'example_complex' retrieved from /home/airflow/.local/lib/python3.12/site-packages/airflow/example_dags/example_complex.py
[2024-04-28T15:53:33.424+0000] {logging_mixin.py:188} INFO - [2024-04-28T15:53:33.424+0000] {dag.py:3096} INFO - Sync 1 DAGs
[2024-04-28T15:53:33.456+0000] {logging_mixin.py:188} INFO - [2024-04-28T15:53:33.455+0000] {dag.py:3954} INFO - Setting next_dagrun for example_complex to None, run_after=None
[2024-04-28T15:53:33.482+0000] {processor.py:183} INFO - Processing /home/airflow/.local/lib/python3.12/site-packages/airflow/example_dags/example_complex.py took 0.141 seconds
[2024-04-28T15:54:04.604+0000] {processor.py:161} INFO - Started process (PID=120) to work on /home/airflow/.local/lib/python3.12/site-packages/airflow/example_dags/example_complex.py
[2024-04-28T15:54:04.605+0000] {processor.py:830} INFO - Processing file /home/airflow/.local/lib/python3.12/site-packages/airflow/example_dags/example_complex.py for tasks to queue
[2024-04-28T15:54:04.607+0000] {logging_mixin.py:188} INFO - [2024-04-28T15:54:04.606+0000] {dagbag.py:540} INFO - Filling up the DagBag from /home/airflow/.local/lib/python3.12/site-packages/airflow/example_dags/example_complex.py
[2024-04-28T15:54:04.615+0000] {processor.py:840} INFO - DAG(s) 'example_complex' retrieved from /home/airflow/.local/lib/python3.12/site-packages/airflow/example_dags/example_complex.py
[2024-04-28T15:54:04.701+0000] {logging_mixin.py:188} INFO - [2024-04-28T15:54:04.701+0000] {dag.py:3096} INFO - Sync 1 DAGs
[2024-04-28T15:54:04.710+0000] {logging_mixin.py:188} INFO - [2024-04-28T15:54:04.710+0000] {dag.py:3954} INFO - Setting next_dagrun for example_complex to None, run_after=None
[2024-04-28T15:54:04.732+0000] {processor.py:183} INFO - Processing /home/airflow/.local/lib/python3.12/site-packages/airflow/example_dags/example_complex.py took 0.133 seconds
[2024-04-28T15:54:35.183+0000] {processor.py:161} INFO - Started process (PID=188) to work on /home/airflow/.local/lib/python3.12/site-packages/airflow/example_dags/example_complex.py
[2024-04-28T15:54:35.184+0000] {processor.py:830} INFO - Processing file /home/airflow/.local/lib/python3.12/site-packages/airflow/example_dags/example_complex.py for tasks to queue
[2024-04-28T15:54:35.186+0000] {logging_mixin.py:188} INFO - [2024-04-28T15:54:35.185+0000] {dagbag.py:540} INFO - Filling up the DagBag from /home/airflow/.local/lib/python3.12/site-packages/airflow/example_dags/example_complex.py
[2024-04-28T15:54:35.195+0000] {processor.py:840} INFO - DAG(s) 'example_complex' retrieved from /home/airflow/.local/lib/python3.12/site-packages/airflow/example_dags/example_complex.py
[2024-04-28T15:54:35.220+0000] {logging_mixin.py:188} INFO - [2024-04-28T15:54:35.220+0000] {dag.py:3096} INFO - Sync 1 DAGs
[2024-04-28T15:54:35.229+0000] {logging_mixin.py:188} INFO - [2024-04-28T15:54:35.229+0000] {dag.py:3954} INFO - Setting next_dagrun for example_complex to None, run_after=None
[2024-04-28T15:54:35.245+0000] {processor.py:183} INFO - Processing /home/airflow/.local/lib/python3.12/site-packages/airflow/example_dags/example_complex.py took 0.067 seconds
[2024-04-28T15:55:06.273+0000] {processor.py:161} INFO - Started process (PID=248) to work on /home/airflow/.local/lib/python3.12/site-packages/airflow/example_dags/example_complex.py
[2024-04-28T15:55:06.275+0000] {processor.py:830} INFO - Processing file /home/airflow/.local/lib/python3.12/site-packages/airflow/example_dags/example_complex.py for tasks to queue
[2024-04-28T15:55:06.277+0000] {logging_mixin.py:188} INFO - [2024-04-28T15:55:06.276+0000] {dagbag.py:540} INFO - Filling up the DagBag from /home/airflow/.local/lib/python3.12/site-packages/airflow/example_dags/example_complex.py
[2024-04-28T15:55:06.284+0000] {processor.py:840} INFO - DAG(s) 'example_complex' retrieved from /home/airflow/.local/lib/python3.12/site-packages/airflow/example_dags/example_complex.py
[2024-04-28T15:55:06.310+0000] {logging_mixin.py:188} INFO - [2024-04-28T15:55:06.310+0000] {dag.py:3096} INFO - Sync 1 DAGs
[2024-04-28T15:55:06.320+0000] {logging_mixin.py:188} INFO - [2024-04-28T15:55:06.320+0000] {dag.py:3954} INFO - Setting next_dagrun for example_complex to None, run_after=None
[2024-04-28T15:55:06.342+0000] {processor.py:183} INFO - Processing /home/airflow/.local/lib/python3.12/site-packages/airflow/example_dags/example_complex.py took 0.074 seconds
[2024-04-28T15:55:37.345+0000] {processor.py:161} INFO - Started process (PID=307) to work on /home/airflow/.local/lib/python3.12/site-packages/airflow/example_dags/example_complex.py
[2024-04-28T15:55:37.346+0000] {processor.py:830} INFO - Processing file /home/airflow/.local/lib/python3.12/site-packages/airflow/example_dags/example_complex.py for tasks to queue
[2024-04-28T15:55:37.347+0000] {logging_mixin.py:188} INFO - [2024-04-28T15:55:37.347+0000] {dagbag.py:540} INFO - Filling up the DagBag from /home/airflow/.local/lib/python3.12/site-packages/airflow/example_dags/example_complex.py
[2024-04-28T15:55:37.356+0000] {processor.py:840} INFO - DAG(s) 'example_complex' retrieved from /home/airflow/.local/lib/python3.12/site-packages/airflow/example_dags/example_complex.py
[2024-04-28T15:55:37.382+0000] {logging_mixin.py:188} INFO - [2024-04-28T15:55:37.381+0000] {dag.py:3096} INFO - Sync 1 DAGs
[2024-04-28T15:55:37.392+0000] {logging_mixin.py:188} INFO - [2024-04-28T15:55:37.391+0000] {dag.py:3954} INFO - Setting next_dagrun for example_complex to None, run_after=None
[2024-04-28T15:55:37.408+0000] {processor.py:183} INFO - Processing /home/airflow/.local/lib/python3.12/site-packages/airflow/example_dags/example_complex.py took 0.068 seconds
[2024-04-28T15:56:07.490+0000] {processor.py:161} INFO - Started process (PID=366) to work on /home/airflow/.local/lib/python3.12/site-packages/airflow/example_dags/example_complex.py
[2024-04-28T15:56:07.493+0000] {processor.py:830} INFO - Processing file /home/airflow/.local/lib/python3.12/site-packages/airflow/example_dags/example_complex.py for tasks to queue
[2024-04-28T15:56:07.494+0000] {logging_mixin.py:188} INFO - [2024-04-28T15:56:07.494+0000] {dagbag.py:540} INFO - Filling up the DagBag from /home/airflow/.local/lib/python3.12/site-packages/airflow/example_dags/example_complex.py
[2024-04-28T15:56:07.502+0000] {processor.py:840} INFO - DAG(s) 'example_complex' retrieved from /home/airflow/.local/lib/python3.12/site-packages/airflow/example_dags/example_complex.py
[2024-04-28T15:56:07.529+0000] {logging_mixin.py:188} INFO - [2024-04-28T15:56:07.529+0000] {dag.py:3096} INFO - Sync 1 DAGs
[2024-04-28T15:56:07.541+0000] {logging_mixin.py:188} INFO - [2024-04-28T15:56:07.540+0000] {dag.py:3954} INFO - Setting next_dagrun for example_complex to None, run_after=None
[2024-04-28T15:56:07.563+0000] {processor.py:183} INFO - Processing /home/airflow/.local/lib/python3.12/site-packages/airflow/example_dags/example_complex.py took 0.078 seconds
[2024-04-28T15:56:37.620+0000] {processor.py:161} INFO - Started process (PID=426) to work on /home/airflow/.local/lib/python3.12/site-packages/airflow/example_dags/example_complex.py
[2024-04-28T15:56:37.622+0000] {processor.py:830} INFO - Processing file /home/airflow/.local/lib/python3.12/site-packages/airflow/example_dags/example_complex.py for tasks to queue
[2024-04-28T15:56:37.624+0000] {logging_mixin.py:188} INFO - [2024-04-28T15:56:37.623+0000] {dagbag.py:540} INFO - Filling up the DagBag from /home/airflow/.local/lib/python3.12/site-packages/airflow/example_dags/example_complex.py
[2024-04-28T15:56:37.631+0000] {processor.py:840} INFO - DAG(s) 'example_complex' retrieved from /home/airflow/.local/lib/python3.12/site-packages/airflow/example_dags/example_complex.py
[2024-04-28T15:56:37.656+0000] {logging_mixin.py:188} INFO - [2024-04-28T15:56:37.655+0000] {dag.py:3096} INFO - Sync 1 DAGs
[2024-04-28T15:56:37.665+0000] {logging_mixin.py:188} INFO - [2024-04-28T15:56:37.665+0000] {dag.py:3954} INFO - Setting next_dagrun for example_complex to None, run_after=None
[2024-04-28T15:56:37.680+0000] {processor.py:183} INFO - Processing /home/airflow/.local/lib/python3.12/site-packages/airflow/example_dags/example_complex.py took 0.065 seconds
[2024-04-28T15:57:08.298+0000] {processor.py:161} INFO - Started process (PID=486) to work on /home/airflow/.local/lib/python3.12/site-packages/airflow/example_dags/example_complex.py
[2024-04-28T15:57:08.301+0000] {processor.py:830} INFO - Processing file /home/airflow/.local/lib/python3.12/site-packages/airflow/example_dags/example_complex.py for tasks to queue
[2024-04-28T15:57:08.302+0000] {logging_mixin.py:188} INFO - [2024-04-28T15:57:08.302+0000] {dagbag.py:540} INFO - Filling up the DagBag from /home/airflow/.local/lib/python3.12/site-packages/airflow/example_dags/example_complex.py
[2024-04-28T15:57:08.309+0000] {processor.py:840} INFO - DAG(s) 'example_complex' retrieved from /home/airflow/.local/lib/python3.12/site-packages/airflow/example_dags/example_complex.py
[2024-04-28T15:57:08.333+0000] {logging_mixin.py:188} INFO - [2024-04-28T15:57:08.333+0000] {dag.py:3096} INFO - Sync 1 DAGs
[2024-04-28T15:57:08.342+0000] {logging_mixin.py:188} INFO - [2024-04-28T15:57:08.342+0000] {dag.py:3954} INFO - Setting next_dagrun for example_complex to None, run_after=None
[2024-04-28T15:57:08.357+0000] {processor.py:183} INFO - Processing /home/airflow/.local/lib/python3.12/site-packages/airflow/example_dags/example_complex.py took 0.063 seconds
[2024-04-28T15:57:38.725+0000] {processor.py:161} INFO - Started process (PID=546) to work on /home/airflow/.local/lib/python3.12/site-packages/airflow/example_dags/example_complex.py
[2024-04-28T15:57:38.726+0000] {processor.py:830} INFO - Processing file /home/airflow/.local/lib/python3.12/site-packages/airflow/example_dags/example_complex.py for tasks to queue
[2024-04-28T15:57:38.727+0000] {logging_mixin.py:188} INFO - [2024-04-28T15:57:38.727+0000] {dagbag.py:540} INFO - Filling up the DagBag from /home/airflow/.local/lib/python3.12/site-packages/airflow/example_dags/example_complex.py
[2024-04-28T15:57:38.734+0000] {processor.py:840} INFO - DAG(s) 'example_complex' retrieved from /home/airflow/.local/lib/python3.12/site-packages/airflow/example_dags/example_complex.py
[2024-04-28T15:57:38.760+0000] {logging_mixin.py:188} INFO - [2024-04-28T15:57:38.759+0000] {dag.py:3096} INFO - Sync 1 DAGs
[2024-04-28T15:57:38.769+0000] {logging_mixin.py:188} INFO - [2024-04-28T15:57:38.769+0000] {dag.py:3954} INFO - Setting next_dagrun for example_complex to None, run_after=None
[2024-04-28T15:57:38.784+0000] {processor.py:183} INFO - Processing /home/airflow/.local/lib/python3.12/site-packages/airflow/example_dags/example_complex.py took 0.063 seconds
[2024-04-28T15:58:09.065+0000] {processor.py:161} INFO - Started process (PID=606) to work on /home/airflow/.local/lib/python3.12/site-packages/airflow/example_dags/example_complex.py
[2024-04-28T15:58:09.066+0000] {processor.py:830} INFO - Processing file /home/airflow/.local/lib/python3.12/site-packages/airflow/example_dags/example_complex.py for tasks to queue
[2024-04-28T15:58:09.067+0000] {logging_mixin.py:188} INFO - [2024-04-28T15:58:09.067+0000] {dagbag.py:540} INFO - Filling up the DagBag from /home/airflow/.local/lib/python3.12/site-packages/airflow/example_dags/example_complex.py
[2024-04-28T15:58:09.074+0000] {processor.py:840} INFO - DAG(s) 'example_complex' retrieved from /home/airflow/.local/lib/python3.12/site-packages/airflow/example_dags/example_complex.py
[2024-04-28T15:58:09.099+0000] {logging_mixin.py:188} INFO - [2024-04-28T15:58:09.099+0000] {dag.py:3096} INFO - Sync 1 DAGs
[2024-04-28T15:58:09.108+0000] {logging_mixin.py:188} INFO - [2024-04-28T15:58:09.108+0000] {dag.py:3954} INFO - Setting next_dagrun for example_complex to None, run_after=None
[2024-04-28T15:58:09.123+0000] {processor.py:183} INFO - Processing /home/airflow/.local/lib/python3.12/site-packages/airflow/example_dags/example_complex.py took 0.063 seconds
[2024-04-28T15:58:39.582+0000] {processor.py:161} INFO - Started process (PID=666) to work on /home/airflow/.local/lib/python3.12/site-packages/airflow/example_dags/example_complex.py
[2024-04-28T15:58:39.583+0000] {processor.py:830} INFO - Processing file /home/airflow/.local/lib/python3.12/site-packages/airflow/example_dags/example_complex.py for tasks to queue
[2024-04-28T15:58:39.585+0000] {logging_mixin.py:188} INFO - [2024-04-28T15:58:39.585+0000] {dagbag.py:540} INFO - Filling up the DagBag from /home/airflow/.local/lib/python3.12/site-packages/airflow/example_dags/example_complex.py
[2024-04-28T15:58:39.594+0000] {processor.py:840} INFO - DAG(s) 'example_complex' retrieved from /home/airflow/.local/lib/python3.12/site-packages/airflow/example_dags/example_complex.py
[2024-04-28T15:58:39.626+0000] {logging_mixin.py:188} INFO - [2024-04-28T15:58:39.626+0000] {dag.py:3096} INFO - Sync 1 DAGs
[2024-04-28T15:58:39.639+0000] {logging_mixin.py:188} INFO - [2024-04-28T15:58:39.639+0000] {dag.py:3954} INFO - Setting next_dagrun for example_complex to None, run_after=None
[2024-04-28T15:58:39.656+0000] {processor.py:183} INFO - Processing /home/airflow/.local/lib/python3.12/site-packages/airflow/example_dags/example_complex.py took 0.080 seconds
[2024-04-28T15:59:10.178+0000] {processor.py:161} INFO - Started process (PID=726) to work on /home/airflow/.local/lib/python3.12/site-packages/airflow/example_dags/example_complex.py
[2024-04-28T15:59:10.181+0000] {processor.py:830} INFO - Processing file /home/airflow/.local/lib/python3.12/site-packages/airflow/example_dags/example_complex.py for tasks to queue
[2024-04-28T15:59:10.182+0000] {logging_mixin.py:188} INFO - [2024-04-28T15:59:10.182+0000] {dagbag.py:540} INFO - Filling up the DagBag from /home/airflow/.local/lib/python3.12/site-packages/airflow/example_dags/example_complex.py
[2024-04-28T15:59:10.190+0000] {processor.py:840} INFO - DAG(s) 'example_complex' retrieved from /home/airflow/.local/lib/python3.12/site-packages/airflow/example_dags/example_complex.py
[2024-04-28T15:59:10.215+0000] {logging_mixin.py:188} INFO - [2024-04-28T15:59:10.215+0000] {dag.py:3096} INFO - Sync 1 DAGs
[2024-04-28T15:59:10.226+0000] {logging_mixin.py:188} INFO - [2024-04-28T15:59:10.226+0000] {dag.py:3954} INFO - Setting next_dagrun for example_complex to None, run_after=None
[2024-04-28T15:59:10.242+0000] {processor.py:183} INFO - Processing /home/airflow/.local/lib/python3.12/site-packages/airflow/example_dags/example_complex.py took 0.069 seconds
[2024-04-28T15:59:40.707+0000] {processor.py:161} INFO - Started process (PID=786) to work on /home/airflow/.local/lib/python3.12/site-packages/airflow/example_dags/example_complex.py
[2024-04-28T15:59:40.708+0000] {processor.py:830} INFO - Processing file /home/airflow/.local/lib/python3.12/site-packages/airflow/example_dags/example_complex.py for tasks to queue
[2024-04-28T15:59:40.710+0000] {logging_mixin.py:188} INFO - [2024-04-28T15:59:40.709+0000] {dagbag.py:540} INFO - Filling up the DagBag from /home/airflow/.local/lib/python3.12/site-packages/airflow/example_dags/example_complex.py
[2024-04-28T15:59:40.717+0000] {processor.py:840} INFO - DAG(s) 'example_complex' retrieved from /home/airflow/.local/lib/python3.12/site-packages/airflow/example_dags/example_complex.py
[2024-04-28T15:59:40.742+0000] {logging_mixin.py:188} INFO - [2024-04-28T15:59:40.742+0000] {dag.py:3096} INFO - Sync 1 DAGs
[2024-04-28T15:59:40.752+0000] {logging_mixin.py:188} INFO - [2024-04-28T15:59:40.752+0000] {dag.py:3954} INFO - Setting next_dagrun for example_complex to None, run_after=None
[2024-04-28T15:59:40.769+0000] {processor.py:183} INFO - Processing /home/airflow/.local/lib/python3.12/site-packages/airflow/example_dags/example_complex.py took 0.066 seconds
[2024-04-28T16:00:11.342+0000] {processor.py:161} INFO - Started process (PID=846) to work on /home/airflow/.local/lib/python3.12/site-packages/airflow/example_dags/example_complex.py
[2024-04-28T16:00:11.344+0000] {processor.py:830} INFO - Processing file /home/airflow/.local/lib/python3.12/site-packages/airflow/example_dags/example_complex.py for tasks to queue
[2024-04-28T16:00:11.346+0000] {logging_mixin.py:188} INFO - [2024-04-28T16:00:11.345+0000] {dagbag.py:540} INFO - Filling up the DagBag from /home/airflow/.local/lib/python3.12/site-packages/airflow/example_dags/example_complex.py
[2024-04-28T16:00:11.353+0000] {processor.py:840} INFO - DAG(s) 'example_complex' retrieved from /home/airflow/.local/lib/python3.12/site-packages/airflow/example_dags/example_complex.py
[2024-04-28T16:00:11.376+0000] {logging_mixin.py:188} INFO - [2024-04-28T16:00:11.376+0000] {dag.py:3096} INFO - Sync 1 DAGs
[2024-04-28T16:00:11.385+0000] {logging_mixin.py:188} INFO - [2024-04-28T16:00:11.385+0000] {dag.py:3954} INFO - Setting next_dagrun for example_complex to None, run_after=None
[2024-04-28T16:00:11.401+0000] {processor.py:183} INFO - Processing /home/airflow/.local/lib/python3.12/site-packages/airflow/example_dags/example_complex.py took 0.063 seconds
[2024-04-28T16:00:41.809+0000] {processor.py:161} INFO - Started process (PID=906) to work on /home/airflow/.local/lib/python3.12/site-packages/airflow/example_dags/example_complex.py
[2024-04-28T16:00:41.812+0000] {processor.py:830} INFO - Processing file /home/airflow/.local/lib/python3.12/site-packages/airflow/example_dags/example_complex.py for tasks to queue
[2024-04-28T16:00:41.813+0000] {logging_mixin.py:188} INFO - [2024-04-28T16:00:41.813+0000] {dagbag.py:540} INFO - Filling up the DagBag from /home/airflow/.local/lib/python3.12/site-packages/airflow/example_dags/example_complex.py
[2024-04-28T16:00:41.821+0000] {processor.py:840} INFO - DAG(s) 'example_complex' retrieved from /home/airflow/.local/lib/python3.12/site-packages/airflow/example_dags/example_complex.py
[2024-04-28T16:00:41.846+0000] {logging_mixin.py:188} INFO - [2024-04-28T16:00:41.846+0000] {dag.py:3096} INFO - Sync 1 DAGs
[2024-04-28T16:00:41.856+0000] {logging_mixin.py:188} INFO - [2024-04-28T16:00:41.855+0000] {dag.py:3954} INFO - Setting next_dagrun for example_complex to None, run_after=None
[2024-04-28T16:00:41.872+0000] {processor.py:183} INFO - Processing /home/airflow/.local/lib/python3.12/site-packages/airflow/example_dags/example_complex.py took 0.068 seconds
[2024-04-28T16:05:54.022+0000] {processor.py:161} INFO - Started process (PID=60) to work on /home/airflow/.local/lib/python3.12/site-packages/airflow/example_dags/example_complex.py
[2024-04-28T16:05:54.022+0000] {processor.py:830} INFO - Processing file /home/airflow/.local/lib/python3.12/site-packages/airflow/example_dags/example_complex.py for tasks to queue
[2024-04-28T16:05:54.024+0000] {logging_mixin.py:188} INFO - [2024-04-28T16:05:54.024+0000] {dagbag.py:540} INFO - Filling up the DagBag from /home/airflow/.local/lib/python3.12/site-packages/airflow/example_dags/example_complex.py
[2024-04-28T16:05:54.031+0000] {processor.py:840} INFO - DAG(s) 'example_complex' retrieved from /home/airflow/.local/lib/python3.12/site-packages/airflow/example_dags/example_complex.py
[2024-04-28T16:05:54.042+0000] {logging_mixin.py:188} INFO - [2024-04-28T16:05:54.042+0000] {dag.py:3096} INFO - Sync 1 DAGs
[2024-04-28T16:05:54.057+0000] {logging_mixin.py:188} INFO - [2024-04-28T16:05:54.057+0000] {dag.py:3954} INFO - Setting next_dagrun for example_complex to None, run_after=None
[2024-04-28T16:05:54.074+0000] {processor.py:183} INFO - Processing /home/airflow/.local/lib/python3.12/site-packages/airflow/example_dags/example_complex.py took 0.057 seconds
[2024-04-28T16:06:24.938+0000] {processor.py:161} INFO - Started process (PID=120) to work on /home/airflow/.local/lib/python3.12/site-packages/airflow/example_dags/example_complex.py
[2024-04-28T16:06:24.939+0000] {processor.py:830} INFO - Processing file /home/airflow/.local/lib/python3.12/site-packages/airflow/example_dags/example_complex.py for tasks to queue
[2024-04-28T16:06:24.940+0000] {logging_mixin.py:188} INFO - [2024-04-28T16:06:24.940+0000] {dagbag.py:540} INFO - Filling up the DagBag from /home/airflow/.local/lib/python3.12/site-packages/airflow/example_dags/example_complex.py
[2024-04-28T16:06:24.947+0000] {processor.py:840} INFO - DAG(s) 'example_complex' retrieved from /home/airflow/.local/lib/python3.12/site-packages/airflow/example_dags/example_complex.py
[2024-04-28T16:06:25.042+0000] {logging_mixin.py:188} INFO - [2024-04-28T16:06:25.042+0000] {dag.py:3096} INFO - Sync 1 DAGs
[2024-04-28T16:06:25.050+0000] {logging_mixin.py:188} INFO - [2024-04-28T16:06:25.050+0000] {dag.py:3954} INFO - Setting next_dagrun for example_complex to None, run_after=None
[2024-04-28T16:06:25.067+0000] {processor.py:183} INFO - Processing /home/airflow/.local/lib/python3.12/site-packages/airflow/example_dags/example_complex.py took 0.134 seconds
[2024-04-28T16:06:55.729+0000] {processor.py:161} INFO - Started process (PID=184) to work on /home/airflow/.local/lib/python3.12/site-packages/airflow/example_dags/example_complex.py
[2024-04-28T16:06:55.730+0000] {processor.py:830} INFO - Processing file /home/airflow/.local/lib/python3.12/site-packages/airflow/example_dags/example_complex.py for tasks to queue
[2024-04-28T16:06:55.732+0000] {logging_mixin.py:188} INFO - [2024-04-28T16:06:55.732+0000] {dagbag.py:540} INFO - Filling up the DagBag from /home/airflow/.local/lib/python3.12/site-packages/airflow/example_dags/example_complex.py
[2024-04-28T16:06:55.739+0000] {processor.py:840} INFO - DAG(s) 'example_complex' retrieved from /home/airflow/.local/lib/python3.12/site-packages/airflow/example_dags/example_complex.py
[2024-04-28T16:06:55.764+0000] {logging_mixin.py:188} INFO - [2024-04-28T16:06:55.764+0000] {dag.py:3096} INFO - Sync 1 DAGs
[2024-04-28T16:06:55.776+0000] {logging_mixin.py:188} INFO - [2024-04-28T16:06:55.775+0000] {dag.py:3954} INFO - Setting next_dagrun for example_complex to None, run_after=None
[2024-04-28T16:06:55.791+0000] {processor.py:183} INFO - Processing /home/airflow/.local/lib/python3.12/site-packages/airflow/example_dags/example_complex.py took 0.067 seconds
[2024-04-28T16:07:26.311+0000] {processor.py:161} INFO - Started process (PID=244) to work on /home/airflow/.local/lib/python3.12/site-packages/airflow/example_dags/example_complex.py
[2024-04-28T16:07:26.312+0000] {processor.py:830} INFO - Processing file /home/airflow/.local/lib/python3.12/site-packages/airflow/example_dags/example_complex.py for tasks to queue
[2024-04-28T16:07:26.313+0000] {logging_mixin.py:188} INFO - [2024-04-28T16:07:26.313+0000] {dagbag.py:540} INFO - Filling up the DagBag from /home/airflow/.local/lib/python3.12/site-packages/airflow/example_dags/example_complex.py
[2024-04-28T16:07:26.321+0000] {processor.py:840} INFO - DAG(s) 'example_complex' retrieved from /home/airflow/.local/lib/python3.12/site-packages/airflow/example_dags/example_complex.py
[2024-04-28T16:07:26.345+0000] {logging_mixin.py:188} INFO - [2024-04-28T16:07:26.345+0000] {dag.py:3096} INFO - Sync 1 DAGs
[2024-04-28T16:07:26.354+0000] {logging_mixin.py:188} INFO - [2024-04-28T16:07:26.354+0000] {dag.py:3954} INFO - Setting next_dagrun for example_complex to None, run_after=None
[2024-04-28T16:07:26.371+0000] {processor.py:183} INFO - Processing /home/airflow/.local/lib/python3.12/site-packages/airflow/example_dags/example_complex.py took 0.066 seconds
[2024-04-28T16:07:56.590+0000] {processor.py:161} INFO - Started process (PID=304) to work on /home/airflow/.local/lib/python3.12/site-packages/airflow/example_dags/example_complex.py
[2024-04-28T16:07:56.591+0000] {processor.py:830} INFO - Processing file /home/airflow/.local/lib/python3.12/site-packages/airflow/example_dags/example_complex.py for tasks to queue
[2024-04-28T16:07:56.592+0000] {logging_mixin.py:188} INFO - [2024-04-28T16:07:56.592+0000] {dagbag.py:540} INFO - Filling up the DagBag from /home/airflow/.local/lib/python3.12/site-packages/airflow/example_dags/example_complex.py
[2024-04-28T16:07:56.599+0000] {processor.py:840} INFO - DAG(s) 'example_complex' retrieved from /home/airflow/.local/lib/python3.12/site-packages/airflow/example_dags/example_complex.py
[2024-04-28T16:07:56.629+0000] {logging_mixin.py:188} INFO - [2024-04-28T16:07:56.628+0000] {dag.py:3096} INFO - Sync 1 DAGs
[2024-04-28T16:07:56.639+0000] {logging_mixin.py:188} INFO - [2024-04-28T16:07:56.639+0000] {dag.py:3954} INFO - Setting next_dagrun for example_complex to None, run_after=None
[2024-04-28T16:07:56.657+0000] {processor.py:183} INFO - Processing /home/airflow/.local/lib/python3.12/site-packages/airflow/example_dags/example_complex.py took 0.072 seconds
[2024-04-28T16:08:27.051+0000] {processor.py:161} INFO - Started process (PID=362) to work on /home/airflow/.local/lib/python3.12/site-packages/airflow/example_dags/example_complex.py
[2024-04-28T16:08:27.052+0000] {processor.py:830} INFO - Processing file /home/airflow/.local/lib/python3.12/site-packages/airflow/example_dags/example_complex.py for tasks to queue
[2024-04-28T16:08:27.053+0000] {logging_mixin.py:188} INFO - [2024-04-28T16:08:27.053+0000] {dagbag.py:540} INFO - Filling up the DagBag from /home/airflow/.local/lib/python3.12/site-packages/airflow/example_dags/example_complex.py
[2024-04-28T16:08:27.061+0000] {processor.py:840} INFO - DAG(s) 'example_complex' retrieved from /home/airflow/.local/lib/python3.12/site-packages/airflow/example_dags/example_complex.py
[2024-04-28T16:08:27.087+0000] {logging_mixin.py:188} INFO - [2024-04-28T16:08:27.087+0000] {dag.py:3096} INFO - Sync 1 DAGs
[2024-04-28T16:08:27.099+0000] {logging_mixin.py:188} INFO - [2024-04-28T16:08:27.099+0000] {dag.py:3954} INFO - Setting next_dagrun for example_complex to None, run_after=None
[2024-04-28T16:08:27.115+0000] {processor.py:183} INFO - Processing /home/airflow/.local/lib/python3.12/site-packages/airflow/example_dags/example_complex.py took 0.069 seconds
[2024-04-28T16:08:57.661+0000] {processor.py:161} INFO - Started process (PID=422) to work on /home/airflow/.local/lib/python3.12/site-packages/airflow/example_dags/example_complex.py
[2024-04-28T16:08:57.662+0000] {processor.py:830} INFO - Processing file /home/airflow/.local/lib/python3.12/site-packages/airflow/example_dags/example_complex.py for tasks to queue
[2024-04-28T16:08:57.664+0000] {logging_mixin.py:188} INFO - [2024-04-28T16:08:57.664+0000] {dagbag.py:540} INFO - Filling up the DagBag from /home/airflow/.local/lib/python3.12/site-packages/airflow/example_dags/example_complex.py
[2024-04-28T16:08:57.672+0000] {processor.py:840} INFO - DAG(s) 'example_complex' retrieved from /home/airflow/.local/lib/python3.12/site-packages/airflow/example_dags/example_complex.py
[2024-04-28T16:08:57.700+0000] {logging_mixin.py:188} INFO - [2024-04-28T16:08:57.699+0000] {dag.py:3096} INFO - Sync 1 DAGs
[2024-04-28T16:08:57.711+0000] {logging_mixin.py:188} INFO - [2024-04-28T16:08:57.710+0000] {dag.py:3954} INFO - Setting next_dagrun for example_complex to None, run_after=None
[2024-04-28T16:08:57.726+0000] {processor.py:183} INFO - Processing /home/airflow/.local/lib/python3.12/site-packages/airflow/example_dags/example_complex.py took 0.069 seconds
[2024-04-28T16:09:27.864+0000] {processor.py:161} INFO - Started process (PID=482) to work on /home/airflow/.local/lib/python3.12/site-packages/airflow/example_dags/example_complex.py
[2024-04-28T16:09:27.865+0000] {processor.py:830} INFO - Processing file /home/airflow/.local/lib/python3.12/site-packages/airflow/example_dags/example_complex.py for tasks to queue
[2024-04-28T16:09:27.866+0000] {logging_mixin.py:188} INFO - [2024-04-28T16:09:27.866+0000] {dagbag.py:540} INFO - Filling up the DagBag from /home/airflow/.local/lib/python3.12/site-packages/airflow/example_dags/example_complex.py
[2024-04-28T16:09:27.874+0000] {processor.py:840} INFO - DAG(s) 'example_complex' retrieved from /home/airflow/.local/lib/python3.12/site-packages/airflow/example_dags/example_complex.py
[2024-04-28T16:09:27.898+0000] {logging_mixin.py:188} INFO - [2024-04-28T16:09:27.898+0000] {dag.py:3096} INFO - Sync 1 DAGs
[2024-04-28T16:09:27.908+0000] {logging_mixin.py:188} INFO - [2024-04-28T16:09:27.907+0000] {dag.py:3954} INFO - Setting next_dagrun for example_complex to None, run_after=None
[2024-04-28T16:09:27.924+0000] {processor.py:183} INFO - Processing /home/airflow/.local/lib/python3.12/site-packages/airflow/example_dags/example_complex.py took 0.064 seconds
[2024-04-28T16:09:58.307+0000] {processor.py:161} INFO - Started process (PID=542) to work on /home/airflow/.local/lib/python3.12/site-packages/airflow/example_dags/example_complex.py
[2024-04-28T16:09:58.308+0000] {processor.py:830} INFO - Processing file /home/airflow/.local/lib/python3.12/site-packages/airflow/example_dags/example_complex.py for tasks to queue
[2024-04-28T16:09:58.310+0000] {logging_mixin.py:188} INFO - [2024-04-28T16:09:58.309+0000] {dagbag.py:540} INFO - Filling up the DagBag from /home/airflow/.local/lib/python3.12/site-packages/airflow/example_dags/example_complex.py
[2024-04-28T16:09:58.317+0000] {processor.py:840} INFO - DAG(s) 'example_complex' retrieved from /home/airflow/.local/lib/python3.12/site-packages/airflow/example_dags/example_complex.py
[2024-04-28T16:09:58.350+0000] {logging_mixin.py:188} INFO - [2024-04-28T16:09:58.349+0000] {dag.py:3096} INFO - Sync 1 DAGs
[2024-04-28T16:09:58.360+0000] {logging_mixin.py:188} INFO - [2024-04-28T16:09:58.360+0000] {dag.py:3954} INFO - Setting next_dagrun for example_complex to None, run_after=None
[2024-04-28T16:09:58.380+0000] {processor.py:183} INFO - Processing /home/airflow/.local/lib/python3.12/site-packages/airflow/example_dags/example_complex.py took 0.077 seconds
[2024-04-28T16:10:28.711+0000] {processor.py:161} INFO - Started process (PID=602) to work on /home/airflow/.local/lib/python3.12/site-packages/airflow/example_dags/example_complex.py
[2024-04-28T16:10:28.712+0000] {processor.py:830} INFO - Processing file /home/airflow/.local/lib/python3.12/site-packages/airflow/example_dags/example_complex.py for tasks to queue
[2024-04-28T16:10:28.713+0000] {logging_mixin.py:188} INFO - [2024-04-28T16:10:28.713+0000] {dagbag.py:540} INFO - Filling up the DagBag from /home/airflow/.local/lib/python3.12/site-packages/airflow/example_dags/example_complex.py
[2024-04-28T16:10:28.721+0000] {processor.py:840} INFO - DAG(s) 'example_complex' retrieved from /home/airflow/.local/lib/python3.12/site-packages/airflow/example_dags/example_complex.py
[2024-04-28T16:10:28.744+0000] {logging_mixin.py:188} INFO - [2024-04-28T16:10:28.744+0000] {dag.py:3096} INFO - Sync 1 DAGs
[2024-04-28T16:10:28.753+0000] {logging_mixin.py:188} INFO - [2024-04-28T16:10:28.753+0000] {dag.py:3954} INFO - Setting next_dagrun for example_complex to None, run_after=None
[2024-04-28T16:10:28.767+0000] {processor.py:183} INFO - Processing /home/airflow/.local/lib/python3.12/site-packages/airflow/example_dags/example_complex.py took 0.061 seconds
[2024-04-28T16:10:59.132+0000] {processor.py:161} INFO - Started process (PID=662) to work on /home/airflow/.local/lib/python3.12/site-packages/airflow/example_dags/example_complex.py
[2024-04-28T16:10:59.133+0000] {processor.py:830} INFO - Processing file /home/airflow/.local/lib/python3.12/site-packages/airflow/example_dags/example_complex.py for tasks to queue
[2024-04-28T16:10:59.134+0000] {logging_mixin.py:188} INFO - [2024-04-28T16:10:59.134+0000] {dagbag.py:540} INFO - Filling up the DagBag from /home/airflow/.local/lib/python3.12/site-packages/airflow/example_dags/example_complex.py
[2024-04-28T16:10:59.142+0000] {processor.py:840} INFO - DAG(s) 'example_complex' retrieved from /home/airflow/.local/lib/python3.12/site-packages/airflow/example_dags/example_complex.py
[2024-04-28T16:10:59.167+0000] {logging_mixin.py:188} INFO - [2024-04-28T16:10:59.167+0000] {dag.py:3096} INFO - Sync 1 DAGs
[2024-04-28T16:10:59.176+0000] {logging_mixin.py:188} INFO - [2024-04-28T16:10:59.176+0000] {dag.py:3954} INFO - Setting next_dagrun for example_complex to None, run_after=None
[2024-04-28T16:10:59.192+0000] {processor.py:183} INFO - Processing /home/airflow/.local/lib/python3.12/site-packages/airflow/example_dags/example_complex.py took 0.065 seconds
[2024-04-28T16:11:29.704+0000] {processor.py:161} INFO - Started process (PID=722) to work on /home/airflow/.local/lib/python3.12/site-packages/airflow/example_dags/example_complex.py
[2024-04-28T16:11:29.705+0000] {processor.py:830} INFO - Processing file /home/airflow/.local/lib/python3.12/site-packages/airflow/example_dags/example_complex.py for tasks to queue
[2024-04-28T16:11:29.706+0000] {logging_mixin.py:188} INFO - [2024-04-28T16:11:29.706+0000] {dagbag.py:540} INFO - Filling up the DagBag from /home/airflow/.local/lib/python3.12/site-packages/airflow/example_dags/example_complex.py
[2024-04-28T16:11:29.715+0000] {processor.py:840} INFO - DAG(s) 'example_complex' retrieved from /home/airflow/.local/lib/python3.12/site-packages/airflow/example_dags/example_complex.py
[2024-04-28T16:11:29.740+0000] {logging_mixin.py:188} INFO - [2024-04-28T16:11:29.740+0000] {dag.py:3096} INFO - Sync 1 DAGs
[2024-04-28T16:11:29.751+0000] {logging_mixin.py:188} INFO - [2024-04-28T16:11:29.751+0000] {dag.py:3954} INFO - Setting next_dagrun for example_complex to None, run_after=None
[2024-04-28T16:11:29.770+0000] {processor.py:183} INFO - Processing /home/airflow/.local/lib/python3.12/site-packages/airflow/example_dags/example_complex.py took 0.073 seconds
[2024-04-28T16:12:00.325+0000] {processor.py:161} INFO - Started process (PID=782) to work on /home/airflow/.local/lib/python3.12/site-packages/airflow/example_dags/example_complex.py
[2024-04-28T16:12:00.326+0000] {processor.py:830} INFO - Processing file /home/airflow/.local/lib/python3.12/site-packages/airflow/example_dags/example_complex.py for tasks to queue
[2024-04-28T16:12:00.327+0000] {logging_mixin.py:188} INFO - [2024-04-28T16:12:00.327+0000] {dagbag.py:540} INFO - Filling up the DagBag from /home/airflow/.local/lib/python3.12/site-packages/airflow/example_dags/example_complex.py
[2024-04-28T16:12:00.335+0000] {processor.py:840} INFO - DAG(s) 'example_complex' retrieved from /home/airflow/.local/lib/python3.12/site-packages/airflow/example_dags/example_complex.py
[2024-04-28T16:12:00.360+0000] {logging_mixin.py:188} INFO - [2024-04-28T16:12:00.360+0000] {dag.py:3096} INFO - Sync 1 DAGs
[2024-04-28T16:12:00.369+0000] {logging_mixin.py:188} INFO - [2024-04-28T16:12:00.369+0000] {dag.py:3954} INFO - Setting next_dagrun for example_complex to None, run_after=None
[2024-04-28T16:12:00.384+0000] {processor.py:183} INFO - Processing /home/airflow/.local/lib/python3.12/site-packages/airflow/example_dags/example_complex.py took 0.064 seconds
[2024-04-28T16:12:30.806+0000] {processor.py:161} INFO - Started process (PID=842) to work on /home/airflow/.local/lib/python3.12/site-packages/airflow/example_dags/example_complex.py
[2024-04-28T16:12:30.807+0000] {processor.py:830} INFO - Processing file /home/airflow/.local/lib/python3.12/site-packages/airflow/example_dags/example_complex.py for tasks to queue
[2024-04-28T16:12:30.808+0000] {logging_mixin.py:188} INFO - [2024-04-28T16:12:30.808+0000] {dagbag.py:540} INFO - Filling up the DagBag from /home/airflow/.local/lib/python3.12/site-packages/airflow/example_dags/example_complex.py
[2024-04-28T16:12:30.817+0000] {processor.py:840} INFO - DAG(s) 'example_complex' retrieved from /home/airflow/.local/lib/python3.12/site-packages/airflow/example_dags/example_complex.py
[2024-04-28T16:12:30.844+0000] {logging_mixin.py:188} INFO - [2024-04-28T16:12:30.844+0000] {dag.py:3096} INFO - Sync 1 DAGs
[2024-04-28T16:12:30.855+0000] {logging_mixin.py:188} INFO - [2024-04-28T16:12:30.855+0000] {dag.py:3954} INFO - Setting next_dagrun for example_complex to None, run_after=None
[2024-04-28T16:12:30.872+0000] {processor.py:183} INFO - Processing /home/airflow/.local/lib/python3.12/site-packages/airflow/example_dags/example_complex.py took 0.071 seconds
