[2024-04-28T15:48:58.342+0000] {processor.py:161} INFO - Started process (PID=85) to work on /home/airflow/.local/lib/python3.12/site-packages/airflow/example_dags/example_bash_decorator.py
[2024-04-28T15:48:58.343+0000] {processor.py:830} INFO - Processing file /home/airflow/.local/lib/python3.12/site-packages/airflow/example_dags/example_bash_decorator.py for tasks to queue
[2024-04-28T15:48:58.345+0000] {logging_mixin.py:188} INFO - [2024-04-28T15:48:58.344+0000] {dagbag.py:540} INFO - Filling up the DagBag from /home/airflow/.local/lib/python3.12/site-packages/airflow/example_dags/example_bash_decorator.py
[2024-04-28T15:48:58.357+0000] {processor.py:840} INFO - DAG(s) 'example_bash_decorator' retrieved from /home/airflow/.local/lib/python3.12/site-packages/airflow/example_dags/example_bash_decorator.py
[2024-04-28T15:48:58.439+0000] {logging_mixin.py:188} INFO - [2024-04-28T15:48:58.438+0000] {override.py:1829} INFO - Created Permission View: can delete on DAG:example_bash_decorator
[2024-04-28T15:48:58.447+0000] {logging_mixin.py:188} INFO - [2024-04-28T15:48:58.446+0000] {override.py:1829} INFO - Created Permission View: can edit on DAG:example_bash_decorator
[2024-04-28T15:48:58.452+0000] {logging_mixin.py:188} INFO - [2024-04-28T15:48:58.451+0000] {override.py:1829} INFO - Created Permission View: can read on DAG:example_bash_decorator
[2024-04-28T15:48:58.452+0000] {logging_mixin.py:188} INFO - [2024-04-28T15:48:58.452+0000] {dag.py:3096} INFO - Sync 1 DAGs
[2024-04-28T15:48:58.460+0000] {logging_mixin.py:188} INFO - [2024-04-28T15:48:58.460+0000] {dag.py:3118} INFO - Creating ORM DAG for example_bash_decorator
[2024-04-28T15:48:58.461+0000] {logging_mixin.py:188} INFO - [2024-04-28T15:48:58.461+0000] {dag.py:3954} INFO - Setting next_dagrun for example_bash_decorator to None, run_after=None
[2024-04-28T15:48:58.473+0000] {processor.py:183} INFO - Processing /home/airflow/.local/lib/python3.12/site-packages/airflow/example_dags/example_bash_decorator.py took 0.137 seconds
[2024-04-28T15:49:29.244+0000] {processor.py:161} INFO - Started process (PID=143) to work on /home/airflow/.local/lib/python3.12/site-packages/airflow/example_dags/example_bash_decorator.py
[2024-04-28T15:49:29.245+0000] {processor.py:830} INFO - Processing file /home/airflow/.local/lib/python3.12/site-packages/airflow/example_dags/example_bash_decorator.py for tasks to queue
[2024-04-28T15:49:29.246+0000] {logging_mixin.py:188} INFO - [2024-04-28T15:49:29.246+0000] {dagbag.py:540} INFO - Filling up the DagBag from /home/airflow/.local/lib/python3.12/site-packages/airflow/example_dags/example_bash_decorator.py
[2024-04-28T15:49:29.258+0000] {processor.py:840} INFO - DAG(s) 'example_bash_decorator' retrieved from /home/airflow/.local/lib/python3.12/site-packages/airflow/example_dags/example_bash_decorator.py
[2024-04-28T15:49:29.279+0000] {logging_mixin.py:188} INFO - [2024-04-28T15:49:29.279+0000] {dag.py:3096} INFO - Sync 1 DAGs
[2024-04-28T15:49:29.290+0000] {logging_mixin.py:188} INFO - [2024-04-28T15:49:29.290+0000] {dag.py:3954} INFO - Setting next_dagrun for example_bash_decorator to None, run_after=None
[2024-04-28T15:49:29.317+0000] {processor.py:183} INFO - Processing /home/airflow/.local/lib/python3.12/site-packages/airflow/example_dags/example_bash_decorator.py took 0.079 seconds
[2024-04-28T15:50:00.138+0000] {processor.py:161} INFO - Started process (PID=201) to work on /home/airflow/.local/lib/python3.12/site-packages/airflow/example_dags/example_bash_decorator.py
[2024-04-28T15:50:00.139+0000] {processor.py:830} INFO - Processing file /home/airflow/.local/lib/python3.12/site-packages/airflow/example_dags/example_bash_decorator.py for tasks to queue
[2024-04-28T15:50:00.141+0000] {logging_mixin.py:188} INFO - [2024-04-28T15:50:00.140+0000] {dagbag.py:540} INFO - Filling up the DagBag from /home/airflow/.local/lib/python3.12/site-packages/airflow/example_dags/example_bash_decorator.py
[2024-04-28T15:50:00.155+0000] {processor.py:840} INFO - DAG(s) 'example_bash_decorator' retrieved from /home/airflow/.local/lib/python3.12/site-packages/airflow/example_dags/example_bash_decorator.py
[2024-04-28T15:50:00.185+0000] {logging_mixin.py:188} INFO - [2024-04-28T15:50:00.184+0000] {dag.py:3096} INFO - Sync 1 DAGs
[2024-04-28T15:50:00.198+0000] {logging_mixin.py:188} INFO - [2024-04-28T15:50:00.198+0000] {dag.py:3954} INFO - Setting next_dagrun for example_bash_decorator to None, run_after=None
[2024-04-28T15:50:00.220+0000] {processor.py:183} INFO - Processing /home/airflow/.local/lib/python3.12/site-packages/airflow/example_dags/example_bash_decorator.py took 0.089 seconds
[2024-04-28T15:50:30.817+0000] {processor.py:161} INFO - Started process (PID=259) to work on /home/airflow/.local/lib/python3.12/site-packages/airflow/example_dags/example_bash_decorator.py
[2024-04-28T15:50:30.818+0000] {processor.py:830} INFO - Processing file /home/airflow/.local/lib/python3.12/site-packages/airflow/example_dags/example_bash_decorator.py for tasks to queue
[2024-04-28T15:50:30.820+0000] {logging_mixin.py:188} INFO - [2024-04-28T15:50:30.820+0000] {dagbag.py:540} INFO - Filling up the DagBag from /home/airflow/.local/lib/python3.12/site-packages/airflow/example_dags/example_bash_decorator.py
[2024-04-28T15:50:30.832+0000] {processor.py:840} INFO - DAG(s) 'example_bash_decorator' retrieved from /home/airflow/.local/lib/python3.12/site-packages/airflow/example_dags/example_bash_decorator.py
[2024-04-28T15:50:30.855+0000] {logging_mixin.py:188} INFO - [2024-04-28T15:50:30.854+0000] {dag.py:3096} INFO - Sync 1 DAGs
[2024-04-28T15:50:30.865+0000] {logging_mixin.py:188} INFO - [2024-04-28T15:50:30.865+0000] {dag.py:3954} INFO - Setting next_dagrun for example_bash_decorator to None, run_after=None
[2024-04-28T15:50:30.883+0000] {processor.py:183} INFO - Processing /home/airflow/.local/lib/python3.12/site-packages/airflow/example_dags/example_bash_decorator.py took 0.071 seconds
[2024-04-28T15:51:01.409+0000] {processor.py:161} INFO - Started process (PID=317) to work on /home/airflow/.local/lib/python3.12/site-packages/airflow/example_dags/example_bash_decorator.py
[2024-04-28T15:51:01.410+0000] {processor.py:830} INFO - Processing file /home/airflow/.local/lib/python3.12/site-packages/airflow/example_dags/example_bash_decorator.py for tasks to queue
[2024-04-28T15:51:01.412+0000] {logging_mixin.py:188} INFO - [2024-04-28T15:51:01.411+0000] {dagbag.py:540} INFO - Filling up the DagBag from /home/airflow/.local/lib/python3.12/site-packages/airflow/example_dags/example_bash_decorator.py
[2024-04-28T15:51:01.424+0000] {processor.py:840} INFO - DAG(s) 'example_bash_decorator' retrieved from /home/airflow/.local/lib/python3.12/site-packages/airflow/example_dags/example_bash_decorator.py
[2024-04-28T15:51:01.450+0000] {logging_mixin.py:188} INFO - [2024-04-28T15:51:01.449+0000] {dag.py:3096} INFO - Sync 1 DAGs
[2024-04-28T15:51:01.470+0000] {logging_mixin.py:188} INFO - [2024-04-28T15:51:01.470+0000] {dag.py:3954} INFO - Setting next_dagrun for example_bash_decorator to None, run_after=None
[2024-04-28T15:51:01.494+0000] {processor.py:183} INFO - Processing /home/airflow/.local/lib/python3.12/site-packages/airflow/example_dags/example_bash_decorator.py took 0.090 seconds
[2024-04-28T15:51:32.643+0000] {processor.py:161} INFO - Started process (PID=375) to work on /home/airflow/.local/lib/python3.12/site-packages/airflow/example_dags/example_bash_decorator.py
[2024-04-28T15:51:32.644+0000] {processor.py:830} INFO - Processing file /home/airflow/.local/lib/python3.12/site-packages/airflow/example_dags/example_bash_decorator.py for tasks to queue
[2024-04-28T15:51:32.647+0000] {logging_mixin.py:188} INFO - [2024-04-28T15:51:32.646+0000] {dagbag.py:540} INFO - Filling up the DagBag from /home/airflow/.local/lib/python3.12/site-packages/airflow/example_dags/example_bash_decorator.py
[2024-04-28T15:51:32.664+0000] {processor.py:840} INFO - DAG(s) 'example_bash_decorator' retrieved from /home/airflow/.local/lib/python3.12/site-packages/airflow/example_dags/example_bash_decorator.py
[2024-04-28T15:51:32.689+0000] {logging_mixin.py:188} INFO - [2024-04-28T15:51:32.688+0000] {dag.py:3096} INFO - Sync 1 DAGs
[2024-04-28T15:51:32.705+0000] {logging_mixin.py:188} INFO - [2024-04-28T15:51:32.704+0000] {dag.py:3954} INFO - Setting next_dagrun for example_bash_decorator to None, run_after=None
[2024-04-28T15:51:32.726+0000] {processor.py:183} INFO - Processing /home/airflow/.local/lib/python3.12/site-packages/airflow/example_dags/example_bash_decorator.py took 0.090 seconds
[2024-04-28T15:53:34.859+0000] {processor.py:161} INFO - Started process (PID=87) to work on /home/airflow/.local/lib/python3.12/site-packages/airflow/example_dags/example_bash_decorator.py
[2024-04-28T15:53:34.860+0000] {processor.py:830} INFO - Processing file /home/airflow/.local/lib/python3.12/site-packages/airflow/example_dags/example_bash_decorator.py for tasks to queue
[2024-04-28T15:53:34.862+0000] {logging_mixin.py:188} INFO - [2024-04-28T15:53:34.862+0000] {dagbag.py:540} INFO - Filling up the DagBag from /home/airflow/.local/lib/python3.12/site-packages/airflow/example_dags/example_bash_decorator.py
[2024-04-28T15:53:34.875+0000] {processor.py:840} INFO - DAG(s) 'example_bash_decorator' retrieved from /home/airflow/.local/lib/python3.12/site-packages/airflow/example_dags/example_bash_decorator.py
[2024-04-28T15:53:34.889+0000] {logging_mixin.py:188} INFO - [2024-04-28T15:53:34.889+0000] {dag.py:3096} INFO - Sync 1 DAGs
[2024-04-28T15:53:34.903+0000] {logging_mixin.py:188} INFO - [2024-04-28T15:53:34.903+0000] {dag.py:3954} INFO - Setting next_dagrun for example_bash_decorator to None, run_after=None
[2024-04-28T15:53:34.921+0000] {processor.py:183} INFO - Processing /home/airflow/.local/lib/python3.12/site-packages/airflow/example_dags/example_bash_decorator.py took 0.068 seconds
[2024-04-28T15:54:06.594+0000] {processor.py:161} INFO - Started process (PID=147) to work on /home/airflow/.local/lib/python3.12/site-packages/airflow/example_dags/example_bash_decorator.py
[2024-04-28T15:54:06.595+0000] {processor.py:830} INFO - Processing file /home/airflow/.local/lib/python3.12/site-packages/airflow/example_dags/example_bash_decorator.py for tasks to queue
[2024-04-28T15:54:06.597+0000] {logging_mixin.py:188} INFO - [2024-04-28T15:54:06.597+0000] {dagbag.py:540} INFO - Filling up the DagBag from /home/airflow/.local/lib/python3.12/site-packages/airflow/example_dags/example_bash_decorator.py
[2024-04-28T15:54:06.607+0000] {processor.py:840} INFO - DAG(s) 'example_bash_decorator' retrieved from /home/airflow/.local/lib/python3.12/site-packages/airflow/example_dags/example_bash_decorator.py
[2024-04-28T15:54:06.686+0000] {logging_mixin.py:188} INFO - [2024-04-28T15:54:06.686+0000] {dag.py:3096} INFO - Sync 1 DAGs
[2024-04-28T15:54:06.695+0000] {logging_mixin.py:188} INFO - [2024-04-28T15:54:06.695+0000] {dag.py:3954} INFO - Setting next_dagrun for example_bash_decorator to None, run_after=None
[2024-04-28T15:54:06.711+0000] {processor.py:183} INFO - Processing /home/airflow/.local/lib/python3.12/site-packages/airflow/example_dags/example_bash_decorator.py took 0.121 seconds
[2024-04-28T15:54:37.596+0000] {processor.py:161} INFO - Started process (PID=215) to work on /home/airflow/.local/lib/python3.12/site-packages/airflow/example_dags/example_bash_decorator.py
[2024-04-28T15:54:37.597+0000] {processor.py:830} INFO - Processing file /home/airflow/.local/lib/python3.12/site-packages/airflow/example_dags/example_bash_decorator.py for tasks to queue
[2024-04-28T15:54:37.598+0000] {logging_mixin.py:188} INFO - [2024-04-28T15:54:37.598+0000] {dagbag.py:540} INFO - Filling up the DagBag from /home/airflow/.local/lib/python3.12/site-packages/airflow/example_dags/example_bash_decorator.py
[2024-04-28T15:54:37.608+0000] {processor.py:840} INFO - DAG(s) 'example_bash_decorator' retrieved from /home/airflow/.local/lib/python3.12/site-packages/airflow/example_dags/example_bash_decorator.py
[2024-04-28T15:54:37.627+0000] {logging_mixin.py:188} INFO - [2024-04-28T15:54:37.627+0000] {dag.py:3096} INFO - Sync 1 DAGs
[2024-04-28T15:54:37.638+0000] {logging_mixin.py:188} INFO - [2024-04-28T15:54:37.637+0000] {dag.py:3954} INFO - Setting next_dagrun for example_bash_decorator to None, run_after=None
[2024-04-28T15:54:37.656+0000] {processor.py:183} INFO - Processing /home/airflow/.local/lib/python3.12/site-packages/airflow/example_dags/example_bash_decorator.py took 0.065 seconds
[2024-04-28T15:55:08.653+0000] {processor.py:161} INFO - Started process (PID=275) to work on /home/airflow/.local/lib/python3.12/site-packages/airflow/example_dags/example_bash_decorator.py
[2024-04-28T15:55:08.654+0000] {processor.py:830} INFO - Processing file /home/airflow/.local/lib/python3.12/site-packages/airflow/example_dags/example_bash_decorator.py for tasks to queue
[2024-04-28T15:55:08.656+0000] {logging_mixin.py:188} INFO - [2024-04-28T15:55:08.655+0000] {dagbag.py:540} INFO - Filling up the DagBag from /home/airflow/.local/lib/python3.12/site-packages/airflow/example_dags/example_bash_decorator.py
[2024-04-28T15:55:08.668+0000] {processor.py:840} INFO - DAG(s) 'example_bash_decorator' retrieved from /home/airflow/.local/lib/python3.12/site-packages/airflow/example_dags/example_bash_decorator.py
[2024-04-28T15:55:08.687+0000] {logging_mixin.py:188} INFO - [2024-04-28T15:55:08.687+0000] {dag.py:3096} INFO - Sync 1 DAGs
[2024-04-28T15:55:08.698+0000] {logging_mixin.py:188} INFO - [2024-04-28T15:55:08.698+0000] {dag.py:3954} INFO - Setting next_dagrun for example_bash_decorator to None, run_after=None
[2024-04-28T15:55:08.715+0000] {processor.py:183} INFO - Processing /home/airflow/.local/lib/python3.12/site-packages/airflow/example_dags/example_bash_decorator.py took 0.067 seconds
[2024-04-28T15:55:38.872+0000] {processor.py:161} INFO - Started process (PID=335) to work on /home/airflow/.local/lib/python3.12/site-packages/airflow/example_dags/example_bash_decorator.py
[2024-04-28T15:55:38.874+0000] {processor.py:830} INFO - Processing file /home/airflow/.local/lib/python3.12/site-packages/airflow/example_dags/example_bash_decorator.py for tasks to queue
[2024-04-28T15:55:38.876+0000] {logging_mixin.py:188} INFO - [2024-04-28T15:55:38.875+0000] {dagbag.py:540} INFO - Filling up the DagBag from /home/airflow/.local/lib/python3.12/site-packages/airflow/example_dags/example_bash_decorator.py
[2024-04-28T15:55:38.888+0000] {processor.py:840} INFO - DAG(s) 'example_bash_decorator' retrieved from /home/airflow/.local/lib/python3.12/site-packages/airflow/example_dags/example_bash_decorator.py
[2024-04-28T15:55:38.908+0000] {logging_mixin.py:188} INFO - [2024-04-28T15:55:38.908+0000] {dag.py:3096} INFO - Sync 1 DAGs
[2024-04-28T15:55:38.920+0000] {logging_mixin.py:188} INFO - [2024-04-28T15:55:38.919+0000] {dag.py:3954} INFO - Setting next_dagrun for example_bash_decorator to None, run_after=None
[2024-04-28T15:55:38.940+0000] {processor.py:183} INFO - Processing /home/airflow/.local/lib/python3.12/site-packages/airflow/example_dags/example_bash_decorator.py took 0.073 seconds
[2024-04-28T15:56:09.086+0000] {processor.py:161} INFO - Started process (PID=394) to work on /home/airflow/.local/lib/python3.12/site-packages/airflow/example_dags/example_bash_decorator.py
[2024-04-28T15:56:09.087+0000] {processor.py:830} INFO - Processing file /home/airflow/.local/lib/python3.12/site-packages/airflow/example_dags/example_bash_decorator.py for tasks to queue
[2024-04-28T15:56:09.088+0000] {logging_mixin.py:188} INFO - [2024-04-28T15:56:09.088+0000] {dagbag.py:540} INFO - Filling up the DagBag from /home/airflow/.local/lib/python3.12/site-packages/airflow/example_dags/example_bash_decorator.py
[2024-04-28T15:56:09.099+0000] {processor.py:840} INFO - DAG(s) 'example_bash_decorator' retrieved from /home/airflow/.local/lib/python3.12/site-packages/airflow/example_dags/example_bash_decorator.py
[2024-04-28T15:56:09.119+0000] {logging_mixin.py:188} INFO - [2024-04-28T15:56:09.118+0000] {dag.py:3096} INFO - Sync 1 DAGs
[2024-04-28T15:56:09.129+0000] {logging_mixin.py:188} INFO - [2024-04-28T15:56:09.129+0000] {dag.py:3954} INFO - Setting next_dagrun for example_bash_decorator to None, run_after=None
[2024-04-28T15:56:09.144+0000] {processor.py:183} INFO - Processing /home/airflow/.local/lib/python3.12/site-packages/airflow/example_dags/example_bash_decorator.py took 0.063 seconds
[2024-04-28T15:56:40.250+0000] {processor.py:161} INFO - Started process (PID=455) to work on /home/airflow/.local/lib/python3.12/site-packages/airflow/example_dags/example_bash_decorator.py
[2024-04-28T15:56:40.251+0000] {processor.py:830} INFO - Processing file /home/airflow/.local/lib/python3.12/site-packages/airflow/example_dags/example_bash_decorator.py for tasks to queue
[2024-04-28T15:56:40.252+0000] {logging_mixin.py:188} INFO - [2024-04-28T15:56:40.252+0000] {dagbag.py:540} INFO - Filling up the DagBag from /home/airflow/.local/lib/python3.12/site-packages/airflow/example_dags/example_bash_decorator.py
[2024-04-28T15:56:40.263+0000] {processor.py:840} INFO - DAG(s) 'example_bash_decorator' retrieved from /home/airflow/.local/lib/python3.12/site-packages/airflow/example_dags/example_bash_decorator.py
[2024-04-28T15:56:40.283+0000] {logging_mixin.py:188} INFO - [2024-04-28T15:56:40.283+0000] {dag.py:3096} INFO - Sync 1 DAGs
[2024-04-28T15:56:40.294+0000] {logging_mixin.py:188} INFO - [2024-04-28T15:56:40.294+0000] {dag.py:3954} INFO - Setting next_dagrun for example_bash_decorator to None, run_after=None
[2024-04-28T15:56:40.310+0000] {processor.py:183} INFO - Processing /home/airflow/.local/lib/python3.12/site-packages/airflow/example_dags/example_bash_decorator.py took 0.065 seconds
[2024-04-28T15:57:10.672+0000] {processor.py:161} INFO - Started process (PID=515) to work on /home/airflow/.local/lib/python3.12/site-packages/airflow/example_dags/example_bash_decorator.py
[2024-04-28T15:57:10.673+0000] {processor.py:830} INFO - Processing file /home/airflow/.local/lib/python3.12/site-packages/airflow/example_dags/example_bash_decorator.py for tasks to queue
[2024-04-28T15:57:10.674+0000] {logging_mixin.py:188} INFO - [2024-04-28T15:57:10.674+0000] {dagbag.py:540} INFO - Filling up the DagBag from /home/airflow/.local/lib/python3.12/site-packages/airflow/example_dags/example_bash_decorator.py
[2024-04-28T15:57:10.684+0000] {processor.py:840} INFO - DAG(s) 'example_bash_decorator' retrieved from /home/airflow/.local/lib/python3.12/site-packages/airflow/example_dags/example_bash_decorator.py
[2024-04-28T15:57:10.703+0000] {logging_mixin.py:188} INFO - [2024-04-28T15:57:10.702+0000] {dag.py:3096} INFO - Sync 1 DAGs
[2024-04-28T15:57:10.712+0000] {logging_mixin.py:188} INFO - [2024-04-28T15:57:10.712+0000] {dag.py:3954} INFO - Setting next_dagrun for example_bash_decorator to None, run_after=None
[2024-04-28T15:57:10.727+0000] {processor.py:183} INFO - Processing /home/airflow/.local/lib/python3.12/site-packages/airflow/example_dags/example_bash_decorator.py took 0.060 seconds
[2024-04-28T15:57:40.942+0000] {processor.py:161} INFO - Started process (PID=574) to work on /home/airflow/.local/lib/python3.12/site-packages/airflow/example_dags/example_bash_decorator.py
[2024-04-28T15:57:40.943+0000] {processor.py:830} INFO - Processing file /home/airflow/.local/lib/python3.12/site-packages/airflow/example_dags/example_bash_decorator.py for tasks to queue
[2024-04-28T15:57:40.944+0000] {logging_mixin.py:188} INFO - [2024-04-28T15:57:40.944+0000] {dagbag.py:540} INFO - Filling up the DagBag from /home/airflow/.local/lib/python3.12/site-packages/airflow/example_dags/example_bash_decorator.py
[2024-04-28T15:57:40.954+0000] {processor.py:840} INFO - DAG(s) 'example_bash_decorator' retrieved from /home/airflow/.local/lib/python3.12/site-packages/airflow/example_dags/example_bash_decorator.py
[2024-04-28T15:57:40.972+0000] {logging_mixin.py:188} INFO - [2024-04-28T15:57:40.972+0000] {dag.py:3096} INFO - Sync 1 DAGs
[2024-04-28T15:57:40.980+0000] {logging_mixin.py:188} INFO - [2024-04-28T15:57:40.980+0000] {dag.py:3954} INFO - Setting next_dagrun for example_bash_decorator to None, run_after=None
[2024-04-28T15:57:40.994+0000] {processor.py:183} INFO - Processing /home/airflow/.local/lib/python3.12/site-packages/airflow/example_dags/example_bash_decorator.py took 0.056 seconds
[2024-04-28T15:58:11.140+0000] {processor.py:161} INFO - Started process (PID=632) to work on /home/airflow/.local/lib/python3.12/site-packages/airflow/example_dags/example_bash_decorator.py
[2024-04-28T15:58:11.141+0000] {processor.py:830} INFO - Processing file /home/airflow/.local/lib/python3.12/site-packages/airflow/example_dags/example_bash_decorator.py for tasks to queue
[2024-04-28T15:58:11.142+0000] {logging_mixin.py:188} INFO - [2024-04-28T15:58:11.142+0000] {dagbag.py:540} INFO - Filling up the DagBag from /home/airflow/.local/lib/python3.12/site-packages/airflow/example_dags/example_bash_decorator.py
[2024-04-28T15:58:11.153+0000] {processor.py:840} INFO - DAG(s) 'example_bash_decorator' retrieved from /home/airflow/.local/lib/python3.12/site-packages/airflow/example_dags/example_bash_decorator.py
[2024-04-28T15:58:11.172+0000] {logging_mixin.py:188} INFO - [2024-04-28T15:58:11.171+0000] {dag.py:3096} INFO - Sync 1 DAGs
[2024-04-28T15:58:11.182+0000] {logging_mixin.py:188} INFO - [2024-04-28T15:58:11.182+0000] {dag.py:3954} INFO - Setting next_dagrun for example_bash_decorator to None, run_after=None
[2024-04-28T15:58:11.198+0000] {processor.py:183} INFO - Processing /home/airflow/.local/lib/python3.12/site-packages/airflow/example_dags/example_bash_decorator.py took 0.063 seconds
[2024-04-28T15:58:41.600+0000] {processor.py:161} INFO - Started process (PID=692) to work on /home/airflow/.local/lib/python3.12/site-packages/airflow/example_dags/example_bash_decorator.py
[2024-04-28T15:58:41.601+0000] {processor.py:830} INFO - Processing file /home/airflow/.local/lib/python3.12/site-packages/airflow/example_dags/example_bash_decorator.py for tasks to queue
[2024-04-28T15:58:41.603+0000] {logging_mixin.py:188} INFO - [2024-04-28T15:58:41.602+0000] {dagbag.py:540} INFO - Filling up the DagBag from /home/airflow/.local/lib/python3.12/site-packages/airflow/example_dags/example_bash_decorator.py
[2024-04-28T15:58:41.613+0000] {processor.py:840} INFO - DAG(s) 'example_bash_decorator' retrieved from /home/airflow/.local/lib/python3.12/site-packages/airflow/example_dags/example_bash_decorator.py
[2024-04-28T15:58:41.632+0000] {logging_mixin.py:188} INFO - [2024-04-28T15:58:41.632+0000] {dag.py:3096} INFO - Sync 1 DAGs
[2024-04-28T15:58:41.643+0000] {logging_mixin.py:188} INFO - [2024-04-28T15:58:41.643+0000] {dag.py:3954} INFO - Setting next_dagrun for example_bash_decorator to None, run_after=None
[2024-04-28T15:58:41.661+0000] {processor.py:183} INFO - Processing /home/airflow/.local/lib/python3.12/site-packages/airflow/example_dags/example_bash_decorator.py took 0.065 seconds
[2024-04-28T15:59:12.219+0000] {processor.py:161} INFO - Started process (PID=752) to work on /home/airflow/.local/lib/python3.12/site-packages/airflow/example_dags/example_bash_decorator.py
[2024-04-28T15:59:12.220+0000] {processor.py:830} INFO - Processing file /home/airflow/.local/lib/python3.12/site-packages/airflow/example_dags/example_bash_decorator.py for tasks to queue
[2024-04-28T15:59:12.222+0000] {logging_mixin.py:188} INFO - [2024-04-28T15:59:12.221+0000] {dagbag.py:540} INFO - Filling up the DagBag from /home/airflow/.local/lib/python3.12/site-packages/airflow/example_dags/example_bash_decorator.py
[2024-04-28T15:59:12.232+0000] {processor.py:840} INFO - DAG(s) 'example_bash_decorator' retrieved from /home/airflow/.local/lib/python3.12/site-packages/airflow/example_dags/example_bash_decorator.py
[2024-04-28T15:59:12.252+0000] {logging_mixin.py:188} INFO - [2024-04-28T15:59:12.252+0000] {dag.py:3096} INFO - Sync 1 DAGs
[2024-04-28T15:59:12.262+0000] {logging_mixin.py:188} INFO - [2024-04-28T15:59:12.262+0000] {dag.py:3954} INFO - Setting next_dagrun for example_bash_decorator to None, run_after=None
[2024-04-28T15:59:12.278+0000] {processor.py:183} INFO - Processing /home/airflow/.local/lib/python3.12/site-packages/airflow/example_dags/example_bash_decorator.py took 0.064 seconds
[2024-04-28T15:59:42.664+0000] {processor.py:161} INFO - Started process (PID=812) to work on /home/airflow/.local/lib/python3.12/site-packages/airflow/example_dags/example_bash_decorator.py
[2024-04-28T15:59:42.665+0000] {processor.py:830} INFO - Processing file /home/airflow/.local/lib/python3.12/site-packages/airflow/example_dags/example_bash_decorator.py for tasks to queue
[2024-04-28T15:59:42.666+0000] {logging_mixin.py:188} INFO - [2024-04-28T15:59:42.666+0000] {dagbag.py:540} INFO - Filling up the DagBag from /home/airflow/.local/lib/python3.12/site-packages/airflow/example_dags/example_bash_decorator.py
[2024-04-28T15:59:42.675+0000] {processor.py:840} INFO - DAG(s) 'example_bash_decorator' retrieved from /home/airflow/.local/lib/python3.12/site-packages/airflow/example_dags/example_bash_decorator.py
[2024-04-28T15:59:42.694+0000] {logging_mixin.py:188} INFO - [2024-04-28T15:59:42.694+0000] {dag.py:3096} INFO - Sync 1 DAGs
[2024-04-28T15:59:42.704+0000] {logging_mixin.py:188} INFO - [2024-04-28T15:59:42.704+0000] {dag.py:3954} INFO - Setting next_dagrun for example_bash_decorator to None, run_after=None
[2024-04-28T15:59:42.718+0000] {processor.py:183} INFO - Processing /home/airflow/.local/lib/python3.12/site-packages/airflow/example_dags/example_bash_decorator.py took 0.059 seconds
[2024-04-28T16:00:13.403+0000] {processor.py:161} INFO - Started process (PID=873) to work on /home/airflow/.local/lib/python3.12/site-packages/airflow/example_dags/example_bash_decorator.py
[2024-04-28T16:00:13.404+0000] {processor.py:830} INFO - Processing file /home/airflow/.local/lib/python3.12/site-packages/airflow/example_dags/example_bash_decorator.py for tasks to queue
[2024-04-28T16:00:13.405+0000] {logging_mixin.py:188} INFO - [2024-04-28T16:00:13.405+0000] {dagbag.py:540} INFO - Filling up the DagBag from /home/airflow/.local/lib/python3.12/site-packages/airflow/example_dags/example_bash_decorator.py
[2024-04-28T16:00:13.414+0000] {processor.py:840} INFO - DAG(s) 'example_bash_decorator' retrieved from /home/airflow/.local/lib/python3.12/site-packages/airflow/example_dags/example_bash_decorator.py
[2024-04-28T16:00:13.433+0000] {logging_mixin.py:188} INFO - [2024-04-28T16:00:13.433+0000] {dag.py:3096} INFO - Sync 1 DAGs
[2024-04-28T16:00:13.443+0000] {logging_mixin.py:188} INFO - [2024-04-28T16:00:13.442+0000] {dag.py:3954} INFO - Setting next_dagrun for example_bash_decorator to None, run_after=None
[2024-04-28T16:00:13.456+0000] {processor.py:183} INFO - Processing /home/airflow/.local/lib/python3.12/site-packages/airflow/example_dags/example_bash_decorator.py took 0.057 seconds
[2024-04-28T16:05:55.018+0000] {processor.py:161} INFO - Started process (PID=87) to work on /home/airflow/.local/lib/python3.12/site-packages/airflow/example_dags/example_bash_decorator.py
[2024-04-28T16:05:55.019+0000] {processor.py:830} INFO - Processing file /home/airflow/.local/lib/python3.12/site-packages/airflow/example_dags/example_bash_decorator.py for tasks to queue
[2024-04-28T16:05:55.021+0000] {logging_mixin.py:188} INFO - [2024-04-28T16:05:55.020+0000] {dagbag.py:540} INFO - Filling up the DagBag from /home/airflow/.local/lib/python3.12/site-packages/airflow/example_dags/example_bash_decorator.py
[2024-04-28T16:05:55.031+0000] {processor.py:840} INFO - DAG(s) 'example_bash_decorator' retrieved from /home/airflow/.local/lib/python3.12/site-packages/airflow/example_dags/example_bash_decorator.py
[2024-04-28T16:05:55.040+0000] {logging_mixin.py:188} INFO - [2024-04-28T16:05:55.040+0000] {dag.py:3096} INFO - Sync 1 DAGs
[2024-04-28T16:05:55.052+0000] {logging_mixin.py:188} INFO - [2024-04-28T16:05:55.052+0000] {dag.py:3954} INFO - Setting next_dagrun for example_bash_decorator to None, run_after=None
[2024-04-28T16:05:55.066+0000] {processor.py:183} INFO - Processing /home/airflow/.local/lib/python3.12/site-packages/airflow/example_dags/example_bash_decorator.py took 0.052 seconds
[2024-04-28T16:06:26.968+0000] {processor.py:161} INFO - Started process (PID=147) to work on /home/airflow/.local/lib/python3.12/site-packages/airflow/example_dags/example_bash_decorator.py
[2024-04-28T16:06:26.969+0000] {processor.py:830} INFO - Processing file /home/airflow/.local/lib/python3.12/site-packages/airflow/example_dags/example_bash_decorator.py for tasks to queue
[2024-04-28T16:06:26.970+0000] {logging_mixin.py:188} INFO - [2024-04-28T16:06:26.970+0000] {dagbag.py:540} INFO - Filling up the DagBag from /home/airflow/.local/lib/python3.12/site-packages/airflow/example_dags/example_bash_decorator.py
[2024-04-28T16:06:26.980+0000] {processor.py:840} INFO - DAG(s) 'example_bash_decorator' retrieved from /home/airflow/.local/lib/python3.12/site-packages/airflow/example_dags/example_bash_decorator.py
[2024-04-28T16:06:27.053+0000] {logging_mixin.py:188} INFO - [2024-04-28T16:06:27.053+0000] {dag.py:3096} INFO - Sync 1 DAGs
[2024-04-28T16:06:27.062+0000] {logging_mixin.py:188} INFO - [2024-04-28T16:06:27.061+0000] {dag.py:3954} INFO - Setting next_dagrun for example_bash_decorator to None, run_after=None
[2024-04-28T16:06:27.077+0000] {processor.py:183} INFO - Processing /home/airflow/.local/lib/python3.12/site-packages/airflow/example_dags/example_bash_decorator.py took 0.113 seconds
[2024-04-28T16:06:57.753+0000] {processor.py:161} INFO - Started process (PID=211) to work on /home/airflow/.local/lib/python3.12/site-packages/airflow/example_dags/example_bash_decorator.py
[2024-04-28T16:06:57.754+0000] {processor.py:830} INFO - Processing file /home/airflow/.local/lib/python3.12/site-packages/airflow/example_dags/example_bash_decorator.py for tasks to queue
[2024-04-28T16:06:57.755+0000] {logging_mixin.py:188} INFO - [2024-04-28T16:06:57.755+0000] {dagbag.py:540} INFO - Filling up the DagBag from /home/airflow/.local/lib/python3.12/site-packages/airflow/example_dags/example_bash_decorator.py
[2024-04-28T16:06:57.765+0000] {processor.py:840} INFO - DAG(s) 'example_bash_decorator' retrieved from /home/airflow/.local/lib/python3.12/site-packages/airflow/example_dags/example_bash_decorator.py
[2024-04-28T16:06:57.782+0000] {logging_mixin.py:188} INFO - [2024-04-28T16:06:57.782+0000] {dag.py:3096} INFO - Sync 1 DAGs
[2024-04-28T16:06:57.791+0000] {logging_mixin.py:188} INFO - [2024-04-28T16:06:57.791+0000] {dag.py:3954} INFO - Setting next_dagrun for example_bash_decorator to None, run_after=None
[2024-04-28T16:06:57.805+0000] {processor.py:183} INFO - Processing /home/airflow/.local/lib/python3.12/site-packages/airflow/example_dags/example_bash_decorator.py took 0.056 seconds
[2024-04-28T16:07:28.335+0000] {processor.py:161} INFO - Started process (PID=271) to work on /home/airflow/.local/lib/python3.12/site-packages/airflow/example_dags/example_bash_decorator.py
[2024-04-28T16:07:28.336+0000] {processor.py:830} INFO - Processing file /home/airflow/.local/lib/python3.12/site-packages/airflow/example_dags/example_bash_decorator.py for tasks to queue
[2024-04-28T16:07:28.337+0000] {logging_mixin.py:188} INFO - [2024-04-28T16:07:28.337+0000] {dagbag.py:540} INFO - Filling up the DagBag from /home/airflow/.local/lib/python3.12/site-packages/airflow/example_dags/example_bash_decorator.py
[2024-04-28T16:07:28.347+0000] {processor.py:840} INFO - DAG(s) 'example_bash_decorator' retrieved from /home/airflow/.local/lib/python3.12/site-packages/airflow/example_dags/example_bash_decorator.py
[2024-04-28T16:07:28.365+0000] {logging_mixin.py:188} INFO - [2024-04-28T16:07:28.365+0000] {dag.py:3096} INFO - Sync 1 DAGs
[2024-04-28T16:07:28.375+0000] {logging_mixin.py:188} INFO - [2024-04-28T16:07:28.375+0000] {dag.py:3954} INFO - Setting next_dagrun for example_bash_decorator to None, run_after=None
[2024-04-28T16:07:28.389+0000] {processor.py:183} INFO - Processing /home/airflow/.local/lib/python3.12/site-packages/airflow/example_dags/example_bash_decorator.py took 0.058 seconds
[2024-04-28T16:07:58.995+0000] {processor.py:161} INFO - Started process (PID=331) to work on /home/airflow/.local/lib/python3.12/site-packages/airflow/example_dags/example_bash_decorator.py
[2024-04-28T16:07:58.996+0000] {processor.py:830} INFO - Processing file /home/airflow/.local/lib/python3.12/site-packages/airflow/example_dags/example_bash_decorator.py for tasks to queue
[2024-04-28T16:07:58.997+0000] {logging_mixin.py:188} INFO - [2024-04-28T16:07:58.997+0000] {dagbag.py:540} INFO - Filling up the DagBag from /home/airflow/.local/lib/python3.12/site-packages/airflow/example_dags/example_bash_decorator.py
[2024-04-28T16:07:59.009+0000] {processor.py:840} INFO - DAG(s) 'example_bash_decorator' retrieved from /home/airflow/.local/lib/python3.12/site-packages/airflow/example_dags/example_bash_decorator.py
[2024-04-28T16:07:59.027+0000] {logging_mixin.py:188} INFO - [2024-04-28T16:07:59.027+0000] {dag.py:3096} INFO - Sync 1 DAGs
[2024-04-28T16:07:59.039+0000] {logging_mixin.py:188} INFO - [2024-04-28T16:07:59.038+0000] {dag.py:3954} INFO - Setting next_dagrun for example_bash_decorator to None, run_after=None
[2024-04-28T16:07:59.054+0000] {processor.py:183} INFO - Processing /home/airflow/.local/lib/python3.12/site-packages/airflow/example_dags/example_bash_decorator.py took 0.064 seconds
[2024-04-28T16:08:29.496+0000] {processor.py:161} INFO - Started process (PID=391) to work on /home/airflow/.local/lib/python3.12/site-packages/airflow/example_dags/example_bash_decorator.py
[2024-04-28T16:08:29.497+0000] {processor.py:830} INFO - Processing file /home/airflow/.local/lib/python3.12/site-packages/airflow/example_dags/example_bash_decorator.py for tasks to queue
[2024-04-28T16:08:29.498+0000] {logging_mixin.py:188} INFO - [2024-04-28T16:08:29.498+0000] {dagbag.py:540} INFO - Filling up the DagBag from /home/airflow/.local/lib/python3.12/site-packages/airflow/example_dags/example_bash_decorator.py
[2024-04-28T16:08:29.509+0000] {processor.py:840} INFO - DAG(s) 'example_bash_decorator' retrieved from /home/airflow/.local/lib/python3.12/site-packages/airflow/example_dags/example_bash_decorator.py
[2024-04-28T16:08:29.530+0000] {logging_mixin.py:188} INFO - [2024-04-28T16:08:29.530+0000] {dag.py:3096} INFO - Sync 1 DAGs
[2024-04-28T16:08:29.541+0000] {logging_mixin.py:188} INFO - [2024-04-28T16:08:29.540+0000] {dag.py:3954} INFO - Setting next_dagrun for example_bash_decorator to None, run_after=None
[2024-04-28T16:08:29.559+0000] {processor.py:183} INFO - Processing /home/airflow/.local/lib/python3.12/site-packages/airflow/example_dags/example_bash_decorator.py took 0.067 seconds
[2024-04-28T16:09:00.498+0000] {processor.py:161} INFO - Started process (PID=451) to work on /home/airflow/.local/lib/python3.12/site-packages/airflow/example_dags/example_bash_decorator.py
[2024-04-28T16:09:00.499+0000] {processor.py:830} INFO - Processing file /home/airflow/.local/lib/python3.12/site-packages/airflow/example_dags/example_bash_decorator.py for tasks to queue
[2024-04-28T16:09:00.500+0000] {logging_mixin.py:188} INFO - [2024-04-28T16:09:00.500+0000] {dagbag.py:540} INFO - Filling up the DagBag from /home/airflow/.local/lib/python3.12/site-packages/airflow/example_dags/example_bash_decorator.py
[2024-04-28T16:09:00.511+0000] {processor.py:840} INFO - DAG(s) 'example_bash_decorator' retrieved from /home/airflow/.local/lib/python3.12/site-packages/airflow/example_dags/example_bash_decorator.py
[2024-04-28T16:09:00.531+0000] {logging_mixin.py:188} INFO - [2024-04-28T16:09:00.531+0000] {dag.py:3096} INFO - Sync 1 DAGs
[2024-04-28T16:09:00.541+0000] {logging_mixin.py:188} INFO - [2024-04-28T16:09:00.541+0000] {dag.py:3954} INFO - Setting next_dagrun for example_bash_decorator to None, run_after=None
[2024-04-28T16:09:00.556+0000] {processor.py:183} INFO - Processing /home/airflow/.local/lib/python3.12/site-packages/airflow/example_dags/example_bash_decorator.py took 0.063 seconds
[2024-04-28T16:09:31.190+0000] {processor.py:161} INFO - Started process (PID=511) to work on /home/airflow/.local/lib/python3.12/site-packages/airflow/example_dags/example_bash_decorator.py
[2024-04-28T16:09:31.191+0000] {processor.py:830} INFO - Processing file /home/airflow/.local/lib/python3.12/site-packages/airflow/example_dags/example_bash_decorator.py for tasks to queue
[2024-04-28T16:09:31.192+0000] {logging_mixin.py:188} INFO - [2024-04-28T16:09:31.192+0000] {dagbag.py:540} INFO - Filling up the DagBag from /home/airflow/.local/lib/python3.12/site-packages/airflow/example_dags/example_bash_decorator.py
[2024-04-28T16:09:31.202+0000] {processor.py:840} INFO - DAG(s) 'example_bash_decorator' retrieved from /home/airflow/.local/lib/python3.12/site-packages/airflow/example_dags/example_bash_decorator.py
[2024-04-28T16:09:31.221+0000] {logging_mixin.py:188} INFO - [2024-04-28T16:09:31.220+0000] {dag.py:3096} INFO - Sync 1 DAGs
[2024-04-28T16:09:31.230+0000] {logging_mixin.py:188} INFO - [2024-04-28T16:09:31.230+0000] {dag.py:3954} INFO - Setting next_dagrun for example_bash_decorator to None, run_after=None
[2024-04-28T16:09:31.245+0000] {processor.py:183} INFO - Processing /home/airflow/.local/lib/python3.12/site-packages/airflow/example_dags/example_bash_decorator.py took 0.060 seconds
[2024-04-28T16:10:01.710+0000] {processor.py:161} INFO - Started process (PID=571) to work on /home/airflow/.local/lib/python3.12/site-packages/airflow/example_dags/example_bash_decorator.py
[2024-04-28T16:10:01.711+0000] {processor.py:830} INFO - Processing file /home/airflow/.local/lib/python3.12/site-packages/airflow/example_dags/example_bash_decorator.py for tasks to queue
[2024-04-28T16:10:01.712+0000] {logging_mixin.py:188} INFO - [2024-04-28T16:10:01.712+0000] {dagbag.py:540} INFO - Filling up the DagBag from /home/airflow/.local/lib/python3.12/site-packages/airflow/example_dags/example_bash_decorator.py
[2024-04-28T16:10:01.722+0000] {processor.py:840} INFO - DAG(s) 'example_bash_decorator' retrieved from /home/airflow/.local/lib/python3.12/site-packages/airflow/example_dags/example_bash_decorator.py
[2024-04-28T16:10:01.741+0000] {logging_mixin.py:188} INFO - [2024-04-28T16:10:01.741+0000] {dag.py:3096} INFO - Sync 1 DAGs
[2024-04-28T16:10:01.750+0000] {logging_mixin.py:188} INFO - [2024-04-28T16:10:01.750+0000] {dag.py:3954} INFO - Setting next_dagrun for example_bash_decorator to None, run_after=None
[2024-04-28T16:10:01.764+0000] {processor.py:183} INFO - Processing /home/airflow/.local/lib/python3.12/site-packages/airflow/example_dags/example_bash_decorator.py took 0.059 seconds
[2024-04-28T16:10:32.055+0000] {processor.py:161} INFO - Started process (PID=631) to work on /home/airflow/.local/lib/python3.12/site-packages/airflow/example_dags/example_bash_decorator.py
[2024-04-28T16:10:32.056+0000] {processor.py:830} INFO - Processing file /home/airflow/.local/lib/python3.12/site-packages/airflow/example_dags/example_bash_decorator.py for tasks to queue
[2024-04-28T16:10:32.057+0000] {logging_mixin.py:188} INFO - [2024-04-28T16:10:32.057+0000] {dagbag.py:540} INFO - Filling up the DagBag from /home/airflow/.local/lib/python3.12/site-packages/airflow/example_dags/example_bash_decorator.py
[2024-04-28T16:10:32.067+0000] {processor.py:840} INFO - DAG(s) 'example_bash_decorator' retrieved from /home/airflow/.local/lib/python3.12/site-packages/airflow/example_dags/example_bash_decorator.py
[2024-04-28T16:10:32.086+0000] {logging_mixin.py:188} INFO - [2024-04-28T16:10:32.085+0000] {dag.py:3096} INFO - Sync 1 DAGs
[2024-04-28T16:10:32.096+0000] {logging_mixin.py:188} INFO - [2024-04-28T16:10:32.096+0000] {dag.py:3954} INFO - Setting next_dagrun for example_bash_decorator to None, run_after=None
[2024-04-28T16:10:32.111+0000] {processor.py:183} INFO - Processing /home/airflow/.local/lib/python3.12/site-packages/airflow/example_dags/example_bash_decorator.py took 0.061 seconds
[2024-04-28T16:11:02.539+0000] {processor.py:161} INFO - Started process (PID=691) to work on /home/airflow/.local/lib/python3.12/site-packages/airflow/example_dags/example_bash_decorator.py
[2024-04-28T16:11:02.540+0000] {processor.py:830} INFO - Processing file /home/airflow/.local/lib/python3.12/site-packages/airflow/example_dags/example_bash_decorator.py for tasks to queue
[2024-04-28T16:11:02.542+0000] {logging_mixin.py:188} INFO - [2024-04-28T16:11:02.542+0000] {dagbag.py:540} INFO - Filling up the DagBag from /home/airflow/.local/lib/python3.12/site-packages/airflow/example_dags/example_bash_decorator.py
[2024-04-28T16:11:02.554+0000] {processor.py:840} INFO - DAG(s) 'example_bash_decorator' retrieved from /home/airflow/.local/lib/python3.12/site-packages/airflow/example_dags/example_bash_decorator.py
[2024-04-28T16:11:02.579+0000] {logging_mixin.py:188} INFO - [2024-04-28T16:11:02.578+0000] {dag.py:3096} INFO - Sync 1 DAGs
[2024-04-28T16:11:02.589+0000] {logging_mixin.py:188} INFO - [2024-04-28T16:11:02.589+0000] {dag.py:3954} INFO - Setting next_dagrun for example_bash_decorator to None, run_after=None
[2024-04-28T16:11:02.609+0000] {processor.py:183} INFO - Processing /home/airflow/.local/lib/python3.12/site-packages/airflow/example_dags/example_bash_decorator.py took 0.076 seconds
[2024-04-28T16:11:33.218+0000] {processor.py:161} INFO - Started process (PID=751) to work on /home/airflow/.local/lib/python3.12/site-packages/airflow/example_dags/example_bash_decorator.py
[2024-04-28T16:11:33.219+0000] {processor.py:830} INFO - Processing file /home/airflow/.local/lib/python3.12/site-packages/airflow/example_dags/example_bash_decorator.py for tasks to queue
[2024-04-28T16:11:33.221+0000] {logging_mixin.py:188} INFO - [2024-04-28T16:11:33.220+0000] {dagbag.py:540} INFO - Filling up the DagBag from /home/airflow/.local/lib/python3.12/site-packages/airflow/example_dags/example_bash_decorator.py
[2024-04-28T16:11:33.233+0000] {processor.py:840} INFO - DAG(s) 'example_bash_decorator' retrieved from /home/airflow/.local/lib/python3.12/site-packages/airflow/example_dags/example_bash_decorator.py
[2024-04-28T16:11:33.254+0000] {logging_mixin.py:188} INFO - [2024-04-28T16:11:33.254+0000] {dag.py:3096} INFO - Sync 1 DAGs
[2024-04-28T16:11:33.266+0000] {logging_mixin.py:188} INFO - [2024-04-28T16:11:33.266+0000] {dag.py:3954} INFO - Setting next_dagrun for example_bash_decorator to None, run_after=None
[2024-04-28T16:11:33.283+0000] {processor.py:183} INFO - Processing /home/airflow/.local/lib/python3.12/site-packages/airflow/example_dags/example_bash_decorator.py took 0.070 seconds
[2024-04-28T16:12:03.739+0000] {processor.py:161} INFO - Started process (PID=811) to work on /home/airflow/.local/lib/python3.12/site-packages/airflow/example_dags/example_bash_decorator.py
[2024-04-28T16:12:03.740+0000] {processor.py:830} INFO - Processing file /home/airflow/.local/lib/python3.12/site-packages/airflow/example_dags/example_bash_decorator.py for tasks to queue
[2024-04-28T16:12:03.742+0000] {logging_mixin.py:188} INFO - [2024-04-28T16:12:03.741+0000] {dagbag.py:540} INFO - Filling up the DagBag from /home/airflow/.local/lib/python3.12/site-packages/airflow/example_dags/example_bash_decorator.py
[2024-04-28T16:12:03.752+0000] {processor.py:840} INFO - DAG(s) 'example_bash_decorator' retrieved from /home/airflow/.local/lib/python3.12/site-packages/airflow/example_dags/example_bash_decorator.py
[2024-04-28T16:12:03.771+0000] {logging_mixin.py:188} INFO - [2024-04-28T16:12:03.771+0000] {dag.py:3096} INFO - Sync 1 DAGs
[2024-04-28T16:12:03.782+0000] {logging_mixin.py:188} INFO - [2024-04-28T16:12:03.782+0000] {dag.py:3954} INFO - Setting next_dagrun for example_bash_decorator to None, run_after=None
[2024-04-28T16:12:03.797+0000] {processor.py:183} INFO - Processing /home/airflow/.local/lib/python3.12/site-packages/airflow/example_dags/example_bash_decorator.py took 0.063 seconds
[2024-04-28T16:12:34.356+0000] {processor.py:161} INFO - Started process (PID=871) to work on /home/airflow/.local/lib/python3.12/site-packages/airflow/example_dags/example_bash_decorator.py
[2024-04-28T16:12:34.357+0000] {processor.py:830} INFO - Processing file /home/airflow/.local/lib/python3.12/site-packages/airflow/example_dags/example_bash_decorator.py for tasks to queue
[2024-04-28T16:12:34.359+0000] {logging_mixin.py:188} INFO - [2024-04-28T16:12:34.358+0000] {dagbag.py:540} INFO - Filling up the DagBag from /home/airflow/.local/lib/python3.12/site-packages/airflow/example_dags/example_bash_decorator.py
[2024-04-28T16:12:34.369+0000] {processor.py:840} INFO - DAG(s) 'example_bash_decorator' retrieved from /home/airflow/.local/lib/python3.12/site-packages/airflow/example_dags/example_bash_decorator.py
[2024-04-28T16:12:34.390+0000] {logging_mixin.py:188} INFO - [2024-04-28T16:12:34.390+0000] {dag.py:3096} INFO - Sync 1 DAGs
[2024-04-28T16:12:34.400+0000] {logging_mixin.py:188} INFO - [2024-04-28T16:12:34.400+0000] {dag.py:3954} INFO - Setting next_dagrun for example_bash_decorator to None, run_after=None
[2024-04-28T16:12:34.530+0000] {processor.py:183} INFO - Processing /home/airflow/.local/lib/python3.12/site-packages/airflow/example_dags/example_bash_decorator.py took 0.180 seconds
