[2024-04-28T15:48:56.282+0000] {processor.py:161} INFO - Started process (PID=65) to work on /home/airflow/.local/lib/python3.12/site-packages/airflow/example_dags/example_task_group.py
[2024-04-28T15:48:56.282+0000] {processor.py:830} INFO - Processing file /home/airflow/.local/lib/python3.12/site-packages/airflow/example_dags/example_task_group.py for tasks to queue
[2024-04-28T15:48:56.284+0000] {logging_mixin.py:188} INFO - [2024-04-28T15:48:56.283+0000] {dagbag.py:540} INFO - Filling up the DagBag from /home/airflow/.local/lib/python3.12/site-packages/airflow/example_dags/example_task_group.py
[2024-04-28T15:48:56.292+0000] {processor.py:840} INFO - DAG(s) 'example_task_group' retrieved from /home/airflow/.local/lib/python3.12/site-packages/airflow/example_dags/example_task_group.py
[2024-04-28T15:48:56.387+0000] {logging_mixin.py:188} INFO - [2024-04-28T15:48:56.386+0000] {override.py:1829} INFO - Created Permission View: can delete on DAG:example_task_group
[2024-04-28T15:48:56.395+0000] {logging_mixin.py:188} INFO - [2024-04-28T15:48:56.395+0000] {override.py:1829} INFO - Created Permission View: can edit on DAG:example_task_group
[2024-04-28T15:48:56.401+0000] {logging_mixin.py:188} INFO - [2024-04-28T15:48:56.400+0000] {override.py:1829} INFO - Created Permission View: can read on DAG:example_task_group
[2024-04-28T15:48:56.401+0000] {logging_mixin.py:188} INFO - [2024-04-28T15:48:56.401+0000] {dag.py:3096} INFO - Sync 1 DAGs
[2024-04-28T15:48:56.410+0000] {logging_mixin.py:188} INFO - [2024-04-28T15:48:56.409+0000] {dag.py:3118} INFO - Creating ORM DAG for example_task_group
[2024-04-28T15:48:56.417+0000] {logging_mixin.py:188} INFO - [2024-04-28T15:48:56.417+0000] {dag.py:3954} INFO - Setting next_dagrun for example_task_group to 2024-04-27 00:00:00+00:00, run_after=2024-04-28 00:00:00+00:00
[2024-04-28T15:48:56.432+0000] {processor.py:183} INFO - Processing /home/airflow/.local/lib/python3.12/site-packages/airflow/example_dags/example_task_group.py took 0.155 seconds
[2024-04-28T15:49:28.201+0000] {processor.py:161} INFO - Started process (PID=123) to work on /home/airflow/.local/lib/python3.12/site-packages/airflow/example_dags/example_task_group.py
[2024-04-28T15:49:28.204+0000] {processor.py:830} INFO - Processing file /home/airflow/.local/lib/python3.12/site-packages/airflow/example_dags/example_task_group.py for tasks to queue
[2024-04-28T15:49:28.205+0000] {logging_mixin.py:188} INFO - [2024-04-28T15:49:28.205+0000] {dagbag.py:540} INFO - Filling up the DagBag from /home/airflow/.local/lib/python3.12/site-packages/airflow/example_dags/example_task_group.py
[2024-04-28T15:49:28.212+0000] {processor.py:840} INFO - DAG(s) 'example_task_group' retrieved from /home/airflow/.local/lib/python3.12/site-packages/airflow/example_dags/example_task_group.py
[2024-04-28T15:49:28.236+0000] {logging_mixin.py:188} INFO - [2024-04-28T15:49:28.236+0000] {dag.py:3096} INFO - Sync 1 DAGs
[2024-04-28T15:49:28.261+0000] {logging_mixin.py:188} INFO - [2024-04-28T15:49:28.261+0000] {dag.py:3954} INFO - Setting next_dagrun for example_task_group to 2024-04-27 00:00:00+00:00, run_after=2024-04-28 00:00:00+00:00
[2024-04-28T15:49:28.305+0000] {processor.py:183} INFO - Processing /home/airflow/.local/lib/python3.12/site-packages/airflow/example_dags/example_task_group.py took 0.110 seconds
[2024-04-28T15:49:58.971+0000] {processor.py:161} INFO - Started process (PID=181) to work on /home/airflow/.local/lib/python3.12/site-packages/airflow/example_dags/example_task_group.py
[2024-04-28T15:49:58.973+0000] {processor.py:830} INFO - Processing file /home/airflow/.local/lib/python3.12/site-packages/airflow/example_dags/example_task_group.py for tasks to queue
[2024-04-28T15:49:58.975+0000] {logging_mixin.py:188} INFO - [2024-04-28T15:49:58.975+0000] {dagbag.py:540} INFO - Filling up the DagBag from /home/airflow/.local/lib/python3.12/site-packages/airflow/example_dags/example_task_group.py
[2024-04-28T15:49:58.982+0000] {processor.py:840} INFO - DAG(s) 'example_task_group' retrieved from /home/airflow/.local/lib/python3.12/site-packages/airflow/example_dags/example_task_group.py
[2024-04-28T15:49:59.003+0000] {logging_mixin.py:188} INFO - [2024-04-28T15:49:59.003+0000] {dag.py:3096} INFO - Sync 1 DAGs
[2024-04-28T15:49:59.026+0000] {logging_mixin.py:188} INFO - [2024-04-28T15:49:59.025+0000] {dag.py:3954} INFO - Setting next_dagrun for example_task_group to 2024-04-27 00:00:00+00:00, run_after=2024-04-28 00:00:00+00:00
[2024-04-28T15:49:59.047+0000] {processor.py:183} INFO - Processing /home/airflow/.local/lib/python3.12/site-packages/airflow/example_dags/example_task_group.py took 0.081 seconds
[2024-04-28T15:50:29.629+0000] {processor.py:161} INFO - Started process (PID=239) to work on /home/airflow/.local/lib/python3.12/site-packages/airflow/example_dags/example_task_group.py
[2024-04-28T15:50:29.630+0000] {processor.py:830} INFO - Processing file /home/airflow/.local/lib/python3.12/site-packages/airflow/example_dags/example_task_group.py for tasks to queue
[2024-04-28T15:50:29.632+0000] {logging_mixin.py:188} INFO - [2024-04-28T15:50:29.632+0000] {dagbag.py:540} INFO - Filling up the DagBag from /home/airflow/.local/lib/python3.12/site-packages/airflow/example_dags/example_task_group.py
[2024-04-28T15:50:29.640+0000] {processor.py:840} INFO - DAG(s) 'example_task_group' retrieved from /home/airflow/.local/lib/python3.12/site-packages/airflow/example_dags/example_task_group.py
[2024-04-28T15:50:29.659+0000] {logging_mixin.py:188} INFO - [2024-04-28T15:50:29.659+0000] {dag.py:3096} INFO - Sync 1 DAGs
[2024-04-28T15:50:29.679+0000] {logging_mixin.py:188} INFO - [2024-04-28T15:50:29.679+0000] {dag.py:3954} INFO - Setting next_dagrun for example_task_group to 2024-04-27 00:00:00+00:00, run_after=2024-04-28 00:00:00+00:00
[2024-04-28T15:50:29.705+0000] {processor.py:183} INFO - Processing /home/airflow/.local/lib/python3.12/site-packages/airflow/example_dags/example_task_group.py took 0.083 seconds
[2024-04-28T15:51:00.224+0000] {processor.py:161} INFO - Started process (PID=297) to work on /home/airflow/.local/lib/python3.12/site-packages/airflow/example_dags/example_task_group.py
[2024-04-28T15:51:00.225+0000] {processor.py:830} INFO - Processing file /home/airflow/.local/lib/python3.12/site-packages/airflow/example_dags/example_task_group.py for tasks to queue
[2024-04-28T15:51:00.227+0000] {logging_mixin.py:188} INFO - [2024-04-28T15:51:00.226+0000] {dagbag.py:540} INFO - Filling up the DagBag from /home/airflow/.local/lib/python3.12/site-packages/airflow/example_dags/example_task_group.py
[2024-04-28T15:51:00.233+0000] {processor.py:840} INFO - DAG(s) 'example_task_group' retrieved from /home/airflow/.local/lib/python3.12/site-packages/airflow/example_dags/example_task_group.py
[2024-04-28T15:51:00.253+0000] {logging_mixin.py:188} INFO - [2024-04-28T15:51:00.253+0000] {dag.py:3096} INFO - Sync 1 DAGs
[2024-04-28T15:51:00.274+0000] {logging_mixin.py:188} INFO - [2024-04-28T15:51:00.273+0000] {dag.py:3954} INFO - Setting next_dagrun for example_task_group to 2024-04-27 00:00:00+00:00, run_after=2024-04-28 00:00:00+00:00
[2024-04-28T15:51:00.295+0000] {processor.py:183} INFO - Processing /home/airflow/.local/lib/python3.12/site-packages/airflow/example_dags/example_task_group.py took 0.076 seconds
[2024-04-28T15:51:31.298+0000] {processor.py:161} INFO - Started process (PID=355) to work on /home/airflow/.local/lib/python3.12/site-packages/airflow/example_dags/example_task_group.py
[2024-04-28T15:51:31.299+0000] {processor.py:830} INFO - Processing file /home/airflow/.local/lib/python3.12/site-packages/airflow/example_dags/example_task_group.py for tasks to queue
[2024-04-28T15:51:31.302+0000] {logging_mixin.py:188} INFO - [2024-04-28T15:51:31.301+0000] {dagbag.py:540} INFO - Filling up the DagBag from /home/airflow/.local/lib/python3.12/site-packages/airflow/example_dags/example_task_group.py
[2024-04-28T15:51:31.310+0000] {processor.py:840} INFO - DAG(s) 'example_task_group' retrieved from /home/airflow/.local/lib/python3.12/site-packages/airflow/example_dags/example_task_group.py
[2024-04-28T15:51:31.339+0000] {logging_mixin.py:188} INFO - [2024-04-28T15:51:31.339+0000] {dag.py:3096} INFO - Sync 1 DAGs
[2024-04-28T15:51:31.367+0000] {logging_mixin.py:188} INFO - [2024-04-28T15:51:31.367+0000] {dag.py:3954} INFO - Setting next_dagrun for example_task_group to 2024-04-27 00:00:00+00:00, run_after=2024-04-28 00:00:00+00:00
[2024-04-28T15:51:31.396+0000] {processor.py:183} INFO - Processing /home/airflow/.local/lib/python3.12/site-packages/airflow/example_dags/example_task_group.py took 0.106 seconds
[2024-04-28T15:53:33.953+0000] {processor.py:161} INFO - Started process (PID=67) to work on /home/airflow/.local/lib/python3.12/site-packages/airflow/example_dags/example_task_group.py
[2024-04-28T15:53:33.956+0000] {processor.py:830} INFO - Processing file /home/airflow/.local/lib/python3.12/site-packages/airflow/example_dags/example_task_group.py for tasks to queue
[2024-04-28T15:53:33.963+0000] {logging_mixin.py:188} INFO - [2024-04-28T15:53:33.962+0000] {dagbag.py:540} INFO - Filling up the DagBag from /home/airflow/.local/lib/python3.12/site-packages/airflow/example_dags/example_task_group.py
[2024-04-28T15:53:33.983+0000] {processor.py:840} INFO - DAG(s) 'example_task_group' retrieved from /home/airflow/.local/lib/python3.12/site-packages/airflow/example_dags/example_task_group.py
[2024-04-28T15:53:34.002+0000] {logging_mixin.py:188} INFO - [2024-04-28T15:53:34.002+0000] {dag.py:3096} INFO - Sync 1 DAGs
[2024-04-28T15:53:34.038+0000] {logging_mixin.py:188} INFO - [2024-04-28T15:53:34.038+0000] {dag.py:3954} INFO - Setting next_dagrun for example_task_group to 2024-04-27 00:00:00+00:00, run_after=2024-04-28 00:00:00+00:00
[2024-04-28T15:53:34.067+0000] {processor.py:183} INFO - Processing /home/airflow/.local/lib/python3.12/site-packages/airflow/example_dags/example_task_group.py took 0.129 seconds
[2024-04-28T15:54:05.064+0000] {processor.py:161} INFO - Started process (PID=127) to work on /home/airflow/.local/lib/python3.12/site-packages/airflow/example_dags/example_task_group.py
[2024-04-28T15:54:05.066+0000] {processor.py:830} INFO - Processing file /home/airflow/.local/lib/python3.12/site-packages/airflow/example_dags/example_task_group.py for tasks to queue
[2024-04-28T15:54:05.068+0000] {logging_mixin.py:188} INFO - [2024-04-28T15:54:05.067+0000] {dagbag.py:540} INFO - Filling up the DagBag from /home/airflow/.local/lib/python3.12/site-packages/airflow/example_dags/example_task_group.py
[2024-04-28T15:54:05.073+0000] {processor.py:840} INFO - DAG(s) 'example_task_group' retrieved from /home/airflow/.local/lib/python3.12/site-packages/airflow/example_dags/example_task_group.py
[2024-04-28T15:54:05.150+0000] {logging_mixin.py:188} INFO - [2024-04-28T15:54:05.150+0000] {dag.py:3096} INFO - Sync 1 DAGs
[2024-04-28T15:54:05.166+0000] {logging_mixin.py:188} INFO - [2024-04-28T15:54:05.166+0000] {dag.py:3954} INFO - Setting next_dagrun for example_task_group to 2024-04-27 00:00:00+00:00, run_after=2024-04-28 00:00:00+00:00
[2024-04-28T15:54:05.179+0000] {processor.py:183} INFO - Processing /home/airflow/.local/lib/python3.12/site-packages/airflow/example_dags/example_task_group.py took 0.120 seconds
[2024-04-28T15:54:35.517+0000] {processor.py:161} INFO - Started process (PID=195) to work on /home/airflow/.local/lib/python3.12/site-packages/airflow/example_dags/example_task_group.py
[2024-04-28T15:54:35.518+0000] {processor.py:830} INFO - Processing file /home/airflow/.local/lib/python3.12/site-packages/airflow/example_dags/example_task_group.py for tasks to queue
[2024-04-28T15:54:35.519+0000] {logging_mixin.py:188} INFO - [2024-04-28T15:54:35.519+0000] {dagbag.py:540} INFO - Filling up the DagBag from /home/airflow/.local/lib/python3.12/site-packages/airflow/example_dags/example_task_group.py
[2024-04-28T15:54:35.526+0000] {processor.py:840} INFO - DAG(s) 'example_task_group' retrieved from /home/airflow/.local/lib/python3.12/site-packages/airflow/example_dags/example_task_group.py
[2024-04-28T15:54:35.545+0000] {logging_mixin.py:188} INFO - [2024-04-28T15:54:35.545+0000] {dag.py:3096} INFO - Sync 1 DAGs
[2024-04-28T15:54:35.564+0000] {logging_mixin.py:188} INFO - [2024-04-28T15:54:35.564+0000] {dag.py:3954} INFO - Setting next_dagrun for example_task_group to 2024-04-27 00:00:00+00:00, run_after=2024-04-28 00:00:00+00:00
[2024-04-28T15:54:35.584+0000] {processor.py:183} INFO - Processing /home/airflow/.local/lib/python3.12/site-packages/airflow/example_dags/example_task_group.py took 0.073 seconds
[2024-04-28T15:55:06.736+0000] {processor.py:161} INFO - Started process (PID=255) to work on /home/airflow/.local/lib/python3.12/site-packages/airflow/example_dags/example_task_group.py
[2024-04-28T15:55:06.737+0000] {processor.py:830} INFO - Processing file /home/airflow/.local/lib/python3.12/site-packages/airflow/example_dags/example_task_group.py for tasks to queue
[2024-04-28T15:55:06.739+0000] {logging_mixin.py:188} INFO - [2024-04-28T15:55:06.739+0000] {dagbag.py:540} INFO - Filling up the DagBag from /home/airflow/.local/lib/python3.12/site-packages/airflow/example_dags/example_task_group.py
[2024-04-28T15:55:06.745+0000] {processor.py:840} INFO - DAG(s) 'example_task_group' retrieved from /home/airflow/.local/lib/python3.12/site-packages/airflow/example_dags/example_task_group.py
[2024-04-28T15:55:06.765+0000] {logging_mixin.py:188} INFO - [2024-04-28T15:55:06.765+0000] {dag.py:3096} INFO - Sync 1 DAGs
[2024-04-28T15:55:06.786+0000] {logging_mixin.py:188} INFO - [2024-04-28T15:55:06.786+0000] {dag.py:3954} INFO - Setting next_dagrun for example_task_group to 2024-04-27 00:00:00+00:00, run_after=2024-04-28 00:00:00+00:00
[2024-04-28T15:55:06.805+0000] {processor.py:183} INFO - Processing /home/airflow/.local/lib/python3.12/site-packages/airflow/example_dags/example_task_group.py took 0.075 seconds
[2024-04-28T15:55:37.915+0000] {processor.py:161} INFO - Started process (PID=315) to work on /home/airflow/.local/lib/python3.12/site-packages/airflow/example_dags/example_task_group.py
[2024-04-28T15:55:37.917+0000] {processor.py:830} INFO - Processing file /home/airflow/.local/lib/python3.12/site-packages/airflow/example_dags/example_task_group.py for tasks to queue
[2024-04-28T15:55:37.918+0000] {logging_mixin.py:188} INFO - [2024-04-28T15:55:37.918+0000] {dagbag.py:540} INFO - Filling up the DagBag from /home/airflow/.local/lib/python3.12/site-packages/airflow/example_dags/example_task_group.py
[2024-04-28T15:55:37.924+0000] {processor.py:840} INFO - DAG(s) 'example_task_group' retrieved from /home/airflow/.local/lib/python3.12/site-packages/airflow/example_dags/example_task_group.py
[2024-04-28T15:55:37.943+0000] {logging_mixin.py:188} INFO - [2024-04-28T15:55:37.942+0000] {dag.py:3096} INFO - Sync 1 DAGs
[2024-04-28T15:55:37.960+0000] {logging_mixin.py:188} INFO - [2024-04-28T15:55:37.960+0000] {dag.py:3954} INFO - Setting next_dagrun for example_task_group to 2024-04-27 00:00:00+00:00, run_after=2024-04-28 00:00:00+00:00
[2024-04-28T15:55:37.976+0000] {processor.py:183} INFO - Processing /home/airflow/.local/lib/python3.12/site-packages/airflow/example_dags/example_task_group.py took 0.067 seconds
[2024-04-28T15:56:08.039+0000] {processor.py:161} INFO - Started process (PID=375) to work on /home/airflow/.local/lib/python3.12/site-packages/airflow/example_dags/example_task_group.py
[2024-04-28T15:56:08.040+0000] {processor.py:830} INFO - Processing file /home/airflow/.local/lib/python3.12/site-packages/airflow/example_dags/example_task_group.py for tasks to queue
[2024-04-28T15:56:08.041+0000] {logging_mixin.py:188} INFO - [2024-04-28T15:56:08.041+0000] {dagbag.py:540} INFO - Filling up the DagBag from /home/airflow/.local/lib/python3.12/site-packages/airflow/example_dags/example_task_group.py
[2024-04-28T15:56:08.047+0000] {processor.py:840} INFO - DAG(s) 'example_task_group' retrieved from /home/airflow/.local/lib/python3.12/site-packages/airflow/example_dags/example_task_group.py
[2024-04-28T15:56:08.068+0000] {logging_mixin.py:188} INFO - [2024-04-28T15:56:08.068+0000] {dag.py:3096} INFO - Sync 1 DAGs
[2024-04-28T15:56:08.088+0000] {logging_mixin.py:188} INFO - [2024-04-28T15:56:08.088+0000] {dag.py:3954} INFO - Setting next_dagrun for example_task_group to 2024-04-27 00:00:00+00:00, run_after=2024-04-28 00:00:00+00:00
[2024-04-28T15:56:08.107+0000] {processor.py:183} INFO - Processing /home/airflow/.local/lib/python3.12/site-packages/airflow/example_dags/example_task_group.py took 0.073 seconds
[2024-04-28T15:56:39.065+0000] {processor.py:161} INFO - Started process (PID=434) to work on /home/airflow/.local/lib/python3.12/site-packages/airflow/example_dags/example_task_group.py
[2024-04-28T15:56:39.066+0000] {processor.py:830} INFO - Processing file /home/airflow/.local/lib/python3.12/site-packages/airflow/example_dags/example_task_group.py for tasks to queue
[2024-04-28T15:56:39.068+0000] {logging_mixin.py:188} INFO - [2024-04-28T15:56:39.068+0000] {dagbag.py:540} INFO - Filling up the DagBag from /home/airflow/.local/lib/python3.12/site-packages/airflow/example_dags/example_task_group.py
[2024-04-28T15:56:39.074+0000] {processor.py:840} INFO - DAG(s) 'example_task_group' retrieved from /home/airflow/.local/lib/python3.12/site-packages/airflow/example_dags/example_task_group.py
[2024-04-28T15:56:39.095+0000] {logging_mixin.py:188} INFO - [2024-04-28T15:56:39.095+0000] {dag.py:3096} INFO - Sync 1 DAGs
[2024-04-28T15:56:39.113+0000] {logging_mixin.py:188} INFO - [2024-04-28T15:56:39.112+0000] {dag.py:3954} INFO - Setting next_dagrun for example_task_group to 2024-04-27 00:00:00+00:00, run_after=2024-04-28 00:00:00+00:00
[2024-04-28T15:56:39.130+0000] {processor.py:183} INFO - Processing /home/airflow/.local/lib/python3.12/site-packages/airflow/example_dags/example_task_group.py took 0.069 seconds
[2024-04-28T15:57:09.587+0000] {processor.py:161} INFO - Started process (PID=493) to work on /home/airflow/.local/lib/python3.12/site-packages/airflow/example_dags/example_task_group.py
[2024-04-28T15:57:09.588+0000] {processor.py:830} INFO - Processing file /home/airflow/.local/lib/python3.12/site-packages/airflow/example_dags/example_task_group.py for tasks to queue
[2024-04-28T15:57:09.590+0000] {logging_mixin.py:188} INFO - [2024-04-28T15:57:09.590+0000] {dagbag.py:540} INFO - Filling up the DagBag from /home/airflow/.local/lib/python3.12/site-packages/airflow/example_dags/example_task_group.py
[2024-04-28T15:57:09.597+0000] {processor.py:840} INFO - DAG(s) 'example_task_group' retrieved from /home/airflow/.local/lib/python3.12/site-packages/airflow/example_dags/example_task_group.py
[2024-04-28T15:57:09.618+0000] {logging_mixin.py:188} INFO - [2024-04-28T15:57:09.617+0000] {dag.py:3096} INFO - Sync 1 DAGs
[2024-04-28T15:57:09.638+0000] {logging_mixin.py:188} INFO - [2024-04-28T15:57:09.638+0000] {dag.py:3954} INFO - Setting next_dagrun for example_task_group to 2024-04-27 00:00:00+00:00, run_after=2024-04-28 00:00:00+00:00
[2024-04-28T15:57:09.656+0000] {processor.py:183} INFO - Processing /home/airflow/.local/lib/python3.12/site-packages/airflow/example_dags/example_task_group.py took 0.074 seconds
[2024-04-28T15:57:40.006+0000] {processor.py:161} INFO - Started process (PID=553) to work on /home/airflow/.local/lib/python3.12/site-packages/airflow/example_dags/example_task_group.py
[2024-04-28T15:57:40.009+0000] {processor.py:830} INFO - Processing file /home/airflow/.local/lib/python3.12/site-packages/airflow/example_dags/example_task_group.py for tasks to queue
[2024-04-28T15:57:40.010+0000] {logging_mixin.py:188} INFO - [2024-04-28T15:57:40.010+0000] {dagbag.py:540} INFO - Filling up the DagBag from /home/airflow/.local/lib/python3.12/site-packages/airflow/example_dags/example_task_group.py
[2024-04-28T15:57:40.016+0000] {processor.py:840} INFO - DAG(s) 'example_task_group' retrieved from /home/airflow/.local/lib/python3.12/site-packages/airflow/example_dags/example_task_group.py
[2024-04-28T15:57:40.033+0000] {logging_mixin.py:188} INFO - [2024-04-28T15:57:40.032+0000] {dag.py:3096} INFO - Sync 1 DAGs
[2024-04-28T15:57:40.050+0000] {logging_mixin.py:188} INFO - [2024-04-28T15:57:40.050+0000] {dag.py:3954} INFO - Setting next_dagrun for example_task_group to 2024-04-27 00:00:00+00:00, run_after=2024-04-28 00:00:00+00:00
[2024-04-28T15:57:40.066+0000] {processor.py:183} INFO - Processing /home/airflow/.local/lib/python3.12/site-packages/airflow/example_dags/example_task_group.py took 0.066 seconds
[2024-04-28T15:58:10.396+0000] {processor.py:161} INFO - Started process (PID=613) to work on /home/airflow/.local/lib/python3.12/site-packages/airflow/example_dags/example_task_group.py
[2024-04-28T15:58:10.397+0000] {processor.py:830} INFO - Processing file /home/airflow/.local/lib/python3.12/site-packages/airflow/example_dags/example_task_group.py for tasks to queue
[2024-04-28T15:58:10.399+0000] {logging_mixin.py:188} INFO - [2024-04-28T15:58:10.399+0000] {dagbag.py:540} INFO - Filling up the DagBag from /home/airflow/.local/lib/python3.12/site-packages/airflow/example_dags/example_task_group.py
[2024-04-28T15:58:10.406+0000] {processor.py:840} INFO - DAG(s) 'example_task_group' retrieved from /home/airflow/.local/lib/python3.12/site-packages/airflow/example_dags/example_task_group.py
[2024-04-28T15:58:10.425+0000] {logging_mixin.py:188} INFO - [2024-04-28T15:58:10.425+0000] {dag.py:3096} INFO - Sync 1 DAGs
[2024-04-28T15:58:10.443+0000] {logging_mixin.py:188} INFO - [2024-04-28T15:58:10.443+0000] {dag.py:3954} INFO - Setting next_dagrun for example_task_group to 2024-04-27 00:00:00+00:00, run_after=2024-04-28 00:00:00+00:00
[2024-04-28T15:58:10.462+0000] {processor.py:183} INFO - Processing /home/airflow/.local/lib/python3.12/site-packages/airflow/example_dags/example_task_group.py took 0.070 seconds
[2024-04-28T15:58:40.867+0000] {processor.py:161} INFO - Started process (PID=673) to work on /home/airflow/.local/lib/python3.12/site-packages/airflow/example_dags/example_task_group.py
[2024-04-28T15:58:40.869+0000] {processor.py:830} INFO - Processing file /home/airflow/.local/lib/python3.12/site-packages/airflow/example_dags/example_task_group.py for tasks to queue
[2024-04-28T15:58:40.871+0000] {logging_mixin.py:188} INFO - [2024-04-28T15:58:40.871+0000] {dagbag.py:540} INFO - Filling up the DagBag from /home/airflow/.local/lib/python3.12/site-packages/airflow/example_dags/example_task_group.py
[2024-04-28T15:58:40.877+0000] {processor.py:840} INFO - DAG(s) 'example_task_group' retrieved from /home/airflow/.local/lib/python3.12/site-packages/airflow/example_dags/example_task_group.py
[2024-04-28T15:58:40.896+0000] {logging_mixin.py:188} INFO - [2024-04-28T15:58:40.896+0000] {dag.py:3096} INFO - Sync 1 DAGs
[2024-04-28T15:58:40.913+0000] {logging_mixin.py:188} INFO - [2024-04-28T15:58:40.913+0000] {dag.py:3954} INFO - Setting next_dagrun for example_task_group to 2024-04-27 00:00:00+00:00, run_after=2024-04-28 00:00:00+00:00
[2024-04-28T15:58:40.930+0000] {processor.py:183} INFO - Processing /home/airflow/.local/lib/python3.12/site-packages/airflow/example_dags/example_task_group.py took 0.069 seconds
[2024-04-28T15:59:11.481+0000] {processor.py:161} INFO - Started process (PID=733) to work on /home/airflow/.local/lib/python3.12/site-packages/airflow/example_dags/example_task_group.py
[2024-04-28T15:59:11.484+0000] {processor.py:830} INFO - Processing file /home/airflow/.local/lib/python3.12/site-packages/airflow/example_dags/example_task_group.py for tasks to queue
[2024-04-28T15:59:11.486+0000] {logging_mixin.py:188} INFO - [2024-04-28T15:59:11.485+0000] {dagbag.py:540} INFO - Filling up the DagBag from /home/airflow/.local/lib/python3.12/site-packages/airflow/example_dags/example_task_group.py
[2024-04-28T15:59:11.491+0000] {processor.py:840} INFO - DAG(s) 'example_task_group' retrieved from /home/airflow/.local/lib/python3.12/site-packages/airflow/example_dags/example_task_group.py
[2024-04-28T15:59:11.509+0000] {logging_mixin.py:188} INFO - [2024-04-28T15:59:11.509+0000] {dag.py:3096} INFO - Sync 1 DAGs
[2024-04-28T15:59:11.527+0000] {logging_mixin.py:188} INFO - [2024-04-28T15:59:11.527+0000] {dag.py:3954} INFO - Setting next_dagrun for example_task_group to 2024-04-27 00:00:00+00:00, run_after=2024-04-28 00:00:00+00:00
[2024-04-28T15:59:11.544+0000] {processor.py:183} INFO - Processing /home/airflow/.local/lib/python3.12/site-packages/airflow/example_dags/example_task_group.py took 0.068 seconds
[2024-04-28T15:59:42.002+0000] {processor.py:161} INFO - Started process (PID=793) to work on /home/airflow/.local/lib/python3.12/site-packages/airflow/example_dags/example_task_group.py
[2024-04-28T15:59:42.005+0000] {processor.py:830} INFO - Processing file /home/airflow/.local/lib/python3.12/site-packages/airflow/example_dags/example_task_group.py for tasks to queue
[2024-04-28T15:59:42.006+0000] {logging_mixin.py:188} INFO - [2024-04-28T15:59:42.006+0000] {dagbag.py:540} INFO - Filling up the DagBag from /home/airflow/.local/lib/python3.12/site-packages/airflow/example_dags/example_task_group.py
[2024-04-28T15:59:42.011+0000] {processor.py:840} INFO - DAG(s) 'example_task_group' retrieved from /home/airflow/.local/lib/python3.12/site-packages/airflow/example_dags/example_task_group.py
[2024-04-28T15:59:42.028+0000] {logging_mixin.py:188} INFO - [2024-04-28T15:59:42.028+0000] {dag.py:3096} INFO - Sync 1 DAGs
[2024-04-28T15:59:42.044+0000] {logging_mixin.py:188} INFO - [2024-04-28T15:59:42.044+0000] {dag.py:3954} INFO - Setting next_dagrun for example_task_group to 2024-04-27 00:00:00+00:00, run_after=2024-04-28 00:00:00+00:00
[2024-04-28T15:59:42.061+0000] {processor.py:183} INFO - Processing /home/airflow/.local/lib/python3.12/site-packages/airflow/example_dags/example_task_group.py took 0.063 seconds
[2024-04-28T16:00:12.632+0000] {processor.py:161} INFO - Started process (PID=853) to work on /home/airflow/.local/lib/python3.12/site-packages/airflow/example_dags/example_task_group.py
[2024-04-28T16:00:12.635+0000] {processor.py:830} INFO - Processing file /home/airflow/.local/lib/python3.12/site-packages/airflow/example_dags/example_task_group.py for tasks to queue
[2024-04-28T16:00:12.636+0000] {logging_mixin.py:188} INFO - [2024-04-28T16:00:12.636+0000] {dagbag.py:540} INFO - Filling up the DagBag from /home/airflow/.local/lib/python3.12/site-packages/airflow/example_dags/example_task_group.py
[2024-04-28T16:00:12.641+0000] {processor.py:840} INFO - DAG(s) 'example_task_group' retrieved from /home/airflow/.local/lib/python3.12/site-packages/airflow/example_dags/example_task_group.py
[2024-04-28T16:00:12.660+0000] {logging_mixin.py:188} INFO - [2024-04-28T16:00:12.659+0000] {dag.py:3096} INFO - Sync 1 DAGs
[2024-04-28T16:00:12.676+0000] {logging_mixin.py:188} INFO - [2024-04-28T16:00:12.676+0000] {dag.py:3954} INFO - Setting next_dagrun for example_task_group to 2024-04-27 00:00:00+00:00, run_after=2024-04-28 00:00:00+00:00
[2024-04-28T16:00:12.693+0000] {processor.py:183} INFO - Processing /home/airflow/.local/lib/python3.12/site-packages/airflow/example_dags/example_task_group.py took 0.066 seconds
[2024-04-28T16:00:43.073+0000] {processor.py:161} INFO - Started process (PID=913) to work on /home/airflow/.local/lib/python3.12/site-packages/airflow/example_dags/example_task_group.py
[2024-04-28T16:00:43.074+0000] {processor.py:830} INFO - Processing file /home/airflow/.local/lib/python3.12/site-packages/airflow/example_dags/example_task_group.py for tasks to queue
[2024-04-28T16:00:43.077+0000] {logging_mixin.py:188} INFO - [2024-04-28T16:00:43.076+0000] {dagbag.py:540} INFO - Filling up the DagBag from /home/airflow/.local/lib/python3.12/site-packages/airflow/example_dags/example_task_group.py
[2024-04-28T16:00:43.084+0000] {processor.py:840} INFO - DAG(s) 'example_task_group' retrieved from /home/airflow/.local/lib/python3.12/site-packages/airflow/example_dags/example_task_group.py
[2024-04-28T16:00:43.107+0000] {logging_mixin.py:188} INFO - [2024-04-28T16:00:43.107+0000] {dag.py:3096} INFO - Sync 1 DAGs
[2024-04-28T16:00:43.135+0000] {logging_mixin.py:188} INFO - [2024-04-28T16:00:43.135+0000] {dag.py:3954} INFO - Setting next_dagrun for example_task_group to 2024-04-27 00:00:00+00:00, run_after=2024-04-28 00:00:00+00:00
[2024-04-28T16:00:43.155+0000] {processor.py:183} INFO - Processing /home/airflow/.local/lib/python3.12/site-packages/airflow/example_dags/example_task_group.py took 0.089 seconds
[2024-04-28T16:05:54.351+0000] {processor.py:161} INFO - Started process (PID=67) to work on /home/airflow/.local/lib/python3.12/site-packages/airflow/example_dags/example_task_group.py
[2024-04-28T16:05:54.352+0000] {processor.py:830} INFO - Processing file /home/airflow/.local/lib/python3.12/site-packages/airflow/example_dags/example_task_group.py for tasks to queue
[2024-04-28T16:05:54.353+0000] {logging_mixin.py:188} INFO - [2024-04-28T16:05:54.353+0000] {dagbag.py:540} INFO - Filling up the DagBag from /home/airflow/.local/lib/python3.12/site-packages/airflow/example_dags/example_task_group.py
[2024-04-28T16:05:54.358+0000] {processor.py:840} INFO - DAG(s) 'example_task_group' retrieved from /home/airflow/.local/lib/python3.12/site-packages/airflow/example_dags/example_task_group.py
[2024-04-28T16:05:54.369+0000] {logging_mixin.py:188} INFO - [2024-04-28T16:05:54.368+0000] {dag.py:3096} INFO - Sync 1 DAGs
[2024-04-28T16:05:54.387+0000] {logging_mixin.py:188} INFO - [2024-04-28T16:05:54.387+0000] {dag.py:3954} INFO - Setting next_dagrun for example_task_group to 2024-04-27 00:00:00+00:00, run_after=2024-04-28 00:00:00+00:00
[2024-04-28T16:05:54.404+0000] {processor.py:183} INFO - Processing /home/airflow/.local/lib/python3.12/site-packages/airflow/example_dags/example_task_group.py took 0.057 seconds
[2024-04-28T16:06:25.483+0000] {processor.py:161} INFO - Started process (PID=127) to work on /home/airflow/.local/lib/python3.12/site-packages/airflow/example_dags/example_task_group.py
[2024-04-28T16:06:25.484+0000] {processor.py:830} INFO - Processing file /home/airflow/.local/lib/python3.12/site-packages/airflow/example_dags/example_task_group.py for tasks to queue
[2024-04-28T16:06:25.485+0000] {logging_mixin.py:188} INFO - [2024-04-28T16:06:25.485+0000] {dagbag.py:540} INFO - Filling up the DagBag from /home/airflow/.local/lib/python3.12/site-packages/airflow/example_dags/example_task_group.py
[2024-04-28T16:06:25.491+0000] {processor.py:840} INFO - DAG(s) 'example_task_group' retrieved from /home/airflow/.local/lib/python3.12/site-packages/airflow/example_dags/example_task_group.py
[2024-04-28T16:06:25.572+0000] {logging_mixin.py:188} INFO - [2024-04-28T16:06:25.572+0000] {dag.py:3096} INFO - Sync 1 DAGs
[2024-04-28T16:06:25.588+0000] {logging_mixin.py:188} INFO - [2024-04-28T16:06:25.588+0000] {dag.py:3954} INFO - Setting next_dagrun for example_task_group to 2024-04-27 00:00:00+00:00, run_after=2024-04-28 00:00:00+00:00
[2024-04-28T16:06:25.603+0000] {processor.py:183} INFO - Processing /home/airflow/.local/lib/python3.12/site-packages/airflow/example_dags/example_task_group.py took 0.125 seconds
[2024-04-28T16:06:55.993+0000] {processor.py:161} INFO - Started process (PID=191) to work on /home/airflow/.local/lib/python3.12/site-packages/airflow/example_dags/example_task_group.py
[2024-04-28T16:06:55.994+0000] {processor.py:830} INFO - Processing file /home/airflow/.local/lib/python3.12/site-packages/airflow/example_dags/example_task_group.py for tasks to queue
[2024-04-28T16:06:55.995+0000] {logging_mixin.py:188} INFO - [2024-04-28T16:06:55.995+0000] {dagbag.py:540} INFO - Filling up the DagBag from /home/airflow/.local/lib/python3.12/site-packages/airflow/example_dags/example_task_group.py
[2024-04-28T16:06:56.001+0000] {processor.py:840} INFO - DAG(s) 'example_task_group' retrieved from /home/airflow/.local/lib/python3.12/site-packages/airflow/example_dags/example_task_group.py
[2024-04-28T16:06:56.021+0000] {logging_mixin.py:188} INFO - [2024-04-28T16:06:56.020+0000] {dag.py:3096} INFO - Sync 1 DAGs
[2024-04-28T16:06:56.037+0000] {logging_mixin.py:188} INFO - [2024-04-28T16:06:56.037+0000] {dag.py:3954} INFO - Setting next_dagrun for example_task_group to 2024-04-27 00:00:00+00:00, run_after=2024-04-28 00:00:00+00:00
[2024-04-28T16:06:56.052+0000] {processor.py:183} INFO - Processing /home/airflow/.local/lib/python3.12/site-packages/airflow/example_dags/example_task_group.py took 0.064 seconds
[2024-04-28T16:07:26.584+0000] {processor.py:161} INFO - Started process (PID=251) to work on /home/airflow/.local/lib/python3.12/site-packages/airflow/example_dags/example_task_group.py
[2024-04-28T16:07:26.585+0000] {processor.py:830} INFO - Processing file /home/airflow/.local/lib/python3.12/site-packages/airflow/example_dags/example_task_group.py for tasks to queue
[2024-04-28T16:07:26.587+0000] {logging_mixin.py:188} INFO - [2024-04-28T16:07:26.586+0000] {dagbag.py:540} INFO - Filling up the DagBag from /home/airflow/.local/lib/python3.12/site-packages/airflow/example_dags/example_task_group.py
[2024-04-28T16:07:26.592+0000] {processor.py:840} INFO - DAG(s) 'example_task_group' retrieved from /home/airflow/.local/lib/python3.12/site-packages/airflow/example_dags/example_task_group.py
[2024-04-28T16:07:26.609+0000] {logging_mixin.py:188} INFO - [2024-04-28T16:07:26.609+0000] {dag.py:3096} INFO - Sync 1 DAGs
[2024-04-28T16:07:26.625+0000] {logging_mixin.py:188} INFO - [2024-04-28T16:07:26.624+0000] {dag.py:3954} INFO - Setting next_dagrun for example_task_group to 2024-04-27 00:00:00+00:00, run_after=2024-04-28 00:00:00+00:00
[2024-04-28T16:07:26.640+0000] {processor.py:183} INFO - Processing /home/airflow/.local/lib/python3.12/site-packages/airflow/example_dags/example_task_group.py took 0.060 seconds
[2024-04-28T16:07:57.042+0000] {processor.py:161} INFO - Started process (PID=311) to work on /home/airflow/.local/lib/python3.12/site-packages/airflow/example_dags/example_task_group.py
[2024-04-28T16:07:57.043+0000] {processor.py:830} INFO - Processing file /home/airflow/.local/lib/python3.12/site-packages/airflow/example_dags/example_task_group.py for tasks to queue
[2024-04-28T16:07:57.045+0000] {logging_mixin.py:188} INFO - [2024-04-28T16:07:57.045+0000] {dagbag.py:540} INFO - Filling up the DagBag from /home/airflow/.local/lib/python3.12/site-packages/airflow/example_dags/example_task_group.py
[2024-04-28T16:07:57.051+0000] {processor.py:840} INFO - DAG(s) 'example_task_group' retrieved from /home/airflow/.local/lib/python3.12/site-packages/airflow/example_dags/example_task_group.py
[2024-04-28T16:07:57.069+0000] {logging_mixin.py:188} INFO - [2024-04-28T16:07:57.069+0000] {dag.py:3096} INFO - Sync 1 DAGs
[2024-04-28T16:07:57.087+0000] {logging_mixin.py:188} INFO - [2024-04-28T16:07:57.087+0000] {dag.py:3954} INFO - Setting next_dagrun for example_task_group to 2024-04-27 00:00:00+00:00, run_after=2024-04-28 00:00:00+00:00
[2024-04-28T16:07:57.103+0000] {processor.py:183} INFO - Processing /home/airflow/.local/lib/python3.12/site-packages/airflow/example_dags/example_task_group.py took 0.065 seconds
[2024-04-28T16:08:27.590+0000] {processor.py:161} INFO - Started process (PID=371) to work on /home/airflow/.local/lib/python3.12/site-packages/airflow/example_dags/example_task_group.py
[2024-04-28T16:08:27.591+0000] {processor.py:830} INFO - Processing file /home/airflow/.local/lib/python3.12/site-packages/airflow/example_dags/example_task_group.py for tasks to queue
[2024-04-28T16:08:27.593+0000] {logging_mixin.py:188} INFO - [2024-04-28T16:08:27.592+0000] {dagbag.py:540} INFO - Filling up the DagBag from /home/airflow/.local/lib/python3.12/site-packages/airflow/example_dags/example_task_group.py
[2024-04-28T16:08:27.599+0000] {processor.py:840} INFO - DAG(s) 'example_task_group' retrieved from /home/airflow/.local/lib/python3.12/site-packages/airflow/example_dags/example_task_group.py
[2024-04-28T16:08:27.617+0000] {logging_mixin.py:188} INFO - [2024-04-28T16:08:27.617+0000] {dag.py:3096} INFO - Sync 1 DAGs
[2024-04-28T16:08:27.634+0000] {logging_mixin.py:188} INFO - [2024-04-28T16:08:27.634+0000] {dag.py:3954} INFO - Setting next_dagrun for example_task_group to 2024-04-27 00:00:00+00:00, run_after=2024-04-28 00:00:00+00:00
[2024-04-28T16:08:27.649+0000] {processor.py:183} INFO - Processing /home/airflow/.local/lib/python3.12/site-packages/airflow/example_dags/example_task_group.py took 0.063 seconds
[2024-04-28T16:08:58.639+0000] {processor.py:161} INFO - Started process (PID=431) to work on /home/airflow/.local/lib/python3.12/site-packages/airflow/example_dags/example_task_group.py
[2024-04-28T16:08:58.640+0000] {processor.py:830} INFO - Processing file /home/airflow/.local/lib/python3.12/site-packages/airflow/example_dags/example_task_group.py for tasks to queue
[2024-04-28T16:08:58.642+0000] {logging_mixin.py:188} INFO - [2024-04-28T16:08:58.641+0000] {dagbag.py:540} INFO - Filling up the DagBag from /home/airflow/.local/lib/python3.12/site-packages/airflow/example_dags/example_task_group.py
[2024-04-28T16:08:58.647+0000] {processor.py:840} INFO - DAG(s) 'example_task_group' retrieved from /home/airflow/.local/lib/python3.12/site-packages/airflow/example_dags/example_task_group.py
[2024-04-28T16:08:58.666+0000] {logging_mixin.py:188} INFO - [2024-04-28T16:08:58.666+0000] {dag.py:3096} INFO - Sync 1 DAGs
[2024-04-28T16:08:58.687+0000] {logging_mixin.py:188} INFO - [2024-04-28T16:08:58.686+0000] {dag.py:3954} INFO - Setting next_dagrun for example_task_group to 2024-04-27 00:00:00+00:00, run_after=2024-04-28 00:00:00+00:00
[2024-04-28T16:08:58.702+0000] {processor.py:183} INFO - Processing /home/airflow/.local/lib/python3.12/site-packages/airflow/example_dags/example_task_group.py took 0.068 seconds
[2024-04-28T16:09:29.304+0000] {processor.py:161} INFO - Started process (PID=491) to work on /home/airflow/.local/lib/python3.12/site-packages/airflow/example_dags/example_task_group.py
[2024-04-28T16:09:29.305+0000] {processor.py:830} INFO - Processing file /home/airflow/.local/lib/python3.12/site-packages/airflow/example_dags/example_task_group.py for tasks to queue
[2024-04-28T16:09:29.306+0000] {logging_mixin.py:188} INFO - [2024-04-28T16:09:29.306+0000] {dagbag.py:540} INFO - Filling up the DagBag from /home/airflow/.local/lib/python3.12/site-packages/airflow/example_dags/example_task_group.py
[2024-04-28T16:09:29.312+0000] {processor.py:840} INFO - DAG(s) 'example_task_group' retrieved from /home/airflow/.local/lib/python3.12/site-packages/airflow/example_dags/example_task_group.py
[2024-04-28T16:09:29.328+0000] {logging_mixin.py:188} INFO - [2024-04-28T16:09:29.328+0000] {dag.py:3096} INFO - Sync 1 DAGs
[2024-04-28T16:09:29.344+0000] {logging_mixin.py:188} INFO - [2024-04-28T16:09:29.344+0000] {dag.py:3954} INFO - Setting next_dagrun for example_task_group to 2024-04-27 00:00:00+00:00, run_after=2024-04-28 00:00:00+00:00
[2024-04-28T16:09:29.358+0000] {processor.py:183} INFO - Processing /home/airflow/.local/lib/python3.12/site-packages/airflow/example_dags/example_task_group.py took 0.058 seconds
[2024-04-28T16:09:59.617+0000] {processor.py:161} INFO - Started process (PID=549) to work on /home/airflow/.local/lib/python3.12/site-packages/airflow/example_dags/example_task_group.py
[2024-04-28T16:09:59.618+0000] {processor.py:830} INFO - Processing file /home/airflow/.local/lib/python3.12/site-packages/airflow/example_dags/example_task_group.py for tasks to queue
[2024-04-28T16:09:59.620+0000] {logging_mixin.py:188} INFO - [2024-04-28T16:09:59.620+0000] {dagbag.py:540} INFO - Filling up the DagBag from /home/airflow/.local/lib/python3.12/site-packages/airflow/example_dags/example_task_group.py
[2024-04-28T16:09:59.625+0000] {processor.py:840} INFO - DAG(s) 'example_task_group' retrieved from /home/airflow/.local/lib/python3.12/site-packages/airflow/example_dags/example_task_group.py
[2024-04-28T16:09:59.642+0000] {logging_mixin.py:188} INFO - [2024-04-28T16:09:59.642+0000] {dag.py:3096} INFO - Sync 1 DAGs
[2024-04-28T16:09:59.660+0000] {logging_mixin.py:188} INFO - [2024-04-28T16:09:59.660+0000] {dag.py:3954} INFO - Setting next_dagrun for example_task_group to 2024-04-27 00:00:00+00:00, run_after=2024-04-28 00:00:00+00:00
[2024-04-28T16:09:59.675+0000] {processor.py:183} INFO - Processing /home/airflow/.local/lib/python3.12/site-packages/airflow/example_dags/example_task_group.py took 0.062 seconds
[2024-04-28T16:10:30.023+0000] {processor.py:161} INFO - Started process (PID=609) to work on /home/airflow/.local/lib/python3.12/site-packages/airflow/example_dags/example_task_group.py
[2024-04-28T16:10:30.024+0000] {processor.py:830} INFO - Processing file /home/airflow/.local/lib/python3.12/site-packages/airflow/example_dags/example_task_group.py for tasks to queue
[2024-04-28T16:10:30.025+0000] {logging_mixin.py:188} INFO - [2024-04-28T16:10:30.025+0000] {dagbag.py:540} INFO - Filling up the DagBag from /home/airflow/.local/lib/python3.12/site-packages/airflow/example_dags/example_task_group.py
[2024-04-28T16:10:30.030+0000] {processor.py:840} INFO - DAG(s) 'example_task_group' retrieved from /home/airflow/.local/lib/python3.12/site-packages/airflow/example_dags/example_task_group.py
[2024-04-28T16:10:30.049+0000] {logging_mixin.py:188} INFO - [2024-04-28T16:10:30.048+0000] {dag.py:3096} INFO - Sync 1 DAGs
[2024-04-28T16:10:30.066+0000] {logging_mixin.py:188} INFO - [2024-04-28T16:10:30.065+0000] {dag.py:3954} INFO - Setting next_dagrun for example_task_group to 2024-04-27 00:00:00+00:00, run_after=2024-04-28 00:00:00+00:00
[2024-04-28T16:10:30.083+0000] {processor.py:183} INFO - Processing /home/airflow/.local/lib/python3.12/site-packages/airflow/example_dags/example_task_group.py took 0.065 seconds
[2024-04-28T16:11:00.356+0000] {processor.py:161} INFO - Started process (PID=669) to work on /home/airflow/.local/lib/python3.12/site-packages/airflow/example_dags/example_task_group.py
[2024-04-28T16:11:00.357+0000] {processor.py:830} INFO - Processing file /home/airflow/.local/lib/python3.12/site-packages/airflow/example_dags/example_task_group.py for tasks to queue
[2024-04-28T16:11:00.359+0000] {logging_mixin.py:188} INFO - [2024-04-28T16:11:00.359+0000] {dagbag.py:540} INFO - Filling up the DagBag from /home/airflow/.local/lib/python3.12/site-packages/airflow/example_dags/example_task_group.py
[2024-04-28T16:11:00.364+0000] {processor.py:840} INFO - DAG(s) 'example_task_group' retrieved from /home/airflow/.local/lib/python3.12/site-packages/airflow/example_dags/example_task_group.py
[2024-04-28T16:11:00.379+0000] {logging_mixin.py:188} INFO - [2024-04-28T16:11:00.379+0000] {dag.py:3096} INFO - Sync 1 DAGs
[2024-04-28T16:11:00.395+0000] {logging_mixin.py:188} INFO - [2024-04-28T16:11:00.394+0000] {dag.py:3954} INFO - Setting next_dagrun for example_task_group to 2024-04-27 00:00:00+00:00, run_after=2024-04-28 00:00:00+00:00
[2024-04-28T16:11:00.409+0000] {processor.py:183} INFO - Processing /home/airflow/.local/lib/python3.12/site-packages/airflow/example_dags/example_task_group.py took 0.057 seconds
[2024-04-28T16:11:31.030+0000] {processor.py:161} INFO - Started process (PID=729) to work on /home/airflow/.local/lib/python3.12/site-packages/airflow/example_dags/example_task_group.py
[2024-04-28T16:11:31.031+0000] {processor.py:830} INFO - Processing file /home/airflow/.local/lib/python3.12/site-packages/airflow/example_dags/example_task_group.py for tasks to queue
[2024-04-28T16:11:31.033+0000] {logging_mixin.py:188} INFO - [2024-04-28T16:11:31.033+0000] {dagbag.py:540} INFO - Filling up the DagBag from /home/airflow/.local/lib/python3.12/site-packages/airflow/example_dags/example_task_group.py
[2024-04-28T16:11:31.038+0000] {processor.py:840} INFO - DAG(s) 'example_task_group' retrieved from /home/airflow/.local/lib/python3.12/site-packages/airflow/example_dags/example_task_group.py
[2024-04-28T16:11:31.056+0000] {logging_mixin.py:188} INFO - [2024-04-28T16:11:31.056+0000] {dag.py:3096} INFO - Sync 1 DAGs
[2024-04-28T16:11:31.072+0000] {logging_mixin.py:188} INFO - [2024-04-28T16:11:31.072+0000] {dag.py:3954} INFO - Setting next_dagrun for example_task_group to 2024-04-27 00:00:00+00:00, run_after=2024-04-28 00:00:00+00:00
[2024-04-28T16:11:31.087+0000] {processor.py:183} INFO - Processing /home/airflow/.local/lib/python3.12/site-packages/airflow/example_dags/example_task_group.py took 0.062 seconds
[2024-04-28T16:12:01.637+0000] {processor.py:161} INFO - Started process (PID=789) to work on /home/airflow/.local/lib/python3.12/site-packages/airflow/example_dags/example_task_group.py
[2024-04-28T16:12:01.638+0000] {processor.py:830} INFO - Processing file /home/airflow/.local/lib/python3.12/site-packages/airflow/example_dags/example_task_group.py for tasks to queue
[2024-04-28T16:12:01.640+0000] {logging_mixin.py:188} INFO - [2024-04-28T16:12:01.639+0000] {dagbag.py:540} INFO - Filling up the DagBag from /home/airflow/.local/lib/python3.12/site-packages/airflow/example_dags/example_task_group.py
[2024-04-28T16:12:01.645+0000] {processor.py:840} INFO - DAG(s) 'example_task_group' retrieved from /home/airflow/.local/lib/python3.12/site-packages/airflow/example_dags/example_task_group.py
[2024-04-28T16:12:01.663+0000] {logging_mixin.py:188} INFO - [2024-04-28T16:12:01.663+0000] {dag.py:3096} INFO - Sync 1 DAGs
[2024-04-28T16:12:01.680+0000] {logging_mixin.py:188} INFO - [2024-04-28T16:12:01.679+0000] {dag.py:3954} INFO - Setting next_dagrun for example_task_group to 2024-04-27 00:00:00+00:00, run_after=2024-04-28 00:00:00+00:00
[2024-04-28T16:12:01.696+0000] {processor.py:183} INFO - Processing /home/airflow/.local/lib/python3.12/site-packages/airflow/example_dags/example_task_group.py took 0.063 seconds
[2024-04-28T16:12:32.155+0000] {processor.py:161} INFO - Started process (PID=849) to work on /home/airflow/.local/lib/python3.12/site-packages/airflow/example_dags/example_task_group.py
[2024-04-28T16:12:32.157+0000] {processor.py:830} INFO - Processing file /home/airflow/.local/lib/python3.12/site-packages/airflow/example_dags/example_task_group.py for tasks to queue
[2024-04-28T16:12:32.160+0000] {logging_mixin.py:188} INFO - [2024-04-28T16:12:32.159+0000] {dagbag.py:540} INFO - Filling up the DagBag from /home/airflow/.local/lib/python3.12/site-packages/airflow/example_dags/example_task_group.py
[2024-04-28T16:12:32.167+0000] {processor.py:840} INFO - DAG(s) 'example_task_group' retrieved from /home/airflow/.local/lib/python3.12/site-packages/airflow/example_dags/example_task_group.py
[2024-04-28T16:12:32.190+0000] {logging_mixin.py:188} INFO - [2024-04-28T16:12:32.189+0000] {dag.py:3096} INFO - Sync 1 DAGs
[2024-04-28T16:12:32.213+0000] {logging_mixin.py:188} INFO - [2024-04-28T16:12:32.213+0000] {dag.py:3954} INFO - Setting next_dagrun for example_task_group to 2024-04-27 00:00:00+00:00, run_after=2024-04-28 00:00:00+00:00
[2024-04-28T16:12:32.234+0000] {processor.py:183} INFO - Processing /home/airflow/.local/lib/python3.12/site-packages/airflow/example_dags/example_task_group.py took 0.084 seconds
