[2024-04-28T15:48:54.410+0000] {processor.py:161} INFO - Started process (PID=45) to work on /home/airflow/.local/lib/python3.12/site-packages/airflow/example_dags/example_subdag_operator.py
[2024-04-28T15:48:54.411+0000] {processor.py:830} INFO - Processing file /home/airflow/.local/lib/python3.12/site-packages/airflow/example_dags/example_subdag_operator.py for tasks to queue
[2024-04-28T15:48:54.413+0000] {logging_mixin.py:188} INFO - [2024-04-28T15:48:54.413+0000] {dagbag.py:540} INFO - Filling up the DagBag from /home/airflow/.local/lib/python3.12/site-packages/airflow/example_dags/example_subdag_operator.py
[2024-04-28T15:48:54.438+0000] {processor.py:840} INFO - DAG(s) 'example_subdag_operator.section-1', 'example_subdag_operator.section-2', 'example_subdag_operator' retrieved from /home/airflow/.local/lib/python3.12/site-packages/airflow/example_dags/example_subdag_operator.py
[2024-04-28T15:48:54.535+0000] {logging_mixin.py:188} INFO - [2024-04-28T15:48:54.535+0000] {override.py:1829} INFO - Created Permission View: can delete on DAG:example_subdag_operator
[2024-04-28T15:48:54.545+0000] {logging_mixin.py:188} INFO - [2024-04-28T15:48:54.545+0000] {override.py:1829} INFO - Created Permission View: can edit on DAG:example_subdag_operator
[2024-04-28T15:48:54.551+0000] {logging_mixin.py:188} INFO - [2024-04-28T15:48:54.551+0000] {override.py:1829} INFO - Created Permission View: can read on DAG:example_subdag_operator
[2024-04-28T15:48:54.551+0000] {logging_mixin.py:188} INFO - [2024-04-28T15:48:54.551+0000] {dag.py:3096} INFO - Sync 3 DAGs
[2024-04-28T15:48:54.561+0000] {logging_mixin.py:188} INFO - [2024-04-28T15:48:54.561+0000] {dag.py:3118} INFO - Creating ORM DAG for example_subdag_operator.section-1
[2024-04-28T15:48:54.562+0000] {logging_mixin.py:188} INFO - [2024-04-28T15:48:54.561+0000] {dag.py:3118} INFO - Creating ORM DAG for example_subdag_operator.section-2
[2024-04-28T15:48:54.562+0000] {logging_mixin.py:188} INFO - [2024-04-28T15:48:54.562+0000] {dag.py:3118} INFO - Creating ORM DAG for example_subdag_operator
[2024-04-28T15:48:54.570+0000] {logging_mixin.py:188} INFO - [2024-04-28T15:48:54.569+0000] {dag.py:3954} INFO - Setting next_dagrun for example_subdag_operator to 2022-01-01 00:00:00+00:00, run_after=2022-01-01 00:00:00+00:00
[2024-04-28T15:48:54.570+0000] {logging_mixin.py:188} INFO - [2024-04-28T15:48:54.570+0000] {dag.py:3954} INFO - Setting next_dagrun for example_subdag_operator.section-1 to None, run_after=None
[2024-04-28T15:48:54.571+0000] {logging_mixin.py:188} INFO - [2024-04-28T15:48:54.570+0000] {dag.py:3954} INFO - Setting next_dagrun for example_subdag_operator.section-2 to None, run_after=None
[2024-04-28T15:48:54.578+0000] {logging_mixin.py:188} INFO - [2024-04-28T15:48:54.577+0000] {dag.py:3096} INFO - Sync 2 DAGs
[2024-04-28T15:48:54.582+0000] {logging_mixin.py:188} INFO - [2024-04-28T15:48:54.582+0000] {dag.py:3954} INFO - Setting next_dagrun for example_subdag_operator.section-1 to None, run_after=None
[2024-04-28T15:48:54.585+0000] {logging_mixin.py:188} INFO - [2024-04-28T15:48:54.585+0000] {dag.py:3954} INFO - Setting next_dagrun for example_subdag_operator.section-2 to None, run_after=None
[2024-04-28T15:48:54.597+0000] {processor.py:183} INFO - Processing /home/airflow/.local/lib/python3.12/site-packages/airflow/example_dags/example_subdag_operator.py took 0.192 seconds
[2024-04-28T15:49:25.671+0000] {processor.py:161} INFO - Started process (PID=103) to work on /home/airflow/.local/lib/python3.12/site-packages/airflow/example_dags/example_subdag_operator.py
[2024-04-28T15:49:25.705+0000] {processor.py:830} INFO - Processing file /home/airflow/.local/lib/python3.12/site-packages/airflow/example_dags/example_subdag_operator.py for tasks to queue
[2024-04-28T15:49:25.707+0000] {logging_mixin.py:188} INFO - [2024-04-28T15:49:25.707+0000] {dagbag.py:540} INFO - Filling up the DagBag from /home/airflow/.local/lib/python3.12/site-packages/airflow/example_dags/example_subdag_operator.py
[2024-04-28T15:49:25.727+0000] {processor.py:840} INFO - DAG(s) 'example_subdag_operator.section-1', 'example_subdag_operator.section-2', 'example_subdag_operator' retrieved from /home/airflow/.local/lib/python3.12/site-packages/airflow/example_dags/example_subdag_operator.py
[2024-04-28T15:49:25.740+0000] {logging_mixin.py:188} INFO - [2024-04-28T15:49:25.740+0000] {dag.py:3096} INFO - Sync 3 DAGs
[2024-04-28T15:49:25.759+0000] {logging_mixin.py:188} INFO - [2024-04-28T15:49:25.759+0000] {dag.py:3954} INFO - Setting next_dagrun for example_subdag_operator to 2022-01-01 00:00:00+00:00, run_after=2022-01-01 00:00:00+00:00
[2024-04-28T15:49:25.762+0000] {logging_mixin.py:188} INFO - [2024-04-28T15:49:25.762+0000] {dag.py:3954} INFO - Setting next_dagrun for example_subdag_operator.section-1 to None, run_after=None
[2024-04-28T15:49:25.764+0000] {logging_mixin.py:188} INFO - [2024-04-28T15:49:25.763+0000] {dag.py:3954} INFO - Setting next_dagrun for example_subdag_operator.section-2 to None, run_after=None
[2024-04-28T15:49:25.770+0000] {logging_mixin.py:188} INFO - [2024-04-28T15:49:25.769+0000] {dag.py:3096} INFO - Sync 2 DAGs
[2024-04-28T15:49:25.774+0000] {logging_mixin.py:188} INFO - [2024-04-28T15:49:25.774+0000] {dag.py:3954} INFO - Setting next_dagrun for example_subdag_operator.section-1 to None, run_after=None
[2024-04-28T15:49:25.774+0000] {logging_mixin.py:188} INFO - [2024-04-28T15:49:25.774+0000] {dag.py:3954} INFO - Setting next_dagrun for example_subdag_operator.section-2 to None, run_after=None
[2024-04-28T15:49:26.227+0000] {processor.py:183} INFO - Processing /home/airflow/.local/lib/python3.12/site-packages/airflow/example_dags/example_subdag_operator.py took 0.560 seconds
[2024-04-28T15:49:56.935+0000] {processor.py:161} INFO - Started process (PID=161) to work on /home/airflow/.local/lib/python3.12/site-packages/airflow/example_dags/example_subdag_operator.py
[2024-04-28T15:49:56.936+0000] {processor.py:830} INFO - Processing file /home/airflow/.local/lib/python3.12/site-packages/airflow/example_dags/example_subdag_operator.py for tasks to queue
[2024-04-28T15:49:56.937+0000] {logging_mixin.py:188} INFO - [2024-04-28T15:49:56.937+0000] {dagbag.py:540} INFO - Filling up the DagBag from /home/airflow/.local/lib/python3.12/site-packages/airflow/example_dags/example_subdag_operator.py
[2024-04-28T15:49:56.962+0000] {processor.py:840} INFO - DAG(s) 'example_subdag_operator.section-1', 'example_subdag_operator.section-2', 'example_subdag_operator' retrieved from /home/airflow/.local/lib/python3.12/site-packages/airflow/example_dags/example_subdag_operator.py
[2024-04-28T15:49:56.977+0000] {logging_mixin.py:188} INFO - [2024-04-28T15:49:56.977+0000] {dag.py:3096} INFO - Sync 3 DAGs
[2024-04-28T15:49:56.997+0000] {logging_mixin.py:188} INFO - [2024-04-28T15:49:56.997+0000] {dag.py:3954} INFO - Setting next_dagrun for example_subdag_operator to 2022-01-01 00:00:00+00:00, run_after=2022-01-01 00:00:00+00:00
[2024-04-28T15:49:57.003+0000] {logging_mixin.py:188} INFO - [2024-04-28T15:49:57.002+0000] {dag.py:3954} INFO - Setting next_dagrun for example_subdag_operator.section-1 to None, run_after=None
[2024-04-28T15:49:57.004+0000] {logging_mixin.py:188} INFO - [2024-04-28T15:49:57.004+0000] {dag.py:3954} INFO - Setting next_dagrun for example_subdag_operator.section-2 to None, run_after=None
[2024-04-28T15:49:57.012+0000] {logging_mixin.py:188} INFO - [2024-04-28T15:49:57.011+0000] {dag.py:3096} INFO - Sync 2 DAGs
[2024-04-28T15:49:57.017+0000] {logging_mixin.py:188} INFO - [2024-04-28T15:49:57.017+0000] {dag.py:3954} INFO - Setting next_dagrun for example_subdag_operator.section-1 to None, run_after=None
[2024-04-28T15:49:57.017+0000] {logging_mixin.py:188} INFO - [2024-04-28T15:49:57.017+0000] {dag.py:3954} INFO - Setting next_dagrun for example_subdag_operator.section-2 to None, run_after=None
[2024-04-28T15:49:57.031+0000] {processor.py:183} INFO - Processing /home/airflow/.local/lib/python3.12/site-packages/airflow/example_dags/example_subdag_operator.py took 0.101 seconds
[2024-04-28T15:50:27.783+0000] {processor.py:161} INFO - Started process (PID=219) to work on /home/airflow/.local/lib/python3.12/site-packages/airflow/example_dags/example_subdag_operator.py
[2024-04-28T15:50:27.788+0000] {processor.py:830} INFO - Processing file /home/airflow/.local/lib/python3.12/site-packages/airflow/example_dags/example_subdag_operator.py for tasks to queue
[2024-04-28T15:50:27.790+0000] {logging_mixin.py:188} INFO - [2024-04-28T15:50:27.789+0000] {dagbag.py:540} INFO - Filling up the DagBag from /home/airflow/.local/lib/python3.12/site-packages/airflow/example_dags/example_subdag_operator.py
[2024-04-28T15:50:27.809+0000] {processor.py:840} INFO - DAG(s) 'example_subdag_operator.section-1', 'example_subdag_operator.section-2', 'example_subdag_operator' retrieved from /home/airflow/.local/lib/python3.12/site-packages/airflow/example_dags/example_subdag_operator.py
[2024-04-28T15:50:27.822+0000] {logging_mixin.py:188} INFO - [2024-04-28T15:50:27.822+0000] {dag.py:3096} INFO - Sync 3 DAGs
[2024-04-28T15:50:27.839+0000] {logging_mixin.py:188} INFO - [2024-04-28T15:50:27.839+0000] {dag.py:3954} INFO - Setting next_dagrun for example_subdag_operator to 2022-01-01 00:00:00+00:00, run_after=2022-01-01 00:00:00+00:00
[2024-04-28T15:50:27.842+0000] {logging_mixin.py:188} INFO - [2024-04-28T15:50:27.842+0000] {dag.py:3954} INFO - Setting next_dagrun for example_subdag_operator.section-1 to None, run_after=None
[2024-04-28T15:50:27.843+0000] {logging_mixin.py:188} INFO - [2024-04-28T15:50:27.843+0000] {dag.py:3954} INFO - Setting next_dagrun for example_subdag_operator.section-2 to None, run_after=None
[2024-04-28T15:50:27.849+0000] {logging_mixin.py:188} INFO - [2024-04-28T15:50:27.848+0000] {dag.py:3096} INFO - Sync 2 DAGs
[2024-04-28T15:50:27.853+0000] {logging_mixin.py:188} INFO - [2024-04-28T15:50:27.853+0000] {dag.py:3954} INFO - Setting next_dagrun for example_subdag_operator.section-1 to None, run_after=None
[2024-04-28T15:50:27.853+0000] {logging_mixin.py:188} INFO - [2024-04-28T15:50:27.853+0000] {dag.py:3954} INFO - Setting next_dagrun for example_subdag_operator.section-2 to None, run_after=None
[2024-04-28T15:50:27.862+0000] {processor.py:183} INFO - Processing /home/airflow/.local/lib/python3.12/site-packages/airflow/example_dags/example_subdag_operator.py took 0.084 seconds
[2024-04-28T15:50:58.308+0000] {processor.py:161} INFO - Started process (PID=277) to work on /home/airflow/.local/lib/python3.12/site-packages/airflow/example_dags/example_subdag_operator.py
[2024-04-28T15:50:58.309+0000] {processor.py:830} INFO - Processing file /home/airflow/.local/lib/python3.12/site-packages/airflow/example_dags/example_subdag_operator.py for tasks to queue
[2024-04-28T15:50:58.311+0000] {logging_mixin.py:188} INFO - [2024-04-28T15:50:58.311+0000] {dagbag.py:540} INFO - Filling up the DagBag from /home/airflow/.local/lib/python3.12/site-packages/airflow/example_dags/example_subdag_operator.py
[2024-04-28T15:50:58.331+0000] {processor.py:840} INFO - DAG(s) 'example_subdag_operator.section-1', 'example_subdag_operator.section-2', 'example_subdag_operator' retrieved from /home/airflow/.local/lib/python3.12/site-packages/airflow/example_dags/example_subdag_operator.py
[2024-04-28T15:50:58.343+0000] {logging_mixin.py:188} INFO - [2024-04-28T15:50:58.343+0000] {dag.py:3096} INFO - Sync 3 DAGs
[2024-04-28T15:50:58.360+0000] {logging_mixin.py:188} INFO - [2024-04-28T15:50:58.360+0000] {dag.py:3954} INFO - Setting next_dagrun for example_subdag_operator to 2022-01-01 00:00:00+00:00, run_after=2022-01-01 00:00:00+00:00
[2024-04-28T15:50:58.364+0000] {logging_mixin.py:188} INFO - [2024-04-28T15:50:58.364+0000] {dag.py:3954} INFO - Setting next_dagrun for example_subdag_operator.section-1 to None, run_after=None
[2024-04-28T15:50:58.366+0000] {logging_mixin.py:188} INFO - [2024-04-28T15:50:58.366+0000] {dag.py:3954} INFO - Setting next_dagrun for example_subdag_operator.section-2 to None, run_after=None
[2024-04-28T15:50:58.372+0000] {logging_mixin.py:188} INFO - [2024-04-28T15:50:58.372+0000] {dag.py:3096} INFO - Sync 2 DAGs
[2024-04-28T15:50:58.377+0000] {logging_mixin.py:188} INFO - [2024-04-28T15:50:58.377+0000] {dag.py:3954} INFO - Setting next_dagrun for example_subdag_operator.section-1 to None, run_after=None
[2024-04-28T15:50:58.377+0000] {logging_mixin.py:188} INFO - [2024-04-28T15:50:58.377+0000] {dag.py:3954} INFO - Setting next_dagrun for example_subdag_operator.section-2 to None, run_after=None
[2024-04-28T15:50:58.387+0000] {processor.py:183} INFO - Processing /home/airflow/.local/lib/python3.12/site-packages/airflow/example_dags/example_subdag_operator.py took 0.084 seconds
[2024-04-28T15:51:28.697+0000] {processor.py:161} INFO - Started process (PID=335) to work on /home/airflow/.local/lib/python3.12/site-packages/airflow/example_dags/example_subdag_operator.py
[2024-04-28T15:51:28.699+0000] {processor.py:830} INFO - Processing file /home/airflow/.local/lib/python3.12/site-packages/airflow/example_dags/example_subdag_operator.py for tasks to queue
[2024-04-28T15:51:28.706+0000] {logging_mixin.py:188} INFO - [2024-04-28T15:51:28.705+0000] {dagbag.py:540} INFO - Filling up the DagBag from /home/airflow/.local/lib/python3.12/site-packages/airflow/example_dags/example_subdag_operator.py
[2024-04-28T15:51:28.748+0000] {processor.py:840} INFO - DAG(s) 'example_subdag_operator.section-1', 'example_subdag_operator.section-2', 'example_subdag_operator' retrieved from /home/airflow/.local/lib/python3.12/site-packages/airflow/example_dags/example_subdag_operator.py
[2024-04-28T15:51:28.778+0000] {logging_mixin.py:188} INFO - [2024-04-28T15:51:28.778+0000] {dag.py:3096} INFO - Sync 3 DAGs
[2024-04-28T15:51:28.815+0000] {logging_mixin.py:188} INFO - [2024-04-28T15:51:28.815+0000] {dag.py:3954} INFO - Setting next_dagrun for example_subdag_operator to 2022-01-01 00:00:00+00:00, run_after=2022-01-01 00:00:00+00:00
[2024-04-28T15:51:28.820+0000] {logging_mixin.py:188} INFO - [2024-04-28T15:51:28.819+0000] {dag.py:3954} INFO - Setting next_dagrun for example_subdag_operator.section-1 to None, run_after=None
[2024-04-28T15:51:28.821+0000] {logging_mixin.py:188} INFO - [2024-04-28T15:51:28.821+0000] {dag.py:3954} INFO - Setting next_dagrun for example_subdag_operator.section-2 to None, run_after=None
[2024-04-28T15:51:28.831+0000] {logging_mixin.py:188} INFO - [2024-04-28T15:51:28.831+0000] {dag.py:3096} INFO - Sync 2 DAGs
[2024-04-28T15:51:28.841+0000] {logging_mixin.py:188} INFO - [2024-04-28T15:51:28.841+0000] {dag.py:3954} INFO - Setting next_dagrun for example_subdag_operator.section-1 to None, run_after=None
[2024-04-28T15:51:28.842+0000] {logging_mixin.py:188} INFO - [2024-04-28T15:51:28.841+0000] {dag.py:3954} INFO - Setting next_dagrun for example_subdag_operator.section-2 to None, run_after=None
[2024-04-28T15:51:28.861+0000] {processor.py:183} INFO - Processing /home/airflow/.local/lib/python3.12/site-packages/airflow/example_dags/example_subdag_operator.py took 0.173 seconds
[2024-04-28T15:53:31.869+0000] {processor.py:161} INFO - Started process (PID=47) to work on /home/airflow/.local/lib/python3.12/site-packages/airflow/example_dags/example_subdag_operator.py
[2024-04-28T15:53:31.870+0000] {processor.py:830} INFO - Processing file /home/airflow/.local/lib/python3.12/site-packages/airflow/example_dags/example_subdag_operator.py for tasks to queue
[2024-04-28T15:53:31.873+0000] {logging_mixin.py:188} INFO - [2024-04-28T15:53:31.873+0000] {dagbag.py:540} INFO - Filling up the DagBag from /home/airflow/.local/lib/python3.12/site-packages/airflow/example_dags/example_subdag_operator.py
[2024-04-28T15:53:31.902+0000] {processor.py:840} INFO - DAG(s) 'example_subdag_operator.section-1', 'example_subdag_operator.section-2', 'example_subdag_operator' retrieved from /home/airflow/.local/lib/python3.12/site-packages/airflow/example_dags/example_subdag_operator.py
[2024-04-28T15:53:31.906+0000] {logging_mixin.py:188} INFO - [2024-04-28T15:53:31.906+0000] {dag.py:3096} INFO - Sync 3 DAGs
[2024-04-28T15:53:31.931+0000] {logging_mixin.py:188} INFO - [2024-04-28T15:53:31.930+0000] {dag.py:3954} INFO - Setting next_dagrun for example_subdag_operator to 2022-01-01 00:00:00+00:00, run_after=2022-01-01 00:00:00+00:00
[2024-04-28T15:53:31.934+0000] {logging_mixin.py:188} INFO - [2024-04-28T15:53:31.934+0000] {dag.py:3954} INFO - Setting next_dagrun for example_subdag_operator.section-1 to None, run_after=None
[2024-04-28T15:53:31.936+0000] {logging_mixin.py:188} INFO - [2024-04-28T15:53:31.936+0000] {dag.py:3954} INFO - Setting next_dagrun for example_subdag_operator.section-2 to None, run_after=None
[2024-04-28T15:53:31.945+0000] {logging_mixin.py:188} INFO - [2024-04-28T15:53:31.945+0000] {dag.py:3096} INFO - Sync 2 DAGs
[2024-04-28T15:53:31.950+0000] {logging_mixin.py:188} INFO - [2024-04-28T15:53:31.950+0000] {dag.py:3954} INFO - Setting next_dagrun for example_subdag_operator.section-1 to None, run_after=None
[2024-04-28T15:53:31.951+0000] {logging_mixin.py:188} INFO - [2024-04-28T15:53:31.951+0000] {dag.py:3954} INFO - Setting next_dagrun for example_subdag_operator.section-2 to None, run_after=None
[2024-04-28T15:53:31.963+0000] {processor.py:183} INFO - Processing /home/airflow/.local/lib/python3.12/site-packages/airflow/example_dags/example_subdag_operator.py took 0.101 seconds
[2024-04-28T15:54:02.123+0000] {processor.py:161} INFO - Started process (PID=105) to work on /home/airflow/.local/lib/python3.12/site-packages/airflow/example_dags/example_subdag_operator.py
[2024-04-28T15:54:02.124+0000] {processor.py:830} INFO - Processing file /home/airflow/.local/lib/python3.12/site-packages/airflow/example_dags/example_subdag_operator.py for tasks to queue
[2024-04-28T15:54:02.125+0000] {logging_mixin.py:188} INFO - [2024-04-28T15:54:02.125+0000] {dagbag.py:540} INFO - Filling up the DagBag from /home/airflow/.local/lib/python3.12/site-packages/airflow/example_dags/example_subdag_operator.py
[2024-04-28T15:54:02.143+0000] {processor.py:840} INFO - DAG(s) 'example_subdag_operator.section-1', 'example_subdag_operator.section-2', 'example_subdag_operator' retrieved from /home/airflow/.local/lib/python3.12/site-packages/airflow/example_dags/example_subdag_operator.py
[2024-04-28T15:54:02.216+0000] {logging_mixin.py:188} INFO - [2024-04-28T15:54:02.216+0000] {dag.py:3096} INFO - Sync 3 DAGs
[2024-04-28T15:54:02.231+0000] {logging_mixin.py:188} INFO - [2024-04-28T15:54:02.231+0000] {dag.py:3954} INFO - Setting next_dagrun for example_subdag_operator to 2022-01-01 00:00:00+00:00, run_after=2022-01-01 00:00:00+00:00
[2024-04-28T15:54:02.233+0000] {logging_mixin.py:188} INFO - [2024-04-28T15:54:02.233+0000] {dag.py:3954} INFO - Setting next_dagrun for example_subdag_operator.section-1 to None, run_after=None
[2024-04-28T15:54:02.234+0000] {logging_mixin.py:188} INFO - [2024-04-28T15:54:02.234+0000] {dag.py:3954} INFO - Setting next_dagrun for example_subdag_operator.section-2 to None, run_after=None
[2024-04-28T15:54:02.241+0000] {logging_mixin.py:188} INFO - [2024-04-28T15:54:02.241+0000] {dag.py:3096} INFO - Sync 2 DAGs
[2024-04-28T15:54:02.246+0000] {logging_mixin.py:188} INFO - [2024-04-28T15:54:02.245+0000] {dag.py:3954} INFO - Setting next_dagrun for example_subdag_operator.section-1 to None, run_after=None
[2024-04-28T15:54:02.246+0000] {logging_mixin.py:188} INFO - [2024-04-28T15:54:02.246+0000] {dag.py:3954} INFO - Setting next_dagrun for example_subdag_operator.section-2 to None, run_after=None
[2024-04-28T15:54:02.259+0000] {processor.py:183} INFO - Processing /home/airflow/.local/lib/python3.12/site-packages/airflow/example_dags/example_subdag_operator.py took 0.141 seconds
[2024-04-28T15:54:32.292+0000] {processor.py:161} INFO - Started process (PID=169) to work on /home/airflow/.local/lib/python3.12/site-packages/airflow/example_dags/example_subdag_operator.py
[2024-04-28T15:54:32.293+0000] {processor.py:830} INFO - Processing file /home/airflow/.local/lib/python3.12/site-packages/airflow/example_dags/example_subdag_operator.py for tasks to queue
[2024-04-28T15:54:32.295+0000] {logging_mixin.py:188} INFO - [2024-04-28T15:54:32.294+0000] {dagbag.py:540} INFO - Filling up the DagBag from /home/airflow/.local/lib/python3.12/site-packages/airflow/example_dags/example_subdag_operator.py
[2024-04-28T15:54:32.313+0000] {processor.py:840} INFO - DAG(s) 'example_subdag_operator.section-1', 'example_subdag_operator.section-2', 'example_subdag_operator' retrieved from /home/airflow/.local/lib/python3.12/site-packages/airflow/example_dags/example_subdag_operator.py
[2024-04-28T15:54:32.325+0000] {logging_mixin.py:188} INFO - [2024-04-28T15:54:32.325+0000] {dag.py:3096} INFO - Sync 3 DAGs
[2024-04-28T15:54:32.342+0000] {logging_mixin.py:188} INFO - [2024-04-28T15:54:32.341+0000] {dag.py:3954} INFO - Setting next_dagrun for example_subdag_operator to 2022-01-01 00:00:00+00:00, run_after=2022-01-01 00:00:00+00:00
[2024-04-28T15:54:32.345+0000] {logging_mixin.py:188} INFO - [2024-04-28T15:54:32.345+0000] {dag.py:3954} INFO - Setting next_dagrun for example_subdag_operator.section-1 to None, run_after=None
[2024-04-28T15:54:32.346+0000] {logging_mixin.py:188} INFO - [2024-04-28T15:54:32.346+0000] {dag.py:3954} INFO - Setting next_dagrun for example_subdag_operator.section-2 to None, run_after=None
[2024-04-28T15:54:32.351+0000] {logging_mixin.py:188} INFO - [2024-04-28T15:54:32.351+0000] {dag.py:3096} INFO - Sync 2 DAGs
[2024-04-28T15:54:32.356+0000] {logging_mixin.py:188} INFO - [2024-04-28T15:54:32.355+0000] {dag.py:3954} INFO - Setting next_dagrun for example_subdag_operator.section-1 to None, run_after=None
[2024-04-28T15:54:32.356+0000] {logging_mixin.py:188} INFO - [2024-04-28T15:54:32.356+0000] {dag.py:3954} INFO - Setting next_dagrun for example_subdag_operator.section-2 to None, run_after=None
[2024-04-28T15:54:32.366+0000] {processor.py:183} INFO - Processing /home/airflow/.local/lib/python3.12/site-packages/airflow/example_dags/example_subdag_operator.py took 0.078 seconds
[2024-04-28T15:55:02.395+0000] {processor.py:161} INFO - Started process (PID=233) to work on /home/airflow/.local/lib/python3.12/site-packages/airflow/example_dags/example_subdag_operator.py
[2024-04-28T15:55:02.396+0000] {processor.py:830} INFO - Processing file /home/airflow/.local/lib/python3.12/site-packages/airflow/example_dags/example_subdag_operator.py for tasks to queue
[2024-04-28T15:55:02.398+0000] {logging_mixin.py:188} INFO - [2024-04-28T15:55:02.397+0000] {dagbag.py:540} INFO - Filling up the DagBag from /home/airflow/.local/lib/python3.12/site-packages/airflow/example_dags/example_subdag_operator.py
[2024-04-28T15:55:02.417+0000] {processor.py:840} INFO - DAG(s) 'example_subdag_operator.section-1', 'example_subdag_operator.section-2', 'example_subdag_operator' retrieved from /home/airflow/.local/lib/python3.12/site-packages/airflow/example_dags/example_subdag_operator.py
[2024-04-28T15:55:02.431+0000] {logging_mixin.py:188} INFO - [2024-04-28T15:55:02.431+0000] {dag.py:3096} INFO - Sync 3 DAGs
[2024-04-28T15:55:02.449+0000] {logging_mixin.py:188} INFO - [2024-04-28T15:55:02.449+0000] {dag.py:3954} INFO - Setting next_dagrun for example_subdag_operator to 2022-01-01 00:00:00+00:00, run_after=2022-01-01 00:00:00+00:00
[2024-04-28T15:55:02.452+0000] {logging_mixin.py:188} INFO - [2024-04-28T15:55:02.452+0000] {dag.py:3954} INFO - Setting next_dagrun for example_subdag_operator.section-1 to None, run_after=None
[2024-04-28T15:55:02.453+0000] {logging_mixin.py:188} INFO - [2024-04-28T15:55:02.453+0000] {dag.py:3954} INFO - Setting next_dagrun for example_subdag_operator.section-2 to None, run_after=None
[2024-04-28T15:55:02.458+0000] {logging_mixin.py:188} INFO - [2024-04-28T15:55:02.458+0000] {dag.py:3096} INFO - Sync 2 DAGs
[2024-04-28T15:55:02.463+0000] {logging_mixin.py:188} INFO - [2024-04-28T15:55:02.463+0000] {dag.py:3954} INFO - Setting next_dagrun for example_subdag_operator.section-1 to None, run_after=None
[2024-04-28T15:55:02.464+0000] {logging_mixin.py:188} INFO - [2024-04-28T15:55:02.464+0000] {dag.py:3954} INFO - Setting next_dagrun for example_subdag_operator.section-2 to None, run_after=None
[2024-04-28T15:55:02.473+0000] {processor.py:183} INFO - Processing /home/airflow/.local/lib/python3.12/site-packages/airflow/example_dags/example_subdag_operator.py took 0.083 seconds
[2024-04-28T15:55:32.502+0000] {processor.py:161} INFO - Started process (PID=293) to work on /home/airflow/.local/lib/python3.12/site-packages/airflow/example_dags/example_subdag_operator.py
[2024-04-28T15:55:32.503+0000] {processor.py:830} INFO - Processing file /home/airflow/.local/lib/python3.12/site-packages/airflow/example_dags/example_subdag_operator.py for tasks to queue
[2024-04-28T15:55:32.504+0000] {logging_mixin.py:188} INFO - [2024-04-28T15:55:32.504+0000] {dagbag.py:540} INFO - Filling up the DagBag from /home/airflow/.local/lib/python3.12/site-packages/airflow/example_dags/example_subdag_operator.py
[2024-04-28T15:55:32.523+0000] {processor.py:840} INFO - DAG(s) 'example_subdag_operator.section-1', 'example_subdag_operator.section-2', 'example_subdag_operator' retrieved from /home/airflow/.local/lib/python3.12/site-packages/airflow/example_dags/example_subdag_operator.py
[2024-04-28T15:55:32.536+0000] {logging_mixin.py:188} INFO - [2024-04-28T15:55:32.536+0000] {dag.py:3096} INFO - Sync 3 DAGs
[2024-04-28T15:55:32.553+0000] {logging_mixin.py:188} INFO - [2024-04-28T15:55:32.553+0000] {dag.py:3954} INFO - Setting next_dagrun for example_subdag_operator to 2022-01-01 00:00:00+00:00, run_after=2022-01-01 00:00:00+00:00
[2024-04-28T15:55:32.557+0000] {logging_mixin.py:188} INFO - [2024-04-28T15:55:32.557+0000] {dag.py:3954} INFO - Setting next_dagrun for example_subdag_operator.section-1 to None, run_after=None
[2024-04-28T15:55:32.558+0000] {logging_mixin.py:188} INFO - [2024-04-28T15:55:32.558+0000] {dag.py:3954} INFO - Setting next_dagrun for example_subdag_operator.section-2 to None, run_after=None
[2024-04-28T15:55:32.564+0000] {logging_mixin.py:188} INFO - [2024-04-28T15:55:32.564+0000] {dag.py:3096} INFO - Sync 2 DAGs
[2024-04-28T15:55:32.569+0000] {logging_mixin.py:188} INFO - [2024-04-28T15:55:32.569+0000] {dag.py:3954} INFO - Setting next_dagrun for example_subdag_operator.section-1 to None, run_after=None
[2024-04-28T15:55:32.569+0000] {logging_mixin.py:188} INFO - [2024-04-28T15:55:32.569+0000] {dag.py:3954} INFO - Setting next_dagrun for example_subdag_operator.section-2 to None, run_after=None
[2024-04-28T15:55:32.580+0000] {processor.py:183} INFO - Processing /home/airflow/.local/lib/python3.12/site-packages/airflow/example_dags/example_subdag_operator.py took 0.082 seconds
[2024-04-28T15:56:02.667+0000] {processor.py:161} INFO - Started process (PID=352) to work on /home/airflow/.local/lib/python3.12/site-packages/airflow/example_dags/example_subdag_operator.py
[2024-04-28T15:56:02.667+0000] {processor.py:830} INFO - Processing file /home/airflow/.local/lib/python3.12/site-packages/airflow/example_dags/example_subdag_operator.py for tasks to queue
[2024-04-28T15:56:02.669+0000] {logging_mixin.py:188} INFO - [2024-04-28T15:56:02.669+0000] {dagbag.py:540} INFO - Filling up the DagBag from /home/airflow/.local/lib/python3.12/site-packages/airflow/example_dags/example_subdag_operator.py
[2024-04-28T15:56:02.688+0000] {processor.py:840} INFO - DAG(s) 'example_subdag_operator.section-1', 'example_subdag_operator.section-2', 'example_subdag_operator' retrieved from /home/airflow/.local/lib/python3.12/site-packages/airflow/example_dags/example_subdag_operator.py
[2024-04-28T15:56:02.703+0000] {logging_mixin.py:188} INFO - [2024-04-28T15:56:02.703+0000] {dag.py:3096} INFO - Sync 3 DAGs
[2024-04-28T15:56:02.719+0000] {logging_mixin.py:188} INFO - [2024-04-28T15:56:02.719+0000] {dag.py:3954} INFO - Setting next_dagrun for example_subdag_operator to 2022-01-01 00:00:00+00:00, run_after=2022-01-01 00:00:00+00:00
[2024-04-28T15:56:02.722+0000] {logging_mixin.py:188} INFO - [2024-04-28T15:56:02.722+0000] {dag.py:3954} INFO - Setting next_dagrun for example_subdag_operator.section-1 to None, run_after=None
[2024-04-28T15:56:02.723+0000] {logging_mixin.py:188} INFO - [2024-04-28T15:56:02.722+0000] {dag.py:3954} INFO - Setting next_dagrun for example_subdag_operator.section-2 to None, run_after=None
[2024-04-28T15:56:02.728+0000] {logging_mixin.py:188} INFO - [2024-04-28T15:56:02.727+0000] {dag.py:3096} INFO - Sync 2 DAGs
[2024-04-28T15:56:02.732+0000] {logging_mixin.py:188} INFO - [2024-04-28T15:56:02.731+0000] {dag.py:3954} INFO - Setting next_dagrun for example_subdag_operator.section-1 to None, run_after=None
[2024-04-28T15:56:02.732+0000] {logging_mixin.py:188} INFO - [2024-04-28T15:56:02.732+0000] {dag.py:3954} INFO - Setting next_dagrun for example_subdag_operator.section-2 to None, run_after=None
[2024-04-28T15:56:02.740+0000] {processor.py:183} INFO - Processing /home/airflow/.local/lib/python3.12/site-packages/airflow/example_dags/example_subdag_operator.py took 0.078 seconds
[2024-04-28T15:56:33.043+0000] {processor.py:161} INFO - Started process (PID=413) to work on /home/airflow/.local/lib/python3.12/site-packages/airflow/example_dags/example_subdag_operator.py
[2024-04-28T15:56:33.044+0000] {processor.py:830} INFO - Processing file /home/airflow/.local/lib/python3.12/site-packages/airflow/example_dags/example_subdag_operator.py for tasks to queue
[2024-04-28T15:56:33.045+0000] {logging_mixin.py:188} INFO - [2024-04-28T15:56:33.045+0000] {dagbag.py:540} INFO - Filling up the DagBag from /home/airflow/.local/lib/python3.12/site-packages/airflow/example_dags/example_subdag_operator.py
[2024-04-28T15:56:33.063+0000] {processor.py:840} INFO - DAG(s) 'example_subdag_operator.section-1', 'example_subdag_operator.section-2', 'example_subdag_operator' retrieved from /home/airflow/.local/lib/python3.12/site-packages/airflow/example_dags/example_subdag_operator.py
[2024-04-28T15:56:33.075+0000] {logging_mixin.py:188} INFO - [2024-04-28T15:56:33.075+0000] {dag.py:3096} INFO - Sync 3 DAGs
[2024-04-28T15:56:33.093+0000] {logging_mixin.py:188} INFO - [2024-04-28T15:56:33.092+0000] {dag.py:3954} INFO - Setting next_dagrun for example_subdag_operator to 2022-01-01 00:00:00+00:00, run_after=2022-01-01 00:00:00+00:00
[2024-04-28T15:56:33.095+0000] {logging_mixin.py:188} INFO - [2024-04-28T15:56:33.095+0000] {dag.py:3954} INFO - Setting next_dagrun for example_subdag_operator.section-1 to None, run_after=None
[2024-04-28T15:56:33.096+0000] {logging_mixin.py:188} INFO - [2024-04-28T15:56:33.096+0000] {dag.py:3954} INFO - Setting next_dagrun for example_subdag_operator.section-2 to None, run_after=None
[2024-04-28T15:56:33.102+0000] {logging_mixin.py:188} INFO - [2024-04-28T15:56:33.101+0000] {dag.py:3096} INFO - Sync 2 DAGs
[2024-04-28T15:56:33.106+0000] {logging_mixin.py:188} INFO - [2024-04-28T15:56:33.105+0000] {dag.py:3954} INFO - Setting next_dagrun for example_subdag_operator.section-1 to None, run_after=None
[2024-04-28T15:56:33.106+0000] {logging_mixin.py:188} INFO - [2024-04-28T15:56:33.106+0000] {dag.py:3954} INFO - Setting next_dagrun for example_subdag_operator.section-2 to None, run_after=None
[2024-04-28T15:56:33.115+0000] {processor.py:183} INFO - Processing /home/airflow/.local/lib/python3.12/site-packages/airflow/example_dags/example_subdag_operator.py took 0.076 seconds
[2024-04-28T15:57:03.771+0000] {processor.py:161} INFO - Started process (PID=473) to work on /home/airflow/.local/lib/python3.12/site-packages/airflow/example_dags/example_subdag_operator.py
[2024-04-28T15:57:03.772+0000] {processor.py:830} INFO - Processing file /home/airflow/.local/lib/python3.12/site-packages/airflow/example_dags/example_subdag_operator.py for tasks to queue
[2024-04-28T15:57:03.773+0000] {logging_mixin.py:188} INFO - [2024-04-28T15:57:03.773+0000] {dagbag.py:540} INFO - Filling up the DagBag from /home/airflow/.local/lib/python3.12/site-packages/airflow/example_dags/example_subdag_operator.py
[2024-04-28T15:57:03.792+0000] {processor.py:840} INFO - DAG(s) 'example_subdag_operator.section-1', 'example_subdag_operator.section-2', 'example_subdag_operator' retrieved from /home/airflow/.local/lib/python3.12/site-packages/airflow/example_dags/example_subdag_operator.py
[2024-04-28T15:57:03.805+0000] {logging_mixin.py:188} INFO - [2024-04-28T15:57:03.804+0000] {dag.py:3096} INFO - Sync 3 DAGs
[2024-04-28T15:57:03.823+0000] {logging_mixin.py:188} INFO - [2024-04-28T15:57:03.823+0000] {dag.py:3954} INFO - Setting next_dagrun for example_subdag_operator to 2022-01-01 00:00:00+00:00, run_after=2022-01-01 00:00:00+00:00
[2024-04-28T15:57:03.826+0000] {logging_mixin.py:188} INFO - [2024-04-28T15:57:03.826+0000] {dag.py:3954} INFO - Setting next_dagrun for example_subdag_operator.section-1 to None, run_after=None
[2024-04-28T15:57:03.827+0000] {logging_mixin.py:188} INFO - [2024-04-28T15:57:03.827+0000] {dag.py:3954} INFO - Setting next_dagrun for example_subdag_operator.section-2 to None, run_after=None
[2024-04-28T15:57:03.833+0000] {logging_mixin.py:188} INFO - [2024-04-28T15:57:03.833+0000] {dag.py:3096} INFO - Sync 2 DAGs
[2024-04-28T15:57:03.837+0000] {logging_mixin.py:188} INFO - [2024-04-28T15:57:03.837+0000] {dag.py:3954} INFO - Setting next_dagrun for example_subdag_operator.section-1 to None, run_after=None
[2024-04-28T15:57:03.838+0000] {logging_mixin.py:188} INFO - [2024-04-28T15:57:03.837+0000] {dag.py:3954} INFO - Setting next_dagrun for example_subdag_operator.section-2 to None, run_after=None
[2024-04-28T15:57:03.848+0000] {processor.py:183} INFO - Processing /home/airflow/.local/lib/python3.12/site-packages/airflow/example_dags/example_subdag_operator.py took 0.081 seconds
[2024-04-28T15:57:34.201+0000] {processor.py:161} INFO - Started process (PID=533) to work on /home/airflow/.local/lib/python3.12/site-packages/airflow/example_dags/example_subdag_operator.py
[2024-04-28T15:57:34.201+0000] {processor.py:830} INFO - Processing file /home/airflow/.local/lib/python3.12/site-packages/airflow/example_dags/example_subdag_operator.py for tasks to queue
[2024-04-28T15:57:34.203+0000] {logging_mixin.py:188} INFO - [2024-04-28T15:57:34.202+0000] {dagbag.py:540} INFO - Filling up the DagBag from /home/airflow/.local/lib/python3.12/site-packages/airflow/example_dags/example_subdag_operator.py
[2024-04-28T15:57:34.221+0000] {processor.py:840} INFO - DAG(s) 'example_subdag_operator.section-1', 'example_subdag_operator.section-2', 'example_subdag_operator' retrieved from /home/airflow/.local/lib/python3.12/site-packages/airflow/example_dags/example_subdag_operator.py
[2024-04-28T15:57:34.233+0000] {logging_mixin.py:188} INFO - [2024-04-28T15:57:34.233+0000] {dag.py:3096} INFO - Sync 3 DAGs
[2024-04-28T15:57:34.249+0000] {logging_mixin.py:188} INFO - [2024-04-28T15:57:34.249+0000] {dag.py:3954} INFO - Setting next_dagrun for example_subdag_operator to 2022-01-01 00:00:00+00:00, run_after=2022-01-01 00:00:00+00:00
[2024-04-28T15:57:34.252+0000] {logging_mixin.py:188} INFO - [2024-04-28T15:57:34.252+0000] {dag.py:3954} INFO - Setting next_dagrun for example_subdag_operator.section-1 to None, run_after=None
[2024-04-28T15:57:34.253+0000] {logging_mixin.py:188} INFO - [2024-04-28T15:57:34.253+0000] {dag.py:3954} INFO - Setting next_dagrun for example_subdag_operator.section-2 to None, run_after=None
[2024-04-28T15:57:34.258+0000] {logging_mixin.py:188} INFO - [2024-04-28T15:57:34.257+0000] {dag.py:3096} INFO - Sync 2 DAGs
[2024-04-28T15:57:34.261+0000] {logging_mixin.py:188} INFO - [2024-04-28T15:57:34.261+0000] {dag.py:3954} INFO - Setting next_dagrun for example_subdag_operator.section-1 to None, run_after=None
[2024-04-28T15:57:34.261+0000] {logging_mixin.py:188} INFO - [2024-04-28T15:57:34.261+0000] {dag.py:3954} INFO - Setting next_dagrun for example_subdag_operator.section-2 to None, run_after=None
[2024-04-28T15:57:34.271+0000] {processor.py:183} INFO - Processing /home/airflow/.local/lib/python3.12/site-packages/airflow/example_dags/example_subdag_operator.py took 0.074 seconds
[2024-04-28T15:58:04.582+0000] {processor.py:161} INFO - Started process (PID=593) to work on /home/airflow/.local/lib/python3.12/site-packages/airflow/example_dags/example_subdag_operator.py
[2024-04-28T15:58:04.583+0000] {processor.py:830} INFO - Processing file /home/airflow/.local/lib/python3.12/site-packages/airflow/example_dags/example_subdag_operator.py for tasks to queue
[2024-04-28T15:58:04.585+0000] {logging_mixin.py:188} INFO - [2024-04-28T15:58:04.585+0000] {dagbag.py:540} INFO - Filling up the DagBag from /home/airflow/.local/lib/python3.12/site-packages/airflow/example_dags/example_subdag_operator.py
[2024-04-28T15:58:04.605+0000] {processor.py:840} INFO - DAG(s) 'example_subdag_operator.section-1', 'example_subdag_operator.section-2', 'example_subdag_operator' retrieved from /home/airflow/.local/lib/python3.12/site-packages/airflow/example_dags/example_subdag_operator.py
[2024-04-28T15:58:04.617+0000] {logging_mixin.py:188} INFO - [2024-04-28T15:58:04.617+0000] {dag.py:3096} INFO - Sync 3 DAGs
[2024-04-28T15:58:04.635+0000] {logging_mixin.py:188} INFO - [2024-04-28T15:58:04.634+0000] {dag.py:3954} INFO - Setting next_dagrun for example_subdag_operator to 2022-01-01 00:00:00+00:00, run_after=2022-01-01 00:00:00+00:00
[2024-04-28T15:58:04.638+0000] {logging_mixin.py:188} INFO - [2024-04-28T15:58:04.637+0000] {dag.py:3954} INFO - Setting next_dagrun for example_subdag_operator.section-1 to None, run_after=None
[2024-04-28T15:58:04.639+0000] {logging_mixin.py:188} INFO - [2024-04-28T15:58:04.639+0000] {dag.py:3954} INFO - Setting next_dagrun for example_subdag_operator.section-2 to None, run_after=None
[2024-04-28T15:58:04.645+0000] {logging_mixin.py:188} INFO - [2024-04-28T15:58:04.644+0000] {dag.py:3096} INFO - Sync 2 DAGs
[2024-04-28T15:58:04.649+0000] {logging_mixin.py:188} INFO - [2024-04-28T15:58:04.649+0000] {dag.py:3954} INFO - Setting next_dagrun for example_subdag_operator.section-1 to None, run_after=None
[2024-04-28T15:58:04.649+0000] {logging_mixin.py:188} INFO - [2024-04-28T15:58:04.649+0000] {dag.py:3954} INFO - Setting next_dagrun for example_subdag_operator.section-2 to None, run_after=None
[2024-04-28T15:58:04.658+0000] {processor.py:183} INFO - Processing /home/airflow/.local/lib/python3.12/site-packages/airflow/example_dags/example_subdag_operator.py took 0.081 seconds
[2024-04-28T15:58:35.068+0000] {processor.py:161} INFO - Started process (PID=653) to work on /home/airflow/.local/lib/python3.12/site-packages/airflow/example_dags/example_subdag_operator.py
[2024-04-28T15:58:35.069+0000] {processor.py:830} INFO - Processing file /home/airflow/.local/lib/python3.12/site-packages/airflow/example_dags/example_subdag_operator.py for tasks to queue
[2024-04-28T15:58:35.070+0000] {logging_mixin.py:188} INFO - [2024-04-28T15:58:35.070+0000] {dagbag.py:540} INFO - Filling up the DagBag from /home/airflow/.local/lib/python3.12/site-packages/airflow/example_dags/example_subdag_operator.py
[2024-04-28T15:58:35.089+0000] {processor.py:840} INFO - DAG(s) 'example_subdag_operator.section-1', 'example_subdag_operator.section-2', 'example_subdag_operator' retrieved from /home/airflow/.local/lib/python3.12/site-packages/airflow/example_dags/example_subdag_operator.py
[2024-04-28T15:58:35.101+0000] {logging_mixin.py:188} INFO - [2024-04-28T15:58:35.101+0000] {dag.py:3096} INFO - Sync 3 DAGs
[2024-04-28T15:58:35.116+0000] {logging_mixin.py:188} INFO - [2024-04-28T15:58:35.116+0000] {dag.py:3954} INFO - Setting next_dagrun for example_subdag_operator to 2022-01-01 00:00:00+00:00, run_after=2022-01-01 00:00:00+00:00
[2024-04-28T15:58:35.119+0000] {logging_mixin.py:188} INFO - [2024-04-28T15:58:35.118+0000] {dag.py:3954} INFO - Setting next_dagrun for example_subdag_operator.section-1 to None, run_after=None
[2024-04-28T15:58:35.119+0000] {logging_mixin.py:188} INFO - [2024-04-28T15:58:35.119+0000] {dag.py:3954} INFO - Setting next_dagrun for example_subdag_operator.section-2 to None, run_after=None
[2024-04-28T15:58:35.125+0000] {logging_mixin.py:188} INFO - [2024-04-28T15:58:35.124+0000] {dag.py:3096} INFO - Sync 2 DAGs
[2024-04-28T15:58:35.128+0000] {logging_mixin.py:188} INFO - [2024-04-28T15:58:35.128+0000] {dag.py:3954} INFO - Setting next_dagrun for example_subdag_operator.section-1 to None, run_after=None
[2024-04-28T15:58:35.128+0000] {logging_mixin.py:188} INFO - [2024-04-28T15:58:35.128+0000] {dag.py:3954} INFO - Setting next_dagrun for example_subdag_operator.section-2 to None, run_after=None
[2024-04-28T15:58:35.137+0000] {processor.py:183} INFO - Processing /home/airflow/.local/lib/python3.12/site-packages/airflow/example_dags/example_subdag_operator.py took 0.073 seconds
[2024-04-28T15:59:05.663+0000] {processor.py:161} INFO - Started process (PID=713) to work on /home/airflow/.local/lib/python3.12/site-packages/airflow/example_dags/example_subdag_operator.py
[2024-04-28T15:59:05.664+0000] {processor.py:830} INFO - Processing file /home/airflow/.local/lib/python3.12/site-packages/airflow/example_dags/example_subdag_operator.py for tasks to queue
[2024-04-28T15:59:05.665+0000] {logging_mixin.py:188} INFO - [2024-04-28T15:59:05.665+0000] {dagbag.py:540} INFO - Filling up the DagBag from /home/airflow/.local/lib/python3.12/site-packages/airflow/example_dags/example_subdag_operator.py
[2024-04-28T15:59:05.684+0000] {processor.py:840} INFO - DAG(s) 'example_subdag_operator.section-1', 'example_subdag_operator.section-2', 'example_subdag_operator' retrieved from /home/airflow/.local/lib/python3.12/site-packages/airflow/example_dags/example_subdag_operator.py
[2024-04-28T15:59:05.695+0000] {logging_mixin.py:188} INFO - [2024-04-28T15:59:05.695+0000] {dag.py:3096} INFO - Sync 3 DAGs
[2024-04-28T15:59:05.712+0000] {logging_mixin.py:188} INFO - [2024-04-28T15:59:05.712+0000] {dag.py:3954} INFO - Setting next_dagrun for example_subdag_operator to 2022-01-01 00:00:00+00:00, run_after=2022-01-01 00:00:00+00:00
[2024-04-28T15:59:05.715+0000] {logging_mixin.py:188} INFO - [2024-04-28T15:59:05.715+0000] {dag.py:3954} INFO - Setting next_dagrun for example_subdag_operator.section-1 to None, run_after=None
[2024-04-28T15:59:05.716+0000] {logging_mixin.py:188} INFO - [2024-04-28T15:59:05.716+0000] {dag.py:3954} INFO - Setting next_dagrun for example_subdag_operator.section-2 to None, run_after=None
[2024-04-28T15:59:05.721+0000] {logging_mixin.py:188} INFO - [2024-04-28T15:59:05.721+0000] {dag.py:3096} INFO - Sync 2 DAGs
[2024-04-28T15:59:05.726+0000] {logging_mixin.py:188} INFO - [2024-04-28T15:59:05.726+0000] {dag.py:3954} INFO - Setting next_dagrun for example_subdag_operator.section-1 to None, run_after=None
[2024-04-28T15:59:05.726+0000] {logging_mixin.py:188} INFO - [2024-04-28T15:59:05.726+0000] {dag.py:3954} INFO - Setting next_dagrun for example_subdag_operator.section-2 to None, run_after=None
[2024-04-28T15:59:05.735+0000] {processor.py:183} INFO - Processing /home/airflow/.local/lib/python3.12/site-packages/airflow/example_dags/example_subdag_operator.py took 0.077 seconds
[2024-04-28T15:59:36.274+0000] {processor.py:161} INFO - Started process (PID=773) to work on /home/airflow/.local/lib/python3.12/site-packages/airflow/example_dags/example_subdag_operator.py
[2024-04-28T15:59:36.275+0000] {processor.py:830} INFO - Processing file /home/airflow/.local/lib/python3.12/site-packages/airflow/example_dags/example_subdag_operator.py for tasks to queue
[2024-04-28T15:59:36.276+0000] {logging_mixin.py:188} INFO - [2024-04-28T15:59:36.276+0000] {dagbag.py:540} INFO - Filling up the DagBag from /home/airflow/.local/lib/python3.12/site-packages/airflow/example_dags/example_subdag_operator.py
[2024-04-28T15:59:36.294+0000] {processor.py:840} INFO - DAG(s) 'example_subdag_operator.section-1', 'example_subdag_operator.section-2', 'example_subdag_operator' retrieved from /home/airflow/.local/lib/python3.12/site-packages/airflow/example_dags/example_subdag_operator.py
[2024-04-28T15:59:36.306+0000] {logging_mixin.py:188} INFO - [2024-04-28T15:59:36.305+0000] {dag.py:3096} INFO - Sync 3 DAGs
[2024-04-28T15:59:36.321+0000] {logging_mixin.py:188} INFO - [2024-04-28T15:59:36.321+0000] {dag.py:3954} INFO - Setting next_dagrun for example_subdag_operator to 2022-01-01 00:00:00+00:00, run_after=2022-01-01 00:00:00+00:00
[2024-04-28T15:59:36.325+0000] {logging_mixin.py:188} INFO - [2024-04-28T15:59:36.324+0000] {dag.py:3954} INFO - Setting next_dagrun for example_subdag_operator.section-1 to None, run_after=None
[2024-04-28T15:59:36.326+0000] {logging_mixin.py:188} INFO - [2024-04-28T15:59:36.325+0000] {dag.py:3954} INFO - Setting next_dagrun for example_subdag_operator.section-2 to None, run_after=None
[2024-04-28T15:59:36.332+0000] {logging_mixin.py:188} INFO - [2024-04-28T15:59:36.331+0000] {dag.py:3096} INFO - Sync 2 DAGs
[2024-04-28T15:59:36.336+0000] {logging_mixin.py:188} INFO - [2024-04-28T15:59:36.335+0000] {dag.py:3954} INFO - Setting next_dagrun for example_subdag_operator.section-1 to None, run_after=None
[2024-04-28T15:59:36.336+0000] {logging_mixin.py:188} INFO - [2024-04-28T15:59:36.336+0000] {dag.py:3954} INFO - Setting next_dagrun for example_subdag_operator.section-2 to None, run_after=None
[2024-04-28T15:59:36.344+0000] {processor.py:183} INFO - Processing /home/airflow/.local/lib/python3.12/site-packages/airflow/example_dags/example_subdag_operator.py took 0.075 seconds
[2024-04-28T16:00:06.887+0000] {processor.py:161} INFO - Started process (PID=833) to work on /home/airflow/.local/lib/python3.12/site-packages/airflow/example_dags/example_subdag_operator.py
[2024-04-28T16:00:06.888+0000] {processor.py:830} INFO - Processing file /home/airflow/.local/lib/python3.12/site-packages/airflow/example_dags/example_subdag_operator.py for tasks to queue
[2024-04-28T16:00:06.890+0000] {logging_mixin.py:188} INFO - [2024-04-28T16:00:06.889+0000] {dagbag.py:540} INFO - Filling up the DagBag from /home/airflow/.local/lib/python3.12/site-packages/airflow/example_dags/example_subdag_operator.py
[2024-04-28T16:00:06.906+0000] {processor.py:840} INFO - DAG(s) 'example_subdag_operator.section-1', 'example_subdag_operator.section-2', 'example_subdag_operator' retrieved from /home/airflow/.local/lib/python3.12/site-packages/airflow/example_dags/example_subdag_operator.py
[2024-04-28T16:00:06.918+0000] {logging_mixin.py:188} INFO - [2024-04-28T16:00:06.918+0000] {dag.py:3096} INFO - Sync 3 DAGs
[2024-04-28T16:00:06.934+0000] {logging_mixin.py:188} INFO - [2024-04-28T16:00:06.933+0000] {dag.py:3954} INFO - Setting next_dagrun for example_subdag_operator to 2022-01-01 00:00:00+00:00, run_after=2022-01-01 00:00:00+00:00
[2024-04-28T16:00:06.937+0000] {logging_mixin.py:188} INFO - [2024-04-28T16:00:06.936+0000] {dag.py:3954} INFO - Setting next_dagrun for example_subdag_operator.section-1 to None, run_after=None
[2024-04-28T16:00:06.938+0000] {logging_mixin.py:188} INFO - [2024-04-28T16:00:06.937+0000] {dag.py:3954} INFO - Setting next_dagrun for example_subdag_operator.section-2 to None, run_after=None
[2024-04-28T16:00:06.943+0000] {logging_mixin.py:188} INFO - [2024-04-28T16:00:06.943+0000] {dag.py:3096} INFO - Sync 2 DAGs
[2024-04-28T16:00:06.947+0000] {logging_mixin.py:188} INFO - [2024-04-28T16:00:06.946+0000] {dag.py:3954} INFO - Setting next_dagrun for example_subdag_operator.section-1 to None, run_after=None
[2024-04-28T16:00:06.947+0000] {logging_mixin.py:188} INFO - [2024-04-28T16:00:06.947+0000] {dag.py:3954} INFO - Setting next_dagrun for example_subdag_operator.section-2 to None, run_after=None
[2024-04-28T16:00:06.956+0000] {processor.py:183} INFO - Processing /home/airflow/.local/lib/python3.12/site-packages/airflow/example_dags/example_subdag_operator.py took 0.073 seconds
[2024-04-28T16:00:37.372+0000] {processor.py:161} INFO - Started process (PID=893) to work on /home/airflow/.local/lib/python3.12/site-packages/airflow/example_dags/example_subdag_operator.py
[2024-04-28T16:00:37.373+0000] {processor.py:830} INFO - Processing file /home/airflow/.local/lib/python3.12/site-packages/airflow/example_dags/example_subdag_operator.py for tasks to queue
[2024-04-28T16:00:37.374+0000] {logging_mixin.py:188} INFO - [2024-04-28T16:00:37.374+0000] {dagbag.py:540} INFO - Filling up the DagBag from /home/airflow/.local/lib/python3.12/site-packages/airflow/example_dags/example_subdag_operator.py
[2024-04-28T16:00:37.392+0000] {processor.py:840} INFO - DAG(s) 'example_subdag_operator.section-1', 'example_subdag_operator.section-2', 'example_subdag_operator' retrieved from /home/airflow/.local/lib/python3.12/site-packages/airflow/example_dags/example_subdag_operator.py
[2024-04-28T16:00:37.404+0000] {logging_mixin.py:188} INFO - [2024-04-28T16:00:37.404+0000] {dag.py:3096} INFO - Sync 3 DAGs
[2024-04-28T16:00:37.426+0000] {logging_mixin.py:188} INFO - [2024-04-28T16:00:37.425+0000] {dag.py:3954} INFO - Setting next_dagrun for example_subdag_operator to 2022-01-01 00:00:00+00:00, run_after=2022-01-01 00:00:00+00:00
[2024-04-28T16:00:37.430+0000] {logging_mixin.py:188} INFO - [2024-04-28T16:00:37.430+0000] {dag.py:3954} INFO - Setting next_dagrun for example_subdag_operator.section-1 to None, run_after=None
[2024-04-28T16:00:37.431+0000] {logging_mixin.py:188} INFO - [2024-04-28T16:00:37.431+0000] {dag.py:3954} INFO - Setting next_dagrun for example_subdag_operator.section-2 to None, run_after=None
[2024-04-28T16:00:37.438+0000] {logging_mixin.py:188} INFO - [2024-04-28T16:00:37.437+0000] {dag.py:3096} INFO - Sync 2 DAGs
[2024-04-28T16:00:37.442+0000] {logging_mixin.py:188} INFO - [2024-04-28T16:00:37.442+0000] {dag.py:3954} INFO - Setting next_dagrun for example_subdag_operator.section-1 to None, run_after=None
[2024-04-28T16:00:37.442+0000] {logging_mixin.py:188} INFO - [2024-04-28T16:00:37.442+0000] {dag.py:3954} INFO - Setting next_dagrun for example_subdag_operator.section-2 to None, run_after=None
[2024-04-28T16:00:37.451+0000] {processor.py:183} INFO - Processing /home/airflow/.local/lib/python3.12/site-packages/airflow/example_dags/example_subdag_operator.py took 0.083 seconds
[2024-04-28T16:05:53.294+0000] {processor.py:161} INFO - Started process (PID=47) to work on /home/airflow/.local/lib/python3.12/site-packages/airflow/example_dags/example_subdag_operator.py
[2024-04-28T16:05:53.295+0000] {processor.py:830} INFO - Processing file /home/airflow/.local/lib/python3.12/site-packages/airflow/example_dags/example_subdag_operator.py for tasks to queue
[2024-04-28T16:05:53.296+0000] {logging_mixin.py:188} INFO - [2024-04-28T16:05:53.296+0000] {dagbag.py:540} INFO - Filling up the DagBag from /home/airflow/.local/lib/python3.12/site-packages/airflow/example_dags/example_subdag_operator.py
[2024-04-28T16:05:53.316+0000] {processor.py:840} INFO - DAG(s) 'example_subdag_operator.section-1', 'example_subdag_operator.section-2', 'example_subdag_operator' retrieved from /home/airflow/.local/lib/python3.12/site-packages/airflow/example_dags/example_subdag_operator.py
[2024-04-28T16:05:53.319+0000] {logging_mixin.py:188} INFO - [2024-04-28T16:05:53.319+0000] {dag.py:3096} INFO - Sync 3 DAGs
[2024-04-28T16:05:53.338+0000] {logging_mixin.py:188} INFO - [2024-04-28T16:05:53.337+0000] {dag.py:3954} INFO - Setting next_dagrun for example_subdag_operator to 2022-01-01 00:00:00+00:00, run_after=2022-01-01 00:00:00+00:00
[2024-04-28T16:05:53.340+0000] {logging_mixin.py:188} INFO - [2024-04-28T16:05:53.340+0000] {dag.py:3954} INFO - Setting next_dagrun for example_subdag_operator.section-1 to None, run_after=None
[2024-04-28T16:05:53.342+0000] {logging_mixin.py:188} INFO - [2024-04-28T16:05:53.341+0000] {dag.py:3954} INFO - Setting next_dagrun for example_subdag_operator.section-2 to None, run_after=None
[2024-04-28T16:05:53.349+0000] {logging_mixin.py:188} INFO - [2024-04-28T16:05:53.349+0000] {dag.py:3096} INFO - Sync 2 DAGs
[2024-04-28T16:05:53.355+0000] {logging_mixin.py:188} INFO - [2024-04-28T16:05:53.355+0000] {dag.py:3954} INFO - Setting next_dagrun for example_subdag_operator.section-1 to None, run_after=None
[2024-04-28T16:05:53.355+0000] {logging_mixin.py:188} INFO - [2024-04-28T16:05:53.355+0000] {dag.py:3954} INFO - Setting next_dagrun for example_subdag_operator.section-2 to None, run_after=None
[2024-04-28T16:05:53.366+0000] {processor.py:183} INFO - Processing /home/airflow/.local/lib/python3.12/site-packages/airflow/example_dags/example_subdag_operator.py took 0.077 seconds
[2024-04-28T16:06:23.612+0000] {processor.py:161} INFO - Started process (PID=105) to work on /home/airflow/.local/lib/python3.12/site-packages/airflow/example_dags/example_subdag_operator.py
[2024-04-28T16:06:23.613+0000] {processor.py:830} INFO - Processing file /home/airflow/.local/lib/python3.12/site-packages/airflow/example_dags/example_subdag_operator.py for tasks to queue
[2024-04-28T16:06:23.615+0000] {logging_mixin.py:188} INFO - [2024-04-28T16:06:23.614+0000] {dagbag.py:540} INFO - Filling up the DagBag from /home/airflow/.local/lib/python3.12/site-packages/airflow/example_dags/example_subdag_operator.py
[2024-04-28T16:06:23.633+0000] {processor.py:840} INFO - DAG(s) 'example_subdag_operator.section-1', 'example_subdag_operator.section-2', 'example_subdag_operator' retrieved from /home/airflow/.local/lib/python3.12/site-packages/airflow/example_dags/example_subdag_operator.py
[2024-04-28T16:06:23.712+0000] {logging_mixin.py:188} INFO - [2024-04-28T16:06:23.712+0000] {dag.py:3096} INFO - Sync 3 DAGs
[2024-04-28T16:06:23.726+0000] {logging_mixin.py:188} INFO - [2024-04-28T16:06:23.726+0000] {dag.py:3954} INFO - Setting next_dagrun for example_subdag_operator to 2022-01-01 00:00:00+00:00, run_after=2022-01-01 00:00:00+00:00
[2024-04-28T16:06:23.729+0000] {logging_mixin.py:188} INFO - [2024-04-28T16:06:23.729+0000] {dag.py:3954} INFO - Setting next_dagrun for example_subdag_operator.section-1 to None, run_after=None
[2024-04-28T16:06:23.730+0000] {logging_mixin.py:188} INFO - [2024-04-28T16:06:23.730+0000] {dag.py:3954} INFO - Setting next_dagrun for example_subdag_operator.section-2 to None, run_after=None
[2024-04-28T16:06:23.737+0000] {logging_mixin.py:188} INFO - [2024-04-28T16:06:23.737+0000] {dag.py:3096} INFO - Sync 2 DAGs
[2024-04-28T16:06:23.742+0000] {logging_mixin.py:188} INFO - [2024-04-28T16:06:23.742+0000] {dag.py:3954} INFO - Setting next_dagrun for example_subdag_operator.section-1 to None, run_after=None
[2024-04-28T16:06:23.742+0000] {logging_mixin.py:188} INFO - [2024-04-28T16:06:23.742+0000] {dag.py:3954} INFO - Setting next_dagrun for example_subdag_operator.section-2 to None, run_after=None
[2024-04-28T16:06:23.753+0000] {processor.py:183} INFO - Processing /home/airflow/.local/lib/python3.12/site-packages/airflow/example_dags/example_subdag_operator.py took 0.145 seconds
[2024-04-28T16:06:53.811+0000] {processor.py:161} INFO - Started process (PID=169) to work on /home/airflow/.local/lib/python3.12/site-packages/airflow/example_dags/example_subdag_operator.py
[2024-04-28T16:06:53.821+0000] {processor.py:830} INFO - Processing file /home/airflow/.local/lib/python3.12/site-packages/airflow/example_dags/example_subdag_operator.py for tasks to queue
[2024-04-28T16:06:53.822+0000] {logging_mixin.py:188} INFO - [2024-04-28T16:06:53.822+0000] {dagbag.py:540} INFO - Filling up the DagBag from /home/airflow/.local/lib/python3.12/site-packages/airflow/example_dags/example_subdag_operator.py
[2024-04-28T16:06:53.840+0000] {processor.py:840} INFO - DAG(s) 'example_subdag_operator.section-1', 'example_subdag_operator.section-2', 'example_subdag_operator' retrieved from /home/airflow/.local/lib/python3.12/site-packages/airflow/example_dags/example_subdag_operator.py
[2024-04-28T16:06:53.852+0000] {logging_mixin.py:188} INFO - [2024-04-28T16:06:53.851+0000] {dag.py:3096} INFO - Sync 3 DAGs
[2024-04-28T16:06:53.869+0000] {logging_mixin.py:188} INFO - [2024-04-28T16:06:53.868+0000] {dag.py:3954} INFO - Setting next_dagrun for example_subdag_operator to 2022-01-01 00:00:00+00:00, run_after=2022-01-01 00:00:00+00:00
[2024-04-28T16:06:53.873+0000] {logging_mixin.py:188} INFO - [2024-04-28T16:06:53.873+0000] {dag.py:3954} INFO - Setting next_dagrun for example_subdag_operator.section-1 to None, run_after=None
[2024-04-28T16:06:53.874+0000] {logging_mixin.py:188} INFO - [2024-04-28T16:06:53.874+0000] {dag.py:3954} INFO - Setting next_dagrun for example_subdag_operator.section-2 to None, run_after=None
[2024-04-28T16:06:53.880+0000] {logging_mixin.py:188} INFO - [2024-04-28T16:06:53.880+0000] {dag.py:3096} INFO - Sync 2 DAGs
[2024-04-28T16:06:53.884+0000] {logging_mixin.py:188} INFO - [2024-04-28T16:06:53.884+0000] {dag.py:3954} INFO - Setting next_dagrun for example_subdag_operator.section-1 to None, run_after=None
[2024-04-28T16:06:53.884+0000] {logging_mixin.py:188} INFO - [2024-04-28T16:06:53.884+0000] {dag.py:3954} INFO - Setting next_dagrun for example_subdag_operator.section-2 to None, run_after=None
[2024-04-28T16:06:53.899+0000] {processor.py:183} INFO - Processing /home/airflow/.local/lib/python3.12/site-packages/airflow/example_dags/example_subdag_operator.py took 0.092 seconds
[2024-04-28T16:07:24.245+0000] {processor.py:161} INFO - Started process (PID=229) to work on /home/airflow/.local/lib/python3.12/site-packages/airflow/example_dags/example_subdag_operator.py
[2024-04-28T16:07:24.246+0000] {processor.py:830} INFO - Processing file /home/airflow/.local/lib/python3.12/site-packages/airflow/example_dags/example_subdag_operator.py for tasks to queue
[2024-04-28T16:07:24.248+0000] {logging_mixin.py:188} INFO - [2024-04-28T16:07:24.247+0000] {dagbag.py:540} INFO - Filling up the DagBag from /home/airflow/.local/lib/python3.12/site-packages/airflow/example_dags/example_subdag_operator.py
[2024-04-28T16:07:24.267+0000] {processor.py:840} INFO - DAG(s) 'example_subdag_operator.section-1', 'example_subdag_operator.section-2', 'example_subdag_operator' retrieved from /home/airflow/.local/lib/python3.12/site-packages/airflow/example_dags/example_subdag_operator.py
[2024-04-28T16:07:24.279+0000] {logging_mixin.py:188} INFO - [2024-04-28T16:07:24.278+0000] {dag.py:3096} INFO - Sync 3 DAGs
[2024-04-28T16:07:24.295+0000] {logging_mixin.py:188} INFO - [2024-04-28T16:07:24.295+0000] {dag.py:3954} INFO - Setting next_dagrun for example_subdag_operator to 2022-01-01 00:00:00+00:00, run_after=2022-01-01 00:00:00+00:00
[2024-04-28T16:07:24.298+0000] {logging_mixin.py:188} INFO - [2024-04-28T16:07:24.298+0000] {dag.py:3954} INFO - Setting next_dagrun for example_subdag_operator.section-1 to None, run_after=None
[2024-04-28T16:07:24.299+0000] {logging_mixin.py:188} INFO - [2024-04-28T16:07:24.299+0000] {dag.py:3954} INFO - Setting next_dagrun for example_subdag_operator.section-2 to None, run_after=None
[2024-04-28T16:07:24.305+0000] {logging_mixin.py:188} INFO - [2024-04-28T16:07:24.305+0000] {dag.py:3096} INFO - Sync 2 DAGs
[2024-04-28T16:07:24.309+0000] {logging_mixin.py:188} INFO - [2024-04-28T16:07:24.309+0000] {dag.py:3954} INFO - Setting next_dagrun for example_subdag_operator.section-1 to None, run_after=None
[2024-04-28T16:07:24.310+0000] {logging_mixin.py:188} INFO - [2024-04-28T16:07:24.310+0000] {dag.py:3954} INFO - Setting next_dagrun for example_subdag_operator.section-2 to None, run_after=None
[2024-04-28T16:07:24.319+0000] {processor.py:183} INFO - Processing /home/airflow/.local/lib/python3.12/site-packages/airflow/example_dags/example_subdag_operator.py took 0.078 seconds
[2024-04-28T16:07:54.852+0000] {processor.py:161} INFO - Started process (PID=289) to work on /home/airflow/.local/lib/python3.12/site-packages/airflow/example_dags/example_subdag_operator.py
[2024-04-28T16:07:54.853+0000] {processor.py:830} INFO - Processing file /home/airflow/.local/lib/python3.12/site-packages/airflow/example_dags/example_subdag_operator.py for tasks to queue
[2024-04-28T16:07:54.854+0000] {logging_mixin.py:188} INFO - [2024-04-28T16:07:54.854+0000] {dagbag.py:540} INFO - Filling up the DagBag from /home/airflow/.local/lib/python3.12/site-packages/airflow/example_dags/example_subdag_operator.py
[2024-04-28T16:07:54.875+0000] {processor.py:840} INFO - DAG(s) 'example_subdag_operator.section-1', 'example_subdag_operator.section-2', 'example_subdag_operator' retrieved from /home/airflow/.local/lib/python3.12/site-packages/airflow/example_dags/example_subdag_operator.py
[2024-04-28T16:07:54.888+0000] {logging_mixin.py:188} INFO - [2024-04-28T16:07:54.888+0000] {dag.py:3096} INFO - Sync 3 DAGs
[2024-04-28T16:07:54.906+0000] {logging_mixin.py:188} INFO - [2024-04-28T16:07:54.906+0000] {dag.py:3954} INFO - Setting next_dagrun for example_subdag_operator to 2022-01-01 00:00:00+00:00, run_after=2022-01-01 00:00:00+00:00
[2024-04-28T16:07:54.910+0000] {logging_mixin.py:188} INFO - [2024-04-28T16:07:54.910+0000] {dag.py:3954} INFO - Setting next_dagrun for example_subdag_operator.section-1 to None, run_after=None
[2024-04-28T16:07:54.911+0000] {logging_mixin.py:188} INFO - [2024-04-28T16:07:54.911+0000] {dag.py:3954} INFO - Setting next_dagrun for example_subdag_operator.section-2 to None, run_after=None
[2024-04-28T16:07:54.917+0000] {logging_mixin.py:188} INFO - [2024-04-28T16:07:54.917+0000] {dag.py:3096} INFO - Sync 2 DAGs
[2024-04-28T16:07:54.922+0000] {logging_mixin.py:188} INFO - [2024-04-28T16:07:54.922+0000] {dag.py:3954} INFO - Setting next_dagrun for example_subdag_operator.section-1 to None, run_after=None
[2024-04-28T16:07:54.922+0000] {logging_mixin.py:188} INFO - [2024-04-28T16:07:54.922+0000] {dag.py:3954} INFO - Setting next_dagrun for example_subdag_operator.section-2 to None, run_after=None
[2024-04-28T16:07:54.933+0000] {processor.py:183} INFO - Processing /home/airflow/.local/lib/python3.12/site-packages/airflow/example_dags/example_subdag_operator.py took 0.086 seconds
[2024-04-28T16:08:25.507+0000] {processor.py:161} INFO - Started process (PID=349) to work on /home/airflow/.local/lib/python3.12/site-packages/airflow/example_dags/example_subdag_operator.py
[2024-04-28T16:08:25.508+0000] {processor.py:830} INFO - Processing file /home/airflow/.local/lib/python3.12/site-packages/airflow/example_dags/example_subdag_operator.py for tasks to queue
[2024-04-28T16:08:25.509+0000] {logging_mixin.py:188} INFO - [2024-04-28T16:08:25.509+0000] {dagbag.py:540} INFO - Filling up the DagBag from /home/airflow/.local/lib/python3.12/site-packages/airflow/example_dags/example_subdag_operator.py
[2024-04-28T16:08:25.528+0000] {processor.py:840} INFO - DAG(s) 'example_subdag_operator.section-1', 'example_subdag_operator.section-2', 'example_subdag_operator' retrieved from /home/airflow/.local/lib/python3.12/site-packages/airflow/example_dags/example_subdag_operator.py
[2024-04-28T16:08:25.541+0000] {logging_mixin.py:188} INFO - [2024-04-28T16:08:25.540+0000] {dag.py:3096} INFO - Sync 3 DAGs
[2024-04-28T16:08:25.558+0000] {logging_mixin.py:188} INFO - [2024-04-28T16:08:25.558+0000] {dag.py:3954} INFO - Setting next_dagrun for example_subdag_operator to 2022-01-01 00:00:00+00:00, run_after=2022-01-01 00:00:00+00:00
[2024-04-28T16:08:25.561+0000] {logging_mixin.py:188} INFO - [2024-04-28T16:08:25.561+0000] {dag.py:3954} INFO - Setting next_dagrun for example_subdag_operator.section-1 to None, run_after=None
[2024-04-28T16:08:25.562+0000] {logging_mixin.py:188} INFO - [2024-04-28T16:08:25.562+0000] {dag.py:3954} INFO - Setting next_dagrun for example_subdag_operator.section-2 to None, run_after=None
[2024-04-28T16:08:25.567+0000] {logging_mixin.py:188} INFO - [2024-04-28T16:08:25.567+0000] {dag.py:3096} INFO - Sync 2 DAGs
[2024-04-28T16:08:25.571+0000] {logging_mixin.py:188} INFO - [2024-04-28T16:08:25.571+0000] {dag.py:3954} INFO - Setting next_dagrun for example_subdag_operator.section-1 to None, run_after=None
[2024-04-28T16:08:25.571+0000] {logging_mixin.py:188} INFO - [2024-04-28T16:08:25.571+0000] {dag.py:3954} INFO - Setting next_dagrun for example_subdag_operator.section-2 to None, run_after=None
[2024-04-28T16:08:25.580+0000] {processor.py:183} INFO - Processing /home/airflow/.local/lib/python3.12/site-packages/airflow/example_dags/example_subdag_operator.py took 0.077 seconds
[2024-04-28T16:08:56.050+0000] {processor.py:161} INFO - Started process (PID=409) to work on /home/airflow/.local/lib/python3.12/site-packages/airflow/example_dags/example_subdag_operator.py
[2024-04-28T16:08:56.051+0000] {processor.py:830} INFO - Processing file /home/airflow/.local/lib/python3.12/site-packages/airflow/example_dags/example_subdag_operator.py for tasks to queue
[2024-04-28T16:08:56.052+0000] {logging_mixin.py:188} INFO - [2024-04-28T16:08:56.052+0000] {dagbag.py:540} INFO - Filling up the DagBag from /home/airflow/.local/lib/python3.12/site-packages/airflow/example_dags/example_subdag_operator.py
[2024-04-28T16:08:56.072+0000] {processor.py:840} INFO - DAG(s) 'example_subdag_operator.section-1', 'example_subdag_operator.section-2', 'example_subdag_operator' retrieved from /home/airflow/.local/lib/python3.12/site-packages/airflow/example_dags/example_subdag_operator.py
[2024-04-28T16:08:56.086+0000] {logging_mixin.py:188} INFO - [2024-04-28T16:08:56.086+0000] {dag.py:3096} INFO - Sync 3 DAGs
[2024-04-28T16:08:56.105+0000] {logging_mixin.py:188} INFO - [2024-04-28T16:08:56.105+0000] {dag.py:3954} INFO - Setting next_dagrun for example_subdag_operator to 2022-01-01 00:00:00+00:00, run_after=2022-01-01 00:00:00+00:00
[2024-04-28T16:08:56.108+0000] {logging_mixin.py:188} INFO - [2024-04-28T16:08:56.108+0000] {dag.py:3954} INFO - Setting next_dagrun for example_subdag_operator.section-1 to None, run_after=None
[2024-04-28T16:08:56.109+0000] {logging_mixin.py:188} INFO - [2024-04-28T16:08:56.109+0000] {dag.py:3954} INFO - Setting next_dagrun for example_subdag_operator.section-2 to None, run_after=None
[2024-04-28T16:08:56.115+0000] {logging_mixin.py:188} INFO - [2024-04-28T16:08:56.115+0000] {dag.py:3096} INFO - Sync 2 DAGs
[2024-04-28T16:08:56.119+0000] {logging_mixin.py:188} INFO - [2024-04-28T16:08:56.119+0000] {dag.py:3954} INFO - Setting next_dagrun for example_subdag_operator.section-1 to None, run_after=None
[2024-04-28T16:08:56.120+0000] {logging_mixin.py:188} INFO - [2024-04-28T16:08:56.119+0000] {dag.py:3954} INFO - Setting next_dagrun for example_subdag_operator.section-2 to None, run_after=None
[2024-04-28T16:08:56.130+0000] {processor.py:183} INFO - Processing /home/airflow/.local/lib/python3.12/site-packages/airflow/example_dags/example_subdag_operator.py took 0.086 seconds
[2024-04-28T16:09:26.373+0000] {processor.py:161} INFO - Started process (PID=469) to work on /home/airflow/.local/lib/python3.12/site-packages/airflow/example_dags/example_subdag_operator.py
[2024-04-28T16:09:26.374+0000] {processor.py:830} INFO - Processing file /home/airflow/.local/lib/python3.12/site-packages/airflow/example_dags/example_subdag_operator.py for tasks to queue
[2024-04-28T16:09:26.375+0000] {logging_mixin.py:188} INFO - [2024-04-28T16:09:26.375+0000] {dagbag.py:540} INFO - Filling up the DagBag from /home/airflow/.local/lib/python3.12/site-packages/airflow/example_dags/example_subdag_operator.py
[2024-04-28T16:09:26.394+0000] {processor.py:840} INFO - DAG(s) 'example_subdag_operator.section-1', 'example_subdag_operator.section-2', 'example_subdag_operator' retrieved from /home/airflow/.local/lib/python3.12/site-packages/airflow/example_dags/example_subdag_operator.py
[2024-04-28T16:09:26.406+0000] {logging_mixin.py:188} INFO - [2024-04-28T16:09:26.406+0000] {dag.py:3096} INFO - Sync 3 DAGs
[2024-04-28T16:09:26.422+0000] {logging_mixin.py:188} INFO - [2024-04-28T16:09:26.422+0000] {dag.py:3954} INFO - Setting next_dagrun for example_subdag_operator to 2022-01-01 00:00:00+00:00, run_after=2022-01-01 00:00:00+00:00
[2024-04-28T16:09:26.425+0000] {logging_mixin.py:188} INFO - [2024-04-28T16:09:26.425+0000] {dag.py:3954} INFO - Setting next_dagrun for example_subdag_operator.section-1 to None, run_after=None
[2024-04-28T16:09:26.426+0000] {logging_mixin.py:188} INFO - [2024-04-28T16:09:26.426+0000] {dag.py:3954} INFO - Setting next_dagrun for example_subdag_operator.section-2 to None, run_after=None
[2024-04-28T16:09:26.431+0000] {logging_mixin.py:188} INFO - [2024-04-28T16:09:26.430+0000] {dag.py:3096} INFO - Sync 2 DAGs
[2024-04-28T16:09:26.435+0000] {logging_mixin.py:188} INFO - [2024-04-28T16:09:26.435+0000] {dag.py:3954} INFO - Setting next_dagrun for example_subdag_operator.section-1 to None, run_after=None
[2024-04-28T16:09:26.435+0000] {logging_mixin.py:188} INFO - [2024-04-28T16:09:26.435+0000] {dag.py:3954} INFO - Setting next_dagrun for example_subdag_operator.section-2 to None, run_after=None
[2024-04-28T16:09:26.445+0000] {processor.py:183} INFO - Processing /home/airflow/.local/lib/python3.12/site-packages/airflow/example_dags/example_subdag_operator.py took 0.078 seconds
[2024-04-28T16:09:56.680+0000] {processor.py:161} INFO - Started process (PID=529) to work on /home/airflow/.local/lib/python3.12/site-packages/airflow/example_dags/example_subdag_operator.py
[2024-04-28T16:09:56.681+0000] {processor.py:830} INFO - Processing file /home/airflow/.local/lib/python3.12/site-packages/airflow/example_dags/example_subdag_operator.py for tasks to queue
[2024-04-28T16:09:56.682+0000] {logging_mixin.py:188} INFO - [2024-04-28T16:09:56.682+0000] {dagbag.py:540} INFO - Filling up the DagBag from /home/airflow/.local/lib/python3.12/site-packages/airflow/example_dags/example_subdag_operator.py
[2024-04-28T16:09:56.702+0000] {processor.py:840} INFO - DAG(s) 'example_subdag_operator.section-1', 'example_subdag_operator.section-2', 'example_subdag_operator' retrieved from /home/airflow/.local/lib/python3.12/site-packages/airflow/example_dags/example_subdag_operator.py
[2024-04-28T16:09:56.715+0000] {logging_mixin.py:188} INFO - [2024-04-28T16:09:56.715+0000] {dag.py:3096} INFO - Sync 3 DAGs
[2024-04-28T16:09:56.736+0000] {logging_mixin.py:188} INFO - [2024-04-28T16:09:56.736+0000] {dag.py:3954} INFO - Setting next_dagrun for example_subdag_operator to 2022-01-01 00:00:00+00:00, run_after=2022-01-01 00:00:00+00:00
[2024-04-28T16:09:56.740+0000] {logging_mixin.py:188} INFO - [2024-04-28T16:09:56.740+0000] {dag.py:3954} INFO - Setting next_dagrun for example_subdag_operator.section-1 to None, run_after=None
[2024-04-28T16:09:56.741+0000] {logging_mixin.py:188} INFO - [2024-04-28T16:09:56.741+0000] {dag.py:3954} INFO - Setting next_dagrun for example_subdag_operator.section-2 to None, run_after=None
[2024-04-28T16:09:56.747+0000] {logging_mixin.py:188} INFO - [2024-04-28T16:09:56.747+0000] {dag.py:3096} INFO - Sync 2 DAGs
[2024-04-28T16:09:56.753+0000] {logging_mixin.py:188} INFO - [2024-04-28T16:09:56.753+0000] {dag.py:3954} INFO - Setting next_dagrun for example_subdag_operator.section-1 to None, run_after=None
[2024-04-28T16:09:56.753+0000] {logging_mixin.py:188} INFO - [2024-04-28T16:09:56.753+0000] {dag.py:3954} INFO - Setting next_dagrun for example_subdag_operator.section-2 to None, run_after=None
[2024-04-28T16:09:56.765+0000] {processor.py:183} INFO - Processing /home/airflow/.local/lib/python3.12/site-packages/airflow/example_dags/example_subdag_operator.py took 0.090 seconds
[2024-04-28T16:10:27.206+0000] {processor.py:161} INFO - Started process (PID=589) to work on /home/airflow/.local/lib/python3.12/site-packages/airflow/example_dags/example_subdag_operator.py
[2024-04-28T16:10:27.206+0000] {processor.py:830} INFO - Processing file /home/airflow/.local/lib/python3.12/site-packages/airflow/example_dags/example_subdag_operator.py for tasks to queue
[2024-04-28T16:10:27.208+0000] {logging_mixin.py:188} INFO - [2024-04-28T16:10:27.208+0000] {dagbag.py:540} INFO - Filling up the DagBag from /home/airflow/.local/lib/python3.12/site-packages/airflow/example_dags/example_subdag_operator.py
[2024-04-28T16:10:27.226+0000] {processor.py:840} INFO - DAG(s) 'example_subdag_operator.section-1', 'example_subdag_operator.section-2', 'example_subdag_operator' retrieved from /home/airflow/.local/lib/python3.12/site-packages/airflow/example_dags/example_subdag_operator.py
[2024-04-28T16:10:27.239+0000] {logging_mixin.py:188} INFO - [2024-04-28T16:10:27.239+0000] {dag.py:3096} INFO - Sync 3 DAGs
[2024-04-28T16:10:27.257+0000] {logging_mixin.py:188} INFO - [2024-04-28T16:10:27.257+0000] {dag.py:3954} INFO - Setting next_dagrun for example_subdag_operator to 2022-01-01 00:00:00+00:00, run_after=2022-01-01 00:00:00+00:00
[2024-04-28T16:10:27.260+0000] {logging_mixin.py:188} INFO - [2024-04-28T16:10:27.260+0000] {dag.py:3954} INFO - Setting next_dagrun for example_subdag_operator.section-1 to None, run_after=None
[2024-04-28T16:10:27.262+0000] {logging_mixin.py:188} INFO - [2024-04-28T16:10:27.261+0000] {dag.py:3954} INFO - Setting next_dagrun for example_subdag_operator.section-2 to None, run_after=None
[2024-04-28T16:10:27.268+0000] {logging_mixin.py:188} INFO - [2024-04-28T16:10:27.268+0000] {dag.py:3096} INFO - Sync 2 DAGs
[2024-04-28T16:10:27.274+0000] {logging_mixin.py:188} INFO - [2024-04-28T16:10:27.274+0000] {dag.py:3954} INFO - Setting next_dagrun for example_subdag_operator.section-1 to None, run_after=None
[2024-04-28T16:10:27.274+0000] {logging_mixin.py:188} INFO - [2024-04-28T16:10:27.274+0000] {dag.py:3954} INFO - Setting next_dagrun for example_subdag_operator.section-2 to None, run_after=None
[2024-04-28T16:10:27.288+0000] {processor.py:183} INFO - Processing /home/airflow/.local/lib/python3.12/site-packages/airflow/example_dags/example_subdag_operator.py took 0.087 seconds
[2024-04-28T16:10:57.552+0000] {processor.py:161} INFO - Started process (PID=649) to work on /home/airflow/.local/lib/python3.12/site-packages/airflow/example_dags/example_subdag_operator.py
[2024-04-28T16:10:57.553+0000] {processor.py:830} INFO - Processing file /home/airflow/.local/lib/python3.12/site-packages/airflow/example_dags/example_subdag_operator.py for tasks to queue
[2024-04-28T16:10:57.554+0000] {logging_mixin.py:188} INFO - [2024-04-28T16:10:57.554+0000] {dagbag.py:540} INFO - Filling up the DagBag from /home/airflow/.local/lib/python3.12/site-packages/airflow/example_dags/example_subdag_operator.py
[2024-04-28T16:10:57.571+0000] {processor.py:840} INFO - DAG(s) 'example_subdag_operator.section-1', 'example_subdag_operator.section-2', 'example_subdag_operator' retrieved from /home/airflow/.local/lib/python3.12/site-packages/airflow/example_dags/example_subdag_operator.py
[2024-04-28T16:10:57.586+0000] {logging_mixin.py:188} INFO - [2024-04-28T16:10:57.586+0000] {dag.py:3096} INFO - Sync 3 DAGs
[2024-04-28T16:10:57.603+0000] {logging_mixin.py:188} INFO - [2024-04-28T16:10:57.603+0000] {dag.py:3954} INFO - Setting next_dagrun for example_subdag_operator to 2022-01-01 00:00:00+00:00, run_after=2022-01-01 00:00:00+00:00
[2024-04-28T16:10:57.606+0000] {logging_mixin.py:188} INFO - [2024-04-28T16:10:57.606+0000] {dag.py:3954} INFO - Setting next_dagrun for example_subdag_operator.section-1 to None, run_after=None
[2024-04-28T16:10:57.607+0000] {logging_mixin.py:188} INFO - [2024-04-28T16:10:57.607+0000] {dag.py:3954} INFO - Setting next_dagrun for example_subdag_operator.section-2 to None, run_after=None
[2024-04-28T16:10:57.613+0000] {logging_mixin.py:188} INFO - [2024-04-28T16:10:57.613+0000] {dag.py:3096} INFO - Sync 2 DAGs
[2024-04-28T16:10:57.617+0000] {logging_mixin.py:188} INFO - [2024-04-28T16:10:57.617+0000] {dag.py:3954} INFO - Setting next_dagrun for example_subdag_operator.section-1 to None, run_after=None
[2024-04-28T16:10:57.617+0000] {logging_mixin.py:188} INFO - [2024-04-28T16:10:57.617+0000] {dag.py:3954} INFO - Setting next_dagrun for example_subdag_operator.section-2 to None, run_after=None
[2024-04-28T16:10:57.627+0000] {processor.py:183} INFO - Processing /home/airflow/.local/lib/python3.12/site-packages/airflow/example_dags/example_subdag_operator.py took 0.080 seconds
[2024-04-28T16:11:28.128+0000] {processor.py:161} INFO - Started process (PID=709) to work on /home/airflow/.local/lib/python3.12/site-packages/airflow/example_dags/example_subdag_operator.py
[2024-04-28T16:11:28.129+0000] {processor.py:830} INFO - Processing file /home/airflow/.local/lib/python3.12/site-packages/airflow/example_dags/example_subdag_operator.py for tasks to queue
[2024-04-28T16:11:28.130+0000] {logging_mixin.py:188} INFO - [2024-04-28T16:11:28.130+0000] {dagbag.py:540} INFO - Filling up the DagBag from /home/airflow/.local/lib/python3.12/site-packages/airflow/example_dags/example_subdag_operator.py
[2024-04-28T16:11:28.149+0000] {processor.py:840} INFO - DAG(s) 'example_subdag_operator.section-1', 'example_subdag_operator.section-2', 'example_subdag_operator' retrieved from /home/airflow/.local/lib/python3.12/site-packages/airflow/example_dags/example_subdag_operator.py
[2024-04-28T16:11:28.161+0000] {logging_mixin.py:188} INFO - [2024-04-28T16:11:28.161+0000] {dag.py:3096} INFO - Sync 3 DAGs
[2024-04-28T16:11:28.178+0000] {logging_mixin.py:188} INFO - [2024-04-28T16:11:28.178+0000] {dag.py:3954} INFO - Setting next_dagrun for example_subdag_operator to 2022-01-01 00:00:00+00:00, run_after=2022-01-01 00:00:00+00:00
[2024-04-28T16:11:28.182+0000] {logging_mixin.py:188} INFO - [2024-04-28T16:11:28.182+0000] {dag.py:3954} INFO - Setting next_dagrun for example_subdag_operator.section-1 to None, run_after=None
[2024-04-28T16:11:28.183+0000] {logging_mixin.py:188} INFO - [2024-04-28T16:11:28.183+0000] {dag.py:3954} INFO - Setting next_dagrun for example_subdag_operator.section-2 to None, run_after=None
[2024-04-28T16:11:28.188+0000] {logging_mixin.py:188} INFO - [2024-04-28T16:11:28.188+0000] {dag.py:3096} INFO - Sync 2 DAGs
[2024-04-28T16:11:28.194+0000] {logging_mixin.py:188} INFO - [2024-04-28T16:11:28.194+0000] {dag.py:3954} INFO - Setting next_dagrun for example_subdag_operator.section-1 to None, run_after=None
[2024-04-28T16:11:28.195+0000] {logging_mixin.py:188} INFO - [2024-04-28T16:11:28.195+0000] {dag.py:3954} INFO - Setting next_dagrun for example_subdag_operator.section-2 to None, run_after=None
[2024-04-28T16:11:28.205+0000] {processor.py:183} INFO - Processing /home/airflow/.local/lib/python3.12/site-packages/airflow/example_dags/example_subdag_operator.py took 0.082 seconds
[2024-04-28T16:11:58.758+0000] {processor.py:161} INFO - Started process (PID=769) to work on /home/airflow/.local/lib/python3.12/site-packages/airflow/example_dags/example_subdag_operator.py
[2024-04-28T16:11:58.759+0000] {processor.py:830} INFO - Processing file /home/airflow/.local/lib/python3.12/site-packages/airflow/example_dags/example_subdag_operator.py for tasks to queue
[2024-04-28T16:11:58.761+0000] {logging_mixin.py:188} INFO - [2024-04-28T16:11:58.760+0000] {dagbag.py:540} INFO - Filling up the DagBag from /home/airflow/.local/lib/python3.12/site-packages/airflow/example_dags/example_subdag_operator.py
[2024-04-28T16:11:58.779+0000] {processor.py:840} INFO - DAG(s) 'example_subdag_operator.section-1', 'example_subdag_operator.section-2', 'example_subdag_operator' retrieved from /home/airflow/.local/lib/python3.12/site-packages/airflow/example_dags/example_subdag_operator.py
[2024-04-28T16:11:58.790+0000] {logging_mixin.py:188} INFO - [2024-04-28T16:11:58.790+0000] {dag.py:3096} INFO - Sync 3 DAGs
[2024-04-28T16:11:58.807+0000] {logging_mixin.py:188} INFO - [2024-04-28T16:11:58.806+0000] {dag.py:3954} INFO - Setting next_dagrun for example_subdag_operator to 2022-01-01 00:00:00+00:00, run_after=2022-01-01 00:00:00+00:00
[2024-04-28T16:11:58.810+0000] {logging_mixin.py:188} INFO - [2024-04-28T16:11:58.810+0000] {dag.py:3954} INFO - Setting next_dagrun for example_subdag_operator.section-1 to None, run_after=None
[2024-04-28T16:11:58.811+0000] {logging_mixin.py:188} INFO - [2024-04-28T16:11:58.811+0000] {dag.py:3954} INFO - Setting next_dagrun for example_subdag_operator.section-2 to None, run_after=None
[2024-04-28T16:11:58.816+0000] {logging_mixin.py:188} INFO - [2024-04-28T16:11:58.816+0000] {dag.py:3096} INFO - Sync 2 DAGs
[2024-04-28T16:11:58.820+0000] {logging_mixin.py:188} INFO - [2024-04-28T16:11:58.820+0000] {dag.py:3954} INFO - Setting next_dagrun for example_subdag_operator.section-1 to None, run_after=None
[2024-04-28T16:11:58.820+0000] {logging_mixin.py:188} INFO - [2024-04-28T16:11:58.820+0000] {dag.py:3954} INFO - Setting next_dagrun for example_subdag_operator.section-2 to None, run_after=None
[2024-04-28T16:11:58.829+0000] {processor.py:183} INFO - Processing /home/airflow/.local/lib/python3.12/site-packages/airflow/example_dags/example_subdag_operator.py took 0.075 seconds
[2024-04-28T16:12:29.210+0000] {processor.py:161} INFO - Started process (PID=829) to work on /home/airflow/.local/lib/python3.12/site-packages/airflow/example_dags/example_subdag_operator.py
[2024-04-28T16:12:29.211+0000] {processor.py:830} INFO - Processing file /home/airflow/.local/lib/python3.12/site-packages/airflow/example_dags/example_subdag_operator.py for tasks to queue
[2024-04-28T16:12:29.212+0000] {logging_mixin.py:188} INFO - [2024-04-28T16:12:29.212+0000] {dagbag.py:540} INFO - Filling up the DagBag from /home/airflow/.local/lib/python3.12/site-packages/airflow/example_dags/example_subdag_operator.py
[2024-04-28T16:12:29.234+0000] {processor.py:840} INFO - DAG(s) 'example_subdag_operator.section-1', 'example_subdag_operator.section-2', 'example_subdag_operator' retrieved from /home/airflow/.local/lib/python3.12/site-packages/airflow/example_dags/example_subdag_operator.py
[2024-04-28T16:12:29.246+0000] {logging_mixin.py:188} INFO - [2024-04-28T16:12:29.246+0000] {dag.py:3096} INFO - Sync 3 DAGs
[2024-04-28T16:12:29.264+0000] {logging_mixin.py:188} INFO - [2024-04-28T16:12:29.264+0000] {dag.py:3954} INFO - Setting next_dagrun for example_subdag_operator to 2022-01-01 00:00:00+00:00, run_after=2022-01-01 00:00:00+00:00
[2024-04-28T16:12:29.267+0000] {logging_mixin.py:188} INFO - [2024-04-28T16:12:29.267+0000] {dag.py:3954} INFO - Setting next_dagrun for example_subdag_operator.section-1 to None, run_after=None
[2024-04-28T16:12:29.268+0000] {logging_mixin.py:188} INFO - [2024-04-28T16:12:29.268+0000] {dag.py:3954} INFO - Setting next_dagrun for example_subdag_operator.section-2 to None, run_after=None
[2024-04-28T16:12:29.273+0000] {logging_mixin.py:188} INFO - [2024-04-28T16:12:29.273+0000] {dag.py:3096} INFO - Sync 2 DAGs
[2024-04-28T16:12:29.278+0000] {logging_mixin.py:188} INFO - [2024-04-28T16:12:29.277+0000] {dag.py:3954} INFO - Setting next_dagrun for example_subdag_operator.section-1 to None, run_after=None
[2024-04-28T16:12:29.278+0000] {logging_mixin.py:188} INFO - [2024-04-28T16:12:29.278+0000] {dag.py:3954} INFO - Setting next_dagrun for example_subdag_operator.section-2 to None, run_after=None
[2024-04-28T16:12:29.288+0000] {processor.py:183} INFO - Processing /home/airflow/.local/lib/python3.12/site-packages/airflow/example_dags/example_subdag_operator.py took 0.085 seconds
