[2024-04-28T15:48:55.336+0000] {processor.py:161} INFO - Started process (PID=55) to work on /home/airflow/.local/lib/python3.12/site-packages/airflow/example_dags/example_params_ui_tutorial.py
[2024-04-28T15:48:55.337+0000] {processor.py:830} INFO - Processing file /home/airflow/.local/lib/python3.12/site-packages/airflow/example_dags/example_params_ui_tutorial.py for tasks to queue
[2024-04-28T15:48:55.339+0000] {logging_mixin.py:188} INFO - [2024-04-28T15:48:55.339+0000] {dagbag.py:540} INFO - Filling up the DagBag from /home/airflow/.local/lib/python3.12/site-packages/airflow/example_dags/example_params_ui_tutorial.py
[2024-04-28T15:48:55.354+0000] {processor.py:840} INFO - DAG(s) 'example_params_ui_tutorial' retrieved from /home/airflow/.local/lib/python3.12/site-packages/airflow/example_dags/example_params_ui_tutorial.py
[2024-04-28T15:48:55.485+0000] {logging_mixin.py:188} INFO - [2024-04-28T15:48:55.485+0000] {override.py:1829} INFO - Created Permission View: can delete on DAG:example_params_ui_tutorial
[2024-04-28T15:48:55.501+0000] {logging_mixin.py:188} INFO - [2024-04-28T15:48:55.501+0000] {override.py:1829} INFO - Created Permission View: can edit on DAG:example_params_ui_tutorial
[2024-04-28T15:48:55.510+0000] {logging_mixin.py:188} INFO - [2024-04-28T15:48:55.509+0000] {override.py:1829} INFO - Created Permission View: can read on DAG:example_params_ui_tutorial
[2024-04-28T15:48:55.510+0000] {logging_mixin.py:188} INFO - [2024-04-28T15:48:55.510+0000] {dag.py:3096} INFO - Sync 1 DAGs
[2024-04-28T15:48:55.524+0000] {logging_mixin.py:188} INFO - [2024-04-28T15:48:55.524+0000] {dag.py:3118} INFO - Creating ORM DAG for example_params_ui_tutorial
[2024-04-28T15:48:55.525+0000] {logging_mixin.py:188} INFO - [2024-04-28T15:48:55.525+0000] {dag.py:3954} INFO - Setting next_dagrun for example_params_ui_tutorial to None, run_after=None
[2024-04-28T15:48:55.544+0000] {processor.py:183} INFO - Processing /home/airflow/.local/lib/python3.12/site-packages/airflow/example_dags/example_params_ui_tutorial.py took 0.214 seconds
[2024-04-28T15:49:27.539+0000] {processor.py:161} INFO - Started process (PID=113) to work on /home/airflow/.local/lib/python3.12/site-packages/airflow/example_dags/example_params_ui_tutorial.py
[2024-04-28T15:49:27.542+0000] {processor.py:830} INFO - Processing file /home/airflow/.local/lib/python3.12/site-packages/airflow/example_dags/example_params_ui_tutorial.py for tasks to queue
[2024-04-28T15:49:27.544+0000] {logging_mixin.py:188} INFO - [2024-04-28T15:49:27.544+0000] {dagbag.py:540} INFO - Filling up the DagBag from /home/airflow/.local/lib/python3.12/site-packages/airflow/example_dags/example_params_ui_tutorial.py
[2024-04-28T15:49:27.565+0000] {processor.py:840} INFO - DAG(s) 'example_params_ui_tutorial' retrieved from /home/airflow/.local/lib/python3.12/site-packages/airflow/example_dags/example_params_ui_tutorial.py
[2024-04-28T15:49:27.646+0000] {logging_mixin.py:188} INFO - [2024-04-28T15:49:27.646+0000] {dag.py:3096} INFO - Sync 1 DAGs
[2024-04-28T15:49:27.670+0000] {logging_mixin.py:188} INFO - [2024-04-28T15:49:27.670+0000] {dag.py:3954} INFO - Setting next_dagrun for example_params_ui_tutorial to None, run_after=None
[2024-04-28T15:49:27.710+0000] {processor.py:183} INFO - Processing /home/airflow/.local/lib/python3.12/site-packages/airflow/example_dags/example_params_ui_tutorial.py took 0.180 seconds
[2024-04-28T15:49:58.417+0000] {processor.py:161} INFO - Started process (PID=171) to work on /home/airflow/.local/lib/python3.12/site-packages/airflow/example_dags/example_params_ui_tutorial.py
[2024-04-28T15:49:58.419+0000] {processor.py:830} INFO - Processing file /home/airflow/.local/lib/python3.12/site-packages/airflow/example_dags/example_params_ui_tutorial.py for tasks to queue
[2024-04-28T15:49:58.421+0000] {logging_mixin.py:188} INFO - [2024-04-28T15:49:58.420+0000] {dagbag.py:540} INFO - Filling up the DagBag from /home/airflow/.local/lib/python3.12/site-packages/airflow/example_dags/example_params_ui_tutorial.py
[2024-04-28T15:49:58.437+0000] {processor.py:840} INFO - DAG(s) 'example_params_ui_tutorial' retrieved from /home/airflow/.local/lib/python3.12/site-packages/airflow/example_dags/example_params_ui_tutorial.py
[2024-04-28T15:49:58.491+0000] {logging_mixin.py:188} INFO - [2024-04-28T15:49:58.491+0000] {dag.py:3096} INFO - Sync 1 DAGs
[2024-04-28T15:49:58.504+0000] {logging_mixin.py:188} INFO - [2024-04-28T15:49:58.504+0000] {dag.py:3954} INFO - Setting next_dagrun for example_params_ui_tutorial to None, run_after=None
[2024-04-28T15:49:58.524+0000] {processor.py:183} INFO - Processing /home/airflow/.local/lib/python3.12/site-packages/airflow/example_dags/example_params_ui_tutorial.py took 0.112 seconds
[2024-04-28T15:50:29.178+0000] {processor.py:161} INFO - Started process (PID=229) to work on /home/airflow/.local/lib/python3.12/site-packages/airflow/example_dags/example_params_ui_tutorial.py
[2024-04-28T15:50:29.179+0000] {processor.py:830} INFO - Processing file /home/airflow/.local/lib/python3.12/site-packages/airflow/example_dags/example_params_ui_tutorial.py for tasks to queue
[2024-04-28T15:50:29.180+0000] {logging_mixin.py:188} INFO - [2024-04-28T15:50:29.180+0000] {dagbag.py:540} INFO - Filling up the DagBag from /home/airflow/.local/lib/python3.12/site-packages/airflow/example_dags/example_params_ui_tutorial.py
[2024-04-28T15:50:29.191+0000] {processor.py:840} INFO - DAG(s) 'example_params_ui_tutorial' retrieved from /home/airflow/.local/lib/python3.12/site-packages/airflow/example_dags/example_params_ui_tutorial.py
[2024-04-28T15:50:29.234+0000] {logging_mixin.py:188} INFO - [2024-04-28T15:50:29.233+0000] {dag.py:3096} INFO - Sync 1 DAGs
[2024-04-28T15:50:29.244+0000] {logging_mixin.py:188} INFO - [2024-04-28T15:50:29.243+0000] {dag.py:3954} INFO - Setting next_dagrun for example_params_ui_tutorial to None, run_after=None
[2024-04-28T15:50:29.260+0000] {processor.py:183} INFO - Processing /home/airflow/.local/lib/python3.12/site-packages/airflow/example_dags/example_params_ui_tutorial.py took 0.087 seconds
[2024-04-28T15:50:59.731+0000] {processor.py:161} INFO - Started process (PID=287) to work on /home/airflow/.local/lib/python3.12/site-packages/airflow/example_dags/example_params_ui_tutorial.py
[2024-04-28T15:50:59.732+0000] {processor.py:830} INFO - Processing file /home/airflow/.local/lib/python3.12/site-packages/airflow/example_dags/example_params_ui_tutorial.py for tasks to queue
[2024-04-28T15:50:59.733+0000] {logging_mixin.py:188} INFO - [2024-04-28T15:50:59.733+0000] {dagbag.py:540} INFO - Filling up the DagBag from /home/airflow/.local/lib/python3.12/site-packages/airflow/example_dags/example_params_ui_tutorial.py
[2024-04-28T15:50:59.744+0000] {processor.py:840} INFO - DAG(s) 'example_params_ui_tutorial' retrieved from /home/airflow/.local/lib/python3.12/site-packages/airflow/example_dags/example_params_ui_tutorial.py
[2024-04-28T15:50:59.793+0000] {logging_mixin.py:188} INFO - [2024-04-28T15:50:59.793+0000] {dag.py:3096} INFO - Sync 1 DAGs
[2024-04-28T15:50:59.805+0000] {logging_mixin.py:188} INFO - [2024-04-28T15:50:59.805+0000] {dag.py:3954} INFO - Setting next_dagrun for example_params_ui_tutorial to None, run_after=None
[2024-04-28T15:50:59.823+0000] {processor.py:183} INFO - Processing /home/airflow/.local/lib/python3.12/site-packages/airflow/example_dags/example_params_ui_tutorial.py took 0.098 seconds
[2024-04-28T15:51:30.575+0000] {processor.py:161} INFO - Started process (PID=345) to work on /home/airflow/.local/lib/python3.12/site-packages/airflow/example_dags/example_params_ui_tutorial.py
[2024-04-28T15:51:30.577+0000] {processor.py:830} INFO - Processing file /home/airflow/.local/lib/python3.12/site-packages/airflow/example_dags/example_params_ui_tutorial.py for tasks to queue
[2024-04-28T15:51:30.581+0000] {logging_mixin.py:188} INFO - [2024-04-28T15:51:30.580+0000] {dagbag.py:540} INFO - Filling up the DagBag from /home/airflow/.local/lib/python3.12/site-packages/airflow/example_dags/example_params_ui_tutorial.py
[2024-04-28T15:51:30.597+0000] {processor.py:840} INFO - DAG(s) 'example_params_ui_tutorial' retrieved from /home/airflow/.local/lib/python3.12/site-packages/airflow/example_dags/example_params_ui_tutorial.py
[2024-04-28T15:51:30.672+0000] {logging_mixin.py:188} INFO - [2024-04-28T15:51:30.672+0000] {dag.py:3096} INFO - Sync 1 DAGs
[2024-04-28T15:51:30.695+0000] {logging_mixin.py:188} INFO - [2024-04-28T15:51:30.694+0000] {dag.py:3954} INFO - Setting next_dagrun for example_params_ui_tutorial to None, run_after=None
[2024-04-28T15:51:30.730+0000] {processor.py:183} INFO - Processing /home/airflow/.local/lib/python3.12/site-packages/airflow/example_dags/example_params_ui_tutorial.py took 0.163 seconds
[2024-04-28T15:53:33.139+0000] {processor.py:161} INFO - Started process (PID=57) to work on /home/airflow/.local/lib/python3.12/site-packages/airflow/example_dags/example_params_ui_tutorial.py
[2024-04-28T15:53:33.140+0000] {processor.py:830} INFO - Processing file /home/airflow/.local/lib/python3.12/site-packages/airflow/example_dags/example_params_ui_tutorial.py for tasks to queue
[2024-04-28T15:53:33.142+0000] {logging_mixin.py:188} INFO - [2024-04-28T15:53:33.142+0000] {dagbag.py:540} INFO - Filling up the DagBag from /home/airflow/.local/lib/python3.12/site-packages/airflow/example_dags/example_params_ui_tutorial.py
[2024-04-28T15:53:33.160+0000] {processor.py:840} INFO - DAG(s) 'example_params_ui_tutorial' retrieved from /home/airflow/.local/lib/python3.12/site-packages/airflow/example_dags/example_params_ui_tutorial.py
[2024-04-28T15:53:33.211+0000] {logging_mixin.py:188} INFO - [2024-04-28T15:53:33.211+0000] {dag.py:3096} INFO - Sync 1 DAGs
[2024-04-28T15:53:33.230+0000] {logging_mixin.py:188} INFO - [2024-04-28T15:53:33.230+0000] {dag.py:3954} INFO - Setting next_dagrun for example_params_ui_tutorial to None, run_after=None
[2024-04-28T15:53:33.257+0000] {processor.py:183} INFO - Processing /home/airflow/.local/lib/python3.12/site-packages/airflow/example_dags/example_params_ui_tutorial.py took 0.123 seconds
[2024-04-28T15:54:04.306+0000] {processor.py:161} INFO - Started process (PID=117) to work on /home/airflow/.local/lib/python3.12/site-packages/airflow/example_dags/example_params_ui_tutorial.py
[2024-04-28T15:54:04.308+0000] {processor.py:830} INFO - Processing file /home/airflow/.local/lib/python3.12/site-packages/airflow/example_dags/example_params_ui_tutorial.py for tasks to queue
[2024-04-28T15:54:04.310+0000] {logging_mixin.py:188} INFO - [2024-04-28T15:54:04.309+0000] {dagbag.py:540} INFO - Filling up the DagBag from /home/airflow/.local/lib/python3.12/site-packages/airflow/example_dags/example_params_ui_tutorial.py
[2024-04-28T15:54:04.319+0000] {processor.py:840} INFO - DAG(s) 'example_params_ui_tutorial' retrieved from /home/airflow/.local/lib/python3.12/site-packages/airflow/example_dags/example_params_ui_tutorial.py
[2024-04-28T15:54:04.424+0000] {logging_mixin.py:188} INFO - [2024-04-28T15:54:04.424+0000] {dag.py:3096} INFO - Sync 1 DAGs
[2024-04-28T15:54:04.433+0000] {logging_mixin.py:188} INFO - [2024-04-28T15:54:04.433+0000] {dag.py:3954} INFO - Setting next_dagrun for example_params_ui_tutorial to None, run_after=None
[2024-04-28T15:54:04.452+0000] {processor.py:183} INFO - Processing /home/airflow/.local/lib/python3.12/site-packages/airflow/example_dags/example_params_ui_tutorial.py took 0.151 seconds
[2024-04-28T15:54:34.931+0000] {processor.py:161} INFO - Started process (PID=185) to work on /home/airflow/.local/lib/python3.12/site-packages/airflow/example_dags/example_params_ui_tutorial.py
[2024-04-28T15:54:34.932+0000] {processor.py:830} INFO - Processing file /home/airflow/.local/lib/python3.12/site-packages/airflow/example_dags/example_params_ui_tutorial.py for tasks to queue
[2024-04-28T15:54:34.934+0000] {logging_mixin.py:188} INFO - [2024-04-28T15:54:34.933+0000] {dagbag.py:540} INFO - Filling up the DagBag from /home/airflow/.local/lib/python3.12/site-packages/airflow/example_dags/example_params_ui_tutorial.py
[2024-04-28T15:54:34.943+0000] {processor.py:840} INFO - DAG(s) 'example_params_ui_tutorial' retrieved from /home/airflow/.local/lib/python3.12/site-packages/airflow/example_dags/example_params_ui_tutorial.py
[2024-04-28T15:54:34.989+0000] {logging_mixin.py:188} INFO - [2024-04-28T15:54:34.989+0000] {dag.py:3096} INFO - Sync 1 DAGs
[2024-04-28T15:54:35.000+0000] {logging_mixin.py:188} INFO - [2024-04-28T15:54:35.000+0000] {dag.py:3954} INFO - Setting next_dagrun for example_params_ui_tutorial to None, run_after=None
[2024-04-28T15:54:35.017+0000] {processor.py:183} INFO - Processing /home/airflow/.local/lib/python3.12/site-packages/airflow/example_dags/example_params_ui_tutorial.py took 0.092 seconds
[2024-04-28T15:55:05.987+0000] {processor.py:161} INFO - Started process (PID=244) to work on /home/airflow/.local/lib/python3.12/site-packages/airflow/example_dags/example_params_ui_tutorial.py
[2024-04-28T15:55:05.988+0000] {processor.py:830} INFO - Processing file /home/airflow/.local/lib/python3.12/site-packages/airflow/example_dags/example_params_ui_tutorial.py for tasks to queue
[2024-04-28T15:55:05.989+0000] {logging_mixin.py:188} INFO - [2024-04-28T15:55:05.989+0000] {dagbag.py:540} INFO - Filling up the DagBag from /home/airflow/.local/lib/python3.12/site-packages/airflow/example_dags/example_params_ui_tutorial.py
[2024-04-28T15:55:05.999+0000] {processor.py:840} INFO - DAG(s) 'example_params_ui_tutorial' retrieved from /home/airflow/.local/lib/python3.12/site-packages/airflow/example_dags/example_params_ui_tutorial.py
[2024-04-28T15:55:06.046+0000] {logging_mixin.py:188} INFO - [2024-04-28T15:55:06.046+0000] {dag.py:3096} INFO - Sync 1 DAGs
[2024-04-28T15:55:06.057+0000] {logging_mixin.py:188} INFO - [2024-04-28T15:55:06.056+0000] {dag.py:3954} INFO - Setting next_dagrun for example_params_ui_tutorial to None, run_after=None
[2024-04-28T15:55:06.077+0000] {processor.py:183} INFO - Processing /home/airflow/.local/lib/python3.12/site-packages/airflow/example_dags/example_params_ui_tutorial.py took 0.095 seconds
[2024-04-28T15:55:36.173+0000] {processor.py:161} INFO - Started process (PID=303) to work on /home/airflow/.local/lib/python3.12/site-packages/airflow/example_dags/example_params_ui_tutorial.py
[2024-04-28T15:55:36.177+0000] {processor.py:830} INFO - Processing file /home/airflow/.local/lib/python3.12/site-packages/airflow/example_dags/example_params_ui_tutorial.py for tasks to queue
[2024-04-28T15:55:36.178+0000] {logging_mixin.py:188} INFO - [2024-04-28T15:55:36.178+0000] {dagbag.py:540} INFO - Filling up the DagBag from /home/airflow/.local/lib/python3.12/site-packages/airflow/example_dags/example_params_ui_tutorial.py
[2024-04-28T15:55:36.187+0000] {processor.py:840} INFO - DAG(s) 'example_params_ui_tutorial' retrieved from /home/airflow/.local/lib/python3.12/site-packages/airflow/example_dags/example_params_ui_tutorial.py
[2024-04-28T15:55:36.226+0000] {logging_mixin.py:188} INFO - [2024-04-28T15:55:36.225+0000] {dag.py:3096} INFO - Sync 1 DAGs
[2024-04-28T15:55:36.236+0000] {logging_mixin.py:188} INFO - [2024-04-28T15:55:36.236+0000] {dag.py:3954} INFO - Setting next_dagrun for example_params_ui_tutorial to None, run_after=None
[2024-04-28T15:55:36.252+0000] {processor.py:183} INFO - Processing /home/airflow/.local/lib/python3.12/site-packages/airflow/example_dags/example_params_ui_tutorial.py took 0.084 seconds
[2024-04-28T15:56:06.322+0000] {processor.py:161} INFO - Started process (PID=363) to work on /home/airflow/.local/lib/python3.12/site-packages/airflow/example_dags/example_params_ui_tutorial.py
[2024-04-28T15:56:06.323+0000] {processor.py:830} INFO - Processing file /home/airflow/.local/lib/python3.12/site-packages/airflow/example_dags/example_params_ui_tutorial.py for tasks to queue
[2024-04-28T15:56:06.324+0000] {logging_mixin.py:188} INFO - [2024-04-28T15:56:06.324+0000] {dagbag.py:540} INFO - Filling up the DagBag from /home/airflow/.local/lib/python3.12/site-packages/airflow/example_dags/example_params_ui_tutorial.py
[2024-04-28T15:56:06.333+0000] {processor.py:840} INFO - DAG(s) 'example_params_ui_tutorial' retrieved from /home/airflow/.local/lib/python3.12/site-packages/airflow/example_dags/example_params_ui_tutorial.py
[2024-04-28T15:56:06.375+0000] {logging_mixin.py:188} INFO - [2024-04-28T15:56:06.375+0000] {dag.py:3096} INFO - Sync 1 DAGs
[2024-04-28T15:56:06.386+0000] {logging_mixin.py:188} INFO - [2024-04-28T15:56:06.386+0000] {dag.py:3954} INFO - Setting next_dagrun for example_params_ui_tutorial to None, run_after=None
[2024-04-28T15:56:06.402+0000] {processor.py:183} INFO - Processing /home/airflow/.local/lib/python3.12/site-packages/airflow/example_dags/example_params_ui_tutorial.py took 0.085 seconds
[2024-04-28T15:56:36.459+0000] {processor.py:161} INFO - Started process (PID=423) to work on /home/airflow/.local/lib/python3.12/site-packages/airflow/example_dags/example_params_ui_tutorial.py
[2024-04-28T15:56:36.460+0000] {processor.py:830} INFO - Processing file /home/airflow/.local/lib/python3.12/site-packages/airflow/example_dags/example_params_ui_tutorial.py for tasks to queue
[2024-04-28T15:56:36.461+0000] {logging_mixin.py:188} INFO - [2024-04-28T15:56:36.461+0000] {dagbag.py:540} INFO - Filling up the DagBag from /home/airflow/.local/lib/python3.12/site-packages/airflow/example_dags/example_params_ui_tutorial.py
[2024-04-28T15:56:36.469+0000] {processor.py:840} INFO - DAG(s) 'example_params_ui_tutorial' retrieved from /home/airflow/.local/lib/python3.12/site-packages/airflow/example_dags/example_params_ui_tutorial.py
[2024-04-28T15:56:36.507+0000] {logging_mixin.py:188} INFO - [2024-04-28T15:56:36.507+0000] {dag.py:3096} INFO - Sync 1 DAGs
[2024-04-28T15:56:36.517+0000] {logging_mixin.py:188} INFO - [2024-04-28T15:56:36.517+0000] {dag.py:3954} INFO - Setting next_dagrun for example_params_ui_tutorial to None, run_after=None
[2024-04-28T15:56:36.532+0000] {processor.py:183} INFO - Processing /home/airflow/.local/lib/python3.12/site-packages/airflow/example_dags/example_params_ui_tutorial.py took 0.077 seconds
[2024-04-28T15:57:07.196+0000] {processor.py:161} INFO - Started process (PID=483) to work on /home/airflow/.local/lib/python3.12/site-packages/airflow/example_dags/example_params_ui_tutorial.py
[2024-04-28T15:57:07.199+0000] {processor.py:830} INFO - Processing file /home/airflow/.local/lib/python3.12/site-packages/airflow/example_dags/example_params_ui_tutorial.py for tasks to queue
[2024-04-28T15:57:07.200+0000] {logging_mixin.py:188} INFO - [2024-04-28T15:57:07.200+0000] {dagbag.py:540} INFO - Filling up the DagBag from /home/airflow/.local/lib/python3.12/site-packages/airflow/example_dags/example_params_ui_tutorial.py
[2024-04-28T15:57:07.209+0000] {processor.py:840} INFO - DAG(s) 'example_params_ui_tutorial' retrieved from /home/airflow/.local/lib/python3.12/site-packages/airflow/example_dags/example_params_ui_tutorial.py
[2024-04-28T15:57:07.250+0000] {logging_mixin.py:188} INFO - [2024-04-28T15:57:07.250+0000] {dag.py:3096} INFO - Sync 1 DAGs
[2024-04-28T15:57:07.260+0000] {logging_mixin.py:188} INFO - [2024-04-28T15:57:07.259+0000] {dag.py:3954} INFO - Setting next_dagrun for example_params_ui_tutorial to None, run_after=None
[2024-04-28T15:57:07.276+0000] {processor.py:183} INFO - Processing /home/airflow/.local/lib/python3.12/site-packages/airflow/example_dags/example_params_ui_tutorial.py took 0.083 seconds
[2024-04-28T15:57:37.628+0000] {processor.py:161} INFO - Started process (PID=543) to work on /home/airflow/.local/lib/python3.12/site-packages/airflow/example_dags/example_params_ui_tutorial.py
[2024-04-28T15:57:37.631+0000] {processor.py:830} INFO - Processing file /home/airflow/.local/lib/python3.12/site-packages/airflow/example_dags/example_params_ui_tutorial.py for tasks to queue
[2024-04-28T15:57:37.632+0000] {logging_mixin.py:188} INFO - [2024-04-28T15:57:37.632+0000] {dagbag.py:540} INFO - Filling up the DagBag from /home/airflow/.local/lib/python3.12/site-packages/airflow/example_dags/example_params_ui_tutorial.py
[2024-04-28T15:57:37.641+0000] {processor.py:840} INFO - DAG(s) 'example_params_ui_tutorial' retrieved from /home/airflow/.local/lib/python3.12/site-packages/airflow/example_dags/example_params_ui_tutorial.py
[2024-04-28T15:57:37.678+0000] {logging_mixin.py:188} INFO - [2024-04-28T15:57:37.678+0000] {dag.py:3096} INFO - Sync 1 DAGs
[2024-04-28T15:57:37.687+0000] {logging_mixin.py:188} INFO - [2024-04-28T15:57:37.687+0000] {dag.py:3954} INFO - Setting next_dagrun for example_params_ui_tutorial to None, run_after=None
[2024-04-28T15:57:37.703+0000] {processor.py:183} INFO - Processing /home/airflow/.local/lib/python3.12/site-packages/airflow/example_dags/example_params_ui_tutorial.py took 0.079 seconds
[2024-04-28T15:58:07.945+0000] {processor.py:161} INFO - Started process (PID=603) to work on /home/airflow/.local/lib/python3.12/site-packages/airflow/example_dags/example_params_ui_tutorial.py
[2024-04-28T15:58:07.947+0000] {processor.py:830} INFO - Processing file /home/airflow/.local/lib/python3.12/site-packages/airflow/example_dags/example_params_ui_tutorial.py for tasks to queue
[2024-04-28T15:58:07.949+0000] {logging_mixin.py:188} INFO - [2024-04-28T15:58:07.949+0000] {dagbag.py:540} INFO - Filling up the DagBag from /home/airflow/.local/lib/python3.12/site-packages/airflow/example_dags/example_params_ui_tutorial.py
[2024-04-28T15:58:07.959+0000] {processor.py:840} INFO - DAG(s) 'example_params_ui_tutorial' retrieved from /home/airflow/.local/lib/python3.12/site-packages/airflow/example_dags/example_params_ui_tutorial.py
[2024-04-28T15:58:08.011+0000] {logging_mixin.py:188} INFO - [2024-04-28T15:58:08.011+0000] {dag.py:3096} INFO - Sync 1 DAGs
[2024-04-28T15:58:08.022+0000] {logging_mixin.py:188} INFO - [2024-04-28T15:58:08.022+0000] {dag.py:3954} INFO - Setting next_dagrun for example_params_ui_tutorial to None, run_after=None
[2024-04-28T15:58:08.041+0000] {processor.py:183} INFO - Processing /home/airflow/.local/lib/python3.12/site-packages/airflow/example_dags/example_params_ui_tutorial.py took 0.101 seconds
[2024-04-28T15:58:38.480+0000] {processor.py:161} INFO - Started process (PID=663) to work on /home/airflow/.local/lib/python3.12/site-packages/airflow/example_dags/example_params_ui_tutorial.py
[2024-04-28T15:58:38.482+0000] {processor.py:830} INFO - Processing file /home/airflow/.local/lib/python3.12/site-packages/airflow/example_dags/example_params_ui_tutorial.py for tasks to queue
[2024-04-28T15:58:38.484+0000] {logging_mixin.py:188} INFO - [2024-04-28T15:58:38.484+0000] {dagbag.py:540} INFO - Filling up the DagBag from /home/airflow/.local/lib/python3.12/site-packages/airflow/example_dags/example_params_ui_tutorial.py
[2024-04-28T15:58:38.493+0000] {processor.py:840} INFO - DAG(s) 'example_params_ui_tutorial' retrieved from /home/airflow/.local/lib/python3.12/site-packages/airflow/example_dags/example_params_ui_tutorial.py
[2024-04-28T15:58:38.533+0000] {logging_mixin.py:188} INFO - [2024-04-28T15:58:38.533+0000] {dag.py:3096} INFO - Sync 1 DAGs
[2024-04-28T15:58:38.545+0000] {logging_mixin.py:188} INFO - [2024-04-28T15:58:38.545+0000] {dag.py:3954} INFO - Setting next_dagrun for example_params_ui_tutorial to None, run_after=None
[2024-04-28T15:58:38.558+0000] {processor.py:183} INFO - Processing /home/airflow/.local/lib/python3.12/site-packages/airflow/example_dags/example_params_ui_tutorial.py took 0.083 seconds
[2024-04-28T15:59:09.081+0000] {processor.py:161} INFO - Started process (PID=723) to work on /home/airflow/.local/lib/python3.12/site-packages/airflow/example_dags/example_params_ui_tutorial.py
[2024-04-28T15:59:09.084+0000] {processor.py:830} INFO - Processing file /home/airflow/.local/lib/python3.12/site-packages/airflow/example_dags/example_params_ui_tutorial.py for tasks to queue
[2024-04-28T15:59:09.085+0000] {logging_mixin.py:188} INFO - [2024-04-28T15:59:09.085+0000] {dagbag.py:540} INFO - Filling up the DagBag from /home/airflow/.local/lib/python3.12/site-packages/airflow/example_dags/example_params_ui_tutorial.py
[2024-04-28T15:59:09.093+0000] {processor.py:840} INFO - DAG(s) 'example_params_ui_tutorial' retrieved from /home/airflow/.local/lib/python3.12/site-packages/airflow/example_dags/example_params_ui_tutorial.py
[2024-04-28T15:59:09.129+0000] {logging_mixin.py:188} INFO - [2024-04-28T15:59:09.129+0000] {dag.py:3096} INFO - Sync 1 DAGs
[2024-04-28T15:59:09.138+0000] {logging_mixin.py:188} INFO - [2024-04-28T15:59:09.138+0000] {dag.py:3954} INFO - Setting next_dagrun for example_params_ui_tutorial to None, run_after=None
[2024-04-28T15:59:09.156+0000] {processor.py:183} INFO - Processing /home/airflow/.local/lib/python3.12/site-packages/airflow/example_dags/example_params_ui_tutorial.py took 0.079 seconds
[2024-04-28T15:59:39.609+0000] {processor.py:161} INFO - Started process (PID=783) to work on /home/airflow/.local/lib/python3.12/site-packages/airflow/example_dags/example_params_ui_tutorial.py
[2024-04-28T15:59:39.612+0000] {processor.py:830} INFO - Processing file /home/airflow/.local/lib/python3.12/site-packages/airflow/example_dags/example_params_ui_tutorial.py for tasks to queue
[2024-04-28T15:59:39.613+0000] {logging_mixin.py:188} INFO - [2024-04-28T15:59:39.613+0000] {dagbag.py:540} INFO - Filling up the DagBag from /home/airflow/.local/lib/python3.12/site-packages/airflow/example_dags/example_params_ui_tutorial.py
[2024-04-28T15:59:39.623+0000] {processor.py:840} INFO - DAG(s) 'example_params_ui_tutorial' retrieved from /home/airflow/.local/lib/python3.12/site-packages/airflow/example_dags/example_params_ui_tutorial.py
[2024-04-28T15:59:39.660+0000] {logging_mixin.py:188} INFO - [2024-04-28T15:59:39.660+0000] {dag.py:3096} INFO - Sync 1 DAGs
[2024-04-28T15:59:39.670+0000] {logging_mixin.py:188} INFO - [2024-04-28T15:59:39.670+0000] {dag.py:3954} INFO - Setting next_dagrun for example_params_ui_tutorial to None, run_after=None
[2024-04-28T15:59:39.685+0000] {processor.py:183} INFO - Processing /home/airflow/.local/lib/python3.12/site-packages/airflow/example_dags/example_params_ui_tutorial.py took 0.080 seconds
[2024-04-28T16:00:10.244+0000] {processor.py:161} INFO - Started process (PID=843) to work on /home/airflow/.local/lib/python3.12/site-packages/airflow/example_dags/example_params_ui_tutorial.py
[2024-04-28T16:00:10.247+0000] {processor.py:830} INFO - Processing file /home/airflow/.local/lib/python3.12/site-packages/airflow/example_dags/example_params_ui_tutorial.py for tasks to queue
[2024-04-28T16:00:10.248+0000] {logging_mixin.py:188} INFO - [2024-04-28T16:00:10.248+0000] {dagbag.py:540} INFO - Filling up the DagBag from /home/airflow/.local/lib/python3.12/site-packages/airflow/example_dags/example_params_ui_tutorial.py
[2024-04-28T16:00:10.257+0000] {processor.py:840} INFO - DAG(s) 'example_params_ui_tutorial' retrieved from /home/airflow/.local/lib/python3.12/site-packages/airflow/example_dags/example_params_ui_tutorial.py
[2024-04-28T16:00:10.294+0000] {logging_mixin.py:188} INFO - [2024-04-28T16:00:10.294+0000] {dag.py:3096} INFO - Sync 1 DAGs
[2024-04-28T16:00:10.304+0000] {logging_mixin.py:188} INFO - [2024-04-28T16:00:10.304+0000] {dag.py:3954} INFO - Setting next_dagrun for example_params_ui_tutorial to None, run_after=None
[2024-04-28T16:00:10.320+0000] {processor.py:183} INFO - Processing /home/airflow/.local/lib/python3.12/site-packages/airflow/example_dags/example_params_ui_tutorial.py took 0.080 seconds
[2024-04-28T16:00:40.710+0000] {processor.py:161} INFO - Started process (PID=903) to work on /home/airflow/.local/lib/python3.12/site-packages/airflow/example_dags/example_params_ui_tutorial.py
[2024-04-28T16:00:40.713+0000] {processor.py:830} INFO - Processing file /home/airflow/.local/lib/python3.12/site-packages/airflow/example_dags/example_params_ui_tutorial.py for tasks to queue
[2024-04-28T16:00:40.714+0000] {logging_mixin.py:188} INFO - [2024-04-28T16:00:40.714+0000] {dagbag.py:540} INFO - Filling up the DagBag from /home/airflow/.local/lib/python3.12/site-packages/airflow/example_dags/example_params_ui_tutorial.py
[2024-04-28T16:00:40.723+0000] {processor.py:840} INFO - DAG(s) 'example_params_ui_tutorial' retrieved from /home/airflow/.local/lib/python3.12/site-packages/airflow/example_dags/example_params_ui_tutorial.py
[2024-04-28T16:00:40.760+0000] {logging_mixin.py:188} INFO - [2024-04-28T16:00:40.760+0000] {dag.py:3096} INFO - Sync 1 DAGs
[2024-04-28T16:00:40.770+0000] {logging_mixin.py:188} INFO - [2024-04-28T16:00:40.770+0000] {dag.py:3954} INFO - Setting next_dagrun for example_params_ui_tutorial to None, run_after=None
[2024-04-28T16:00:40.785+0000] {processor.py:183} INFO - Processing /home/airflow/.local/lib/python3.12/site-packages/airflow/example_dags/example_params_ui_tutorial.py took 0.080 seconds
[2024-04-28T16:05:53.878+0000] {processor.py:161} INFO - Started process (PID=57) to work on /home/airflow/.local/lib/python3.12/site-packages/airflow/example_dags/example_params_ui_tutorial.py
[2024-04-28T16:05:53.879+0000] {processor.py:830} INFO - Processing file /home/airflow/.local/lib/python3.12/site-packages/airflow/example_dags/example_params_ui_tutorial.py for tasks to queue
[2024-04-28T16:05:53.881+0000] {logging_mixin.py:188} INFO - [2024-04-28T16:05:53.881+0000] {dagbag.py:540} INFO - Filling up the DagBag from /home/airflow/.local/lib/python3.12/site-packages/airflow/example_dags/example_params_ui_tutorial.py
[2024-04-28T16:05:53.890+0000] {processor.py:840} INFO - DAG(s) 'example_params_ui_tutorial' retrieved from /home/airflow/.local/lib/python3.12/site-packages/airflow/example_dags/example_params_ui_tutorial.py
[2024-04-28T16:05:53.900+0000] {logging_mixin.py:188} INFO - [2024-04-28T16:05:53.900+0000] {dag.py:3096} INFO - Sync 1 DAGs
[2024-04-28T16:05:53.914+0000] {logging_mixin.py:188} INFO - [2024-04-28T16:05:53.913+0000] {dag.py:3954} INFO - Setting next_dagrun for example_params_ui_tutorial to None, run_after=None
[2024-04-28T16:05:53.930+0000] {processor.py:183} INFO - Processing /home/airflow/.local/lib/python3.12/site-packages/airflow/example_dags/example_params_ui_tutorial.py took 0.057 seconds
[2024-04-28T16:06:24.778+0000] {processor.py:161} INFO - Started process (PID=117) to work on /home/airflow/.local/lib/python3.12/site-packages/airflow/example_dags/example_params_ui_tutorial.py
[2024-04-28T16:06:24.779+0000] {processor.py:830} INFO - Processing file /home/airflow/.local/lib/python3.12/site-packages/airflow/example_dags/example_params_ui_tutorial.py for tasks to queue
[2024-04-28T16:06:24.780+0000] {logging_mixin.py:188} INFO - [2024-04-28T16:06:24.780+0000] {dagbag.py:540} INFO - Filling up the DagBag from /home/airflow/.local/lib/python3.12/site-packages/airflow/example_dags/example_params_ui_tutorial.py
[2024-04-28T16:06:24.789+0000] {processor.py:840} INFO - DAG(s) 'example_params_ui_tutorial' retrieved from /home/airflow/.local/lib/python3.12/site-packages/airflow/example_dags/example_params_ui_tutorial.py
[2024-04-28T16:06:24.890+0000] {logging_mixin.py:188} INFO - [2024-04-28T16:06:24.890+0000] {dag.py:3096} INFO - Sync 1 DAGs
[2024-04-28T16:06:24.898+0000] {logging_mixin.py:188} INFO - [2024-04-28T16:06:24.898+0000] {dag.py:3954} INFO - Setting next_dagrun for example_params_ui_tutorial to None, run_after=None
[2024-04-28T16:06:24.916+0000] {processor.py:183} INFO - Processing /home/airflow/.local/lib/python3.12/site-packages/airflow/example_dags/example_params_ui_tutorial.py took 0.143 seconds
[2024-04-28T16:06:55.590+0000] {processor.py:161} INFO - Started process (PID=181) to work on /home/airflow/.local/lib/python3.12/site-packages/airflow/example_dags/example_params_ui_tutorial.py
[2024-04-28T16:06:55.591+0000] {processor.py:830} INFO - Processing file /home/airflow/.local/lib/python3.12/site-packages/airflow/example_dags/example_params_ui_tutorial.py for tasks to queue
[2024-04-28T16:06:55.592+0000] {logging_mixin.py:188} INFO - [2024-04-28T16:06:55.592+0000] {dagbag.py:540} INFO - Filling up the DagBag from /home/airflow/.local/lib/python3.12/site-packages/airflow/example_dags/example_params_ui_tutorial.py
[2024-04-28T16:06:55.601+0000] {processor.py:840} INFO - DAG(s) 'example_params_ui_tutorial' retrieved from /home/airflow/.local/lib/python3.12/site-packages/airflow/example_dags/example_params_ui_tutorial.py
[2024-04-28T16:06:55.640+0000] {logging_mixin.py:188} INFO - [2024-04-28T16:06:55.640+0000] {dag.py:3096} INFO - Sync 1 DAGs
[2024-04-28T16:06:55.651+0000] {logging_mixin.py:188} INFO - [2024-04-28T16:06:55.651+0000] {dag.py:3954} INFO - Setting next_dagrun for example_params_ui_tutorial to None, run_after=None
[2024-04-28T16:06:55.667+0000] {processor.py:183} INFO - Processing /home/airflow/.local/lib/python3.12/site-packages/airflow/example_dags/example_params_ui_tutorial.py took 0.081 seconds
[2024-04-28T16:07:26.219+0000] {processor.py:161} INFO - Started process (PID=241) to work on /home/airflow/.local/lib/python3.12/site-packages/airflow/example_dags/example_params_ui_tutorial.py
[2024-04-28T16:07:26.220+0000] {processor.py:830} INFO - Processing file /home/airflow/.local/lib/python3.12/site-packages/airflow/example_dags/example_params_ui_tutorial.py for tasks to queue
[2024-04-28T16:07:26.221+0000] {logging_mixin.py:188} INFO - [2024-04-28T16:07:26.221+0000] {dagbag.py:540} INFO - Filling up the DagBag from /home/airflow/.local/lib/python3.12/site-packages/airflow/example_dags/example_params_ui_tutorial.py
[2024-04-28T16:07:26.230+0000] {processor.py:840} INFO - DAG(s) 'example_params_ui_tutorial' retrieved from /home/airflow/.local/lib/python3.12/site-packages/airflow/example_dags/example_params_ui_tutorial.py
[2024-04-28T16:07:26.267+0000] {logging_mixin.py:188} INFO - [2024-04-28T16:07:26.267+0000] {dag.py:3096} INFO - Sync 1 DAGs
[2024-04-28T16:07:26.277+0000] {logging_mixin.py:188} INFO - [2024-04-28T16:07:26.277+0000] {dag.py:3954} INFO - Setting next_dagrun for example_params_ui_tutorial to None, run_after=None
[2024-04-28T16:07:26.292+0000] {processor.py:183} INFO - Processing /home/airflow/.local/lib/python3.12/site-packages/airflow/example_dags/example_params_ui_tutorial.py took 0.078 seconds
[2024-04-28T16:07:56.315+0000] {processor.py:161} INFO - Started process (PID=301) to work on /home/airflow/.local/lib/python3.12/site-packages/airflow/example_dags/example_params_ui_tutorial.py
[2024-04-28T16:07:56.317+0000] {processor.py:830} INFO - Processing file /home/airflow/.local/lib/python3.12/site-packages/airflow/example_dags/example_params_ui_tutorial.py for tasks to queue
[2024-04-28T16:07:56.318+0000] {logging_mixin.py:188} INFO - [2024-04-28T16:07:56.318+0000] {dagbag.py:540} INFO - Filling up the DagBag from /home/airflow/.local/lib/python3.12/site-packages/airflow/example_dags/example_params_ui_tutorial.py
[2024-04-28T16:07:56.327+0000] {processor.py:840} INFO - DAG(s) 'example_params_ui_tutorial' retrieved from /home/airflow/.local/lib/python3.12/site-packages/airflow/example_dags/example_params_ui_tutorial.py
[2024-04-28T16:07:56.375+0000] {logging_mixin.py:188} INFO - [2024-04-28T16:07:56.375+0000] {dag.py:3096} INFO - Sync 1 DAGs
[2024-04-28T16:07:56.387+0000] {logging_mixin.py:188} INFO - [2024-04-28T16:07:56.387+0000] {dag.py:3954} INFO - Setting next_dagrun for example_params_ui_tutorial to None, run_after=None
[2024-04-28T16:07:56.405+0000] {processor.py:183} INFO - Processing /home/airflow/.local/lib/python3.12/site-packages/airflow/example_dags/example_params_ui_tutorial.py took 0.095 seconds
[2024-04-28T16:08:26.935+0000] {processor.py:161} INFO - Started process (PID=359) to work on /home/airflow/.local/lib/python3.12/site-packages/airflow/example_dags/example_params_ui_tutorial.py
[2024-04-28T16:08:26.936+0000] {processor.py:830} INFO - Processing file /home/airflow/.local/lib/python3.12/site-packages/airflow/example_dags/example_params_ui_tutorial.py for tasks to queue
[2024-04-28T16:08:26.937+0000] {logging_mixin.py:188} INFO - [2024-04-28T16:08:26.937+0000] {dagbag.py:540} INFO - Filling up the DagBag from /home/airflow/.local/lib/python3.12/site-packages/airflow/example_dags/example_params_ui_tutorial.py
[2024-04-28T16:08:26.946+0000] {processor.py:840} INFO - DAG(s) 'example_params_ui_tutorial' retrieved from /home/airflow/.local/lib/python3.12/site-packages/airflow/example_dags/example_params_ui_tutorial.py
[2024-04-28T16:08:26.988+0000] {logging_mixin.py:188} INFO - [2024-04-28T16:08:26.988+0000] {dag.py:3096} INFO - Sync 1 DAGs
[2024-04-28T16:08:26.999+0000] {logging_mixin.py:188} INFO - [2024-04-28T16:08:26.999+0000] {dag.py:3954} INFO - Setting next_dagrun for example_params_ui_tutorial to None, run_after=None
[2024-04-28T16:08:27.017+0000] {processor.py:183} INFO - Processing /home/airflow/.local/lib/python3.12/site-packages/airflow/example_dags/example_params_ui_tutorial.py took 0.086 seconds
[2024-04-28T16:08:57.480+0000] {processor.py:161} INFO - Started process (PID=419) to work on /home/airflow/.local/lib/python3.12/site-packages/airflow/example_dags/example_params_ui_tutorial.py
[2024-04-28T16:08:57.481+0000] {processor.py:830} INFO - Processing file /home/airflow/.local/lib/python3.12/site-packages/airflow/example_dags/example_params_ui_tutorial.py for tasks to queue
[2024-04-28T16:08:57.482+0000] {logging_mixin.py:188} INFO - [2024-04-28T16:08:57.482+0000] {dagbag.py:540} INFO - Filling up the DagBag from /home/airflow/.local/lib/python3.12/site-packages/airflow/example_dags/example_params_ui_tutorial.py
[2024-04-28T16:08:57.492+0000] {processor.py:840} INFO - DAG(s) 'example_params_ui_tutorial' retrieved from /home/airflow/.local/lib/python3.12/site-packages/airflow/example_dags/example_params_ui_tutorial.py
[2024-04-28T16:08:57.534+0000] {logging_mixin.py:188} INFO - [2024-04-28T16:08:57.533+0000] {dag.py:3096} INFO - Sync 1 DAGs
[2024-04-28T16:08:57.543+0000] {logging_mixin.py:188} INFO - [2024-04-28T16:08:57.543+0000] {dag.py:3954} INFO - Setting next_dagrun for example_params_ui_tutorial to None, run_after=None
[2024-04-28T16:08:57.561+0000] {processor.py:183} INFO - Processing /home/airflow/.local/lib/python3.12/site-packages/airflow/example_dags/example_params_ui_tutorial.py took 0.086 seconds
[2024-04-28T16:09:27.770+0000] {processor.py:161} INFO - Started process (PID=479) to work on /home/airflow/.local/lib/python3.12/site-packages/airflow/example_dags/example_params_ui_tutorial.py
[2024-04-28T16:09:27.771+0000] {processor.py:830} INFO - Processing file /home/airflow/.local/lib/python3.12/site-packages/airflow/example_dags/example_params_ui_tutorial.py for tasks to queue
[2024-04-28T16:09:27.772+0000] {logging_mixin.py:188} INFO - [2024-04-28T16:09:27.772+0000] {dagbag.py:540} INFO - Filling up the DagBag from /home/airflow/.local/lib/python3.12/site-packages/airflow/example_dags/example_params_ui_tutorial.py
[2024-04-28T16:09:27.782+0000] {processor.py:840} INFO - DAG(s) 'example_params_ui_tutorial' retrieved from /home/airflow/.local/lib/python3.12/site-packages/airflow/example_dags/example_params_ui_tutorial.py
[2024-04-28T16:09:27.819+0000] {logging_mixin.py:188} INFO - [2024-04-28T16:09:27.819+0000] {dag.py:3096} INFO - Sync 1 DAGs
[2024-04-28T16:09:27.828+0000] {logging_mixin.py:188} INFO - [2024-04-28T16:09:27.827+0000] {dag.py:3954} INFO - Setting next_dagrun for example_params_ui_tutorial to None, run_after=None
[2024-04-28T16:09:27.842+0000] {processor.py:183} INFO - Processing /home/airflow/.local/lib/python3.12/site-packages/airflow/example_dags/example_params_ui_tutorial.py took 0.077 seconds
[2024-04-28T16:09:58.128+0000] {processor.py:161} INFO - Started process (PID=539) to work on /home/airflow/.local/lib/python3.12/site-packages/airflow/example_dags/example_params_ui_tutorial.py
[2024-04-28T16:09:58.129+0000] {processor.py:830} INFO - Processing file /home/airflow/.local/lib/python3.12/site-packages/airflow/example_dags/example_params_ui_tutorial.py for tasks to queue
[2024-04-28T16:09:58.131+0000] {logging_mixin.py:188} INFO - [2024-04-28T16:09:58.130+0000] {dagbag.py:540} INFO - Filling up the DagBag from /home/airflow/.local/lib/python3.12/site-packages/airflow/example_dags/example_params_ui_tutorial.py
[2024-04-28T16:09:58.142+0000] {processor.py:840} INFO - DAG(s) 'example_params_ui_tutorial' retrieved from /home/airflow/.local/lib/python3.12/site-packages/airflow/example_dags/example_params_ui_tutorial.py
[2024-04-28T16:09:58.182+0000] {logging_mixin.py:188} INFO - [2024-04-28T16:09:58.182+0000] {dag.py:3096} INFO - Sync 1 DAGs
[2024-04-28T16:09:58.193+0000] {logging_mixin.py:188} INFO - [2024-04-28T16:09:58.192+0000] {dag.py:3954} INFO - Setting next_dagrun for example_params_ui_tutorial to None, run_after=None
[2024-04-28T16:09:58.210+0000] {processor.py:183} INFO - Processing /home/airflow/.local/lib/python3.12/site-packages/airflow/example_dags/example_params_ui_tutorial.py took 0.087 seconds
[2024-04-28T16:10:28.613+0000] {processor.py:161} INFO - Started process (PID=599) to work on /home/airflow/.local/lib/python3.12/site-packages/airflow/example_dags/example_params_ui_tutorial.py
[2024-04-28T16:10:28.614+0000] {processor.py:830} INFO - Processing file /home/airflow/.local/lib/python3.12/site-packages/airflow/example_dags/example_params_ui_tutorial.py for tasks to queue
[2024-04-28T16:10:28.615+0000] {logging_mixin.py:188} INFO - [2024-04-28T16:10:28.615+0000] {dagbag.py:540} INFO - Filling up the DagBag from /home/airflow/.local/lib/python3.12/site-packages/airflow/example_dags/example_params_ui_tutorial.py
[2024-04-28T16:10:28.624+0000] {processor.py:840} INFO - DAG(s) 'example_params_ui_tutorial' retrieved from /home/airflow/.local/lib/python3.12/site-packages/airflow/example_dags/example_params_ui_tutorial.py
[2024-04-28T16:10:28.660+0000] {logging_mixin.py:188} INFO - [2024-04-28T16:10:28.660+0000] {dag.py:3096} INFO - Sync 1 DAGs
[2024-04-28T16:10:28.669+0000] {logging_mixin.py:188} INFO - [2024-04-28T16:10:28.669+0000] {dag.py:3954} INFO - Setting next_dagrun for example_params_ui_tutorial to None, run_after=None
[2024-04-28T16:10:28.684+0000] {processor.py:183} INFO - Processing /home/airflow/.local/lib/python3.12/site-packages/airflow/example_dags/example_params_ui_tutorial.py took 0.075 seconds
[2024-04-28T16:10:58.962+0000] {processor.py:161} INFO - Started process (PID=659) to work on /home/airflow/.local/lib/python3.12/site-packages/airflow/example_dags/example_params_ui_tutorial.py
[2024-04-28T16:10:58.963+0000] {processor.py:830} INFO - Processing file /home/airflow/.local/lib/python3.12/site-packages/airflow/example_dags/example_params_ui_tutorial.py for tasks to queue
[2024-04-28T16:10:58.964+0000] {logging_mixin.py:188} INFO - [2024-04-28T16:10:58.964+0000] {dagbag.py:540} INFO - Filling up the DagBag from /home/airflow/.local/lib/python3.12/site-packages/airflow/example_dags/example_params_ui_tutorial.py
[2024-04-28T16:10:58.973+0000] {processor.py:840} INFO - DAG(s) 'example_params_ui_tutorial' retrieved from /home/airflow/.local/lib/python3.12/site-packages/airflow/example_dags/example_params_ui_tutorial.py
[2024-04-28T16:10:59.012+0000] {logging_mixin.py:188} INFO - [2024-04-28T16:10:59.011+0000] {dag.py:3096} INFO - Sync 1 DAGs
[2024-04-28T16:10:59.022+0000] {logging_mixin.py:188} INFO - [2024-04-28T16:10:59.022+0000] {dag.py:3954} INFO - Setting next_dagrun for example_params_ui_tutorial to None, run_after=None
[2024-04-28T16:10:59.037+0000] {processor.py:183} INFO - Processing /home/airflow/.local/lib/python3.12/site-packages/airflow/example_dags/example_params_ui_tutorial.py took 0.080 seconds
[2024-04-28T16:11:29.594+0000] {processor.py:161} INFO - Started process (PID=719) to work on /home/airflow/.local/lib/python3.12/site-packages/airflow/example_dags/example_params_ui_tutorial.py
[2024-04-28T16:11:29.595+0000] {processor.py:830} INFO - Processing file /home/airflow/.local/lib/python3.12/site-packages/airflow/example_dags/example_params_ui_tutorial.py for tasks to queue
[2024-04-28T16:11:29.596+0000] {logging_mixin.py:188} INFO - [2024-04-28T16:11:29.596+0000] {dagbag.py:540} INFO - Filling up the DagBag from /home/airflow/.local/lib/python3.12/site-packages/airflow/example_dags/example_params_ui_tutorial.py
[2024-04-28T16:11:29.608+0000] {processor.py:840} INFO - DAG(s) 'example_params_ui_tutorial' retrieved from /home/airflow/.local/lib/python3.12/site-packages/airflow/example_dags/example_params_ui_tutorial.py
[2024-04-28T16:11:29.650+0000] {logging_mixin.py:188} INFO - [2024-04-28T16:11:29.650+0000] {dag.py:3096} INFO - Sync 1 DAGs
[2024-04-28T16:11:29.664+0000] {logging_mixin.py:188} INFO - [2024-04-28T16:11:29.663+0000] {dag.py:3954} INFO - Setting next_dagrun for example_params_ui_tutorial to None, run_after=None
[2024-04-28T16:11:29.682+0000] {processor.py:183} INFO - Processing /home/airflow/.local/lib/python3.12/site-packages/airflow/example_dags/example_params_ui_tutorial.py took 0.094 seconds
[2024-04-28T16:12:00.162+0000] {processor.py:161} INFO - Started process (PID=779) to work on /home/airflow/.local/lib/python3.12/site-packages/airflow/example_dags/example_params_ui_tutorial.py
[2024-04-28T16:12:00.163+0000] {processor.py:830} INFO - Processing file /home/airflow/.local/lib/python3.12/site-packages/airflow/example_dags/example_params_ui_tutorial.py for tasks to queue
[2024-04-28T16:12:00.164+0000] {logging_mixin.py:188} INFO - [2024-04-28T16:12:00.164+0000] {dagbag.py:540} INFO - Filling up the DagBag from /home/airflow/.local/lib/python3.12/site-packages/airflow/example_dags/example_params_ui_tutorial.py
[2024-04-28T16:12:00.174+0000] {processor.py:840} INFO - DAG(s) 'example_params_ui_tutorial' retrieved from /home/airflow/.local/lib/python3.12/site-packages/airflow/example_dags/example_params_ui_tutorial.py
[2024-04-28T16:12:00.212+0000] {logging_mixin.py:188} INFO - [2024-04-28T16:12:00.212+0000] {dag.py:3096} INFO - Sync 1 DAGs
[2024-04-28T16:12:00.222+0000] {logging_mixin.py:188} INFO - [2024-04-28T16:12:00.222+0000] {dag.py:3954} INFO - Setting next_dagrun for example_params_ui_tutorial to None, run_after=None
[2024-04-28T16:12:00.237+0000] {processor.py:183} INFO - Processing /home/airflow/.local/lib/python3.12/site-packages/airflow/example_dags/example_params_ui_tutorial.py took 0.080 seconds
[2024-04-28T16:12:30.625+0000] {processor.py:161} INFO - Started process (PID=839) to work on /home/airflow/.local/lib/python3.12/site-packages/airflow/example_dags/example_params_ui_tutorial.py
[2024-04-28T16:12:30.626+0000] {processor.py:830} INFO - Processing file /home/airflow/.local/lib/python3.12/site-packages/airflow/example_dags/example_params_ui_tutorial.py for tasks to queue
[2024-04-28T16:12:30.627+0000] {logging_mixin.py:188} INFO - [2024-04-28T16:12:30.627+0000] {dagbag.py:540} INFO - Filling up the DagBag from /home/airflow/.local/lib/python3.12/site-packages/airflow/example_dags/example_params_ui_tutorial.py
[2024-04-28T16:12:30.636+0000] {processor.py:840} INFO - DAG(s) 'example_params_ui_tutorial' retrieved from /home/airflow/.local/lib/python3.12/site-packages/airflow/example_dags/example_params_ui_tutorial.py
[2024-04-28T16:12:30.679+0000] {logging_mixin.py:188} INFO - [2024-04-28T16:12:30.679+0000] {dag.py:3096} INFO - Sync 1 DAGs
[2024-04-28T16:12:30.689+0000] {logging_mixin.py:188} INFO - [2024-04-28T16:12:30.689+0000] {dag.py:3954} INFO - Setting next_dagrun for example_params_ui_tutorial to None, run_after=None
[2024-04-28T16:12:30.703+0000] {processor.py:183} INFO - Processing /home/airflow/.local/lib/python3.12/site-packages/airflow/example_dags/example_params_ui_tutorial.py took 0.084 seconds
