[2024-04-28T15:48:55.778+0000] {processor.py:161} INFO - Started process (PID=60) to work on /home/airflow/.local/lib/python3.12/site-packages/airflow/example_dags/example_python_operator.py
[2024-04-28T15:48:55.779+0000] {processor.py:830} INFO - Processing file /home/airflow/.local/lib/python3.12/site-packages/airflow/example_dags/example_python_operator.py for tasks to queue
[2024-04-28T15:48:55.781+0000] {logging_mixin.py:188} INFO - [2024-04-28T15:48:55.780+0000] {dagbag.py:540} INFO - Filling up the DagBag from /home/airflow/.local/lib/python3.12/site-packages/airflow/example_dags/example_python_operator.py
[2024-04-28T15:48:55.790+0000] {processor.py:840} INFO - DAG(s) 'example_python_operator' retrieved from /home/airflow/.local/lib/python3.12/site-packages/airflow/example_dags/example_python_operator.py
[2024-04-28T15:48:55.896+0000] {logging_mixin.py:188} INFO - [2024-04-28T15:48:55.896+0000] {override.py:1829} INFO - Created Permission View: can delete on DAG:example_python_operator
[2024-04-28T15:48:55.905+0000] {logging_mixin.py:188} INFO - [2024-04-28T15:48:55.905+0000] {override.py:1829} INFO - Created Permission View: can edit on DAG:example_python_operator
[2024-04-28T15:48:55.911+0000] {logging_mixin.py:188} INFO - [2024-04-28T15:48:55.910+0000] {override.py:1829} INFO - Created Permission View: can read on DAG:example_python_operator
[2024-04-28T15:48:55.911+0000] {logging_mixin.py:188} INFO - [2024-04-28T15:48:55.911+0000] {dag.py:3096} INFO - Sync 1 DAGs
[2024-04-28T15:48:55.921+0000] {logging_mixin.py:188} INFO - [2024-04-28T15:48:55.920+0000] {dag.py:3118} INFO - Creating ORM DAG for example_python_operator
[2024-04-28T15:48:55.921+0000] {logging_mixin.py:188} INFO - [2024-04-28T15:48:55.921+0000] {dag.py:3954} INFO - Setting next_dagrun for example_python_operator to None, run_after=None
[2024-04-28T15:48:55.936+0000] {processor.py:183} INFO - Processing /home/airflow/.local/lib/python3.12/site-packages/airflow/example_dags/example_python_operator.py took 0.162 seconds
[2024-04-28T15:49:27.922+0000] {processor.py:161} INFO - Started process (PID=118) to work on /home/airflow/.local/lib/python3.12/site-packages/airflow/example_dags/example_python_operator.py
[2024-04-28T15:49:27.924+0000] {processor.py:830} INFO - Processing file /home/airflow/.local/lib/python3.12/site-packages/airflow/example_dags/example_python_operator.py for tasks to queue
[2024-04-28T15:49:27.926+0000] {logging_mixin.py:188} INFO - [2024-04-28T15:49:27.926+0000] {dagbag.py:540} INFO - Filling up the DagBag from /home/airflow/.local/lib/python3.12/site-packages/airflow/example_dags/example_python_operator.py
[2024-04-28T15:49:27.939+0000] {processor.py:840} INFO - DAG(s) 'example_python_operator' retrieved from /home/airflow/.local/lib/python3.12/site-packages/airflow/example_dags/example_python_operator.py
[2024-04-28T15:49:27.962+0000] {logging_mixin.py:188} INFO - [2024-04-28T15:49:27.962+0000] {dag.py:3096} INFO - Sync 1 DAGs
[2024-04-28T15:49:27.977+0000] {logging_mixin.py:188} INFO - [2024-04-28T15:49:27.977+0000] {dag.py:3954} INFO - Setting next_dagrun for example_python_operator to None, run_after=None
[2024-04-28T15:49:28.003+0000] {processor.py:183} INFO - Processing /home/airflow/.local/lib/python3.12/site-packages/airflow/example_dags/example_python_operator.py took 0.086 seconds
[2024-04-28T15:49:58.711+0000] {processor.py:161} INFO - Started process (PID=176) to work on /home/airflow/.local/lib/python3.12/site-packages/airflow/example_dags/example_python_operator.py
[2024-04-28T15:49:58.712+0000] {processor.py:830} INFO - Processing file /home/airflow/.local/lib/python3.12/site-packages/airflow/example_dags/example_python_operator.py for tasks to queue
[2024-04-28T15:49:58.713+0000] {logging_mixin.py:188} INFO - [2024-04-28T15:49:58.713+0000] {dagbag.py:540} INFO - Filling up the DagBag from /home/airflow/.local/lib/python3.12/site-packages/airflow/example_dags/example_python_operator.py
[2024-04-28T15:49:58.726+0000] {processor.py:840} INFO - DAG(s) 'example_python_operator' retrieved from /home/airflow/.local/lib/python3.12/site-packages/airflow/example_dags/example_python_operator.py
[2024-04-28T15:49:58.751+0000] {logging_mixin.py:188} INFO - [2024-04-28T15:49:58.751+0000] {dag.py:3096} INFO - Sync 1 DAGs
[2024-04-28T15:49:58.763+0000] {logging_mixin.py:188} INFO - [2024-04-28T15:49:58.762+0000] {dag.py:3954} INFO - Setting next_dagrun for example_python_operator to None, run_after=None
[2024-04-28T15:49:58.783+0000] {processor.py:183} INFO - Processing /home/airflow/.local/lib/python3.12/site-packages/airflow/example_dags/example_python_operator.py took 0.079 seconds
[2024-04-28T15:50:29.405+0000] {processor.py:161} INFO - Started process (PID=234) to work on /home/airflow/.local/lib/python3.12/site-packages/airflow/example_dags/example_python_operator.py
[2024-04-28T15:50:29.406+0000] {processor.py:830} INFO - Processing file /home/airflow/.local/lib/python3.12/site-packages/airflow/example_dags/example_python_operator.py for tasks to queue
[2024-04-28T15:50:29.408+0000] {logging_mixin.py:188} INFO - [2024-04-28T15:50:29.407+0000] {dagbag.py:540} INFO - Filling up the DagBag from /home/airflow/.local/lib/python3.12/site-packages/airflow/example_dags/example_python_operator.py
[2024-04-28T15:50:29.417+0000] {processor.py:840} INFO - DAG(s) 'example_python_operator' retrieved from /home/airflow/.local/lib/python3.12/site-packages/airflow/example_dags/example_python_operator.py
[2024-04-28T15:50:29.436+0000] {logging_mixin.py:188} INFO - [2024-04-28T15:50:29.436+0000] {dag.py:3096} INFO - Sync 1 DAGs
[2024-04-28T15:50:29.447+0000] {logging_mixin.py:188} INFO - [2024-04-28T15:50:29.447+0000] {dag.py:3954} INFO - Setting next_dagrun for example_python_operator to None, run_after=None
[2024-04-28T15:50:29.463+0000] {processor.py:183} INFO - Processing /home/airflow/.local/lib/python3.12/site-packages/airflow/example_dags/example_python_operator.py took 0.063 seconds
[2024-04-28T15:50:59.997+0000] {processor.py:161} INFO - Started process (PID=292) to work on /home/airflow/.local/lib/python3.12/site-packages/airflow/example_dags/example_python_operator.py
[2024-04-28T15:50:59.998+0000] {processor.py:830} INFO - Processing file /home/airflow/.local/lib/python3.12/site-packages/airflow/example_dags/example_python_operator.py for tasks to queue
[2024-04-28T15:50:59.999+0000] {logging_mixin.py:188} INFO - [2024-04-28T15:50:59.999+0000] {dagbag.py:540} INFO - Filling up the DagBag from /home/airflow/.local/lib/python3.12/site-packages/airflow/example_dags/example_python_operator.py
[2024-04-28T15:51:00.009+0000] {processor.py:840} INFO - DAG(s) 'example_python_operator' retrieved from /home/airflow/.local/lib/python3.12/site-packages/airflow/example_dags/example_python_operator.py
[2024-04-28T15:51:00.039+0000] {logging_mixin.py:188} INFO - [2024-04-28T15:51:00.039+0000] {dag.py:3096} INFO - Sync 1 DAGs
[2024-04-28T15:51:00.051+0000] {logging_mixin.py:188} INFO - [2024-04-28T15:51:00.051+0000] {dag.py:3954} INFO - Setting next_dagrun for example_python_operator to None, run_after=None
[2024-04-28T15:51:00.069+0000] {processor.py:183} INFO - Processing /home/airflow/.local/lib/python3.12/site-packages/airflow/example_dags/example_python_operator.py took 0.078 seconds
[2024-04-28T15:51:30.922+0000] {processor.py:161} INFO - Started process (PID=350) to work on /home/airflow/.local/lib/python3.12/site-packages/airflow/example_dags/example_python_operator.py
[2024-04-28T15:51:30.924+0000] {processor.py:830} INFO - Processing file /home/airflow/.local/lib/python3.12/site-packages/airflow/example_dags/example_python_operator.py for tasks to queue
[2024-04-28T15:51:30.927+0000] {logging_mixin.py:188} INFO - [2024-04-28T15:51:30.926+0000] {dagbag.py:540} INFO - Filling up the DagBag from /home/airflow/.local/lib/python3.12/site-packages/airflow/example_dags/example_python_operator.py
[2024-04-28T15:51:30.940+0000] {processor.py:840} INFO - DAG(s) 'example_python_operator' retrieved from /home/airflow/.local/lib/python3.12/site-packages/airflow/example_dags/example_python_operator.py
[2024-04-28T15:51:30.973+0000] {logging_mixin.py:188} INFO - [2024-04-28T15:51:30.973+0000] {dag.py:3096} INFO - Sync 1 DAGs
[2024-04-28T15:51:30.994+0000] {logging_mixin.py:188} INFO - [2024-04-28T15:51:30.994+0000] {dag.py:3954} INFO - Setting next_dagrun for example_python_operator to None, run_after=None
[2024-04-28T15:51:31.027+0000] {processor.py:183} INFO - Processing /home/airflow/.local/lib/python3.12/site-packages/airflow/example_dags/example_python_operator.py took 0.114 seconds
[2024-04-28T15:53:33.508+0000] {processor.py:161} INFO - Started process (PID=62) to work on /home/airflow/.local/lib/python3.12/site-packages/airflow/example_dags/example_python_operator.py
[2024-04-28T15:53:33.511+0000] {processor.py:830} INFO - Processing file /home/airflow/.local/lib/python3.12/site-packages/airflow/example_dags/example_python_operator.py for tasks to queue
[2024-04-28T15:53:33.515+0000] {logging_mixin.py:188} INFO - [2024-04-28T15:53:33.514+0000] {dagbag.py:540} INFO - Filling up the DagBag from /home/airflow/.local/lib/python3.12/site-packages/airflow/example_dags/example_python_operator.py
[2024-04-28T15:53:33.544+0000] {processor.py:840} INFO - DAG(s) 'example_python_operator' retrieved from /home/airflow/.local/lib/python3.12/site-packages/airflow/example_dags/example_python_operator.py
[2024-04-28T15:53:33.568+0000] {logging_mixin.py:188} INFO - [2024-04-28T15:53:33.567+0000] {dag.py:3096} INFO - Sync 1 DAGs
[2024-04-28T15:53:33.586+0000] {logging_mixin.py:188} INFO - [2024-04-28T15:53:33.585+0000] {dag.py:3954} INFO - Setting next_dagrun for example_python_operator to None, run_after=None
[2024-04-28T15:53:33.608+0000] {processor.py:183} INFO - Processing /home/airflow/.local/lib/python3.12/site-packages/airflow/example_dags/example_python_operator.py took 0.111 seconds
[2024-04-28T15:54:04.751+0000] {processor.py:161} INFO - Started process (PID=122) to work on /home/airflow/.local/lib/python3.12/site-packages/airflow/example_dags/example_python_operator.py
[2024-04-28T15:54:04.753+0000] {processor.py:830} INFO - Processing file /home/airflow/.local/lib/python3.12/site-packages/airflow/example_dags/example_python_operator.py for tasks to queue
[2024-04-28T15:54:04.755+0000] {logging_mixin.py:188} INFO - [2024-04-28T15:54:04.755+0000] {dagbag.py:540} INFO - Filling up the DagBag from /home/airflow/.local/lib/python3.12/site-packages/airflow/example_dags/example_python_operator.py
[2024-04-28T15:54:04.764+0000] {processor.py:840} INFO - DAG(s) 'example_python_operator' retrieved from /home/airflow/.local/lib/python3.12/site-packages/airflow/example_dags/example_python_operator.py
[2024-04-28T15:54:04.843+0000] {logging_mixin.py:188} INFO - [2024-04-28T15:54:04.843+0000] {dag.py:3096} INFO - Sync 1 DAGs
[2024-04-28T15:54:04.852+0000] {logging_mixin.py:188} INFO - [2024-04-28T15:54:04.851+0000] {dag.py:3954} INFO - Setting next_dagrun for example_python_operator to None, run_after=None
[2024-04-28T15:54:04.868+0000] {processor.py:183} INFO - Processing /home/airflow/.local/lib/python3.12/site-packages/airflow/example_dags/example_python_operator.py took 0.122 seconds
[2024-04-28T15:54:35.262+0000] {processor.py:161} INFO - Started process (PID=190) to work on /home/airflow/.local/lib/python3.12/site-packages/airflow/example_dags/example_python_operator.py
[2024-04-28T15:54:35.263+0000] {processor.py:830} INFO - Processing file /home/airflow/.local/lib/python3.12/site-packages/airflow/example_dags/example_python_operator.py for tasks to queue
[2024-04-28T15:54:35.264+0000] {logging_mixin.py:188} INFO - [2024-04-28T15:54:35.264+0000] {dagbag.py:540} INFO - Filling up the DagBag from /home/airflow/.local/lib/python3.12/site-packages/airflow/example_dags/example_python_operator.py
[2024-04-28T15:54:35.274+0000] {processor.py:840} INFO - DAG(s) 'example_python_operator' retrieved from /home/airflow/.local/lib/python3.12/site-packages/airflow/example_dags/example_python_operator.py
[2024-04-28T15:54:35.293+0000] {logging_mixin.py:188} INFO - [2024-04-28T15:54:35.293+0000] {dag.py:3096} INFO - Sync 1 DAGs
[2024-04-28T15:54:35.303+0000] {logging_mixin.py:188} INFO - [2024-04-28T15:54:35.303+0000] {dag.py:3954} INFO - Setting next_dagrun for example_python_operator to None, run_after=None
[2024-04-28T15:54:35.319+0000] {processor.py:183} INFO - Processing /home/airflow/.local/lib/python3.12/site-packages/airflow/example_dags/example_python_operator.py took 0.062 seconds
[2024-04-28T15:55:06.450+0000] {processor.py:161} INFO - Started process (PID=250) to work on /home/airflow/.local/lib/python3.12/site-packages/airflow/example_dags/example_python_operator.py
[2024-04-28T15:55:06.451+0000] {processor.py:830} INFO - Processing file /home/airflow/.local/lib/python3.12/site-packages/airflow/example_dags/example_python_operator.py for tasks to queue
[2024-04-28T15:55:06.452+0000] {logging_mixin.py:188} INFO - [2024-04-28T15:55:06.452+0000] {dagbag.py:540} INFO - Filling up the DagBag from /home/airflow/.local/lib/python3.12/site-packages/airflow/example_dags/example_python_operator.py
[2024-04-28T15:55:06.461+0000] {processor.py:840} INFO - DAG(s) 'example_python_operator' retrieved from /home/airflow/.local/lib/python3.12/site-packages/airflow/example_dags/example_python_operator.py
[2024-04-28T15:55:06.481+0000] {logging_mixin.py:188} INFO - [2024-04-28T15:55:06.481+0000] {dag.py:3096} INFO - Sync 1 DAGs
[2024-04-28T15:55:06.492+0000] {logging_mixin.py:188} INFO - [2024-04-28T15:55:06.492+0000] {dag.py:3954} INFO - Setting next_dagrun for example_python_operator to None, run_after=None
[2024-04-28T15:55:06.509+0000] {processor.py:183} INFO - Processing /home/airflow/.local/lib/python3.12/site-packages/airflow/example_dags/example_python_operator.py took 0.065 seconds
[2024-04-28T15:55:37.512+0000] {processor.py:161} INFO - Started process (PID=310) to work on /home/airflow/.local/lib/python3.12/site-packages/airflow/example_dags/example_python_operator.py
[2024-04-28T15:55:37.513+0000] {processor.py:830} INFO - Processing file /home/airflow/.local/lib/python3.12/site-packages/airflow/example_dags/example_python_operator.py for tasks to queue
[2024-04-28T15:55:37.515+0000] {logging_mixin.py:188} INFO - [2024-04-28T15:55:37.514+0000] {dagbag.py:540} INFO - Filling up the DagBag from /home/airflow/.local/lib/python3.12/site-packages/airflow/example_dags/example_python_operator.py
[2024-04-28T15:55:37.523+0000] {processor.py:840} INFO - DAG(s) 'example_python_operator' retrieved from /home/airflow/.local/lib/python3.12/site-packages/airflow/example_dags/example_python_operator.py
[2024-04-28T15:55:37.545+0000] {logging_mixin.py:188} INFO - [2024-04-28T15:55:37.544+0000] {dag.py:3096} INFO - Sync 1 DAGs
[2024-04-28T15:55:37.555+0000] {logging_mixin.py:188} INFO - [2024-04-28T15:55:37.554+0000] {dag.py:3954} INFO - Setting next_dagrun for example_python_operator to None, run_after=None
[2024-04-28T15:55:37.571+0000] {processor.py:183} INFO - Processing /home/airflow/.local/lib/python3.12/site-packages/airflow/example_dags/example_python_operator.py took 0.064 seconds
[2024-04-28T15:56:07.657+0000] {processor.py:161} INFO - Started process (PID=368) to work on /home/airflow/.local/lib/python3.12/site-packages/airflow/example_dags/example_python_operator.py
[2024-04-28T15:56:07.658+0000] {processor.py:830} INFO - Processing file /home/airflow/.local/lib/python3.12/site-packages/airflow/example_dags/example_python_operator.py for tasks to queue
[2024-04-28T15:56:07.660+0000] {logging_mixin.py:188} INFO - [2024-04-28T15:56:07.659+0000] {dagbag.py:540} INFO - Filling up the DagBag from /home/airflow/.local/lib/python3.12/site-packages/airflow/example_dags/example_python_operator.py
[2024-04-28T15:56:07.668+0000] {processor.py:840} INFO - DAG(s) 'example_python_operator' retrieved from /home/airflow/.local/lib/python3.12/site-packages/airflow/example_dags/example_python_operator.py
[2024-04-28T15:56:07.686+0000] {logging_mixin.py:188} INFO - [2024-04-28T15:56:07.686+0000] {dag.py:3096} INFO - Sync 1 DAGs
[2024-04-28T15:56:07.696+0000] {logging_mixin.py:188} INFO - [2024-04-28T15:56:07.696+0000] {dag.py:3954} INFO - Setting next_dagrun for example_python_operator to None, run_after=None
[2024-04-28T15:56:07.710+0000] {processor.py:183} INFO - Processing /home/airflow/.local/lib/python3.12/site-packages/airflow/example_dags/example_python_operator.py took 0.058 seconds
[2024-04-28T15:56:37.765+0000] {processor.py:161} INFO - Started process (PID=428) to work on /home/airflow/.local/lib/python3.12/site-packages/airflow/example_dags/example_python_operator.py
[2024-04-28T15:56:37.765+0000] {processor.py:830} INFO - Processing file /home/airflow/.local/lib/python3.12/site-packages/airflow/example_dags/example_python_operator.py for tasks to queue
[2024-04-28T15:56:37.767+0000] {logging_mixin.py:188} INFO - [2024-04-28T15:56:37.766+0000] {dagbag.py:540} INFO - Filling up the DagBag from /home/airflow/.local/lib/python3.12/site-packages/airflow/example_dags/example_python_operator.py
[2024-04-28T15:56:37.774+0000] {processor.py:840} INFO - DAG(s) 'example_python_operator' retrieved from /home/airflow/.local/lib/python3.12/site-packages/airflow/example_dags/example_python_operator.py
[2024-04-28T15:56:37.792+0000] {logging_mixin.py:188} INFO - [2024-04-28T15:56:37.792+0000] {dag.py:3096} INFO - Sync 1 DAGs
[2024-04-28T15:56:37.803+0000] {logging_mixin.py:188} INFO - [2024-04-28T15:56:37.803+0000] {dag.py:3954} INFO - Setting next_dagrun for example_python_operator to None, run_after=None
[2024-04-28T15:56:37.817+0000] {processor.py:183} INFO - Processing /home/airflow/.local/lib/python3.12/site-packages/airflow/example_dags/example_python_operator.py took 0.057 seconds
[2024-04-28T15:57:08.373+0000] {processor.py:161} INFO - Started process (PID=488) to work on /home/airflow/.local/lib/python3.12/site-packages/airflow/example_dags/example_python_operator.py
[2024-04-28T15:57:08.374+0000] {processor.py:830} INFO - Processing file /home/airflow/.local/lib/python3.12/site-packages/airflow/example_dags/example_python_operator.py for tasks to queue
[2024-04-28T15:57:08.375+0000] {logging_mixin.py:188} INFO - [2024-04-28T15:57:08.375+0000] {dagbag.py:540} INFO - Filling up the DagBag from /home/airflow/.local/lib/python3.12/site-packages/airflow/example_dags/example_python_operator.py
[2024-04-28T15:57:08.383+0000] {processor.py:840} INFO - DAG(s) 'example_python_operator' retrieved from /home/airflow/.local/lib/python3.12/site-packages/airflow/example_dags/example_python_operator.py
[2024-04-28T15:57:08.400+0000] {logging_mixin.py:188} INFO - [2024-04-28T15:57:08.400+0000] {dag.py:3096} INFO - Sync 1 DAGs
[2024-04-28T15:57:08.409+0000] {logging_mixin.py:188} INFO - [2024-04-28T15:57:08.409+0000] {dag.py:3954} INFO - Setting next_dagrun for example_python_operator to None, run_after=None
[2024-04-28T15:57:08.425+0000] {processor.py:183} INFO - Processing /home/airflow/.local/lib/python3.12/site-packages/airflow/example_dags/example_python_operator.py took 0.056 seconds
[2024-04-28T15:57:38.800+0000] {processor.py:161} INFO - Started process (PID=548) to work on /home/airflow/.local/lib/python3.12/site-packages/airflow/example_dags/example_python_operator.py
[2024-04-28T15:57:38.801+0000] {processor.py:830} INFO - Processing file /home/airflow/.local/lib/python3.12/site-packages/airflow/example_dags/example_python_operator.py for tasks to queue
[2024-04-28T15:57:38.803+0000] {logging_mixin.py:188} INFO - [2024-04-28T15:57:38.802+0000] {dagbag.py:540} INFO - Filling up the DagBag from /home/airflow/.local/lib/python3.12/site-packages/airflow/example_dags/example_python_operator.py
[2024-04-28T15:57:38.810+0000] {processor.py:840} INFO - DAG(s) 'example_python_operator' retrieved from /home/airflow/.local/lib/python3.12/site-packages/airflow/example_dags/example_python_operator.py
[2024-04-28T15:57:38.828+0000] {logging_mixin.py:188} INFO - [2024-04-28T15:57:38.828+0000] {dag.py:3096} INFO - Sync 1 DAGs
[2024-04-28T15:57:38.838+0000] {logging_mixin.py:188} INFO - [2024-04-28T15:57:38.838+0000] {dag.py:3954} INFO - Setting next_dagrun for example_python_operator to None, run_after=None
[2024-04-28T15:57:38.853+0000] {processor.py:183} INFO - Processing /home/airflow/.local/lib/python3.12/site-packages/airflow/example_dags/example_python_operator.py took 0.057 seconds
[2024-04-28T15:58:09.139+0000] {processor.py:161} INFO - Started process (PID=608) to work on /home/airflow/.local/lib/python3.12/site-packages/airflow/example_dags/example_python_operator.py
[2024-04-28T15:58:09.140+0000] {processor.py:830} INFO - Processing file /home/airflow/.local/lib/python3.12/site-packages/airflow/example_dags/example_python_operator.py for tasks to queue
[2024-04-28T15:58:09.141+0000] {logging_mixin.py:188} INFO - [2024-04-28T15:58:09.141+0000] {dagbag.py:540} INFO - Filling up the DagBag from /home/airflow/.local/lib/python3.12/site-packages/airflow/example_dags/example_python_operator.py
[2024-04-28T15:58:09.149+0000] {processor.py:840} INFO - DAG(s) 'example_python_operator' retrieved from /home/airflow/.local/lib/python3.12/site-packages/airflow/example_dags/example_python_operator.py
[2024-04-28T15:58:09.167+0000] {logging_mixin.py:188} INFO - [2024-04-28T15:58:09.167+0000] {dag.py:3096} INFO - Sync 1 DAGs
[2024-04-28T15:58:09.179+0000] {logging_mixin.py:188} INFO - [2024-04-28T15:58:09.179+0000] {dag.py:3954} INFO - Setting next_dagrun for example_python_operator to None, run_after=None
[2024-04-28T15:58:09.200+0000] {processor.py:183} INFO - Processing /home/airflow/.local/lib/python3.12/site-packages/airflow/example_dags/example_python_operator.py took 0.065 seconds
[2024-04-28T15:58:39.674+0000] {processor.py:161} INFO - Started process (PID=668) to work on /home/airflow/.local/lib/python3.12/site-packages/airflow/example_dags/example_python_operator.py
[2024-04-28T15:58:39.675+0000] {processor.py:830} INFO - Processing file /home/airflow/.local/lib/python3.12/site-packages/airflow/example_dags/example_python_operator.py for tasks to queue
[2024-04-28T15:58:39.677+0000] {logging_mixin.py:188} INFO - [2024-04-28T15:58:39.677+0000] {dagbag.py:540} INFO - Filling up the DagBag from /home/airflow/.local/lib/python3.12/site-packages/airflow/example_dags/example_python_operator.py
[2024-04-28T15:58:39.685+0000] {processor.py:840} INFO - DAG(s) 'example_python_operator' retrieved from /home/airflow/.local/lib/python3.12/site-packages/airflow/example_dags/example_python_operator.py
[2024-04-28T15:58:39.706+0000] {logging_mixin.py:188} INFO - [2024-04-28T15:58:39.705+0000] {dag.py:3096} INFO - Sync 1 DAGs
[2024-04-28T15:58:39.720+0000] {logging_mixin.py:188} INFO - [2024-04-28T15:58:39.719+0000] {dag.py:3954} INFO - Setting next_dagrun for example_python_operator to None, run_after=None
[2024-04-28T15:58:39.738+0000] {processor.py:183} INFO - Processing /home/airflow/.local/lib/python3.12/site-packages/airflow/example_dags/example_python_operator.py took 0.069 seconds
[2024-04-28T15:59:10.261+0000] {processor.py:161} INFO - Started process (PID=728) to work on /home/airflow/.local/lib/python3.12/site-packages/airflow/example_dags/example_python_operator.py
[2024-04-28T15:59:10.262+0000] {processor.py:830} INFO - Processing file /home/airflow/.local/lib/python3.12/site-packages/airflow/example_dags/example_python_operator.py for tasks to queue
[2024-04-28T15:59:10.263+0000] {logging_mixin.py:188} INFO - [2024-04-28T15:59:10.263+0000] {dagbag.py:540} INFO - Filling up the DagBag from /home/airflow/.local/lib/python3.12/site-packages/airflow/example_dags/example_python_operator.py
[2024-04-28T15:59:10.271+0000] {processor.py:840} INFO - DAG(s) 'example_python_operator' retrieved from /home/airflow/.local/lib/python3.12/site-packages/airflow/example_dags/example_python_operator.py
[2024-04-28T15:59:10.290+0000] {logging_mixin.py:188} INFO - [2024-04-28T15:59:10.290+0000] {dag.py:3096} INFO - Sync 1 DAGs
[2024-04-28T15:59:10.300+0000] {logging_mixin.py:188} INFO - [2024-04-28T15:59:10.300+0000] {dag.py:3954} INFO - Setting next_dagrun for example_python_operator to None, run_after=None
[2024-04-28T15:59:10.317+0000] {processor.py:183} INFO - Processing /home/airflow/.local/lib/python3.12/site-packages/airflow/example_dags/example_python_operator.py took 0.061 seconds
[2024-04-28T15:59:40.785+0000] {processor.py:161} INFO - Started process (PID=788) to work on /home/airflow/.local/lib/python3.12/site-packages/airflow/example_dags/example_python_operator.py
[2024-04-28T15:59:40.786+0000] {processor.py:830} INFO - Processing file /home/airflow/.local/lib/python3.12/site-packages/airflow/example_dags/example_python_operator.py for tasks to queue
[2024-04-28T15:59:40.788+0000] {logging_mixin.py:188} INFO - [2024-04-28T15:59:40.787+0000] {dagbag.py:540} INFO - Filling up the DagBag from /home/airflow/.local/lib/python3.12/site-packages/airflow/example_dags/example_python_operator.py
[2024-04-28T15:59:40.796+0000] {processor.py:840} INFO - DAG(s) 'example_python_operator' retrieved from /home/airflow/.local/lib/python3.12/site-packages/airflow/example_dags/example_python_operator.py
[2024-04-28T15:59:40.814+0000] {logging_mixin.py:188} INFO - [2024-04-28T15:59:40.814+0000] {dag.py:3096} INFO - Sync 1 DAGs
[2024-04-28T15:59:40.824+0000] {logging_mixin.py:188} INFO - [2024-04-28T15:59:40.823+0000] {dag.py:3954} INFO - Setting next_dagrun for example_python_operator to None, run_after=None
[2024-04-28T15:59:40.838+0000] {processor.py:183} INFO - Processing /home/airflow/.local/lib/python3.12/site-packages/airflow/example_dags/example_python_operator.py took 0.058 seconds
[2024-04-28T16:00:11.414+0000] {processor.py:161} INFO - Started process (PID=848) to work on /home/airflow/.local/lib/python3.12/site-packages/airflow/example_dags/example_python_operator.py
[2024-04-28T16:00:11.416+0000] {processor.py:830} INFO - Processing file /home/airflow/.local/lib/python3.12/site-packages/airflow/example_dags/example_python_operator.py for tasks to queue
[2024-04-28T16:00:11.417+0000] {logging_mixin.py:188} INFO - [2024-04-28T16:00:11.417+0000] {dagbag.py:540} INFO - Filling up the DagBag from /home/airflow/.local/lib/python3.12/site-packages/airflow/example_dags/example_python_operator.py
[2024-04-28T16:00:11.424+0000] {processor.py:840} INFO - DAG(s) 'example_python_operator' retrieved from /home/airflow/.local/lib/python3.12/site-packages/airflow/example_dags/example_python_operator.py
[2024-04-28T16:00:11.441+0000] {logging_mixin.py:188} INFO - [2024-04-28T16:00:11.441+0000] {dag.py:3096} INFO - Sync 1 DAGs
[2024-04-28T16:00:11.449+0000] {logging_mixin.py:188} INFO - [2024-04-28T16:00:11.449+0000] {dag.py:3954} INFO - Setting next_dagrun for example_python_operator to None, run_after=None
[2024-04-28T16:00:11.462+0000] {processor.py:183} INFO - Processing /home/airflow/.local/lib/python3.12/site-packages/airflow/example_dags/example_python_operator.py took 0.052 seconds
[2024-04-28T16:00:41.891+0000] {processor.py:161} INFO - Started process (PID=908) to work on /home/airflow/.local/lib/python3.12/site-packages/airflow/example_dags/example_python_operator.py
[2024-04-28T16:00:41.892+0000] {processor.py:830} INFO - Processing file /home/airflow/.local/lib/python3.12/site-packages/airflow/example_dags/example_python_operator.py for tasks to queue
[2024-04-28T16:00:41.893+0000] {logging_mixin.py:188} INFO - [2024-04-28T16:00:41.893+0000] {dagbag.py:540} INFO - Filling up the DagBag from /home/airflow/.local/lib/python3.12/site-packages/airflow/example_dags/example_python_operator.py
[2024-04-28T16:00:41.902+0000] {processor.py:840} INFO - DAG(s) 'example_python_operator' retrieved from /home/airflow/.local/lib/python3.12/site-packages/airflow/example_dags/example_python_operator.py
[2024-04-28T16:00:41.921+0000] {logging_mixin.py:188} INFO - [2024-04-28T16:00:41.921+0000] {dag.py:3096} INFO - Sync 1 DAGs
[2024-04-28T16:00:41.930+0000] {logging_mixin.py:188} INFO - [2024-04-28T16:00:41.930+0000] {dag.py:3954} INFO - Setting next_dagrun for example_python_operator to None, run_after=None
[2024-04-28T16:00:41.945+0000] {processor.py:183} INFO - Processing /home/airflow/.local/lib/python3.12/site-packages/airflow/example_dags/example_python_operator.py took 0.060 seconds
[2024-04-28T16:05:54.095+0000] {processor.py:161} INFO - Started process (PID=62) to work on /home/airflow/.local/lib/python3.12/site-packages/airflow/example_dags/example_python_operator.py
[2024-04-28T16:05:54.097+0000] {processor.py:830} INFO - Processing file /home/airflow/.local/lib/python3.12/site-packages/airflow/example_dags/example_python_operator.py for tasks to queue
[2024-04-28T16:05:54.098+0000] {logging_mixin.py:188} INFO - [2024-04-28T16:05:54.098+0000] {dagbag.py:540} INFO - Filling up the DagBag from /home/airflow/.local/lib/python3.12/site-packages/airflow/example_dags/example_python_operator.py
[2024-04-28T16:05:54.111+0000] {processor.py:840} INFO - DAG(s) 'example_python_operator' retrieved from /home/airflow/.local/lib/python3.12/site-packages/airflow/example_dags/example_python_operator.py
[2024-04-28T16:05:54.123+0000] {logging_mixin.py:188} INFO - [2024-04-28T16:05:54.123+0000] {dag.py:3096} INFO - Sync 1 DAGs
[2024-04-28T16:05:54.137+0000] {logging_mixin.py:188} INFO - [2024-04-28T16:05:54.137+0000] {dag.py:3954} INFO - Setting next_dagrun for example_python_operator to None, run_after=None
[2024-04-28T16:05:54.155+0000] {processor.py:183} INFO - Processing /home/airflow/.local/lib/python3.12/site-packages/airflow/example_dags/example_python_operator.py took 0.066 seconds
[2024-04-28T16:06:25.087+0000] {processor.py:161} INFO - Started process (PID=122) to work on /home/airflow/.local/lib/python3.12/site-packages/airflow/example_dags/example_python_operator.py
[2024-04-28T16:06:25.089+0000] {processor.py:830} INFO - Processing file /home/airflow/.local/lib/python3.12/site-packages/airflow/example_dags/example_python_operator.py for tasks to queue
[2024-04-28T16:06:25.090+0000] {logging_mixin.py:188} INFO - [2024-04-28T16:06:25.090+0000] {dagbag.py:540} INFO - Filling up the DagBag from /home/airflow/.local/lib/python3.12/site-packages/airflow/example_dags/example_python_operator.py
[2024-04-28T16:06:25.099+0000] {processor.py:840} INFO - DAG(s) 'example_python_operator' retrieved from /home/airflow/.local/lib/python3.12/site-packages/airflow/example_dags/example_python_operator.py
[2024-04-28T16:06:25.179+0000] {logging_mixin.py:188} INFO - [2024-04-28T16:06:25.179+0000] {dag.py:3096} INFO - Sync 1 DAGs
[2024-04-28T16:06:25.187+0000] {logging_mixin.py:188} INFO - [2024-04-28T16:06:25.187+0000] {dag.py:3954} INFO - Setting next_dagrun for example_python_operator to None, run_after=None
[2024-04-28T16:06:25.204+0000] {processor.py:183} INFO - Processing /home/airflow/.local/lib/python3.12/site-packages/airflow/example_dags/example_python_operator.py took 0.122 seconds
[2024-04-28T16:06:55.809+0000] {processor.py:161} INFO - Started process (PID=186) to work on /home/airflow/.local/lib/python3.12/site-packages/airflow/example_dags/example_python_operator.py
[2024-04-28T16:06:55.810+0000] {processor.py:830} INFO - Processing file /home/airflow/.local/lib/python3.12/site-packages/airflow/example_dags/example_python_operator.py for tasks to queue
[2024-04-28T16:06:55.811+0000] {logging_mixin.py:188} INFO - [2024-04-28T16:06:55.811+0000] {dagbag.py:540} INFO - Filling up the DagBag from /home/airflow/.local/lib/python3.12/site-packages/airflow/example_dags/example_python_operator.py
[2024-04-28T16:06:55.819+0000] {processor.py:840} INFO - DAG(s) 'example_python_operator' retrieved from /home/airflow/.local/lib/python3.12/site-packages/airflow/example_dags/example_python_operator.py
[2024-04-28T16:06:55.838+0000] {logging_mixin.py:188} INFO - [2024-04-28T16:06:55.837+0000] {dag.py:3096} INFO - Sync 1 DAGs
[2024-04-28T16:06:55.847+0000] {logging_mixin.py:188} INFO - [2024-04-28T16:06:55.847+0000] {dag.py:3954} INFO - Setting next_dagrun for example_python_operator to None, run_after=None
[2024-04-28T16:06:55.862+0000] {processor.py:183} INFO - Processing /home/airflow/.local/lib/python3.12/site-packages/airflow/example_dags/example_python_operator.py took 0.058 seconds
[2024-04-28T16:07:26.388+0000] {processor.py:161} INFO - Started process (PID=246) to work on /home/airflow/.local/lib/python3.12/site-packages/airflow/example_dags/example_python_operator.py
[2024-04-28T16:07:26.389+0000] {processor.py:830} INFO - Processing file /home/airflow/.local/lib/python3.12/site-packages/airflow/example_dags/example_python_operator.py for tasks to queue
[2024-04-28T16:07:26.391+0000] {logging_mixin.py:188} INFO - [2024-04-28T16:07:26.390+0000] {dagbag.py:540} INFO - Filling up the DagBag from /home/airflow/.local/lib/python3.12/site-packages/airflow/example_dags/example_python_operator.py
[2024-04-28T16:07:26.398+0000] {processor.py:840} INFO - DAG(s) 'example_python_operator' retrieved from /home/airflow/.local/lib/python3.12/site-packages/airflow/example_dags/example_python_operator.py
[2024-04-28T16:07:26.416+0000] {logging_mixin.py:188} INFO - [2024-04-28T16:07:26.416+0000] {dag.py:3096} INFO - Sync 1 DAGs
[2024-04-28T16:07:26.425+0000] {logging_mixin.py:188} INFO - [2024-04-28T16:07:26.425+0000] {dag.py:3954} INFO - Setting next_dagrun for example_python_operator to None, run_after=None
[2024-04-28T16:07:26.442+0000] {processor.py:183} INFO - Processing /home/airflow/.local/lib/python3.12/site-packages/airflow/example_dags/example_python_operator.py took 0.058 seconds
[2024-04-28T16:07:56.753+0000] {processor.py:161} INFO - Started process (PID=306) to work on /home/airflow/.local/lib/python3.12/site-packages/airflow/example_dags/example_python_operator.py
[2024-04-28T16:07:56.754+0000] {processor.py:830} INFO - Processing file /home/airflow/.local/lib/python3.12/site-packages/airflow/example_dags/example_python_operator.py for tasks to queue
[2024-04-28T16:07:56.755+0000] {logging_mixin.py:188} INFO - [2024-04-28T16:07:56.755+0000] {dagbag.py:540} INFO - Filling up the DagBag from /home/airflow/.local/lib/python3.12/site-packages/airflow/example_dags/example_python_operator.py
[2024-04-28T16:07:56.764+0000] {processor.py:840} INFO - DAG(s) 'example_python_operator' retrieved from /home/airflow/.local/lib/python3.12/site-packages/airflow/example_dags/example_python_operator.py
[2024-04-28T16:07:56.781+0000] {logging_mixin.py:188} INFO - [2024-04-28T16:07:56.781+0000] {dag.py:3096} INFO - Sync 1 DAGs
[2024-04-28T16:07:56.791+0000] {logging_mixin.py:188} INFO - [2024-04-28T16:07:56.791+0000] {dag.py:3954} INFO - Setting next_dagrun for example_python_operator to None, run_after=None
[2024-04-28T16:07:56.806+0000] {processor.py:183} INFO - Processing /home/airflow/.local/lib/python3.12/site-packages/airflow/example_dags/example_python_operator.py took 0.059 seconds
[2024-04-28T16:08:27.213+0000] {processor.py:161} INFO - Started process (PID=366) to work on /home/airflow/.local/lib/python3.12/site-packages/airflow/example_dags/example_python_operator.py
[2024-04-28T16:08:27.213+0000] {processor.py:830} INFO - Processing file /home/airflow/.local/lib/python3.12/site-packages/airflow/example_dags/example_python_operator.py for tasks to queue
[2024-04-28T16:08:27.215+0000] {logging_mixin.py:188} INFO - [2024-04-28T16:08:27.214+0000] {dagbag.py:540} INFO - Filling up the DagBag from /home/airflow/.local/lib/python3.12/site-packages/airflow/example_dags/example_python_operator.py
[2024-04-28T16:08:27.223+0000] {processor.py:840} INFO - DAG(s) 'example_python_operator' retrieved from /home/airflow/.local/lib/python3.12/site-packages/airflow/example_dags/example_python_operator.py
[2024-04-28T16:08:27.243+0000] {logging_mixin.py:188} INFO - [2024-04-28T16:08:27.243+0000] {dag.py:3096} INFO - Sync 1 DAGs
[2024-04-28T16:08:27.253+0000] {logging_mixin.py:188} INFO - [2024-04-28T16:08:27.253+0000] {dag.py:3954} INFO - Setting next_dagrun for example_python_operator to None, run_after=None
[2024-04-28T16:08:27.269+0000] {processor.py:183} INFO - Processing /home/airflow/.local/lib/python3.12/site-packages/airflow/example_dags/example_python_operator.py took 0.061 seconds
[2024-04-28T16:08:58.326+0000] {processor.py:161} INFO - Started process (PID=426) to work on /home/airflow/.local/lib/python3.12/site-packages/airflow/example_dags/example_python_operator.py
[2024-04-28T16:08:58.327+0000] {processor.py:830} INFO - Processing file /home/airflow/.local/lib/python3.12/site-packages/airflow/example_dags/example_python_operator.py for tasks to queue
[2024-04-28T16:08:58.329+0000] {logging_mixin.py:188} INFO - [2024-04-28T16:08:58.328+0000] {dagbag.py:540} INFO - Filling up the DagBag from /home/airflow/.local/lib/python3.12/site-packages/airflow/example_dags/example_python_operator.py
[2024-04-28T16:08:58.337+0000] {processor.py:840} INFO - DAG(s) 'example_python_operator' retrieved from /home/airflow/.local/lib/python3.12/site-packages/airflow/example_dags/example_python_operator.py
[2024-04-28T16:08:58.355+0000] {logging_mixin.py:188} INFO - [2024-04-28T16:08:58.355+0000] {dag.py:3096} INFO - Sync 1 DAGs
[2024-04-28T16:08:58.366+0000] {logging_mixin.py:188} INFO - [2024-04-28T16:08:58.366+0000] {dag.py:3954} INFO - Setting next_dagrun for example_python_operator to None, run_after=None
[2024-04-28T16:08:58.384+0000] {processor.py:183} INFO - Processing /home/airflow/.local/lib/python3.12/site-packages/airflow/example_dags/example_python_operator.py took 0.062 seconds
[2024-04-28T16:09:28.948+0000] {processor.py:161} INFO - Started process (PID=485) to work on /home/airflow/.local/lib/python3.12/site-packages/airflow/example_dags/example_python_operator.py
[2024-04-28T16:09:28.949+0000] {processor.py:830} INFO - Processing file /home/airflow/.local/lib/python3.12/site-packages/airflow/example_dags/example_python_operator.py for tasks to queue
[2024-04-28T16:09:28.950+0000] {logging_mixin.py:188} INFO - [2024-04-28T16:09:28.950+0000] {dagbag.py:540} INFO - Filling up the DagBag from /home/airflow/.local/lib/python3.12/site-packages/airflow/example_dags/example_python_operator.py
[2024-04-28T16:09:28.958+0000] {processor.py:840} INFO - DAG(s) 'example_python_operator' retrieved from /home/airflow/.local/lib/python3.12/site-packages/airflow/example_dags/example_python_operator.py
[2024-04-28T16:09:28.977+0000] {logging_mixin.py:188} INFO - [2024-04-28T16:09:28.976+0000] {dag.py:3096} INFO - Sync 1 DAGs
[2024-04-28T16:09:28.987+0000] {logging_mixin.py:188} INFO - [2024-04-28T16:09:28.987+0000] {dag.py:3954} INFO - Setting next_dagrun for example_python_operator to None, run_after=None
[2024-04-28T16:09:29.003+0000] {processor.py:183} INFO - Processing /home/airflow/.local/lib/python3.12/site-packages/airflow/example_dags/example_python_operator.py took 0.059 seconds
[2024-04-28T16:09:59.402+0000] {processor.py:161} INFO - Started process (PID=544) to work on /home/airflow/.local/lib/python3.12/site-packages/airflow/example_dags/example_python_operator.py
[2024-04-28T16:09:59.403+0000] {processor.py:830} INFO - Processing file /home/airflow/.local/lib/python3.12/site-packages/airflow/example_dags/example_python_operator.py for tasks to queue
[2024-04-28T16:09:59.405+0000] {logging_mixin.py:188} INFO - [2024-04-28T16:09:59.404+0000] {dagbag.py:540} INFO - Filling up the DagBag from /home/airflow/.local/lib/python3.12/site-packages/airflow/example_dags/example_python_operator.py
[2024-04-28T16:09:59.413+0000] {processor.py:840} INFO - DAG(s) 'example_python_operator' retrieved from /home/airflow/.local/lib/python3.12/site-packages/airflow/example_dags/example_python_operator.py
[2024-04-28T16:09:59.431+0000] {logging_mixin.py:188} INFO - [2024-04-28T16:09:59.431+0000] {dag.py:3096} INFO - Sync 1 DAGs
[2024-04-28T16:09:59.442+0000] {logging_mixin.py:188} INFO - [2024-04-28T16:09:59.442+0000] {dag.py:3954} INFO - Setting next_dagrun for example_python_operator to None, run_after=None
[2024-04-28T16:09:59.458+0000] {processor.py:183} INFO - Processing /home/airflow/.local/lib/python3.12/site-packages/airflow/example_dags/example_python_operator.py took 0.061 seconds
[2024-04-28T16:10:29.791+0000] {processor.py:161} INFO - Started process (PID=604) to work on /home/airflow/.local/lib/python3.12/site-packages/airflow/example_dags/example_python_operator.py
[2024-04-28T16:10:29.792+0000] {processor.py:830} INFO - Processing file /home/airflow/.local/lib/python3.12/site-packages/airflow/example_dags/example_python_operator.py for tasks to queue
[2024-04-28T16:10:29.793+0000] {logging_mixin.py:188} INFO - [2024-04-28T16:10:29.793+0000] {dagbag.py:540} INFO - Filling up the DagBag from /home/airflow/.local/lib/python3.12/site-packages/airflow/example_dags/example_python_operator.py
[2024-04-28T16:10:29.802+0000] {processor.py:840} INFO - DAG(s) 'example_python_operator' retrieved from /home/airflow/.local/lib/python3.12/site-packages/airflow/example_dags/example_python_operator.py
[2024-04-28T16:10:29.823+0000] {logging_mixin.py:188} INFO - [2024-04-28T16:10:29.823+0000] {dag.py:3096} INFO - Sync 1 DAGs
[2024-04-28T16:10:29.834+0000] {logging_mixin.py:188} INFO - [2024-04-28T16:10:29.834+0000] {dag.py:3954} INFO - Setting next_dagrun for example_python_operator to None, run_after=None
[2024-04-28T16:10:29.852+0000] {processor.py:183} INFO - Processing /home/airflow/.local/lib/python3.12/site-packages/airflow/example_dags/example_python_operator.py took 0.067 seconds
[2024-04-28T16:11:00.143+0000] {processor.py:161} INFO - Started process (PID=664) to work on /home/airflow/.local/lib/python3.12/site-packages/airflow/example_dags/example_python_operator.py
[2024-04-28T16:11:00.145+0000] {processor.py:830} INFO - Processing file /home/airflow/.local/lib/python3.12/site-packages/airflow/example_dags/example_python_operator.py for tasks to queue
[2024-04-28T16:11:00.147+0000] {logging_mixin.py:188} INFO - [2024-04-28T16:11:00.147+0000] {dagbag.py:540} INFO - Filling up the DagBag from /home/airflow/.local/lib/python3.12/site-packages/airflow/example_dags/example_python_operator.py
[2024-04-28T16:11:00.155+0000] {processor.py:840} INFO - DAG(s) 'example_python_operator' retrieved from /home/airflow/.local/lib/python3.12/site-packages/airflow/example_dags/example_python_operator.py
[2024-04-28T16:11:00.173+0000] {logging_mixin.py:188} INFO - [2024-04-28T16:11:00.172+0000] {dag.py:3096} INFO - Sync 1 DAGs
[2024-04-28T16:11:00.183+0000] {logging_mixin.py:188} INFO - [2024-04-28T16:11:00.182+0000] {dag.py:3954} INFO - Setting next_dagrun for example_python_operator to None, run_after=None
[2024-04-28T16:11:00.200+0000] {processor.py:183} INFO - Processing /home/airflow/.local/lib/python3.12/site-packages/airflow/example_dags/example_python_operator.py took 0.062 seconds
[2024-04-28T16:11:30.796+0000] {processor.py:161} INFO - Started process (PID=724) to work on /home/airflow/.local/lib/python3.12/site-packages/airflow/example_dags/example_python_operator.py
[2024-04-28T16:11:30.799+0000] {processor.py:830} INFO - Processing file /home/airflow/.local/lib/python3.12/site-packages/airflow/example_dags/example_python_operator.py for tasks to queue
[2024-04-28T16:11:30.801+0000] {logging_mixin.py:188} INFO - [2024-04-28T16:11:30.801+0000] {dagbag.py:540} INFO - Filling up the DagBag from /home/airflow/.local/lib/python3.12/site-packages/airflow/example_dags/example_python_operator.py
[2024-04-28T16:11:30.810+0000] {processor.py:840} INFO - DAG(s) 'example_python_operator' retrieved from /home/airflow/.local/lib/python3.12/site-packages/airflow/example_dags/example_python_operator.py
[2024-04-28T16:11:30.830+0000] {logging_mixin.py:188} INFO - [2024-04-28T16:11:30.830+0000] {dag.py:3096} INFO - Sync 1 DAGs
[2024-04-28T16:11:30.841+0000] {logging_mixin.py:188} INFO - [2024-04-28T16:11:30.840+0000] {dag.py:3954} INFO - Setting next_dagrun for example_python_operator to None, run_after=None
[2024-04-28T16:11:30.858+0000] {processor.py:183} INFO - Processing /home/airflow/.local/lib/python3.12/site-packages/airflow/example_dags/example_python_operator.py took 0.068 seconds
[2024-04-28T16:12:01.405+0000] {processor.py:161} INFO - Started process (PID=784) to work on /home/airflow/.local/lib/python3.12/site-packages/airflow/example_dags/example_python_operator.py
[2024-04-28T16:12:01.408+0000] {processor.py:830} INFO - Processing file /home/airflow/.local/lib/python3.12/site-packages/airflow/example_dags/example_python_operator.py for tasks to queue
[2024-04-28T16:12:01.409+0000] {logging_mixin.py:188} INFO - [2024-04-28T16:12:01.409+0000] {dagbag.py:540} INFO - Filling up the DagBag from /home/airflow/.local/lib/python3.12/site-packages/airflow/example_dags/example_python_operator.py
[2024-04-28T16:12:01.418+0000] {processor.py:840} INFO - DAG(s) 'example_python_operator' retrieved from /home/airflow/.local/lib/python3.12/site-packages/airflow/example_dags/example_python_operator.py
[2024-04-28T16:12:01.435+0000] {logging_mixin.py:188} INFO - [2024-04-28T16:12:01.434+0000] {dag.py:3096} INFO - Sync 1 DAGs
[2024-04-28T16:12:01.444+0000] {logging_mixin.py:188} INFO - [2024-04-28T16:12:01.444+0000] {dag.py:3954} INFO - Setting next_dagrun for example_python_operator to None, run_after=None
[2024-04-28T16:12:01.460+0000] {processor.py:183} INFO - Processing /home/airflow/.local/lib/python3.12/site-packages/airflow/example_dags/example_python_operator.py took 0.059 seconds
[2024-04-28T16:12:31.894+0000] {processor.py:161} INFO - Started process (PID=844) to work on /home/airflow/.local/lib/python3.12/site-packages/airflow/example_dags/example_python_operator.py
[2024-04-28T16:12:31.895+0000] {processor.py:830} INFO - Processing file /home/airflow/.local/lib/python3.12/site-packages/airflow/example_dags/example_python_operator.py for tasks to queue
[2024-04-28T16:12:31.896+0000] {logging_mixin.py:188} INFO - [2024-04-28T16:12:31.896+0000] {dagbag.py:540} INFO - Filling up the DagBag from /home/airflow/.local/lib/python3.12/site-packages/airflow/example_dags/example_python_operator.py
[2024-04-28T16:12:31.905+0000] {processor.py:840} INFO - DAG(s) 'example_python_operator' retrieved from /home/airflow/.local/lib/python3.12/site-packages/airflow/example_dags/example_python_operator.py
[2024-04-28T16:12:31.929+0000] {logging_mixin.py:188} INFO - [2024-04-28T16:12:31.929+0000] {dag.py:3096} INFO - Sync 1 DAGs
[2024-04-28T16:12:31.940+0000] {logging_mixin.py:188} INFO - [2024-04-28T16:12:31.940+0000] {dag.py:3954} INFO - Setting next_dagrun for example_python_operator to None, run_after=None
[2024-04-28T16:12:31.961+0000] {processor.py:183} INFO - Processing /home/airflow/.local/lib/python3.12/site-packages/airflow/example_dags/example_python_operator.py took 0.072 seconds
