[2024-04-28T15:48:56.607+0000] {processor.py:161} INFO - Started process (PID=68) to work on /home/airflow/.local/lib/python3.12/site-packages/airflow/example_dags/example_xcomargs.py
[2024-04-28T15:48:56.608+0000] {processor.py:830} INFO - Processing file /home/airflow/.local/lib/python3.12/site-packages/airflow/example_dags/example_xcomargs.py for tasks to queue
[2024-04-28T15:48:56.609+0000] {logging_mixin.py:188} INFO - [2024-04-28T15:48:56.609+0000] {dagbag.py:540} INFO - Filling up the DagBag from /home/airflow/.local/lib/python3.12/site-packages/airflow/example_dags/example_xcomargs.py
[2024-04-28T15:48:56.616+0000] {processor.py:840} INFO - DAG(s) 'example_xcom_args_with_operators', 'example_xcom_args' retrieved from /home/airflow/.local/lib/python3.12/site-packages/airflow/example_dags/example_xcomargs.py
[2024-04-28T15:48:56.699+0000] {logging_mixin.py:188} INFO - [2024-04-28T15:48:56.698+0000] {override.py:1829} INFO - Created Permission View: can delete on DAG:example_xcom_args_with_operators
[2024-04-28T15:48:56.707+0000] {logging_mixin.py:188} INFO - [2024-04-28T15:48:56.706+0000] {override.py:1829} INFO - Created Permission View: can edit on DAG:example_xcom_args_with_operators
[2024-04-28T15:48:56.713+0000] {logging_mixin.py:188} INFO - [2024-04-28T15:48:56.712+0000] {override.py:1829} INFO - Created Permission View: can read on DAG:example_xcom_args_with_operators
[2024-04-28T15:48:56.724+0000] {logging_mixin.py:188} INFO - [2024-04-28T15:48:56.723+0000] {override.py:1829} INFO - Created Permission View: can delete on DAG:example_xcom_args
[2024-04-28T15:48:56.729+0000] {logging_mixin.py:188} INFO - [2024-04-28T15:48:56.729+0000] {override.py:1829} INFO - Created Permission View: can edit on DAG:example_xcom_args
[2024-04-28T15:48:56.734+0000] {logging_mixin.py:188} INFO - [2024-04-28T15:48:56.734+0000] {override.py:1829} INFO - Created Permission View: can read on DAG:example_xcom_args
[2024-04-28T15:48:56.734+0000] {logging_mixin.py:188} INFO - [2024-04-28T15:48:56.734+0000] {dag.py:3096} INFO - Sync 2 DAGs
[2024-04-28T15:48:56.742+0000] {logging_mixin.py:188} INFO - [2024-04-28T15:48:56.742+0000] {dag.py:3118} INFO - Creating ORM DAG for example_xcom_args
[2024-04-28T15:48:56.743+0000] {logging_mixin.py:188} INFO - [2024-04-28T15:48:56.743+0000] {dag.py:3118} INFO - Creating ORM DAG for example_xcom_args_with_operators
[2024-04-28T15:48:56.743+0000] {logging_mixin.py:188} INFO - [2024-04-28T15:48:56.743+0000] {dag.py:3954} INFO - Setting next_dagrun for example_xcom_args to None, run_after=None
[2024-04-28T15:48:56.744+0000] {logging_mixin.py:188} INFO - [2024-04-28T15:48:56.744+0000] {dag.py:3954} INFO - Setting next_dagrun for example_xcom_args_with_operators to None, run_after=None
[2024-04-28T15:48:56.759+0000] {processor.py:183} INFO - Processing /home/airflow/.local/lib/python3.12/site-packages/airflow/example_dags/example_xcomargs.py took 0.156 seconds
[2024-04-28T15:49:28.348+0000] {processor.py:161} INFO - Started process (PID=126) to work on /home/airflow/.local/lib/python3.12/site-packages/airflow/example_dags/example_xcomargs.py
[2024-04-28T15:49:28.349+0000] {processor.py:830} INFO - Processing file /home/airflow/.local/lib/python3.12/site-packages/airflow/example_dags/example_xcomargs.py for tasks to queue
[2024-04-28T15:49:28.351+0000] {logging_mixin.py:188} INFO - [2024-04-28T15:49:28.351+0000] {dagbag.py:540} INFO - Filling up the DagBag from /home/airflow/.local/lib/python3.12/site-packages/airflow/example_dags/example_xcomargs.py
[2024-04-28T15:49:28.361+0000] {processor.py:840} INFO - DAG(s) 'example_xcom_args_with_operators', 'example_xcom_args' retrieved from /home/airflow/.local/lib/python3.12/site-packages/airflow/example_dags/example_xcomargs.py
[2024-04-28T15:49:28.383+0000] {logging_mixin.py:188} INFO - [2024-04-28T15:49:28.383+0000] {dag.py:3096} INFO - Sync 2 DAGs
[2024-04-28T15:49:28.396+0000] {logging_mixin.py:188} INFO - [2024-04-28T15:49:28.395+0000] {dag.py:3954} INFO - Setting next_dagrun for example_xcom_args to None, run_after=None
[2024-04-28T15:49:28.399+0000] {logging_mixin.py:188} INFO - [2024-04-28T15:49:28.399+0000] {dag.py:3954} INFO - Setting next_dagrun for example_xcom_args_with_operators to None, run_after=None
[2024-04-28T15:49:28.424+0000] {processor.py:183} INFO - Processing /home/airflow/.local/lib/python3.12/site-packages/airflow/example_dags/example_xcomargs.py took 0.082 seconds
[2024-04-28T15:49:59.111+0000] {processor.py:161} INFO - Started process (PID=184) to work on /home/airflow/.local/lib/python3.12/site-packages/airflow/example_dags/example_xcomargs.py
[2024-04-28T15:49:59.113+0000] {processor.py:830} INFO - Processing file /home/airflow/.local/lib/python3.12/site-packages/airflow/example_dags/example_xcomargs.py for tasks to queue
[2024-04-28T15:49:59.115+0000] {logging_mixin.py:188} INFO - [2024-04-28T15:49:59.115+0000] {dagbag.py:540} INFO - Filling up the DagBag from /home/airflow/.local/lib/python3.12/site-packages/airflow/example_dags/example_xcomargs.py
[2024-04-28T15:49:59.124+0000] {processor.py:840} INFO - DAG(s) 'example_xcom_args_with_operators', 'example_xcom_args' retrieved from /home/airflow/.local/lib/python3.12/site-packages/airflow/example_dags/example_xcomargs.py
[2024-04-28T15:49:59.148+0000] {logging_mixin.py:188} INFO - [2024-04-28T15:49:59.147+0000] {dag.py:3096} INFO - Sync 2 DAGs
[2024-04-28T15:49:59.159+0000] {logging_mixin.py:188} INFO - [2024-04-28T15:49:59.159+0000] {dag.py:3954} INFO - Setting next_dagrun for example_xcom_args to None, run_after=None
[2024-04-28T15:49:59.163+0000] {logging_mixin.py:188} INFO - [2024-04-28T15:49:59.163+0000] {dag.py:3954} INFO - Setting next_dagrun for example_xcom_args_with_operators to None, run_after=None
[2024-04-28T15:49:59.186+0000] {processor.py:183} INFO - Processing /home/airflow/.local/lib/python3.12/site-packages/airflow/example_dags/example_xcomargs.py took 0.082 seconds
[2024-04-28T15:50:29.771+0000] {processor.py:161} INFO - Started process (PID=242) to work on /home/airflow/.local/lib/python3.12/site-packages/airflow/example_dags/example_xcomargs.py
[2024-04-28T15:50:29.772+0000] {processor.py:830} INFO - Processing file /home/airflow/.local/lib/python3.12/site-packages/airflow/example_dags/example_xcomargs.py for tasks to queue
[2024-04-28T15:50:29.774+0000] {logging_mixin.py:188} INFO - [2024-04-28T15:50:29.774+0000] {dagbag.py:540} INFO - Filling up the DagBag from /home/airflow/.local/lib/python3.12/site-packages/airflow/example_dags/example_xcomargs.py
[2024-04-28T15:50:29.783+0000] {processor.py:840} INFO - DAG(s) 'example_xcom_args_with_operators', 'example_xcom_args' retrieved from /home/airflow/.local/lib/python3.12/site-packages/airflow/example_dags/example_xcomargs.py
[2024-04-28T15:50:29.808+0000] {logging_mixin.py:188} INFO - [2024-04-28T15:50:29.808+0000] {dag.py:3096} INFO - Sync 2 DAGs
[2024-04-28T15:50:29.822+0000] {logging_mixin.py:188} INFO - [2024-04-28T15:50:29.822+0000] {dag.py:3954} INFO - Setting next_dagrun for example_xcom_args to None, run_after=None
[2024-04-28T15:50:29.826+0000] {logging_mixin.py:188} INFO - [2024-04-28T15:50:29.826+0000] {dag.py:3954} INFO - Setting next_dagrun for example_xcom_args_with_operators to None, run_after=None
[2024-04-28T15:50:29.841+0000] {processor.py:183} INFO - Processing /home/airflow/.local/lib/python3.12/site-packages/airflow/example_dags/example_xcomargs.py took 0.075 seconds
[2024-04-28T15:51:00.402+0000] {processor.py:161} INFO - Started process (PID=300) to work on /home/airflow/.local/lib/python3.12/site-packages/airflow/example_dags/example_xcomargs.py
[2024-04-28T15:51:00.403+0000] {processor.py:830} INFO - Processing file /home/airflow/.local/lib/python3.12/site-packages/airflow/example_dags/example_xcomargs.py for tasks to queue
[2024-04-28T15:51:00.406+0000] {logging_mixin.py:188} INFO - [2024-04-28T15:51:00.405+0000] {dagbag.py:540} INFO - Filling up the DagBag from /home/airflow/.local/lib/python3.12/site-packages/airflow/example_dags/example_xcomargs.py
[2024-04-28T15:51:00.416+0000] {processor.py:840} INFO - DAG(s) 'example_xcom_args', 'example_xcom_args_with_operators' retrieved from /home/airflow/.local/lib/python3.12/site-packages/airflow/example_dags/example_xcomargs.py
[2024-04-28T15:51:00.445+0000] {logging_mixin.py:188} INFO - [2024-04-28T15:51:00.444+0000] {dag.py:3096} INFO - Sync 2 DAGs
[2024-04-28T15:51:00.460+0000] {logging_mixin.py:188} INFO - [2024-04-28T15:51:00.460+0000] {dag.py:3954} INFO - Setting next_dagrun for example_xcom_args to None, run_after=None
[2024-04-28T15:51:00.465+0000] {logging_mixin.py:188} INFO - [2024-04-28T15:51:00.464+0000] {dag.py:3954} INFO - Setting next_dagrun for example_xcom_args_with_operators to None, run_after=None
[2024-04-28T15:51:00.483+0000] {processor.py:183} INFO - Processing /home/airflow/.local/lib/python3.12/site-packages/airflow/example_dags/example_xcomargs.py took 0.087 seconds
[2024-04-28T15:51:31.548+0000] {processor.py:161} INFO - Started process (PID=358) to work on /home/airflow/.local/lib/python3.12/site-packages/airflow/example_dags/example_xcomargs.py
[2024-04-28T15:51:31.549+0000] {processor.py:830} INFO - Processing file /home/airflow/.local/lib/python3.12/site-packages/airflow/example_dags/example_xcomargs.py for tasks to queue
[2024-04-28T15:51:31.551+0000] {logging_mixin.py:188} INFO - [2024-04-28T15:51:31.550+0000] {dagbag.py:540} INFO - Filling up the DagBag from /home/airflow/.local/lib/python3.12/site-packages/airflow/example_dags/example_xcomargs.py
[2024-04-28T15:51:31.560+0000] {processor.py:840} INFO - DAG(s) 'example_xcom_args', 'example_xcom_args_with_operators' retrieved from /home/airflow/.local/lib/python3.12/site-packages/airflow/example_dags/example_xcomargs.py
[2024-04-28T15:51:31.587+0000] {logging_mixin.py:188} INFO - [2024-04-28T15:51:31.586+0000] {dag.py:3096} INFO - Sync 2 DAGs
[2024-04-28T15:51:31.605+0000] {logging_mixin.py:188} INFO - [2024-04-28T15:51:31.605+0000] {dag.py:3954} INFO - Setting next_dagrun for example_xcom_args to None, run_after=None
[2024-04-28T15:51:31.609+0000] {logging_mixin.py:188} INFO - [2024-04-28T15:51:31.609+0000] {dag.py:3954} INFO - Setting next_dagrun for example_xcom_args_with_operators to None, run_after=None
[2024-04-28T15:51:31.630+0000] {processor.py:183} INFO - Processing /home/airflow/.local/lib/python3.12/site-packages/airflow/example_dags/example_xcomargs.py took 0.090 seconds
[2024-04-28T15:53:34.120+0000] {processor.py:161} INFO - Started process (PID=70) to work on /home/airflow/.local/lib/python3.12/site-packages/airflow/example_dags/example_xcomargs.py
[2024-04-28T15:53:34.121+0000] {processor.py:830} INFO - Processing file /home/airflow/.local/lib/python3.12/site-packages/airflow/example_dags/example_xcomargs.py for tasks to queue
[2024-04-28T15:53:34.123+0000] {logging_mixin.py:188} INFO - [2024-04-28T15:53:34.123+0000] {dagbag.py:540} INFO - Filling up the DagBag from /home/airflow/.local/lib/python3.12/site-packages/airflow/example_dags/example_xcomargs.py
[2024-04-28T15:53:34.130+0000] {processor.py:840} INFO - DAG(s) 'example_xcom_args_with_operators', 'example_xcom_args' retrieved from /home/airflow/.local/lib/python3.12/site-packages/airflow/example_dags/example_xcomargs.py
[2024-04-28T15:53:34.146+0000] {logging_mixin.py:188} INFO - [2024-04-28T15:53:34.146+0000] {dag.py:3096} INFO - Sync 2 DAGs
[2024-04-28T15:53:34.166+0000] {logging_mixin.py:188} INFO - [2024-04-28T15:53:34.165+0000] {dag.py:3954} INFO - Setting next_dagrun for example_xcom_args to None, run_after=None
[2024-04-28T15:53:34.170+0000] {logging_mixin.py:188} INFO - [2024-04-28T15:53:34.170+0000] {dag.py:3954} INFO - Setting next_dagrun for example_xcom_args_with_operators to None, run_after=None
[2024-04-28T15:53:34.188+0000] {processor.py:183} INFO - Processing /home/airflow/.local/lib/python3.12/site-packages/airflow/example_dags/example_xcomargs.py took 0.074 seconds
[2024-04-28T15:54:05.324+0000] {processor.py:161} INFO - Started process (PID=130) to work on /home/airflow/.local/lib/python3.12/site-packages/airflow/example_dags/example_xcomargs.py
[2024-04-28T15:54:05.325+0000] {processor.py:830} INFO - Processing file /home/airflow/.local/lib/python3.12/site-packages/airflow/example_dags/example_xcomargs.py for tasks to queue
[2024-04-28T15:54:05.327+0000] {logging_mixin.py:188} INFO - [2024-04-28T15:54:05.326+0000] {dagbag.py:540} INFO - Filling up the DagBag from /home/airflow/.local/lib/python3.12/site-packages/airflow/example_dags/example_xcomargs.py
[2024-04-28T15:54:05.333+0000] {processor.py:840} INFO - DAG(s) 'example_xcom_args_with_operators', 'example_xcom_args' retrieved from /home/airflow/.local/lib/python3.12/site-packages/airflow/example_dags/example_xcomargs.py
[2024-04-28T15:54:05.419+0000] {logging_mixin.py:188} INFO - [2024-04-28T15:54:05.419+0000] {dag.py:3096} INFO - Sync 2 DAGs
[2024-04-28T15:54:05.428+0000] {logging_mixin.py:188} INFO - [2024-04-28T15:54:05.428+0000] {dag.py:3954} INFO - Setting next_dagrun for example_xcom_args to None, run_after=None
[2024-04-28T15:54:05.432+0000] {logging_mixin.py:188} INFO - [2024-04-28T15:54:05.431+0000] {dag.py:3954} INFO - Setting next_dagrun for example_xcom_args_with_operators to None, run_after=None
[2024-04-28T15:54:05.449+0000] {processor.py:183} INFO - Processing /home/airflow/.local/lib/python3.12/site-packages/airflow/example_dags/example_xcomargs.py took 0.129 seconds
[2024-04-28T15:54:35.682+0000] {processor.py:161} INFO - Started process (PID=198) to work on /home/airflow/.local/lib/python3.12/site-packages/airflow/example_dags/example_xcomargs.py
[2024-04-28T15:54:35.684+0000] {processor.py:830} INFO - Processing file /home/airflow/.local/lib/python3.12/site-packages/airflow/example_dags/example_xcomargs.py for tasks to queue
[2024-04-28T15:54:35.685+0000] {logging_mixin.py:188} INFO - [2024-04-28T15:54:35.685+0000] {dagbag.py:540} INFO - Filling up the DagBag from /home/airflow/.local/lib/python3.12/site-packages/airflow/example_dags/example_xcomargs.py
[2024-04-28T15:54:35.692+0000] {processor.py:840} INFO - DAG(s) 'example_xcom_args', 'example_xcom_args_with_operators' retrieved from /home/airflow/.local/lib/python3.12/site-packages/airflow/example_dags/example_xcomargs.py
[2024-04-28T15:54:35.712+0000] {logging_mixin.py:188} INFO - [2024-04-28T15:54:35.712+0000] {dag.py:3096} INFO - Sync 2 DAGs
[2024-04-28T15:54:35.723+0000] {logging_mixin.py:188} INFO - [2024-04-28T15:54:35.722+0000] {dag.py:3954} INFO - Setting next_dagrun for example_xcom_args to None, run_after=None
[2024-04-28T15:54:35.726+0000] {logging_mixin.py:188} INFO - [2024-04-28T15:54:35.726+0000] {dag.py:3954} INFO - Setting next_dagrun for example_xcom_args_with_operators to None, run_after=None
[2024-04-28T15:54:35.740+0000] {processor.py:183} INFO - Processing /home/airflow/.local/lib/python3.12/site-packages/airflow/example_dags/example_xcomargs.py took 0.065 seconds
[2024-04-28T15:55:06.893+0000] {processor.py:161} INFO - Started process (PID=258) to work on /home/airflow/.local/lib/python3.12/site-packages/airflow/example_dags/example_xcomargs.py
[2024-04-28T15:55:06.894+0000] {processor.py:830} INFO - Processing file /home/airflow/.local/lib/python3.12/site-packages/airflow/example_dags/example_xcomargs.py for tasks to queue
[2024-04-28T15:55:06.895+0000] {logging_mixin.py:188} INFO - [2024-04-28T15:55:06.895+0000] {dagbag.py:540} INFO - Filling up the DagBag from /home/airflow/.local/lib/python3.12/site-packages/airflow/example_dags/example_xcomargs.py
[2024-04-28T15:55:06.902+0000] {processor.py:840} INFO - DAG(s) 'example_xcom_args_with_operators', 'example_xcom_args' retrieved from /home/airflow/.local/lib/python3.12/site-packages/airflow/example_dags/example_xcomargs.py
[2024-04-28T15:55:06.923+0000] {logging_mixin.py:188} INFO - [2024-04-28T15:55:06.923+0000] {dag.py:3096} INFO - Sync 2 DAGs
[2024-04-28T15:55:06.936+0000] {logging_mixin.py:188} INFO - [2024-04-28T15:55:06.936+0000] {dag.py:3954} INFO - Setting next_dagrun for example_xcom_args to None, run_after=None
[2024-04-28T15:55:06.939+0000] {logging_mixin.py:188} INFO - [2024-04-28T15:55:06.939+0000] {dag.py:3954} INFO - Setting next_dagrun for example_xcom_args_with_operators to None, run_after=None
[2024-04-28T15:55:06.956+0000] {processor.py:183} INFO - Processing /home/airflow/.local/lib/python3.12/site-packages/airflow/example_dags/example_xcomargs.py took 0.068 seconds
[2024-04-28T15:55:38.024+0000] {processor.py:161} INFO - Started process (PID=318) to work on /home/airflow/.local/lib/python3.12/site-packages/airflow/example_dags/example_xcomargs.py
[2024-04-28T15:55:38.026+0000] {processor.py:830} INFO - Processing file /home/airflow/.local/lib/python3.12/site-packages/airflow/example_dags/example_xcomargs.py for tasks to queue
[2024-04-28T15:55:38.027+0000] {logging_mixin.py:188} INFO - [2024-04-28T15:55:38.027+0000] {dagbag.py:540} INFO - Filling up the DagBag from /home/airflow/.local/lib/python3.12/site-packages/airflow/example_dags/example_xcomargs.py
[2024-04-28T15:55:38.034+0000] {processor.py:840} INFO - DAG(s) 'example_xcom_args', 'example_xcom_args_with_operators' retrieved from /home/airflow/.local/lib/python3.12/site-packages/airflow/example_dags/example_xcomargs.py
[2024-04-28T15:55:38.054+0000] {logging_mixin.py:188} INFO - [2024-04-28T15:55:38.054+0000] {dag.py:3096} INFO - Sync 2 DAGs
[2024-04-28T15:55:38.064+0000] {logging_mixin.py:188} INFO - [2024-04-28T15:55:38.064+0000] {dag.py:3954} INFO - Setting next_dagrun for example_xcom_args to None, run_after=None
[2024-04-28T15:55:38.067+0000] {logging_mixin.py:188} INFO - [2024-04-28T15:55:38.067+0000] {dag.py:3954} INFO - Setting next_dagrun for example_xcom_args_with_operators to None, run_after=None
[2024-04-28T15:55:38.082+0000] {processor.py:183} INFO - Processing /home/airflow/.local/lib/python3.12/site-packages/airflow/example_dags/example_xcomargs.py took 0.062 seconds
[2024-04-28T15:56:08.289+0000] {processor.py:161} INFO - Started process (PID=378) to work on /home/airflow/.local/lib/python3.12/site-packages/airflow/example_dags/example_xcomargs.py
[2024-04-28T15:56:08.290+0000] {processor.py:830} INFO - Processing file /home/airflow/.local/lib/python3.12/site-packages/airflow/example_dags/example_xcomargs.py for tasks to queue
[2024-04-28T15:56:08.292+0000] {logging_mixin.py:188} INFO - [2024-04-28T15:56:08.291+0000] {dagbag.py:540} INFO - Filling up the DagBag from /home/airflow/.local/lib/python3.12/site-packages/airflow/example_dags/example_xcomargs.py
[2024-04-28T15:56:08.298+0000] {processor.py:840} INFO - DAG(s) 'example_xcom_args_with_operators', 'example_xcom_args' retrieved from /home/airflow/.local/lib/python3.12/site-packages/airflow/example_dags/example_xcomargs.py
[2024-04-28T15:56:08.317+0000] {logging_mixin.py:188} INFO - [2024-04-28T15:56:08.317+0000] {dag.py:3096} INFO - Sync 2 DAGs
[2024-04-28T15:56:08.327+0000] {logging_mixin.py:188} INFO - [2024-04-28T15:56:08.327+0000] {dag.py:3954} INFO - Setting next_dagrun for example_xcom_args to None, run_after=None
[2024-04-28T15:56:08.330+0000] {logging_mixin.py:188} INFO - [2024-04-28T15:56:08.330+0000] {dag.py:3954} INFO - Setting next_dagrun for example_xcom_args_with_operators to None, run_after=None
[2024-04-28T15:56:08.343+0000] {processor.py:183} INFO - Processing /home/airflow/.local/lib/python3.12/site-packages/airflow/example_dags/example_xcomargs.py took 0.059 seconds
[2024-04-28T15:56:39.331+0000] {processor.py:161} INFO - Started process (PID=438) to work on /home/airflow/.local/lib/python3.12/site-packages/airflow/example_dags/example_xcomargs.py
[2024-04-28T15:56:39.332+0000] {processor.py:830} INFO - Processing file /home/airflow/.local/lib/python3.12/site-packages/airflow/example_dags/example_xcomargs.py for tasks to queue
[2024-04-28T15:56:39.334+0000] {logging_mixin.py:188} INFO - [2024-04-28T15:56:39.333+0000] {dagbag.py:540} INFO - Filling up the DagBag from /home/airflow/.local/lib/python3.12/site-packages/airflow/example_dags/example_xcomargs.py
[2024-04-28T15:56:39.340+0000] {processor.py:840} INFO - DAG(s) 'example_xcom_args', 'example_xcom_args_with_operators' retrieved from /home/airflow/.local/lib/python3.12/site-packages/airflow/example_dags/example_xcomargs.py
[2024-04-28T15:56:39.362+0000] {logging_mixin.py:188} INFO - [2024-04-28T15:56:39.362+0000] {dag.py:3096} INFO - Sync 2 DAGs
[2024-04-28T15:56:39.373+0000] {logging_mixin.py:188} INFO - [2024-04-28T15:56:39.373+0000] {dag.py:3954} INFO - Setting next_dagrun for example_xcom_args to None, run_after=None
[2024-04-28T15:56:39.376+0000] {logging_mixin.py:188} INFO - [2024-04-28T15:56:39.376+0000] {dag.py:3954} INFO - Setting next_dagrun for example_xcom_args_with_operators to None, run_after=None
[2024-04-28T15:56:39.391+0000] {processor.py:183} INFO - Processing /home/airflow/.local/lib/python3.12/site-packages/airflow/example_dags/example_xcomargs.py took 0.065 seconds
[2024-04-28T15:57:09.698+0000] {processor.py:161} INFO - Started process (PID=496) to work on /home/airflow/.local/lib/python3.12/site-packages/airflow/example_dags/example_xcomargs.py
[2024-04-28T15:57:09.699+0000] {processor.py:830} INFO - Processing file /home/airflow/.local/lib/python3.12/site-packages/airflow/example_dags/example_xcomargs.py for tasks to queue
[2024-04-28T15:57:09.700+0000] {logging_mixin.py:188} INFO - [2024-04-28T15:57:09.700+0000] {dagbag.py:540} INFO - Filling up the DagBag from /home/airflow/.local/lib/python3.12/site-packages/airflow/example_dags/example_xcomargs.py
[2024-04-28T15:57:09.709+0000] {processor.py:840} INFO - DAG(s) 'example_xcom_args_with_operators', 'example_xcom_args' retrieved from /home/airflow/.local/lib/python3.12/site-packages/airflow/example_dags/example_xcomargs.py
[2024-04-28T15:57:09.731+0000] {logging_mixin.py:188} INFO - [2024-04-28T15:57:09.731+0000] {dag.py:3096} INFO - Sync 2 DAGs
[2024-04-28T15:57:09.741+0000] {logging_mixin.py:188} INFO - [2024-04-28T15:57:09.741+0000] {dag.py:3954} INFO - Setting next_dagrun for example_xcom_args to None, run_after=None
[2024-04-28T15:57:09.746+0000] {logging_mixin.py:188} INFO - [2024-04-28T15:57:09.746+0000] {dag.py:3954} INFO - Setting next_dagrun for example_xcom_args_with_operators to None, run_after=None
[2024-04-28T15:57:09.765+0000] {processor.py:183} INFO - Processing /home/airflow/.local/lib/python3.12/site-packages/airflow/example_dags/example_xcomargs.py took 0.073 seconds
[2024-04-28T15:57:40.097+0000] {processor.py:161} INFO - Started process (PID=556) to work on /home/airflow/.local/lib/python3.12/site-packages/airflow/example_dags/example_xcomargs.py
[2024-04-28T15:57:40.098+0000] {processor.py:830} INFO - Processing file /home/airflow/.local/lib/python3.12/site-packages/airflow/example_dags/example_xcomargs.py for tasks to queue
[2024-04-28T15:57:40.100+0000] {logging_mixin.py:188} INFO - [2024-04-28T15:57:40.100+0000] {dagbag.py:540} INFO - Filling up the DagBag from /home/airflow/.local/lib/python3.12/site-packages/airflow/example_dags/example_xcomargs.py
[2024-04-28T15:57:40.108+0000] {processor.py:840} INFO - DAG(s) 'example_xcom_args_with_operators', 'example_xcom_args' retrieved from /home/airflow/.local/lib/python3.12/site-packages/airflow/example_dags/example_xcomargs.py
[2024-04-28T15:57:40.128+0000] {logging_mixin.py:188} INFO - [2024-04-28T15:57:40.128+0000] {dag.py:3096} INFO - Sync 2 DAGs
[2024-04-28T15:57:40.139+0000] {logging_mixin.py:188} INFO - [2024-04-28T15:57:40.139+0000] {dag.py:3954} INFO - Setting next_dagrun for example_xcom_args to None, run_after=None
[2024-04-28T15:57:40.143+0000] {logging_mixin.py:188} INFO - [2024-04-28T15:57:40.142+0000] {dag.py:3954} INFO - Setting next_dagrun for example_xcom_args_with_operators to None, run_after=None
[2024-04-28T15:57:40.160+0000] {processor.py:183} INFO - Processing /home/airflow/.local/lib/python3.12/site-packages/airflow/example_dags/example_xcomargs.py took 0.066 seconds
[2024-04-28T15:58:10.498+0000] {processor.py:161} INFO - Started process (PID=616) to work on /home/airflow/.local/lib/python3.12/site-packages/airflow/example_dags/example_xcomargs.py
[2024-04-28T15:58:10.499+0000] {processor.py:830} INFO - Processing file /home/airflow/.local/lib/python3.12/site-packages/airflow/example_dags/example_xcomargs.py for tasks to queue
[2024-04-28T15:58:10.501+0000] {logging_mixin.py:188} INFO - [2024-04-28T15:58:10.501+0000] {dagbag.py:540} INFO - Filling up the DagBag from /home/airflow/.local/lib/python3.12/site-packages/airflow/example_dags/example_xcomargs.py
[2024-04-28T15:58:10.508+0000] {processor.py:840} INFO - DAG(s) 'example_xcom_args', 'example_xcom_args_with_operators' retrieved from /home/airflow/.local/lib/python3.12/site-packages/airflow/example_dags/example_xcomargs.py
[2024-04-28T15:58:10.529+0000] {logging_mixin.py:188} INFO - [2024-04-28T15:58:10.528+0000] {dag.py:3096} INFO - Sync 2 DAGs
[2024-04-28T15:58:10.539+0000] {logging_mixin.py:188} INFO - [2024-04-28T15:58:10.539+0000] {dag.py:3954} INFO - Setting next_dagrun for example_xcom_args to None, run_after=None
[2024-04-28T15:58:10.543+0000] {logging_mixin.py:188} INFO - [2024-04-28T15:58:10.543+0000] {dag.py:3954} INFO - Setting next_dagrun for example_xcom_args_with_operators to None, run_after=None
[2024-04-28T15:58:10.557+0000] {processor.py:183} INFO - Processing /home/airflow/.local/lib/python3.12/site-packages/airflow/example_dags/example_xcomargs.py took 0.063 seconds
[2024-04-28T15:58:40.969+0000] {processor.py:161} INFO - Started process (PID=676) to work on /home/airflow/.local/lib/python3.12/site-packages/airflow/example_dags/example_xcomargs.py
[2024-04-28T15:58:40.970+0000] {processor.py:830} INFO - Processing file /home/airflow/.local/lib/python3.12/site-packages/airflow/example_dags/example_xcomargs.py for tasks to queue
[2024-04-28T15:58:40.973+0000] {logging_mixin.py:188} INFO - [2024-04-28T15:58:40.972+0000] {dagbag.py:540} INFO - Filling up the DagBag from /home/airflow/.local/lib/python3.12/site-packages/airflow/example_dags/example_xcomargs.py
[2024-04-28T15:58:40.981+0000] {processor.py:840} INFO - DAG(s) 'example_xcom_args_with_operators', 'example_xcom_args' retrieved from /home/airflow/.local/lib/python3.12/site-packages/airflow/example_dags/example_xcomargs.py
[2024-04-28T15:58:41.002+0000] {logging_mixin.py:188} INFO - [2024-04-28T15:58:41.002+0000] {dag.py:3096} INFO - Sync 2 DAGs
[2024-04-28T15:58:41.012+0000] {logging_mixin.py:188} INFO - [2024-04-28T15:58:41.012+0000] {dag.py:3954} INFO - Setting next_dagrun for example_xcom_args to None, run_after=None
[2024-04-28T15:58:41.015+0000] {logging_mixin.py:188} INFO - [2024-04-28T15:58:41.015+0000] {dag.py:3954} INFO - Setting next_dagrun for example_xcom_args_with_operators to None, run_after=None
[2024-04-28T15:58:41.030+0000] {processor.py:183} INFO - Processing /home/airflow/.local/lib/python3.12/site-packages/airflow/example_dags/example_xcomargs.py took 0.065 seconds
[2024-04-28T15:59:11.580+0000] {processor.py:161} INFO - Started process (PID=736) to work on /home/airflow/.local/lib/python3.12/site-packages/airflow/example_dags/example_xcomargs.py
[2024-04-28T15:59:11.581+0000] {processor.py:830} INFO - Processing file /home/airflow/.local/lib/python3.12/site-packages/airflow/example_dags/example_xcomargs.py for tasks to queue
[2024-04-28T15:59:11.582+0000] {logging_mixin.py:188} INFO - [2024-04-28T15:59:11.582+0000] {dagbag.py:540} INFO - Filling up the DagBag from /home/airflow/.local/lib/python3.12/site-packages/airflow/example_dags/example_xcomargs.py
[2024-04-28T15:59:11.588+0000] {processor.py:840} INFO - DAG(s) 'example_xcom_args', 'example_xcom_args_with_operators' retrieved from /home/airflow/.local/lib/python3.12/site-packages/airflow/example_dags/example_xcomargs.py
[2024-04-28T15:59:11.608+0000] {logging_mixin.py:188} INFO - [2024-04-28T15:59:11.608+0000] {dag.py:3096} INFO - Sync 2 DAGs
[2024-04-28T15:59:11.619+0000] {logging_mixin.py:188} INFO - [2024-04-28T15:59:11.619+0000] {dag.py:3954} INFO - Setting next_dagrun for example_xcom_args to None, run_after=None
[2024-04-28T15:59:11.623+0000] {logging_mixin.py:188} INFO - [2024-04-28T15:59:11.622+0000] {dag.py:3954} INFO - Setting next_dagrun for example_xcom_args_with_operators to None, run_after=None
[2024-04-28T15:59:11.636+0000] {processor.py:183} INFO - Processing /home/airflow/.local/lib/python3.12/site-packages/airflow/example_dags/example_xcomargs.py took 0.062 seconds
[2024-04-28T15:59:42.092+0000] {processor.py:161} INFO - Started process (PID=796) to work on /home/airflow/.local/lib/python3.12/site-packages/airflow/example_dags/example_xcomargs.py
[2024-04-28T15:59:42.093+0000] {processor.py:830} INFO - Processing file /home/airflow/.local/lib/python3.12/site-packages/airflow/example_dags/example_xcomargs.py for tasks to queue
[2024-04-28T15:59:42.095+0000] {logging_mixin.py:188} INFO - [2024-04-28T15:59:42.094+0000] {dagbag.py:540} INFO - Filling up the DagBag from /home/airflow/.local/lib/python3.12/site-packages/airflow/example_dags/example_xcomargs.py
[2024-04-28T15:59:42.101+0000] {processor.py:840} INFO - DAG(s) 'example_xcom_args', 'example_xcom_args_with_operators' retrieved from /home/airflow/.local/lib/python3.12/site-packages/airflow/example_dags/example_xcomargs.py
[2024-04-28T15:59:42.119+0000] {logging_mixin.py:188} INFO - [2024-04-28T15:59:42.119+0000] {dag.py:3096} INFO - Sync 2 DAGs
[2024-04-28T15:59:42.129+0000] {logging_mixin.py:188} INFO - [2024-04-28T15:59:42.128+0000] {dag.py:3954} INFO - Setting next_dagrun for example_xcom_args to None, run_after=None
[2024-04-28T15:59:42.132+0000] {logging_mixin.py:188} INFO - [2024-04-28T15:59:42.131+0000] {dag.py:3954} INFO - Setting next_dagrun for example_xcom_args_with_operators to None, run_after=None
[2024-04-28T15:59:42.145+0000] {processor.py:183} INFO - Processing /home/airflow/.local/lib/python3.12/site-packages/airflow/example_dags/example_xcomargs.py took 0.058 seconds
[2024-04-28T16:00:12.721+0000] {processor.py:161} INFO - Started process (PID=856) to work on /home/airflow/.local/lib/python3.12/site-packages/airflow/example_dags/example_xcomargs.py
[2024-04-28T16:00:12.722+0000] {processor.py:830} INFO - Processing file /home/airflow/.local/lib/python3.12/site-packages/airflow/example_dags/example_xcomargs.py for tasks to queue
[2024-04-28T16:00:12.723+0000] {logging_mixin.py:188} INFO - [2024-04-28T16:00:12.723+0000] {dagbag.py:540} INFO - Filling up the DagBag from /home/airflow/.local/lib/python3.12/site-packages/airflow/example_dags/example_xcomargs.py
[2024-04-28T16:00:12.730+0000] {processor.py:840} INFO - DAG(s) 'example_xcom_args_with_operators', 'example_xcom_args' retrieved from /home/airflow/.local/lib/python3.12/site-packages/airflow/example_dags/example_xcomargs.py
[2024-04-28T16:00:12.747+0000] {logging_mixin.py:188} INFO - [2024-04-28T16:00:12.747+0000] {dag.py:3096} INFO - Sync 2 DAGs
[2024-04-28T16:00:12.756+0000] {logging_mixin.py:188} INFO - [2024-04-28T16:00:12.756+0000] {dag.py:3954} INFO - Setting next_dagrun for example_xcom_args to None, run_after=None
[2024-04-28T16:00:12.759+0000] {logging_mixin.py:188} INFO - [2024-04-28T16:00:12.759+0000] {dag.py:3954} INFO - Setting next_dagrun for example_xcom_args_with_operators to None, run_after=None
[2024-04-28T16:00:12.773+0000] {processor.py:183} INFO - Processing /home/airflow/.local/lib/python3.12/site-packages/airflow/example_dags/example_xcomargs.py took 0.057 seconds
[2024-04-28T16:00:43.198+0000] {processor.py:161} INFO - Started process (PID=916) to work on /home/airflow/.local/lib/python3.12/site-packages/airflow/example_dags/example_xcomargs.py
[2024-04-28T16:00:43.199+0000] {processor.py:830} INFO - Processing file /home/airflow/.local/lib/python3.12/site-packages/airflow/example_dags/example_xcomargs.py for tasks to queue
[2024-04-28T16:00:43.203+0000] {logging_mixin.py:188} INFO - [2024-04-28T16:00:43.202+0000] {dagbag.py:540} INFO - Filling up the DagBag from /home/airflow/.local/lib/python3.12/site-packages/airflow/example_dags/example_xcomargs.py
[2024-04-28T16:00:43.215+0000] {processor.py:840} INFO - DAG(s) 'example_xcom_args_with_operators', 'example_xcom_args' retrieved from /home/airflow/.local/lib/python3.12/site-packages/airflow/example_dags/example_xcomargs.py
[2024-04-28T16:00:43.246+0000] {logging_mixin.py:188} INFO - [2024-04-28T16:00:43.246+0000] {dag.py:3096} INFO - Sync 2 DAGs
[2024-04-28T16:00:43.260+0000] {logging_mixin.py:188} INFO - [2024-04-28T16:00:43.259+0000] {dag.py:3954} INFO - Setting next_dagrun for example_xcom_args to None, run_after=None
[2024-04-28T16:00:43.263+0000] {logging_mixin.py:188} INFO - [2024-04-28T16:00:43.263+0000] {dag.py:3954} INFO - Setting next_dagrun for example_xcom_args_with_operators to None, run_after=None
[2024-04-28T16:00:43.279+0000] {processor.py:183} INFO - Processing /home/airflow/.local/lib/python3.12/site-packages/airflow/example_dags/example_xcomargs.py took 0.089 seconds
[2024-04-28T16:05:54.434+0000] {processor.py:161} INFO - Started process (PID=70) to work on /home/airflow/.local/lib/python3.12/site-packages/airflow/example_dags/example_xcomargs.py
[2024-04-28T16:05:54.435+0000] {processor.py:830} INFO - Processing file /home/airflow/.local/lib/python3.12/site-packages/airflow/example_dags/example_xcomargs.py for tasks to queue
[2024-04-28T16:05:54.436+0000] {logging_mixin.py:188} INFO - [2024-04-28T16:05:54.436+0000] {dagbag.py:540} INFO - Filling up the DagBag from /home/airflow/.local/lib/python3.12/site-packages/airflow/example_dags/example_xcomargs.py
[2024-04-28T16:05:54.442+0000] {processor.py:840} INFO - DAG(s) 'example_xcom_args', 'example_xcom_args_with_operators' retrieved from /home/airflow/.local/lib/python3.12/site-packages/airflow/example_dags/example_xcomargs.py
[2024-04-28T16:05:54.452+0000] {logging_mixin.py:188} INFO - [2024-04-28T16:05:54.452+0000] {dag.py:3096} INFO - Sync 2 DAGs
[2024-04-28T16:05:54.463+0000] {logging_mixin.py:188} INFO - [2024-04-28T16:05:54.462+0000] {dag.py:3954} INFO - Setting next_dagrun for example_xcom_args to None, run_after=None
[2024-04-28T16:05:54.465+0000] {logging_mixin.py:188} INFO - [2024-04-28T16:05:54.465+0000] {dag.py:3954} INFO - Setting next_dagrun for example_xcom_args_with_operators to None, run_after=None
[2024-04-28T16:05:54.479+0000] {processor.py:183} INFO - Processing /home/airflow/.local/lib/python3.12/site-packages/airflow/example_dags/example_xcomargs.py took 0.049 seconds
[2024-04-28T16:06:25.757+0000] {processor.py:161} INFO - Started process (PID=130) to work on /home/airflow/.local/lib/python3.12/site-packages/airflow/example_dags/example_xcomargs.py
[2024-04-28T16:06:25.758+0000] {processor.py:830} INFO - Processing file /home/airflow/.local/lib/python3.12/site-packages/airflow/example_dags/example_xcomargs.py for tasks to queue
[2024-04-28T16:06:25.760+0000] {logging_mixin.py:188} INFO - [2024-04-28T16:06:25.759+0000] {dagbag.py:540} INFO - Filling up the DagBag from /home/airflow/.local/lib/python3.12/site-packages/airflow/example_dags/example_xcomargs.py
[2024-04-28T16:06:25.766+0000] {processor.py:840} INFO - DAG(s) 'example_xcom_args_with_operators', 'example_xcom_args' retrieved from /home/airflow/.local/lib/python3.12/site-packages/airflow/example_dags/example_xcomargs.py
[2024-04-28T16:06:25.853+0000] {logging_mixin.py:188} INFO - [2024-04-28T16:06:25.853+0000] {dag.py:3096} INFO - Sync 2 DAGs
[2024-04-28T16:06:25.862+0000] {logging_mixin.py:188} INFO - [2024-04-28T16:06:25.862+0000] {dag.py:3954} INFO - Setting next_dagrun for example_xcom_args to None, run_after=None
[2024-04-28T16:06:25.865+0000] {logging_mixin.py:188} INFO - [2024-04-28T16:06:25.864+0000] {dag.py:3954} INFO - Setting next_dagrun for example_xcom_args_with_operators to None, run_after=None
[2024-04-28T16:06:25.880+0000] {processor.py:183} INFO - Processing /home/airflow/.local/lib/python3.12/site-packages/airflow/example_dags/example_xcomargs.py took 0.127 seconds
[2024-04-28T16:06:56.108+0000] {processor.py:161} INFO - Started process (PID=194) to work on /home/airflow/.local/lib/python3.12/site-packages/airflow/example_dags/example_xcomargs.py
[2024-04-28T16:06:56.109+0000] {processor.py:830} INFO - Processing file /home/airflow/.local/lib/python3.12/site-packages/airflow/example_dags/example_xcomargs.py for tasks to queue
[2024-04-28T16:06:56.110+0000] {logging_mixin.py:188} INFO - [2024-04-28T16:06:56.110+0000] {dagbag.py:540} INFO - Filling up the DagBag from /home/airflow/.local/lib/python3.12/site-packages/airflow/example_dags/example_xcomargs.py
[2024-04-28T16:06:56.117+0000] {processor.py:840} INFO - DAG(s) 'example_xcom_args', 'example_xcom_args_with_operators' retrieved from /home/airflow/.local/lib/python3.12/site-packages/airflow/example_dags/example_xcomargs.py
[2024-04-28T16:06:56.135+0000] {logging_mixin.py:188} INFO - [2024-04-28T16:06:56.135+0000] {dag.py:3096} INFO - Sync 2 DAGs
[2024-04-28T16:06:56.145+0000] {logging_mixin.py:188} INFO - [2024-04-28T16:06:56.145+0000] {dag.py:3954} INFO - Setting next_dagrun for example_xcom_args to None, run_after=None
[2024-04-28T16:06:56.148+0000] {logging_mixin.py:188} INFO - [2024-04-28T16:06:56.148+0000] {dag.py:3954} INFO - Setting next_dagrun for example_xcom_args_with_operators to None, run_after=None
[2024-04-28T16:06:56.163+0000] {processor.py:183} INFO - Processing /home/airflow/.local/lib/python3.12/site-packages/airflow/example_dags/example_xcomargs.py took 0.059 seconds
[2024-04-28T16:07:26.683+0000] {processor.py:161} INFO - Started process (PID=254) to work on /home/airflow/.local/lib/python3.12/site-packages/airflow/example_dags/example_xcomargs.py
[2024-04-28T16:07:26.684+0000] {processor.py:830} INFO - Processing file /home/airflow/.local/lib/python3.12/site-packages/airflow/example_dags/example_xcomargs.py for tasks to queue
[2024-04-28T16:07:26.685+0000] {logging_mixin.py:188} INFO - [2024-04-28T16:07:26.685+0000] {dagbag.py:540} INFO - Filling up the DagBag from /home/airflow/.local/lib/python3.12/site-packages/airflow/example_dags/example_xcomargs.py
[2024-04-28T16:07:26.692+0000] {processor.py:840} INFO - DAG(s) 'example_xcom_args_with_operators', 'example_xcom_args' retrieved from /home/airflow/.local/lib/python3.12/site-packages/airflow/example_dags/example_xcomargs.py
[2024-04-28T16:07:26.710+0000] {logging_mixin.py:188} INFO - [2024-04-28T16:07:26.710+0000] {dag.py:3096} INFO - Sync 2 DAGs
[2024-04-28T16:07:26.721+0000] {logging_mixin.py:188} INFO - [2024-04-28T16:07:26.720+0000] {dag.py:3954} INFO - Setting next_dagrun for example_xcom_args to None, run_after=None
[2024-04-28T16:07:26.723+0000] {logging_mixin.py:188} INFO - [2024-04-28T16:07:26.723+0000] {dag.py:3954} INFO - Setting next_dagrun for example_xcom_args_with_operators to None, run_after=None
[2024-04-28T16:07:26.738+0000] {processor.py:183} INFO - Processing /home/airflow/.local/lib/python3.12/site-packages/airflow/example_dags/example_xcomargs.py took 0.060 seconds
[2024-04-28T16:07:57.146+0000] {processor.py:161} INFO - Started process (PID=314) to work on /home/airflow/.local/lib/python3.12/site-packages/airflow/example_dags/example_xcomargs.py
[2024-04-28T16:07:57.147+0000] {processor.py:830} INFO - Processing file /home/airflow/.local/lib/python3.12/site-packages/airflow/example_dags/example_xcomargs.py for tasks to queue
[2024-04-28T16:07:57.148+0000] {logging_mixin.py:188} INFO - [2024-04-28T16:07:57.148+0000] {dagbag.py:540} INFO - Filling up the DagBag from /home/airflow/.local/lib/python3.12/site-packages/airflow/example_dags/example_xcomargs.py
[2024-04-28T16:07:57.156+0000] {processor.py:840} INFO - DAG(s) 'example_xcom_args', 'example_xcom_args_with_operators' retrieved from /home/airflow/.local/lib/python3.12/site-packages/airflow/example_dags/example_xcomargs.py
[2024-04-28T16:07:57.175+0000] {logging_mixin.py:188} INFO - [2024-04-28T16:07:57.175+0000] {dag.py:3096} INFO - Sync 2 DAGs
[2024-04-28T16:07:57.185+0000] {logging_mixin.py:188} INFO - [2024-04-28T16:07:57.185+0000] {dag.py:3954} INFO - Setting next_dagrun for example_xcom_args to None, run_after=None
[2024-04-28T16:07:57.189+0000] {logging_mixin.py:188} INFO - [2024-04-28T16:07:57.189+0000] {dag.py:3954} INFO - Setting next_dagrun for example_xcom_args_with_operators to None, run_after=None
[2024-04-28T16:07:57.204+0000] {processor.py:183} INFO - Processing /home/airflow/.local/lib/python3.12/site-packages/airflow/example_dags/example_xcomargs.py took 0.062 seconds
[2024-04-28T16:08:27.756+0000] {processor.py:161} INFO - Started process (PID=374) to work on /home/airflow/.local/lib/python3.12/site-packages/airflow/example_dags/example_xcomargs.py
[2024-04-28T16:08:27.756+0000] {processor.py:830} INFO - Processing file /home/airflow/.local/lib/python3.12/site-packages/airflow/example_dags/example_xcomargs.py for tasks to queue
[2024-04-28T16:08:27.758+0000] {logging_mixin.py:188} INFO - [2024-04-28T16:08:27.757+0000] {dagbag.py:540} INFO - Filling up the DagBag from /home/airflow/.local/lib/python3.12/site-packages/airflow/example_dags/example_xcomargs.py
[2024-04-28T16:08:27.764+0000] {processor.py:840} INFO - DAG(s) 'example_xcom_args_with_operators', 'example_xcom_args' retrieved from /home/airflow/.local/lib/python3.12/site-packages/airflow/example_dags/example_xcomargs.py
[2024-04-28T16:08:27.783+0000] {logging_mixin.py:188} INFO - [2024-04-28T16:08:27.783+0000] {dag.py:3096} INFO - Sync 2 DAGs
[2024-04-28T16:08:27.793+0000] {logging_mixin.py:188} INFO - [2024-04-28T16:08:27.793+0000] {dag.py:3954} INFO - Setting next_dagrun for example_xcom_args to None, run_after=None
[2024-04-28T16:08:27.796+0000] {logging_mixin.py:188} INFO - [2024-04-28T16:08:27.796+0000] {dag.py:3954} INFO - Setting next_dagrun for example_xcom_args_with_operators to None, run_after=None
[2024-04-28T16:08:27.811+0000] {processor.py:183} INFO - Processing /home/airflow/.local/lib/python3.12/site-packages/airflow/example_dags/example_xcomargs.py took 0.060 seconds
[2024-04-28T16:08:58.747+0000] {processor.py:161} INFO - Started process (PID=434) to work on /home/airflow/.local/lib/python3.12/site-packages/airflow/example_dags/example_xcomargs.py
[2024-04-28T16:08:58.748+0000] {processor.py:830} INFO - Processing file /home/airflow/.local/lib/python3.12/site-packages/airflow/example_dags/example_xcomargs.py for tasks to queue
[2024-04-28T16:08:58.749+0000] {logging_mixin.py:188} INFO - [2024-04-28T16:08:58.749+0000] {dagbag.py:540} INFO - Filling up the DagBag from /home/airflow/.local/lib/python3.12/site-packages/airflow/example_dags/example_xcomargs.py
[2024-04-28T16:08:58.756+0000] {processor.py:840} INFO - DAG(s) 'example_xcom_args', 'example_xcom_args_with_operators' retrieved from /home/airflow/.local/lib/python3.12/site-packages/airflow/example_dags/example_xcomargs.py
[2024-04-28T16:08:58.775+0000] {logging_mixin.py:188} INFO - [2024-04-28T16:08:58.775+0000] {dag.py:3096} INFO - Sync 2 DAGs
[2024-04-28T16:08:58.786+0000] {logging_mixin.py:188} INFO - [2024-04-28T16:08:58.786+0000] {dag.py:3954} INFO - Setting next_dagrun for example_xcom_args to None, run_after=None
[2024-04-28T16:08:58.791+0000] {logging_mixin.py:188} INFO - [2024-04-28T16:08:58.790+0000] {dag.py:3954} INFO - Setting next_dagrun for example_xcom_args_with_operators to None, run_after=None
[2024-04-28T16:08:58.806+0000] {processor.py:183} INFO - Processing /home/airflow/.local/lib/python3.12/site-packages/airflow/example_dags/example_xcomargs.py took 0.064 seconds
[2024-04-28T16:09:29.506+0000] {processor.py:161} INFO - Started process (PID=494) to work on /home/airflow/.local/lib/python3.12/site-packages/airflow/example_dags/example_xcomargs.py
[2024-04-28T16:09:29.507+0000] {processor.py:830} INFO - Processing file /home/airflow/.local/lib/python3.12/site-packages/airflow/example_dags/example_xcomargs.py for tasks to queue
[2024-04-28T16:09:29.508+0000] {logging_mixin.py:188} INFO - [2024-04-28T16:09:29.508+0000] {dagbag.py:540} INFO - Filling up the DagBag from /home/airflow/.local/lib/python3.12/site-packages/airflow/example_dags/example_xcomargs.py
[2024-04-28T16:09:29.515+0000] {processor.py:840} INFO - DAG(s) 'example_xcom_args', 'example_xcom_args_with_operators' retrieved from /home/airflow/.local/lib/python3.12/site-packages/airflow/example_dags/example_xcomargs.py
[2024-04-28T16:09:29.535+0000] {logging_mixin.py:188} INFO - [2024-04-28T16:09:29.535+0000] {dag.py:3096} INFO - Sync 2 DAGs
[2024-04-28T16:09:29.546+0000] {logging_mixin.py:188} INFO - [2024-04-28T16:09:29.545+0000] {dag.py:3954} INFO - Setting next_dagrun for example_xcom_args to None, run_after=None
[2024-04-28T16:09:29.548+0000] {logging_mixin.py:188} INFO - [2024-04-28T16:09:29.548+0000] {dag.py:3954} INFO - Setting next_dagrun for example_xcom_args_with_operators to None, run_after=None
[2024-04-28T16:09:29.562+0000] {processor.py:183} INFO - Processing /home/airflow/.local/lib/python3.12/site-packages/airflow/example_dags/example_xcomargs.py took 0.061 seconds
[2024-04-28T16:09:59.862+0000] {processor.py:161} INFO - Started process (PID=554) to work on /home/airflow/.local/lib/python3.12/site-packages/airflow/example_dags/example_xcomargs.py
[2024-04-28T16:09:59.863+0000] {processor.py:830} INFO - Processing file /home/airflow/.local/lib/python3.12/site-packages/airflow/example_dags/example_xcomargs.py for tasks to queue
[2024-04-28T16:09:59.864+0000] {logging_mixin.py:188} INFO - [2024-04-28T16:09:59.864+0000] {dagbag.py:540} INFO - Filling up the DagBag from /home/airflow/.local/lib/python3.12/site-packages/airflow/example_dags/example_xcomargs.py
[2024-04-28T16:09:59.870+0000] {processor.py:840} INFO - DAG(s) 'example_xcom_args', 'example_xcom_args_with_operators' retrieved from /home/airflow/.local/lib/python3.12/site-packages/airflow/example_dags/example_xcomargs.py
[2024-04-28T16:09:59.890+0000] {logging_mixin.py:188} INFO - [2024-04-28T16:09:59.890+0000] {dag.py:3096} INFO - Sync 2 DAGs
[2024-04-28T16:09:59.901+0000] {logging_mixin.py:188} INFO - [2024-04-28T16:09:59.901+0000] {dag.py:3954} INFO - Setting next_dagrun for example_xcom_args to None, run_after=None
[2024-04-28T16:09:59.904+0000] {logging_mixin.py:188} INFO - [2024-04-28T16:09:59.904+0000] {dag.py:3954} INFO - Setting next_dagrun for example_xcom_args_with_operators to None, run_after=None
[2024-04-28T16:09:59.919+0000] {processor.py:183} INFO - Processing /home/airflow/.local/lib/python3.12/site-packages/airflow/example_dags/example_xcomargs.py took 0.062 seconds
[2024-04-28T16:10:30.135+0000] {processor.py:161} INFO - Started process (PID=612) to work on /home/airflow/.local/lib/python3.12/site-packages/airflow/example_dags/example_xcomargs.py
[2024-04-28T16:10:30.136+0000] {processor.py:830} INFO - Processing file /home/airflow/.local/lib/python3.12/site-packages/airflow/example_dags/example_xcomargs.py for tasks to queue
[2024-04-28T16:10:30.138+0000] {logging_mixin.py:188} INFO - [2024-04-28T16:10:30.138+0000] {dagbag.py:540} INFO - Filling up the DagBag from /home/airflow/.local/lib/python3.12/site-packages/airflow/example_dags/example_xcomargs.py
[2024-04-28T16:10:30.145+0000] {processor.py:840} INFO - DAG(s) 'example_xcom_args', 'example_xcom_args_with_operators' retrieved from /home/airflow/.local/lib/python3.12/site-packages/airflow/example_dags/example_xcomargs.py
[2024-04-28T16:10:30.164+0000] {logging_mixin.py:188} INFO - [2024-04-28T16:10:30.163+0000] {dag.py:3096} INFO - Sync 2 DAGs
[2024-04-28T16:10:30.173+0000] {logging_mixin.py:188} INFO - [2024-04-28T16:10:30.173+0000] {dag.py:3954} INFO - Setting next_dagrun for example_xcom_args to None, run_after=None
[2024-04-28T16:10:30.177+0000] {logging_mixin.py:188} INFO - [2024-04-28T16:10:30.176+0000] {dag.py:3954} INFO - Setting next_dagrun for example_xcom_args_with_operators to None, run_after=None
[2024-04-28T16:10:30.191+0000] {processor.py:183} INFO - Processing /home/airflow/.local/lib/python3.12/site-packages/airflow/example_dags/example_xcomargs.py took 0.062 seconds
[2024-04-28T16:11:00.450+0000] {processor.py:161} INFO - Started process (PID=672) to work on /home/airflow/.local/lib/python3.12/site-packages/airflow/example_dags/example_xcomargs.py
[2024-04-28T16:11:00.451+0000] {processor.py:830} INFO - Processing file /home/airflow/.local/lib/python3.12/site-packages/airflow/example_dags/example_xcomargs.py for tasks to queue
[2024-04-28T16:11:00.453+0000] {logging_mixin.py:188} INFO - [2024-04-28T16:11:00.452+0000] {dagbag.py:540} INFO - Filling up the DagBag from /home/airflow/.local/lib/python3.12/site-packages/airflow/example_dags/example_xcomargs.py
[2024-04-28T16:11:00.458+0000] {processor.py:840} INFO - DAG(s) 'example_xcom_args_with_operators', 'example_xcom_args' retrieved from /home/airflow/.local/lib/python3.12/site-packages/airflow/example_dags/example_xcomargs.py
[2024-04-28T16:11:00.477+0000] {logging_mixin.py:188} INFO - [2024-04-28T16:11:00.477+0000] {dag.py:3096} INFO - Sync 2 DAGs
[2024-04-28T16:11:00.486+0000] {logging_mixin.py:188} INFO - [2024-04-28T16:11:00.486+0000] {dag.py:3954} INFO - Setting next_dagrun for example_xcom_args to None, run_after=None
[2024-04-28T16:11:00.490+0000] {logging_mixin.py:188} INFO - [2024-04-28T16:11:00.489+0000] {dag.py:3954} INFO - Setting next_dagrun for example_xcom_args_with_operators to None, run_after=None
[2024-04-28T16:11:00.504+0000] {processor.py:183} INFO - Processing /home/airflow/.local/lib/python3.12/site-packages/airflow/example_dags/example_xcomargs.py took 0.058 seconds
[2024-04-28T16:11:31.135+0000] {processor.py:161} INFO - Started process (PID=732) to work on /home/airflow/.local/lib/python3.12/site-packages/airflow/example_dags/example_xcomargs.py
[2024-04-28T16:11:31.136+0000] {processor.py:830} INFO - Processing file /home/airflow/.local/lib/python3.12/site-packages/airflow/example_dags/example_xcomargs.py for tasks to queue
[2024-04-28T16:11:31.137+0000] {logging_mixin.py:188} INFO - [2024-04-28T16:11:31.137+0000] {dagbag.py:540} INFO - Filling up the DagBag from /home/airflow/.local/lib/python3.12/site-packages/airflow/example_dags/example_xcomargs.py
[2024-04-28T16:11:31.144+0000] {processor.py:840} INFO - DAG(s) 'example_xcom_args', 'example_xcom_args_with_operators' retrieved from /home/airflow/.local/lib/python3.12/site-packages/airflow/example_dags/example_xcomargs.py
[2024-04-28T16:11:31.162+0000] {logging_mixin.py:188} INFO - [2024-04-28T16:11:31.162+0000] {dag.py:3096} INFO - Sync 2 DAGs
[2024-04-28T16:11:31.174+0000] {logging_mixin.py:188} INFO - [2024-04-28T16:11:31.173+0000] {dag.py:3954} INFO - Setting next_dagrun for example_xcom_args to None, run_after=None
[2024-04-28T16:11:31.177+0000] {logging_mixin.py:188} INFO - [2024-04-28T16:11:31.176+0000] {dag.py:3954} INFO - Setting next_dagrun for example_xcom_args_with_operators to None, run_after=None
[2024-04-28T16:11:31.189+0000] {processor.py:183} INFO - Processing /home/airflow/.local/lib/python3.12/site-packages/airflow/example_dags/example_xcomargs.py took 0.060 seconds
[2024-04-28T16:12:01.749+0000] {processor.py:161} INFO - Started process (PID=792) to work on /home/airflow/.local/lib/python3.12/site-packages/airflow/example_dags/example_xcomargs.py
[2024-04-28T16:12:01.750+0000] {processor.py:830} INFO - Processing file /home/airflow/.local/lib/python3.12/site-packages/airflow/example_dags/example_xcomargs.py for tasks to queue
[2024-04-28T16:12:01.752+0000] {logging_mixin.py:188} INFO - [2024-04-28T16:12:01.751+0000] {dagbag.py:540} INFO - Filling up the DagBag from /home/airflow/.local/lib/python3.12/site-packages/airflow/example_dags/example_xcomargs.py
[2024-04-28T16:12:01.758+0000] {processor.py:840} INFO - DAG(s) 'example_xcom_args', 'example_xcom_args_with_operators' retrieved from /home/airflow/.local/lib/python3.12/site-packages/airflow/example_dags/example_xcomargs.py
[2024-04-28T16:12:01.777+0000] {logging_mixin.py:188} INFO - [2024-04-28T16:12:01.776+0000] {dag.py:3096} INFO - Sync 2 DAGs
[2024-04-28T16:12:01.789+0000] {logging_mixin.py:188} INFO - [2024-04-28T16:12:01.789+0000] {dag.py:3954} INFO - Setting next_dagrun for example_xcom_args to None, run_after=None
[2024-04-28T16:12:01.792+0000] {logging_mixin.py:188} INFO - [2024-04-28T16:12:01.792+0000] {dag.py:3954} INFO - Setting next_dagrun for example_xcom_args_with_operators to None, run_after=None
[2024-04-28T16:12:01.806+0000] {processor.py:183} INFO - Processing /home/airflow/.local/lib/python3.12/site-packages/airflow/example_dags/example_xcomargs.py took 0.062 seconds
[2024-04-28T16:12:32.395+0000] {processor.py:161} INFO - Started process (PID=852) to work on /home/airflow/.local/lib/python3.12/site-packages/airflow/example_dags/example_xcomargs.py
[2024-04-28T16:12:32.396+0000] {processor.py:830} INFO - Processing file /home/airflow/.local/lib/python3.12/site-packages/airflow/example_dags/example_xcomargs.py for tasks to queue
[2024-04-28T16:12:32.398+0000] {logging_mixin.py:188} INFO - [2024-04-28T16:12:32.397+0000] {dagbag.py:540} INFO - Filling up the DagBag from /home/airflow/.local/lib/python3.12/site-packages/airflow/example_dags/example_xcomargs.py
[2024-04-28T16:12:32.408+0000] {processor.py:840} INFO - DAG(s) 'example_xcom_args_with_operators', 'example_xcom_args' retrieved from /home/airflow/.local/lib/python3.12/site-packages/airflow/example_dags/example_xcomargs.py
[2024-04-28T16:12:32.434+0000] {logging_mixin.py:188} INFO - [2024-04-28T16:12:32.434+0000] {dag.py:3096} INFO - Sync 2 DAGs
[2024-04-28T16:12:32.448+0000] {logging_mixin.py:188} INFO - [2024-04-28T16:12:32.447+0000] {dag.py:3954} INFO - Setting next_dagrun for example_xcom_args to None, run_after=None
[2024-04-28T16:12:32.452+0000] {logging_mixin.py:188} INFO - [2024-04-28T16:12:32.452+0000] {dag.py:3954} INFO - Setting next_dagrun for example_xcom_args_with_operators to None, run_after=None
[2024-04-28T16:12:32.475+0000] {processor.py:183} INFO - Processing /home/airflow/.local/lib/python3.12/site-packages/airflow/example_dags/example_xcomargs.py took 0.086 seconds
