[2024-04-28T15:48:56.406+0000] {processor.py:161} INFO - Started process (PID=66) to work on /home/airflow/.local/lib/python3.12/site-packages/airflow/example_dags/example_branch_datetime_operator.py
[2024-04-28T15:48:56.406+0000] {processor.py:830} INFO - Processing file /home/airflow/.local/lib/python3.12/site-packages/airflow/example_dags/example_branch_datetime_operator.py for tasks to queue
[2024-04-28T15:48:56.408+0000] {logging_mixin.py:188} INFO - [2024-04-28T15:48:56.408+0000] {dagbag.py:540} INFO - Filling up the DagBag from /home/airflow/.local/lib/python3.12/site-packages/airflow/example_dags/example_branch_datetime_operator.py
[2024-04-28T15:48:56.416+0000] {processor.py:840} INFO - DAG(s) 'example_branch_datetime_operator_3', 'example_branch_datetime_operator', 'example_branch_datetime_operator_2' retrieved from /home/airflow/.local/lib/python3.12/site-packages/airflow/example_dags/example_branch_datetime_operator.py
[2024-04-28T15:48:56.498+0000] {logging_mixin.py:188} INFO - [2024-04-28T15:48:56.497+0000] {override.py:1829} INFO - Created Permission View: can delete on DAG:example_branch_datetime_operator_3
[2024-04-28T15:48:56.507+0000] {logging_mixin.py:188} INFO - [2024-04-28T15:48:56.506+0000] {override.py:1829} INFO - Created Permission View: can edit on DAG:example_branch_datetime_operator_3
[2024-04-28T15:48:56.513+0000] {logging_mixin.py:188} INFO - [2024-04-28T15:48:56.513+0000] {override.py:1829} INFO - Created Permission View: can read on DAG:example_branch_datetime_operator_3
[2024-04-28T15:48:56.525+0000] {logging_mixin.py:188} INFO - [2024-04-28T15:48:56.525+0000] {override.py:1829} INFO - Created Permission View: can delete on DAG:example_branch_datetime_operator
[2024-04-28T15:48:56.531+0000] {logging_mixin.py:188} INFO - [2024-04-28T15:48:56.530+0000] {override.py:1829} INFO - Created Permission View: can edit on DAG:example_branch_datetime_operator
[2024-04-28T15:48:56.535+0000] {logging_mixin.py:188} INFO - [2024-04-28T15:48:56.535+0000] {override.py:1829} INFO - Created Permission View: can read on DAG:example_branch_datetime_operator
[2024-04-28T15:48:56.545+0000] {logging_mixin.py:188} INFO - [2024-04-28T15:48:56.545+0000] {override.py:1829} INFO - Created Permission View: can delete on DAG:example_branch_datetime_operator_2
[2024-04-28T15:48:56.550+0000] {logging_mixin.py:188} INFO - [2024-04-28T15:48:56.549+0000] {override.py:1829} INFO - Created Permission View: can edit on DAG:example_branch_datetime_operator_2
[2024-04-28T15:48:56.555+0000] {logging_mixin.py:188} INFO - [2024-04-28T15:48:56.555+0000] {override.py:1829} INFO - Created Permission View: can read on DAG:example_branch_datetime_operator_2
[2024-04-28T15:48:56.555+0000] {logging_mixin.py:188} INFO - [2024-04-28T15:48:56.555+0000] {dag.py:3096} INFO - Sync 3 DAGs
[2024-04-28T15:48:56.563+0000] {logging_mixin.py:188} INFO - [2024-04-28T15:48:56.563+0000] {dag.py:3118} INFO - Creating ORM DAG for example_branch_datetime_operator_2
[2024-04-28T15:48:56.564+0000] {logging_mixin.py:188} INFO - [2024-04-28T15:48:56.564+0000] {dag.py:3118} INFO - Creating ORM DAG for example_branch_datetime_operator
[2024-04-28T15:48:56.564+0000] {logging_mixin.py:188} INFO - [2024-04-28T15:48:56.564+0000] {dag.py:3118} INFO - Creating ORM DAG for example_branch_datetime_operator_3
[2024-04-28T15:48:56.572+0000] {logging_mixin.py:188} INFO - [2024-04-28T15:48:56.572+0000] {dag.py:3954} INFO - Setting next_dagrun for example_branch_datetime_operator to 2024-04-27 00:00:00+00:00, run_after=2024-04-28 00:00:00+00:00
[2024-04-28T15:48:56.574+0000] {logging_mixin.py:188} INFO - [2024-04-28T15:48:56.573+0000] {dag.py:3954} INFO - Setting next_dagrun for example_branch_datetime_operator_2 to 2024-04-27 00:00:00+00:00, run_after=2024-04-28 00:00:00+00:00
[2024-04-28T15:48:56.575+0000] {logging_mixin.py:188} INFO - [2024-04-28T15:48:56.575+0000] {dag.py:3954} INFO - Setting next_dagrun for example_branch_datetime_operator_3 to 2024-04-27 00:00:00+00:00, run_after=2024-04-28 00:00:00+00:00
[2024-04-28T15:48:56.589+0000] {processor.py:183} INFO - Processing /home/airflow/.local/lib/python3.12/site-packages/airflow/example_dags/example_branch_datetime_operator.py took 0.188 seconds
[2024-04-28T15:49:28.234+0000] {processor.py:161} INFO - Started process (PID=124) to work on /home/airflow/.local/lib/python3.12/site-packages/airflow/example_dags/example_branch_datetime_operator.py
[2024-04-28T15:49:28.236+0000] {processor.py:830} INFO - Processing file /home/airflow/.local/lib/python3.12/site-packages/airflow/example_dags/example_branch_datetime_operator.py for tasks to queue
[2024-04-28T15:49:28.238+0000] {logging_mixin.py:188} INFO - [2024-04-28T15:49:28.238+0000] {dagbag.py:540} INFO - Filling up the DagBag from /home/airflow/.local/lib/python3.12/site-packages/airflow/example_dags/example_branch_datetime_operator.py
[2024-04-28T15:49:28.250+0000] {processor.py:840} INFO - DAG(s) 'example_branch_datetime_operator_3', 'example_branch_datetime_operator_2', 'example_branch_datetime_operator' retrieved from /home/airflow/.local/lib/python3.12/site-packages/airflow/example_dags/example_branch_datetime_operator.py
[2024-04-28T15:49:28.275+0000] {logging_mixin.py:188} INFO - [2024-04-28T15:49:28.275+0000] {dag.py:3096} INFO - Sync 3 DAGs
[2024-04-28T15:49:28.297+0000] {logging_mixin.py:188} INFO - [2024-04-28T15:49:28.296+0000] {dag.py:3954} INFO - Setting next_dagrun for example_branch_datetime_operator to 2024-04-27 00:00:00+00:00, run_after=2024-04-28 00:00:00+00:00
[2024-04-28T15:49:28.301+0000] {logging_mixin.py:188} INFO - [2024-04-28T15:49:28.301+0000] {dag.py:3954} INFO - Setting next_dagrun for example_branch_datetime_operator_2 to 2024-04-27 00:00:00+00:00, run_after=2024-04-28 00:00:00+00:00
[2024-04-28T15:49:28.303+0000] {logging_mixin.py:188} INFO - [2024-04-28T15:49:28.303+0000] {dag.py:3954} INFO - Setting next_dagrun for example_branch_datetime_operator_3 to 2024-04-27 00:00:00+00:00, run_after=2024-04-28 00:00:00+00:00
[2024-04-28T15:49:28.328+0000] {processor.py:183} INFO - Processing /home/airflow/.local/lib/python3.12/site-packages/airflow/example_dags/example_branch_datetime_operator.py took 0.100 seconds
[2024-04-28T15:49:58.994+0000] {processor.py:161} INFO - Started process (PID=182) to work on /home/airflow/.local/lib/python3.12/site-packages/airflow/example_dags/example_branch_datetime_operator.py
[2024-04-28T15:49:58.995+0000] {processor.py:830} INFO - Processing file /home/airflow/.local/lib/python3.12/site-packages/airflow/example_dags/example_branch_datetime_operator.py for tasks to queue
[2024-04-28T15:49:58.997+0000] {logging_mixin.py:188} INFO - [2024-04-28T15:49:58.997+0000] {dagbag.py:540} INFO - Filling up the DagBag from /home/airflow/.local/lib/python3.12/site-packages/airflow/example_dags/example_branch_datetime_operator.py
[2024-04-28T15:49:59.008+0000] {processor.py:840} INFO - DAG(s) 'example_branch_datetime_operator', 'example_branch_datetime_operator_3', 'example_branch_datetime_operator_2' retrieved from /home/airflow/.local/lib/python3.12/site-packages/airflow/example_dags/example_branch_datetime_operator.py
[2024-04-28T15:49:59.034+0000] {logging_mixin.py:188} INFO - [2024-04-28T15:49:59.034+0000] {dag.py:3096} INFO - Sync 3 DAGs
[2024-04-28T15:49:59.058+0000] {logging_mixin.py:188} INFO - [2024-04-28T15:49:59.057+0000] {dag.py:3954} INFO - Setting next_dagrun for example_branch_datetime_operator to 2024-04-27 00:00:00+00:00, run_after=2024-04-28 00:00:00+00:00
[2024-04-28T15:49:59.063+0000] {logging_mixin.py:188} INFO - [2024-04-28T15:49:59.063+0000] {dag.py:3954} INFO - Setting next_dagrun for example_branch_datetime_operator_2 to 2024-04-27 00:00:00+00:00, run_after=2024-04-28 00:00:00+00:00
[2024-04-28T15:49:59.066+0000] {logging_mixin.py:188} INFO - [2024-04-28T15:49:59.066+0000] {dag.py:3954} INFO - Setting next_dagrun for example_branch_datetime_operator_3 to 2024-04-27 00:00:00+00:00, run_after=2024-04-28 00:00:00+00:00
[2024-04-28T15:49:59.086+0000] {processor.py:183} INFO - Processing /home/airflow/.local/lib/python3.12/site-packages/airflow/example_dags/example_branch_datetime_operator.py took 0.098 seconds
[2024-04-28T15:50:29.647+0000] {processor.py:161} INFO - Started process (PID=240) to work on /home/airflow/.local/lib/python3.12/site-packages/airflow/example_dags/example_branch_datetime_operator.py
[2024-04-28T15:50:29.648+0000] {processor.py:830} INFO - Processing file /home/airflow/.local/lib/python3.12/site-packages/airflow/example_dags/example_branch_datetime_operator.py for tasks to queue
[2024-04-28T15:50:29.650+0000] {logging_mixin.py:188} INFO - [2024-04-28T15:50:29.649+0000] {dagbag.py:540} INFO - Filling up the DagBag from /home/airflow/.local/lib/python3.12/site-packages/airflow/example_dags/example_branch_datetime_operator.py
[2024-04-28T15:50:29.659+0000] {processor.py:840} INFO - DAG(s) 'example_branch_datetime_operator_2', 'example_branch_datetime_operator_3', 'example_branch_datetime_operator' retrieved from /home/airflow/.local/lib/python3.12/site-packages/airflow/example_dags/example_branch_datetime_operator.py
[2024-04-28T15:50:29.686+0000] {logging_mixin.py:188} INFO - [2024-04-28T15:50:29.686+0000] {dag.py:3096} INFO - Sync 3 DAGs
[2024-04-28T15:50:29.718+0000] {logging_mixin.py:188} INFO - [2024-04-28T15:50:29.718+0000] {dag.py:3954} INFO - Setting next_dagrun for example_branch_datetime_operator to 2024-04-27 00:00:00+00:00, run_after=2024-04-28 00:00:00+00:00
[2024-04-28T15:50:29.723+0000] {logging_mixin.py:188} INFO - [2024-04-28T15:50:29.722+0000] {dag.py:3954} INFO - Setting next_dagrun for example_branch_datetime_operator_2 to 2024-04-27 00:00:00+00:00, run_after=2024-04-28 00:00:00+00:00
[2024-04-28T15:50:29.726+0000] {logging_mixin.py:188} INFO - [2024-04-28T15:50:29.726+0000] {dag.py:3954} INFO - Setting next_dagrun for example_branch_datetime_operator_3 to 2024-04-27 00:00:00+00:00, run_after=2024-04-28 00:00:00+00:00
[2024-04-28T15:50:29.745+0000] {processor.py:183} INFO - Processing /home/airflow/.local/lib/python3.12/site-packages/airflow/example_dags/example_branch_datetime_operator.py took 0.104 seconds
[2024-04-28T15:51:00.260+0000] {processor.py:161} INFO - Started process (PID=298) to work on /home/airflow/.local/lib/python3.12/site-packages/airflow/example_dags/example_branch_datetime_operator.py
[2024-04-28T15:51:00.262+0000] {processor.py:830} INFO - Processing file /home/airflow/.local/lib/python3.12/site-packages/airflow/example_dags/example_branch_datetime_operator.py for tasks to queue
[2024-04-28T15:51:00.264+0000] {logging_mixin.py:188} INFO - [2024-04-28T15:51:00.263+0000] {dagbag.py:540} INFO - Filling up the DagBag from /home/airflow/.local/lib/python3.12/site-packages/airflow/example_dags/example_branch_datetime_operator.py
[2024-04-28T15:51:00.272+0000] {processor.py:840} INFO - DAG(s) 'example_branch_datetime_operator_2', 'example_branch_datetime_operator_3', 'example_branch_datetime_operator' retrieved from /home/airflow/.local/lib/python3.12/site-packages/airflow/example_dags/example_branch_datetime_operator.py
[2024-04-28T15:51:00.300+0000] {logging_mixin.py:188} INFO - [2024-04-28T15:51:00.300+0000] {dag.py:3096} INFO - Sync 3 DAGs
[2024-04-28T15:51:00.325+0000] {logging_mixin.py:188} INFO - [2024-04-28T15:51:00.324+0000] {dag.py:3954} INFO - Setting next_dagrun for example_branch_datetime_operator to 2024-04-27 00:00:00+00:00, run_after=2024-04-28 00:00:00+00:00
[2024-04-28T15:51:00.333+0000] {logging_mixin.py:188} INFO - [2024-04-28T15:51:00.332+0000] {dag.py:3954} INFO - Setting next_dagrun for example_branch_datetime_operator_2 to 2024-04-27 00:00:00+00:00, run_after=2024-04-28 00:00:00+00:00
[2024-04-28T15:51:00.338+0000] {logging_mixin.py:188} INFO - [2024-04-28T15:51:00.337+0000] {dag.py:3954} INFO - Setting next_dagrun for example_branch_datetime_operator_3 to 2024-04-27 00:00:00+00:00, run_after=2024-04-28 00:00:00+00:00
[2024-04-28T15:51:00.371+0000] {processor.py:183} INFO - Processing /home/airflow/.local/lib/python3.12/site-packages/airflow/example_dags/example_branch_datetime_operator.py took 0.116 seconds
[2024-04-28T15:51:31.423+0000] {processor.py:161} INFO - Started process (PID=356) to work on /home/airflow/.local/lib/python3.12/site-packages/airflow/example_dags/example_branch_datetime_operator.py
[2024-04-28T15:51:31.425+0000] {processor.py:830} INFO - Processing file /home/airflow/.local/lib/python3.12/site-packages/airflow/example_dags/example_branch_datetime_operator.py for tasks to queue
[2024-04-28T15:51:31.427+0000] {logging_mixin.py:188} INFO - [2024-04-28T15:51:31.427+0000] {dagbag.py:540} INFO - Filling up the DagBag from /home/airflow/.local/lib/python3.12/site-packages/airflow/example_dags/example_branch_datetime_operator.py
[2024-04-28T15:51:31.442+0000] {processor.py:840} INFO - DAG(s) 'example_branch_datetime_operator', 'example_branch_datetime_operator_3', 'example_branch_datetime_operator_2' retrieved from /home/airflow/.local/lib/python3.12/site-packages/airflow/example_dags/example_branch_datetime_operator.py
[2024-04-28T15:51:31.475+0000] {logging_mixin.py:188} INFO - [2024-04-28T15:51:31.475+0000] {dag.py:3096} INFO - Sync 3 DAGs
[2024-04-28T15:51:31.505+0000] {logging_mixin.py:188} INFO - [2024-04-28T15:51:31.505+0000] {dag.py:3954} INFO - Setting next_dagrun for example_branch_datetime_operator to 2024-04-27 00:00:00+00:00, run_after=2024-04-28 00:00:00+00:00
[2024-04-28T15:51:31.512+0000] {logging_mixin.py:188} INFO - [2024-04-28T15:51:31.511+0000] {dag.py:3954} INFO - Setting next_dagrun for example_branch_datetime_operator_2 to 2024-04-27 00:00:00+00:00, run_after=2024-04-28 00:00:00+00:00
[2024-04-28T15:51:31.515+0000] {logging_mixin.py:188} INFO - [2024-04-28T15:51:31.514+0000] {dag.py:3954} INFO - Setting next_dagrun for example_branch_datetime_operator_3 to 2024-04-27 00:00:00+00:00, run_after=2024-04-28 00:00:00+00:00
[2024-04-28T15:51:31.538+0000] {processor.py:183} INFO - Processing /home/airflow/.local/lib/python3.12/site-packages/airflow/example_dags/example_branch_datetime_operator.py took 0.122 seconds
[2024-04-28T15:53:33.969+0000] {processor.py:161} INFO - Started process (PID=68) to work on /home/airflow/.local/lib/python3.12/site-packages/airflow/example_dags/example_branch_datetime_operator.py
[2024-04-28T15:53:33.972+0000] {processor.py:830} INFO - Processing file /home/airflow/.local/lib/python3.12/site-packages/airflow/example_dags/example_branch_datetime_operator.py for tasks to queue
[2024-04-28T15:53:33.978+0000] {logging_mixin.py:188} INFO - [2024-04-28T15:53:33.977+0000] {dagbag.py:540} INFO - Filling up the DagBag from /home/airflow/.local/lib/python3.12/site-packages/airflow/example_dags/example_branch_datetime_operator.py
[2024-04-28T15:53:33.997+0000] {processor.py:840} INFO - DAG(s) 'example_branch_datetime_operator', 'example_branch_datetime_operator_3', 'example_branch_datetime_operator_2' retrieved from /home/airflow/.local/lib/python3.12/site-packages/airflow/example_dags/example_branch_datetime_operator.py
[2024-04-28T15:53:34.024+0000] {logging_mixin.py:188} INFO - [2024-04-28T15:53:34.023+0000] {dag.py:3096} INFO - Sync 3 DAGs
[2024-04-28T15:53:34.066+0000] {logging_mixin.py:188} INFO - [2024-04-28T15:53:34.065+0000] {dag.py:3954} INFO - Setting next_dagrun for example_branch_datetime_operator to 2024-04-27 00:00:00+00:00, run_after=2024-04-28 00:00:00+00:00
[2024-04-28T15:53:34.074+0000] {logging_mixin.py:188} INFO - [2024-04-28T15:53:34.073+0000] {dag.py:3954} INFO - Setting next_dagrun for example_branch_datetime_operator_2 to 2024-04-27 00:00:00+00:00, run_after=2024-04-28 00:00:00+00:00
[2024-04-28T15:53:34.076+0000] {logging_mixin.py:188} INFO - [2024-04-28T15:53:34.076+0000] {dag.py:3954} INFO - Setting next_dagrun for example_branch_datetime_operator_3 to 2024-04-27 00:00:00+00:00, run_after=2024-04-28 00:00:00+00:00
[2024-04-28T15:53:34.100+0000] {processor.py:183} INFO - Processing /home/airflow/.local/lib/python3.12/site-packages/airflow/example_dags/example_branch_datetime_operator.py took 0.151 seconds
[2024-04-28T15:54:05.157+0000] {processor.py:161} INFO - Started process (PID=128) to work on /home/airflow/.local/lib/python3.12/site-packages/airflow/example_dags/example_branch_datetime_operator.py
[2024-04-28T15:54:05.158+0000] {processor.py:830} INFO - Processing file /home/airflow/.local/lib/python3.12/site-packages/airflow/example_dags/example_branch_datetime_operator.py for tasks to queue
[2024-04-28T15:54:05.160+0000] {logging_mixin.py:188} INFO - [2024-04-28T15:54:05.159+0000] {dagbag.py:540} INFO - Filling up the DagBag from /home/airflow/.local/lib/python3.12/site-packages/airflow/example_dags/example_branch_datetime_operator.py
[2024-04-28T15:54:05.167+0000] {processor.py:840} INFO - DAG(s) 'example_branch_datetime_operator_2', 'example_branch_datetime_operator', 'example_branch_datetime_operator_3' retrieved from /home/airflow/.local/lib/python3.12/site-packages/airflow/example_dags/example_branch_datetime_operator.py
[2024-04-28T15:54:05.262+0000] {logging_mixin.py:188} INFO - [2024-04-28T15:54:05.262+0000] {dag.py:3096} INFO - Sync 3 DAGs
[2024-04-28T15:54:05.280+0000] {logging_mixin.py:188} INFO - [2024-04-28T15:54:05.280+0000] {dag.py:3954} INFO - Setting next_dagrun for example_branch_datetime_operator to 2024-04-27 00:00:00+00:00, run_after=2024-04-28 00:00:00+00:00
[2024-04-28T15:54:05.284+0000] {logging_mixin.py:188} INFO - [2024-04-28T15:54:05.283+0000] {dag.py:3954} INFO - Setting next_dagrun for example_branch_datetime_operator_2 to 2024-04-27 00:00:00+00:00, run_after=2024-04-28 00:00:00+00:00
[2024-04-28T15:54:05.286+0000] {logging_mixin.py:188} INFO - [2024-04-28T15:54:05.286+0000] {dag.py:3954} INFO - Setting next_dagrun for example_branch_datetime_operator_3 to 2024-04-27 00:00:00+00:00, run_after=2024-04-28 00:00:00+00:00
[2024-04-28T15:54:05.307+0000] {processor.py:183} INFO - Processing /home/airflow/.local/lib/python3.12/site-packages/airflow/example_dags/example_branch_datetime_operator.py took 0.154 seconds
[2024-04-28T15:54:35.588+0000] {processor.py:161} INFO - Started process (PID=196) to work on /home/airflow/.local/lib/python3.12/site-packages/airflow/example_dags/example_branch_datetime_operator.py
[2024-04-28T15:54:35.588+0000] {processor.py:830} INFO - Processing file /home/airflow/.local/lib/python3.12/site-packages/airflow/example_dags/example_branch_datetime_operator.py for tasks to queue
[2024-04-28T15:54:35.590+0000] {logging_mixin.py:188} INFO - [2024-04-28T15:54:35.590+0000] {dagbag.py:540} INFO - Filling up the DagBag from /home/airflow/.local/lib/python3.12/site-packages/airflow/example_dags/example_branch_datetime_operator.py
[2024-04-28T15:54:35.598+0000] {processor.py:840} INFO - DAG(s) 'example_branch_datetime_operator_3', 'example_branch_datetime_operator_2', 'example_branch_datetime_operator' retrieved from /home/airflow/.local/lib/python3.12/site-packages/airflow/example_dags/example_branch_datetime_operator.py
[2024-04-28T15:54:35.622+0000] {logging_mixin.py:188} INFO - [2024-04-28T15:54:35.621+0000] {dag.py:3096} INFO - Sync 3 DAGs
[2024-04-28T15:54:35.640+0000] {logging_mixin.py:188} INFO - [2024-04-28T15:54:35.640+0000] {dag.py:3954} INFO - Setting next_dagrun for example_branch_datetime_operator to 2024-04-27 00:00:00+00:00, run_after=2024-04-28 00:00:00+00:00
[2024-04-28T15:54:35.646+0000] {logging_mixin.py:188} INFO - [2024-04-28T15:54:35.645+0000] {dag.py:3954} INFO - Setting next_dagrun for example_branch_datetime_operator_2 to 2024-04-27 00:00:00+00:00, run_after=2024-04-28 00:00:00+00:00
[2024-04-28T15:54:35.648+0000] {logging_mixin.py:188} INFO - [2024-04-28T15:54:35.648+0000] {dag.py:3954} INFO - Setting next_dagrun for example_branch_datetime_operator_3 to 2024-04-27 00:00:00+00:00, run_after=2024-04-28 00:00:00+00:00
[2024-04-28T15:54:35.663+0000] {processor.py:183} INFO - Processing /home/airflow/.local/lib/python3.12/site-packages/airflow/example_dags/example_branch_datetime_operator.py took 0.080 seconds
[2024-04-28T15:55:06.783+0000] {processor.py:161} INFO - Started process (PID=256) to work on /home/airflow/.local/lib/python3.12/site-packages/airflow/example_dags/example_branch_datetime_operator.py
[2024-04-28T15:55:06.784+0000] {processor.py:830} INFO - Processing file /home/airflow/.local/lib/python3.12/site-packages/airflow/example_dags/example_branch_datetime_operator.py for tasks to queue
[2024-04-28T15:55:06.786+0000] {logging_mixin.py:188} INFO - [2024-04-28T15:55:06.785+0000] {dagbag.py:540} INFO - Filling up the DagBag from /home/airflow/.local/lib/python3.12/site-packages/airflow/example_dags/example_branch_datetime_operator.py
[2024-04-28T15:55:06.795+0000] {processor.py:840} INFO - DAG(s) 'example_branch_datetime_operator_2', 'example_branch_datetime_operator', 'example_branch_datetime_operator_3' retrieved from /home/airflow/.local/lib/python3.12/site-packages/airflow/example_dags/example_branch_datetime_operator.py
[2024-04-28T15:55:06.821+0000] {logging_mixin.py:188} INFO - [2024-04-28T15:55:06.821+0000] {dag.py:3096} INFO - Sync 3 DAGs
[2024-04-28T15:55:06.843+0000] {logging_mixin.py:188} INFO - [2024-04-28T15:55:06.842+0000] {dag.py:3954} INFO - Setting next_dagrun for example_branch_datetime_operator to 2024-04-27 00:00:00+00:00, run_after=2024-04-28 00:00:00+00:00
[2024-04-28T15:55:06.852+0000] {logging_mixin.py:188} INFO - [2024-04-28T15:55:06.852+0000] {dag.py:3954} INFO - Setting next_dagrun for example_branch_datetime_operator_2 to 2024-04-27 00:00:00+00:00, run_after=2024-04-28 00:00:00+00:00
[2024-04-28T15:55:06.856+0000] {logging_mixin.py:188} INFO - [2024-04-28T15:55:06.855+0000] {dag.py:3954} INFO - Setting next_dagrun for example_branch_datetime_operator_3 to 2024-04-27 00:00:00+00:00, run_after=2024-04-28 00:00:00+00:00
[2024-04-28T15:55:06.873+0000] {processor.py:183} INFO - Processing /home/airflow/.local/lib/python3.12/site-packages/airflow/example_dags/example_branch_datetime_operator.py took 0.096 seconds
[2024-04-28T15:55:37.930+0000] {processor.py:161} INFO - Started process (PID=316) to work on /home/airflow/.local/lib/python3.12/site-packages/airflow/example_dags/example_branch_datetime_operator.py
[2024-04-28T15:55:37.932+0000] {processor.py:830} INFO - Processing file /home/airflow/.local/lib/python3.12/site-packages/airflow/example_dags/example_branch_datetime_operator.py for tasks to queue
[2024-04-28T15:55:37.933+0000] {logging_mixin.py:188} INFO - [2024-04-28T15:55:37.933+0000] {dagbag.py:540} INFO - Filling up the DagBag from /home/airflow/.local/lib/python3.12/site-packages/airflow/example_dags/example_branch_datetime_operator.py
[2024-04-28T15:55:37.941+0000] {processor.py:840} INFO - DAG(s) 'example_branch_datetime_operator_3', 'example_branch_datetime_operator', 'example_branch_datetime_operator_2' retrieved from /home/airflow/.local/lib/python3.12/site-packages/airflow/example_dags/example_branch_datetime_operator.py
[2024-04-28T15:55:37.964+0000] {logging_mixin.py:188} INFO - [2024-04-28T15:55:37.964+0000] {dag.py:3096} INFO - Sync 3 DAGs
[2024-04-28T15:55:37.985+0000] {logging_mixin.py:188} INFO - [2024-04-28T15:55:37.985+0000] {dag.py:3954} INFO - Setting next_dagrun for example_branch_datetime_operator to 2024-04-27 00:00:00+00:00, run_after=2024-04-28 00:00:00+00:00
[2024-04-28T15:55:37.989+0000] {logging_mixin.py:188} INFO - [2024-04-28T15:55:37.989+0000] {dag.py:3954} INFO - Setting next_dagrun for example_branch_datetime_operator_2 to 2024-04-27 00:00:00+00:00, run_after=2024-04-28 00:00:00+00:00
[2024-04-28T15:55:37.991+0000] {logging_mixin.py:188} INFO - [2024-04-28T15:55:37.991+0000] {dag.py:3954} INFO - Setting next_dagrun for example_branch_datetime_operator_3 to 2024-04-27 00:00:00+00:00, run_after=2024-04-28 00:00:00+00:00
[2024-04-28T15:55:38.006+0000] {processor.py:183} INFO - Processing /home/airflow/.local/lib/python3.12/site-packages/airflow/example_dags/example_branch_datetime_operator.py took 0.080 seconds
[2024-04-28T15:56:08.126+0000] {processor.py:161} INFO - Started process (PID=376) to work on /home/airflow/.local/lib/python3.12/site-packages/airflow/example_dags/example_branch_datetime_operator.py
[2024-04-28T15:56:08.127+0000] {processor.py:830} INFO - Processing file /home/airflow/.local/lib/python3.12/site-packages/airflow/example_dags/example_branch_datetime_operator.py for tasks to queue
[2024-04-28T15:56:08.129+0000] {logging_mixin.py:188} INFO - [2024-04-28T15:56:08.128+0000] {dagbag.py:540} INFO - Filling up the DagBag from /home/airflow/.local/lib/python3.12/site-packages/airflow/example_dags/example_branch_datetime_operator.py
[2024-04-28T15:56:08.137+0000] {processor.py:840} INFO - DAG(s) 'example_branch_datetime_operator_3', 'example_branch_datetime_operator', 'example_branch_datetime_operator_2' retrieved from /home/airflow/.local/lib/python3.12/site-packages/airflow/example_dags/example_branch_datetime_operator.py
[2024-04-28T15:56:08.160+0000] {logging_mixin.py:188} INFO - [2024-04-28T15:56:08.159+0000] {dag.py:3096} INFO - Sync 3 DAGs
[2024-04-28T15:56:08.179+0000] {logging_mixin.py:188} INFO - [2024-04-28T15:56:08.178+0000] {dag.py:3954} INFO - Setting next_dagrun for example_branch_datetime_operator to 2024-04-27 00:00:00+00:00, run_after=2024-04-28 00:00:00+00:00
[2024-04-28T15:56:08.183+0000] {logging_mixin.py:188} INFO - [2024-04-28T15:56:08.182+0000] {dag.py:3954} INFO - Setting next_dagrun for example_branch_datetime_operator_2 to 2024-04-27 00:00:00+00:00, run_after=2024-04-28 00:00:00+00:00
[2024-04-28T15:56:08.185+0000] {logging_mixin.py:188} INFO - [2024-04-28T15:56:08.184+0000] {dag.py:3954} INFO - Setting next_dagrun for example_branch_datetime_operator_3 to 2024-04-27 00:00:00+00:00, run_after=2024-04-28 00:00:00+00:00
[2024-04-28T15:56:08.200+0000] {processor.py:183} INFO - Processing /home/airflow/.local/lib/python3.12/site-packages/airflow/example_dags/example_branch_datetime_operator.py took 0.080 seconds
[2024-04-28T15:56:39.151+0000] {processor.py:161} INFO - Started process (PID=436) to work on /home/airflow/.local/lib/python3.12/site-packages/airflow/example_dags/example_branch_datetime_operator.py
[2024-04-28T15:56:39.152+0000] {processor.py:830} INFO - Processing file /home/airflow/.local/lib/python3.12/site-packages/airflow/example_dags/example_branch_datetime_operator.py for tasks to queue
[2024-04-28T15:56:39.153+0000] {logging_mixin.py:188} INFO - [2024-04-28T15:56:39.153+0000] {dagbag.py:540} INFO - Filling up the DagBag from /home/airflow/.local/lib/python3.12/site-packages/airflow/example_dags/example_branch_datetime_operator.py
[2024-04-28T15:56:39.161+0000] {processor.py:840} INFO - DAG(s) 'example_branch_datetime_operator_3', 'example_branch_datetime_operator_2', 'example_branch_datetime_operator' retrieved from /home/airflow/.local/lib/python3.12/site-packages/airflow/example_dags/example_branch_datetime_operator.py
[2024-04-28T15:56:39.188+0000] {logging_mixin.py:188} INFO - [2024-04-28T15:56:39.188+0000] {dag.py:3096} INFO - Sync 3 DAGs
[2024-04-28T15:56:39.209+0000] {logging_mixin.py:188} INFO - [2024-04-28T15:56:39.208+0000] {dag.py:3954} INFO - Setting next_dagrun for example_branch_datetime_operator to 2024-04-27 00:00:00+00:00, run_after=2024-04-28 00:00:00+00:00
[2024-04-28T15:56:39.213+0000] {logging_mixin.py:188} INFO - [2024-04-28T15:56:39.213+0000] {dag.py:3954} INFO - Setting next_dagrun for example_branch_datetime_operator_2 to 2024-04-27 00:00:00+00:00, run_after=2024-04-28 00:00:00+00:00
[2024-04-28T15:56:39.215+0000] {logging_mixin.py:188} INFO - [2024-04-28T15:56:39.215+0000] {dag.py:3954} INFO - Setting next_dagrun for example_branch_datetime_operator_3 to 2024-04-27 00:00:00+00:00, run_after=2024-04-28 00:00:00+00:00
[2024-04-28T15:56:39.233+0000] {processor.py:183} INFO - Processing /home/airflow/.local/lib/python3.12/site-packages/airflow/example_dags/example_branch_datetime_operator.py took 0.088 seconds
[2024-04-28T15:57:09.593+0000] {processor.py:161} INFO - Started process (PID=494) to work on /home/airflow/.local/lib/python3.12/site-packages/airflow/example_dags/example_branch_datetime_operator.py
[2024-04-28T15:57:09.594+0000] {processor.py:830} INFO - Processing file /home/airflow/.local/lib/python3.12/site-packages/airflow/example_dags/example_branch_datetime_operator.py for tasks to queue
[2024-04-28T15:57:09.596+0000] {logging_mixin.py:188} INFO - [2024-04-28T15:57:09.596+0000] {dagbag.py:540} INFO - Filling up the DagBag from /home/airflow/.local/lib/python3.12/site-packages/airflow/example_dags/example_branch_datetime_operator.py
[2024-04-28T15:57:09.605+0000] {processor.py:840} INFO - DAG(s) 'example_branch_datetime_operator_2', 'example_branch_datetime_operator_3', 'example_branch_datetime_operator' retrieved from /home/airflow/.local/lib/python3.12/site-packages/airflow/example_dags/example_branch_datetime_operator.py
[2024-04-28T15:57:09.632+0000] {logging_mixin.py:188} INFO - [2024-04-28T15:57:09.632+0000] {dag.py:3096} INFO - Sync 3 DAGs
[2024-04-28T15:57:09.652+0000] {logging_mixin.py:188} INFO - [2024-04-28T15:57:09.652+0000] {dag.py:3954} INFO - Setting next_dagrun for example_branch_datetime_operator to 2024-04-27 00:00:00+00:00, run_after=2024-04-28 00:00:00+00:00
[2024-04-28T15:57:09.657+0000] {logging_mixin.py:188} INFO - [2024-04-28T15:57:09.657+0000] {dag.py:3954} INFO - Setting next_dagrun for example_branch_datetime_operator_2 to 2024-04-27 00:00:00+00:00, run_after=2024-04-28 00:00:00+00:00
[2024-04-28T15:57:09.659+0000] {logging_mixin.py:188} INFO - [2024-04-28T15:57:09.659+0000] {dag.py:3954} INFO - Setting next_dagrun for example_branch_datetime_operator_3 to 2024-04-27 00:00:00+00:00, run_after=2024-04-28 00:00:00+00:00
[2024-04-28T15:57:09.677+0000] {processor.py:183} INFO - Processing /home/airflow/.local/lib/python3.12/site-packages/airflow/example_dags/example_branch_datetime_operator.py took 0.089 seconds
[2024-04-28T15:57:40.010+0000] {processor.py:161} INFO - Started process (PID=554) to work on /home/airflow/.local/lib/python3.12/site-packages/airflow/example_dags/example_branch_datetime_operator.py
[2024-04-28T15:57:40.011+0000] {processor.py:830} INFO - Processing file /home/airflow/.local/lib/python3.12/site-packages/airflow/example_dags/example_branch_datetime_operator.py for tasks to queue
[2024-04-28T15:57:40.012+0000] {logging_mixin.py:188} INFO - [2024-04-28T15:57:40.012+0000] {dagbag.py:540} INFO - Filling up the DagBag from /home/airflow/.local/lib/python3.12/site-packages/airflow/example_dags/example_branch_datetime_operator.py
[2024-04-28T15:57:40.020+0000] {processor.py:840} INFO - DAG(s) 'example_branch_datetime_operator_3', 'example_branch_datetime_operator', 'example_branch_datetime_operator_2' retrieved from /home/airflow/.local/lib/python3.12/site-packages/airflow/example_dags/example_branch_datetime_operator.py
[2024-04-28T15:57:40.040+0000] {logging_mixin.py:188} INFO - [2024-04-28T15:57:40.040+0000] {dag.py:3096} INFO - Sync 3 DAGs
[2024-04-28T15:57:40.059+0000] {logging_mixin.py:188} INFO - [2024-04-28T15:57:40.059+0000] {dag.py:3954} INFO - Setting next_dagrun for example_branch_datetime_operator to 2024-04-27 00:00:00+00:00, run_after=2024-04-28 00:00:00+00:00
[2024-04-28T15:57:40.063+0000] {logging_mixin.py:188} INFO - [2024-04-28T15:57:40.063+0000] {dag.py:3954} INFO - Setting next_dagrun for example_branch_datetime_operator_2 to 2024-04-27 00:00:00+00:00, run_after=2024-04-28 00:00:00+00:00
[2024-04-28T15:57:40.065+0000] {logging_mixin.py:188} INFO - [2024-04-28T15:57:40.065+0000] {dag.py:3954} INFO - Setting next_dagrun for example_branch_datetime_operator_3 to 2024-04-27 00:00:00+00:00, run_after=2024-04-28 00:00:00+00:00
[2024-04-28T15:57:40.079+0000] {processor.py:183} INFO - Processing /home/airflow/.local/lib/python3.12/site-packages/airflow/example_dags/example_branch_datetime_operator.py took 0.073 seconds
[2024-04-28T15:58:10.401+0000] {processor.py:161} INFO - Started process (PID=614) to work on /home/airflow/.local/lib/python3.12/site-packages/airflow/example_dags/example_branch_datetime_operator.py
[2024-04-28T15:58:10.403+0000] {processor.py:830} INFO - Processing file /home/airflow/.local/lib/python3.12/site-packages/airflow/example_dags/example_branch_datetime_operator.py for tasks to queue
[2024-04-28T15:58:10.404+0000] {logging_mixin.py:188} INFO - [2024-04-28T15:58:10.404+0000] {dagbag.py:540} INFO - Filling up the DagBag from /home/airflow/.local/lib/python3.12/site-packages/airflow/example_dags/example_branch_datetime_operator.py
[2024-04-28T15:58:10.414+0000] {processor.py:840} INFO - DAG(s) 'example_branch_datetime_operator', 'example_branch_datetime_operator_2', 'example_branch_datetime_operator_3' retrieved from /home/airflow/.local/lib/python3.12/site-packages/airflow/example_dags/example_branch_datetime_operator.py
[2024-04-28T15:58:10.439+0000] {logging_mixin.py:188} INFO - [2024-04-28T15:58:10.439+0000] {dag.py:3096} INFO - Sync 3 DAGs
[2024-04-28T15:58:10.459+0000] {logging_mixin.py:188} INFO - [2024-04-28T15:58:10.459+0000] {dag.py:3954} INFO - Setting next_dagrun for example_branch_datetime_operator to 2024-04-27 00:00:00+00:00, run_after=2024-04-28 00:00:00+00:00
[2024-04-28T15:58:10.463+0000] {logging_mixin.py:188} INFO - [2024-04-28T15:58:10.463+0000] {dag.py:3954} INFO - Setting next_dagrun for example_branch_datetime_operator_2 to 2024-04-27 00:00:00+00:00, run_after=2024-04-28 00:00:00+00:00
[2024-04-28T15:58:10.465+0000] {logging_mixin.py:188} INFO - [2024-04-28T15:58:10.465+0000] {dag.py:3954} INFO - Setting next_dagrun for example_branch_datetime_operator_3 to 2024-04-27 00:00:00+00:00, run_after=2024-04-28 00:00:00+00:00
[2024-04-28T15:58:10.479+0000] {processor.py:183} INFO - Processing /home/airflow/.local/lib/python3.12/site-packages/airflow/example_dags/example_branch_datetime_operator.py took 0.082 seconds
[2024-04-28T15:58:40.871+0000] {processor.py:161} INFO - Started process (PID=674) to work on /home/airflow/.local/lib/python3.12/site-packages/airflow/example_dags/example_branch_datetime_operator.py
[2024-04-28T15:58:40.872+0000] {processor.py:830} INFO - Processing file /home/airflow/.local/lib/python3.12/site-packages/airflow/example_dags/example_branch_datetime_operator.py for tasks to queue
[2024-04-28T15:58:40.874+0000] {logging_mixin.py:188} INFO - [2024-04-28T15:58:40.873+0000] {dagbag.py:540} INFO - Filling up the DagBag from /home/airflow/.local/lib/python3.12/site-packages/airflow/example_dags/example_branch_datetime_operator.py
[2024-04-28T15:58:40.882+0000] {processor.py:840} INFO - DAG(s) 'example_branch_datetime_operator', 'example_branch_datetime_operator_2', 'example_branch_datetime_operator_3' retrieved from /home/airflow/.local/lib/python3.12/site-packages/airflow/example_dags/example_branch_datetime_operator.py
[2024-04-28T15:58:40.906+0000] {logging_mixin.py:188} INFO - [2024-04-28T15:58:40.906+0000] {dag.py:3096} INFO - Sync 3 DAGs
[2024-04-28T15:58:40.925+0000] {logging_mixin.py:188} INFO - [2024-04-28T15:58:40.924+0000] {dag.py:3954} INFO - Setting next_dagrun for example_branch_datetime_operator to 2024-04-27 00:00:00+00:00, run_after=2024-04-28 00:00:00+00:00
[2024-04-28T15:58:40.929+0000] {logging_mixin.py:188} INFO - [2024-04-28T15:58:40.929+0000] {dag.py:3954} INFO - Setting next_dagrun for example_branch_datetime_operator_2 to 2024-04-27 00:00:00+00:00, run_after=2024-04-28 00:00:00+00:00
[2024-04-28T15:58:40.931+0000] {logging_mixin.py:188} INFO - [2024-04-28T15:58:40.931+0000] {dag.py:3954} INFO - Setting next_dagrun for example_branch_datetime_operator_3 to 2024-04-27 00:00:00+00:00, run_after=2024-04-28 00:00:00+00:00
[2024-04-28T15:58:40.951+0000] {processor.py:183} INFO - Processing /home/airflow/.local/lib/python3.12/site-packages/airflow/example_dags/example_branch_datetime_operator.py took 0.084 seconds
[2024-04-28T15:59:11.487+0000] {processor.py:161} INFO - Started process (PID=734) to work on /home/airflow/.local/lib/python3.12/site-packages/airflow/example_dags/example_branch_datetime_operator.py
[2024-04-28T15:59:11.488+0000] {processor.py:830} INFO - Processing file /home/airflow/.local/lib/python3.12/site-packages/airflow/example_dags/example_branch_datetime_operator.py for tasks to queue
[2024-04-28T15:59:11.490+0000] {logging_mixin.py:188} INFO - [2024-04-28T15:59:11.489+0000] {dagbag.py:540} INFO - Filling up the DagBag from /home/airflow/.local/lib/python3.12/site-packages/airflow/example_dags/example_branch_datetime_operator.py
[2024-04-28T15:59:11.497+0000] {processor.py:840} INFO - DAG(s) 'example_branch_datetime_operator_2', 'example_branch_datetime_operator', 'example_branch_datetime_operator_3' retrieved from /home/airflow/.local/lib/python3.12/site-packages/airflow/example_dags/example_branch_datetime_operator.py
[2024-04-28T15:59:11.521+0000] {logging_mixin.py:188} INFO - [2024-04-28T15:59:11.520+0000] {dag.py:3096} INFO - Sync 3 DAGs
[2024-04-28T15:59:11.539+0000] {logging_mixin.py:188} INFO - [2024-04-28T15:59:11.539+0000] {dag.py:3954} INFO - Setting next_dagrun for example_branch_datetime_operator to 2024-04-27 00:00:00+00:00, run_after=2024-04-28 00:00:00+00:00
[2024-04-28T15:59:11.544+0000] {logging_mixin.py:188} INFO - [2024-04-28T15:59:11.544+0000] {dag.py:3954} INFO - Setting next_dagrun for example_branch_datetime_operator_2 to 2024-04-27 00:00:00+00:00, run_after=2024-04-28 00:00:00+00:00
[2024-04-28T15:59:11.546+0000] {logging_mixin.py:188} INFO - [2024-04-28T15:59:11.546+0000] {dag.py:3954} INFO - Setting next_dagrun for example_branch_datetime_operator_3 to 2024-04-27 00:00:00+00:00, run_after=2024-04-28 00:00:00+00:00
[2024-04-28T15:59:11.560+0000] {processor.py:183} INFO - Processing /home/airflow/.local/lib/python3.12/site-packages/airflow/example_dags/example_branch_datetime_operator.py took 0.078 seconds
[2024-04-28T15:59:42.006+0000] {processor.py:161} INFO - Started process (PID=794) to work on /home/airflow/.local/lib/python3.12/site-packages/airflow/example_dags/example_branch_datetime_operator.py
[2024-04-28T15:59:42.007+0000] {processor.py:830} INFO - Processing file /home/airflow/.local/lib/python3.12/site-packages/airflow/example_dags/example_branch_datetime_operator.py for tasks to queue
[2024-04-28T15:59:42.009+0000] {logging_mixin.py:188} INFO - [2024-04-28T15:59:42.008+0000] {dagbag.py:540} INFO - Filling up the DagBag from /home/airflow/.local/lib/python3.12/site-packages/airflow/example_dags/example_branch_datetime_operator.py
[2024-04-28T15:59:42.016+0000] {processor.py:840} INFO - DAG(s) 'example_branch_datetime_operator_3', 'example_branch_datetime_operator_2', 'example_branch_datetime_operator' retrieved from /home/airflow/.local/lib/python3.12/site-packages/airflow/example_dags/example_branch_datetime_operator.py
[2024-04-28T15:59:42.037+0000] {logging_mixin.py:188} INFO - [2024-04-28T15:59:42.036+0000] {dag.py:3096} INFO - Sync 3 DAGs
[2024-04-28T15:59:42.055+0000] {logging_mixin.py:188} INFO - [2024-04-28T15:59:42.055+0000] {dag.py:3954} INFO - Setting next_dagrun for example_branch_datetime_operator to 2024-04-27 00:00:00+00:00, run_after=2024-04-28 00:00:00+00:00
[2024-04-28T15:59:42.059+0000] {logging_mixin.py:188} INFO - [2024-04-28T15:59:42.059+0000] {dag.py:3954} INFO - Setting next_dagrun for example_branch_datetime_operator_2 to 2024-04-27 00:00:00+00:00, run_after=2024-04-28 00:00:00+00:00
[2024-04-28T15:59:42.061+0000] {logging_mixin.py:188} INFO - [2024-04-28T15:59:42.061+0000] {dag.py:3954} INFO - Setting next_dagrun for example_branch_datetime_operator_3 to 2024-04-27 00:00:00+00:00, run_after=2024-04-28 00:00:00+00:00
[2024-04-28T15:59:42.074+0000] {processor.py:183} INFO - Processing /home/airflow/.local/lib/python3.12/site-packages/airflow/example_dags/example_branch_datetime_operator.py took 0.072 seconds
[2024-04-28T16:00:12.636+0000] {processor.py:161} INFO - Started process (PID=854) to work on /home/airflow/.local/lib/python3.12/site-packages/airflow/example_dags/example_branch_datetime_operator.py
[2024-04-28T16:00:12.637+0000] {processor.py:830} INFO - Processing file /home/airflow/.local/lib/python3.12/site-packages/airflow/example_dags/example_branch_datetime_operator.py for tasks to queue
[2024-04-28T16:00:12.638+0000] {logging_mixin.py:188} INFO - [2024-04-28T16:00:12.638+0000] {dagbag.py:540} INFO - Filling up the DagBag from /home/airflow/.local/lib/python3.12/site-packages/airflow/example_dags/example_branch_datetime_operator.py
[2024-04-28T16:00:12.646+0000] {processor.py:840} INFO - DAG(s) 'example_branch_datetime_operator_3', 'example_branch_datetime_operator', 'example_branch_datetime_operator_2' retrieved from /home/airflow/.local/lib/python3.12/site-packages/airflow/example_dags/example_branch_datetime_operator.py
[2024-04-28T16:00:12.667+0000] {logging_mixin.py:188} INFO - [2024-04-28T16:00:12.667+0000] {dag.py:3096} INFO - Sync 3 DAGs
[2024-04-28T16:00:12.684+0000] {logging_mixin.py:188} INFO - [2024-04-28T16:00:12.684+0000] {dag.py:3954} INFO - Setting next_dagrun for example_branch_datetime_operator to 2024-04-27 00:00:00+00:00, run_after=2024-04-28 00:00:00+00:00
[2024-04-28T16:00:12.688+0000] {logging_mixin.py:188} INFO - [2024-04-28T16:00:12.687+0000] {dag.py:3954} INFO - Setting next_dagrun for example_branch_datetime_operator_2 to 2024-04-27 00:00:00+00:00, run_after=2024-04-28 00:00:00+00:00
[2024-04-28T16:00:12.689+0000] {logging_mixin.py:188} INFO - [2024-04-28T16:00:12.689+0000] {dag.py:3954} INFO - Setting next_dagrun for example_branch_datetime_operator_3 to 2024-04-27 00:00:00+00:00, run_after=2024-04-28 00:00:00+00:00
[2024-04-28T16:00:12.703+0000] {processor.py:183} INFO - Processing /home/airflow/.local/lib/python3.12/site-packages/airflow/example_dags/example_branch_datetime_operator.py took 0.071 seconds
[2024-04-28T16:00:43.072+0000] {processor.py:161} INFO - Started process (PID=914) to work on /home/airflow/.local/lib/python3.12/site-packages/airflow/example_dags/example_branch_datetime_operator.py
[2024-04-28T16:00:43.073+0000] {processor.py:830} INFO - Processing file /home/airflow/.local/lib/python3.12/site-packages/airflow/example_dags/example_branch_datetime_operator.py for tasks to queue
[2024-04-28T16:00:43.075+0000] {logging_mixin.py:188} INFO - [2024-04-28T16:00:43.075+0000] {dagbag.py:540} INFO - Filling up the DagBag from /home/airflow/.local/lib/python3.12/site-packages/airflow/example_dags/example_branch_datetime_operator.py
[2024-04-28T16:00:43.085+0000] {processor.py:840} INFO - DAG(s) 'example_branch_datetime_operator_2', 'example_branch_datetime_operator_3', 'example_branch_datetime_operator' retrieved from /home/airflow/.local/lib/python3.12/site-packages/airflow/example_dags/example_branch_datetime_operator.py
[2024-04-28T16:00:43.114+0000] {logging_mixin.py:188} INFO - [2024-04-28T16:00:43.114+0000] {dag.py:3096} INFO - Sync 3 DAGs
[2024-04-28T16:00:43.144+0000] {logging_mixin.py:188} INFO - [2024-04-28T16:00:43.144+0000] {dag.py:3954} INFO - Setting next_dagrun for example_branch_datetime_operator to 2024-04-27 00:00:00+00:00, run_after=2024-04-28 00:00:00+00:00
[2024-04-28T16:00:43.150+0000] {logging_mixin.py:188} INFO - [2024-04-28T16:00:43.149+0000] {dag.py:3954} INFO - Setting next_dagrun for example_branch_datetime_operator_2 to 2024-04-27 00:00:00+00:00, run_after=2024-04-28 00:00:00+00:00
[2024-04-28T16:00:43.153+0000] {logging_mixin.py:188} INFO - [2024-04-28T16:00:43.152+0000] {dag.py:3954} INFO - Setting next_dagrun for example_branch_datetime_operator_3 to 2024-04-27 00:00:00+00:00, run_after=2024-04-28 00:00:00+00:00
[2024-04-28T16:00:43.170+0000] {processor.py:183} INFO - Processing /home/airflow/.local/lib/python3.12/site-packages/airflow/example_dags/example_branch_datetime_operator.py took 0.106 seconds
[2024-04-28T16:05:54.356+0000] {processor.py:161} INFO - Started process (PID=68) to work on /home/airflow/.local/lib/python3.12/site-packages/airflow/example_dags/example_branch_datetime_operator.py
[2024-04-28T16:05:54.357+0000] {processor.py:830} INFO - Processing file /home/airflow/.local/lib/python3.12/site-packages/airflow/example_dags/example_branch_datetime_operator.py for tasks to queue
[2024-04-28T16:05:54.358+0000] {logging_mixin.py:188} INFO - [2024-04-28T16:05:54.358+0000] {dagbag.py:540} INFO - Filling up the DagBag from /home/airflow/.local/lib/python3.12/site-packages/airflow/example_dags/example_branch_datetime_operator.py
[2024-04-28T16:05:54.366+0000] {processor.py:840} INFO - DAG(s) 'example_branch_datetime_operator', 'example_branch_datetime_operator_3', 'example_branch_datetime_operator_2' retrieved from /home/airflow/.local/lib/python3.12/site-packages/airflow/example_dags/example_branch_datetime_operator.py
[2024-04-28T16:05:54.378+0000] {logging_mixin.py:188} INFO - [2024-04-28T16:05:54.378+0000] {dag.py:3096} INFO - Sync 3 DAGs
[2024-04-28T16:05:54.398+0000] {logging_mixin.py:188} INFO - [2024-04-28T16:05:54.398+0000] {dag.py:3954} INFO - Setting next_dagrun for example_branch_datetime_operator to 2024-04-27 00:00:00+00:00, run_after=2024-04-28 00:00:00+00:00
[2024-04-28T16:05:54.402+0000] {logging_mixin.py:188} INFO - [2024-04-28T16:05:54.401+0000] {dag.py:3954} INFO - Setting next_dagrun for example_branch_datetime_operator_2 to 2024-04-27 00:00:00+00:00, run_after=2024-04-28 00:00:00+00:00
[2024-04-28T16:05:54.403+0000] {logging_mixin.py:188} INFO - [2024-04-28T16:05:54.403+0000] {dag.py:3954} INFO - Setting next_dagrun for example_branch_datetime_operator_3 to 2024-04-27 00:00:00+00:00, run_after=2024-04-28 00:00:00+00:00
[2024-04-28T16:05:54.418+0000] {processor.py:183} INFO - Processing /home/airflow/.local/lib/python3.12/site-packages/airflow/example_dags/example_branch_datetime_operator.py took 0.066 seconds
[2024-04-28T16:06:25.621+0000] {processor.py:161} INFO - Started process (PID=128) to work on /home/airflow/.local/lib/python3.12/site-packages/airflow/example_dags/example_branch_datetime_operator.py
[2024-04-28T16:06:25.622+0000] {processor.py:830} INFO - Processing file /home/airflow/.local/lib/python3.12/site-packages/airflow/example_dags/example_branch_datetime_operator.py for tasks to queue
[2024-04-28T16:06:25.623+0000] {logging_mixin.py:188} INFO - [2024-04-28T16:06:25.623+0000] {dagbag.py:540} INFO - Filling up the DagBag from /home/airflow/.local/lib/python3.12/site-packages/airflow/example_dags/example_branch_datetime_operator.py
[2024-04-28T16:06:25.631+0000] {processor.py:840} INFO - DAG(s) 'example_branch_datetime_operator_2', 'example_branch_datetime_operator', 'example_branch_datetime_operator_3' retrieved from /home/airflow/.local/lib/python3.12/site-packages/airflow/example_dags/example_branch_datetime_operator.py
[2024-04-28T16:06:25.724+0000] {logging_mixin.py:188} INFO - [2024-04-28T16:06:25.724+0000] {dag.py:3096} INFO - Sync 3 DAGs
[2024-04-28T16:06:25.740+0000] {logging_mixin.py:188} INFO - [2024-04-28T16:06:25.740+0000] {dag.py:3954} INFO - Setting next_dagrun for example_branch_datetime_operator to 2024-04-27 00:00:00+00:00, run_after=2024-04-28 00:00:00+00:00
[2024-04-28T16:06:25.743+0000] {logging_mixin.py:188} INFO - [2024-04-28T16:06:25.743+0000] {dag.py:3954} INFO - Setting next_dagrun for example_branch_datetime_operator_2 to 2024-04-27 00:00:00+00:00, run_after=2024-04-28 00:00:00+00:00
[2024-04-28T16:06:25.745+0000] {logging_mixin.py:188} INFO - [2024-04-28T16:06:25.745+0000] {dag.py:3954} INFO - Setting next_dagrun for example_branch_datetime_operator_3 to 2024-04-27 00:00:00+00:00, run_after=2024-04-28 00:00:00+00:00
[2024-04-28T16:06:25.759+0000] {processor.py:183} INFO - Processing /home/airflow/.local/lib/python3.12/site-packages/airflow/example_dags/example_branch_datetime_operator.py took 0.144 seconds
[2024-04-28T16:06:56.021+0000] {processor.py:161} INFO - Started process (PID=192) to work on /home/airflow/.local/lib/python3.12/site-packages/airflow/example_dags/example_branch_datetime_operator.py
[2024-04-28T16:06:56.022+0000] {processor.py:830} INFO - Processing file /home/airflow/.local/lib/python3.12/site-packages/airflow/example_dags/example_branch_datetime_operator.py for tasks to queue
[2024-04-28T16:06:56.023+0000] {logging_mixin.py:188} INFO - [2024-04-28T16:06:56.023+0000] {dagbag.py:540} INFO - Filling up the DagBag from /home/airflow/.local/lib/python3.12/site-packages/airflow/example_dags/example_branch_datetime_operator.py
[2024-04-28T16:06:56.031+0000] {processor.py:840} INFO - DAG(s) 'example_branch_datetime_operator_3', 'example_branch_datetime_operator_2', 'example_branch_datetime_operator' retrieved from /home/airflow/.local/lib/python3.12/site-packages/airflow/example_dags/example_branch_datetime_operator.py
[2024-04-28T16:06:56.052+0000] {logging_mixin.py:188} INFO - [2024-04-28T16:06:56.052+0000] {dag.py:3096} INFO - Sync 3 DAGs
[2024-04-28T16:06:56.072+0000] {logging_mixin.py:188} INFO - [2024-04-28T16:06:56.072+0000] {dag.py:3954} INFO - Setting next_dagrun for example_branch_datetime_operator to 2024-04-27 00:00:00+00:00, run_after=2024-04-28 00:00:00+00:00
[2024-04-28T16:06:56.076+0000] {logging_mixin.py:188} INFO - [2024-04-28T16:06:56.076+0000] {dag.py:3954} INFO - Setting next_dagrun for example_branch_datetime_operator_2 to 2024-04-27 00:00:00+00:00, run_after=2024-04-28 00:00:00+00:00
[2024-04-28T16:06:56.078+0000] {logging_mixin.py:188} INFO - [2024-04-28T16:06:56.078+0000] {dag.py:3954} INFO - Setting next_dagrun for example_branch_datetime_operator_3 to 2024-04-27 00:00:00+00:00, run_after=2024-04-28 00:00:00+00:00
[2024-04-28T16:06:56.091+0000] {processor.py:183} INFO - Processing /home/airflow/.local/lib/python3.12/site-packages/airflow/example_dags/example_branch_datetime_operator.py took 0.075 seconds
[2024-04-28T16:07:26.597+0000] {processor.py:161} INFO - Started process (PID=252) to work on /home/airflow/.local/lib/python3.12/site-packages/airflow/example_dags/example_branch_datetime_operator.py
[2024-04-28T16:07:26.598+0000] {processor.py:830} INFO - Processing file /home/airflow/.local/lib/python3.12/site-packages/airflow/example_dags/example_branch_datetime_operator.py for tasks to queue
[2024-04-28T16:07:26.600+0000] {logging_mixin.py:188} INFO - [2024-04-28T16:07:26.599+0000] {dagbag.py:540} INFO - Filling up the DagBag from /home/airflow/.local/lib/python3.12/site-packages/airflow/example_dags/example_branch_datetime_operator.py
[2024-04-28T16:07:26.607+0000] {processor.py:840} INFO - DAG(s) 'example_branch_datetime_operator_2', 'example_branch_datetime_operator_3', 'example_branch_datetime_operator' retrieved from /home/airflow/.local/lib/python3.12/site-packages/airflow/example_dags/example_branch_datetime_operator.py
[2024-04-28T16:07:26.630+0000] {logging_mixin.py:188} INFO - [2024-04-28T16:07:26.630+0000] {dag.py:3096} INFO - Sync 3 DAGs
[2024-04-28T16:07:26.647+0000] {logging_mixin.py:188} INFO - [2024-04-28T16:07:26.647+0000] {dag.py:3954} INFO - Setting next_dagrun for example_branch_datetime_operator to 2024-04-27 00:00:00+00:00, run_after=2024-04-28 00:00:00+00:00
[2024-04-28T16:07:26.651+0000] {logging_mixin.py:188} INFO - [2024-04-28T16:07:26.651+0000] {dag.py:3954} INFO - Setting next_dagrun for example_branch_datetime_operator_2 to 2024-04-27 00:00:00+00:00, run_after=2024-04-28 00:00:00+00:00
[2024-04-28T16:07:26.653+0000] {logging_mixin.py:188} INFO - [2024-04-28T16:07:26.653+0000] {dag.py:3954} INFO - Setting next_dagrun for example_branch_datetime_operator_3 to 2024-04-27 00:00:00+00:00, run_after=2024-04-28 00:00:00+00:00
[2024-04-28T16:07:26.666+0000] {processor.py:183} INFO - Processing /home/airflow/.local/lib/python3.12/site-packages/airflow/example_dags/example_branch_datetime_operator.py took 0.073 seconds
[2024-04-28T16:07:57.058+0000] {processor.py:161} INFO - Started process (PID=312) to work on /home/airflow/.local/lib/python3.12/site-packages/airflow/example_dags/example_branch_datetime_operator.py
[2024-04-28T16:07:57.059+0000] {processor.py:830} INFO - Processing file /home/airflow/.local/lib/python3.12/site-packages/airflow/example_dags/example_branch_datetime_operator.py for tasks to queue
[2024-04-28T16:07:57.060+0000] {logging_mixin.py:188} INFO - [2024-04-28T16:07:57.060+0000] {dagbag.py:540} INFO - Filling up the DagBag from /home/airflow/.local/lib/python3.12/site-packages/airflow/example_dags/example_branch_datetime_operator.py
[2024-04-28T16:07:57.068+0000] {processor.py:840} INFO - DAG(s) 'example_branch_datetime_operator', 'example_branch_datetime_operator_2', 'example_branch_datetime_operator_3' retrieved from /home/airflow/.local/lib/python3.12/site-packages/airflow/example_dags/example_branch_datetime_operator.py
[2024-04-28T16:07:57.091+0000] {logging_mixin.py:188} INFO - [2024-04-28T16:07:57.091+0000] {dag.py:3096} INFO - Sync 3 DAGs
[2024-04-28T16:07:57.108+0000] {logging_mixin.py:188} INFO - [2024-04-28T16:07:57.108+0000] {dag.py:3954} INFO - Setting next_dagrun for example_branch_datetime_operator to 2024-04-27 00:00:00+00:00, run_after=2024-04-28 00:00:00+00:00
[2024-04-28T16:07:57.113+0000] {logging_mixin.py:188} INFO - [2024-04-28T16:07:57.112+0000] {dag.py:3954} INFO - Setting next_dagrun for example_branch_datetime_operator_2 to 2024-04-27 00:00:00+00:00, run_after=2024-04-28 00:00:00+00:00
[2024-04-28T16:07:57.114+0000] {logging_mixin.py:188} INFO - [2024-04-28T16:07:57.114+0000] {dag.py:3954} INFO - Setting next_dagrun for example_branch_datetime_operator_3 to 2024-04-27 00:00:00+00:00, run_after=2024-04-28 00:00:00+00:00
[2024-04-28T16:07:57.129+0000] {processor.py:183} INFO - Processing /home/airflow/.local/lib/python3.12/site-packages/airflow/example_dags/example_branch_datetime_operator.py took 0.076 seconds
[2024-04-28T16:08:27.667+0000] {processor.py:161} INFO - Started process (PID=372) to work on /home/airflow/.local/lib/python3.12/site-packages/airflow/example_dags/example_branch_datetime_operator.py
[2024-04-28T16:08:27.668+0000] {processor.py:830} INFO - Processing file /home/airflow/.local/lib/python3.12/site-packages/airflow/example_dags/example_branch_datetime_operator.py for tasks to queue
[2024-04-28T16:08:27.669+0000] {logging_mixin.py:188} INFO - [2024-04-28T16:08:27.669+0000] {dagbag.py:540} INFO - Filling up the DagBag from /home/airflow/.local/lib/python3.12/site-packages/airflow/example_dags/example_branch_datetime_operator.py
[2024-04-28T16:08:27.677+0000] {processor.py:840} INFO - DAG(s) 'example_branch_datetime_operator_3', 'example_branch_datetime_operator_2', 'example_branch_datetime_operator' retrieved from /home/airflow/.local/lib/python3.12/site-packages/airflow/example_dags/example_branch_datetime_operator.py
[2024-04-28T16:08:27.701+0000] {logging_mixin.py:188} INFO - [2024-04-28T16:08:27.701+0000] {dag.py:3096} INFO - Sync 3 DAGs
[2024-04-28T16:08:27.719+0000] {logging_mixin.py:188} INFO - [2024-04-28T16:08:27.718+0000] {dag.py:3954} INFO - Setting next_dagrun for example_branch_datetime_operator to 2024-04-27 00:00:00+00:00, run_after=2024-04-28 00:00:00+00:00
[2024-04-28T16:08:27.722+0000] {logging_mixin.py:188} INFO - [2024-04-28T16:08:27.722+0000] {dag.py:3954} INFO - Setting next_dagrun for example_branch_datetime_operator_2 to 2024-04-27 00:00:00+00:00, run_after=2024-04-28 00:00:00+00:00
[2024-04-28T16:08:27.724+0000] {logging_mixin.py:188} INFO - [2024-04-28T16:08:27.724+0000] {dag.py:3954} INFO - Setting next_dagrun for example_branch_datetime_operator_3 to 2024-04-27 00:00:00+00:00, run_after=2024-04-28 00:00:00+00:00
[2024-04-28T16:08:27.738+0000] {processor.py:183} INFO - Processing /home/airflow/.local/lib/python3.12/site-packages/airflow/example_dags/example_branch_datetime_operator.py took 0.076 seconds
[2024-04-28T16:08:58.652+0000] {processor.py:161} INFO - Started process (PID=432) to work on /home/airflow/.local/lib/python3.12/site-packages/airflow/example_dags/example_branch_datetime_operator.py
[2024-04-28T16:08:58.654+0000] {processor.py:830} INFO - Processing file /home/airflow/.local/lib/python3.12/site-packages/airflow/example_dags/example_branch_datetime_operator.py for tasks to queue
[2024-04-28T16:08:58.656+0000] {logging_mixin.py:188} INFO - [2024-04-28T16:08:58.655+0000] {dagbag.py:540} INFO - Filling up the DagBag from /home/airflow/.local/lib/python3.12/site-packages/airflow/example_dags/example_branch_datetime_operator.py
[2024-04-28T16:08:58.666+0000] {processor.py:840} INFO - DAG(s) 'example_branch_datetime_operator', 'example_branch_datetime_operator_3', 'example_branch_datetime_operator_2' retrieved from /home/airflow/.local/lib/python3.12/site-packages/airflow/example_dags/example_branch_datetime_operator.py
[2024-04-28T16:08:58.691+0000] {logging_mixin.py:188} INFO - [2024-04-28T16:08:58.690+0000] {dag.py:3096} INFO - Sync 3 DAGs
[2024-04-28T16:08:58.709+0000] {logging_mixin.py:188} INFO - [2024-04-28T16:08:58.709+0000] {dag.py:3954} INFO - Setting next_dagrun for example_branch_datetime_operator to 2024-04-27 00:00:00+00:00, run_after=2024-04-28 00:00:00+00:00
[2024-04-28T16:08:58.713+0000] {logging_mixin.py:188} INFO - [2024-04-28T16:08:58.713+0000] {dag.py:3954} INFO - Setting next_dagrun for example_branch_datetime_operator_2 to 2024-04-27 00:00:00+00:00, run_after=2024-04-28 00:00:00+00:00
[2024-04-28T16:08:58.715+0000] {logging_mixin.py:188} INFO - [2024-04-28T16:08:58.715+0000] {dag.py:3954} INFO - Setting next_dagrun for example_branch_datetime_operator_3 to 2024-04-27 00:00:00+00:00, run_after=2024-04-28 00:00:00+00:00
[2024-04-28T16:08:58.730+0000] {processor.py:183} INFO - Processing /home/airflow/.local/lib/python3.12/site-packages/airflow/example_dags/example_branch_datetime_operator.py took 0.084 seconds
[2024-04-28T16:09:29.375+0000] {processor.py:161} INFO - Started process (PID=492) to work on /home/airflow/.local/lib/python3.12/site-packages/airflow/example_dags/example_branch_datetime_operator.py
[2024-04-28T16:09:29.376+0000] {processor.py:830} INFO - Processing file /home/airflow/.local/lib/python3.12/site-packages/airflow/example_dags/example_branch_datetime_operator.py for tasks to queue
[2024-04-28T16:09:29.378+0000] {logging_mixin.py:188} INFO - [2024-04-28T16:09:29.377+0000] {dagbag.py:540} INFO - Filling up the DagBag from /home/airflow/.local/lib/python3.12/site-packages/airflow/example_dags/example_branch_datetime_operator.py
[2024-04-28T16:09:29.386+0000] {processor.py:840} INFO - DAG(s) 'example_branch_datetime_operator_2', 'example_branch_datetime_operator_3', 'example_branch_datetime_operator' retrieved from /home/airflow/.local/lib/python3.12/site-packages/airflow/example_dags/example_branch_datetime_operator.py
[2024-04-28T16:09:29.408+0000] {logging_mixin.py:188} INFO - [2024-04-28T16:09:29.407+0000] {dag.py:3096} INFO - Sync 3 DAGs
[2024-04-28T16:09:29.427+0000] {logging_mixin.py:188} INFO - [2024-04-28T16:09:29.427+0000] {dag.py:3954} INFO - Setting next_dagrun for example_branch_datetime_operator to 2024-04-27 00:00:00+00:00, run_after=2024-04-28 00:00:00+00:00
[2024-04-28T16:09:29.432+0000] {logging_mixin.py:188} INFO - [2024-04-28T16:09:29.432+0000] {dag.py:3954} INFO - Setting next_dagrun for example_branch_datetime_operator_2 to 2024-04-27 00:00:00+00:00, run_after=2024-04-28 00:00:00+00:00
[2024-04-28T16:09:29.433+0000] {logging_mixin.py:188} INFO - [2024-04-28T16:09:29.433+0000] {dag.py:3954} INFO - Setting next_dagrun for example_branch_datetime_operator_3 to 2024-04-27 00:00:00+00:00, run_after=2024-04-28 00:00:00+00:00
[2024-04-28T16:09:29.447+0000] {processor.py:183} INFO - Processing /home/airflow/.local/lib/python3.12/site-packages/airflow/example_dags/example_branch_datetime_operator.py took 0.077 seconds
[2024-04-28T16:09:59.695+0000] {processor.py:161} INFO - Started process (PID=552) to work on /home/airflow/.local/lib/python3.12/site-packages/airflow/example_dags/example_branch_datetime_operator.py
[2024-04-28T16:09:59.696+0000] {processor.py:830} INFO - Processing file /home/airflow/.local/lib/python3.12/site-packages/airflow/example_dags/example_branch_datetime_operator.py for tasks to queue
[2024-04-28T16:09:59.697+0000] {logging_mixin.py:188} INFO - [2024-04-28T16:09:59.697+0000] {dagbag.py:540} INFO - Filling up the DagBag from /home/airflow/.local/lib/python3.12/site-packages/airflow/example_dags/example_branch_datetime_operator.py
[2024-04-28T16:09:59.705+0000] {processor.py:840} INFO - DAG(s) 'example_branch_datetime_operator_3', 'example_branch_datetime_operator', 'example_branch_datetime_operator_2' retrieved from /home/airflow/.local/lib/python3.12/site-packages/airflow/example_dags/example_branch_datetime_operator.py
[2024-04-28T16:09:59.730+0000] {logging_mixin.py:188} INFO - [2024-04-28T16:09:59.730+0000] {dag.py:3096} INFO - Sync 3 DAGs
[2024-04-28T16:09:59.750+0000] {logging_mixin.py:188} INFO - [2024-04-28T16:09:59.750+0000] {dag.py:3954} INFO - Setting next_dagrun for example_branch_datetime_operator to 2024-04-27 00:00:00+00:00, run_after=2024-04-28 00:00:00+00:00
[2024-04-28T16:09:59.756+0000] {logging_mixin.py:188} INFO - [2024-04-28T16:09:59.755+0000] {dag.py:3954} INFO - Setting next_dagrun for example_branch_datetime_operator_2 to 2024-04-27 00:00:00+00:00, run_after=2024-04-28 00:00:00+00:00
[2024-04-28T16:09:59.757+0000] {logging_mixin.py:188} INFO - [2024-04-28T16:09:59.757+0000] {dag.py:3954} INFO - Setting next_dagrun for example_branch_datetime_operator_3 to 2024-04-27 00:00:00+00:00, run_after=2024-04-28 00:00:00+00:00
[2024-04-28T16:09:59.774+0000] {processor.py:183} INFO - Processing /home/airflow/.local/lib/python3.12/site-packages/airflow/example_dags/example_branch_datetime_operator.py took 0.084 seconds
[2024-04-28T16:10:30.038+0000] {processor.py:161} INFO - Started process (PID=610) to work on /home/airflow/.local/lib/python3.12/site-packages/airflow/example_dags/example_branch_datetime_operator.py
[2024-04-28T16:10:30.039+0000] {processor.py:830} INFO - Processing file /home/airflow/.local/lib/python3.12/site-packages/airflow/example_dags/example_branch_datetime_operator.py for tasks to queue
[2024-04-28T16:10:30.041+0000] {logging_mixin.py:188} INFO - [2024-04-28T16:10:30.041+0000] {dagbag.py:540} INFO - Filling up the DagBag from /home/airflow/.local/lib/python3.12/site-packages/airflow/example_dags/example_branch_datetime_operator.py
[2024-04-28T16:10:30.049+0000] {processor.py:840} INFO - DAG(s) 'example_branch_datetime_operator', 'example_branch_datetime_operator_3', 'example_branch_datetime_operator_2' retrieved from /home/airflow/.local/lib/python3.12/site-packages/airflow/example_dags/example_branch_datetime_operator.py
[2024-04-28T16:10:30.072+0000] {logging_mixin.py:188} INFO - [2024-04-28T16:10:30.071+0000] {dag.py:3096} INFO - Sync 3 DAGs
[2024-04-28T16:10:30.092+0000] {logging_mixin.py:188} INFO - [2024-04-28T16:10:30.092+0000] {dag.py:3954} INFO - Setting next_dagrun for example_branch_datetime_operator to 2024-04-27 00:00:00+00:00, run_after=2024-04-28 00:00:00+00:00
[2024-04-28T16:10:30.098+0000] {logging_mixin.py:188} INFO - [2024-04-28T16:10:30.097+0000] {dag.py:3954} INFO - Setting next_dagrun for example_branch_datetime_operator_2 to 2024-04-27 00:00:00+00:00, run_after=2024-04-28 00:00:00+00:00
[2024-04-28T16:10:30.100+0000] {logging_mixin.py:188} INFO - [2024-04-28T16:10:30.100+0000] {dag.py:3954} INFO - Setting next_dagrun for example_branch_datetime_operator_3 to 2024-04-27 00:00:00+00:00, run_after=2024-04-28 00:00:00+00:00
[2024-04-28T16:10:30.115+0000] {processor.py:183} INFO - Processing /home/airflow/.local/lib/python3.12/site-packages/airflow/example_dags/example_branch_datetime_operator.py took 0.082 seconds
[2024-04-28T16:11:00.370+0000] {processor.py:161} INFO - Started process (PID=670) to work on /home/airflow/.local/lib/python3.12/site-packages/airflow/example_dags/example_branch_datetime_operator.py
[2024-04-28T16:11:00.371+0000] {processor.py:830} INFO - Processing file /home/airflow/.local/lib/python3.12/site-packages/airflow/example_dags/example_branch_datetime_operator.py for tasks to queue
[2024-04-28T16:11:00.372+0000] {logging_mixin.py:188} INFO - [2024-04-28T16:11:00.372+0000] {dagbag.py:540} INFO - Filling up the DagBag from /home/airflow/.local/lib/python3.12/site-packages/airflow/example_dags/example_branch_datetime_operator.py
[2024-04-28T16:11:00.379+0000] {processor.py:840} INFO - DAG(s) 'example_branch_datetime_operator', 'example_branch_datetime_operator_2', 'example_branch_datetime_operator_3' retrieved from /home/airflow/.local/lib/python3.12/site-packages/airflow/example_dags/example_branch_datetime_operator.py
[2024-04-28T16:11:00.399+0000] {logging_mixin.py:188} INFO - [2024-04-28T16:11:00.399+0000] {dag.py:3096} INFO - Sync 3 DAGs
[2024-04-28T16:11:00.415+0000] {logging_mixin.py:188} INFO - [2024-04-28T16:11:00.415+0000] {dag.py:3954} INFO - Setting next_dagrun for example_branch_datetime_operator to 2024-04-27 00:00:00+00:00, run_after=2024-04-28 00:00:00+00:00
[2024-04-28T16:11:00.419+0000] {logging_mixin.py:188} INFO - [2024-04-28T16:11:00.419+0000] {dag.py:3954} INFO - Setting next_dagrun for example_branch_datetime_operator_2 to 2024-04-27 00:00:00+00:00, run_after=2024-04-28 00:00:00+00:00
[2024-04-28T16:11:00.421+0000] {logging_mixin.py:188} INFO - [2024-04-28T16:11:00.421+0000] {dag.py:3954} INFO - Setting next_dagrun for example_branch_datetime_operator_3 to 2024-04-27 00:00:00+00:00, run_after=2024-04-28 00:00:00+00:00
[2024-04-28T16:11:00.434+0000] {processor.py:183} INFO - Processing /home/airflow/.local/lib/python3.12/site-packages/airflow/example_dags/example_branch_datetime_operator.py took 0.069 seconds
[2024-04-28T16:11:31.045+0000] {processor.py:161} INFO - Started process (PID=730) to work on /home/airflow/.local/lib/python3.12/site-packages/airflow/example_dags/example_branch_datetime_operator.py
[2024-04-28T16:11:31.046+0000] {processor.py:830} INFO - Processing file /home/airflow/.local/lib/python3.12/site-packages/airflow/example_dags/example_branch_datetime_operator.py for tasks to queue
[2024-04-28T16:11:31.047+0000] {logging_mixin.py:188} INFO - [2024-04-28T16:11:31.047+0000] {dagbag.py:540} INFO - Filling up the DagBag from /home/airflow/.local/lib/python3.12/site-packages/airflow/example_dags/example_branch_datetime_operator.py
[2024-04-28T16:11:31.054+0000] {processor.py:840} INFO - DAG(s) 'example_branch_datetime_operator_2', 'example_branch_datetime_operator_3', 'example_branch_datetime_operator' retrieved from /home/airflow/.local/lib/python3.12/site-packages/airflow/example_dags/example_branch_datetime_operator.py
[2024-04-28T16:11:31.077+0000] {logging_mixin.py:188} INFO - [2024-04-28T16:11:31.077+0000] {dag.py:3096} INFO - Sync 3 DAGs
[2024-04-28T16:11:31.094+0000] {logging_mixin.py:188} INFO - [2024-04-28T16:11:31.094+0000] {dag.py:3954} INFO - Setting next_dagrun for example_branch_datetime_operator to 2024-04-27 00:00:00+00:00, run_after=2024-04-28 00:00:00+00:00
[2024-04-28T16:11:31.100+0000] {logging_mixin.py:188} INFO - [2024-04-28T16:11:31.099+0000] {dag.py:3954} INFO - Setting next_dagrun for example_branch_datetime_operator_2 to 2024-04-27 00:00:00+00:00, run_after=2024-04-28 00:00:00+00:00
[2024-04-28T16:11:31.102+0000] {logging_mixin.py:188} INFO - [2024-04-28T16:11:31.101+0000] {dag.py:3954} INFO - Setting next_dagrun for example_branch_datetime_operator_3 to 2024-04-27 00:00:00+00:00, run_after=2024-04-28 00:00:00+00:00
[2024-04-28T16:11:31.116+0000] {processor.py:183} INFO - Processing /home/airflow/.local/lib/python3.12/site-packages/airflow/example_dags/example_branch_datetime_operator.py took 0.076 seconds
[2024-04-28T16:12:01.661+0000] {processor.py:161} INFO - Started process (PID=790) to work on /home/airflow/.local/lib/python3.12/site-packages/airflow/example_dags/example_branch_datetime_operator.py
[2024-04-28T16:12:01.662+0000] {processor.py:830} INFO - Processing file /home/airflow/.local/lib/python3.12/site-packages/airflow/example_dags/example_branch_datetime_operator.py for tasks to queue
[2024-04-28T16:12:01.663+0000] {logging_mixin.py:188} INFO - [2024-04-28T16:12:01.663+0000] {dagbag.py:540} INFO - Filling up the DagBag from /home/airflow/.local/lib/python3.12/site-packages/airflow/example_dags/example_branch_datetime_operator.py
[2024-04-28T16:12:01.670+0000] {processor.py:840} INFO - DAG(s) 'example_branch_datetime_operator', 'example_branch_datetime_operator_2', 'example_branch_datetime_operator_3' retrieved from /home/airflow/.local/lib/python3.12/site-packages/airflow/example_dags/example_branch_datetime_operator.py
[2024-04-28T16:12:01.692+0000] {logging_mixin.py:188} INFO - [2024-04-28T16:12:01.692+0000] {dag.py:3096} INFO - Sync 3 DAGs
[2024-04-28T16:12:01.711+0000] {logging_mixin.py:188} INFO - [2024-04-28T16:12:01.711+0000] {dag.py:3954} INFO - Setting next_dagrun for example_branch_datetime_operator to 2024-04-27 00:00:00+00:00, run_after=2024-04-28 00:00:00+00:00
[2024-04-28T16:12:01.715+0000] {logging_mixin.py:188} INFO - [2024-04-28T16:12:01.715+0000] {dag.py:3954} INFO - Setting next_dagrun for example_branch_datetime_operator_2 to 2024-04-27 00:00:00+00:00, run_after=2024-04-28 00:00:00+00:00
[2024-04-28T16:12:01.717+0000] {logging_mixin.py:188} INFO - [2024-04-28T16:12:01.717+0000] {dag.py:3954} INFO - Setting next_dagrun for example_branch_datetime_operator_3 to 2024-04-27 00:00:00+00:00, run_after=2024-04-28 00:00:00+00:00
[2024-04-28T16:12:01.731+0000] {processor.py:183} INFO - Processing /home/airflow/.local/lib/python3.12/site-packages/airflow/example_dags/example_branch_datetime_operator.py took 0.076 seconds
[2024-04-28T16:12:32.253+0000] {processor.py:161} INFO - Started process (PID=850) to work on /home/airflow/.local/lib/python3.12/site-packages/airflow/example_dags/example_branch_datetime_operator.py
[2024-04-28T16:12:32.254+0000] {processor.py:830} INFO - Processing file /home/airflow/.local/lib/python3.12/site-packages/airflow/example_dags/example_branch_datetime_operator.py for tasks to queue
[2024-04-28T16:12:32.257+0000] {logging_mixin.py:188} INFO - [2024-04-28T16:12:32.257+0000] {dagbag.py:540} INFO - Filling up the DagBag from /home/airflow/.local/lib/python3.12/site-packages/airflow/example_dags/example_branch_datetime_operator.py
[2024-04-28T16:12:32.278+0000] {processor.py:840} INFO - DAG(s) 'example_branch_datetime_operator_2', 'example_branch_datetime_operator_3', 'example_branch_datetime_operator' retrieved from /home/airflow/.local/lib/python3.12/site-packages/airflow/example_dags/example_branch_datetime_operator.py
[2024-04-28T16:12:32.317+0000] {logging_mixin.py:188} INFO - [2024-04-28T16:12:32.317+0000] {dag.py:3096} INFO - Sync 3 DAGs
[2024-04-28T16:12:32.346+0000] {logging_mixin.py:188} INFO - [2024-04-28T16:12:32.346+0000] {dag.py:3954} INFO - Setting next_dagrun for example_branch_datetime_operator to 2024-04-27 00:00:00+00:00, run_after=2024-04-28 00:00:00+00:00
[2024-04-28T16:12:32.350+0000] {logging_mixin.py:188} INFO - [2024-04-28T16:12:32.350+0000] {dag.py:3954} INFO - Setting next_dagrun for example_branch_datetime_operator_2 to 2024-04-27 00:00:00+00:00, run_after=2024-04-28 00:00:00+00:00
[2024-04-28T16:12:32.353+0000] {logging_mixin.py:188} INFO - [2024-04-28T16:12:32.353+0000] {dag.py:3954} INFO - Setting next_dagrun for example_branch_datetime_operator_3 to 2024-04-27 00:00:00+00:00, run_after=2024-04-28 00:00:00+00:00
[2024-04-28T16:12:32.373+0000] {processor.py:183} INFO - Processing /home/airflow/.local/lib/python3.12/site-packages/airflow/example_dags/example_branch_datetime_operator.py took 0.125 seconds
