[2024-04-28T15:48:56.619+0000] {processor.py:161} INFO - Started process (PID=69) to work on /home/airflow/.local/lib/python3.12/site-packages/airflow/example_dags/tutorial.py
[2024-04-28T15:48:56.619+0000] {processor.py:830} INFO - Processing file /home/airflow/.local/lib/python3.12/site-packages/airflow/example_dags/tutorial.py for tasks to queue
[2024-04-28T15:48:56.621+0000] {logging_mixin.py:188} INFO - [2024-04-28T15:48:56.620+0000] {dagbag.py:540} INFO - Filling up the DagBag from /home/airflow/.local/lib/python3.12/site-packages/airflow/example_dags/tutorial.py
[2024-04-28T15:48:56.626+0000] {processor.py:840} INFO - DAG(s) 'tutorial' retrieved from /home/airflow/.local/lib/python3.12/site-packages/airflow/example_dags/tutorial.py
[2024-04-28T15:48:56.708+0000] {logging_mixin.py:188} INFO - [2024-04-28T15:48:56.707+0000] {override.py:1829} INFO - Created Permission View: can delete on DAG:tutorial
[2024-04-28T15:48:56.716+0000] {logging_mixin.py:188} INFO - [2024-04-28T15:48:56.716+0000] {override.py:1829} INFO - Created Permission View: can edit on DAG:tutorial
[2024-04-28T15:48:56.722+0000] {logging_mixin.py:188} INFO - [2024-04-28T15:48:56.721+0000] {override.py:1829} INFO - Created Permission View: can read on DAG:tutorial
[2024-04-28T15:48:56.722+0000] {logging_mixin.py:188} INFO - [2024-04-28T15:48:56.722+0000] {dag.py:3096} INFO - Sync 1 DAGs
[2024-04-28T15:48:56.731+0000] {logging_mixin.py:188} INFO - [2024-04-28T15:48:56.731+0000] {dag.py:3118} INFO - Creating ORM DAG for tutorial
[2024-04-28T15:48:56.738+0000] {logging_mixin.py:188} INFO - [2024-04-28T15:48:56.738+0000] {dag.py:3954} INFO - Setting next_dagrun for tutorial to 2024-04-27 00:00:00+00:00, run_after=2024-04-28 00:00:00+00:00
[2024-04-28T15:48:56.750+0000] {processor.py:183} INFO - Processing /home/airflow/.local/lib/python3.12/site-packages/airflow/example_dags/tutorial.py took 0.137 seconds
[2024-04-28T15:49:28.416+0000] {processor.py:161} INFO - Started process (PID=127) to work on /home/airflow/.local/lib/python3.12/site-packages/airflow/example_dags/tutorial.py
[2024-04-28T15:49:28.418+0000] {processor.py:830} INFO - Processing file /home/airflow/.local/lib/python3.12/site-packages/airflow/example_dags/tutorial.py for tasks to queue
[2024-04-28T15:49:28.420+0000] {logging_mixin.py:188} INFO - [2024-04-28T15:49:28.419+0000] {dagbag.py:540} INFO - Filling up the DagBag from /home/airflow/.local/lib/python3.12/site-packages/airflow/example_dags/tutorial.py
[2024-04-28T15:49:28.426+0000] {processor.py:840} INFO - DAG(s) 'tutorial' retrieved from /home/airflow/.local/lib/python3.12/site-packages/airflow/example_dags/tutorial.py
[2024-04-28T15:49:28.443+0000] {logging_mixin.py:188} INFO - [2024-04-28T15:49:28.442+0000] {dag.py:3096} INFO - Sync 1 DAGs
[2024-04-28T15:49:28.466+0000] {logging_mixin.py:188} INFO - [2024-04-28T15:49:28.465+0000] {dag.py:3954} INFO - Setting next_dagrun for tutorial to 2024-04-27 00:00:00+00:00, run_after=2024-04-28 00:00:00+00:00
[2024-04-28T15:49:28.488+0000] {processor.py:183} INFO - Processing /home/airflow/.local/lib/python3.12/site-packages/airflow/example_dags/tutorial.py took 0.077 seconds
[2024-04-28T15:49:59.171+0000] {processor.py:161} INFO - Started process (PID=185) to work on /home/airflow/.local/lib/python3.12/site-packages/airflow/example_dags/tutorial.py
[2024-04-28T15:49:59.175+0000] {processor.py:830} INFO - Processing file /home/airflow/.local/lib/python3.12/site-packages/airflow/example_dags/tutorial.py for tasks to queue
[2024-04-28T15:49:59.177+0000] {logging_mixin.py:188} INFO - [2024-04-28T15:49:59.177+0000] {dagbag.py:540} INFO - Filling up the DagBag from /home/airflow/.local/lib/python3.12/site-packages/airflow/example_dags/tutorial.py
[2024-04-28T15:49:59.184+0000] {processor.py:840} INFO - DAG(s) 'tutorial' retrieved from /home/airflow/.local/lib/python3.12/site-packages/airflow/example_dags/tutorial.py
[2024-04-28T15:49:59.204+0000] {logging_mixin.py:188} INFO - [2024-04-28T15:49:59.203+0000] {dag.py:3096} INFO - Sync 1 DAGs
[2024-04-28T15:49:59.227+0000] {logging_mixin.py:188} INFO - [2024-04-28T15:49:59.227+0000] {dag.py:3954} INFO - Setting next_dagrun for tutorial to 2024-04-27 00:00:00+00:00, run_after=2024-04-28 00:00:00+00:00
[2024-04-28T15:49:59.249+0000] {processor.py:183} INFO - Processing /home/airflow/.local/lib/python3.12/site-packages/airflow/example_dags/tutorial.py took 0.084 seconds
[2024-04-28T15:50:29.831+0000] {processor.py:161} INFO - Started process (PID=243) to work on /home/airflow/.local/lib/python3.12/site-packages/airflow/example_dags/tutorial.py
[2024-04-28T15:50:29.832+0000] {processor.py:830} INFO - Processing file /home/airflow/.local/lib/python3.12/site-packages/airflow/example_dags/tutorial.py for tasks to queue
[2024-04-28T15:50:29.833+0000] {logging_mixin.py:188} INFO - [2024-04-28T15:50:29.833+0000] {dagbag.py:540} INFO - Filling up the DagBag from /home/airflow/.local/lib/python3.12/site-packages/airflow/example_dags/tutorial.py
[2024-04-28T15:50:29.839+0000] {processor.py:840} INFO - DAG(s) 'tutorial' retrieved from /home/airflow/.local/lib/python3.12/site-packages/airflow/example_dags/tutorial.py
[2024-04-28T15:50:29.858+0000] {logging_mixin.py:188} INFO - [2024-04-28T15:50:29.857+0000] {dag.py:3096} INFO - Sync 1 DAGs
[2024-04-28T15:50:29.878+0000] {logging_mixin.py:188} INFO - [2024-04-28T15:50:29.878+0000] {dag.py:3954} INFO - Setting next_dagrun for tutorial to 2024-04-27 00:00:00+00:00, run_after=2024-04-28 00:00:00+00:00
[2024-04-28T15:50:29.898+0000] {processor.py:183} INFO - Processing /home/airflow/.local/lib/python3.12/site-packages/airflow/example_dags/tutorial.py took 0.072 seconds
[2024-04-28T15:51:00.443+0000] {processor.py:161} INFO - Started process (PID=301) to work on /home/airflow/.local/lib/python3.12/site-packages/airflow/example_dags/tutorial.py
[2024-04-28T15:51:00.444+0000] {processor.py:830} INFO - Processing file /home/airflow/.local/lib/python3.12/site-packages/airflow/example_dags/tutorial.py for tasks to queue
[2024-04-28T15:51:00.446+0000] {logging_mixin.py:188} INFO - [2024-04-28T15:51:00.446+0000] {dagbag.py:540} INFO - Filling up the DagBag from /home/airflow/.local/lib/python3.12/site-packages/airflow/example_dags/tutorial.py
[2024-04-28T15:51:00.454+0000] {processor.py:840} INFO - DAG(s) 'tutorial' retrieved from /home/airflow/.local/lib/python3.12/site-packages/airflow/example_dags/tutorial.py
[2024-04-28T15:51:00.474+0000] {logging_mixin.py:188} INFO - [2024-04-28T15:51:00.474+0000] {dag.py:3096} INFO - Sync 1 DAGs
[2024-04-28T15:51:00.500+0000] {logging_mixin.py:188} INFO - [2024-04-28T15:51:00.500+0000] {dag.py:3954} INFO - Setting next_dagrun for tutorial to 2024-04-27 00:00:00+00:00, run_after=2024-04-28 00:00:00+00:00
[2024-04-28T15:51:00.524+0000] {processor.py:183} INFO - Processing /home/airflow/.local/lib/python3.12/site-packages/airflow/example_dags/tutorial.py took 0.087 seconds
[2024-04-28T15:51:31.567+0000] {processor.py:161} INFO - Started process (PID=359) to work on /home/airflow/.local/lib/python3.12/site-packages/airflow/example_dags/tutorial.py
[2024-04-28T15:51:31.568+0000] {processor.py:830} INFO - Processing file /home/airflow/.local/lib/python3.12/site-packages/airflow/example_dags/tutorial.py for tasks to queue
[2024-04-28T15:51:31.570+0000] {logging_mixin.py:188} INFO - [2024-04-28T15:51:31.570+0000] {dagbag.py:540} INFO - Filling up the DagBag from /home/airflow/.local/lib/python3.12/site-packages/airflow/example_dags/tutorial.py
[2024-04-28T15:51:31.578+0000] {processor.py:840} INFO - DAG(s) 'tutorial' retrieved from /home/airflow/.local/lib/python3.12/site-packages/airflow/example_dags/tutorial.py
[2024-04-28T15:51:31.603+0000] {logging_mixin.py:188} INFO - [2024-04-28T15:51:31.602+0000] {dag.py:3096} INFO - Sync 1 DAGs
[2024-04-28T15:51:31.627+0000] {logging_mixin.py:188} INFO - [2024-04-28T15:51:31.627+0000] {dag.py:3954} INFO - Setting next_dagrun for tutorial to 2024-04-27 00:00:00+00:00, run_after=2024-04-28 00:00:00+00:00
[2024-04-28T15:51:31.654+0000] {processor.py:183} INFO - Processing /home/airflow/.local/lib/python3.12/site-packages/airflow/example_dags/tutorial.py took 0.094 seconds
[2024-04-28T15:53:34.176+0000] {processor.py:161} INFO - Started process (PID=71) to work on /home/airflow/.local/lib/python3.12/site-packages/airflow/example_dags/tutorial.py
[2024-04-28T15:53:34.177+0000] {processor.py:830} INFO - Processing file /home/airflow/.local/lib/python3.12/site-packages/airflow/example_dags/tutorial.py for tasks to queue
[2024-04-28T15:53:34.179+0000] {logging_mixin.py:188} INFO - [2024-04-28T15:53:34.178+0000] {dagbag.py:540} INFO - Filling up the DagBag from /home/airflow/.local/lib/python3.12/site-packages/airflow/example_dags/tutorial.py
[2024-04-28T15:53:34.184+0000] {processor.py:840} INFO - DAG(s) 'tutorial' retrieved from /home/airflow/.local/lib/python3.12/site-packages/airflow/example_dags/tutorial.py
[2024-04-28T15:53:34.195+0000] {logging_mixin.py:188} INFO - [2024-04-28T15:53:34.195+0000] {dag.py:3096} INFO - Sync 1 DAGs
[2024-04-28T15:53:34.224+0000] {logging_mixin.py:188} INFO - [2024-04-28T15:53:34.223+0000] {dag.py:3954} INFO - Setting next_dagrun for tutorial to 2024-04-27 00:00:00+00:00, run_after=2024-04-28 00:00:00+00:00
[2024-04-28T15:53:34.253+0000] {processor.py:183} INFO - Processing /home/airflow/.local/lib/python3.12/site-packages/airflow/example_dags/tutorial.py took 0.083 seconds
[2024-04-28T15:54:05.340+0000] {processor.py:161} INFO - Started process (PID=131) to work on /home/airflow/.local/lib/python3.12/site-packages/airflow/example_dags/tutorial.py
[2024-04-28T15:54:05.341+0000] {processor.py:830} INFO - Processing file /home/airflow/.local/lib/python3.12/site-packages/airflow/example_dags/tutorial.py for tasks to queue
[2024-04-28T15:54:05.342+0000] {logging_mixin.py:188} INFO - [2024-04-28T15:54:05.342+0000] {dagbag.py:540} INFO - Filling up the DagBag from /home/airflow/.local/lib/python3.12/site-packages/airflow/example_dags/tutorial.py
[2024-04-28T15:54:05.347+0000] {processor.py:840} INFO - DAG(s) 'tutorial' retrieved from /home/airflow/.local/lib/python3.12/site-packages/airflow/example_dags/tutorial.py
[2024-04-28T15:54:05.424+0000] {logging_mixin.py:188} INFO - [2024-04-28T15:54:05.423+0000] {dag.py:3096} INFO - Sync 1 DAGs
[2024-04-28T15:54:05.441+0000] {logging_mixin.py:188} INFO - [2024-04-28T15:54:05.441+0000] {dag.py:3954} INFO - Setting next_dagrun for tutorial to 2024-04-27 00:00:00+00:00, run_after=2024-04-28 00:00:00+00:00
[2024-04-28T15:54:05.456+0000] {processor.py:183} INFO - Processing /home/airflow/.local/lib/python3.12/site-packages/airflow/example_dags/tutorial.py took 0.121 seconds
[2024-04-28T15:54:35.686+0000] {processor.py:161} INFO - Started process (PID=199) to work on /home/airflow/.local/lib/python3.12/site-packages/airflow/example_dags/tutorial.py
[2024-04-28T15:54:35.687+0000] {processor.py:830} INFO - Processing file /home/airflow/.local/lib/python3.12/site-packages/airflow/example_dags/tutorial.py for tasks to queue
[2024-04-28T15:54:35.689+0000] {logging_mixin.py:188} INFO - [2024-04-28T15:54:35.689+0000] {dagbag.py:540} INFO - Filling up the DagBag from /home/airflow/.local/lib/python3.12/site-packages/airflow/example_dags/tutorial.py
[2024-04-28T15:54:35.694+0000] {processor.py:840} INFO - DAG(s) 'tutorial' retrieved from /home/airflow/.local/lib/python3.12/site-packages/airflow/example_dags/tutorial.py
[2024-04-28T15:54:35.710+0000] {logging_mixin.py:188} INFO - [2024-04-28T15:54:35.709+0000] {dag.py:3096} INFO - Sync 1 DAGs
[2024-04-28T15:54:35.729+0000] {logging_mixin.py:188} INFO - [2024-04-28T15:54:35.728+0000] {dag.py:3954} INFO - Setting next_dagrun for tutorial to 2024-04-27 00:00:00+00:00, run_after=2024-04-28 00:00:00+00:00
[2024-04-28T15:54:35.745+0000] {processor.py:183} INFO - Processing /home/airflow/.local/lib/python3.12/site-packages/airflow/example_dags/tutorial.py took 0.064 seconds
[2024-04-28T15:55:06.915+0000] {processor.py:161} INFO - Started process (PID=259) to work on /home/airflow/.local/lib/python3.12/site-packages/airflow/example_dags/tutorial.py
[2024-04-28T15:55:06.916+0000] {processor.py:830} INFO - Processing file /home/airflow/.local/lib/python3.12/site-packages/airflow/example_dags/tutorial.py for tasks to queue
[2024-04-28T15:55:06.917+0000] {logging_mixin.py:188} INFO - [2024-04-28T15:55:06.917+0000] {dagbag.py:540} INFO - Filling up the DagBag from /home/airflow/.local/lib/python3.12/site-packages/airflow/example_dags/tutorial.py
[2024-04-28T15:55:06.924+0000] {processor.py:840} INFO - DAG(s) 'tutorial' retrieved from /home/airflow/.local/lib/python3.12/site-packages/airflow/example_dags/tutorial.py
[2024-04-28T15:55:06.942+0000] {logging_mixin.py:188} INFO - [2024-04-28T15:55:06.942+0000] {dag.py:3096} INFO - Sync 1 DAGs
[2024-04-28T15:55:06.960+0000] {logging_mixin.py:188} INFO - [2024-04-28T15:55:06.960+0000] {dag.py:3954} INFO - Setting next_dagrun for tutorial to 2024-04-27 00:00:00+00:00, run_after=2024-04-28 00:00:00+00:00
[2024-04-28T15:55:06.979+0000] {processor.py:183} INFO - Processing /home/airflow/.local/lib/python3.12/site-packages/airflow/example_dags/tutorial.py took 0.069 seconds
[2024-04-28T15:55:38.071+0000] {processor.py:161} INFO - Started process (PID=319) to work on /home/airflow/.local/lib/python3.12/site-packages/airflow/example_dags/tutorial.py
[2024-04-28T15:55:38.073+0000] {processor.py:830} INFO - Processing file /home/airflow/.local/lib/python3.12/site-packages/airflow/example_dags/tutorial.py for tasks to queue
[2024-04-28T15:55:38.074+0000] {logging_mixin.py:188} INFO - [2024-04-28T15:55:38.074+0000] {dagbag.py:540} INFO - Filling up the DagBag from /home/airflow/.local/lib/python3.12/site-packages/airflow/example_dags/tutorial.py
[2024-04-28T15:55:38.079+0000] {processor.py:840} INFO - DAG(s) 'tutorial' retrieved from /home/airflow/.local/lib/python3.12/site-packages/airflow/example_dags/tutorial.py
[2024-04-28T15:55:38.098+0000] {logging_mixin.py:188} INFO - [2024-04-28T15:55:38.097+0000] {dag.py:3096} INFO - Sync 1 DAGs
[2024-04-28T15:55:38.116+0000] {logging_mixin.py:188} INFO - [2024-04-28T15:55:38.116+0000] {dag.py:3954} INFO - Setting next_dagrun for tutorial to 2024-04-27 00:00:00+00:00, run_after=2024-04-28 00:00:00+00:00
[2024-04-28T15:55:38.134+0000] {processor.py:183} INFO - Processing /home/airflow/.local/lib/python3.12/site-packages/airflow/example_dags/tutorial.py took 0.068 seconds
[2024-04-28T15:56:08.360+0000] {processor.py:161} INFO - Started process (PID=379) to work on /home/airflow/.local/lib/python3.12/site-packages/airflow/example_dags/tutorial.py
[2024-04-28T15:56:08.361+0000] {processor.py:830} INFO - Processing file /home/airflow/.local/lib/python3.12/site-packages/airflow/example_dags/tutorial.py for tasks to queue
[2024-04-28T15:56:08.362+0000] {logging_mixin.py:188} INFO - [2024-04-28T15:56:08.362+0000] {dagbag.py:540} INFO - Filling up the DagBag from /home/airflow/.local/lib/python3.12/site-packages/airflow/example_dags/tutorial.py
[2024-04-28T15:56:08.367+0000] {processor.py:840} INFO - DAG(s) 'tutorial' retrieved from /home/airflow/.local/lib/python3.12/site-packages/airflow/example_dags/tutorial.py
[2024-04-28T15:56:08.383+0000] {logging_mixin.py:188} INFO - [2024-04-28T15:56:08.383+0000] {dag.py:3096} INFO - Sync 1 DAGs
[2024-04-28T15:56:08.400+0000] {logging_mixin.py:188} INFO - [2024-04-28T15:56:08.400+0000] {dag.py:3954} INFO - Setting next_dagrun for tutorial to 2024-04-27 00:00:00+00:00, run_after=2024-04-28 00:00:00+00:00
[2024-04-28T15:56:08.415+0000] {processor.py:183} INFO - Processing /home/airflow/.local/lib/python3.12/site-packages/airflow/example_dags/tutorial.py took 0.059 seconds
[2024-04-28T15:56:39.409+0000] {processor.py:161} INFO - Started process (PID=439) to work on /home/airflow/.local/lib/python3.12/site-packages/airflow/example_dags/tutorial.py
[2024-04-28T15:56:39.410+0000] {processor.py:830} INFO - Processing file /home/airflow/.local/lib/python3.12/site-packages/airflow/example_dags/tutorial.py for tasks to queue
[2024-04-28T15:56:39.411+0000] {logging_mixin.py:188} INFO - [2024-04-28T15:56:39.411+0000] {dagbag.py:540} INFO - Filling up the DagBag from /home/airflow/.local/lib/python3.12/site-packages/airflow/example_dags/tutorial.py
[2024-04-28T15:56:39.418+0000] {processor.py:840} INFO - DAG(s) 'tutorial' retrieved from /home/airflow/.local/lib/python3.12/site-packages/airflow/example_dags/tutorial.py
[2024-04-28T15:56:39.436+0000] {logging_mixin.py:188} INFO - [2024-04-28T15:56:39.436+0000] {dag.py:3096} INFO - Sync 1 DAGs
[2024-04-28T15:56:39.455+0000] {logging_mixin.py:188} INFO - [2024-04-28T15:56:39.454+0000] {dag.py:3954} INFO - Setting next_dagrun for tutorial to 2024-04-27 00:00:00+00:00, run_after=2024-04-28 00:00:00+00:00
[2024-04-28T15:56:39.473+0000] {processor.py:183} INFO - Processing /home/airflow/.local/lib/python3.12/site-packages/airflow/example_dags/tutorial.py took 0.070 seconds
[2024-04-28T15:57:09.761+0000] {processor.py:161} INFO - Started process (PID=497) to work on /home/airflow/.local/lib/python3.12/site-packages/airflow/example_dags/tutorial.py
[2024-04-28T15:57:09.762+0000] {processor.py:830} INFO - Processing file /home/airflow/.local/lib/python3.12/site-packages/airflow/example_dags/tutorial.py for tasks to queue
[2024-04-28T15:57:09.764+0000] {logging_mixin.py:188} INFO - [2024-04-28T15:57:09.764+0000] {dagbag.py:540} INFO - Filling up the DagBag from /home/airflow/.local/lib/python3.12/site-packages/airflow/example_dags/tutorial.py
[2024-04-28T15:57:09.769+0000] {processor.py:840} INFO - DAG(s) 'tutorial' retrieved from /home/airflow/.local/lib/python3.12/site-packages/airflow/example_dags/tutorial.py
[2024-04-28T15:57:09.787+0000] {logging_mixin.py:188} INFO - [2024-04-28T15:57:09.787+0000] {dag.py:3096} INFO - Sync 1 DAGs
[2024-04-28T15:57:09.807+0000] {logging_mixin.py:188} INFO - [2024-04-28T15:57:09.807+0000] {dag.py:3954} INFO - Setting next_dagrun for tutorial to 2024-04-27 00:00:00+00:00, run_after=2024-04-28 00:00:00+00:00
[2024-04-28T15:57:09.824+0000] {processor.py:183} INFO - Processing /home/airflow/.local/lib/python3.12/site-packages/airflow/example_dags/tutorial.py took 0.071 seconds
[2024-04-28T15:57:40.158+0000] {processor.py:161} INFO - Started process (PID=557) to work on /home/airflow/.local/lib/python3.12/site-packages/airflow/example_dags/tutorial.py
[2024-04-28T15:57:40.159+0000] {processor.py:830} INFO - Processing file /home/airflow/.local/lib/python3.12/site-packages/airflow/example_dags/tutorial.py for tasks to queue
[2024-04-28T15:57:40.161+0000] {logging_mixin.py:188} INFO - [2024-04-28T15:57:40.161+0000] {dagbag.py:540} INFO - Filling up the DagBag from /home/airflow/.local/lib/python3.12/site-packages/airflow/example_dags/tutorial.py
[2024-04-28T15:57:40.167+0000] {processor.py:840} INFO - DAG(s) 'tutorial' retrieved from /home/airflow/.local/lib/python3.12/site-packages/airflow/example_dags/tutorial.py
[2024-04-28T15:57:40.183+0000] {logging_mixin.py:188} INFO - [2024-04-28T15:57:40.183+0000] {dag.py:3096} INFO - Sync 1 DAGs
[2024-04-28T15:57:40.201+0000] {logging_mixin.py:188} INFO - [2024-04-28T15:57:40.201+0000] {dag.py:3954} INFO - Setting next_dagrun for tutorial to 2024-04-27 00:00:00+00:00, run_after=2024-04-28 00:00:00+00:00
[2024-04-28T15:57:40.218+0000] {processor.py:183} INFO - Processing /home/airflow/.local/lib/python3.12/site-packages/airflow/example_dags/tutorial.py took 0.064 seconds
[2024-04-28T15:58:10.556+0000] {processor.py:161} INFO - Started process (PID=617) to work on /home/airflow/.local/lib/python3.12/site-packages/airflow/example_dags/tutorial.py
[2024-04-28T15:58:10.557+0000] {processor.py:830} INFO - Processing file /home/airflow/.local/lib/python3.12/site-packages/airflow/example_dags/tutorial.py for tasks to queue
[2024-04-28T15:58:10.558+0000] {logging_mixin.py:188} INFO - [2024-04-28T15:58:10.558+0000] {dagbag.py:540} INFO - Filling up the DagBag from /home/airflow/.local/lib/python3.12/site-packages/airflow/example_dags/tutorial.py
[2024-04-28T15:58:10.563+0000] {processor.py:840} INFO - DAG(s) 'tutorial' retrieved from /home/airflow/.local/lib/python3.12/site-packages/airflow/example_dags/tutorial.py
[2024-04-28T15:58:10.578+0000] {logging_mixin.py:188} INFO - [2024-04-28T15:58:10.578+0000] {dag.py:3096} INFO - Sync 1 DAGs
[2024-04-28T15:58:10.595+0000] {logging_mixin.py:188} INFO - [2024-04-28T15:58:10.595+0000] {dag.py:3954} INFO - Setting next_dagrun for tutorial to 2024-04-27 00:00:00+00:00, run_after=2024-04-28 00:00:00+00:00
[2024-04-28T15:58:10.611+0000] {processor.py:183} INFO - Processing /home/airflow/.local/lib/python3.12/site-packages/airflow/example_dags/tutorial.py took 0.060 seconds
[2024-04-28T15:58:41.026+0000] {processor.py:161} INFO - Started process (PID=677) to work on /home/airflow/.local/lib/python3.12/site-packages/airflow/example_dags/tutorial.py
[2024-04-28T15:58:41.027+0000] {processor.py:830} INFO - Processing file /home/airflow/.local/lib/python3.12/site-packages/airflow/example_dags/tutorial.py for tasks to queue
[2024-04-28T15:58:41.029+0000] {logging_mixin.py:188} INFO - [2024-04-28T15:58:41.028+0000] {dagbag.py:540} INFO - Filling up the DagBag from /home/airflow/.local/lib/python3.12/site-packages/airflow/example_dags/tutorial.py
[2024-04-28T15:58:41.034+0000] {processor.py:840} INFO - DAG(s) 'tutorial' retrieved from /home/airflow/.local/lib/python3.12/site-packages/airflow/example_dags/tutorial.py
[2024-04-28T15:58:41.050+0000] {logging_mixin.py:188} INFO - [2024-04-28T15:58:41.050+0000] {dag.py:3096} INFO - Sync 1 DAGs
[2024-04-28T15:58:41.067+0000] {logging_mixin.py:188} INFO - [2024-04-28T15:58:41.067+0000] {dag.py:3954} INFO - Setting next_dagrun for tutorial to 2024-04-27 00:00:00+00:00, run_after=2024-04-28 00:00:00+00:00
[2024-04-28T15:58:41.084+0000] {processor.py:183} INFO - Processing /home/airflow/.local/lib/python3.12/site-packages/airflow/example_dags/tutorial.py took 0.062 seconds
[2024-04-28T15:59:11.633+0000] {processor.py:161} INFO - Started process (PID=737) to work on /home/airflow/.local/lib/python3.12/site-packages/airflow/example_dags/tutorial.py
[2024-04-28T15:59:11.634+0000] {processor.py:830} INFO - Processing file /home/airflow/.local/lib/python3.12/site-packages/airflow/example_dags/tutorial.py for tasks to queue
[2024-04-28T15:59:11.635+0000] {logging_mixin.py:188} INFO - [2024-04-28T15:59:11.635+0000] {dagbag.py:540} INFO - Filling up the DagBag from /home/airflow/.local/lib/python3.12/site-packages/airflow/example_dags/tutorial.py
[2024-04-28T15:59:11.641+0000] {processor.py:840} INFO - DAG(s) 'tutorial' retrieved from /home/airflow/.local/lib/python3.12/site-packages/airflow/example_dags/tutorial.py
[2024-04-28T15:59:11.657+0000] {logging_mixin.py:188} INFO - [2024-04-28T15:59:11.657+0000] {dag.py:3096} INFO - Sync 1 DAGs
[2024-04-28T15:59:11.674+0000] {logging_mixin.py:188} INFO - [2024-04-28T15:59:11.674+0000] {dag.py:3954} INFO - Setting next_dagrun for tutorial to 2024-04-27 00:00:00+00:00, run_after=2024-04-28 00:00:00+00:00
[2024-04-28T15:59:11.689+0000] {processor.py:183} INFO - Processing /home/airflow/.local/lib/python3.12/site-packages/airflow/example_dags/tutorial.py took 0.061 seconds
[2024-04-28T15:59:42.145+0000] {processor.py:161} INFO - Started process (PID=797) to work on /home/airflow/.local/lib/python3.12/site-packages/airflow/example_dags/tutorial.py
[2024-04-28T15:59:42.146+0000] {processor.py:830} INFO - Processing file /home/airflow/.local/lib/python3.12/site-packages/airflow/example_dags/tutorial.py for tasks to queue
[2024-04-28T15:59:42.147+0000] {logging_mixin.py:188} INFO - [2024-04-28T15:59:42.147+0000] {dagbag.py:540} INFO - Filling up the DagBag from /home/airflow/.local/lib/python3.12/site-packages/airflow/example_dags/tutorial.py
[2024-04-28T15:59:42.152+0000] {processor.py:840} INFO - DAG(s) 'tutorial' retrieved from /home/airflow/.local/lib/python3.12/site-packages/airflow/example_dags/tutorial.py
[2024-04-28T15:59:42.167+0000] {logging_mixin.py:188} INFO - [2024-04-28T15:59:42.167+0000] {dag.py:3096} INFO - Sync 1 DAGs
[2024-04-28T15:59:42.185+0000] {logging_mixin.py:188} INFO - [2024-04-28T15:59:42.185+0000] {dag.py:3954} INFO - Setting next_dagrun for tutorial to 2024-04-27 00:00:00+00:00, run_after=2024-04-28 00:00:00+00:00
[2024-04-28T15:59:42.199+0000] {processor.py:183} INFO - Processing /home/airflow/.local/lib/python3.12/site-packages/airflow/example_dags/tutorial.py took 0.058 seconds
[2024-04-28T16:00:12.776+0000] {processor.py:161} INFO - Started process (PID=857) to work on /home/airflow/.local/lib/python3.12/site-packages/airflow/example_dags/tutorial.py
[2024-04-28T16:00:12.777+0000] {processor.py:830} INFO - Processing file /home/airflow/.local/lib/python3.12/site-packages/airflow/example_dags/tutorial.py for tasks to queue
[2024-04-28T16:00:12.778+0000] {logging_mixin.py:188} INFO - [2024-04-28T16:00:12.778+0000] {dagbag.py:540} INFO - Filling up the DagBag from /home/airflow/.local/lib/python3.12/site-packages/airflow/example_dags/tutorial.py
[2024-04-28T16:00:12.783+0000] {processor.py:840} INFO - DAG(s) 'tutorial' retrieved from /home/airflow/.local/lib/python3.12/site-packages/airflow/example_dags/tutorial.py
[2024-04-28T16:00:12.798+0000] {logging_mixin.py:188} INFO - [2024-04-28T16:00:12.798+0000] {dag.py:3096} INFO - Sync 1 DAGs
[2024-04-28T16:00:12.814+0000] {logging_mixin.py:188} INFO - [2024-04-28T16:00:12.814+0000] {dag.py:3954} INFO - Setting next_dagrun for tutorial to 2024-04-27 00:00:00+00:00, run_after=2024-04-28 00:00:00+00:00
[2024-04-28T16:00:12.828+0000] {processor.py:183} INFO - Processing /home/airflow/.local/lib/python3.12/site-packages/airflow/example_dags/tutorial.py took 0.057 seconds
[2024-04-28T16:00:43.269+0000] {processor.py:161} INFO - Started process (PID=917) to work on /home/airflow/.local/lib/python3.12/site-packages/airflow/example_dags/tutorial.py
[2024-04-28T16:00:43.271+0000] {processor.py:830} INFO - Processing file /home/airflow/.local/lib/python3.12/site-packages/airflow/example_dags/tutorial.py for tasks to queue
[2024-04-28T16:00:43.273+0000] {logging_mixin.py:188} INFO - [2024-04-28T16:00:43.273+0000] {dagbag.py:540} INFO - Filling up the DagBag from /home/airflow/.local/lib/python3.12/site-packages/airflow/example_dags/tutorial.py
[2024-04-28T16:00:43.279+0000] {processor.py:840} INFO - DAG(s) 'tutorial' retrieved from /home/airflow/.local/lib/python3.12/site-packages/airflow/example_dags/tutorial.py
[2024-04-28T16:00:43.298+0000] {logging_mixin.py:188} INFO - [2024-04-28T16:00:43.297+0000] {dag.py:3096} INFO - Sync 1 DAGs
[2024-04-28T16:00:43.315+0000] {logging_mixin.py:188} INFO - [2024-04-28T16:00:43.315+0000] {dag.py:3954} INFO - Setting next_dagrun for tutorial to 2024-04-27 00:00:00+00:00, run_after=2024-04-28 00:00:00+00:00
[2024-04-28T16:00:43.332+0000] {processor.py:183} INFO - Processing /home/airflow/.local/lib/python3.12/site-packages/airflow/example_dags/tutorial.py took 0.068 seconds
[2024-04-28T16:05:54.483+0000] {processor.py:161} INFO - Started process (PID=71) to work on /home/airflow/.local/lib/python3.12/site-packages/airflow/example_dags/tutorial.py
[2024-04-28T16:05:54.484+0000] {processor.py:830} INFO - Processing file /home/airflow/.local/lib/python3.12/site-packages/airflow/example_dags/tutorial.py for tasks to queue
[2024-04-28T16:05:54.485+0000] {logging_mixin.py:188} INFO - [2024-04-28T16:05:54.485+0000] {dagbag.py:540} INFO - Filling up the DagBag from /home/airflow/.local/lib/python3.12/site-packages/airflow/example_dags/tutorial.py
[2024-04-28T16:05:54.490+0000] {processor.py:840} INFO - DAG(s) 'tutorial' retrieved from /home/airflow/.local/lib/python3.12/site-packages/airflow/example_dags/tutorial.py
[2024-04-28T16:05:54.500+0000] {logging_mixin.py:188} INFO - [2024-04-28T16:05:54.500+0000] {dag.py:3096} INFO - Sync 1 DAGs
[2024-04-28T16:05:54.518+0000] {logging_mixin.py:188} INFO - [2024-04-28T16:05:54.517+0000] {dag.py:3954} INFO - Setting next_dagrun for tutorial to 2024-04-27 00:00:00+00:00, run_after=2024-04-28 00:00:00+00:00
[2024-04-28T16:05:54.531+0000] {processor.py:183} INFO - Processing /home/airflow/.local/lib/python3.12/site-packages/airflow/example_dags/tutorial.py took 0.053 seconds
[2024-04-28T16:06:25.779+0000] {processor.py:161} INFO - Started process (PID=131) to work on /home/airflow/.local/lib/python3.12/site-packages/airflow/example_dags/tutorial.py
[2024-04-28T16:06:25.780+0000] {processor.py:830} INFO - Processing file /home/airflow/.local/lib/python3.12/site-packages/airflow/example_dags/tutorial.py for tasks to queue
[2024-04-28T16:06:25.781+0000] {logging_mixin.py:188} INFO - [2024-04-28T16:06:25.781+0000] {dagbag.py:540} INFO - Filling up the DagBag from /home/airflow/.local/lib/python3.12/site-packages/airflow/example_dags/tutorial.py
[2024-04-28T16:06:25.787+0000] {processor.py:840} INFO - DAG(s) 'tutorial' retrieved from /home/airflow/.local/lib/python3.12/site-packages/airflow/example_dags/tutorial.py
[2024-04-28T16:06:25.861+0000] {logging_mixin.py:188} INFO - [2024-04-28T16:06:25.861+0000] {dag.py:3096} INFO - Sync 1 DAGs
[2024-04-28T16:06:25.876+0000] {logging_mixin.py:188} INFO - [2024-04-28T16:06:25.875+0000] {dag.py:3954} INFO - Setting next_dagrun for tutorial to 2024-04-27 00:00:00+00:00, run_after=2024-04-28 00:00:00+00:00
[2024-04-28T16:06:25.890+0000] {processor.py:183} INFO - Processing /home/airflow/.local/lib/python3.12/site-packages/airflow/example_dags/tutorial.py took 0.117 seconds
[2024-04-28T16:06:56.138+0000] {processor.py:161} INFO - Started process (PID=195) to work on /home/airflow/.local/lib/python3.12/site-packages/airflow/example_dags/tutorial.py
[2024-04-28T16:06:56.139+0000] {processor.py:830} INFO - Processing file /home/airflow/.local/lib/python3.12/site-packages/airflow/example_dags/tutorial.py for tasks to queue
[2024-04-28T16:06:56.140+0000] {logging_mixin.py:188} INFO - [2024-04-28T16:06:56.140+0000] {dagbag.py:540} INFO - Filling up the DagBag from /home/airflow/.local/lib/python3.12/site-packages/airflow/example_dags/tutorial.py
[2024-04-28T16:06:56.145+0000] {processor.py:840} INFO - DAG(s) 'tutorial' retrieved from /home/airflow/.local/lib/python3.12/site-packages/airflow/example_dags/tutorial.py
[2024-04-28T16:06:56.161+0000] {logging_mixin.py:188} INFO - [2024-04-28T16:06:56.161+0000] {dag.py:3096} INFO - Sync 1 DAGs
[2024-04-28T16:06:56.178+0000] {logging_mixin.py:188} INFO - [2024-04-28T16:06:56.178+0000] {dag.py:3954} INFO - Setting next_dagrun for tutorial to 2024-04-27 00:00:00+00:00, run_after=2024-04-28 00:00:00+00:00
[2024-04-28T16:06:56.193+0000] {processor.py:183} INFO - Processing /home/airflow/.local/lib/python3.12/site-packages/airflow/example_dags/tutorial.py took 0.059 seconds
[2024-04-28T16:07:26.725+0000] {processor.py:161} INFO - Started process (PID=255) to work on /home/airflow/.local/lib/python3.12/site-packages/airflow/example_dags/tutorial.py
[2024-04-28T16:07:26.726+0000] {processor.py:830} INFO - Processing file /home/airflow/.local/lib/python3.12/site-packages/airflow/example_dags/tutorial.py for tasks to queue
[2024-04-28T16:07:26.727+0000] {logging_mixin.py:188} INFO - [2024-04-28T16:07:26.727+0000] {dagbag.py:540} INFO - Filling up the DagBag from /home/airflow/.local/lib/python3.12/site-packages/airflow/example_dags/tutorial.py
[2024-04-28T16:07:26.732+0000] {processor.py:840} INFO - DAG(s) 'tutorial' retrieved from /home/airflow/.local/lib/python3.12/site-packages/airflow/example_dags/tutorial.py
[2024-04-28T16:07:26.748+0000] {logging_mixin.py:188} INFO - [2024-04-28T16:07:26.747+0000] {dag.py:3096} INFO - Sync 1 DAGs
[2024-04-28T16:07:26.764+0000] {logging_mixin.py:188} INFO - [2024-04-28T16:07:26.764+0000] {dag.py:3954} INFO - Setting next_dagrun for tutorial to 2024-04-27 00:00:00+00:00, run_after=2024-04-28 00:00:00+00:00
[2024-04-28T16:07:26.779+0000] {processor.py:183} INFO - Processing /home/airflow/.local/lib/python3.12/site-packages/airflow/example_dags/tutorial.py took 0.058 seconds
[2024-04-28T16:07:57.192+0000] {processor.py:161} INFO - Started process (PID=315) to work on /home/airflow/.local/lib/python3.12/site-packages/airflow/example_dags/tutorial.py
[2024-04-28T16:07:57.193+0000] {processor.py:830} INFO - Processing file /home/airflow/.local/lib/python3.12/site-packages/airflow/example_dags/tutorial.py for tasks to queue
[2024-04-28T16:07:57.194+0000] {logging_mixin.py:188} INFO - [2024-04-28T16:07:57.194+0000] {dagbag.py:540} INFO - Filling up the DagBag from /home/airflow/.local/lib/python3.12/site-packages/airflow/example_dags/tutorial.py
[2024-04-28T16:07:57.200+0000] {processor.py:840} INFO - DAG(s) 'tutorial' retrieved from /home/airflow/.local/lib/python3.12/site-packages/airflow/example_dags/tutorial.py
[2024-04-28T16:07:57.216+0000] {logging_mixin.py:188} INFO - [2024-04-28T16:07:57.216+0000] {dag.py:3096} INFO - Sync 1 DAGs
[2024-04-28T16:07:57.236+0000] {logging_mixin.py:188} INFO - [2024-04-28T16:07:57.235+0000] {dag.py:3954} INFO - Setting next_dagrun for tutorial to 2024-04-27 00:00:00+00:00, run_after=2024-04-28 00:00:00+00:00
[2024-04-28T16:07:57.250+0000] {processor.py:183} INFO - Processing /home/airflow/.local/lib/python3.12/site-packages/airflow/example_dags/tutorial.py took 0.063 seconds
[2024-04-28T16:08:27.784+0000] {processor.py:161} INFO - Started process (PID=375) to work on /home/airflow/.local/lib/python3.12/site-packages/airflow/example_dags/tutorial.py
[2024-04-28T16:08:27.784+0000] {processor.py:830} INFO - Processing file /home/airflow/.local/lib/python3.12/site-packages/airflow/example_dags/tutorial.py for tasks to queue
[2024-04-28T16:08:27.786+0000] {logging_mixin.py:188} INFO - [2024-04-28T16:08:27.785+0000] {dagbag.py:540} INFO - Filling up the DagBag from /home/airflow/.local/lib/python3.12/site-packages/airflow/example_dags/tutorial.py
[2024-04-28T16:08:27.790+0000] {processor.py:840} INFO - DAG(s) 'tutorial' retrieved from /home/airflow/.local/lib/python3.12/site-packages/airflow/example_dags/tutorial.py
[2024-04-28T16:08:27.807+0000] {logging_mixin.py:188} INFO - [2024-04-28T16:08:27.807+0000] {dag.py:3096} INFO - Sync 1 DAGs
[2024-04-28T16:08:27.825+0000] {logging_mixin.py:188} INFO - [2024-04-28T16:08:27.825+0000] {dag.py:3954} INFO - Setting next_dagrun for tutorial to 2024-04-27 00:00:00+00:00, run_after=2024-04-28 00:00:00+00:00
[2024-04-28T16:08:27.842+0000] {processor.py:183} INFO - Processing /home/airflow/.local/lib/python3.12/site-packages/airflow/example_dags/tutorial.py took 0.064 seconds
[2024-04-28T16:08:58.793+0000] {processor.py:161} INFO - Started process (PID=435) to work on /home/airflow/.local/lib/python3.12/site-packages/airflow/example_dags/tutorial.py
[2024-04-28T16:08:58.794+0000] {processor.py:830} INFO - Processing file /home/airflow/.local/lib/python3.12/site-packages/airflow/example_dags/tutorial.py for tasks to queue
[2024-04-28T16:08:58.796+0000] {logging_mixin.py:188} INFO - [2024-04-28T16:08:58.795+0000] {dagbag.py:540} INFO - Filling up the DagBag from /home/airflow/.local/lib/python3.12/site-packages/airflow/example_dags/tutorial.py
[2024-04-28T16:08:58.800+0000] {processor.py:840} INFO - DAG(s) 'tutorial' retrieved from /home/airflow/.local/lib/python3.12/site-packages/airflow/example_dags/tutorial.py
[2024-04-28T16:08:58.818+0000] {logging_mixin.py:188} INFO - [2024-04-28T16:08:58.817+0000] {dag.py:3096} INFO - Sync 1 DAGs
[2024-04-28T16:08:58.837+0000] {logging_mixin.py:188} INFO - [2024-04-28T16:08:58.836+0000] {dag.py:3954} INFO - Setting next_dagrun for tutorial to 2024-04-27 00:00:00+00:00, run_after=2024-04-28 00:00:00+00:00
[2024-04-28T16:08:58.852+0000] {processor.py:183} INFO - Processing /home/airflow/.local/lib/python3.12/site-packages/airflow/example_dags/tutorial.py took 0.065 seconds
[2024-04-28T16:09:29.536+0000] {processor.py:161} INFO - Started process (PID=495) to work on /home/airflow/.local/lib/python3.12/site-packages/airflow/example_dags/tutorial.py
[2024-04-28T16:09:29.537+0000] {processor.py:830} INFO - Processing file /home/airflow/.local/lib/python3.12/site-packages/airflow/example_dags/tutorial.py for tasks to queue
[2024-04-28T16:09:29.539+0000] {logging_mixin.py:188} INFO - [2024-04-28T16:09:29.538+0000] {dagbag.py:540} INFO - Filling up the DagBag from /home/airflow/.local/lib/python3.12/site-packages/airflow/example_dags/tutorial.py
[2024-04-28T16:09:29.543+0000] {processor.py:840} INFO - DAG(s) 'tutorial' retrieved from /home/airflow/.local/lib/python3.12/site-packages/airflow/example_dags/tutorial.py
[2024-04-28T16:09:29.558+0000] {logging_mixin.py:188} INFO - [2024-04-28T16:09:29.558+0000] {dag.py:3096} INFO - Sync 1 DAGs
[2024-04-28T16:09:29.576+0000] {logging_mixin.py:188} INFO - [2024-04-28T16:09:29.576+0000] {dag.py:3954} INFO - Setting next_dagrun for tutorial to 2024-04-27 00:00:00+00:00, run_after=2024-04-28 00:00:00+00:00
[2024-04-28T16:09:29.591+0000] {processor.py:183} INFO - Processing /home/airflow/.local/lib/python3.12/site-packages/airflow/example_dags/tutorial.py took 0.059 seconds
[2024-04-28T16:09:59.936+0000] {processor.py:161} INFO - Started process (PID=555) to work on /home/airflow/.local/lib/python3.12/site-packages/airflow/example_dags/tutorial.py
[2024-04-28T16:09:59.937+0000] {processor.py:830} INFO - Processing file /home/airflow/.local/lib/python3.12/site-packages/airflow/example_dags/tutorial.py for tasks to queue
[2024-04-28T16:09:59.939+0000] {logging_mixin.py:188} INFO - [2024-04-28T16:09:59.939+0000] {dagbag.py:540} INFO - Filling up the DagBag from /home/airflow/.local/lib/python3.12/site-packages/airflow/example_dags/tutorial.py
[2024-04-28T16:09:59.944+0000] {processor.py:840} INFO - DAG(s) 'tutorial' retrieved from /home/airflow/.local/lib/python3.12/site-packages/airflow/example_dags/tutorial.py
[2024-04-28T16:09:59.959+0000] {logging_mixin.py:188} INFO - [2024-04-28T16:09:59.959+0000] {dag.py:3096} INFO - Sync 1 DAGs
[2024-04-28T16:09:59.976+0000] {logging_mixin.py:188} INFO - [2024-04-28T16:09:59.976+0000] {dag.py:3954} INFO - Setting next_dagrun for tutorial to 2024-04-27 00:00:00+00:00, run_after=2024-04-28 00:00:00+00:00
[2024-04-28T16:09:59.992+0000] {processor.py:183} INFO - Processing /home/airflow/.local/lib/python3.12/site-packages/airflow/example_dags/tutorial.py took 0.061 seconds
[2024-04-28T16:10:30.175+0000] {processor.py:161} INFO - Started process (PID=613) to work on /home/airflow/.local/lib/python3.12/site-packages/airflow/example_dags/tutorial.py
[2024-04-28T16:10:30.176+0000] {processor.py:830} INFO - Processing file /home/airflow/.local/lib/python3.12/site-packages/airflow/example_dags/tutorial.py for tasks to queue
[2024-04-28T16:10:30.178+0000] {logging_mixin.py:188} INFO - [2024-04-28T16:10:30.177+0000] {dagbag.py:540} INFO - Filling up the DagBag from /home/airflow/.local/lib/python3.12/site-packages/airflow/example_dags/tutorial.py
[2024-04-28T16:10:30.182+0000] {processor.py:840} INFO - DAG(s) 'tutorial' retrieved from /home/airflow/.local/lib/python3.12/site-packages/airflow/example_dags/tutorial.py
[2024-04-28T16:10:30.198+0000] {logging_mixin.py:188} INFO - [2024-04-28T16:10:30.198+0000] {dag.py:3096} INFO - Sync 1 DAGs
[2024-04-28T16:10:30.215+0000] {logging_mixin.py:188} INFO - [2024-04-28T16:10:30.215+0000] {dag.py:3954} INFO - Setting next_dagrun for tutorial to 2024-04-27 00:00:00+00:00, run_after=2024-04-28 00:00:00+00:00
[2024-04-28T16:10:30.229+0000] {processor.py:183} INFO - Processing /home/airflow/.local/lib/python3.12/site-packages/airflow/example_dags/tutorial.py took 0.059 seconds
[2024-04-28T16:11:00.492+0000] {processor.py:161} INFO - Started process (PID=673) to work on /home/airflow/.local/lib/python3.12/site-packages/airflow/example_dags/tutorial.py
[2024-04-28T16:11:00.493+0000] {processor.py:830} INFO - Processing file /home/airflow/.local/lib/python3.12/site-packages/airflow/example_dags/tutorial.py for tasks to queue
[2024-04-28T16:11:00.494+0000] {logging_mixin.py:188} INFO - [2024-04-28T16:11:00.494+0000] {dagbag.py:540} INFO - Filling up the DagBag from /home/airflow/.local/lib/python3.12/site-packages/airflow/example_dags/tutorial.py
[2024-04-28T16:11:00.499+0000] {processor.py:840} INFO - DAG(s) 'tutorial' retrieved from /home/airflow/.local/lib/python3.12/site-packages/airflow/example_dags/tutorial.py
[2024-04-28T16:11:00.515+0000] {logging_mixin.py:188} INFO - [2024-04-28T16:11:00.515+0000] {dag.py:3096} INFO - Sync 1 DAGs
[2024-04-28T16:11:00.531+0000] {logging_mixin.py:188} INFO - [2024-04-28T16:11:00.531+0000] {dag.py:3954} INFO - Setting next_dagrun for tutorial to 2024-04-27 00:00:00+00:00, run_after=2024-04-28 00:00:00+00:00
[2024-04-28T16:11:00.546+0000] {processor.py:183} INFO - Processing /home/airflow/.local/lib/python3.12/site-packages/airflow/example_dags/tutorial.py took 0.059 seconds
[2024-04-28T16:11:31.181+0000] {processor.py:161} INFO - Started process (PID=733) to work on /home/airflow/.local/lib/python3.12/site-packages/airflow/example_dags/tutorial.py
[2024-04-28T16:11:31.182+0000] {processor.py:830} INFO - Processing file /home/airflow/.local/lib/python3.12/site-packages/airflow/example_dags/tutorial.py for tasks to queue
[2024-04-28T16:11:31.183+0000] {logging_mixin.py:188} INFO - [2024-04-28T16:11:31.183+0000] {dagbag.py:540} INFO - Filling up the DagBag from /home/airflow/.local/lib/python3.12/site-packages/airflow/example_dags/tutorial.py
[2024-04-28T16:11:31.188+0000] {processor.py:840} INFO - DAG(s) 'tutorial' retrieved from /home/airflow/.local/lib/python3.12/site-packages/airflow/example_dags/tutorial.py
[2024-04-28T16:11:31.205+0000] {logging_mixin.py:188} INFO - [2024-04-28T16:11:31.205+0000] {dag.py:3096} INFO - Sync 1 DAGs
[2024-04-28T16:11:31.222+0000] {logging_mixin.py:188} INFO - [2024-04-28T16:11:31.222+0000] {dag.py:3954} INFO - Setting next_dagrun for tutorial to 2024-04-27 00:00:00+00:00, run_after=2024-04-28 00:00:00+00:00
[2024-04-28T16:11:31.238+0000] {processor.py:183} INFO - Processing /home/airflow/.local/lib/python3.12/site-packages/airflow/example_dags/tutorial.py took 0.062 seconds
[2024-04-28T16:12:01.786+0000] {processor.py:161} INFO - Started process (PID=793) to work on /home/airflow/.local/lib/python3.12/site-packages/airflow/example_dags/tutorial.py
[2024-04-28T16:12:01.787+0000] {processor.py:830} INFO - Processing file /home/airflow/.local/lib/python3.12/site-packages/airflow/example_dags/tutorial.py for tasks to queue
[2024-04-28T16:12:01.789+0000] {logging_mixin.py:188} INFO - [2024-04-28T16:12:01.789+0000] {dagbag.py:540} INFO - Filling up the DagBag from /home/airflow/.local/lib/python3.12/site-packages/airflow/example_dags/tutorial.py
[2024-04-28T16:12:01.794+0000] {processor.py:840} INFO - DAG(s) 'tutorial' retrieved from /home/airflow/.local/lib/python3.12/site-packages/airflow/example_dags/tutorial.py
[2024-04-28T16:12:01.811+0000] {logging_mixin.py:188} INFO - [2024-04-28T16:12:01.811+0000] {dag.py:3096} INFO - Sync 1 DAGs
[2024-04-28T16:12:01.830+0000] {logging_mixin.py:188} INFO - [2024-04-28T16:12:01.829+0000] {dag.py:3954} INFO - Setting next_dagrun for tutorial to 2024-04-27 00:00:00+00:00, run_after=2024-04-28 00:00:00+00:00
[2024-04-28T16:12:01.844+0000] {processor.py:183} INFO - Processing /home/airflow/.local/lib/python3.12/site-packages/airflow/example_dags/tutorial.py took 0.063 seconds
[2024-04-28T16:12:32.425+0000] {processor.py:161} INFO - Started process (PID=853) to work on /home/airflow/.local/lib/python3.12/site-packages/airflow/example_dags/tutorial.py
[2024-04-28T16:12:32.426+0000] {processor.py:830} INFO - Processing file /home/airflow/.local/lib/python3.12/site-packages/airflow/example_dags/tutorial.py for tasks to queue
[2024-04-28T16:12:32.428+0000] {logging_mixin.py:188} INFO - [2024-04-28T16:12:32.428+0000] {dagbag.py:540} INFO - Filling up the DagBag from /home/airflow/.local/lib/python3.12/site-packages/airflow/example_dags/tutorial.py
[2024-04-28T16:12:32.436+0000] {processor.py:840} INFO - DAG(s) 'tutorial' retrieved from /home/airflow/.local/lib/python3.12/site-packages/airflow/example_dags/tutorial.py
[2024-04-28T16:12:32.459+0000] {logging_mixin.py:188} INFO - [2024-04-28T16:12:32.458+0000] {dag.py:3096} INFO - Sync 1 DAGs
[2024-04-28T16:12:32.484+0000] {logging_mixin.py:188} INFO - [2024-04-28T16:12:32.484+0000] {dag.py:3954} INFO - Setting next_dagrun for tutorial to 2024-04-27 00:00:00+00:00, run_after=2024-04-28 00:00:00+00:00
[2024-04-28T16:12:32.509+0000] {processor.py:183} INFO - Processing /home/airflow/.local/lib/python3.12/site-packages/airflow/example_dags/tutorial.py took 0.090 seconds
