[2024-04-28T15:48:55.433+0000] {processor.py:161} INFO - Started process (PID=56) to work on /home/airflow/.local/lib/python3.12/site-packages/airflow/example_dags/tutorial_dag.py
[2024-04-28T15:48:55.433+0000] {processor.py:830} INFO - Processing file /home/airflow/.local/lib/python3.12/site-packages/airflow/example_dags/tutorial_dag.py for tasks to queue
[2024-04-28T15:48:55.435+0000] {logging_mixin.py:188} INFO - [2024-04-28T15:48:55.435+0000] {dagbag.py:540} INFO - Filling up the DagBag from /home/airflow/.local/lib/python3.12/site-packages/airflow/example_dags/tutorial_dag.py
[2024-04-28T15:48:55.440+0000] {processor.py:840} INFO - DAG(s) 'tutorial_dag' retrieved from /home/airflow/.local/lib/python3.12/site-packages/airflow/example_dags/tutorial_dag.py
[2024-04-28T15:48:55.542+0000] {logging_mixin.py:188} INFO - [2024-04-28T15:48:55.541+0000] {override.py:1829} INFO - Created Permission View: can delete on DAG:tutorial_dag
[2024-04-28T15:48:55.552+0000] {logging_mixin.py:188} INFO - [2024-04-28T15:48:55.552+0000] {override.py:1829} INFO - Created Permission View: can edit on DAG:tutorial_dag
[2024-04-28T15:48:55.561+0000] {logging_mixin.py:188} INFO - [2024-04-28T15:48:55.561+0000] {override.py:1829} INFO - Created Permission View: can read on DAG:tutorial_dag
[2024-04-28T15:48:55.562+0000] {logging_mixin.py:188} INFO - [2024-04-28T15:48:55.561+0000] {dag.py:3096} INFO - Sync 1 DAGs
[2024-04-28T15:48:55.571+0000] {logging_mixin.py:188} INFO - [2024-04-28T15:48:55.571+0000] {dag.py:3118} INFO - Creating ORM DAG for tutorial_dag
[2024-04-28T15:48:55.571+0000] {logging_mixin.py:188} INFO - [2024-04-28T15:48:55.571+0000] {dag.py:3954} INFO - Setting next_dagrun for tutorial_dag to None, run_after=None
[2024-04-28T15:48:55.587+0000] {processor.py:183} INFO - Processing /home/airflow/.local/lib/python3.12/site-packages/airflow/example_dags/tutorial_dag.py took 0.162 seconds
[2024-04-28T15:49:27.547+0000] {processor.py:161} INFO - Started process (PID=114) to work on /home/airflow/.local/lib/python3.12/site-packages/airflow/example_dags/tutorial_dag.py
[2024-04-28T15:49:27.549+0000] {processor.py:830} INFO - Processing file /home/airflow/.local/lib/python3.12/site-packages/airflow/example_dags/tutorial_dag.py for tasks to queue
[2024-04-28T15:49:27.552+0000] {logging_mixin.py:188} INFO - [2024-04-28T15:49:27.551+0000] {dagbag.py:540} INFO - Filling up the DagBag from /home/airflow/.local/lib/python3.12/site-packages/airflow/example_dags/tutorial_dag.py
[2024-04-28T15:49:27.562+0000] {processor.py:840} INFO - DAG(s) 'tutorial_dag' retrieved from /home/airflow/.local/lib/python3.12/site-packages/airflow/example_dags/tutorial_dag.py
[2024-04-28T15:49:27.598+0000] {logging_mixin.py:188} INFO - [2024-04-28T15:49:27.598+0000] {dag.py:3096} INFO - Sync 1 DAGs
[2024-04-28T15:49:27.623+0000] {logging_mixin.py:188} INFO - [2024-04-28T15:49:27.622+0000] {dag.py:3954} INFO - Setting next_dagrun for tutorial_dag to None, run_after=None
[2024-04-28T15:49:27.666+0000] {processor.py:183} INFO - Processing /home/airflow/.local/lib/python3.12/site-packages/airflow/example_dags/tutorial_dag.py took 0.128 seconds
[2024-04-28T15:49:58.517+0000] {processor.py:161} INFO - Started process (PID=172) to work on /home/airflow/.local/lib/python3.12/site-packages/airflow/example_dags/tutorial_dag.py
[2024-04-28T15:49:58.518+0000] {processor.py:830} INFO - Processing file /home/airflow/.local/lib/python3.12/site-packages/airflow/example_dags/tutorial_dag.py for tasks to queue
[2024-04-28T15:49:58.520+0000] {logging_mixin.py:188} INFO - [2024-04-28T15:49:58.519+0000] {dagbag.py:540} INFO - Filling up the DagBag from /home/airflow/.local/lib/python3.12/site-packages/airflow/example_dags/tutorial_dag.py
[2024-04-28T15:49:58.525+0000] {processor.py:840} INFO - DAG(s) 'tutorial_dag' retrieved from /home/airflow/.local/lib/python3.12/site-packages/airflow/example_dags/tutorial_dag.py
[2024-04-28T15:49:58.546+0000] {logging_mixin.py:188} INFO - [2024-04-28T15:49:58.545+0000] {dag.py:3096} INFO - Sync 1 DAGs
[2024-04-28T15:49:58.558+0000] {logging_mixin.py:188} INFO - [2024-04-28T15:49:58.557+0000] {dag.py:3954} INFO - Setting next_dagrun for tutorial_dag to None, run_after=None
[2024-04-28T15:49:58.578+0000] {processor.py:183} INFO - Processing /home/airflow/.local/lib/python3.12/site-packages/airflow/example_dags/tutorial_dag.py took 0.067 seconds
[2024-04-28T15:50:29.247+0000] {processor.py:161} INFO - Started process (PID=230) to work on /home/airflow/.local/lib/python3.12/site-packages/airflow/example_dags/tutorial_dag.py
[2024-04-28T15:50:29.248+0000] {processor.py:830} INFO - Processing file /home/airflow/.local/lib/python3.12/site-packages/airflow/example_dags/tutorial_dag.py for tasks to queue
[2024-04-28T15:50:29.250+0000] {logging_mixin.py:188} INFO - [2024-04-28T15:50:29.249+0000] {dagbag.py:540} INFO - Filling up the DagBag from /home/airflow/.local/lib/python3.12/site-packages/airflow/example_dags/tutorial_dag.py
[2024-04-28T15:50:29.254+0000] {processor.py:840} INFO - DAG(s) 'tutorial_dag' retrieved from /home/airflow/.local/lib/python3.12/site-packages/airflow/example_dags/tutorial_dag.py
[2024-04-28T15:50:29.271+0000] {logging_mixin.py:188} INFO - [2024-04-28T15:50:29.270+0000] {dag.py:3096} INFO - Sync 1 DAGs
[2024-04-28T15:50:29.281+0000] {logging_mixin.py:188} INFO - [2024-04-28T15:50:29.281+0000] {dag.py:3954} INFO - Setting next_dagrun for tutorial_dag to None, run_after=None
[2024-04-28T15:50:29.297+0000] {processor.py:183} INFO - Processing /home/airflow/.local/lib/python3.12/site-packages/airflow/example_dags/tutorial_dag.py took 0.054 seconds
[2024-04-28T15:50:59.810+0000] {processor.py:161} INFO - Started process (PID=288) to work on /home/airflow/.local/lib/python3.12/site-packages/airflow/example_dags/tutorial_dag.py
[2024-04-28T15:50:59.811+0000] {processor.py:830} INFO - Processing file /home/airflow/.local/lib/python3.12/site-packages/airflow/example_dags/tutorial_dag.py for tasks to queue
[2024-04-28T15:50:59.812+0000] {logging_mixin.py:188} INFO - [2024-04-28T15:50:59.812+0000] {dagbag.py:540} INFO - Filling up the DagBag from /home/airflow/.local/lib/python3.12/site-packages/airflow/example_dags/tutorial_dag.py
[2024-04-28T15:50:59.817+0000] {processor.py:840} INFO - DAG(s) 'tutorial_dag' retrieved from /home/airflow/.local/lib/python3.12/site-packages/airflow/example_dags/tutorial_dag.py
[2024-04-28T15:50:59.836+0000] {logging_mixin.py:188} INFO - [2024-04-28T15:50:59.836+0000] {dag.py:3096} INFO - Sync 1 DAGs
[2024-04-28T15:50:59.851+0000] {logging_mixin.py:188} INFO - [2024-04-28T15:50:59.850+0000] {dag.py:3954} INFO - Setting next_dagrun for tutorial_dag to None, run_after=None
[2024-04-28T15:50:59.869+0000] {processor.py:183} INFO - Processing /home/airflow/.local/lib/python3.12/site-packages/airflow/example_dags/tutorial_dag.py took 0.064 seconds
[2024-04-28T15:51:30.583+0000] {processor.py:161} INFO - Started process (PID=346) to work on /home/airflow/.local/lib/python3.12/site-packages/airflow/example_dags/tutorial_dag.py
[2024-04-28T15:51:30.584+0000] {processor.py:830} INFO - Processing file /home/airflow/.local/lib/python3.12/site-packages/airflow/example_dags/tutorial_dag.py for tasks to queue
[2024-04-28T15:51:30.587+0000] {logging_mixin.py:188} INFO - [2024-04-28T15:51:30.586+0000] {dagbag.py:540} INFO - Filling up the DagBag from /home/airflow/.local/lib/python3.12/site-packages/airflow/example_dags/tutorial_dag.py
[2024-04-28T15:51:30.595+0000] {processor.py:840} INFO - DAG(s) 'tutorial_dag' retrieved from /home/airflow/.local/lib/python3.12/site-packages/airflow/example_dags/tutorial_dag.py
[2024-04-28T15:51:30.627+0000] {logging_mixin.py:188} INFO - [2024-04-28T15:51:30.627+0000] {dag.py:3096} INFO - Sync 1 DAGs
[2024-04-28T15:51:30.646+0000] {logging_mixin.py:188} INFO - [2024-04-28T15:51:30.645+0000] {dag.py:3954} INFO - Setting next_dagrun for tutorial_dag to None, run_after=None
[2024-04-28T15:51:30.683+0000] {processor.py:183} INFO - Processing /home/airflow/.local/lib/python3.12/site-packages/airflow/example_dags/tutorial_dag.py took 0.108 seconds
[2024-04-28T15:53:33.245+0000] {processor.py:161} INFO - Started process (PID=58) to work on /home/airflow/.local/lib/python3.12/site-packages/airflow/example_dags/tutorial_dag.py
[2024-04-28T15:53:33.246+0000] {processor.py:830} INFO - Processing file /home/airflow/.local/lib/python3.12/site-packages/airflow/example_dags/tutorial_dag.py for tasks to queue
[2024-04-28T15:53:33.251+0000] {logging_mixin.py:188} INFO - [2024-04-28T15:53:33.250+0000] {dagbag.py:540} INFO - Filling up the DagBag from /home/airflow/.local/lib/python3.12/site-packages/airflow/example_dags/tutorial_dag.py
[2024-04-28T15:53:33.259+0000] {processor.py:840} INFO - DAG(s) 'tutorial_dag' retrieved from /home/airflow/.local/lib/python3.12/site-packages/airflow/example_dags/tutorial_dag.py
[2024-04-28T15:53:33.269+0000] {logging_mixin.py:188} INFO - [2024-04-28T15:53:33.269+0000] {dag.py:3096} INFO - Sync 1 DAGs
[2024-04-28T15:53:33.295+0000] {logging_mixin.py:188} INFO - [2024-04-28T15:53:33.294+0000] {dag.py:3954} INFO - Setting next_dagrun for tutorial_dag to None, run_after=None
[2024-04-28T15:53:33.325+0000] {processor.py:183} INFO - Processing /home/airflow/.local/lib/python3.12/site-packages/airflow/example_dags/tutorial_dag.py took 0.099 seconds
[2024-04-28T15:54:04.470+0000] {processor.py:161} INFO - Started process (PID=118) to work on /home/airflow/.local/lib/python3.12/site-packages/airflow/example_dags/tutorial_dag.py
[2024-04-28T15:54:04.471+0000] {processor.py:830} INFO - Processing file /home/airflow/.local/lib/python3.12/site-packages/airflow/example_dags/tutorial_dag.py for tasks to queue
[2024-04-28T15:54:04.473+0000] {logging_mixin.py:188} INFO - [2024-04-28T15:54:04.473+0000] {dagbag.py:540} INFO - Filling up the DagBag from /home/airflow/.local/lib/python3.12/site-packages/airflow/example_dags/tutorial_dag.py
[2024-04-28T15:54:04.477+0000] {processor.py:840} INFO - DAG(s) 'tutorial_dag' retrieved from /home/airflow/.local/lib/python3.12/site-packages/airflow/example_dags/tutorial_dag.py
[2024-04-28T15:54:04.559+0000] {logging_mixin.py:188} INFO - [2024-04-28T15:54:04.559+0000] {dag.py:3096} INFO - Sync 1 DAGs
[2024-04-28T15:54:04.567+0000] {logging_mixin.py:188} INFO - [2024-04-28T15:54:04.567+0000] {dag.py:3954} INFO - Setting next_dagrun for tutorial_dag to None, run_after=None
[2024-04-28T15:54:04.585+0000] {processor.py:183} INFO - Processing /home/airflow/.local/lib/python3.12/site-packages/airflow/example_dags/tutorial_dag.py took 0.120 seconds
[2024-04-28T15:54:35.035+0000] {processor.py:161} INFO - Started process (PID=186) to work on /home/airflow/.local/lib/python3.12/site-packages/airflow/example_dags/tutorial_dag.py
[2024-04-28T15:54:35.036+0000] {processor.py:830} INFO - Processing file /home/airflow/.local/lib/python3.12/site-packages/airflow/example_dags/tutorial_dag.py for tasks to queue
[2024-04-28T15:54:35.037+0000] {logging_mixin.py:188} INFO - [2024-04-28T15:54:35.037+0000] {dagbag.py:540} INFO - Filling up the DagBag from /home/airflow/.local/lib/python3.12/site-packages/airflow/example_dags/tutorial_dag.py
[2024-04-28T15:54:35.041+0000] {processor.py:840} INFO - DAG(s) 'tutorial_dag' retrieved from /home/airflow/.local/lib/python3.12/site-packages/airflow/example_dags/tutorial_dag.py
[2024-04-28T15:54:35.058+0000] {logging_mixin.py:188} INFO - [2024-04-28T15:54:35.058+0000] {dag.py:3096} INFO - Sync 1 DAGs
[2024-04-28T15:54:35.070+0000] {logging_mixin.py:188} INFO - [2024-04-28T15:54:35.070+0000] {dag.py:3954} INFO - Setting next_dagrun for tutorial_dag to None, run_after=None
[2024-04-28T15:54:35.085+0000] {processor.py:183} INFO - Processing /home/airflow/.local/lib/python3.12/site-packages/airflow/example_dags/tutorial_dag.py took 0.055 seconds
[2024-04-28T15:55:06.096+0000] {processor.py:161} INFO - Started process (PID=246) to work on /home/airflow/.local/lib/python3.12/site-packages/airflow/example_dags/tutorial_dag.py
[2024-04-28T15:55:06.097+0000] {processor.py:830} INFO - Processing file /home/airflow/.local/lib/python3.12/site-packages/airflow/example_dags/tutorial_dag.py for tasks to queue
[2024-04-28T15:55:06.098+0000] {logging_mixin.py:188} INFO - [2024-04-28T15:55:06.098+0000] {dagbag.py:540} INFO - Filling up the DagBag from /home/airflow/.local/lib/python3.12/site-packages/airflow/example_dags/tutorial_dag.py
[2024-04-28T15:55:06.103+0000] {processor.py:840} INFO - DAG(s) 'tutorial_dag' retrieved from /home/airflow/.local/lib/python3.12/site-packages/airflow/example_dags/tutorial_dag.py
[2024-04-28T15:55:06.125+0000] {logging_mixin.py:188} INFO - [2024-04-28T15:55:06.124+0000] {dag.py:3096} INFO - Sync 1 DAGs
[2024-04-28T15:55:06.139+0000] {logging_mixin.py:188} INFO - [2024-04-28T15:55:06.139+0000] {dag.py:3954} INFO - Setting next_dagrun for tutorial_dag to None, run_after=None
[2024-04-28T15:55:06.160+0000] {processor.py:183} INFO - Processing /home/airflow/.local/lib/python3.12/site-packages/airflow/example_dags/tutorial_dag.py took 0.070 seconds
[2024-04-28T15:55:36.268+0000] {processor.py:161} INFO - Started process (PID=304) to work on /home/airflow/.local/lib/python3.12/site-packages/airflow/example_dags/tutorial_dag.py
[2024-04-28T15:55:36.269+0000] {processor.py:830} INFO - Processing file /home/airflow/.local/lib/python3.12/site-packages/airflow/example_dags/tutorial_dag.py for tasks to queue
[2024-04-28T15:55:36.271+0000] {logging_mixin.py:188} INFO - [2024-04-28T15:55:36.271+0000] {dagbag.py:540} INFO - Filling up the DagBag from /home/airflow/.local/lib/python3.12/site-packages/airflow/example_dags/tutorial_dag.py
[2024-04-28T15:55:36.275+0000] {processor.py:840} INFO - DAG(s) 'tutorial_dag' retrieved from /home/airflow/.local/lib/python3.12/site-packages/airflow/example_dags/tutorial_dag.py
[2024-04-28T15:55:36.291+0000] {logging_mixin.py:188} INFO - [2024-04-28T15:55:36.291+0000] {dag.py:3096} INFO - Sync 1 DAGs
[2024-04-28T15:55:36.301+0000] {logging_mixin.py:188} INFO - [2024-04-28T15:55:36.301+0000] {dag.py:3954} INFO - Setting next_dagrun for tutorial_dag to None, run_after=None
[2024-04-28T15:55:36.317+0000] {processor.py:183} INFO - Processing /home/airflow/.local/lib/python3.12/site-packages/airflow/example_dags/tutorial_dag.py took 0.053 seconds
[2024-04-28T15:56:06.419+0000] {processor.py:161} INFO - Started process (PID=364) to work on /home/airflow/.local/lib/python3.12/site-packages/airflow/example_dags/tutorial_dag.py
[2024-04-28T15:56:06.420+0000] {processor.py:830} INFO - Processing file /home/airflow/.local/lib/python3.12/site-packages/airflow/example_dags/tutorial_dag.py for tasks to queue
[2024-04-28T15:56:06.421+0000] {logging_mixin.py:188} INFO - [2024-04-28T15:56:06.421+0000] {dagbag.py:540} INFO - Filling up the DagBag from /home/airflow/.local/lib/python3.12/site-packages/airflow/example_dags/tutorial_dag.py
[2024-04-28T15:56:06.425+0000] {processor.py:840} INFO - DAG(s) 'tutorial_dag' retrieved from /home/airflow/.local/lib/python3.12/site-packages/airflow/example_dags/tutorial_dag.py
[2024-04-28T15:56:06.441+0000] {logging_mixin.py:188} INFO - [2024-04-28T15:56:06.441+0000] {dag.py:3096} INFO - Sync 1 DAGs
[2024-04-28T15:56:06.451+0000] {logging_mixin.py:188} INFO - [2024-04-28T15:56:06.451+0000] {dag.py:3954} INFO - Setting next_dagrun for tutorial_dag to None, run_after=None
[2024-04-28T15:56:06.467+0000] {processor.py:183} INFO - Processing /home/airflow/.local/lib/python3.12/site-packages/airflow/example_dags/tutorial_dag.py took 0.052 seconds
[2024-04-28T15:56:36.547+0000] {processor.py:161} INFO - Started process (PID=424) to work on /home/airflow/.local/lib/python3.12/site-packages/airflow/example_dags/tutorial_dag.py
[2024-04-28T15:56:36.548+0000] {processor.py:830} INFO - Processing file /home/airflow/.local/lib/python3.12/site-packages/airflow/example_dags/tutorial_dag.py for tasks to queue
[2024-04-28T15:56:36.549+0000] {logging_mixin.py:188} INFO - [2024-04-28T15:56:36.549+0000] {dagbag.py:540} INFO - Filling up the DagBag from /home/airflow/.local/lib/python3.12/site-packages/airflow/example_dags/tutorial_dag.py
[2024-04-28T15:56:36.553+0000] {processor.py:840} INFO - DAG(s) 'tutorial_dag' retrieved from /home/airflow/.local/lib/python3.12/site-packages/airflow/example_dags/tutorial_dag.py
[2024-04-28T15:56:36.568+0000] {logging_mixin.py:188} INFO - [2024-04-28T15:56:36.568+0000] {dag.py:3096} INFO - Sync 1 DAGs
[2024-04-28T15:56:36.580+0000] {logging_mixin.py:188} INFO - [2024-04-28T15:56:36.580+0000] {dag.py:3954} INFO - Setting next_dagrun for tutorial_dag to None, run_after=None
[2024-04-28T15:56:36.598+0000] {processor.py:183} INFO - Processing /home/airflow/.local/lib/python3.12/site-packages/airflow/example_dags/tutorial_dag.py took 0.056 seconds
[2024-04-28T15:57:07.201+0000] {processor.py:161} INFO - Started process (PID=484) to work on /home/airflow/.local/lib/python3.12/site-packages/airflow/example_dags/tutorial_dag.py
[2024-04-28T15:57:07.202+0000] {processor.py:830} INFO - Processing file /home/airflow/.local/lib/python3.12/site-packages/airflow/example_dags/tutorial_dag.py for tasks to queue
[2024-04-28T15:57:07.203+0000] {logging_mixin.py:188} INFO - [2024-04-28T15:57:07.203+0000] {dagbag.py:540} INFO - Filling up the DagBag from /home/airflow/.local/lib/python3.12/site-packages/airflow/example_dags/tutorial_dag.py
[2024-04-28T15:57:07.207+0000] {processor.py:840} INFO - DAG(s) 'tutorial_dag' retrieved from /home/airflow/.local/lib/python3.12/site-packages/airflow/example_dags/tutorial_dag.py
[2024-04-28T15:57:07.223+0000] {logging_mixin.py:188} INFO - [2024-04-28T15:57:07.223+0000] {dag.py:3096} INFO - Sync 1 DAGs
[2024-04-28T15:57:07.237+0000] {logging_mixin.py:188} INFO - [2024-04-28T15:57:07.236+0000] {dag.py:3954} INFO - Setting next_dagrun for tutorial_dag to None, run_after=None
[2024-04-28T15:57:07.254+0000] {processor.py:183} INFO - Processing /home/airflow/.local/lib/python3.12/site-packages/airflow/example_dags/tutorial_dag.py took 0.057 seconds
[2024-04-28T15:57:37.633+0000] {processor.py:161} INFO - Started process (PID=544) to work on /home/airflow/.local/lib/python3.12/site-packages/airflow/example_dags/tutorial_dag.py
[2024-04-28T15:57:37.634+0000] {processor.py:830} INFO - Processing file /home/airflow/.local/lib/python3.12/site-packages/airflow/example_dags/tutorial_dag.py for tasks to queue
[2024-04-28T15:57:37.635+0000] {logging_mixin.py:188} INFO - [2024-04-28T15:57:37.635+0000] {dagbag.py:540} INFO - Filling up the DagBag from /home/airflow/.local/lib/python3.12/site-packages/airflow/example_dags/tutorial_dag.py
[2024-04-28T15:57:37.639+0000] {processor.py:840} INFO - DAG(s) 'tutorial_dag' retrieved from /home/airflow/.local/lib/python3.12/site-packages/airflow/example_dags/tutorial_dag.py
[2024-04-28T15:57:37.655+0000] {logging_mixin.py:188} INFO - [2024-04-28T15:57:37.655+0000] {dag.py:3096} INFO - Sync 1 DAGs
[2024-04-28T15:57:37.665+0000] {logging_mixin.py:188} INFO - [2024-04-28T15:57:37.665+0000] {dag.py:3954} INFO - Setting next_dagrun for tutorial_dag to None, run_after=None
[2024-04-28T15:57:37.682+0000] {processor.py:183} INFO - Processing /home/airflow/.local/lib/python3.12/site-packages/airflow/example_dags/tutorial_dag.py took 0.053 seconds
[2024-04-28T15:58:07.950+0000] {processor.py:161} INFO - Started process (PID=604) to work on /home/airflow/.local/lib/python3.12/site-packages/airflow/example_dags/tutorial_dag.py
[2024-04-28T15:58:07.951+0000] {processor.py:830} INFO - Processing file /home/airflow/.local/lib/python3.12/site-packages/airflow/example_dags/tutorial_dag.py for tasks to queue
[2024-04-28T15:58:07.952+0000] {logging_mixin.py:188} INFO - [2024-04-28T15:58:07.952+0000] {dagbag.py:540} INFO - Filling up the DagBag from /home/airflow/.local/lib/python3.12/site-packages/airflow/example_dags/tutorial_dag.py
[2024-04-28T15:58:07.956+0000] {processor.py:840} INFO - DAG(s) 'tutorial_dag' retrieved from /home/airflow/.local/lib/python3.12/site-packages/airflow/example_dags/tutorial_dag.py
[2024-04-28T15:58:07.974+0000] {logging_mixin.py:188} INFO - [2024-04-28T15:58:07.974+0000] {dag.py:3096} INFO - Sync 1 DAGs
[2024-04-28T15:58:07.991+0000] {logging_mixin.py:188} INFO - [2024-04-28T15:58:07.990+0000] {dag.py:3954} INFO - Setting next_dagrun for tutorial_dag to None, run_after=None
[2024-04-28T15:58:08.014+0000] {processor.py:183} INFO - Processing /home/airflow/.local/lib/python3.12/site-packages/airflow/example_dags/tutorial_dag.py took 0.069 seconds
[2024-04-28T15:58:38.485+0000] {processor.py:161} INFO - Started process (PID=664) to work on /home/airflow/.local/lib/python3.12/site-packages/airflow/example_dags/tutorial_dag.py
[2024-04-28T15:58:38.485+0000] {processor.py:830} INFO - Processing file /home/airflow/.local/lib/python3.12/site-packages/airflow/example_dags/tutorial_dag.py for tasks to queue
[2024-04-28T15:58:38.487+0000] {logging_mixin.py:188} INFO - [2024-04-28T15:58:38.486+0000] {dagbag.py:540} INFO - Filling up the DagBag from /home/airflow/.local/lib/python3.12/site-packages/airflow/example_dags/tutorial_dag.py
[2024-04-28T15:58:38.490+0000] {processor.py:840} INFO - DAG(s) 'tutorial_dag' retrieved from /home/airflow/.local/lib/python3.12/site-packages/airflow/example_dags/tutorial_dag.py
[2024-04-28T15:58:38.508+0000] {logging_mixin.py:188} INFO - [2024-04-28T15:58:38.508+0000] {dag.py:3096} INFO - Sync 1 DAGs
[2024-04-28T15:58:38.519+0000] {logging_mixin.py:188} INFO - [2024-04-28T15:58:38.519+0000] {dag.py:3954} INFO - Setting next_dagrun for tutorial_dag to None, run_after=None
[2024-04-28T15:58:38.536+0000] {processor.py:183} INFO - Processing /home/airflow/.local/lib/python3.12/site-packages/airflow/example_dags/tutorial_dag.py took 0.056 seconds
[2024-04-28T15:59:09.085+0000] {processor.py:161} INFO - Started process (PID=724) to work on /home/airflow/.local/lib/python3.12/site-packages/airflow/example_dags/tutorial_dag.py
[2024-04-28T15:59:09.086+0000] {processor.py:830} INFO - Processing file /home/airflow/.local/lib/python3.12/site-packages/airflow/example_dags/tutorial_dag.py for tasks to queue
[2024-04-28T15:59:09.087+0000] {logging_mixin.py:188} INFO - [2024-04-28T15:59:09.087+0000] {dagbag.py:540} INFO - Filling up the DagBag from /home/airflow/.local/lib/python3.12/site-packages/airflow/example_dags/tutorial_dag.py
[2024-04-28T15:59:09.091+0000] {processor.py:840} INFO - DAG(s) 'tutorial_dag' retrieved from /home/airflow/.local/lib/python3.12/site-packages/airflow/example_dags/tutorial_dag.py
[2024-04-28T15:59:09.108+0000] {logging_mixin.py:188} INFO - [2024-04-28T15:59:09.108+0000] {dag.py:3096} INFO - Sync 1 DAGs
[2024-04-28T15:59:09.118+0000] {logging_mixin.py:188} INFO - [2024-04-28T15:59:09.118+0000] {dag.py:3954} INFO - Setting next_dagrun for tutorial_dag to None, run_after=None
[2024-04-28T15:59:09.134+0000] {processor.py:183} INFO - Processing /home/airflow/.local/lib/python3.12/site-packages/airflow/example_dags/tutorial_dag.py took 0.052 seconds
[2024-04-28T15:59:39.613+0000] {processor.py:161} INFO - Started process (PID=784) to work on /home/airflow/.local/lib/python3.12/site-packages/airflow/example_dags/tutorial_dag.py
[2024-04-28T15:59:39.614+0000] {processor.py:830} INFO - Processing file /home/airflow/.local/lib/python3.12/site-packages/airflow/example_dags/tutorial_dag.py for tasks to queue
[2024-04-28T15:59:39.615+0000] {logging_mixin.py:188} INFO - [2024-04-28T15:59:39.615+0000] {dagbag.py:540} INFO - Filling up the DagBag from /home/airflow/.local/lib/python3.12/site-packages/airflow/example_dags/tutorial_dag.py
[2024-04-28T15:59:39.619+0000] {processor.py:840} INFO - DAG(s) 'tutorial_dag' retrieved from /home/airflow/.local/lib/python3.12/site-packages/airflow/example_dags/tutorial_dag.py
[2024-04-28T15:59:39.635+0000] {logging_mixin.py:188} INFO - [2024-04-28T15:59:39.635+0000] {dag.py:3096} INFO - Sync 1 DAGs
[2024-04-28T15:59:39.645+0000] {logging_mixin.py:188} INFO - [2024-04-28T15:59:39.644+0000] {dag.py:3954} INFO - Setting next_dagrun for tutorial_dag to None, run_after=None
[2024-04-28T15:59:39.660+0000] {processor.py:183} INFO - Processing /home/airflow/.local/lib/python3.12/site-packages/airflow/example_dags/tutorial_dag.py took 0.051 seconds
[2024-04-28T16:00:10.249+0000] {processor.py:161} INFO - Started process (PID=844) to work on /home/airflow/.local/lib/python3.12/site-packages/airflow/example_dags/tutorial_dag.py
[2024-04-28T16:00:10.250+0000] {processor.py:830} INFO - Processing file /home/airflow/.local/lib/python3.12/site-packages/airflow/example_dags/tutorial_dag.py for tasks to queue
[2024-04-28T16:00:10.251+0000] {logging_mixin.py:188} INFO - [2024-04-28T16:00:10.251+0000] {dagbag.py:540} INFO - Filling up the DagBag from /home/airflow/.local/lib/python3.12/site-packages/airflow/example_dags/tutorial_dag.py
[2024-04-28T16:00:10.255+0000] {processor.py:840} INFO - DAG(s) 'tutorial_dag' retrieved from /home/airflow/.local/lib/python3.12/site-packages/airflow/example_dags/tutorial_dag.py
[2024-04-28T16:00:10.271+0000] {logging_mixin.py:188} INFO - [2024-04-28T16:00:10.271+0000] {dag.py:3096} INFO - Sync 1 DAGs
[2024-04-28T16:00:10.281+0000] {logging_mixin.py:188} INFO - [2024-04-28T16:00:10.280+0000] {dag.py:3954} INFO - Setting next_dagrun for tutorial_dag to None, run_after=None
[2024-04-28T16:00:10.295+0000] {processor.py:183} INFO - Processing /home/airflow/.local/lib/python3.12/site-packages/airflow/example_dags/tutorial_dag.py took 0.051 seconds
[2024-04-28T16:00:40.715+0000] {processor.py:161} INFO - Started process (PID=904) to work on /home/airflow/.local/lib/python3.12/site-packages/airflow/example_dags/tutorial_dag.py
[2024-04-28T16:00:40.715+0000] {processor.py:830} INFO - Processing file /home/airflow/.local/lib/python3.12/site-packages/airflow/example_dags/tutorial_dag.py for tasks to queue
[2024-04-28T16:00:40.717+0000] {logging_mixin.py:188} INFO - [2024-04-28T16:00:40.716+0000] {dagbag.py:540} INFO - Filling up the DagBag from /home/airflow/.local/lib/python3.12/site-packages/airflow/example_dags/tutorial_dag.py
[2024-04-28T16:00:40.721+0000] {processor.py:840} INFO - DAG(s) 'tutorial_dag' retrieved from /home/airflow/.local/lib/python3.12/site-packages/airflow/example_dags/tutorial_dag.py
[2024-04-28T16:00:40.737+0000] {logging_mixin.py:188} INFO - [2024-04-28T16:00:40.737+0000] {dag.py:3096} INFO - Sync 1 DAGs
[2024-04-28T16:00:40.748+0000] {logging_mixin.py:188} INFO - [2024-04-28T16:00:40.748+0000] {dag.py:3954} INFO - Setting next_dagrun for tutorial_dag to None, run_after=None
[2024-04-28T16:00:40.763+0000] {processor.py:183} INFO - Processing /home/airflow/.local/lib/python3.12/site-packages/airflow/example_dags/tutorial_dag.py took 0.053 seconds
[2024-04-28T16:05:53.885+0000] {processor.py:161} INFO - Started process (PID=58) to work on /home/airflow/.local/lib/python3.12/site-packages/airflow/example_dags/tutorial_dag.py
[2024-04-28T16:05:53.886+0000] {processor.py:830} INFO - Processing file /home/airflow/.local/lib/python3.12/site-packages/airflow/example_dags/tutorial_dag.py for tasks to queue
[2024-04-28T16:05:53.887+0000] {logging_mixin.py:188} INFO - [2024-04-28T16:05:53.887+0000] {dagbag.py:540} INFO - Filling up the DagBag from /home/airflow/.local/lib/python3.12/site-packages/airflow/example_dags/tutorial_dag.py
[2024-04-28T16:05:53.893+0000] {processor.py:840} INFO - DAG(s) 'tutorial_dag' retrieved from /home/airflow/.local/lib/python3.12/site-packages/airflow/example_dags/tutorial_dag.py
[2024-04-28T16:05:53.903+0000] {logging_mixin.py:188} INFO - [2024-04-28T16:05:53.902+0000] {dag.py:3096} INFO - Sync 1 DAGs
[2024-04-28T16:05:53.916+0000] {logging_mixin.py:188} INFO - [2024-04-28T16:05:53.916+0000] {dag.py:3954} INFO - Setting next_dagrun for tutorial_dag to None, run_after=None
[2024-04-28T16:05:53.935+0000] {processor.py:183} INFO - Processing /home/airflow/.local/lib/python3.12/site-packages/airflow/example_dags/tutorial_dag.py took 0.055 seconds
[2024-04-28T16:06:24.782+0000] {processor.py:161} INFO - Started process (PID=118) to work on /home/airflow/.local/lib/python3.12/site-packages/airflow/example_dags/tutorial_dag.py
[2024-04-28T16:06:24.783+0000] {processor.py:830} INFO - Processing file /home/airflow/.local/lib/python3.12/site-packages/airflow/example_dags/tutorial_dag.py for tasks to queue
[2024-04-28T16:06:24.784+0000] {logging_mixin.py:188} INFO - [2024-04-28T16:06:24.784+0000] {dagbag.py:540} INFO - Filling up the DagBag from /home/airflow/.local/lib/python3.12/site-packages/airflow/example_dags/tutorial_dag.py
[2024-04-28T16:06:24.789+0000] {processor.py:840} INFO - DAG(s) 'tutorial_dag' retrieved from /home/airflow/.local/lib/python3.12/site-packages/airflow/example_dags/tutorial_dag.py
[2024-04-28T16:06:24.871+0000] {logging_mixin.py:188} INFO - [2024-04-28T16:06:24.871+0000] {dag.py:3096} INFO - Sync 1 DAGs
[2024-04-28T16:06:24.880+0000] {logging_mixin.py:188} INFO - [2024-04-28T16:06:24.880+0000] {dag.py:3954} INFO - Setting next_dagrun for tutorial_dag to None, run_after=None
[2024-04-28T16:06:24.899+0000] {processor.py:183} INFO - Processing /home/airflow/.local/lib/python3.12/site-packages/airflow/example_dags/tutorial_dag.py took 0.121 seconds
[2024-04-28T16:06:55.661+0000] {processor.py:161} INFO - Started process (PID=182) to work on /home/airflow/.local/lib/python3.12/site-packages/airflow/example_dags/tutorial_dag.py
[2024-04-28T16:06:55.662+0000] {processor.py:830} INFO - Processing file /home/airflow/.local/lib/python3.12/site-packages/airflow/example_dags/tutorial_dag.py for tasks to queue
[2024-04-28T16:06:55.663+0000] {logging_mixin.py:188} INFO - [2024-04-28T16:06:55.663+0000] {dagbag.py:540} INFO - Filling up the DagBag from /home/airflow/.local/lib/python3.12/site-packages/airflow/example_dags/tutorial_dag.py
[2024-04-28T16:06:55.667+0000] {processor.py:840} INFO - DAG(s) 'tutorial_dag' retrieved from /home/airflow/.local/lib/python3.12/site-packages/airflow/example_dags/tutorial_dag.py
[2024-04-28T16:06:55.683+0000] {logging_mixin.py:188} INFO - [2024-04-28T16:06:55.683+0000] {dag.py:3096} INFO - Sync 1 DAGs
[2024-04-28T16:06:55.694+0000] {logging_mixin.py:188} INFO - [2024-04-28T16:06:55.694+0000] {dag.py:3954} INFO - Setting next_dagrun for tutorial_dag to None, run_after=None
[2024-04-28T16:06:55.710+0000] {processor.py:183} INFO - Processing /home/airflow/.local/lib/python3.12/site-packages/airflow/example_dags/tutorial_dag.py took 0.054 seconds
[2024-04-28T16:07:26.223+0000] {processor.py:161} INFO - Started process (PID=242) to work on /home/airflow/.local/lib/python3.12/site-packages/airflow/example_dags/tutorial_dag.py
[2024-04-28T16:07:26.223+0000] {processor.py:830} INFO - Processing file /home/airflow/.local/lib/python3.12/site-packages/airflow/example_dags/tutorial_dag.py for tasks to queue
[2024-04-28T16:07:26.225+0000] {logging_mixin.py:188} INFO - [2024-04-28T16:07:26.225+0000] {dagbag.py:540} INFO - Filling up the DagBag from /home/airflow/.local/lib/python3.12/site-packages/airflow/example_dags/tutorial_dag.py
[2024-04-28T16:07:26.229+0000] {processor.py:840} INFO - DAG(s) 'tutorial_dag' retrieved from /home/airflow/.local/lib/python3.12/site-packages/airflow/example_dags/tutorial_dag.py
[2024-04-28T16:07:26.246+0000] {logging_mixin.py:188} INFO - [2024-04-28T16:07:26.246+0000] {dag.py:3096} INFO - Sync 1 DAGs
[2024-04-28T16:07:26.255+0000] {logging_mixin.py:188} INFO - [2024-04-28T16:07:26.255+0000] {dag.py:3954} INFO - Setting next_dagrun for tutorial_dag to None, run_after=None
[2024-04-28T16:07:26.269+0000] {processor.py:183} INFO - Processing /home/airflow/.local/lib/python3.12/site-packages/airflow/example_dags/tutorial_dag.py took 0.051 seconds
[2024-04-28T16:07:56.426+0000] {processor.py:161} INFO - Started process (PID=302) to work on /home/airflow/.local/lib/python3.12/site-packages/airflow/example_dags/tutorial_dag.py
[2024-04-28T16:07:56.427+0000] {processor.py:830} INFO - Processing file /home/airflow/.local/lib/python3.12/site-packages/airflow/example_dags/tutorial_dag.py for tasks to queue
[2024-04-28T16:07:56.428+0000] {logging_mixin.py:188} INFO - [2024-04-28T16:07:56.428+0000] {dagbag.py:540} INFO - Filling up the DagBag from /home/airflow/.local/lib/python3.12/site-packages/airflow/example_dags/tutorial_dag.py
[2024-04-28T16:07:56.433+0000] {processor.py:840} INFO - DAG(s) 'tutorial_dag' retrieved from /home/airflow/.local/lib/python3.12/site-packages/airflow/example_dags/tutorial_dag.py
[2024-04-28T16:07:56.453+0000] {logging_mixin.py:188} INFO - [2024-04-28T16:07:56.453+0000] {dag.py:3096} INFO - Sync 1 DAGs
[2024-04-28T16:07:56.463+0000] {logging_mixin.py:188} INFO - [2024-04-28T16:07:56.463+0000] {dag.py:3954} INFO - Setting next_dagrun for tutorial_dag to None, run_after=None
[2024-04-28T16:07:56.482+0000] {processor.py:183} INFO - Processing /home/airflow/.local/lib/python3.12/site-packages/airflow/example_dags/tutorial_dag.py took 0.061 seconds
[2024-04-28T16:08:26.975+0000] {processor.py:161} INFO - Started process (PID=360) to work on /home/airflow/.local/lib/python3.12/site-packages/airflow/example_dags/tutorial_dag.py
[2024-04-28T16:08:26.976+0000] {processor.py:830} INFO - Processing file /home/airflow/.local/lib/python3.12/site-packages/airflow/example_dags/tutorial_dag.py for tasks to queue
[2024-04-28T16:08:26.977+0000] {logging_mixin.py:188} INFO - [2024-04-28T16:08:26.977+0000] {dagbag.py:540} INFO - Filling up the DagBag from /home/airflow/.local/lib/python3.12/site-packages/airflow/example_dags/tutorial_dag.py
[2024-04-28T16:08:26.982+0000] {processor.py:840} INFO - DAG(s) 'tutorial_dag' retrieved from /home/airflow/.local/lib/python3.12/site-packages/airflow/example_dags/tutorial_dag.py
[2024-04-28T16:08:26.999+0000] {logging_mixin.py:188} INFO - [2024-04-28T16:08:26.999+0000] {dag.py:3096} INFO - Sync 1 DAGs
[2024-04-28T16:08:27.010+0000] {logging_mixin.py:188} INFO - [2024-04-28T16:08:27.009+0000] {dag.py:3954} INFO - Setting next_dagrun for tutorial_dag to None, run_after=None
[2024-04-28T16:08:27.028+0000] {processor.py:183} INFO - Processing /home/airflow/.local/lib/python3.12/site-packages/airflow/example_dags/tutorial_dag.py took 0.058 seconds
[2024-04-28T16:08:57.506+0000] {processor.py:161} INFO - Started process (PID=420) to work on /home/airflow/.local/lib/python3.12/site-packages/airflow/example_dags/tutorial_dag.py
[2024-04-28T16:08:57.507+0000] {processor.py:830} INFO - Processing file /home/airflow/.local/lib/python3.12/site-packages/airflow/example_dags/tutorial_dag.py for tasks to queue
[2024-04-28T16:08:57.508+0000] {logging_mixin.py:188} INFO - [2024-04-28T16:08:57.508+0000] {dagbag.py:540} INFO - Filling up the DagBag from /home/airflow/.local/lib/python3.12/site-packages/airflow/example_dags/tutorial_dag.py
[2024-04-28T16:08:57.512+0000] {processor.py:840} INFO - DAG(s) 'tutorial_dag' retrieved from /home/airflow/.local/lib/python3.12/site-packages/airflow/example_dags/tutorial_dag.py
[2024-04-28T16:08:57.531+0000] {logging_mixin.py:188} INFO - [2024-04-28T16:08:57.531+0000] {dag.py:3096} INFO - Sync 1 DAGs
[2024-04-28T16:08:57.542+0000] {logging_mixin.py:188} INFO - [2024-04-28T16:08:57.542+0000] {dag.py:3954} INFO - Setting next_dagrun for tutorial_dag to None, run_after=None
[2024-04-28T16:08:57.560+0000] {processor.py:183} INFO - Processing /home/airflow/.local/lib/python3.12/site-packages/airflow/example_dags/tutorial_dag.py took 0.059 seconds
[2024-04-28T16:09:27.794+0000] {processor.py:161} INFO - Started process (PID=480) to work on /home/airflow/.local/lib/python3.12/site-packages/airflow/example_dags/tutorial_dag.py
[2024-04-28T16:09:27.796+0000] {processor.py:830} INFO - Processing file /home/airflow/.local/lib/python3.12/site-packages/airflow/example_dags/tutorial_dag.py for tasks to queue
[2024-04-28T16:09:27.797+0000] {logging_mixin.py:188} INFO - [2024-04-28T16:09:27.797+0000] {dagbag.py:540} INFO - Filling up the DagBag from /home/airflow/.local/lib/python3.12/site-packages/airflow/example_dags/tutorial_dag.py
[2024-04-28T16:09:27.801+0000] {processor.py:840} INFO - DAG(s) 'tutorial_dag' retrieved from /home/airflow/.local/lib/python3.12/site-packages/airflow/example_dags/tutorial_dag.py
[2024-04-28T16:09:27.817+0000] {logging_mixin.py:188} INFO - [2024-04-28T16:09:27.817+0000] {dag.py:3096} INFO - Sync 1 DAGs
[2024-04-28T16:09:27.827+0000] {logging_mixin.py:188} INFO - [2024-04-28T16:09:27.826+0000] {dag.py:3954} INFO - Setting next_dagrun for tutorial_dag to None, run_after=None
[2024-04-28T16:09:27.841+0000] {processor.py:183} INFO - Processing /home/airflow/.local/lib/python3.12/site-packages/airflow/example_dags/tutorial_dag.py took 0.052 seconds
[2024-04-28T16:09:58.164+0000] {processor.py:161} INFO - Started process (PID=540) to work on /home/airflow/.local/lib/python3.12/site-packages/airflow/example_dags/tutorial_dag.py
[2024-04-28T16:09:58.165+0000] {processor.py:830} INFO - Processing file /home/airflow/.local/lib/python3.12/site-packages/airflow/example_dags/tutorial_dag.py for tasks to queue
[2024-04-28T16:09:58.166+0000] {logging_mixin.py:188} INFO - [2024-04-28T16:09:58.166+0000] {dagbag.py:540} INFO - Filling up the DagBag from /home/airflow/.local/lib/python3.12/site-packages/airflow/example_dags/tutorial_dag.py
[2024-04-28T16:09:58.170+0000] {processor.py:840} INFO - DAG(s) 'tutorial_dag' retrieved from /home/airflow/.local/lib/python3.12/site-packages/airflow/example_dags/tutorial_dag.py
[2024-04-28T16:09:58.187+0000] {logging_mixin.py:188} INFO - [2024-04-28T16:09:58.186+0000] {dag.py:3096} INFO - Sync 1 DAGs
[2024-04-28T16:09:58.198+0000] {logging_mixin.py:188} INFO - [2024-04-28T16:09:58.198+0000] {dag.py:3954} INFO - Setting next_dagrun for tutorial_dag to None, run_after=None
[2024-04-28T16:09:58.214+0000] {processor.py:183} INFO - Processing /home/airflow/.local/lib/python3.12/site-packages/airflow/example_dags/tutorial_dag.py took 0.055 seconds
[2024-04-28T16:10:28.645+0000] {processor.py:161} INFO - Started process (PID=600) to work on /home/airflow/.local/lib/python3.12/site-packages/airflow/example_dags/tutorial_dag.py
[2024-04-28T16:10:28.646+0000] {processor.py:830} INFO - Processing file /home/airflow/.local/lib/python3.12/site-packages/airflow/example_dags/tutorial_dag.py for tasks to queue
[2024-04-28T16:10:28.647+0000] {logging_mixin.py:188} INFO - [2024-04-28T16:10:28.647+0000] {dagbag.py:540} INFO - Filling up the DagBag from /home/airflow/.local/lib/python3.12/site-packages/airflow/example_dags/tutorial_dag.py
[2024-04-28T16:10:28.652+0000] {processor.py:840} INFO - DAG(s) 'tutorial_dag' retrieved from /home/airflow/.local/lib/python3.12/site-packages/airflow/example_dags/tutorial_dag.py
[2024-04-28T16:10:28.669+0000] {logging_mixin.py:188} INFO - [2024-04-28T16:10:28.668+0000] {dag.py:3096} INFO - Sync 1 DAGs
[2024-04-28T16:10:28.677+0000] {logging_mixin.py:188} INFO - [2024-04-28T16:10:28.677+0000] {dag.py:3954} INFO - Setting next_dagrun for tutorial_dag to None, run_after=None
[2024-04-28T16:10:28.692+0000] {processor.py:183} INFO - Processing /home/airflow/.local/lib/python3.12/site-packages/airflow/example_dags/tutorial_dag.py took 0.053 seconds
[2024-04-28T16:10:58.995+0000] {processor.py:161} INFO - Started process (PID=660) to work on /home/airflow/.local/lib/python3.12/site-packages/airflow/example_dags/tutorial_dag.py
[2024-04-28T16:10:58.996+0000] {processor.py:830} INFO - Processing file /home/airflow/.local/lib/python3.12/site-packages/airflow/example_dags/tutorial_dag.py for tasks to queue
[2024-04-28T16:10:58.997+0000] {logging_mixin.py:188} INFO - [2024-04-28T16:10:58.997+0000] {dagbag.py:540} INFO - Filling up the DagBag from /home/airflow/.local/lib/python3.12/site-packages/airflow/example_dags/tutorial_dag.py
[2024-04-28T16:10:59.001+0000] {processor.py:840} INFO - DAG(s) 'tutorial_dag' retrieved from /home/airflow/.local/lib/python3.12/site-packages/airflow/example_dags/tutorial_dag.py
[2024-04-28T16:10:59.018+0000] {logging_mixin.py:188} INFO - [2024-04-28T16:10:59.017+0000] {dag.py:3096} INFO - Sync 1 DAGs
[2024-04-28T16:10:59.028+0000] {logging_mixin.py:188} INFO - [2024-04-28T16:10:59.028+0000] {dag.py:3954} INFO - Setting next_dagrun for tutorial_dag to None, run_after=None
[2024-04-28T16:10:59.042+0000] {processor.py:183} INFO - Processing /home/airflow/.local/lib/python3.12/site-packages/airflow/example_dags/tutorial_dag.py took 0.052 seconds
[2024-04-28T16:11:29.607+0000] {processor.py:161} INFO - Started process (PID=720) to work on /home/airflow/.local/lib/python3.12/site-packages/airflow/example_dags/tutorial_dag.py
[2024-04-28T16:11:29.608+0000] {processor.py:830} INFO - Processing file /home/airflow/.local/lib/python3.12/site-packages/airflow/example_dags/tutorial_dag.py for tasks to queue
[2024-04-28T16:11:29.610+0000] {logging_mixin.py:188} INFO - [2024-04-28T16:11:29.610+0000] {dagbag.py:540} INFO - Filling up the DagBag from /home/airflow/.local/lib/python3.12/site-packages/airflow/example_dags/tutorial_dag.py
[2024-04-28T16:11:29.615+0000] {processor.py:840} INFO - DAG(s) 'tutorial_dag' retrieved from /home/airflow/.local/lib/python3.12/site-packages/airflow/example_dags/tutorial_dag.py
[2024-04-28T16:11:29.635+0000] {logging_mixin.py:188} INFO - [2024-04-28T16:11:29.635+0000] {dag.py:3096} INFO - Sync 1 DAGs
[2024-04-28T16:11:29.647+0000] {logging_mixin.py:188} INFO - [2024-04-28T16:11:29.647+0000] {dag.py:3954} INFO - Setting next_dagrun for tutorial_dag to None, run_after=None
[2024-04-28T16:11:29.669+0000] {processor.py:183} INFO - Processing /home/airflow/.local/lib/python3.12/site-packages/airflow/example_dags/tutorial_dag.py took 0.067 seconds
[2024-04-28T16:12:00.184+0000] {processor.py:161} INFO - Started process (PID=780) to work on /home/airflow/.local/lib/python3.12/site-packages/airflow/example_dags/tutorial_dag.py
[2024-04-28T16:12:00.185+0000] {processor.py:830} INFO - Processing file /home/airflow/.local/lib/python3.12/site-packages/airflow/example_dags/tutorial_dag.py for tasks to queue
[2024-04-28T16:12:00.187+0000] {logging_mixin.py:188} INFO - [2024-04-28T16:12:00.187+0000] {dagbag.py:540} INFO - Filling up the DagBag from /home/airflow/.local/lib/python3.12/site-packages/airflow/example_dags/tutorial_dag.py
[2024-04-28T16:12:00.192+0000] {processor.py:840} INFO - DAG(s) 'tutorial_dag' retrieved from /home/airflow/.local/lib/python3.12/site-packages/airflow/example_dags/tutorial_dag.py
[2024-04-28T16:12:00.208+0000] {logging_mixin.py:188} INFO - [2024-04-28T16:12:00.208+0000] {dag.py:3096} INFO - Sync 1 DAGs
[2024-04-28T16:12:00.218+0000] {logging_mixin.py:188} INFO - [2024-04-28T16:12:00.217+0000] {dag.py:3954} INFO - Setting next_dagrun for tutorial_dag to None, run_after=None
[2024-04-28T16:12:00.232+0000] {processor.py:183} INFO - Processing /home/airflow/.local/lib/python3.12/site-packages/airflow/example_dags/tutorial_dag.py took 0.052 seconds
[2024-04-28T16:12:30.651+0000] {processor.py:161} INFO - Started process (PID=840) to work on /home/airflow/.local/lib/python3.12/site-packages/airflow/example_dags/tutorial_dag.py
[2024-04-28T16:12:30.652+0000] {processor.py:830} INFO - Processing file /home/airflow/.local/lib/python3.12/site-packages/airflow/example_dags/tutorial_dag.py for tasks to queue
[2024-04-28T16:12:30.654+0000] {logging_mixin.py:188} INFO - [2024-04-28T16:12:30.653+0000] {dagbag.py:540} INFO - Filling up the DagBag from /home/airflow/.local/lib/python3.12/site-packages/airflow/example_dags/tutorial_dag.py
[2024-04-28T16:12:30.659+0000] {processor.py:840} INFO - DAG(s) 'tutorial_dag' retrieved from /home/airflow/.local/lib/python3.12/site-packages/airflow/example_dags/tutorial_dag.py
[2024-04-28T16:12:30.677+0000] {logging_mixin.py:188} INFO - [2024-04-28T16:12:30.677+0000] {dag.py:3096} INFO - Sync 1 DAGs
[2024-04-28T16:12:30.688+0000] {logging_mixin.py:188} INFO - [2024-04-28T16:12:30.688+0000] {dag.py:3954} INFO - Setting next_dagrun for tutorial_dag to None, run_after=None
[2024-04-28T16:12:30.704+0000] {processor.py:183} INFO - Processing /home/airflow/.local/lib/python3.12/site-packages/airflow/example_dags/tutorial_dag.py took 0.058 seconds
