[2024-05-05T18:39:00.566+0000] {local_task_job_runner.py:120} INFO - ::group::Pre task execution logs
[2024-05-05T18:39:00.584+0000] {taskinstance.py:2073} INFO - Dependencies all met for dep_context=non-requeueable deps ti=<TaskInstance: Final_exam.craw_data scheduled__2024-05-05T18:36:30.089557+00:00 [queued]>
[2024-05-05T18:39:00.592+0000] {taskinstance.py:2073} INFO - Dependencies all met for dep_context=requeueable deps ti=<TaskInstance: Final_exam.craw_data scheduled__2024-05-05T18:36:30.089557+00:00 [queued]>
[2024-05-05T18:39:00.592+0000] {taskinstance.py:2303} INFO - Starting attempt 1 of 2
[2024-05-05T18:39:00.605+0000] {taskinstance.py:2327} INFO - Executing <Task(PythonOperator): craw_data> on 2024-05-05 18:36:30.089557+00:00
[2024-05-05T18:39:00.612+0000] {warnings.py:110} WARNING - /home/***/.local/lib/python3.12/site-packages/***/task/task_runner/standard_task_runner.py:61: DeprecationWarning: This process (pid=76) is multi-threaded, use of fork() may lead to deadlocks in the child.
  pid = os.fork()

[2024-05-05T18:39:00.613+0000] {standard_task_runner.py:63} INFO - Started process 84 to run task
[2024-05-05T18:39:00.613+0000] {standard_task_runner.py:90} INFO - Running: ['***', 'tasks', 'run', 'Final_exam', 'craw_data', 'scheduled__2024-05-05T18:36:30.089557+00:00', '--job-id', '8', '--raw', '--subdir', 'DAGS_FOLDER/Project.py', '--cfg-path', '/tmp/tmpr8ux228_']
[2024-05-05T18:39:00.614+0000] {standard_task_runner.py:91} INFO - Job 8: Subtask craw_data
[2024-05-05T18:39:00.656+0000] {task_command.py:426} INFO - Running <TaskInstance: Final_exam.craw_data scheduled__2024-05-05T18:36:30.089557+00:00 [running]> on host 0d2f9ca33b23
[2024-05-05T18:39:00.725+0000] {taskinstance.py:2644} INFO - Exporting env vars: AIRFLOW_CTX_DAG_EMAIL='ha20040204@gmail.com' AIRFLOW_CTX_DAG_OWNER='HA' AIRFLOW_CTX_DAG_ID='Final_exam' AIRFLOW_CTX_TASK_ID='craw_data' AIRFLOW_CTX_EXECUTION_DATE='2024-05-05T18:36:30.089557+00:00' AIRFLOW_CTX_TRY_NUMBER='1' AIRFLOW_CTX_DAG_RUN_ID='scheduled__2024-05-05T18:36:30.089557+00:00'
[2024-05-05T18:39:00.726+0000] {taskinstance.py:430} INFO - ::endgroup::
[2024-05-05T18:39:01.966+0000] {logging_mixin.py:188} WARNING - [*********************100%%**********************]  1 of 1 completed
[2024-05-05T18:39:02.467+0000] {logging_mixin.py:188} WARNING - [*********************100%%**********************]  1 of 1 completed
[2024-05-05T18:39:02.811+0000] {logging_mixin.py:188} WARNING - [*********************100%%**********************]  1 of 1 completed
[2024-05-05T18:39:03.189+0000] {logging_mixin.py:188} WARNING - [*********************100%%**********************]  1 of 1 completed
[2024-05-05T18:39:03.421+0000] {logging_mixin.py:188} WARNING - [*********************100%%**********************]  1 of 1 completed
[2024-05-05T18:39:03.643+0000] {logging_mixin.py:188} WARNING - [*********************100%%**********************]  1 of 1 completed
[2024-05-05T18:39:03.995+0000] {logging_mixin.py:188} WARNING - [*********************100%%**********************]  1 of 1 completed
[2024-05-05T18:39:04.368+0000] {logging_mixin.py:188} WARNING - [*********************100%%**********************]  1 of 1 completed
[2024-05-05T18:39:06.336+0000] {logging_mixin.py:188} WARNING - [*********************100%%**********************]  1 of 1 completed
[2024-05-05T18:39:06.336+0000] {multi.py:182} ERROR - 
1 Failed download:
[2024-05-05T18:39:06.336+0000] {multi.py:195} ERROR - ['BVH']: Exception('%ticker%: No timezone found, symbol may be delisted')
[2024-05-05T18:39:06.950+0000] {logging_mixin.py:188} WARNING - [*********************100%%**********************]  1 of 1 completed
[2024-05-05T18:39:06.957+0000] {logging_mixin.py:188} INFO - Successfully.
[2024-05-05T18:39:06.957+0000] {python.py:237} INFO - Done. Returned value was: True
[2024-05-05T18:39:06.958+0000] {taskinstance.py:441} INFO - ::group::Post task execution logs
[2024-05-05T18:39:06.975+0000] {taskinstance.py:1205} INFO - Marking task as SUCCESS. dag_id=Final_exam, task_id=craw_data, execution_date=20240505T183630, start_date=20240505T183900, end_date=20240505T183906
[2024-05-05T18:39:06.997+0000] {local_task_job_runner.py:240} INFO - Task exited with return code 0
[2024-05-05T18:39:07.014+0000] {taskinstance.py:3482} INFO - 1 downstream tasks scheduled from follow-on schedule check
[2024-05-05T18:39:07.016+0000] {local_task_job_runner.py:222} INFO - ::endgroup::
