[2024-05-05T18:39:08.754+0000] {local_task_job_runner.py:120} INFO - ::group::Pre task execution logs
[2024-05-05T18:39:08.770+0000] {taskinstance.py:2073} INFO - Dependencies all met for dep_context=non-requeueable deps ti=<TaskInstance: Final_exam.clean_data scheduled__2024-05-05T18:36:30.089557+00:00 [queued]>
[2024-05-05T18:39:08.776+0000] {taskinstance.py:2073} INFO - Dependencies all met for dep_context=requeueable deps ti=<TaskInstance: Final_exam.clean_data scheduled__2024-05-05T18:36:30.089557+00:00 [queued]>
[2024-05-05T18:39:08.777+0000] {taskinstance.py:2303} INFO - Starting attempt 1 of 2
[2024-05-05T18:39:08.788+0000] {taskinstance.py:2327} INFO - Executing <Task(PythonOperator): clean_data> on 2024-05-05 18:36:30.089557+00:00
[2024-05-05T18:39:08.794+0000] {warnings.py:110} WARNING - /home/***/.local/lib/python3.12/site-packages/***/task/task_runner/standard_task_runner.py:61: DeprecationWarning: This process (pid=110) is multi-threaded, use of fork() may lead to deadlocks in the child.
  pid = os.fork()

[2024-05-05T18:39:08.795+0000] {standard_task_runner.py:63} INFO - Started process 113 to run task
[2024-05-05T18:39:08.796+0000] {standard_task_runner.py:90} INFO - Running: ['***', 'tasks', 'run', 'Final_exam', 'clean_data', 'scheduled__2024-05-05T18:36:30.089557+00:00', '--job-id', '11', '--raw', '--subdir', 'DAGS_FOLDER/Project.py', '--cfg-path', '/tmp/tmpylia919w']
[2024-05-05T18:39:08.796+0000] {standard_task_runner.py:91} INFO - Job 11: Subtask clean_data
[2024-05-05T18:39:08.829+0000] {task_command.py:426} INFO - Running <TaskInstance: Final_exam.clean_data scheduled__2024-05-05T18:36:30.089557+00:00 [running]> on host 0d2f9ca33b23
[2024-05-05T18:39:08.885+0000] {taskinstance.py:2644} INFO - Exporting env vars: AIRFLOW_CTX_DAG_EMAIL='ha20040204@gmail.com' AIRFLOW_CTX_DAG_OWNER='HA' AIRFLOW_CTX_DAG_ID='Final_exam' AIRFLOW_CTX_TASK_ID='clean_data' AIRFLOW_CTX_EXECUTION_DATE='2024-05-05T18:36:30.089557+00:00' AIRFLOW_CTX_TRY_NUMBER='1' AIRFLOW_CTX_DAG_RUN_ID='scheduled__2024-05-05T18:36:30.089557+00:00'
[2024-05-05T18:39:08.886+0000] {taskinstance.py:430} INFO - ::endgroup::
[2024-05-05T18:39:08.900+0000] {warnings.py:110} WARNING - /opt/***/dags/Project.py:38: FutureWarning: Series.__getitem__ treating keys as positions is deprecated. In a future version, integer keys will always be treated as labels (consistent with DataFrame behavior). To access a value by position, use `ser.iloc[pos]`
  ls.append(round(data.iloc[i][4] - data.iloc[i + 1][4], 2))

[2024-05-05T18:39:08.901+0000] {warnings.py:110} WARNING - /opt/***/dags/Project.py:39: FutureWarning: Series.__getitem__ treating keys as positions is deprecated. In a future version, integer keys will always be treated as labels (consistent with DataFrame behavior). To access a value by position, use `ser.iloc[pos]`
  ls_rate.append(str(round(ls[i] / data.iloc[i + 1][4] * 100, 2)) + '%')

[2024-05-05T18:39:10.414+0000] {warnings.py:110} WARNING - /opt/***/dags/Project.py:38: FutureWarning: Series.__getitem__ treating keys as positions is deprecated. In a future version, integer keys will always be treated as labels (consistent with DataFrame behavior). To access a value by position, use `ser.iloc[pos]`
  ls.append(round(data.iloc[i][4] - data.iloc[i + 1][4], 2))

[2024-05-05T18:39:10.414+0000] {warnings.py:110} WARNING - /opt/***/dags/Project.py:39: FutureWarning: Series.__getitem__ treating keys as positions is deprecated. In a future version, integer keys will always be treated as labels (consistent with DataFrame behavior). To access a value by position, use `ser.iloc[pos]`
  ls_rate.append(str(round(ls[i] / data.iloc[i + 1][4] * 100, 2)) + '%')

[2024-05-05T18:39:11.475+0000] {warnings.py:110} WARNING - /opt/***/dags/Project.py:38: FutureWarning: Series.__getitem__ treating keys as positions is deprecated. In a future version, integer keys will always be treated as labels (consistent with DataFrame behavior). To access a value by position, use `ser.iloc[pos]`
  ls.append(round(data.iloc[i][4] - data.iloc[i + 1][4], 2))

[2024-05-05T18:39:11.475+0000] {warnings.py:110} WARNING - /opt/***/dags/Project.py:39: FutureWarning: Series.__getitem__ treating keys as positions is deprecated. In a future version, integer keys will always be treated as labels (consistent with DataFrame behavior). To access a value by position, use `ser.iloc[pos]`
  ls_rate.append(str(round(ls[i] / data.iloc[i + 1][4] * 100, 2)) + '%')

[2024-05-05T18:39:12.001+0000] {warnings.py:110} WARNING - /opt/***/dags/Project.py:38: FutureWarning: Series.__getitem__ treating keys as positions is deprecated. In a future version, integer keys will always be treated as labels (consistent with DataFrame behavior). To access a value by position, use `ser.iloc[pos]`
  ls.append(round(data.iloc[i][4] - data.iloc[i + 1][4], 2))

[2024-05-05T18:39:12.002+0000] {warnings.py:110} WARNING - /opt/***/dags/Project.py:39: FutureWarning: Series.__getitem__ treating keys as positions is deprecated. In a future version, integer keys will always be treated as labels (consistent with DataFrame behavior). To access a value by position, use `ser.iloc[pos]`
  ls_rate.append(str(round(ls[i] / data.iloc[i + 1][4] * 100, 2)) + '%')

[2024-05-05T18:39:12.712+0000] {warnings.py:110} WARNING - /opt/***/dags/Project.py:38: FutureWarning: Series.__getitem__ treating keys as positions is deprecated. In a future version, integer keys will always be treated as labels (consistent with DataFrame behavior). To access a value by position, use `ser.iloc[pos]`
  ls.append(round(data.iloc[i][4] - data.iloc[i + 1][4], 2))

[2024-05-05T18:39:12.713+0000] {warnings.py:110} WARNING - /opt/***/dags/Project.py:39: FutureWarning: Series.__getitem__ treating keys as positions is deprecated. In a future version, integer keys will always be treated as labels (consistent with DataFrame behavior). To access a value by position, use `ser.iloc[pos]`
  ls_rate.append(str(round(ls[i] / data.iloc[i + 1][4] * 100, 2)) + '%')

[2024-05-05T18:39:12.975+0000] {warnings.py:110} WARNING - /opt/***/dags/Project.py:38: FutureWarning: Series.__getitem__ treating keys as positions is deprecated. In a future version, integer keys will always be treated as labels (consistent with DataFrame behavior). To access a value by position, use `ser.iloc[pos]`
  ls.append(round(data.iloc[i][4] - data.iloc[i + 1][4], 2))

[2024-05-05T18:39:12.976+0000] {warnings.py:110} WARNING - /opt/***/dags/Project.py:39: FutureWarning: Series.__getitem__ treating keys as positions is deprecated. In a future version, integer keys will always be treated as labels (consistent with DataFrame behavior). To access a value by position, use `ser.iloc[pos]`
  ls_rate.append(str(round(ls[i] / data.iloc[i + 1][4] * 100, 2)) + '%')

[2024-05-05T18:39:13.086+0000] {warnings.py:110} WARNING - /opt/***/dags/Project.py:38: FutureWarning: Series.__getitem__ treating keys as positions is deprecated. In a future version, integer keys will always be treated as labels (consistent with DataFrame behavior). To access a value by position, use `ser.iloc[pos]`
  ls.append(round(data.iloc[i][4] - data.iloc[i + 1][4], 2))

[2024-05-05T18:39:13.086+0000] {warnings.py:110} WARNING - /opt/***/dags/Project.py:39: FutureWarning: Series.__getitem__ treating keys as positions is deprecated. In a future version, integer keys will always be treated as labels (consistent with DataFrame behavior). To access a value by position, use `ser.iloc[pos]`
  ls_rate.append(str(round(ls[i] / data.iloc[i + 1][4] * 100, 2)) + '%')

[2024-05-05T18:39:13.483+0000] {warnings.py:110} WARNING - /opt/***/dags/Project.py:38: FutureWarning: Series.__getitem__ treating keys as positions is deprecated. In a future version, integer keys will always be treated as labels (consistent with DataFrame behavior). To access a value by position, use `ser.iloc[pos]`
  ls.append(round(data.iloc[i][4] - data.iloc[i + 1][4], 2))

[2024-05-05T18:39:13.484+0000] {warnings.py:110} WARNING - /opt/***/dags/Project.py:39: FutureWarning: Series.__getitem__ treating keys as positions is deprecated. In a future version, integer keys will always be treated as labels (consistent with DataFrame behavior). To access a value by position, use `ser.iloc[pos]`
  ls_rate.append(str(round(ls[i] / data.iloc[i + 1][4] * 100, 2)) + '%')

[2024-05-05T18:39:13.741+0000] {warnings.py:110} WARNING - /opt/***/dags/Project.py:38: FutureWarning: Series.__getitem__ treating keys as positions is deprecated. In a future version, integer keys will always be treated as labels (consistent with DataFrame behavior). To access a value by position, use `ser.iloc[pos]`
  ls.append(round(data.iloc[i][4] - data.iloc[i + 1][4], 2))

[2024-05-05T18:39:13.741+0000] {warnings.py:110} WARNING - /opt/***/dags/Project.py:39: FutureWarning: Series.__getitem__ treating keys as positions is deprecated. In a future version, integer keys will always be treated as labels (consistent with DataFrame behavior). To access a value by position, use `ser.iloc[pos]`
  ls_rate.append(str(round(ls[i] / data.iloc[i + 1][4] * 100, 2)) + '%')

[2024-05-05T18:39:13.887+0000] {logging_mixin.py:188} INFO - Successfully.
[2024-05-05T18:39:13.887+0000] {python.py:237} INFO - Done. Returned value was: True
[2024-05-05T18:39:13.889+0000] {taskinstance.py:441} INFO - ::group::Post task execution logs
[2024-05-05T18:39:13.904+0000] {taskinstance.py:1205} INFO - Marking task as SUCCESS. dag_id=Final_exam, task_id=clean_data, execution_date=20240505T183630, start_date=20240505T183908, end_date=20240505T183913
[2024-05-05T18:39:13.937+0000] {local_task_job_runner.py:240} INFO - Task exited with return code 0
[2024-05-05T18:39:13.954+0000] {taskinstance.py:3482} INFO - 1 downstream tasks scheduled from follow-on schedule check
[2024-05-05T18:39:13.955+0000] {local_task_job_runner.py:222} INFO - ::endgroup::
