[2024-05-05T18:35:48.437+0000] {processor.py:161} INFO - Started process (PID=67) to work on /home/airflow/.local/lib/python3.12/site-packages/airflow/example_dags/example_xcomargs.py
[2024-05-05T18:35:48.437+0000] {processor.py:830} INFO - Processing file /home/airflow/.local/lib/python3.12/site-packages/airflow/example_dags/example_xcomargs.py for tasks to queue
[2024-05-05T18:35:48.439+0000] {logging_mixin.py:188} INFO - [2024-05-05T18:35:48.439+0000] {dagbag.py:540} INFO - Filling up the DagBag from /home/airflow/.local/lib/python3.12/site-packages/airflow/example_dags/example_xcomargs.py
[2024-05-05T18:35:48.446+0000] {processor.py:840} INFO - DAG(s) 'example_xcom_args', 'example_xcom_args_with_operators' retrieved from /home/airflow/.local/lib/python3.12/site-packages/airflow/example_dags/example_xcomargs.py
[2024-05-05T18:35:48.530+0000] {logging_mixin.py:188} INFO - [2024-05-05T18:35:48.529+0000] {override.py:1829} INFO - Created Permission View: can edit on DAG:example_xcom_args
[2024-05-05T18:35:48.539+0000] {logging_mixin.py:188} INFO - [2024-05-05T18:35:48.538+0000] {override.py:1829} INFO - Created Permission View: can delete on DAG:example_xcom_args
[2024-05-05T18:35:48.544+0000] {logging_mixin.py:188} INFO - [2024-05-05T18:35:48.544+0000] {override.py:1829} INFO - Created Permission View: can read on DAG:example_xcom_args
[2024-05-05T18:35:48.554+0000] {logging_mixin.py:188} INFO - [2024-05-05T18:35:48.554+0000] {override.py:1829} INFO - Created Permission View: can edit on DAG:example_xcom_args_with_operators
[2024-05-05T18:35:48.559+0000] {logging_mixin.py:188} INFO - [2024-05-05T18:35:48.559+0000] {override.py:1829} INFO - Created Permission View: can delete on DAG:example_xcom_args_with_operators
[2024-05-05T18:35:48.565+0000] {logging_mixin.py:188} INFO - [2024-05-05T18:35:48.565+0000] {override.py:1829} INFO - Created Permission View: can read on DAG:example_xcom_args_with_operators
[2024-05-05T18:35:48.565+0000] {logging_mixin.py:188} INFO - [2024-05-05T18:35:48.565+0000] {dag.py:3096} INFO - Sync 2 DAGs
[2024-05-05T18:35:48.574+0000] {logging_mixin.py:188} INFO - [2024-05-05T18:35:48.574+0000] {dag.py:3118} INFO - Creating ORM DAG for example_xcom_args
[2024-05-05T18:35:48.575+0000] {logging_mixin.py:188} INFO - [2024-05-05T18:35:48.575+0000] {dag.py:3118} INFO - Creating ORM DAG for example_xcom_args_with_operators
[2024-05-05T18:35:48.575+0000] {logging_mixin.py:188} INFO - [2024-05-05T18:35:48.575+0000] {dag.py:3954} INFO - Setting next_dagrun for example_xcom_args to None, run_after=None
[2024-05-05T18:35:48.576+0000] {logging_mixin.py:188} INFO - [2024-05-05T18:35:48.576+0000] {dag.py:3954} INFO - Setting next_dagrun for example_xcom_args_with_operators to None, run_after=None
[2024-05-05T18:35:48.591+0000] {processor.py:183} INFO - Processing /home/airflow/.local/lib/python3.12/site-packages/airflow/example_dags/example_xcomargs.py took 0.160 seconds
[2024-05-05T18:36:18.723+0000] {processor.py:161} INFO - Started process (PID=125) to work on /home/airflow/.local/lib/python3.12/site-packages/airflow/example_dags/example_xcomargs.py
[2024-05-05T18:36:18.724+0000] {processor.py:830} INFO - Processing file /home/airflow/.local/lib/python3.12/site-packages/airflow/example_dags/example_xcomargs.py for tasks to queue
[2024-05-05T18:36:18.725+0000] {logging_mixin.py:188} INFO - [2024-05-05T18:36:18.725+0000] {dagbag.py:540} INFO - Filling up the DagBag from /home/airflow/.local/lib/python3.12/site-packages/airflow/example_dags/example_xcomargs.py
[2024-05-05T18:36:18.733+0000] {processor.py:840} INFO - DAG(s) 'example_xcom_args_with_operators', 'example_xcom_args' retrieved from /home/airflow/.local/lib/python3.12/site-packages/airflow/example_dags/example_xcomargs.py
[2024-05-05T18:36:18.753+0000] {logging_mixin.py:188} INFO - [2024-05-05T18:36:18.753+0000] {dag.py:3096} INFO - Sync 2 DAGs
[2024-05-05T18:36:18.765+0000] {logging_mixin.py:188} INFO - [2024-05-05T18:36:18.764+0000] {dag.py:3954} INFO - Setting next_dagrun for example_xcom_args to None, run_after=None
[2024-05-05T18:36:18.768+0000] {logging_mixin.py:188} INFO - [2024-05-05T18:36:18.768+0000] {dag.py:3954} INFO - Setting next_dagrun for example_xcom_args_with_operators to None, run_after=None
[2024-05-05T18:36:18.785+0000] {processor.py:183} INFO - Processing /home/airflow/.local/lib/python3.12/site-packages/airflow/example_dags/example_xcomargs.py took 0.067 seconds
[2024-05-05T18:36:48.860+0000] {processor.py:161} INFO - Started process (PID=183) to work on /home/airflow/.local/lib/python3.12/site-packages/airflow/example_dags/example_xcomargs.py
[2024-05-05T18:36:48.861+0000] {processor.py:830} INFO - Processing file /home/airflow/.local/lib/python3.12/site-packages/airflow/example_dags/example_xcomargs.py for tasks to queue
[2024-05-05T18:36:48.862+0000] {logging_mixin.py:188} INFO - [2024-05-05T18:36:48.862+0000] {dagbag.py:540} INFO - Filling up the DagBag from /home/airflow/.local/lib/python3.12/site-packages/airflow/example_dags/example_xcomargs.py
[2024-05-05T18:36:48.868+0000] {processor.py:840} INFO - DAG(s) 'example_xcom_args', 'example_xcom_args_with_operators' retrieved from /home/airflow/.local/lib/python3.12/site-packages/airflow/example_dags/example_xcomargs.py
[2024-05-05T18:36:48.884+0000] {logging_mixin.py:188} INFO - [2024-05-05T18:36:48.884+0000] {dag.py:3096} INFO - Sync 2 DAGs
[2024-05-05T18:36:48.893+0000] {logging_mixin.py:188} INFO - [2024-05-05T18:36:48.893+0000] {dag.py:3954} INFO - Setting next_dagrun for example_xcom_args to None, run_after=None
[2024-05-05T18:36:48.896+0000] {logging_mixin.py:188} INFO - [2024-05-05T18:36:48.896+0000] {dag.py:3954} INFO - Setting next_dagrun for example_xcom_args_with_operators to None, run_after=None
[2024-05-05T18:36:48.910+0000] {processor.py:183} INFO - Processing /home/airflow/.local/lib/python3.12/site-packages/airflow/example_dags/example_xcomargs.py took 0.054 seconds
[2024-05-05T18:37:19.017+0000] {processor.py:161} INFO - Started process (PID=241) to work on /home/airflow/.local/lib/python3.12/site-packages/airflow/example_dags/example_xcomargs.py
[2024-05-05T18:37:19.018+0000] {processor.py:830} INFO - Processing file /home/airflow/.local/lib/python3.12/site-packages/airflow/example_dags/example_xcomargs.py for tasks to queue
[2024-05-05T18:37:19.020+0000] {logging_mixin.py:188} INFO - [2024-05-05T18:37:19.019+0000] {dagbag.py:540} INFO - Filling up the DagBag from /home/airflow/.local/lib/python3.12/site-packages/airflow/example_dags/example_xcomargs.py
[2024-05-05T18:37:19.028+0000] {processor.py:840} INFO - DAG(s) 'example_xcom_args', 'example_xcom_args_with_operators' retrieved from /home/airflow/.local/lib/python3.12/site-packages/airflow/example_dags/example_xcomargs.py
[2024-05-05T18:37:19.048+0000] {logging_mixin.py:188} INFO - [2024-05-05T18:37:19.048+0000] {dag.py:3096} INFO - Sync 2 DAGs
[2024-05-05T18:37:19.059+0000] {logging_mixin.py:188} INFO - [2024-05-05T18:37:19.058+0000] {dag.py:3954} INFO - Setting next_dagrun for example_xcom_args to None, run_after=None
[2024-05-05T18:37:19.062+0000] {logging_mixin.py:188} INFO - [2024-05-05T18:37:19.061+0000] {dag.py:3954} INFO - Setting next_dagrun for example_xcom_args_with_operators to None, run_after=None
[2024-05-05T18:37:19.076+0000] {processor.py:183} INFO - Processing /home/airflow/.local/lib/python3.12/site-packages/airflow/example_dags/example_xcomargs.py took 0.066 seconds
[2024-05-05T18:38:31.122+0000] {processor.py:161} INFO - Started process (PID=70) to work on /home/airflow/.local/lib/python3.12/site-packages/airflow/example_dags/example_xcomargs.py
[2024-05-05T18:38:31.124+0000] {processor.py:830} INFO - Processing file /home/airflow/.local/lib/python3.12/site-packages/airflow/example_dags/example_xcomargs.py for tasks to queue
[2024-05-05T18:38:31.126+0000] {logging_mixin.py:188} INFO - [2024-05-05T18:38:31.125+0000] {dagbag.py:540} INFO - Filling up the DagBag from /home/airflow/.local/lib/python3.12/site-packages/airflow/example_dags/example_xcomargs.py
[2024-05-05T18:38:31.135+0000] {processor.py:840} INFO - DAG(s) 'example_xcom_args', 'example_xcom_args_with_operators' retrieved from /home/airflow/.local/lib/python3.12/site-packages/airflow/example_dags/example_xcomargs.py
[2024-05-05T18:38:31.149+0000] {logging_mixin.py:188} INFO - [2024-05-05T18:38:31.149+0000] {dag.py:3096} INFO - Sync 2 DAGs
[2024-05-05T18:38:31.165+0000] {logging_mixin.py:188} INFO - [2024-05-05T18:38:31.164+0000] {dag.py:3954} INFO - Setting next_dagrun for example_xcom_args to None, run_after=None
[2024-05-05T18:38:31.169+0000] {logging_mixin.py:188} INFO - [2024-05-05T18:38:31.168+0000] {dag.py:3954} INFO - Setting next_dagrun for example_xcom_args_with_operators to None, run_after=None
[2024-05-05T18:38:31.191+0000] {processor.py:183} INFO - Processing /home/airflow/.local/lib/python3.12/site-packages/airflow/example_dags/example_xcomargs.py took 0.075 seconds
[2024-05-05T18:39:02.218+0000] {processor.py:161} INFO - Started process (PID=140) to work on /home/airflow/.local/lib/python3.12/site-packages/airflow/example_dags/example_xcomargs.py
[2024-05-05T18:39:02.219+0000] {processor.py:830} INFO - Processing file /home/airflow/.local/lib/python3.12/site-packages/airflow/example_dags/example_xcomargs.py for tasks to queue
[2024-05-05T18:39:02.220+0000] {logging_mixin.py:188} INFO - [2024-05-05T18:39:02.220+0000] {dagbag.py:540} INFO - Filling up the DagBag from /home/airflow/.local/lib/python3.12/site-packages/airflow/example_dags/example_xcomargs.py
[2024-05-05T18:39:02.228+0000] {processor.py:840} INFO - DAG(s) 'example_xcom_args_with_operators', 'example_xcom_args' retrieved from /home/airflow/.local/lib/python3.12/site-packages/airflow/example_dags/example_xcomargs.py
[2024-05-05T18:39:02.313+0000] {logging_mixin.py:188} INFO - [2024-05-05T18:39:02.312+0000] {dag.py:3096} INFO - Sync 2 DAGs
[2024-05-05T18:39:02.322+0000] {logging_mixin.py:188} INFO - [2024-05-05T18:39:02.322+0000] {dag.py:3954} INFO - Setting next_dagrun for example_xcom_args to None, run_after=None
[2024-05-05T18:39:02.324+0000] {logging_mixin.py:188} INFO - [2024-05-05T18:39:02.324+0000] {dag.py:3954} INFO - Setting next_dagrun for example_xcom_args_with_operators to None, run_after=None
[2024-05-05T18:39:02.340+0000] {processor.py:183} INFO - Processing /home/airflow/.local/lib/python3.12/site-packages/airflow/example_dags/example_xcomargs.py took 0.126 seconds
[2024-05-05T18:39:32.418+0000] {processor.py:161} INFO - Started process (PID=208) to work on /home/airflow/.local/lib/python3.12/site-packages/airflow/example_dags/example_xcomargs.py
[2024-05-05T18:39:32.419+0000] {processor.py:830} INFO - Processing file /home/airflow/.local/lib/python3.12/site-packages/airflow/example_dags/example_xcomargs.py for tasks to queue
[2024-05-05T18:39:32.421+0000] {logging_mixin.py:188} INFO - [2024-05-05T18:39:32.420+0000] {dagbag.py:540} INFO - Filling up the DagBag from /home/airflow/.local/lib/python3.12/site-packages/airflow/example_dags/example_xcomargs.py
[2024-05-05T18:39:32.428+0000] {processor.py:840} INFO - DAG(s) 'example_xcom_args_with_operators', 'example_xcom_args' retrieved from /home/airflow/.local/lib/python3.12/site-packages/airflow/example_dags/example_xcomargs.py
[2024-05-05T18:39:32.447+0000] {logging_mixin.py:188} INFO - [2024-05-05T18:39:32.447+0000] {dag.py:3096} INFO - Sync 2 DAGs
[2024-05-05T18:39:32.458+0000] {logging_mixin.py:188} INFO - [2024-05-05T18:39:32.458+0000] {dag.py:3954} INFO - Setting next_dagrun for example_xcom_args to None, run_after=None
[2024-05-05T18:39:32.461+0000] {logging_mixin.py:188} INFO - [2024-05-05T18:39:32.461+0000] {dag.py:3954} INFO - Setting next_dagrun for example_xcom_args_with_operators to None, run_after=None
[2024-05-05T18:39:32.475+0000] {processor.py:183} INFO - Processing /home/airflow/.local/lib/python3.12/site-packages/airflow/example_dags/example_xcomargs.py took 0.062 seconds
[2024-05-05T18:40:02.934+0000] {processor.py:161} INFO - Started process (PID=268) to work on /home/airflow/.local/lib/python3.12/site-packages/airflow/example_dags/example_xcomargs.py
[2024-05-05T18:40:02.935+0000] {processor.py:830} INFO - Processing file /home/airflow/.local/lib/python3.12/site-packages/airflow/example_dags/example_xcomargs.py for tasks to queue
[2024-05-05T18:40:02.937+0000] {logging_mixin.py:188} INFO - [2024-05-05T18:40:02.936+0000] {dagbag.py:540} INFO - Filling up the DagBag from /home/airflow/.local/lib/python3.12/site-packages/airflow/example_dags/example_xcomargs.py
[2024-05-05T18:40:02.943+0000] {processor.py:840} INFO - DAG(s) 'example_xcom_args', 'example_xcom_args_with_operators' retrieved from /home/airflow/.local/lib/python3.12/site-packages/airflow/example_dags/example_xcomargs.py
[2024-05-05T18:40:02.962+0000] {logging_mixin.py:188} INFO - [2024-05-05T18:40:02.962+0000] {dag.py:3096} INFO - Sync 2 DAGs
[2024-05-05T18:40:02.973+0000] {logging_mixin.py:188} INFO - [2024-05-05T18:40:02.972+0000] {dag.py:3954} INFO - Setting next_dagrun for example_xcom_args to None, run_after=None
[2024-05-05T18:40:02.975+0000] {logging_mixin.py:188} INFO - [2024-05-05T18:40:02.975+0000] {dag.py:3954} INFO - Setting next_dagrun for example_xcom_args_with_operators to None, run_after=None
[2024-05-05T18:40:02.990+0000] {processor.py:183} INFO - Processing /home/airflow/.local/lib/python3.12/site-packages/airflow/example_dags/example_xcomargs.py took 0.060 seconds
[2024-05-05T18:40:33.300+0000] {processor.py:161} INFO - Started process (PID=328) to work on /home/airflow/.local/lib/python3.12/site-packages/airflow/example_dags/example_xcomargs.py
[2024-05-05T18:40:33.300+0000] {processor.py:830} INFO - Processing file /home/airflow/.local/lib/python3.12/site-packages/airflow/example_dags/example_xcomargs.py for tasks to queue
[2024-05-05T18:40:33.302+0000] {logging_mixin.py:188} INFO - [2024-05-05T18:40:33.302+0000] {dagbag.py:540} INFO - Filling up the DagBag from /home/airflow/.local/lib/python3.12/site-packages/airflow/example_dags/example_xcomargs.py
[2024-05-05T18:40:33.308+0000] {processor.py:840} INFO - DAG(s) 'example_xcom_args_with_operators', 'example_xcom_args' retrieved from /home/airflow/.local/lib/python3.12/site-packages/airflow/example_dags/example_xcomargs.py
[2024-05-05T18:40:33.325+0000] {logging_mixin.py:188} INFO - [2024-05-05T18:40:33.325+0000] {dag.py:3096} INFO - Sync 2 DAGs
[2024-05-05T18:40:33.336+0000] {logging_mixin.py:188} INFO - [2024-05-05T18:40:33.336+0000] {dag.py:3954} INFO - Setting next_dagrun for example_xcom_args to None, run_after=None
[2024-05-05T18:40:33.339+0000] {logging_mixin.py:188} INFO - [2024-05-05T18:40:33.339+0000] {dag.py:3954} INFO - Setting next_dagrun for example_xcom_args_with_operators to None, run_after=None
[2024-05-05T18:40:33.352+0000] {processor.py:183} INFO - Processing /home/airflow/.local/lib/python3.12/site-packages/airflow/example_dags/example_xcomargs.py took 0.057 seconds
[2024-05-05T18:49:29.037+0000] {processor.py:161} INFO - Started process (PID=70) to work on /home/airflow/.local/lib/python3.12/site-packages/airflow/example_dags/example_xcomargs.py
[2024-05-05T18:49:29.038+0000] {processor.py:830} INFO - Processing file /home/airflow/.local/lib/python3.12/site-packages/airflow/example_dags/example_xcomargs.py for tasks to queue
[2024-05-05T18:49:29.040+0000] {logging_mixin.py:188} INFO - [2024-05-05T18:49:29.039+0000] {dagbag.py:540} INFO - Filling up the DagBag from /home/airflow/.local/lib/python3.12/site-packages/airflow/example_dags/example_xcomargs.py
[2024-05-05T18:49:29.048+0000] {processor.py:840} INFO - DAG(s) 'example_xcom_args', 'example_xcom_args_with_operators' retrieved from /home/airflow/.local/lib/python3.12/site-packages/airflow/example_dags/example_xcomargs.py
[2024-05-05T18:49:29.063+0000] {logging_mixin.py:188} INFO - [2024-05-05T18:49:29.062+0000] {dag.py:3096} INFO - Sync 2 DAGs
[2024-05-05T18:49:29.077+0000] {logging_mixin.py:188} INFO - [2024-05-05T18:49:29.077+0000] {dag.py:3954} INFO - Setting next_dagrun for example_xcom_args to None, run_after=None
[2024-05-05T18:49:29.081+0000] {logging_mixin.py:188} INFO - [2024-05-05T18:49:29.080+0000] {dag.py:3954} INFO - Setting next_dagrun for example_xcom_args_with_operators to None, run_after=None
[2024-05-05T18:49:29.101+0000] {processor.py:183} INFO - Processing /home/airflow/.local/lib/python3.12/site-packages/airflow/example_dags/example_xcomargs.py took 0.070 seconds
[2024-05-05T18:50:00.944+0000] {processor.py:161} INFO - Started process (PID=130) to work on /home/airflow/.local/lib/python3.12/site-packages/airflow/example_dags/example_xcomargs.py
[2024-05-05T18:50:00.945+0000] {processor.py:830} INFO - Processing file /home/airflow/.local/lib/python3.12/site-packages/airflow/example_dags/example_xcomargs.py for tasks to queue
[2024-05-05T18:50:00.946+0000] {logging_mixin.py:188} INFO - [2024-05-05T18:50:00.946+0000] {dagbag.py:540} INFO - Filling up the DagBag from /home/airflow/.local/lib/python3.12/site-packages/airflow/example_dags/example_xcomargs.py
[2024-05-05T18:50:00.954+0000] {processor.py:840} INFO - DAG(s) 'example_xcom_args', 'example_xcom_args_with_operators' retrieved from /home/airflow/.local/lib/python3.12/site-packages/airflow/example_dags/example_xcomargs.py
[2024-05-05T18:50:01.040+0000] {logging_mixin.py:188} INFO - [2024-05-05T18:50:01.040+0000] {dag.py:3096} INFO - Sync 2 DAGs
[2024-05-05T18:50:01.049+0000] {logging_mixin.py:188} INFO - [2024-05-05T18:50:01.048+0000] {dag.py:3954} INFO - Setting next_dagrun for example_xcom_args to None, run_after=None
[2024-05-05T18:50:01.051+0000] {logging_mixin.py:188} INFO - [2024-05-05T18:50:01.051+0000] {dag.py:3954} INFO - Setting next_dagrun for example_xcom_args_with_operators to None, run_after=None
[2024-05-05T18:50:01.066+0000] {processor.py:183} INFO - Processing /home/airflow/.local/lib/python3.12/site-packages/airflow/example_dags/example_xcomargs.py took 0.126 seconds
[2024-05-05T18:50:31.518+0000] {processor.py:161} INFO - Started process (PID=190) to work on /home/airflow/.local/lib/python3.12/site-packages/airflow/example_dags/example_xcomargs.py
[2024-05-05T18:50:31.519+0000] {processor.py:830} INFO - Processing file /home/airflow/.local/lib/python3.12/site-packages/airflow/example_dags/example_xcomargs.py for tasks to queue
[2024-05-05T18:50:31.520+0000] {logging_mixin.py:188} INFO - [2024-05-05T18:50:31.520+0000] {dagbag.py:540} INFO - Filling up the DagBag from /home/airflow/.local/lib/python3.12/site-packages/airflow/example_dags/example_xcomargs.py
[2024-05-05T18:50:31.529+0000] {processor.py:840} INFO - DAG(s) 'example_xcom_args', 'example_xcom_args_with_operators' retrieved from /home/airflow/.local/lib/python3.12/site-packages/airflow/example_dags/example_xcomargs.py
[2024-05-05T18:50:31.552+0000] {logging_mixin.py:188} INFO - [2024-05-05T18:50:31.551+0000] {dag.py:3096} INFO - Sync 2 DAGs
[2024-05-05T18:50:31.562+0000] {logging_mixin.py:188} INFO - [2024-05-05T18:50:31.562+0000] {dag.py:3954} INFO - Setting next_dagrun for example_xcom_args to None, run_after=None
[2024-05-05T18:50:31.566+0000] {logging_mixin.py:188} INFO - [2024-05-05T18:50:31.565+0000] {dag.py:3954} INFO - Setting next_dagrun for example_xcom_args_with_operators to None, run_after=None
[2024-05-05T18:50:31.581+0000] {processor.py:183} INFO - Processing /home/airflow/.local/lib/python3.12/site-packages/airflow/example_dags/example_xcomargs.py took 0.069 seconds
[2024-05-05T18:51:01.847+0000] {processor.py:161} INFO - Started process (PID=254) to work on /home/airflow/.local/lib/python3.12/site-packages/airflow/example_dags/example_xcomargs.py
[2024-05-05T18:51:01.847+0000] {processor.py:830} INFO - Processing file /home/airflow/.local/lib/python3.12/site-packages/airflow/example_dags/example_xcomargs.py for tasks to queue
[2024-05-05T18:51:01.849+0000] {logging_mixin.py:188} INFO - [2024-05-05T18:51:01.848+0000] {dagbag.py:540} INFO - Filling up the DagBag from /home/airflow/.local/lib/python3.12/site-packages/airflow/example_dags/example_xcomargs.py
[2024-05-05T18:51:01.856+0000] {processor.py:840} INFO - DAG(s) 'example_xcom_args_with_operators', 'example_xcom_args' retrieved from /home/airflow/.local/lib/python3.12/site-packages/airflow/example_dags/example_xcomargs.py
[2024-05-05T18:51:01.874+0000] {logging_mixin.py:188} INFO - [2024-05-05T18:51:01.874+0000] {dag.py:3096} INFO - Sync 2 DAGs
[2024-05-05T18:51:01.884+0000] {logging_mixin.py:188} INFO - [2024-05-05T18:51:01.884+0000] {dag.py:3954} INFO - Setting next_dagrun for example_xcom_args to None, run_after=None
[2024-05-05T18:51:01.887+0000] {logging_mixin.py:188} INFO - [2024-05-05T18:51:01.887+0000] {dag.py:3954} INFO - Setting next_dagrun for example_xcom_args_with_operators to None, run_after=None
[2024-05-05T18:51:01.900+0000] {processor.py:183} INFO - Processing /home/airflow/.local/lib/python3.12/site-packages/airflow/example_dags/example_xcomargs.py took 0.058 seconds
[2024-05-05T18:51:32.209+0000] {processor.py:161} INFO - Started process (PID=314) to work on /home/airflow/.local/lib/python3.12/site-packages/airflow/example_dags/example_xcomargs.py
[2024-05-05T18:51:32.210+0000] {processor.py:830} INFO - Processing file /home/airflow/.local/lib/python3.12/site-packages/airflow/example_dags/example_xcomargs.py for tasks to queue
[2024-05-05T18:51:32.212+0000] {logging_mixin.py:188} INFO - [2024-05-05T18:51:32.211+0000] {dagbag.py:540} INFO - Filling up the DagBag from /home/airflow/.local/lib/python3.12/site-packages/airflow/example_dags/example_xcomargs.py
[2024-05-05T18:51:32.218+0000] {processor.py:840} INFO - DAG(s) 'example_xcom_args', 'example_xcom_args_with_operators' retrieved from /home/airflow/.local/lib/python3.12/site-packages/airflow/example_dags/example_xcomargs.py
[2024-05-05T18:51:32.236+0000] {logging_mixin.py:188} INFO - [2024-05-05T18:51:32.235+0000] {dag.py:3096} INFO - Sync 2 DAGs
[2024-05-05T18:51:32.245+0000] {logging_mixin.py:188} INFO - [2024-05-05T18:51:32.245+0000] {dag.py:3954} INFO - Setting next_dagrun for example_xcom_args to None, run_after=None
[2024-05-05T18:51:32.248+0000] {logging_mixin.py:188} INFO - [2024-05-05T18:51:32.248+0000] {dag.py:3954} INFO - Setting next_dagrun for example_xcom_args_with_operators to None, run_after=None
[2024-05-05T18:51:32.261+0000] {processor.py:183} INFO - Processing /home/airflow/.local/lib/python3.12/site-packages/airflow/example_dags/example_xcomargs.py took 0.057 seconds
