[2024-05-05T18:35:49.085+0000] {processor.py:161} INFO - Started process (PID=73) to work on /home/airflow/.local/lib/python3.12/site-packages/airflow/example_dags/example_setup_teardown.py
[2024-05-05T18:35:49.086+0000] {processor.py:830} INFO - Processing file /home/airflow/.local/lib/python3.12/site-packages/airflow/example_dags/example_setup_teardown.py for tasks to queue
[2024-05-05T18:35:49.087+0000] {logging_mixin.py:188} INFO - [2024-05-05T18:35:49.087+0000] {dagbag.py:540} INFO - Filling up the DagBag from /home/airflow/.local/lib/python3.12/site-packages/airflow/example_dags/example_setup_teardown.py
[2024-05-05T18:35:49.093+0000] {processor.py:840} INFO - DAG(s) 'example_setup_teardown' retrieved from /home/airflow/.local/lib/python3.12/site-packages/airflow/example_dags/example_setup_teardown.py
[2024-05-05T18:35:49.176+0000] {logging_mixin.py:188} INFO - [2024-05-05T18:35:49.175+0000] {override.py:1829} INFO - Created Permission View: can edit on DAG:example_setup_teardown
[2024-05-05T18:35:49.185+0000] {logging_mixin.py:188} INFO - [2024-05-05T18:35:49.185+0000] {override.py:1829} INFO - Created Permission View: can delete on DAG:example_setup_teardown
[2024-05-05T18:35:49.191+0000] {logging_mixin.py:188} INFO - [2024-05-05T18:35:49.190+0000] {override.py:1829} INFO - Created Permission View: can read on DAG:example_setup_teardown
[2024-05-05T18:35:49.191+0000] {logging_mixin.py:188} INFO - [2024-05-05T18:35:49.191+0000] {dag.py:3096} INFO - Sync 1 DAGs
[2024-05-05T18:35:49.200+0000] {logging_mixin.py:188} INFO - [2024-05-05T18:35:49.200+0000] {dag.py:3118} INFO - Creating ORM DAG for example_setup_teardown
[2024-05-05T18:35:49.207+0000] {logging_mixin.py:188} INFO - [2024-05-05T18:35:49.207+0000] {dag.py:3954} INFO - Setting next_dagrun for example_setup_teardown to 2024-05-04 00:00:00+00:00, run_after=2024-05-05 00:00:00+00:00
[2024-05-05T18:35:49.221+0000] {processor.py:183} INFO - Processing /home/airflow/.local/lib/python3.12/site-packages/airflow/example_dags/example_setup_teardown.py took 0.141 seconds
[2024-05-05T18:36:19.994+0000] {processor.py:161} INFO - Started process (PID=131) to work on /home/airflow/.local/lib/python3.12/site-packages/airflow/example_dags/example_setup_teardown.py
[2024-05-05T18:36:19.995+0000] {processor.py:830} INFO - Processing file /home/airflow/.local/lib/python3.12/site-packages/airflow/example_dags/example_setup_teardown.py for tasks to queue
[2024-05-05T18:36:19.998+0000] {logging_mixin.py:188} INFO - [2024-05-05T18:36:19.997+0000] {dagbag.py:540} INFO - Filling up the DagBag from /home/airflow/.local/lib/python3.12/site-packages/airflow/example_dags/example_setup_teardown.py
[2024-05-05T18:36:20.003+0000] {processor.py:840} INFO - DAG(s) 'example_setup_teardown' retrieved from /home/airflow/.local/lib/python3.12/site-packages/airflow/example_dags/example_setup_teardown.py
[2024-05-05T18:36:20.020+0000] {logging_mixin.py:188} INFO - [2024-05-05T18:36:20.020+0000] {dag.py:3096} INFO - Sync 1 DAGs
[2024-05-05T18:36:20.037+0000] {logging_mixin.py:188} INFO - [2024-05-05T18:36:20.037+0000] {dag.py:3954} INFO - Setting next_dagrun for example_setup_teardown to 2024-05-04 00:00:00+00:00, run_after=2024-05-05 00:00:00+00:00
[2024-05-05T18:36:20.052+0000] {processor.py:183} INFO - Processing /home/airflow/.local/lib/python3.12/site-packages/airflow/example_dags/example_setup_teardown.py took 0.062 seconds
[2024-05-05T18:36:50.111+0000] {processor.py:161} INFO - Started process (PID=189) to work on /home/airflow/.local/lib/python3.12/site-packages/airflow/example_dags/example_setup_teardown.py
[2024-05-05T18:36:50.112+0000] {processor.py:830} INFO - Processing file /home/airflow/.local/lib/python3.12/site-packages/airflow/example_dags/example_setup_teardown.py for tasks to queue
[2024-05-05T18:36:50.113+0000] {logging_mixin.py:188} INFO - [2024-05-05T18:36:50.113+0000] {dagbag.py:540} INFO - Filling up the DagBag from /home/airflow/.local/lib/python3.12/site-packages/airflow/example_dags/example_setup_teardown.py
[2024-05-05T18:36:50.118+0000] {processor.py:840} INFO - DAG(s) 'example_setup_teardown' retrieved from /home/airflow/.local/lib/python3.12/site-packages/airflow/example_dags/example_setup_teardown.py
[2024-05-05T18:36:50.133+0000] {logging_mixin.py:188} INFO - [2024-05-05T18:36:50.133+0000] {dag.py:3096} INFO - Sync 1 DAGs
[2024-05-05T18:36:50.148+0000] {logging_mixin.py:188} INFO - [2024-05-05T18:36:50.148+0000] {dag.py:3954} INFO - Setting next_dagrun for example_setup_teardown to 2024-05-04 00:00:00+00:00, run_after=2024-05-05 00:00:00+00:00
[2024-05-05T18:36:50.163+0000] {processor.py:183} INFO - Processing /home/airflow/.local/lib/python3.12/site-packages/airflow/example_dags/example_setup_teardown.py took 0.056 seconds
[2024-05-05T18:37:20.301+0000] {processor.py:161} INFO - Started process (PID=247) to work on /home/airflow/.local/lib/python3.12/site-packages/airflow/example_dags/example_setup_teardown.py
[2024-05-05T18:37:20.302+0000] {processor.py:830} INFO - Processing file /home/airflow/.local/lib/python3.12/site-packages/airflow/example_dags/example_setup_teardown.py for tasks to queue
[2024-05-05T18:37:20.303+0000] {logging_mixin.py:188} INFO - [2024-05-05T18:37:20.303+0000] {dagbag.py:540} INFO - Filling up the DagBag from /home/airflow/.local/lib/python3.12/site-packages/airflow/example_dags/example_setup_teardown.py
[2024-05-05T18:37:20.309+0000] {processor.py:840} INFO - DAG(s) 'example_setup_teardown' retrieved from /home/airflow/.local/lib/python3.12/site-packages/airflow/example_dags/example_setup_teardown.py
[2024-05-05T18:37:20.324+0000] {logging_mixin.py:188} INFO - [2024-05-05T18:37:20.324+0000] {dag.py:3096} INFO - Sync 1 DAGs
[2024-05-05T18:37:20.341+0000] {logging_mixin.py:188} INFO - [2024-05-05T18:37:20.341+0000] {dag.py:3954} INFO - Setting next_dagrun for example_setup_teardown to 2024-05-04 00:00:00+00:00, run_after=2024-05-05 00:00:00+00:00
[2024-05-05T18:37:20.356+0000] {processor.py:183} INFO - Processing /home/airflow/.local/lib/python3.12/site-packages/airflow/example_dags/example_setup_teardown.py took 0.060 seconds
[2024-05-05T18:38:31.378+0000] {processor.py:161} INFO - Started process (PID=76) to work on /home/airflow/.local/lib/python3.12/site-packages/airflow/example_dags/example_setup_teardown.py
[2024-05-05T18:38:31.380+0000] {processor.py:830} INFO - Processing file /home/airflow/.local/lib/python3.12/site-packages/airflow/example_dags/example_setup_teardown.py for tasks to queue
[2024-05-05T18:38:31.382+0000] {logging_mixin.py:188} INFO - [2024-05-05T18:38:31.382+0000] {dagbag.py:540} INFO - Filling up the DagBag from /home/airflow/.local/lib/python3.12/site-packages/airflow/example_dags/example_setup_teardown.py
[2024-05-05T18:38:31.388+0000] {processor.py:840} INFO - DAG(s) 'example_setup_teardown' retrieved from /home/airflow/.local/lib/python3.12/site-packages/airflow/example_dags/example_setup_teardown.py
[2024-05-05T18:38:31.399+0000] {logging_mixin.py:188} INFO - [2024-05-05T18:38:31.399+0000] {dag.py:3096} INFO - Sync 1 DAGs
[2024-05-05T18:38:31.423+0000] {logging_mixin.py:188} INFO - [2024-05-05T18:38:31.423+0000] {dag.py:3954} INFO - Setting next_dagrun for example_setup_teardown to 2024-05-04 00:00:00+00:00, run_after=2024-05-05 00:00:00+00:00
[2024-05-05T18:38:31.441+0000] {processor.py:183} INFO - Processing /home/airflow/.local/lib/python3.12/site-packages/airflow/example_dags/example_setup_teardown.py took 0.067 seconds
[2024-05-05T18:39:02.619+0000] {processor.py:161} INFO - Started process (PID=146) to work on /home/airflow/.local/lib/python3.12/site-packages/airflow/example_dags/example_setup_teardown.py
[2024-05-05T18:39:02.620+0000] {processor.py:830} INFO - Processing file /home/airflow/.local/lib/python3.12/site-packages/airflow/example_dags/example_setup_teardown.py for tasks to queue
[2024-05-05T18:39:02.621+0000] {logging_mixin.py:188} INFO - [2024-05-05T18:39:02.621+0000] {dagbag.py:540} INFO - Filling up the DagBag from /home/airflow/.local/lib/python3.12/site-packages/airflow/example_dags/example_setup_teardown.py
[2024-05-05T18:39:02.627+0000] {processor.py:840} INFO - DAG(s) 'example_setup_teardown' retrieved from /home/airflow/.local/lib/python3.12/site-packages/airflow/example_dags/example_setup_teardown.py
[2024-05-05T18:39:02.705+0000] {logging_mixin.py:188} INFO - [2024-05-05T18:39:02.705+0000] {dag.py:3096} INFO - Sync 1 DAGs
[2024-05-05T18:39:02.721+0000] {logging_mixin.py:188} INFO - [2024-05-05T18:39:02.721+0000] {dag.py:3954} INFO - Setting next_dagrun for example_setup_teardown to 2024-05-04 00:00:00+00:00, run_after=2024-05-05 00:00:00+00:00
[2024-05-05T18:39:02.738+0000] {processor.py:183} INFO - Processing /home/airflow/.local/lib/python3.12/site-packages/airflow/example_dags/example_setup_teardown.py took 0.123 seconds
[2024-05-05T18:39:33.720+0000] {processor.py:161} INFO - Started process (PID=214) to work on /home/airflow/.local/lib/python3.12/site-packages/airflow/example_dags/example_setup_teardown.py
[2024-05-05T18:39:33.721+0000] {processor.py:830} INFO - Processing file /home/airflow/.local/lib/python3.12/site-packages/airflow/example_dags/example_setup_teardown.py for tasks to queue
[2024-05-05T18:39:33.722+0000] {logging_mixin.py:188} INFO - [2024-05-05T18:39:33.722+0000] {dagbag.py:540} INFO - Filling up the DagBag from /home/airflow/.local/lib/python3.12/site-packages/airflow/example_dags/example_setup_teardown.py
[2024-05-05T18:39:33.728+0000] {processor.py:840} INFO - DAG(s) 'example_setup_teardown' retrieved from /home/airflow/.local/lib/python3.12/site-packages/airflow/example_dags/example_setup_teardown.py
[2024-05-05T18:39:33.744+0000] {logging_mixin.py:188} INFO - [2024-05-05T18:39:33.744+0000] {dag.py:3096} INFO - Sync 1 DAGs
[2024-05-05T18:39:33.761+0000] {logging_mixin.py:188} INFO - [2024-05-05T18:39:33.761+0000] {dag.py:3954} INFO - Setting next_dagrun for example_setup_teardown to 2024-05-04 00:00:00+00:00, run_after=2024-05-05 00:00:00+00:00
[2024-05-05T18:39:33.775+0000] {processor.py:183} INFO - Processing /home/airflow/.local/lib/python3.12/site-packages/airflow/example_dags/example_setup_teardown.py took 0.060 seconds
[2024-05-05T18:40:04.165+0000] {processor.py:161} INFO - Started process (PID=274) to work on /home/airflow/.local/lib/python3.12/site-packages/airflow/example_dags/example_setup_teardown.py
[2024-05-05T18:40:04.168+0000] {processor.py:830} INFO - Processing file /home/airflow/.local/lib/python3.12/site-packages/airflow/example_dags/example_setup_teardown.py for tasks to queue
[2024-05-05T18:40:04.169+0000] {logging_mixin.py:188} INFO - [2024-05-05T18:40:04.169+0000] {dagbag.py:540} INFO - Filling up the DagBag from /home/airflow/.local/lib/python3.12/site-packages/airflow/example_dags/example_setup_teardown.py
[2024-05-05T18:40:04.174+0000] {processor.py:840} INFO - DAG(s) 'example_setup_teardown' retrieved from /home/airflow/.local/lib/python3.12/site-packages/airflow/example_dags/example_setup_teardown.py
[2024-05-05T18:40:04.190+0000] {logging_mixin.py:188} INFO - [2024-05-05T18:40:04.190+0000] {dag.py:3096} INFO - Sync 1 DAGs
[2024-05-05T18:40:04.206+0000] {logging_mixin.py:188} INFO - [2024-05-05T18:40:04.206+0000] {dag.py:3954} INFO - Setting next_dagrun for example_setup_teardown to 2024-05-04 00:00:00+00:00, run_after=2024-05-05 00:00:00+00:00
[2024-05-05T18:40:04.220+0000] {processor.py:183} INFO - Processing /home/airflow/.local/lib/python3.12/site-packages/airflow/example_dags/example_setup_teardown.py took 0.060 seconds
[2024-05-05T18:40:34.514+0000] {processor.py:161} INFO - Started process (PID=334) to work on /home/airflow/.local/lib/python3.12/site-packages/airflow/example_dags/example_setup_teardown.py
[2024-05-05T18:40:34.517+0000] {processor.py:830} INFO - Processing file /home/airflow/.local/lib/python3.12/site-packages/airflow/example_dags/example_setup_teardown.py for tasks to queue
[2024-05-05T18:40:34.519+0000] {logging_mixin.py:188} INFO - [2024-05-05T18:40:34.518+0000] {dagbag.py:540} INFO - Filling up the DagBag from /home/airflow/.local/lib/python3.12/site-packages/airflow/example_dags/example_setup_teardown.py
[2024-05-05T18:40:34.524+0000] {processor.py:840} INFO - DAG(s) 'example_setup_teardown' retrieved from /home/airflow/.local/lib/python3.12/site-packages/airflow/example_dags/example_setup_teardown.py
[2024-05-05T18:40:34.541+0000] {logging_mixin.py:188} INFO - [2024-05-05T18:40:34.541+0000] {dag.py:3096} INFO - Sync 1 DAGs
[2024-05-05T18:40:34.560+0000] {logging_mixin.py:188} INFO - [2024-05-05T18:40:34.560+0000] {dag.py:3954} INFO - Setting next_dagrun for example_setup_teardown to 2024-05-04 00:00:00+00:00, run_after=2024-05-05 00:00:00+00:00
[2024-05-05T18:40:34.576+0000] {processor.py:183} INFO - Processing /home/airflow/.local/lib/python3.12/site-packages/airflow/example_dags/example_setup_teardown.py took 0.066 seconds
[2024-05-05T18:49:29.296+0000] {processor.py:161} INFO - Started process (PID=76) to work on /home/airflow/.local/lib/python3.12/site-packages/airflow/example_dags/example_setup_teardown.py
[2024-05-05T18:49:29.297+0000] {processor.py:830} INFO - Processing file /home/airflow/.local/lib/python3.12/site-packages/airflow/example_dags/example_setup_teardown.py for tasks to queue
[2024-05-05T18:49:29.299+0000] {logging_mixin.py:188} INFO - [2024-05-05T18:49:29.299+0000] {dagbag.py:540} INFO - Filling up the DagBag from /home/airflow/.local/lib/python3.12/site-packages/airflow/example_dags/example_setup_teardown.py
[2024-05-05T18:49:29.307+0000] {processor.py:840} INFO - DAG(s) 'example_setup_teardown' retrieved from /home/airflow/.local/lib/python3.12/site-packages/airflow/example_dags/example_setup_teardown.py
[2024-05-05T18:49:29.318+0000] {logging_mixin.py:188} INFO - [2024-05-05T18:49:29.317+0000] {dag.py:3096} INFO - Sync 1 DAGs
[2024-05-05T18:49:29.341+0000] {logging_mixin.py:188} INFO - [2024-05-05T18:49:29.341+0000] {dag.py:3954} INFO - Setting next_dagrun for example_setup_teardown to 2024-05-04 00:00:00+00:00, run_after=2024-05-05 00:00:00+00:00
[2024-05-05T18:49:29.362+0000] {processor.py:183} INFO - Processing /home/airflow/.local/lib/python3.12/site-packages/airflow/example_dags/example_setup_teardown.py took 0.071 seconds
[2024-05-05T18:50:01.378+0000] {processor.py:161} INFO - Started process (PID=136) to work on /home/airflow/.local/lib/python3.12/site-packages/airflow/example_dags/example_setup_teardown.py
[2024-05-05T18:50:01.380+0000] {processor.py:830} INFO - Processing file /home/airflow/.local/lib/python3.12/site-packages/airflow/example_dags/example_setup_teardown.py for tasks to queue
[2024-05-05T18:50:01.381+0000] {logging_mixin.py:188} INFO - [2024-05-05T18:50:01.381+0000] {dagbag.py:540} INFO - Filling up the DagBag from /home/airflow/.local/lib/python3.12/site-packages/airflow/example_dags/example_setup_teardown.py
[2024-05-05T18:50:01.386+0000] {processor.py:840} INFO - DAG(s) 'example_setup_teardown' retrieved from /home/airflow/.local/lib/python3.12/site-packages/airflow/example_dags/example_setup_teardown.py
[2024-05-05T18:50:01.465+0000] {logging_mixin.py:188} INFO - [2024-05-05T18:50:01.465+0000] {dag.py:3096} INFO - Sync 1 DAGs
[2024-05-05T18:50:01.483+0000] {logging_mixin.py:188} INFO - [2024-05-05T18:50:01.483+0000] {dag.py:3954} INFO - Setting next_dagrun for example_setup_teardown to 2024-05-04 00:00:00+00:00, run_after=2024-05-05 00:00:00+00:00
[2024-05-05T18:50:01.499+0000] {processor.py:183} INFO - Processing /home/airflow/.local/lib/python3.12/site-packages/airflow/example_dags/example_setup_teardown.py took 0.126 seconds
[2024-05-05T18:50:31.749+0000] {processor.py:161} INFO - Started process (PID=196) to work on /home/airflow/.local/lib/python3.12/site-packages/airflow/example_dags/example_setup_teardown.py
[2024-05-05T18:50:31.750+0000] {processor.py:830} INFO - Processing file /home/airflow/.local/lib/python3.12/site-packages/airflow/example_dags/example_setup_teardown.py for tasks to queue
[2024-05-05T18:50:31.752+0000] {logging_mixin.py:188} INFO - [2024-05-05T18:50:31.752+0000] {dagbag.py:540} INFO - Filling up the DagBag from /home/airflow/.local/lib/python3.12/site-packages/airflow/example_dags/example_setup_teardown.py
[2024-05-05T18:50:31.757+0000] {processor.py:840} INFO - DAG(s) 'example_setup_teardown' retrieved from /home/airflow/.local/lib/python3.12/site-packages/airflow/example_dags/example_setup_teardown.py
[2024-05-05T18:50:31.773+0000] {logging_mixin.py:188} INFO - [2024-05-05T18:50:31.773+0000] {dag.py:3096} INFO - Sync 1 DAGs
[2024-05-05T18:50:31.791+0000] {logging_mixin.py:188} INFO - [2024-05-05T18:50:31.791+0000] {dag.py:3954} INFO - Setting next_dagrun for example_setup_teardown to 2024-05-04 00:00:00+00:00, run_after=2024-05-05 00:00:00+00:00
[2024-05-05T18:50:31.806+0000] {processor.py:183} INFO - Processing /home/airflow/.local/lib/python3.12/site-packages/airflow/example_dags/example_setup_teardown.py took 0.061 seconds
[2024-05-05T18:51:02.060+0000] {processor.py:161} INFO - Started process (PID=260) to work on /home/airflow/.local/lib/python3.12/site-packages/airflow/example_dags/example_setup_teardown.py
[2024-05-05T18:51:02.060+0000] {processor.py:830} INFO - Processing file /home/airflow/.local/lib/python3.12/site-packages/airflow/example_dags/example_setup_teardown.py for tasks to queue
[2024-05-05T18:51:02.062+0000] {logging_mixin.py:188} INFO - [2024-05-05T18:51:02.062+0000] {dagbag.py:540} INFO - Filling up the DagBag from /home/airflow/.local/lib/python3.12/site-packages/airflow/example_dags/example_setup_teardown.py
[2024-05-05T18:51:02.067+0000] {processor.py:840} INFO - DAG(s) 'example_setup_teardown' retrieved from /home/airflow/.local/lib/python3.12/site-packages/airflow/example_dags/example_setup_teardown.py
[2024-05-05T18:51:02.082+0000] {logging_mixin.py:188} INFO - [2024-05-05T18:51:02.082+0000] {dag.py:3096} INFO - Sync 1 DAGs
[2024-05-05T18:51:02.099+0000] {logging_mixin.py:188} INFO - [2024-05-05T18:51:02.099+0000] {dag.py:3954} INFO - Setting next_dagrun for example_setup_teardown to 2024-05-04 00:00:00+00:00, run_after=2024-05-05 00:00:00+00:00
[2024-05-05T18:51:02.112+0000] {processor.py:183} INFO - Processing /home/airflow/.local/lib/python3.12/site-packages/airflow/example_dags/example_setup_teardown.py took 0.057 seconds
[2024-05-05T18:51:32.417+0000] {processor.py:161} INFO - Started process (PID=320) to work on /home/airflow/.local/lib/python3.12/site-packages/airflow/example_dags/example_setup_teardown.py
[2024-05-05T18:51:32.418+0000] {processor.py:830} INFO - Processing file /home/airflow/.local/lib/python3.12/site-packages/airflow/example_dags/example_setup_teardown.py for tasks to queue
[2024-05-05T18:51:32.420+0000] {logging_mixin.py:188} INFO - [2024-05-05T18:51:32.419+0000] {dagbag.py:540} INFO - Filling up the DagBag from /home/airflow/.local/lib/python3.12/site-packages/airflow/example_dags/example_setup_teardown.py
[2024-05-05T18:51:32.424+0000] {processor.py:840} INFO - DAG(s) 'example_setup_teardown' retrieved from /home/airflow/.local/lib/python3.12/site-packages/airflow/example_dags/example_setup_teardown.py
[2024-05-05T18:51:32.440+0000] {logging_mixin.py:188} INFO - [2024-05-05T18:51:32.439+0000] {dag.py:3096} INFO - Sync 1 DAGs
[2024-05-05T18:51:32.456+0000] {logging_mixin.py:188} INFO - [2024-05-05T18:51:32.456+0000] {dag.py:3954} INFO - Setting next_dagrun for example_setup_teardown to 2024-05-04 00:00:00+00:00, run_after=2024-05-05 00:00:00+00:00
[2024-05-05T18:51:32.470+0000] {processor.py:183} INFO - Processing /home/airflow/.local/lib/python3.12/site-packages/airflow/example_dags/example_setup_teardown.py took 0.057 seconds
