[2024-05-05T18:35:50.381+0000] {processor.py:161} INFO - Started process (PID=86) to work on /home/airflow/.local/lib/python3.12/site-packages/airflow/example_dags/example_trigger_target_dag.py
[2024-05-05T18:35:50.382+0000] {processor.py:830} INFO - Processing file /home/airflow/.local/lib/python3.12/site-packages/airflow/example_dags/example_trigger_target_dag.py for tasks to queue
[2024-05-05T18:35:50.383+0000] {logging_mixin.py:188} INFO - [2024-05-05T18:35:50.383+0000] {dagbag.py:540} INFO - Filling up the DagBag from /home/airflow/.local/lib/python3.12/site-packages/airflow/example_dags/example_trigger_target_dag.py
[2024-05-05T18:35:50.389+0000] {processor.py:840} INFO - DAG(s) 'example_trigger_target_dag' retrieved from /home/airflow/.local/lib/python3.12/site-packages/airflow/example_dags/example_trigger_target_dag.py
[2024-05-05T18:35:50.472+0000] {logging_mixin.py:188} INFO - [2024-05-05T18:35:50.472+0000] {override.py:1829} INFO - Created Permission View: can edit on DAG:example_trigger_target_dag
[2024-05-05T18:35:50.481+0000] {logging_mixin.py:188} INFO - [2024-05-05T18:35:50.480+0000] {override.py:1829} INFO - Created Permission View: can delete on DAG:example_trigger_target_dag
[2024-05-05T18:35:50.486+0000] {logging_mixin.py:188} INFO - [2024-05-05T18:35:50.486+0000] {override.py:1829} INFO - Created Permission View: can read on DAG:example_trigger_target_dag
[2024-05-05T18:35:50.487+0000] {logging_mixin.py:188} INFO - [2024-05-05T18:35:50.486+0000] {dag.py:3096} INFO - Sync 1 DAGs
[2024-05-05T18:35:50.496+0000] {logging_mixin.py:188} INFO - [2024-05-05T18:35:50.496+0000] {dag.py:3118} INFO - Creating ORM DAG for example_trigger_target_dag
[2024-05-05T18:35:50.497+0000] {logging_mixin.py:188} INFO - [2024-05-05T18:35:50.497+0000] {dag.py:3954} INFO - Setting next_dagrun for example_trigger_target_dag to None, run_after=None
[2024-05-05T18:35:50.513+0000] {processor.py:183} INFO - Processing /home/airflow/.local/lib/python3.12/site-packages/airflow/example_dags/example_trigger_target_dag.py took 0.137 seconds
[2024-05-05T18:36:20.631+0000] {processor.py:161} INFO - Started process (PID=145) to work on /home/airflow/.local/lib/python3.12/site-packages/airflow/example_dags/example_trigger_target_dag.py
[2024-05-05T18:36:20.632+0000] {processor.py:830} INFO - Processing file /home/airflow/.local/lib/python3.12/site-packages/airflow/example_dags/example_trigger_target_dag.py for tasks to queue
[2024-05-05T18:36:20.633+0000] {logging_mixin.py:188} INFO - [2024-05-05T18:36:20.633+0000] {dagbag.py:540} INFO - Filling up the DagBag from /home/airflow/.local/lib/python3.12/site-packages/airflow/example_dags/example_trigger_target_dag.py
[2024-05-05T18:36:20.639+0000] {processor.py:840} INFO - DAG(s) 'example_trigger_target_dag' retrieved from /home/airflow/.local/lib/python3.12/site-packages/airflow/example_dags/example_trigger_target_dag.py
[2024-05-05T18:36:20.656+0000] {logging_mixin.py:188} INFO - [2024-05-05T18:36:20.656+0000] {dag.py:3096} INFO - Sync 1 DAGs
[2024-05-05T18:36:20.667+0000] {logging_mixin.py:188} INFO - [2024-05-05T18:36:20.667+0000] {dag.py:3954} INFO - Setting next_dagrun for example_trigger_target_dag to None, run_after=None
[2024-05-05T18:36:20.683+0000] {processor.py:183} INFO - Processing /home/airflow/.local/lib/python3.12/site-packages/airflow/example_dags/example_trigger_target_dag.py took 0.057 seconds
[2024-05-05T18:36:51.729+0000] {processor.py:161} INFO - Started process (PID=202) to work on /home/airflow/.local/lib/python3.12/site-packages/airflow/example_dags/example_trigger_target_dag.py
[2024-05-05T18:36:51.730+0000] {processor.py:830} INFO - Processing file /home/airflow/.local/lib/python3.12/site-packages/airflow/example_dags/example_trigger_target_dag.py for tasks to queue
[2024-05-05T18:36:51.731+0000] {logging_mixin.py:188} INFO - [2024-05-05T18:36:51.731+0000] {dagbag.py:540} INFO - Filling up the DagBag from /home/airflow/.local/lib/python3.12/site-packages/airflow/example_dags/example_trigger_target_dag.py
[2024-05-05T18:36:51.736+0000] {processor.py:840} INFO - DAG(s) 'example_trigger_target_dag' retrieved from /home/airflow/.local/lib/python3.12/site-packages/airflow/example_dags/example_trigger_target_dag.py
[2024-05-05T18:36:51.749+0000] {logging_mixin.py:188} INFO - [2024-05-05T18:36:51.749+0000] {dag.py:3096} INFO - Sync 1 DAGs
[2024-05-05T18:36:51.759+0000] {logging_mixin.py:188} INFO - [2024-05-05T18:36:51.758+0000] {dag.py:3954} INFO - Setting next_dagrun for example_trigger_target_dag to None, run_after=None
[2024-05-05T18:36:51.772+0000] {processor.py:183} INFO - Processing /home/airflow/.local/lib/python3.12/site-packages/airflow/example_dags/example_trigger_target_dag.py took 0.047 seconds
[2024-05-05T18:37:21.957+0000] {processor.py:161} INFO - Started process (PID=260) to work on /home/airflow/.local/lib/python3.12/site-packages/airflow/example_dags/example_trigger_target_dag.py
[2024-05-05T18:37:21.958+0000] {processor.py:830} INFO - Processing file /home/airflow/.local/lib/python3.12/site-packages/airflow/example_dags/example_trigger_target_dag.py for tasks to queue
[2024-05-05T18:37:21.959+0000] {logging_mixin.py:188} INFO - [2024-05-05T18:37:21.959+0000] {dagbag.py:540} INFO - Filling up the DagBag from /home/airflow/.local/lib/python3.12/site-packages/airflow/example_dags/example_trigger_target_dag.py
[2024-05-05T18:37:21.965+0000] {processor.py:840} INFO - DAG(s) 'example_trigger_target_dag' retrieved from /home/airflow/.local/lib/python3.12/site-packages/airflow/example_dags/example_trigger_target_dag.py
[2024-05-05T18:37:21.983+0000] {logging_mixin.py:188} INFO - [2024-05-05T18:37:21.983+0000] {dag.py:3096} INFO - Sync 1 DAGs
[2024-05-05T18:37:21.996+0000] {logging_mixin.py:188} INFO - [2024-05-05T18:37:21.995+0000] {dag.py:3954} INFO - Setting next_dagrun for example_trigger_target_dag to None, run_after=None
[2024-05-05T18:37:22.013+0000] {processor.py:183} INFO - Processing /home/airflow/.local/lib/python3.12/site-packages/airflow/example_dags/example_trigger_target_dag.py took 0.061 seconds
[2024-05-05T18:38:31.932+0000] {processor.py:161} INFO - Started process (PID=89) to work on /home/airflow/.local/lib/python3.12/site-packages/airflow/example_dags/example_trigger_target_dag.py
[2024-05-05T18:38:31.933+0000] {processor.py:830} INFO - Processing file /home/airflow/.local/lib/python3.12/site-packages/airflow/example_dags/example_trigger_target_dag.py for tasks to queue
[2024-05-05T18:38:31.934+0000] {logging_mixin.py:188} INFO - [2024-05-05T18:38:31.934+0000] {dagbag.py:540} INFO - Filling up the DagBag from /home/airflow/.local/lib/python3.12/site-packages/airflow/example_dags/example_trigger_target_dag.py
[2024-05-05T18:38:31.940+0000] {processor.py:840} INFO - DAG(s) 'example_trigger_target_dag' retrieved from /home/airflow/.local/lib/python3.12/site-packages/airflow/example_dags/example_trigger_target_dag.py
[2024-05-05T18:38:31.950+0000] {logging_mixin.py:188} INFO - [2024-05-05T18:38:31.950+0000] {dag.py:3096} INFO - Sync 1 DAGs
[2024-05-05T18:38:31.965+0000] {logging_mixin.py:188} INFO - [2024-05-05T18:38:31.965+0000] {dag.py:3954} INFO - Setting next_dagrun for example_trigger_target_dag to None, run_after=None
[2024-05-05T18:38:31.983+0000] {processor.py:183} INFO - Processing /home/airflow/.local/lib/python3.12/site-packages/airflow/example_dags/example_trigger_target_dag.py took 0.057 seconds
[2024-05-05T18:39:03.606+0000] {processor.py:161} INFO - Started process (PID=159) to work on /home/airflow/.local/lib/python3.12/site-packages/airflow/example_dags/example_trigger_target_dag.py
[2024-05-05T18:39:03.607+0000] {processor.py:830} INFO - Processing file /home/airflow/.local/lib/python3.12/site-packages/airflow/example_dags/example_trigger_target_dag.py for tasks to queue
[2024-05-05T18:39:03.609+0000] {logging_mixin.py:188} INFO - [2024-05-05T18:39:03.609+0000] {dagbag.py:540} INFO - Filling up the DagBag from /home/airflow/.local/lib/python3.12/site-packages/airflow/example_dags/example_trigger_target_dag.py
[2024-05-05T18:39:03.618+0000] {processor.py:840} INFO - DAG(s) 'example_trigger_target_dag' retrieved from /home/airflow/.local/lib/python3.12/site-packages/airflow/example_dags/example_trigger_target_dag.py
[2024-05-05T18:39:03.702+0000] {logging_mixin.py:188} INFO - [2024-05-05T18:39:03.701+0000] {dag.py:3096} INFO - Sync 1 DAGs
[2024-05-05T18:39:03.710+0000] {logging_mixin.py:188} INFO - [2024-05-05T18:39:03.710+0000] {dag.py:3954} INFO - Setting next_dagrun for example_trigger_target_dag to None, run_after=None
[2024-05-05T18:39:03.726+0000] {processor.py:183} INFO - Processing /home/airflow/.local/lib/python3.12/site-packages/airflow/example_dags/example_trigger_target_dag.py took 0.125 seconds
[2024-05-05T18:39:34.314+0000] {processor.py:161} INFO - Started process (PID=228) to work on /home/airflow/.local/lib/python3.12/site-packages/airflow/example_dags/example_trigger_target_dag.py
[2024-05-05T18:39:34.315+0000] {processor.py:830} INFO - Processing file /home/airflow/.local/lib/python3.12/site-packages/airflow/example_dags/example_trigger_target_dag.py for tasks to queue
[2024-05-05T18:39:34.316+0000] {logging_mixin.py:188} INFO - [2024-05-05T18:39:34.316+0000] {dagbag.py:540} INFO - Filling up the DagBag from /home/airflow/.local/lib/python3.12/site-packages/airflow/example_dags/example_trigger_target_dag.py
[2024-05-05T18:39:34.321+0000] {processor.py:840} INFO - DAG(s) 'example_trigger_target_dag' retrieved from /home/airflow/.local/lib/python3.12/site-packages/airflow/example_dags/example_trigger_target_dag.py
[2024-05-05T18:39:34.336+0000] {logging_mixin.py:188} INFO - [2024-05-05T18:39:34.336+0000] {dag.py:3096} INFO - Sync 1 DAGs
[2024-05-05T18:39:34.346+0000] {logging_mixin.py:188} INFO - [2024-05-05T18:39:34.346+0000] {dag.py:3954} INFO - Setting next_dagrun for example_trigger_target_dag to None, run_after=None
[2024-05-05T18:39:34.361+0000] {processor.py:183} INFO - Processing /home/airflow/.local/lib/python3.12/site-packages/airflow/example_dags/example_trigger_target_dag.py took 0.052 seconds
[2024-05-05T18:40:04.720+0000] {processor.py:161} INFO - Started process (PID=287) to work on /home/airflow/.local/lib/python3.12/site-packages/airflow/example_dags/example_trigger_target_dag.py
[2024-05-05T18:40:04.720+0000] {processor.py:830} INFO - Processing file /home/airflow/.local/lib/python3.12/site-packages/airflow/example_dags/example_trigger_target_dag.py for tasks to queue
[2024-05-05T18:40:04.722+0000] {logging_mixin.py:188} INFO - [2024-05-05T18:40:04.721+0000] {dagbag.py:540} INFO - Filling up the DagBag from /home/airflow/.local/lib/python3.12/site-packages/airflow/example_dags/example_trigger_target_dag.py
[2024-05-05T18:40:04.726+0000] {processor.py:840} INFO - DAG(s) 'example_trigger_target_dag' retrieved from /home/airflow/.local/lib/python3.12/site-packages/airflow/example_dags/example_trigger_target_dag.py
[2024-05-05T18:40:04.741+0000] {logging_mixin.py:188} INFO - [2024-05-05T18:40:04.741+0000] {dag.py:3096} INFO - Sync 1 DAGs
[2024-05-05T18:40:04.750+0000] {logging_mixin.py:188} INFO - [2024-05-05T18:40:04.750+0000] {dag.py:3954} INFO - Setting next_dagrun for example_trigger_target_dag to None, run_after=None
[2024-05-05T18:40:04.765+0000] {processor.py:183} INFO - Processing /home/airflow/.local/lib/python3.12/site-packages/airflow/example_dags/example_trigger_target_dag.py took 0.050 seconds
[2024-05-05T18:40:35.209+0000] {processor.py:161} INFO - Started process (PID=347) to work on /home/airflow/.local/lib/python3.12/site-packages/airflow/example_dags/example_trigger_target_dag.py
[2024-05-05T18:40:35.210+0000] {processor.py:830} INFO - Processing file /home/airflow/.local/lib/python3.12/site-packages/airflow/example_dags/example_trigger_target_dag.py for tasks to queue
[2024-05-05T18:40:35.211+0000] {logging_mixin.py:188} INFO - [2024-05-05T18:40:35.211+0000] {dagbag.py:540} INFO - Filling up the DagBag from /home/airflow/.local/lib/python3.12/site-packages/airflow/example_dags/example_trigger_target_dag.py
[2024-05-05T18:40:35.215+0000] {processor.py:840} INFO - DAG(s) 'example_trigger_target_dag' retrieved from /home/airflow/.local/lib/python3.12/site-packages/airflow/example_dags/example_trigger_target_dag.py
[2024-05-05T18:40:35.230+0000] {logging_mixin.py:188} INFO - [2024-05-05T18:40:35.229+0000] {dag.py:3096} INFO - Sync 1 DAGs
[2024-05-05T18:40:35.240+0000] {logging_mixin.py:188} INFO - [2024-05-05T18:40:35.240+0000] {dag.py:3954} INFO - Setting next_dagrun for example_trigger_target_dag to None, run_after=None
[2024-05-05T18:40:35.254+0000] {processor.py:183} INFO - Processing /home/airflow/.local/lib/python3.12/site-packages/airflow/example_dags/example_trigger_target_dag.py took 0.049 seconds
[2024-05-05T18:49:29.817+0000] {processor.py:161} INFO - Started process (PID=89) to work on /home/airflow/.local/lib/python3.12/site-packages/airflow/example_dags/example_trigger_target_dag.py
[2024-05-05T18:49:29.818+0000] {processor.py:830} INFO - Processing file /home/airflow/.local/lib/python3.12/site-packages/airflow/example_dags/example_trigger_target_dag.py for tasks to queue
[2024-05-05T18:49:29.819+0000] {logging_mixin.py:188} INFO - [2024-05-05T18:49:29.819+0000] {dagbag.py:540} INFO - Filling up the DagBag from /home/airflow/.local/lib/python3.12/site-packages/airflow/example_dags/example_trigger_target_dag.py
[2024-05-05T18:49:29.824+0000] {processor.py:840} INFO - DAG(s) 'example_trigger_target_dag' retrieved from /home/airflow/.local/lib/python3.12/site-packages/airflow/example_dags/example_trigger_target_dag.py
[2024-05-05T18:49:29.834+0000] {logging_mixin.py:188} INFO - [2024-05-05T18:49:29.833+0000] {dag.py:3096} INFO - Sync 1 DAGs
[2024-05-05T18:49:29.845+0000] {logging_mixin.py:188} INFO - [2024-05-05T18:49:29.845+0000] {dag.py:3954} INFO - Setting next_dagrun for example_trigger_target_dag to None, run_after=None
[2024-05-05T18:49:29.861+0000] {processor.py:183} INFO - Processing /home/airflow/.local/lib/python3.12/site-packages/airflow/example_dags/example_trigger_target_dag.py took 0.049 seconds
[2024-05-05T18:50:02.469+0000] {processor.py:161} INFO - Started process (PID=149) to work on /home/airflow/.local/lib/python3.12/site-packages/airflow/example_dags/example_trigger_target_dag.py
[2024-05-05T18:50:02.469+0000] {processor.py:830} INFO - Processing file /home/airflow/.local/lib/python3.12/site-packages/airflow/example_dags/example_trigger_target_dag.py for tasks to queue
[2024-05-05T18:50:02.471+0000] {logging_mixin.py:188} INFO - [2024-05-05T18:50:02.471+0000] {dagbag.py:540} INFO - Filling up the DagBag from /home/airflow/.local/lib/python3.12/site-packages/airflow/example_dags/example_trigger_target_dag.py
[2024-05-05T18:50:02.476+0000] {processor.py:840} INFO - DAG(s) 'example_trigger_target_dag' retrieved from /home/airflow/.local/lib/python3.12/site-packages/airflow/example_dags/example_trigger_target_dag.py
[2024-05-05T18:50:02.561+0000] {logging_mixin.py:188} INFO - [2024-05-05T18:50:02.561+0000] {dag.py:3096} INFO - Sync 1 DAGs
[2024-05-05T18:50:02.571+0000] {logging_mixin.py:188} INFO - [2024-05-05T18:50:02.571+0000] {dag.py:3954} INFO - Setting next_dagrun for example_trigger_target_dag to None, run_after=None
[2024-05-05T18:50:02.587+0000] {processor.py:183} INFO - Processing /home/airflow/.local/lib/python3.12/site-packages/airflow/example_dags/example_trigger_target_dag.py took 0.124 seconds
[2024-05-05T18:50:33.357+0000] {processor.py:161} INFO - Started process (PID=209) to work on /home/airflow/.local/lib/python3.12/site-packages/airflow/example_dags/example_trigger_target_dag.py
[2024-05-05T18:50:33.358+0000] {processor.py:830} INFO - Processing file /home/airflow/.local/lib/python3.12/site-packages/airflow/example_dags/example_trigger_target_dag.py for tasks to queue
[2024-05-05T18:50:33.359+0000] {logging_mixin.py:188} INFO - [2024-05-05T18:50:33.359+0000] {dagbag.py:540} INFO - Filling up the DagBag from /home/airflow/.local/lib/python3.12/site-packages/airflow/example_dags/example_trigger_target_dag.py
[2024-05-05T18:50:33.364+0000] {processor.py:840} INFO - DAG(s) 'example_trigger_target_dag' retrieved from /home/airflow/.local/lib/python3.12/site-packages/airflow/example_dags/example_trigger_target_dag.py
[2024-05-05T18:50:33.379+0000] {logging_mixin.py:188} INFO - [2024-05-05T18:50:33.379+0000] {dag.py:3096} INFO - Sync 1 DAGs
[2024-05-05T18:50:33.389+0000] {logging_mixin.py:188} INFO - [2024-05-05T18:50:33.388+0000] {dag.py:3954} INFO - Setting next_dagrun for example_trigger_target_dag to None, run_after=None
[2024-05-05T18:50:33.404+0000] {processor.py:183} INFO - Processing /home/airflow/.local/lib/python3.12/site-packages/airflow/example_dags/example_trigger_target_dag.py took 0.051 seconds
[2024-05-05T18:51:03.653+0000] {processor.py:161} INFO - Started process (PID=273) to work on /home/airflow/.local/lib/python3.12/site-packages/airflow/example_dags/example_trigger_target_dag.py
[2024-05-05T18:51:03.654+0000] {processor.py:830} INFO - Processing file /home/airflow/.local/lib/python3.12/site-packages/airflow/example_dags/example_trigger_target_dag.py for tasks to queue
[2024-05-05T18:51:03.656+0000] {logging_mixin.py:188} INFO - [2024-05-05T18:51:03.655+0000] {dagbag.py:540} INFO - Filling up the DagBag from /home/airflow/.local/lib/python3.12/site-packages/airflow/example_dags/example_trigger_target_dag.py
[2024-05-05T18:51:03.661+0000] {processor.py:840} INFO - DAG(s) 'example_trigger_target_dag' retrieved from /home/airflow/.local/lib/python3.12/site-packages/airflow/example_dags/example_trigger_target_dag.py
[2024-05-05T18:51:03.674+0000] {logging_mixin.py:188} INFO - [2024-05-05T18:51:03.674+0000] {dag.py:3096} INFO - Sync 1 DAGs
[2024-05-05T18:51:03.684+0000] {logging_mixin.py:188} INFO - [2024-05-05T18:51:03.683+0000] {dag.py:3954} INFO - Setting next_dagrun for example_trigger_target_dag to None, run_after=None
[2024-05-05T18:51:03.698+0000] {processor.py:183} INFO - Processing /home/airflow/.local/lib/python3.12/site-packages/airflow/example_dags/example_trigger_target_dag.py took 0.049 seconds
[2024-05-05T18:51:34.011+0000] {processor.py:161} INFO - Started process (PID=333) to work on /home/airflow/.local/lib/python3.12/site-packages/airflow/example_dags/example_trigger_target_dag.py
[2024-05-05T18:51:34.012+0000] {processor.py:830} INFO - Processing file /home/airflow/.local/lib/python3.12/site-packages/airflow/example_dags/example_trigger_target_dag.py for tasks to queue
[2024-05-05T18:51:34.013+0000] {logging_mixin.py:188} INFO - [2024-05-05T18:51:34.013+0000] {dagbag.py:540} INFO - Filling up the DagBag from /home/airflow/.local/lib/python3.12/site-packages/airflow/example_dags/example_trigger_target_dag.py
[2024-05-05T18:51:34.017+0000] {processor.py:840} INFO - DAG(s) 'example_trigger_target_dag' retrieved from /home/airflow/.local/lib/python3.12/site-packages/airflow/example_dags/example_trigger_target_dag.py
[2024-05-05T18:51:34.031+0000] {logging_mixin.py:188} INFO - [2024-05-05T18:51:34.031+0000] {dag.py:3096} INFO - Sync 1 DAGs
[2024-05-05T18:51:34.041+0000] {logging_mixin.py:188} INFO - [2024-05-05T18:51:34.040+0000] {dag.py:3954} INFO - Setting next_dagrun for example_trigger_target_dag to None, run_after=None
[2024-05-05T18:51:34.055+0000] {processor.py:183} INFO - Processing /home/airflow/.local/lib/python3.12/site-packages/airflow/example_dags/example_trigger_target_dag.py took 0.049 seconds
