[2024-05-05T18:35:47.477+0000] {processor.py:161} INFO - Started process (PID=59) to work on /home/airflow/.local/lib/python3.12/site-packages/airflow/example_dags/example_python_operator.py
[2024-05-05T18:35:47.477+0000] {processor.py:830} INFO - Processing file /home/airflow/.local/lib/python3.12/site-packages/airflow/example_dags/example_python_operator.py for tasks to queue
[2024-05-05T18:35:47.479+0000] {logging_mixin.py:188} INFO - [2024-05-05T18:35:47.479+0000] {dagbag.py:540} INFO - Filling up the DagBag from /home/airflow/.local/lib/python3.12/site-packages/airflow/example_dags/example_python_operator.py
[2024-05-05T18:35:47.489+0000] {processor.py:840} INFO - DAG(s) 'example_python_operator' retrieved from /home/airflow/.local/lib/python3.12/site-packages/airflow/example_dags/example_python_operator.py
[2024-05-05T18:35:47.649+0000] {logging_mixin.py:188} INFO - [2024-05-05T18:35:47.648+0000] {override.py:1829} INFO - Created Permission View: can edit on DAG:example_python_operator
[2024-05-05T18:35:47.673+0000] {logging_mixin.py:188} INFO - [2024-05-05T18:35:47.672+0000] {override.py:1829} INFO - Created Permission View: can delete on DAG:example_python_operator
[2024-05-05T18:35:47.688+0000] {logging_mixin.py:188} INFO - [2024-05-05T18:35:47.687+0000] {override.py:1829} INFO - Created Permission View: can read on DAG:example_python_operator
[2024-05-05T18:35:47.688+0000] {logging_mixin.py:188} INFO - [2024-05-05T18:35:47.688+0000] {dag.py:3096} INFO - Sync 1 DAGs
[2024-05-05T18:35:47.699+0000] {logging_mixin.py:188} INFO - [2024-05-05T18:35:47.698+0000] {dag.py:3118} INFO - Creating ORM DAG for example_python_operator
[2024-05-05T18:35:47.699+0000] {logging_mixin.py:188} INFO - [2024-05-05T18:35:47.699+0000] {dag.py:3954} INFO - Setting next_dagrun for example_python_operator to None, run_after=None
[2024-05-05T18:35:47.721+0000] {processor.py:183} INFO - Processing /home/airflow/.local/lib/python3.12/site-packages/airflow/example_dags/example_python_operator.py took 0.249 seconds
[2024-05-05T18:36:18.387+0000] {processor.py:161} INFO - Started process (PID=117) to work on /home/airflow/.local/lib/python3.12/site-packages/airflow/example_dags/example_python_operator.py
[2024-05-05T18:36:18.388+0000] {processor.py:830} INFO - Processing file /home/airflow/.local/lib/python3.12/site-packages/airflow/example_dags/example_python_operator.py for tasks to queue
[2024-05-05T18:36:18.389+0000] {logging_mixin.py:188} INFO - [2024-05-05T18:36:18.389+0000] {dagbag.py:540} INFO - Filling up the DagBag from /home/airflow/.local/lib/python3.12/site-packages/airflow/example_dags/example_python_operator.py
[2024-05-05T18:36:18.398+0000] {processor.py:840} INFO - DAG(s) 'example_python_operator' retrieved from /home/airflow/.local/lib/python3.12/site-packages/airflow/example_dags/example_python_operator.py
[2024-05-05T18:36:18.420+0000] {logging_mixin.py:188} INFO - [2024-05-05T18:36:18.420+0000] {dag.py:3096} INFO - Sync 1 DAGs
[2024-05-05T18:36:18.432+0000] {logging_mixin.py:188} INFO - [2024-05-05T18:36:18.432+0000] {dag.py:3954} INFO - Setting next_dagrun for example_python_operator to None, run_after=None
[2024-05-05T18:36:18.450+0000] {processor.py:183} INFO - Processing /home/airflow/.local/lib/python3.12/site-packages/airflow/example_dags/example_python_operator.py took 0.069 seconds
[2024-05-05T18:36:48.585+0000] {processor.py:161} INFO - Started process (PID=175) to work on /home/airflow/.local/lib/python3.12/site-packages/airflow/example_dags/example_python_operator.py
[2024-05-05T18:36:48.586+0000] {processor.py:830} INFO - Processing file /home/airflow/.local/lib/python3.12/site-packages/airflow/example_dags/example_python_operator.py for tasks to queue
[2024-05-05T18:36:48.587+0000] {logging_mixin.py:188} INFO - [2024-05-05T18:36:48.587+0000] {dagbag.py:540} INFO - Filling up the DagBag from /home/airflow/.local/lib/python3.12/site-packages/airflow/example_dags/example_python_operator.py
[2024-05-05T18:36:48.594+0000] {processor.py:840} INFO - DAG(s) 'example_python_operator' retrieved from /home/airflow/.local/lib/python3.12/site-packages/airflow/example_dags/example_python_operator.py
[2024-05-05T18:36:48.610+0000] {logging_mixin.py:188} INFO - [2024-05-05T18:36:48.610+0000] {dag.py:3096} INFO - Sync 1 DAGs
[2024-05-05T18:36:48.619+0000] {logging_mixin.py:188} INFO - [2024-05-05T18:36:48.619+0000] {dag.py:3954} INFO - Setting next_dagrun for example_python_operator to None, run_after=None
[2024-05-05T18:36:48.631+0000] {processor.py:183} INFO - Processing /home/airflow/.local/lib/python3.12/site-packages/airflow/example_dags/example_python_operator.py took 0.050 seconds
[2024-05-05T18:37:18.715+0000] {processor.py:161} INFO - Started process (PID=233) to work on /home/airflow/.local/lib/python3.12/site-packages/airflow/example_dags/example_python_operator.py
[2024-05-05T18:37:18.716+0000] {processor.py:830} INFO - Processing file /home/airflow/.local/lib/python3.12/site-packages/airflow/example_dags/example_python_operator.py for tasks to queue
[2024-05-05T18:37:18.718+0000] {logging_mixin.py:188} INFO - [2024-05-05T18:37:18.717+0000] {dagbag.py:540} INFO - Filling up the DagBag from /home/airflow/.local/lib/python3.12/site-packages/airflow/example_dags/example_python_operator.py
[2024-05-05T18:37:18.725+0000] {processor.py:840} INFO - DAG(s) 'example_python_operator' retrieved from /home/airflow/.local/lib/python3.12/site-packages/airflow/example_dags/example_python_operator.py
[2024-05-05T18:37:18.743+0000] {logging_mixin.py:188} INFO - [2024-05-05T18:37:18.742+0000] {dag.py:3096} INFO - Sync 1 DAGs
[2024-05-05T18:37:18.753+0000] {logging_mixin.py:188} INFO - [2024-05-05T18:37:18.753+0000] {dag.py:3954} INFO - Setting next_dagrun for example_python_operator to None, run_after=None
[2024-05-05T18:37:18.767+0000] {processor.py:183} INFO - Processing /home/airflow/.local/lib/python3.12/site-packages/airflow/example_dags/example_python_operator.py took 0.056 seconds
[2024-05-05T18:38:30.688+0000] {processor.py:161} INFO - Started process (PID=62) to work on /home/airflow/.local/lib/python3.12/site-packages/airflow/example_dags/example_python_operator.py
[2024-05-05T18:38:30.689+0000] {processor.py:830} INFO - Processing file /home/airflow/.local/lib/python3.12/site-packages/airflow/example_dags/example_python_operator.py for tasks to queue
[2024-05-05T18:38:30.690+0000] {logging_mixin.py:188} INFO - [2024-05-05T18:38:30.690+0000] {dagbag.py:540} INFO - Filling up the DagBag from /home/airflow/.local/lib/python3.12/site-packages/airflow/example_dags/example_python_operator.py
[2024-05-05T18:38:30.700+0000] {processor.py:840} INFO - DAG(s) 'example_python_operator' retrieved from /home/airflow/.local/lib/python3.12/site-packages/airflow/example_dags/example_python_operator.py
[2024-05-05T18:38:30.711+0000] {logging_mixin.py:188} INFO - [2024-05-05T18:38:30.711+0000] {dag.py:3096} INFO - Sync 1 DAGs
[2024-05-05T18:38:30.729+0000] {logging_mixin.py:188} INFO - [2024-05-05T18:38:30.728+0000] {dag.py:3954} INFO - Setting next_dagrun for example_python_operator to None, run_after=None
[2024-05-05T18:38:30.750+0000] {processor.py:183} INFO - Processing /home/airflow/.local/lib/python3.12/site-packages/airflow/example_dags/example_python_operator.py took 0.067 seconds
[2024-05-05T18:39:01.632+0000] {processor.py:161} INFO - Started process (PID=132) to work on /home/airflow/.local/lib/python3.12/site-packages/airflow/example_dags/example_python_operator.py
[2024-05-05T18:39:01.633+0000] {processor.py:830} INFO - Processing file /home/airflow/.local/lib/python3.12/site-packages/airflow/example_dags/example_python_operator.py for tasks to queue
[2024-05-05T18:39:01.634+0000] {logging_mixin.py:188} INFO - [2024-05-05T18:39:01.634+0000] {dagbag.py:540} INFO - Filling up the DagBag from /home/airflow/.local/lib/python3.12/site-packages/airflow/example_dags/example_python_operator.py
[2024-05-05T18:39:01.643+0000] {processor.py:840} INFO - DAG(s) 'example_python_operator' retrieved from /home/airflow/.local/lib/python3.12/site-packages/airflow/example_dags/example_python_operator.py
[2024-05-05T18:39:01.724+0000] {logging_mixin.py:188} INFO - [2024-05-05T18:39:01.724+0000] {dag.py:3096} INFO - Sync 1 DAGs
[2024-05-05T18:39:01.732+0000] {logging_mixin.py:188} INFO - [2024-05-05T18:39:01.732+0000] {dag.py:3954} INFO - Setting next_dagrun for example_python_operator to None, run_after=None
[2024-05-05T18:39:01.750+0000] {processor.py:183} INFO - Processing /home/airflow/.local/lib/python3.12/site-packages/airflow/example_dags/example_python_operator.py took 0.124 seconds
[2024-05-05T18:39:32.019+0000] {processor.py:161} INFO - Started process (PID=200) to work on /home/airflow/.local/lib/python3.12/site-packages/airflow/example_dags/example_python_operator.py
[2024-05-05T18:39:32.019+0000] {processor.py:830} INFO - Processing file /home/airflow/.local/lib/python3.12/site-packages/airflow/example_dags/example_python_operator.py for tasks to queue
[2024-05-05T18:39:32.021+0000] {logging_mixin.py:188} INFO - [2024-05-05T18:39:32.021+0000] {dagbag.py:540} INFO - Filling up the DagBag from /home/airflow/.local/lib/python3.12/site-packages/airflow/example_dags/example_python_operator.py
[2024-05-05T18:39:32.031+0000] {processor.py:840} INFO - DAG(s) 'example_python_operator' retrieved from /home/airflow/.local/lib/python3.12/site-packages/airflow/example_dags/example_python_operator.py
[2024-05-05T18:39:32.051+0000] {logging_mixin.py:188} INFO - [2024-05-05T18:39:32.050+0000] {dag.py:3096} INFO - Sync 1 DAGs
[2024-05-05T18:39:32.061+0000] {logging_mixin.py:188} INFO - [2024-05-05T18:39:32.061+0000] {dag.py:3954} INFO - Setting next_dagrun for example_python_operator to None, run_after=None
[2024-05-05T18:39:32.080+0000] {processor.py:183} INFO - Processing /home/airflow/.local/lib/python3.12/site-packages/airflow/example_dags/example_python_operator.py took 0.066 seconds
[2024-05-05T18:40:02.567+0000] {processor.py:161} INFO - Started process (PID=260) to work on /home/airflow/.local/lib/python3.12/site-packages/airflow/example_dags/example_python_operator.py
[2024-05-05T18:40:02.568+0000] {processor.py:830} INFO - Processing file /home/airflow/.local/lib/python3.12/site-packages/airflow/example_dags/example_python_operator.py for tasks to queue
[2024-05-05T18:40:02.569+0000] {logging_mixin.py:188} INFO - [2024-05-05T18:40:02.569+0000] {dagbag.py:540} INFO - Filling up the DagBag from /home/airflow/.local/lib/python3.12/site-packages/airflow/example_dags/example_python_operator.py
[2024-05-05T18:40:02.578+0000] {processor.py:840} INFO - DAG(s) 'example_python_operator' retrieved from /home/airflow/.local/lib/python3.12/site-packages/airflow/example_dags/example_python_operator.py
[2024-05-05T18:40:02.597+0000] {logging_mixin.py:188} INFO - [2024-05-05T18:40:02.597+0000] {dag.py:3096} INFO - Sync 1 DAGs
[2024-05-05T18:40:02.606+0000] {logging_mixin.py:188} INFO - [2024-05-05T18:40:02.606+0000] {dag.py:3954} INFO - Setting next_dagrun for example_python_operator to None, run_after=None
[2024-05-05T18:40:02.622+0000] {processor.py:183} INFO - Processing /home/airflow/.local/lib/python3.12/site-packages/airflow/example_dags/example_python_operator.py took 0.060 seconds
[2024-05-05T18:40:32.822+0000] {processor.py:161} INFO - Started process (PID=320) to work on /home/airflow/.local/lib/python3.12/site-packages/airflow/example_dags/example_python_operator.py
[2024-05-05T18:40:32.823+0000] {processor.py:830} INFO - Processing file /home/airflow/.local/lib/python3.12/site-packages/airflow/example_dags/example_python_operator.py for tasks to queue
[2024-05-05T18:40:32.825+0000] {logging_mixin.py:188} INFO - [2024-05-05T18:40:32.824+0000] {dagbag.py:540} INFO - Filling up the DagBag from /home/airflow/.local/lib/python3.12/site-packages/airflow/example_dags/example_python_operator.py
[2024-05-05T18:40:32.833+0000] {processor.py:840} INFO - DAG(s) 'example_python_operator' retrieved from /home/airflow/.local/lib/python3.12/site-packages/airflow/example_dags/example_python_operator.py
[2024-05-05T18:40:32.854+0000] {logging_mixin.py:188} INFO - [2024-05-05T18:40:32.854+0000] {dag.py:3096} INFO - Sync 1 DAGs
[2024-05-05T18:40:32.865+0000] {logging_mixin.py:188} INFO - [2024-05-05T18:40:32.864+0000] {dag.py:3954} INFO - Setting next_dagrun for example_python_operator to None, run_after=None
[2024-05-05T18:40:32.883+0000] {processor.py:183} INFO - Processing /home/airflow/.local/lib/python3.12/site-packages/airflow/example_dags/example_python_operator.py took 0.065 seconds
[2024-05-05T18:49:28.606+0000] {processor.py:161} INFO - Started process (PID=62) to work on /home/airflow/.local/lib/python3.12/site-packages/airflow/example_dags/example_python_operator.py
[2024-05-05T18:49:28.607+0000] {processor.py:830} INFO - Processing file /home/airflow/.local/lib/python3.12/site-packages/airflow/example_dags/example_python_operator.py for tasks to queue
[2024-05-05T18:49:28.608+0000] {logging_mixin.py:188} INFO - [2024-05-05T18:49:28.608+0000] {dagbag.py:540} INFO - Filling up the DagBag from /home/airflow/.local/lib/python3.12/site-packages/airflow/example_dags/example_python_operator.py
[2024-05-05T18:49:28.617+0000] {processor.py:840} INFO - DAG(s) 'example_python_operator' retrieved from /home/airflow/.local/lib/python3.12/site-packages/airflow/example_dags/example_python_operator.py
[2024-05-05T18:49:28.628+0000] {logging_mixin.py:188} INFO - [2024-05-05T18:49:28.628+0000] {dag.py:3096} INFO - Sync 1 DAGs
[2024-05-05T18:49:28.641+0000] {logging_mixin.py:188} INFO - [2024-05-05T18:49:28.641+0000] {dag.py:3954} INFO - Setting next_dagrun for example_python_operator to None, run_after=None
[2024-05-05T18:49:28.664+0000] {processor.py:183} INFO - Processing /home/airflow/.local/lib/python3.12/site-packages/airflow/example_dags/example_python_operator.py took 0.063 seconds
[2024-05-05T18:50:00.337+0000] {processor.py:161} INFO - Started process (PID=122) to work on /home/airflow/.local/lib/python3.12/site-packages/airflow/example_dags/example_python_operator.py
[2024-05-05T18:50:00.338+0000] {processor.py:830} INFO - Processing file /home/airflow/.local/lib/python3.12/site-packages/airflow/example_dags/example_python_operator.py for tasks to queue
[2024-05-05T18:50:00.339+0000] {logging_mixin.py:188} INFO - [2024-05-05T18:50:00.339+0000] {dagbag.py:540} INFO - Filling up the DagBag from /home/airflow/.local/lib/python3.12/site-packages/airflow/example_dags/example_python_operator.py
[2024-05-05T18:50:00.348+0000] {processor.py:840} INFO - DAG(s) 'example_python_operator' retrieved from /home/airflow/.local/lib/python3.12/site-packages/airflow/example_dags/example_python_operator.py
[2024-05-05T18:50:00.452+0000] {logging_mixin.py:188} INFO - [2024-05-05T18:50:00.452+0000] {dag.py:3096} INFO - Sync 1 DAGs
[2024-05-05T18:50:00.463+0000] {logging_mixin.py:188} INFO - [2024-05-05T18:50:00.463+0000] {dag.py:3954} INFO - Setting next_dagrun for example_python_operator to None, run_after=None
[2024-05-05T18:50:00.486+0000] {processor.py:183} INFO - Processing /home/airflow/.local/lib/python3.12/site-packages/airflow/example_dags/example_python_operator.py took 0.154 seconds
[2024-05-05T18:50:31.109+0000] {processor.py:161} INFO - Started process (PID=182) to work on /home/airflow/.local/lib/python3.12/site-packages/airflow/example_dags/example_python_operator.py
[2024-05-05T18:50:31.110+0000] {processor.py:830} INFO - Processing file /home/airflow/.local/lib/python3.12/site-packages/airflow/example_dags/example_python_operator.py for tasks to queue
[2024-05-05T18:50:31.112+0000] {logging_mixin.py:188} INFO - [2024-05-05T18:50:31.112+0000] {dagbag.py:540} INFO - Filling up the DagBag from /home/airflow/.local/lib/python3.12/site-packages/airflow/example_dags/example_python_operator.py
[2024-05-05T18:50:31.121+0000] {processor.py:840} INFO - DAG(s) 'example_python_operator' retrieved from /home/airflow/.local/lib/python3.12/site-packages/airflow/example_dags/example_python_operator.py
[2024-05-05T18:50:31.140+0000] {logging_mixin.py:188} INFO - [2024-05-05T18:50:31.140+0000] {dag.py:3096} INFO - Sync 1 DAGs
[2024-05-05T18:50:31.151+0000] {logging_mixin.py:188} INFO - [2024-05-05T18:50:31.151+0000] {dag.py:3954} INFO - Setting next_dagrun for example_python_operator to None, run_after=None
[2024-05-05T18:50:31.169+0000] {processor.py:183} INFO - Processing /home/airflow/.local/lib/python3.12/site-packages/airflow/example_dags/example_python_operator.py took 0.066 seconds
[2024-05-05T18:51:01.557+0000] {processor.py:161} INFO - Started process (PID=246) to work on /home/airflow/.local/lib/python3.12/site-packages/airflow/example_dags/example_python_operator.py
[2024-05-05T18:51:01.558+0000] {processor.py:830} INFO - Processing file /home/airflow/.local/lib/python3.12/site-packages/airflow/example_dags/example_python_operator.py for tasks to queue
[2024-05-05T18:51:01.560+0000] {logging_mixin.py:188} INFO - [2024-05-05T18:51:01.559+0000] {dagbag.py:540} INFO - Filling up the DagBag from /home/airflow/.local/lib/python3.12/site-packages/airflow/example_dags/example_python_operator.py
[2024-05-05T18:51:01.569+0000] {processor.py:840} INFO - DAG(s) 'example_python_operator' retrieved from /home/airflow/.local/lib/python3.12/site-packages/airflow/example_dags/example_python_operator.py
[2024-05-05T18:51:01.587+0000] {logging_mixin.py:188} INFO - [2024-05-05T18:51:01.587+0000] {dag.py:3096} INFO - Sync 1 DAGs
[2024-05-05T18:51:01.597+0000] {logging_mixin.py:188} INFO - [2024-05-05T18:51:01.597+0000] {dag.py:3954} INFO - Setting next_dagrun for example_python_operator to None, run_after=None
[2024-05-05T18:51:01.612+0000] {processor.py:183} INFO - Processing /home/airflow/.local/lib/python3.12/site-packages/airflow/example_dags/example_python_operator.py took 0.060 seconds
[2024-05-05T18:51:31.857+0000] {processor.py:161} INFO - Started process (PID=306) to work on /home/airflow/.local/lib/python3.12/site-packages/airflow/example_dags/example_python_operator.py
[2024-05-05T18:51:31.858+0000] {processor.py:830} INFO - Processing file /home/airflow/.local/lib/python3.12/site-packages/airflow/example_dags/example_python_operator.py for tasks to queue
[2024-05-05T18:51:31.859+0000] {logging_mixin.py:188} INFO - [2024-05-05T18:51:31.859+0000] {dagbag.py:540} INFO - Filling up the DagBag from /home/airflow/.local/lib/python3.12/site-packages/airflow/example_dags/example_python_operator.py
[2024-05-05T18:51:31.867+0000] {processor.py:840} INFO - DAG(s) 'example_python_operator' retrieved from /home/airflow/.local/lib/python3.12/site-packages/airflow/example_dags/example_python_operator.py
[2024-05-05T18:51:31.884+0000] {logging_mixin.py:188} INFO - [2024-05-05T18:51:31.884+0000] {dag.py:3096} INFO - Sync 1 DAGs
[2024-05-05T18:51:31.894+0000] {logging_mixin.py:188} INFO - [2024-05-05T18:51:31.893+0000] {dag.py:3954} INFO - Setting next_dagrun for example_python_operator to None, run_after=None
[2024-05-05T18:51:31.909+0000] {processor.py:183} INFO - Processing /home/airflow/.local/lib/python3.12/site-packages/airflow/example_dags/example_python_operator.py took 0.057 seconds
