[2024-05-05T18:35:48.071+0000] {processor.py:161} INFO - Started process (PID=64) to work on /home/airflow/.local/lib/python3.12/site-packages/airflow/example_dags/example_task_group.py
[2024-05-05T18:35:48.072+0000] {processor.py:830} INFO - Processing file /home/airflow/.local/lib/python3.12/site-packages/airflow/example_dags/example_task_group.py for tasks to queue
[2024-05-05T18:35:48.074+0000] {logging_mixin.py:188} INFO - [2024-05-05T18:35:48.074+0000] {dagbag.py:540} INFO - Filling up the DagBag from /home/airflow/.local/lib/python3.12/site-packages/airflow/example_dags/example_task_group.py
[2024-05-05T18:35:48.082+0000] {processor.py:840} INFO - DAG(s) 'example_task_group' retrieved from /home/airflow/.local/lib/python3.12/site-packages/airflow/example_dags/example_task_group.py
[2024-05-05T18:35:48.196+0000] {logging_mixin.py:188} INFO - [2024-05-05T18:35:48.195+0000] {override.py:1829} INFO - Created Permission View: can edit on DAG:example_task_group
[2024-05-05T18:35:48.207+0000] {logging_mixin.py:188} INFO - [2024-05-05T18:35:48.207+0000] {override.py:1829} INFO - Created Permission View: can delete on DAG:example_task_group
[2024-05-05T18:35:48.215+0000] {logging_mixin.py:188} INFO - [2024-05-05T18:35:48.215+0000] {override.py:1829} INFO - Created Permission View: can read on DAG:example_task_group
[2024-05-05T18:35:48.215+0000] {logging_mixin.py:188} INFO - [2024-05-05T18:35:48.215+0000] {dag.py:3096} INFO - Sync 1 DAGs
[2024-05-05T18:35:48.225+0000] {logging_mixin.py:188} INFO - [2024-05-05T18:35:48.225+0000] {dag.py:3118} INFO - Creating ORM DAG for example_task_group
[2024-05-05T18:35:48.234+0000] {logging_mixin.py:188} INFO - [2024-05-05T18:35:48.233+0000] {dag.py:3954} INFO - Setting next_dagrun for example_task_group to 2024-05-04 00:00:00+00:00, run_after=2024-05-05 00:00:00+00:00
[2024-05-05T18:35:48.248+0000] {processor.py:183} INFO - Processing /home/airflow/.local/lib/python3.12/site-packages/airflow/example_dags/example_task_group.py took 0.182 seconds
[2024-05-05T18:36:18.614+0000] {processor.py:161} INFO - Started process (PID=122) to work on /home/airflow/.local/lib/python3.12/site-packages/airflow/example_dags/example_task_group.py
[2024-05-05T18:36:18.615+0000] {processor.py:830} INFO - Processing file /home/airflow/.local/lib/python3.12/site-packages/airflow/example_dags/example_task_group.py for tasks to queue
[2024-05-05T18:36:18.616+0000] {logging_mixin.py:188} INFO - [2024-05-05T18:36:18.616+0000] {dagbag.py:540} INFO - Filling up the DagBag from /home/airflow/.local/lib/python3.12/site-packages/airflow/example_dags/example_task_group.py
[2024-05-05T18:36:18.622+0000] {processor.py:840} INFO - DAG(s) 'example_task_group' retrieved from /home/airflow/.local/lib/python3.12/site-packages/airflow/example_dags/example_task_group.py
[2024-05-05T18:36:18.641+0000] {logging_mixin.py:188} INFO - [2024-05-05T18:36:18.641+0000] {dag.py:3096} INFO - Sync 1 DAGs
[2024-05-05T18:36:18.659+0000] {logging_mixin.py:188} INFO - [2024-05-05T18:36:18.659+0000] {dag.py:3954} INFO - Setting next_dagrun for example_task_group to 2024-05-04 00:00:00+00:00, run_after=2024-05-05 00:00:00+00:00
[2024-05-05T18:36:18.675+0000] {processor.py:183} INFO - Processing /home/airflow/.local/lib/python3.12/site-packages/airflow/example_dags/example_task_group.py took 0.067 seconds
[2024-05-05T18:36:48.773+0000] {processor.py:161} INFO - Started process (PID=180) to work on /home/airflow/.local/lib/python3.12/site-packages/airflow/example_dags/example_task_group.py
[2024-05-05T18:36:48.774+0000] {processor.py:830} INFO - Processing file /home/airflow/.local/lib/python3.12/site-packages/airflow/example_dags/example_task_group.py for tasks to queue
[2024-05-05T18:36:48.775+0000] {logging_mixin.py:188} INFO - [2024-05-05T18:36:48.775+0000] {dagbag.py:540} INFO - Filling up the DagBag from /home/airflow/.local/lib/python3.12/site-packages/airflow/example_dags/example_task_group.py
[2024-05-05T18:36:48.780+0000] {processor.py:840} INFO - DAG(s) 'example_task_group' retrieved from /home/airflow/.local/lib/python3.12/site-packages/airflow/example_dags/example_task_group.py
[2024-05-05T18:36:48.796+0000] {logging_mixin.py:188} INFO - [2024-05-05T18:36:48.795+0000] {dag.py:3096} INFO - Sync 1 DAGs
[2024-05-05T18:36:48.810+0000] {logging_mixin.py:188} INFO - [2024-05-05T18:36:48.810+0000] {dag.py:3954} INFO - Setting next_dagrun for example_task_group to 2024-05-04 00:00:00+00:00, run_after=2024-05-05 00:00:00+00:00
[2024-05-05T18:36:48.824+0000] {processor.py:183} INFO - Processing /home/airflow/.local/lib/python3.12/site-packages/airflow/example_dags/example_task_group.py took 0.055 seconds
[2024-05-05T18:37:18.922+0000] {processor.py:161} INFO - Started process (PID=238) to work on /home/airflow/.local/lib/python3.12/site-packages/airflow/example_dags/example_task_group.py
[2024-05-05T18:37:18.923+0000] {processor.py:830} INFO - Processing file /home/airflow/.local/lib/python3.12/site-packages/airflow/example_dags/example_task_group.py for tasks to queue
[2024-05-05T18:37:18.925+0000] {logging_mixin.py:188} INFO - [2024-05-05T18:37:18.924+0000] {dagbag.py:540} INFO - Filling up the DagBag from /home/airflow/.local/lib/python3.12/site-packages/airflow/example_dags/example_task_group.py
[2024-05-05T18:37:18.930+0000] {processor.py:840} INFO - DAG(s) 'example_task_group' retrieved from /home/airflow/.local/lib/python3.12/site-packages/airflow/example_dags/example_task_group.py
[2024-05-05T18:37:18.946+0000] {logging_mixin.py:188} INFO - [2024-05-05T18:37:18.945+0000] {dag.py:3096} INFO - Sync 1 DAGs
[2024-05-05T18:37:18.962+0000] {logging_mixin.py:188} INFO - [2024-05-05T18:37:18.961+0000] {dag.py:3954} INFO - Setting next_dagrun for example_task_group to 2024-05-04 00:00:00+00:00, run_after=2024-05-05 00:00:00+00:00
[2024-05-05T18:37:18.975+0000] {processor.py:183} INFO - Processing /home/airflow/.local/lib/python3.12/site-packages/airflow/example_dags/example_task_group.py took 0.057 seconds
[2024-05-05T18:38:31.000+0000] {processor.py:161} INFO - Started process (PID=67) to work on /home/airflow/.local/lib/python3.12/site-packages/airflow/example_dags/example_task_group.py
[2024-05-05T18:38:31.001+0000] {processor.py:830} INFO - Processing file /home/airflow/.local/lib/python3.12/site-packages/airflow/example_dags/example_task_group.py for tasks to queue
[2024-05-05T18:38:31.005+0000] {logging_mixin.py:188} INFO - [2024-05-05T18:38:31.004+0000] {dagbag.py:540} INFO - Filling up the DagBag from /home/airflow/.local/lib/python3.12/site-packages/airflow/example_dags/example_task_group.py
[2024-05-05T18:38:31.013+0000] {processor.py:840} INFO - DAG(s) 'example_task_group' retrieved from /home/airflow/.local/lib/python3.12/site-packages/airflow/example_dags/example_task_group.py
[2024-05-05T18:38:31.028+0000] {logging_mixin.py:188} INFO - [2024-05-05T18:38:31.027+0000] {dag.py:3096} INFO - Sync 1 DAGs
[2024-05-05T18:38:31.055+0000] {logging_mixin.py:188} INFO - [2024-05-05T18:38:31.055+0000] {dag.py:3954} INFO - Setting next_dagrun for example_task_group to 2024-05-04 00:00:00+00:00, run_after=2024-05-05 00:00:00+00:00
[2024-05-05T18:38:31.077+0000] {processor.py:183} INFO - Processing /home/airflow/.local/lib/python3.12/site-packages/airflow/example_dags/example_task_group.py took 0.085 seconds
[2024-05-05T18:39:01.960+0000] {processor.py:161} INFO - Started process (PID=137) to work on /home/airflow/.local/lib/python3.12/site-packages/airflow/example_dags/example_task_group.py
[2024-05-05T18:39:01.961+0000] {processor.py:830} INFO - Processing file /home/airflow/.local/lib/python3.12/site-packages/airflow/example_dags/example_task_group.py for tasks to queue
[2024-05-05T18:39:01.963+0000] {logging_mixin.py:188} INFO - [2024-05-05T18:39:01.962+0000] {dagbag.py:540} INFO - Filling up the DagBag from /home/airflow/.local/lib/python3.12/site-packages/airflow/example_dags/example_task_group.py
[2024-05-05T18:39:01.969+0000] {processor.py:840} INFO - DAG(s) 'example_task_group' retrieved from /home/airflow/.local/lib/python3.12/site-packages/airflow/example_dags/example_task_group.py
[2024-05-05T18:39:02.052+0000] {logging_mixin.py:188} INFO - [2024-05-05T18:39:02.052+0000] {dag.py:3096} INFO - Sync 1 DAGs
[2024-05-05T18:39:02.071+0000] {logging_mixin.py:188} INFO - [2024-05-05T18:39:02.071+0000] {dag.py:3954} INFO - Setting next_dagrun for example_task_group to 2024-05-04 00:00:00+00:00, run_after=2024-05-05 00:00:00+00:00
[2024-05-05T18:39:02.091+0000] {processor.py:183} INFO - Processing /home/airflow/.local/lib/python3.12/site-packages/airflow/example_dags/example_task_group.py took 0.136 seconds
[2024-05-05T18:39:32.250+0000] {processor.py:161} INFO - Started process (PID=205) to work on /home/airflow/.local/lib/python3.12/site-packages/airflow/example_dags/example_task_group.py
[2024-05-05T18:39:32.251+0000] {processor.py:830} INFO - Processing file /home/airflow/.local/lib/python3.12/site-packages/airflow/example_dags/example_task_group.py for tasks to queue
[2024-05-05T18:39:32.253+0000] {logging_mixin.py:188} INFO - [2024-05-05T18:39:32.252+0000] {dagbag.py:540} INFO - Filling up the DagBag from /home/airflow/.local/lib/python3.12/site-packages/airflow/example_dags/example_task_group.py
[2024-05-05T18:39:32.259+0000] {processor.py:840} INFO - DAG(s) 'example_task_group' retrieved from /home/airflow/.local/lib/python3.12/site-packages/airflow/example_dags/example_task_group.py
[2024-05-05T18:39:32.278+0000] {logging_mixin.py:188} INFO - [2024-05-05T18:39:32.278+0000] {dag.py:3096} INFO - Sync 1 DAGs
[2024-05-05T18:39:32.298+0000] {logging_mixin.py:188} INFO - [2024-05-05T18:39:32.298+0000] {dag.py:3954} INFO - Setting next_dagrun for example_task_group to 2024-05-04 00:00:00+00:00, run_after=2024-05-05 00:00:00+00:00
[2024-05-05T18:39:32.316+0000] {processor.py:183} INFO - Processing /home/airflow/.local/lib/python3.12/site-packages/airflow/example_dags/example_task_group.py took 0.071 seconds
[2024-05-05T18:40:02.785+0000] {processor.py:161} INFO - Started process (PID=265) to work on /home/airflow/.local/lib/python3.12/site-packages/airflow/example_dags/example_task_group.py
[2024-05-05T18:40:02.786+0000] {processor.py:830} INFO - Processing file /home/airflow/.local/lib/python3.12/site-packages/airflow/example_dags/example_task_group.py for tasks to queue
[2024-05-05T18:40:02.787+0000] {logging_mixin.py:188} INFO - [2024-05-05T18:40:02.787+0000] {dagbag.py:540} INFO - Filling up the DagBag from /home/airflow/.local/lib/python3.12/site-packages/airflow/example_dags/example_task_group.py
[2024-05-05T18:40:02.793+0000] {processor.py:840} INFO - DAG(s) 'example_task_group' retrieved from /home/airflow/.local/lib/python3.12/site-packages/airflow/example_dags/example_task_group.py
[2024-05-05T18:40:02.811+0000] {logging_mixin.py:188} INFO - [2024-05-05T18:40:02.810+0000] {dag.py:3096} INFO - Sync 1 DAGs
[2024-05-05T18:40:02.827+0000] {logging_mixin.py:188} INFO - [2024-05-05T18:40:02.827+0000] {dag.py:3954} INFO - Setting next_dagrun for example_task_group to 2024-05-04 00:00:00+00:00, run_after=2024-05-05 00:00:00+00:00
[2024-05-05T18:40:02.843+0000] {processor.py:183} INFO - Processing /home/airflow/.local/lib/python3.12/site-packages/airflow/example_dags/example_task_group.py took 0.063 seconds
[2024-05-05T18:40:33.160+0000] {processor.py:161} INFO - Started process (PID=325) to work on /home/airflow/.local/lib/python3.12/site-packages/airflow/example_dags/example_task_group.py
[2024-05-05T18:40:33.161+0000] {processor.py:830} INFO - Processing file /home/airflow/.local/lib/python3.12/site-packages/airflow/example_dags/example_task_group.py for tasks to queue
[2024-05-05T18:40:33.163+0000] {logging_mixin.py:188} INFO - [2024-05-05T18:40:33.162+0000] {dagbag.py:540} INFO - Filling up the DagBag from /home/airflow/.local/lib/python3.12/site-packages/airflow/example_dags/example_task_group.py
[2024-05-05T18:40:33.168+0000] {processor.py:840} INFO - DAG(s) 'example_task_group' retrieved from /home/airflow/.local/lib/python3.12/site-packages/airflow/example_dags/example_task_group.py
[2024-05-05T18:40:33.187+0000] {logging_mixin.py:188} INFO - [2024-05-05T18:40:33.186+0000] {dag.py:3096} INFO - Sync 1 DAGs
[2024-05-05T18:40:33.206+0000] {logging_mixin.py:188} INFO - [2024-05-05T18:40:33.205+0000] {dag.py:3954} INFO - Setting next_dagrun for example_task_group to 2024-05-04 00:00:00+00:00, run_after=2024-05-05 00:00:00+00:00
[2024-05-05T18:40:33.221+0000] {processor.py:183} INFO - Processing /home/airflow/.local/lib/python3.12/site-packages/airflow/example_dags/example_task_group.py took 0.066 seconds
[2024-05-05T18:49:28.926+0000] {processor.py:161} INFO - Started process (PID=67) to work on /home/airflow/.local/lib/python3.12/site-packages/airflow/example_dags/example_task_group.py
[2024-05-05T18:49:28.928+0000] {processor.py:830} INFO - Processing file /home/airflow/.local/lib/python3.12/site-packages/airflow/example_dags/example_task_group.py for tasks to queue
[2024-05-05T18:49:28.929+0000] {logging_mixin.py:188} INFO - [2024-05-05T18:49:28.929+0000] {dagbag.py:540} INFO - Filling up the DagBag from /home/airflow/.local/lib/python3.12/site-packages/airflow/example_dags/example_task_group.py
[2024-05-05T18:49:28.939+0000] {processor.py:840} INFO - DAG(s) 'example_task_group' retrieved from /home/airflow/.local/lib/python3.12/site-packages/airflow/example_dags/example_task_group.py
[2024-05-05T18:49:28.953+0000] {logging_mixin.py:188} INFO - [2024-05-05T18:49:28.952+0000] {dag.py:3096} INFO - Sync 1 DAGs
[2024-05-05T18:49:28.974+0000] {logging_mixin.py:188} INFO - [2024-05-05T18:49:28.974+0000] {dag.py:3954} INFO - Setting next_dagrun for example_task_group to 2024-05-04 00:00:00+00:00, run_after=2024-05-05 00:00:00+00:00
[2024-05-05T18:49:28.994+0000] {processor.py:183} INFO - Processing /home/airflow/.local/lib/python3.12/site-packages/airflow/example_dags/example_task_group.py took 0.074 seconds
[2024-05-05T18:50:00.773+0000] {processor.py:161} INFO - Started process (PID=127) to work on /home/airflow/.local/lib/python3.12/site-packages/airflow/example_dags/example_task_group.py
[2024-05-05T18:50:00.773+0000] {processor.py:830} INFO - Processing file /home/airflow/.local/lib/python3.12/site-packages/airflow/example_dags/example_task_group.py for tasks to queue
[2024-05-05T18:50:00.775+0000] {logging_mixin.py:188} INFO - [2024-05-05T18:50:00.775+0000] {dagbag.py:540} INFO - Filling up the DagBag from /home/airflow/.local/lib/python3.12/site-packages/airflow/example_dags/example_task_group.py
[2024-05-05T18:50:00.781+0000] {processor.py:840} INFO - DAG(s) 'example_task_group' retrieved from /home/airflow/.local/lib/python3.12/site-packages/airflow/example_dags/example_task_group.py
[2024-05-05T18:50:00.857+0000] {logging_mixin.py:188} INFO - [2024-05-05T18:50:00.857+0000] {dag.py:3096} INFO - Sync 1 DAGs
[2024-05-05T18:50:00.872+0000] {logging_mixin.py:188} INFO - [2024-05-05T18:50:00.872+0000] {dag.py:3954} INFO - Setting next_dagrun for example_task_group to 2024-05-04 00:00:00+00:00, run_after=2024-05-05 00:00:00+00:00
[2024-05-05T18:50:00.888+0000] {processor.py:183} INFO - Processing /home/airflow/.local/lib/python3.12/site-packages/airflow/example_dags/example_task_group.py took 0.119 seconds
[2024-05-05T18:50:31.346+0000] {processor.py:161} INFO - Started process (PID=187) to work on /home/airflow/.local/lib/python3.12/site-packages/airflow/example_dags/example_task_group.py
[2024-05-05T18:50:31.347+0000] {processor.py:830} INFO - Processing file /home/airflow/.local/lib/python3.12/site-packages/airflow/example_dags/example_task_group.py for tasks to queue
[2024-05-05T18:50:31.348+0000] {logging_mixin.py:188} INFO - [2024-05-05T18:50:31.348+0000] {dagbag.py:540} INFO - Filling up the DagBag from /home/airflow/.local/lib/python3.12/site-packages/airflow/example_dags/example_task_group.py
[2024-05-05T18:50:31.354+0000] {processor.py:840} INFO - DAG(s) 'example_task_group' retrieved from /home/airflow/.local/lib/python3.12/site-packages/airflow/example_dags/example_task_group.py
[2024-05-05T18:50:31.373+0000] {logging_mixin.py:188} INFO - [2024-05-05T18:50:31.372+0000] {dag.py:3096} INFO - Sync 1 DAGs
[2024-05-05T18:50:31.391+0000] {logging_mixin.py:188} INFO - [2024-05-05T18:50:31.391+0000] {dag.py:3954} INFO - Setting next_dagrun for example_task_group to 2024-05-04 00:00:00+00:00, run_after=2024-05-05 00:00:00+00:00
[2024-05-05T18:50:31.409+0000] {processor.py:183} INFO - Processing /home/airflow/.local/lib/python3.12/site-packages/airflow/example_dags/example_task_group.py took 0.068 seconds
[2024-05-05T18:51:01.748+0000] {processor.py:161} INFO - Started process (PID=251) to work on /home/airflow/.local/lib/python3.12/site-packages/airflow/example_dags/example_task_group.py
[2024-05-05T18:51:01.750+0000] {processor.py:830} INFO - Processing file /home/airflow/.local/lib/python3.12/site-packages/airflow/example_dags/example_task_group.py for tasks to queue
[2024-05-05T18:51:01.751+0000] {logging_mixin.py:188} INFO - [2024-05-05T18:51:01.751+0000] {dagbag.py:540} INFO - Filling up the DagBag from /home/airflow/.local/lib/python3.12/site-packages/airflow/example_dags/example_task_group.py
[2024-05-05T18:51:01.756+0000] {processor.py:840} INFO - DAG(s) 'example_task_group' retrieved from /home/airflow/.local/lib/python3.12/site-packages/airflow/example_dags/example_task_group.py
[2024-05-05T18:51:01.772+0000] {logging_mixin.py:188} INFO - [2024-05-05T18:51:01.772+0000] {dag.py:3096} INFO - Sync 1 DAGs
[2024-05-05T18:51:01.788+0000] {logging_mixin.py:188} INFO - [2024-05-05T18:51:01.788+0000] {dag.py:3954} INFO - Setting next_dagrun for example_task_group to 2024-05-04 00:00:00+00:00, run_after=2024-05-05 00:00:00+00:00
[2024-05-05T18:51:01.802+0000] {processor.py:183} INFO - Processing /home/airflow/.local/lib/python3.12/site-packages/airflow/example_dags/example_task_group.py took 0.058 seconds
[2024-05-05T18:51:32.087+0000] {processor.py:161} INFO - Started process (PID=311) to work on /home/airflow/.local/lib/python3.12/site-packages/airflow/example_dags/example_task_group.py
[2024-05-05T18:51:32.088+0000] {processor.py:830} INFO - Processing file /home/airflow/.local/lib/python3.12/site-packages/airflow/example_dags/example_task_group.py for tasks to queue
[2024-05-05T18:51:32.089+0000] {logging_mixin.py:188} INFO - [2024-05-05T18:51:32.089+0000] {dagbag.py:540} INFO - Filling up the DagBag from /home/airflow/.local/lib/python3.12/site-packages/airflow/example_dags/example_task_group.py
[2024-05-05T18:51:32.095+0000] {processor.py:840} INFO - DAG(s) 'example_task_group' retrieved from /home/airflow/.local/lib/python3.12/site-packages/airflow/example_dags/example_task_group.py
[2024-05-05T18:51:32.111+0000] {logging_mixin.py:188} INFO - [2024-05-05T18:51:32.111+0000] {dag.py:3096} INFO - Sync 1 DAGs
[2024-05-05T18:51:32.128+0000] {logging_mixin.py:188} INFO - [2024-05-05T18:51:32.127+0000] {dag.py:3954} INFO - Setting next_dagrun for example_task_group to 2024-05-04 00:00:00+00:00, run_after=2024-05-05 00:00:00+00:00
[2024-05-05T18:51:32.142+0000] {processor.py:183} INFO - Processing /home/airflow/.local/lib/python3.12/site-packages/airflow/example_dags/example_task_group.py took 0.059 seconds
