[2024-05-05T18:35:49.243+0000] {processor.py:161} INFO - Started process (PID=75) to work on /home/airflow/.local/lib/python3.12/site-packages/airflow/example_dags/example_task_group_decorator.py
[2024-05-05T18:35:49.244+0000] {processor.py:830} INFO - Processing file /home/airflow/.local/lib/python3.12/site-packages/airflow/example_dags/example_task_group_decorator.py for tasks to queue
[2024-05-05T18:35:49.245+0000] {logging_mixin.py:188} INFO - [2024-05-05T18:35:49.245+0000] {dagbag.py:540} INFO - Filling up the DagBag from /home/airflow/.local/lib/python3.12/site-packages/airflow/example_dags/example_task_group_decorator.py
[2024-05-05T18:35:49.259+0000] {processor.py:840} INFO - DAG(s) 'example_task_group_decorator' retrieved from /home/airflow/.local/lib/python3.12/site-packages/airflow/example_dags/example_task_group_decorator.py
[2024-05-05T18:35:49.348+0000] {logging_mixin.py:188} INFO - [2024-05-05T18:35:49.348+0000] {override.py:1829} INFO - Created Permission View: can edit on DAG:example_task_group_decorator
[2024-05-05T18:35:49.357+0000] {logging_mixin.py:188} INFO - [2024-05-05T18:35:49.357+0000] {override.py:1829} INFO - Created Permission View: can delete on DAG:example_task_group_decorator
[2024-05-05T18:35:49.363+0000] {logging_mixin.py:188} INFO - [2024-05-05T18:35:49.362+0000] {override.py:1829} INFO - Created Permission View: can read on DAG:example_task_group_decorator
[2024-05-05T18:35:49.363+0000] {logging_mixin.py:188} INFO - [2024-05-05T18:35:49.363+0000] {dag.py:3096} INFO - Sync 1 DAGs
[2024-05-05T18:35:49.372+0000] {logging_mixin.py:188} INFO - [2024-05-05T18:35:49.372+0000] {dag.py:3118} INFO - Creating ORM DAG for example_task_group_decorator
[2024-05-05T18:35:49.380+0000] {logging_mixin.py:188} INFO - [2024-05-05T18:35:49.380+0000] {dag.py:3954} INFO - Setting next_dagrun for example_task_group_decorator to 2024-05-04 00:00:00+00:00, run_after=2024-05-05 00:00:00+00:00
[2024-05-05T18:35:49.395+0000] {processor.py:183} INFO - Processing /home/airflow/.local/lib/python3.12/site-packages/airflow/example_dags/example_task_group_decorator.py took 0.156 seconds
[2024-05-05T18:36:20.061+0000] {processor.py:161} INFO - Started process (PID=133) to work on /home/airflow/.local/lib/python3.12/site-packages/airflow/example_dags/example_task_group_decorator.py
[2024-05-05T18:36:20.062+0000] {processor.py:830} INFO - Processing file /home/airflow/.local/lib/python3.12/site-packages/airflow/example_dags/example_task_group_decorator.py for tasks to queue
[2024-05-05T18:36:20.064+0000] {logging_mixin.py:188} INFO - [2024-05-05T18:36:20.063+0000] {dagbag.py:540} INFO - Filling up the DagBag from /home/airflow/.local/lib/python3.12/site-packages/airflow/example_dags/example_task_group_decorator.py
[2024-05-05T18:36:20.074+0000] {processor.py:840} INFO - DAG(s) 'example_task_group_decorator' retrieved from /home/airflow/.local/lib/python3.12/site-packages/airflow/example_dags/example_task_group_decorator.py
[2024-05-05T18:36:20.094+0000] {logging_mixin.py:188} INFO - [2024-05-05T18:36:20.094+0000] {dag.py:3096} INFO - Sync 1 DAGs
[2024-05-05T18:36:20.110+0000] {logging_mixin.py:188} INFO - [2024-05-05T18:36:20.110+0000] {dag.py:3954} INFO - Setting next_dagrun for example_task_group_decorator to 2024-05-04 00:00:00+00:00, run_after=2024-05-05 00:00:00+00:00
[2024-05-05T18:36:20.125+0000] {processor.py:183} INFO - Processing /home/airflow/.local/lib/python3.12/site-packages/airflow/example_dags/example_task_group_decorator.py took 0.068 seconds
[2024-05-05T18:36:50.174+0000] {processor.py:161} INFO - Started process (PID=191) to work on /home/airflow/.local/lib/python3.12/site-packages/airflow/example_dags/example_task_group_decorator.py
[2024-05-05T18:36:50.175+0000] {processor.py:830} INFO - Processing file /home/airflow/.local/lib/python3.12/site-packages/airflow/example_dags/example_task_group_decorator.py for tasks to queue
[2024-05-05T18:36:50.176+0000] {logging_mixin.py:188} INFO - [2024-05-05T18:36:50.176+0000] {dagbag.py:540} INFO - Filling up the DagBag from /home/airflow/.local/lib/python3.12/site-packages/airflow/example_dags/example_task_group_decorator.py
[2024-05-05T18:36:50.187+0000] {processor.py:840} INFO - DAG(s) 'example_task_group_decorator' retrieved from /home/airflow/.local/lib/python3.12/site-packages/airflow/example_dags/example_task_group_decorator.py
[2024-05-05T18:36:50.204+0000] {logging_mixin.py:188} INFO - [2024-05-05T18:36:50.204+0000] {dag.py:3096} INFO - Sync 1 DAGs
[2024-05-05T18:36:50.218+0000] {logging_mixin.py:188} INFO - [2024-05-05T18:36:50.218+0000] {dag.py:3954} INFO - Setting next_dagrun for example_task_group_decorator to 2024-05-04 00:00:00+00:00, run_after=2024-05-05 00:00:00+00:00
[2024-05-05T18:36:50.231+0000] {processor.py:183} INFO - Processing /home/airflow/.local/lib/python3.12/site-packages/airflow/example_dags/example_task_group_decorator.py took 0.061 seconds
[2024-05-05T18:37:20.369+0000] {processor.py:161} INFO - Started process (PID=249) to work on /home/airflow/.local/lib/python3.12/site-packages/airflow/example_dags/example_task_group_decorator.py
[2024-05-05T18:37:20.369+0000] {processor.py:830} INFO - Processing file /home/airflow/.local/lib/python3.12/site-packages/airflow/example_dags/example_task_group_decorator.py for tasks to queue
[2024-05-05T18:37:20.371+0000] {logging_mixin.py:188} INFO - [2024-05-05T18:37:20.370+0000] {dagbag.py:540} INFO - Filling up the DagBag from /home/airflow/.local/lib/python3.12/site-packages/airflow/example_dags/example_task_group_decorator.py
[2024-05-05T18:37:20.382+0000] {processor.py:840} INFO - DAG(s) 'example_task_group_decorator' retrieved from /home/airflow/.local/lib/python3.12/site-packages/airflow/example_dags/example_task_group_decorator.py
[2024-05-05T18:37:20.401+0000] {logging_mixin.py:188} INFO - [2024-05-05T18:37:20.400+0000] {dag.py:3096} INFO - Sync 1 DAGs
[2024-05-05T18:37:20.417+0000] {logging_mixin.py:188} INFO - [2024-05-05T18:37:20.417+0000] {dag.py:3954} INFO - Setting next_dagrun for example_task_group_decorator to 2024-05-04 00:00:00+00:00, run_after=2024-05-05 00:00:00+00:00
[2024-05-05T18:37:20.433+0000] {processor.py:183} INFO - Processing /home/airflow/.local/lib/python3.12/site-packages/airflow/example_dags/example_task_group_decorator.py took 0.069 seconds
[2024-05-05T18:38:31.461+0000] {processor.py:161} INFO - Started process (PID=78) to work on /home/airflow/.local/lib/python3.12/site-packages/airflow/example_dags/example_task_group_decorator.py
[2024-05-05T18:38:31.462+0000] {processor.py:830} INFO - Processing file /home/airflow/.local/lib/python3.12/site-packages/airflow/example_dags/example_task_group_decorator.py for tasks to queue
[2024-05-05T18:38:31.464+0000] {logging_mixin.py:188} INFO - [2024-05-05T18:38:31.464+0000] {dagbag.py:540} INFO - Filling up the DagBag from /home/airflow/.local/lib/python3.12/site-packages/airflow/example_dags/example_task_group_decorator.py
[2024-05-05T18:38:31.477+0000] {processor.py:840} INFO - DAG(s) 'example_task_group_decorator' retrieved from /home/airflow/.local/lib/python3.12/site-packages/airflow/example_dags/example_task_group_decorator.py
[2024-05-05T18:38:31.488+0000] {logging_mixin.py:188} INFO - [2024-05-05T18:38:31.487+0000] {dag.py:3096} INFO - Sync 1 DAGs
[2024-05-05T18:38:31.511+0000] {logging_mixin.py:188} INFO - [2024-05-05T18:38:31.511+0000] {dag.py:3954} INFO - Setting next_dagrun for example_task_group_decorator to 2024-05-04 00:00:00+00:00, run_after=2024-05-05 00:00:00+00:00
[2024-05-05T18:38:31.528+0000] {processor.py:183} INFO - Processing /home/airflow/.local/lib/python3.12/site-packages/airflow/example_dags/example_task_group_decorator.py took 0.073 seconds
[2024-05-05T18:39:02.755+0000] {processor.py:161} INFO - Started process (PID=148) to work on /home/airflow/.local/lib/python3.12/site-packages/airflow/example_dags/example_task_group_decorator.py
[2024-05-05T18:39:02.756+0000] {processor.py:830} INFO - Processing file /home/airflow/.local/lib/python3.12/site-packages/airflow/example_dags/example_task_group_decorator.py for tasks to queue
[2024-05-05T18:39:02.758+0000] {logging_mixin.py:188} INFO - [2024-05-05T18:39:02.757+0000] {dagbag.py:540} INFO - Filling up the DagBag from /home/airflow/.local/lib/python3.12/site-packages/airflow/example_dags/example_task_group_decorator.py
[2024-05-05T18:39:02.770+0000] {processor.py:840} INFO - DAG(s) 'example_task_group_decorator' retrieved from /home/airflow/.local/lib/python3.12/site-packages/airflow/example_dags/example_task_group_decorator.py
[2024-05-05T18:39:02.857+0000] {logging_mixin.py:188} INFO - [2024-05-05T18:39:02.857+0000] {dag.py:3096} INFO - Sync 1 DAGs
[2024-05-05T18:39:02.877+0000] {logging_mixin.py:188} INFO - [2024-05-05T18:39:02.876+0000] {dag.py:3954} INFO - Setting next_dagrun for example_task_group_decorator to 2024-05-04 00:00:00+00:00, run_after=2024-05-05 00:00:00+00:00
[2024-05-05T18:39:02.893+0000] {processor.py:183} INFO - Processing /home/airflow/.local/lib/python3.12/site-packages/airflow/example_dags/example_task_group_decorator.py took 0.142 seconds
[2024-05-05T18:39:33.785+0000] {processor.py:161} INFO - Started process (PID=216) to work on /home/airflow/.local/lib/python3.12/site-packages/airflow/example_dags/example_task_group_decorator.py
[2024-05-05T18:39:33.786+0000] {processor.py:830} INFO - Processing file /home/airflow/.local/lib/python3.12/site-packages/airflow/example_dags/example_task_group_decorator.py for tasks to queue
[2024-05-05T18:39:33.787+0000] {logging_mixin.py:188} INFO - [2024-05-05T18:39:33.787+0000] {dagbag.py:540} INFO - Filling up the DagBag from /home/airflow/.local/lib/python3.12/site-packages/airflow/example_dags/example_task_group_decorator.py
[2024-05-05T18:39:33.797+0000] {processor.py:840} INFO - DAG(s) 'example_task_group_decorator' retrieved from /home/airflow/.local/lib/python3.12/site-packages/airflow/example_dags/example_task_group_decorator.py
[2024-05-05T18:39:33.816+0000] {logging_mixin.py:188} INFO - [2024-05-05T18:39:33.816+0000] {dag.py:3096} INFO - Sync 1 DAGs
[2024-05-05T18:39:33.832+0000] {logging_mixin.py:188} INFO - [2024-05-05T18:39:33.832+0000] {dag.py:3954} INFO - Setting next_dagrun for example_task_group_decorator to 2024-05-04 00:00:00+00:00, run_after=2024-05-05 00:00:00+00:00
[2024-05-05T18:39:33.845+0000] {processor.py:183} INFO - Processing /home/airflow/.local/lib/python3.12/site-packages/airflow/example_dags/example_task_group_decorator.py took 0.064 seconds
[2024-05-05T18:40:04.229+0000] {processor.py:161} INFO - Started process (PID=276) to work on /home/airflow/.local/lib/python3.12/site-packages/airflow/example_dags/example_task_group_decorator.py
[2024-05-05T18:40:04.230+0000] {processor.py:830} INFO - Processing file /home/airflow/.local/lib/python3.12/site-packages/airflow/example_dags/example_task_group_decorator.py for tasks to queue
[2024-05-05T18:40:04.232+0000] {logging_mixin.py:188} INFO - [2024-05-05T18:40:04.231+0000] {dagbag.py:540} INFO - Filling up the DagBag from /home/airflow/.local/lib/python3.12/site-packages/airflow/example_dags/example_task_group_decorator.py
[2024-05-05T18:40:04.241+0000] {processor.py:840} INFO - DAG(s) 'example_task_group_decorator' retrieved from /home/airflow/.local/lib/python3.12/site-packages/airflow/example_dags/example_task_group_decorator.py
[2024-05-05T18:40:04.261+0000] {logging_mixin.py:188} INFO - [2024-05-05T18:40:04.261+0000] {dag.py:3096} INFO - Sync 1 DAGs
[2024-05-05T18:40:04.276+0000] {logging_mixin.py:188} INFO - [2024-05-05T18:40:04.276+0000] {dag.py:3954} INFO - Setting next_dagrun for example_task_group_decorator to 2024-05-04 00:00:00+00:00, run_after=2024-05-05 00:00:00+00:00
[2024-05-05T18:40:04.291+0000] {processor.py:183} INFO - Processing /home/airflow/.local/lib/python3.12/site-packages/airflow/example_dags/example_task_group_decorator.py took 0.066 seconds
[2024-05-05T18:40:34.584+0000] {processor.py:161} INFO - Started process (PID=336) to work on /home/airflow/.local/lib/python3.12/site-packages/airflow/example_dags/example_task_group_decorator.py
[2024-05-05T18:40:34.585+0000] {processor.py:830} INFO - Processing file /home/airflow/.local/lib/python3.12/site-packages/airflow/example_dags/example_task_group_decorator.py for tasks to queue
[2024-05-05T18:40:34.586+0000] {logging_mixin.py:188} INFO - [2024-05-05T18:40:34.586+0000] {dagbag.py:540} INFO - Filling up the DagBag from /home/airflow/.local/lib/python3.12/site-packages/airflow/example_dags/example_task_group_decorator.py
[2024-05-05T18:40:34.597+0000] {processor.py:840} INFO - DAG(s) 'example_task_group_decorator' retrieved from /home/airflow/.local/lib/python3.12/site-packages/airflow/example_dags/example_task_group_decorator.py
[2024-05-05T18:40:34.616+0000] {logging_mixin.py:188} INFO - [2024-05-05T18:40:34.616+0000] {dag.py:3096} INFO - Sync 1 DAGs
[2024-05-05T18:40:34.632+0000] {logging_mixin.py:188} INFO - [2024-05-05T18:40:34.632+0000] {dag.py:3954} INFO - Setting next_dagrun for example_task_group_decorator to 2024-05-04 00:00:00+00:00, run_after=2024-05-05 00:00:00+00:00
[2024-05-05T18:40:34.647+0000] {processor.py:183} INFO - Processing /home/airflow/.local/lib/python3.12/site-packages/airflow/example_dags/example_task_group_decorator.py took 0.067 seconds
[2024-05-05T18:49:29.381+0000] {processor.py:161} INFO - Started process (PID=78) to work on /home/airflow/.local/lib/python3.12/site-packages/airflow/example_dags/example_task_group_decorator.py
[2024-05-05T18:49:29.382+0000] {processor.py:830} INFO - Processing file /home/airflow/.local/lib/python3.12/site-packages/airflow/example_dags/example_task_group_decorator.py for tasks to queue
[2024-05-05T18:49:29.384+0000] {logging_mixin.py:188} INFO - [2024-05-05T18:49:29.384+0000] {dagbag.py:540} INFO - Filling up the DagBag from /home/airflow/.local/lib/python3.12/site-packages/airflow/example_dags/example_task_group_decorator.py
[2024-05-05T18:49:29.397+0000] {processor.py:840} INFO - DAG(s) 'example_task_group_decorator' retrieved from /home/airflow/.local/lib/python3.12/site-packages/airflow/example_dags/example_task_group_decorator.py
[2024-05-05T18:49:29.407+0000] {logging_mixin.py:188} INFO - [2024-05-05T18:49:29.407+0000] {dag.py:3096} INFO - Sync 1 DAGs
[2024-05-05T18:49:29.428+0000] {logging_mixin.py:188} INFO - [2024-05-05T18:49:29.428+0000] {dag.py:3954} INFO - Setting next_dagrun for example_task_group_decorator to 2024-05-04 00:00:00+00:00, run_after=2024-05-05 00:00:00+00:00
[2024-05-05T18:49:29.447+0000] {processor.py:183} INFO - Processing /home/airflow/.local/lib/python3.12/site-packages/airflow/example_dags/example_task_group_decorator.py took 0.071 seconds
[2024-05-05T18:50:01.520+0000] {processor.py:161} INFO - Started process (PID=138) to work on /home/airflow/.local/lib/python3.12/site-packages/airflow/example_dags/example_task_group_decorator.py
[2024-05-05T18:50:01.521+0000] {processor.py:830} INFO - Processing file /home/airflow/.local/lib/python3.12/site-packages/airflow/example_dags/example_task_group_decorator.py for tasks to queue
[2024-05-05T18:50:01.523+0000] {logging_mixin.py:188} INFO - [2024-05-05T18:50:01.523+0000] {dagbag.py:540} INFO - Filling up the DagBag from /home/airflow/.local/lib/python3.12/site-packages/airflow/example_dags/example_task_group_decorator.py
[2024-05-05T18:50:01.533+0000] {processor.py:840} INFO - DAG(s) 'example_task_group_decorator' retrieved from /home/airflow/.local/lib/python3.12/site-packages/airflow/example_dags/example_task_group_decorator.py
[2024-05-05T18:50:01.620+0000] {logging_mixin.py:188} INFO - [2024-05-05T18:50:01.620+0000] {dag.py:3096} INFO - Sync 1 DAGs
[2024-05-05T18:50:01.639+0000] {logging_mixin.py:188} INFO - [2024-05-05T18:50:01.639+0000] {dag.py:3954} INFO - Setting next_dagrun for example_task_group_decorator to 2024-05-04 00:00:00+00:00, run_after=2024-05-05 00:00:00+00:00
[2024-05-05T18:50:01.657+0000] {processor.py:183} INFO - Processing /home/airflow/.local/lib/python3.12/site-packages/airflow/example_dags/example_task_group_decorator.py took 0.141 seconds
[2024-05-05T18:50:31.821+0000] {processor.py:161} INFO - Started process (PID=198) to work on /home/airflow/.local/lib/python3.12/site-packages/airflow/example_dags/example_task_group_decorator.py
[2024-05-05T18:50:31.822+0000] {processor.py:830} INFO - Processing file /home/airflow/.local/lib/python3.12/site-packages/airflow/example_dags/example_task_group_decorator.py for tasks to queue
[2024-05-05T18:50:31.823+0000] {logging_mixin.py:188} INFO - [2024-05-05T18:50:31.823+0000] {dagbag.py:540} INFO - Filling up the DagBag from /home/airflow/.local/lib/python3.12/site-packages/airflow/example_dags/example_task_group_decorator.py
[2024-05-05T18:50:31.836+0000] {processor.py:840} INFO - DAG(s) 'example_task_group_decorator' retrieved from /home/airflow/.local/lib/python3.12/site-packages/airflow/example_dags/example_task_group_decorator.py
[2024-05-05T18:50:31.857+0000] {logging_mixin.py:188} INFO - [2024-05-05T18:50:31.856+0000] {dag.py:3096} INFO - Sync 1 DAGs
[2024-05-05T18:50:31.876+0000] {logging_mixin.py:188} INFO - [2024-05-05T18:50:31.876+0000] {dag.py:3954} INFO - Setting next_dagrun for example_task_group_decorator to 2024-05-04 00:00:00+00:00, run_after=2024-05-05 00:00:00+00:00
[2024-05-05T18:50:31.897+0000] {processor.py:183} INFO - Processing /home/airflow/.local/lib/python3.12/site-packages/airflow/example_dags/example_task_group_decorator.py took 0.080 seconds
[2024-05-05T18:51:02.129+0000] {processor.py:161} INFO - Started process (PID=262) to work on /home/airflow/.local/lib/python3.12/site-packages/airflow/example_dags/example_task_group_decorator.py
[2024-05-05T18:51:02.129+0000] {processor.py:830} INFO - Processing file /home/airflow/.local/lib/python3.12/site-packages/airflow/example_dags/example_task_group_decorator.py for tasks to queue
[2024-05-05T18:51:02.131+0000] {logging_mixin.py:188} INFO - [2024-05-05T18:51:02.130+0000] {dagbag.py:540} INFO - Filling up the DagBag from /home/airflow/.local/lib/python3.12/site-packages/airflow/example_dags/example_task_group_decorator.py
[2024-05-05T18:51:02.142+0000] {processor.py:840} INFO - DAG(s) 'example_task_group_decorator' retrieved from /home/airflow/.local/lib/python3.12/site-packages/airflow/example_dags/example_task_group_decorator.py
[2024-05-05T18:51:02.161+0000] {logging_mixin.py:188} INFO - [2024-05-05T18:51:02.161+0000] {dag.py:3096} INFO - Sync 1 DAGs
[2024-05-05T18:51:02.181+0000] {logging_mixin.py:188} INFO - [2024-05-05T18:51:02.180+0000] {dag.py:3954} INFO - Setting next_dagrun for example_task_group_decorator to 2024-05-04 00:00:00+00:00, run_after=2024-05-05 00:00:00+00:00
[2024-05-05T18:51:02.198+0000] {processor.py:183} INFO - Processing /home/airflow/.local/lib/python3.12/site-packages/airflow/example_dags/example_task_group_decorator.py took 0.074 seconds
[2024-05-05T18:51:32.486+0000] {processor.py:161} INFO - Started process (PID=322) to work on /home/airflow/.local/lib/python3.12/site-packages/airflow/example_dags/example_task_group_decorator.py
[2024-05-05T18:51:32.486+0000] {processor.py:830} INFO - Processing file /home/airflow/.local/lib/python3.12/site-packages/airflow/example_dags/example_task_group_decorator.py for tasks to queue
[2024-05-05T18:51:32.488+0000] {logging_mixin.py:188} INFO - [2024-05-05T18:51:32.488+0000] {dagbag.py:540} INFO - Filling up the DagBag from /home/airflow/.local/lib/python3.12/site-packages/airflow/example_dags/example_task_group_decorator.py
[2024-05-05T18:51:32.499+0000] {processor.py:840} INFO - DAG(s) 'example_task_group_decorator' retrieved from /home/airflow/.local/lib/python3.12/site-packages/airflow/example_dags/example_task_group_decorator.py
[2024-05-05T18:51:32.518+0000] {logging_mixin.py:188} INFO - [2024-05-05T18:51:32.518+0000] {dag.py:3096} INFO - Sync 1 DAGs
[2024-05-05T18:51:32.534+0000] {logging_mixin.py:188} INFO - [2024-05-05T18:51:32.534+0000] {dag.py:3954} INFO - Setting next_dagrun for example_task_group_decorator to 2024-05-04 00:00:00+00:00, run_after=2024-05-05 00:00:00+00:00
[2024-05-05T18:51:32.549+0000] {processor.py:183} INFO - Processing /home/airflow/.local/lib/python3.12/site-packages/airflow/example_dags/example_task_group_decorator.py took 0.067 seconds
