[2024-05-05T18:35:49.900+0000] {processor.py:161} INFO - Started process (PID=82) to work on /home/airflow/.local/lib/python3.12/site-packages/airflow/example_dags/example_sensor_decorator.py
[2024-05-05T18:35:49.901+0000] {processor.py:830} INFO - Processing file /home/airflow/.local/lib/python3.12/site-packages/airflow/example_dags/example_sensor_decorator.py for tasks to queue
[2024-05-05T18:35:49.903+0000] {logging_mixin.py:188} INFO - [2024-05-05T18:35:49.903+0000] {dagbag.py:540} INFO - Filling up the DagBag from /home/airflow/.local/lib/python3.12/site-packages/airflow/example_dags/example_sensor_decorator.py
[2024-05-05T18:35:49.910+0000] {processor.py:840} INFO - DAG(s) 'example_sensor_decorator' retrieved from /home/airflow/.local/lib/python3.12/site-packages/airflow/example_dags/example_sensor_decorator.py
[2024-05-05T18:35:49.999+0000] {logging_mixin.py:188} INFO - [2024-05-05T18:35:49.999+0000] {override.py:1829} INFO - Created Permission View: can edit on DAG:example_sensor_decorator
[2024-05-05T18:35:50.008+0000] {logging_mixin.py:188} INFO - [2024-05-05T18:35:50.008+0000] {override.py:1829} INFO - Created Permission View: can delete on DAG:example_sensor_decorator
[2024-05-05T18:35:50.015+0000] {logging_mixin.py:188} INFO - [2024-05-05T18:35:50.015+0000] {override.py:1829} INFO - Created Permission View: can read on DAG:example_sensor_decorator
[2024-05-05T18:35:50.015+0000] {logging_mixin.py:188} INFO - [2024-05-05T18:35:50.015+0000] {dag.py:3096} INFO - Sync 1 DAGs
[2024-05-05T18:35:50.024+0000] {logging_mixin.py:188} INFO - [2024-05-05T18:35:50.024+0000] {dag.py:3118} INFO - Creating ORM DAG for example_sensor_decorator
[2024-05-05T18:35:50.025+0000] {logging_mixin.py:188} INFO - [2024-05-05T18:35:50.025+0000] {dag.py:3954} INFO - Setting next_dagrun for example_sensor_decorator to None, run_after=None
[2024-05-05T18:35:50.038+0000] {processor.py:183} INFO - Processing /home/airflow/.local/lib/python3.12/site-packages/airflow/example_dags/example_sensor_decorator.py took 0.143 seconds
[2024-05-05T18:36:20.454+0000] {processor.py:161} INFO - Started process (PID=140) to work on /home/airflow/.local/lib/python3.12/site-packages/airflow/example_dags/example_sensor_decorator.py
[2024-05-05T18:36:20.455+0000] {processor.py:830} INFO - Processing file /home/airflow/.local/lib/python3.12/site-packages/airflow/example_dags/example_sensor_decorator.py for tasks to queue
[2024-05-05T18:36:20.457+0000] {logging_mixin.py:188} INFO - [2024-05-05T18:36:20.457+0000] {dagbag.py:540} INFO - Filling up the DagBag from /home/airflow/.local/lib/python3.12/site-packages/airflow/example_dags/example_sensor_decorator.py
[2024-05-05T18:36:20.461+0000] {processor.py:840} INFO - DAG(s) 'example_sensor_decorator' retrieved from /home/airflow/.local/lib/python3.12/site-packages/airflow/example_dags/example_sensor_decorator.py
[2024-05-05T18:36:20.477+0000] {logging_mixin.py:188} INFO - [2024-05-05T18:36:20.476+0000] {dag.py:3096} INFO - Sync 1 DAGs
[2024-05-05T18:36:20.488+0000] {logging_mixin.py:188} INFO - [2024-05-05T18:36:20.488+0000] {dag.py:3954} INFO - Setting next_dagrun for example_sensor_decorator to None, run_after=None
[2024-05-05T18:36:20.504+0000] {processor.py:183} INFO - Processing /home/airflow/.local/lib/python3.12/site-packages/airflow/example_dags/example_sensor_decorator.py took 0.054 seconds
[2024-05-05T18:36:51.458+0000] {processor.py:161} INFO - Started process (PID=198) to work on /home/airflow/.local/lib/python3.12/site-packages/airflow/example_dags/example_sensor_decorator.py
[2024-05-05T18:36:51.459+0000] {processor.py:830} INFO - Processing file /home/airflow/.local/lib/python3.12/site-packages/airflow/example_dags/example_sensor_decorator.py for tasks to queue
[2024-05-05T18:36:51.461+0000] {logging_mixin.py:188} INFO - [2024-05-05T18:36:51.460+0000] {dagbag.py:540} INFO - Filling up the DagBag from /home/airflow/.local/lib/python3.12/site-packages/airflow/example_dags/example_sensor_decorator.py
[2024-05-05T18:36:51.465+0000] {processor.py:840} INFO - DAG(s) 'example_sensor_decorator' retrieved from /home/airflow/.local/lib/python3.12/site-packages/airflow/example_dags/example_sensor_decorator.py
[2024-05-05T18:36:51.480+0000] {logging_mixin.py:188} INFO - [2024-05-05T18:36:51.480+0000] {dag.py:3096} INFO - Sync 1 DAGs
[2024-05-05T18:36:51.489+0000] {logging_mixin.py:188} INFO - [2024-05-05T18:36:51.488+0000] {dag.py:3954} INFO - Setting next_dagrun for example_sensor_decorator to None, run_after=None
[2024-05-05T18:36:51.501+0000] {processor.py:183} INFO - Processing /home/airflow/.local/lib/python3.12/site-packages/airflow/example_dags/example_sensor_decorator.py took 0.048 seconds
[2024-05-05T18:37:21.600+0000] {processor.py:161} INFO - Started process (PID=255) to work on /home/airflow/.local/lib/python3.12/site-packages/airflow/example_dags/example_sensor_decorator.py
[2024-05-05T18:37:21.601+0000] {processor.py:830} INFO - Processing file /home/airflow/.local/lib/python3.12/site-packages/airflow/example_dags/example_sensor_decorator.py for tasks to queue
[2024-05-05T18:37:21.602+0000] {logging_mixin.py:188} INFO - [2024-05-05T18:37:21.602+0000] {dagbag.py:540} INFO - Filling up the DagBag from /home/airflow/.local/lib/python3.12/site-packages/airflow/example_dags/example_sensor_decorator.py
[2024-05-05T18:37:21.607+0000] {processor.py:840} INFO - DAG(s) 'example_sensor_decorator' retrieved from /home/airflow/.local/lib/python3.12/site-packages/airflow/example_dags/example_sensor_decorator.py
[2024-05-05T18:37:21.623+0000] {logging_mixin.py:188} INFO - [2024-05-05T18:37:21.622+0000] {dag.py:3096} INFO - Sync 1 DAGs
[2024-05-05T18:37:21.634+0000] {logging_mixin.py:188} INFO - [2024-05-05T18:37:21.634+0000] {dag.py:3954} INFO - Setting next_dagrun for example_sensor_decorator to None, run_after=None
[2024-05-05T18:37:21.650+0000] {processor.py:183} INFO - Processing /home/airflow/.local/lib/python3.12/site-packages/airflow/example_dags/example_sensor_decorator.py took 0.056 seconds
[2024-05-05T18:38:31.789+0000] {processor.py:161} INFO - Started process (PID=85) to work on /home/airflow/.local/lib/python3.12/site-packages/airflow/example_dags/example_sensor_decorator.py
[2024-05-05T18:38:31.790+0000] {processor.py:830} INFO - Processing file /home/airflow/.local/lib/python3.12/site-packages/airflow/example_dags/example_sensor_decorator.py for tasks to queue
[2024-05-05T18:38:31.791+0000] {logging_mixin.py:188} INFO - [2024-05-05T18:38:31.791+0000] {dagbag.py:540} INFO - Filling up the DagBag from /home/airflow/.local/lib/python3.12/site-packages/airflow/example_dags/example_sensor_decorator.py
[2024-05-05T18:38:31.797+0000] {processor.py:840} INFO - DAG(s) 'example_sensor_decorator' retrieved from /home/airflow/.local/lib/python3.12/site-packages/airflow/example_dags/example_sensor_decorator.py
[2024-05-05T18:38:31.806+0000] {logging_mixin.py:188} INFO - [2024-05-05T18:38:31.806+0000] {dag.py:3096} INFO - Sync 1 DAGs
[2024-05-05T18:38:31.819+0000] {logging_mixin.py:188} INFO - [2024-05-05T18:38:31.818+0000] {dag.py:3954} INFO - Setting next_dagrun for example_sensor_decorator to None, run_after=None
[2024-05-05T18:38:31.837+0000] {processor.py:183} INFO - Processing /home/airflow/.local/lib/python3.12/site-packages/airflow/example_dags/example_sensor_decorator.py took 0.054 seconds
[2024-05-05T18:39:03.339+0000] {processor.py:161} INFO - Started process (PID=155) to work on /home/airflow/.local/lib/python3.12/site-packages/airflow/example_dags/example_sensor_decorator.py
[2024-05-05T18:39:03.340+0000] {processor.py:830} INFO - Processing file /home/airflow/.local/lib/python3.12/site-packages/airflow/example_dags/example_sensor_decorator.py for tasks to queue
[2024-05-05T18:39:03.341+0000] {logging_mixin.py:188} INFO - [2024-05-05T18:39:03.341+0000] {dagbag.py:540} INFO - Filling up the DagBag from /home/airflow/.local/lib/python3.12/site-packages/airflow/example_dags/example_sensor_decorator.py
[2024-05-05T18:39:03.346+0000] {processor.py:840} INFO - DAG(s) 'example_sensor_decorator' retrieved from /home/airflow/.local/lib/python3.12/site-packages/airflow/example_dags/example_sensor_decorator.py
[2024-05-05T18:39:03.425+0000] {logging_mixin.py:188} INFO - [2024-05-05T18:39:03.425+0000] {dag.py:3096} INFO - Sync 1 DAGs
[2024-05-05T18:39:03.434+0000] {logging_mixin.py:188} INFO - [2024-05-05T18:39:03.433+0000] {dag.py:3954} INFO - Setting next_dagrun for example_sensor_decorator to None, run_after=None
[2024-05-05T18:39:03.449+0000] {processor.py:183} INFO - Processing /home/airflow/.local/lib/python3.12/site-packages/airflow/example_dags/example_sensor_decorator.py took 0.115 seconds
[2024-05-05T18:39:34.078+0000] {processor.py:161} INFO - Started process (PID=223) to work on /home/airflow/.local/lib/python3.12/site-packages/airflow/example_dags/example_sensor_decorator.py
[2024-05-05T18:39:34.079+0000] {processor.py:830} INFO - Processing file /home/airflow/.local/lib/python3.12/site-packages/airflow/example_dags/example_sensor_decorator.py for tasks to queue
[2024-05-05T18:39:34.081+0000] {logging_mixin.py:188} INFO - [2024-05-05T18:39:34.080+0000] {dagbag.py:540} INFO - Filling up the DagBag from /home/airflow/.local/lib/python3.12/site-packages/airflow/example_dags/example_sensor_decorator.py
[2024-05-05T18:39:34.085+0000] {processor.py:840} INFO - DAG(s) 'example_sensor_decorator' retrieved from /home/airflow/.local/lib/python3.12/site-packages/airflow/example_dags/example_sensor_decorator.py
[2024-05-05T18:39:34.100+0000] {logging_mixin.py:188} INFO - [2024-05-05T18:39:34.100+0000] {dag.py:3096} INFO - Sync 1 DAGs
[2024-05-05T18:39:34.109+0000] {logging_mixin.py:188} INFO - [2024-05-05T18:39:34.109+0000] {dag.py:3954} INFO - Setting next_dagrun for example_sensor_decorator to None, run_after=None
[2024-05-05T18:39:34.125+0000] {processor.py:183} INFO - Processing /home/airflow/.local/lib/python3.12/site-packages/airflow/example_dags/example_sensor_decorator.py took 0.053 seconds
[2024-05-05T18:40:04.589+0000] {processor.py:161} INFO - Started process (PID=283) to work on /home/airflow/.local/lib/python3.12/site-packages/airflow/example_dags/example_sensor_decorator.py
[2024-05-05T18:40:04.590+0000] {processor.py:830} INFO - Processing file /home/airflow/.local/lib/python3.12/site-packages/airflow/example_dags/example_sensor_decorator.py for tasks to queue
[2024-05-05T18:40:04.592+0000] {logging_mixin.py:188} INFO - [2024-05-05T18:40:04.591+0000] {dagbag.py:540} INFO - Filling up the DagBag from /home/airflow/.local/lib/python3.12/site-packages/airflow/example_dags/example_sensor_decorator.py
[2024-05-05T18:40:04.596+0000] {processor.py:840} INFO - DAG(s) 'example_sensor_decorator' retrieved from /home/airflow/.local/lib/python3.12/site-packages/airflow/example_dags/example_sensor_decorator.py
[2024-05-05T18:40:04.610+0000] {logging_mixin.py:188} INFO - [2024-05-05T18:40:04.610+0000] {dag.py:3096} INFO - Sync 1 DAGs
[2024-05-05T18:40:04.620+0000] {logging_mixin.py:188} INFO - [2024-05-05T18:40:04.619+0000] {dag.py:3954} INFO - Setting next_dagrun for example_sensor_decorator to None, run_after=None
[2024-05-05T18:40:04.635+0000] {processor.py:183} INFO - Processing /home/airflow/.local/lib/python3.12/site-packages/airflow/example_dags/example_sensor_decorator.py took 0.050 seconds
[2024-05-05T18:40:34.980+0000] {processor.py:161} INFO - Started process (PID=343) to work on /home/airflow/.local/lib/python3.12/site-packages/airflow/example_dags/example_sensor_decorator.py
[2024-05-05T18:40:34.981+0000] {processor.py:830} INFO - Processing file /home/airflow/.local/lib/python3.12/site-packages/airflow/example_dags/example_sensor_decorator.py for tasks to queue
[2024-05-05T18:40:34.983+0000] {logging_mixin.py:188} INFO - [2024-05-05T18:40:34.982+0000] {dagbag.py:540} INFO - Filling up the DagBag from /home/airflow/.local/lib/python3.12/site-packages/airflow/example_dags/example_sensor_decorator.py
[2024-05-05T18:40:34.987+0000] {processor.py:840} INFO - DAG(s) 'example_sensor_decorator' retrieved from /home/airflow/.local/lib/python3.12/site-packages/airflow/example_dags/example_sensor_decorator.py
[2024-05-05T18:40:35.004+0000] {logging_mixin.py:188} INFO - [2024-05-05T18:40:35.004+0000] {dag.py:3096} INFO - Sync 1 DAGs
[2024-05-05T18:40:35.015+0000] {logging_mixin.py:188} INFO - [2024-05-05T18:40:35.015+0000] {dag.py:3954} INFO - Setting next_dagrun for example_sensor_decorator to None, run_after=None
[2024-05-05T18:40:35.030+0000] {processor.py:183} INFO - Processing /home/airflow/.local/lib/python3.12/site-packages/airflow/example_dags/example_sensor_decorator.py took 0.055 seconds
[2024-05-05T18:49:29.693+0000] {processor.py:161} INFO - Started process (PID=85) to work on /home/airflow/.local/lib/python3.12/site-packages/airflow/example_dags/example_sensor_decorator.py
[2024-05-05T18:49:29.694+0000] {processor.py:830} INFO - Processing file /home/airflow/.local/lib/python3.12/site-packages/airflow/example_dags/example_sensor_decorator.py for tasks to queue
[2024-05-05T18:49:29.696+0000] {logging_mixin.py:188} INFO - [2024-05-05T18:49:29.695+0000] {dagbag.py:540} INFO - Filling up the DagBag from /home/airflow/.local/lib/python3.12/site-packages/airflow/example_dags/example_sensor_decorator.py
[2024-05-05T18:49:29.700+0000] {processor.py:840} INFO - DAG(s) 'example_sensor_decorator' retrieved from /home/airflow/.local/lib/python3.12/site-packages/airflow/example_dags/example_sensor_decorator.py
[2024-05-05T18:49:29.709+0000] {logging_mixin.py:188} INFO - [2024-05-05T18:49:29.709+0000] {dag.py:3096} INFO - Sync 1 DAGs
[2024-05-05T18:49:29.720+0000] {logging_mixin.py:188} INFO - [2024-05-05T18:49:29.719+0000] {dag.py:3954} INFO - Setting next_dagrun for example_sensor_decorator to None, run_after=None
[2024-05-05T18:49:29.735+0000] {processor.py:183} INFO - Processing /home/airflow/.local/lib/python3.12/site-packages/airflow/example_dags/example_sensor_decorator.py took 0.046 seconds
[2024-05-05T18:50:02.197+0000] {processor.py:161} INFO - Started process (PID=145) to work on /home/airflow/.local/lib/python3.12/site-packages/airflow/example_dags/example_sensor_decorator.py
[2024-05-05T18:50:02.198+0000] {processor.py:830} INFO - Processing file /home/airflow/.local/lib/python3.12/site-packages/airflow/example_dags/example_sensor_decorator.py for tasks to queue
[2024-05-05T18:50:02.199+0000] {logging_mixin.py:188} INFO - [2024-05-05T18:50:02.199+0000] {dagbag.py:540} INFO - Filling up the DagBag from /home/airflow/.local/lib/python3.12/site-packages/airflow/example_dags/example_sensor_decorator.py
[2024-05-05T18:50:02.205+0000] {processor.py:840} INFO - DAG(s) 'example_sensor_decorator' retrieved from /home/airflow/.local/lib/python3.12/site-packages/airflow/example_dags/example_sensor_decorator.py
[2024-05-05T18:50:02.286+0000] {logging_mixin.py:188} INFO - [2024-05-05T18:50:02.285+0000] {dag.py:3096} INFO - Sync 1 DAGs
[2024-05-05T18:50:02.294+0000] {logging_mixin.py:188} INFO - [2024-05-05T18:50:02.294+0000] {dag.py:3954} INFO - Setting next_dagrun for example_sensor_decorator to None, run_after=None
[2024-05-05T18:50:02.313+0000] {processor.py:183} INFO - Processing /home/airflow/.local/lib/python3.12/site-packages/airflow/example_dags/example_sensor_decorator.py took 0.120 seconds
[2024-05-05T18:50:33.146+0000] {processor.py:161} INFO - Started process (PID=205) to work on /home/airflow/.local/lib/python3.12/site-packages/airflow/example_dags/example_sensor_decorator.py
[2024-05-05T18:50:33.147+0000] {processor.py:830} INFO - Processing file /home/airflow/.local/lib/python3.12/site-packages/airflow/example_dags/example_sensor_decorator.py for tasks to queue
[2024-05-05T18:50:33.149+0000] {logging_mixin.py:188} INFO - [2024-05-05T18:50:33.148+0000] {dagbag.py:540} INFO - Filling up the DagBag from /home/airflow/.local/lib/python3.12/site-packages/airflow/example_dags/example_sensor_decorator.py
[2024-05-05T18:50:33.153+0000] {processor.py:840} INFO - DAG(s) 'example_sensor_decorator' retrieved from /home/airflow/.local/lib/python3.12/site-packages/airflow/example_dags/example_sensor_decorator.py
[2024-05-05T18:50:33.168+0000] {logging_mixin.py:188} INFO - [2024-05-05T18:50:33.168+0000] {dag.py:3096} INFO - Sync 1 DAGs
[2024-05-05T18:50:33.178+0000] {logging_mixin.py:188} INFO - [2024-05-05T18:50:33.177+0000] {dag.py:3954} INFO - Setting next_dagrun for example_sensor_decorator to None, run_after=None
[2024-05-05T18:50:33.192+0000] {processor.py:183} INFO - Processing /home/airflow/.local/lib/python3.12/site-packages/airflow/example_dags/example_sensor_decorator.py took 0.050 seconds
[2024-05-05T18:51:03.435+0000] {processor.py:161} INFO - Started process (PID=269) to work on /home/airflow/.local/lib/python3.12/site-packages/airflow/example_dags/example_sensor_decorator.py
[2024-05-05T18:51:03.436+0000] {processor.py:830} INFO - Processing file /home/airflow/.local/lib/python3.12/site-packages/airflow/example_dags/example_sensor_decorator.py for tasks to queue
[2024-05-05T18:51:03.438+0000] {logging_mixin.py:188} INFO - [2024-05-05T18:51:03.437+0000] {dagbag.py:540} INFO - Filling up the DagBag from /home/airflow/.local/lib/python3.12/site-packages/airflow/example_dags/example_sensor_decorator.py
[2024-05-05T18:51:03.442+0000] {processor.py:840} INFO - DAG(s) 'example_sensor_decorator' retrieved from /home/airflow/.local/lib/python3.12/site-packages/airflow/example_dags/example_sensor_decorator.py
[2024-05-05T18:51:03.457+0000] {logging_mixin.py:188} INFO - [2024-05-05T18:51:03.457+0000] {dag.py:3096} INFO - Sync 1 DAGs
[2024-05-05T18:51:03.466+0000] {logging_mixin.py:188} INFO - [2024-05-05T18:51:03.466+0000] {dag.py:3954} INFO - Setting next_dagrun for example_sensor_decorator to None, run_after=None
[2024-05-05T18:51:03.481+0000] {processor.py:183} INFO - Processing /home/airflow/.local/lib/python3.12/site-packages/airflow/example_dags/example_sensor_decorator.py took 0.050 seconds
[2024-05-05T18:51:33.799+0000] {processor.py:161} INFO - Started process (PID=329) to work on /home/airflow/.local/lib/python3.12/site-packages/airflow/example_dags/example_sensor_decorator.py
[2024-05-05T18:51:33.800+0000] {processor.py:830} INFO - Processing file /home/airflow/.local/lib/python3.12/site-packages/airflow/example_dags/example_sensor_decorator.py for tasks to queue
[2024-05-05T18:51:33.802+0000] {logging_mixin.py:188} INFO - [2024-05-05T18:51:33.802+0000] {dagbag.py:540} INFO - Filling up the DagBag from /home/airflow/.local/lib/python3.12/site-packages/airflow/example_dags/example_sensor_decorator.py
[2024-05-05T18:51:33.806+0000] {processor.py:840} INFO - DAG(s) 'example_sensor_decorator' retrieved from /home/airflow/.local/lib/python3.12/site-packages/airflow/example_dags/example_sensor_decorator.py
[2024-05-05T18:51:33.823+0000] {logging_mixin.py:188} INFO - [2024-05-05T18:51:33.823+0000] {dag.py:3096} INFO - Sync 1 DAGs
[2024-05-05T18:51:33.832+0000] {logging_mixin.py:188} INFO - [2024-05-05T18:51:33.832+0000] {dag.py:3954} INFO - Setting next_dagrun for example_sensor_decorator to None, run_after=None
[2024-05-05T18:51:33.847+0000] {processor.py:183} INFO - Processing /home/airflow/.local/lib/python3.12/site-packages/airflow/example_dags/example_sensor_decorator.py took 0.052 seconds
