[2024-05-05T18:35:46.870+0000] {processor.py:161} INFO - Started process (PID=52) to work on /home/airflow/.local/lib/python3.12/site-packages/airflow/example_dags/example_bash_operator.py
[2024-05-05T18:35:46.870+0000] {processor.py:830} INFO - Processing file /home/airflow/.local/lib/python3.12/site-packages/airflow/example_dags/example_bash_operator.py for tasks to queue
[2024-05-05T18:35:46.872+0000] {logging_mixin.py:188} INFO - [2024-05-05T18:35:46.871+0000] {dagbag.py:540} INFO - Filling up the DagBag from /home/airflow/.local/lib/python3.12/site-packages/airflow/example_dags/example_bash_operator.py
[2024-05-05T18:35:46.882+0000] {processor.py:840} INFO - DAG(s) 'example_bash_operator' retrieved from /home/airflow/.local/lib/python3.12/site-packages/airflow/example_dags/example_bash_operator.py
[2024-05-05T18:35:46.987+0000] {logging_mixin.py:188} INFO - [2024-05-05T18:35:46.986+0000] {override.py:1829} INFO - Created Permission View: can edit on DAG:example_bash_operator
[2024-05-05T18:35:46.996+0000] {logging_mixin.py:188} INFO - [2024-05-05T18:35:46.996+0000] {override.py:1829} INFO - Created Permission View: can delete on DAG:example_bash_operator
[2024-05-05T18:35:47.002+0000] {logging_mixin.py:188} INFO - [2024-05-05T18:35:47.001+0000] {override.py:1829} INFO - Created Permission View: can read on DAG:example_bash_operator
[2024-05-05T18:35:47.002+0000] {logging_mixin.py:188} INFO - [2024-05-05T18:35:47.002+0000] {dag.py:3096} INFO - Sync 1 DAGs
[2024-05-05T18:35:47.012+0000] {logging_mixin.py:188} INFO - [2024-05-05T18:35:47.012+0000] {dag.py:3118} INFO - Creating ORM DAG for example_bash_operator
[2024-05-05T18:35:47.022+0000] {logging_mixin.py:188} INFO - [2024-05-05T18:35:47.022+0000] {dag.py:3954} INFO - Setting next_dagrun for example_bash_operator to 2024-05-04 00:00:00+00:00, run_after=2024-05-05 00:00:00+00:00
[2024-05-05T18:35:47.038+0000] {processor.py:183} INFO - Processing /home/airflow/.local/lib/python3.12/site-packages/airflow/example_dags/example_bash_operator.py took 0.174 seconds
[2024-05-05T18:36:17.087+0000] {processor.py:161} INFO - Started process (PID=110) to work on /home/airflow/.local/lib/python3.12/site-packages/airflow/example_dags/example_bash_operator.py
[2024-05-05T18:36:17.088+0000] {processor.py:830} INFO - Processing file /home/airflow/.local/lib/python3.12/site-packages/airflow/example_dags/example_bash_operator.py for tasks to queue
[2024-05-05T18:36:17.089+0000] {logging_mixin.py:188} INFO - [2024-05-05T18:36:17.089+0000] {dagbag.py:540} INFO - Filling up the DagBag from /home/airflow/.local/lib/python3.12/site-packages/airflow/example_dags/example_bash_operator.py
[2024-05-05T18:36:17.098+0000] {processor.py:840} INFO - DAG(s) 'example_bash_operator' retrieved from /home/airflow/.local/lib/python3.12/site-packages/airflow/example_dags/example_bash_operator.py
[2024-05-05T18:36:17.119+0000] {logging_mixin.py:188} INFO - [2024-05-05T18:36:17.118+0000] {dag.py:3096} INFO - Sync 1 DAGs
[2024-05-05T18:36:17.138+0000] {logging_mixin.py:188} INFO - [2024-05-05T18:36:17.137+0000] {dag.py:3954} INFO - Setting next_dagrun for example_bash_operator to 2024-05-04 00:00:00+00:00, run_after=2024-05-05 00:00:00+00:00
[2024-05-05T18:36:17.152+0000] {processor.py:183} INFO - Processing /home/airflow/.local/lib/python3.12/site-packages/airflow/example_dags/example_bash_operator.py took 0.070 seconds
[2024-05-05T18:36:47.339+0000] {processor.py:161} INFO - Started process (PID=168) to work on /home/airflow/.local/lib/python3.12/site-packages/airflow/example_dags/example_bash_operator.py
[2024-05-05T18:36:47.340+0000] {processor.py:830} INFO - Processing file /home/airflow/.local/lib/python3.12/site-packages/airflow/example_dags/example_bash_operator.py for tasks to queue
[2024-05-05T18:36:47.341+0000] {logging_mixin.py:188} INFO - [2024-05-05T18:36:47.341+0000] {dagbag.py:540} INFO - Filling up the DagBag from /home/airflow/.local/lib/python3.12/site-packages/airflow/example_dags/example_bash_operator.py
[2024-05-05T18:36:47.349+0000] {processor.py:840} INFO - DAG(s) 'example_bash_operator' retrieved from /home/airflow/.local/lib/python3.12/site-packages/airflow/example_dags/example_bash_operator.py
[2024-05-05T18:36:47.369+0000] {logging_mixin.py:188} INFO - [2024-05-05T18:36:47.369+0000] {dag.py:3096} INFO - Sync 1 DAGs
[2024-05-05T18:36:47.385+0000] {logging_mixin.py:188} INFO - [2024-05-05T18:36:47.385+0000] {dag.py:3954} INFO - Setting next_dagrun for example_bash_operator to 2024-05-04 00:00:00+00:00, run_after=2024-05-05 00:00:00+00:00
[2024-05-05T18:36:47.399+0000] {processor.py:183} INFO - Processing /home/airflow/.local/lib/python3.12/site-packages/airflow/example_dags/example_bash_operator.py took 0.065 seconds
[2024-05-05T18:37:17.458+0000] {processor.py:161} INFO - Started process (PID=226) to work on /home/airflow/.local/lib/python3.12/site-packages/airflow/example_dags/example_bash_operator.py
[2024-05-05T18:37:17.459+0000] {processor.py:830} INFO - Processing file /home/airflow/.local/lib/python3.12/site-packages/airflow/example_dags/example_bash_operator.py for tasks to queue
[2024-05-05T18:37:17.460+0000] {logging_mixin.py:188} INFO - [2024-05-05T18:37:17.460+0000] {dagbag.py:540} INFO - Filling up the DagBag from /home/airflow/.local/lib/python3.12/site-packages/airflow/example_dags/example_bash_operator.py
[2024-05-05T18:37:17.468+0000] {processor.py:840} INFO - DAG(s) 'example_bash_operator' retrieved from /home/airflow/.local/lib/python3.12/site-packages/airflow/example_dags/example_bash_operator.py
[2024-05-05T18:37:17.488+0000] {logging_mixin.py:188} INFO - [2024-05-05T18:37:17.488+0000] {dag.py:3096} INFO - Sync 1 DAGs
[2024-05-05T18:37:17.505+0000] {logging_mixin.py:188} INFO - [2024-05-05T18:37:17.505+0000] {dag.py:3954} INFO - Setting next_dagrun for example_bash_operator to 2024-05-04 00:00:00+00:00, run_after=2024-05-05 00:00:00+00:00
[2024-05-05T18:37:17.520+0000] {processor.py:183} INFO - Processing /home/airflow/.local/lib/python3.12/site-packages/airflow/example_dags/example_bash_operator.py took 0.066 seconds
[2024-05-05T18:38:30.380+0000] {processor.py:161} INFO - Started process (PID=55) to work on /home/airflow/.local/lib/python3.12/site-packages/airflow/example_dags/example_bash_operator.py
[2024-05-05T18:38:30.381+0000] {processor.py:830} INFO - Processing file /home/airflow/.local/lib/python3.12/site-packages/airflow/example_dags/example_bash_operator.py for tasks to queue
[2024-05-05T18:38:30.384+0000] {logging_mixin.py:188} INFO - [2024-05-05T18:38:30.383+0000] {dagbag.py:540} INFO - Filling up the DagBag from /home/airflow/.local/lib/python3.12/site-packages/airflow/example_dags/example_bash_operator.py
[2024-05-05T18:38:30.396+0000] {processor.py:840} INFO - DAG(s) 'example_bash_operator' retrieved from /home/airflow/.local/lib/python3.12/site-packages/airflow/example_dags/example_bash_operator.py
[2024-05-05T18:38:30.407+0000] {logging_mixin.py:188} INFO - [2024-05-05T18:38:30.407+0000] {dag.py:3096} INFO - Sync 1 DAGs
[2024-05-05T18:38:30.431+0000] {logging_mixin.py:188} INFO - [2024-05-05T18:38:30.431+0000] {dag.py:3954} INFO - Setting next_dagrun for example_bash_operator to 2024-05-04 00:00:00+00:00, run_after=2024-05-05 00:00:00+00:00
[2024-05-05T18:38:30.450+0000] {processor.py:183} INFO - Processing /home/airflow/.local/lib/python3.12/site-packages/airflow/example_dags/example_bash_operator.py took 0.076 seconds
[2024-05-05T18:39:01.083+0000] {processor.py:161} INFO - Started process (PID=125) to work on /home/airflow/.local/lib/python3.12/site-packages/airflow/example_dags/example_bash_operator.py
[2024-05-05T18:39:01.084+0000] {processor.py:830} INFO - Processing file /home/airflow/.local/lib/python3.12/site-packages/airflow/example_dags/example_bash_operator.py for tasks to queue
[2024-05-05T18:39:01.085+0000] {logging_mixin.py:188} INFO - [2024-05-05T18:39:01.085+0000] {dagbag.py:540} INFO - Filling up the DagBag from /home/airflow/.local/lib/python3.12/site-packages/airflow/example_dags/example_bash_operator.py
[2024-05-05T18:39:01.095+0000] {processor.py:840} INFO - DAG(s) 'example_bash_operator' retrieved from /home/airflow/.local/lib/python3.12/site-packages/airflow/example_dags/example_bash_operator.py
[2024-05-05T18:39:01.179+0000] {logging_mixin.py:188} INFO - [2024-05-05T18:39:01.179+0000] {dag.py:3096} INFO - Sync 1 DAGs
[2024-05-05T18:39:01.194+0000] {logging_mixin.py:188} INFO - [2024-05-05T18:39:01.194+0000] {dag.py:3954} INFO - Setting next_dagrun for example_bash_operator to 2024-05-04 00:00:00+00:00, run_after=2024-05-05 00:00:00+00:00
[2024-05-05T18:39:01.211+0000] {processor.py:183} INFO - Processing /home/airflow/.local/lib/python3.12/site-packages/airflow/example_dags/example_bash_operator.py took 0.133 seconds
[2024-05-05T18:39:31.561+0000] {processor.py:161} INFO - Started process (PID=193) to work on /home/airflow/.local/lib/python3.12/site-packages/airflow/example_dags/example_bash_operator.py
[2024-05-05T18:39:31.562+0000] {processor.py:830} INFO - Processing file /home/airflow/.local/lib/python3.12/site-packages/airflow/example_dags/example_bash_operator.py for tasks to queue
[2024-05-05T18:39:31.564+0000] {logging_mixin.py:188} INFO - [2024-05-05T18:39:31.564+0000] {dagbag.py:540} INFO - Filling up the DagBag from /home/airflow/.local/lib/python3.12/site-packages/airflow/example_dags/example_bash_operator.py
[2024-05-05T18:39:31.574+0000] {processor.py:840} INFO - DAG(s) 'example_bash_operator' retrieved from /home/airflow/.local/lib/python3.12/site-packages/airflow/example_dags/example_bash_operator.py
[2024-05-05T18:39:31.597+0000] {logging_mixin.py:188} INFO - [2024-05-05T18:39:31.597+0000] {dag.py:3096} INFO - Sync 1 DAGs
[2024-05-05T18:39:31.617+0000] {logging_mixin.py:188} INFO - [2024-05-05T18:39:31.617+0000] {dag.py:3954} INFO - Setting next_dagrun for example_bash_operator to 2024-05-04 00:00:00+00:00, run_after=2024-05-05 00:00:00+00:00
[2024-05-05T18:39:31.635+0000] {processor.py:183} INFO - Processing /home/airflow/.local/lib/python3.12/site-packages/airflow/example_dags/example_bash_operator.py took 0.078 seconds
[2024-05-05T18:40:02.059+0000] {processor.py:161} INFO - Started process (PID=253) to work on /home/airflow/.local/lib/python3.12/site-packages/airflow/example_dags/example_bash_operator.py
[2024-05-05T18:40:02.060+0000] {processor.py:830} INFO - Processing file /home/airflow/.local/lib/python3.12/site-packages/airflow/example_dags/example_bash_operator.py for tasks to queue
[2024-05-05T18:40:02.061+0000] {logging_mixin.py:188} INFO - [2024-05-05T18:40:02.061+0000] {dagbag.py:540} INFO - Filling up the DagBag from /home/airflow/.local/lib/python3.12/site-packages/airflow/example_dags/example_bash_operator.py
[2024-05-05T18:40:02.070+0000] {processor.py:840} INFO - DAG(s) 'example_bash_operator' retrieved from /home/airflow/.local/lib/python3.12/site-packages/airflow/example_dags/example_bash_operator.py
[2024-05-05T18:40:02.096+0000] {logging_mixin.py:188} INFO - [2024-05-05T18:40:02.096+0000] {dag.py:3096} INFO - Sync 1 DAGs
[2024-05-05T18:40:02.116+0000] {logging_mixin.py:188} INFO - [2024-05-05T18:40:02.115+0000] {dag.py:3954} INFO - Setting next_dagrun for example_bash_operator to 2024-05-04 00:00:00+00:00, run_after=2024-05-05 00:00:00+00:00
[2024-05-05T18:40:02.134+0000] {processor.py:183} INFO - Processing /home/airflow/.local/lib/python3.12/site-packages/airflow/example_dags/example_bash_operator.py took 0.080 seconds
[2024-05-05T18:40:32.370+0000] {processor.py:161} INFO - Started process (PID=311) to work on /home/airflow/.local/lib/python3.12/site-packages/airflow/example_dags/example_bash_operator.py
[2024-05-05T18:40:32.371+0000] {processor.py:830} INFO - Processing file /home/airflow/.local/lib/python3.12/site-packages/airflow/example_dags/example_bash_operator.py for tasks to queue
[2024-05-05T18:40:32.373+0000] {logging_mixin.py:188} INFO - [2024-05-05T18:40:32.372+0000] {dagbag.py:540} INFO - Filling up the DagBag from /home/airflow/.local/lib/python3.12/site-packages/airflow/example_dags/example_bash_operator.py
[2024-05-05T18:40:32.382+0000] {processor.py:840} INFO - DAG(s) 'example_bash_operator' retrieved from /home/airflow/.local/lib/python3.12/site-packages/airflow/example_dags/example_bash_operator.py
[2024-05-05T18:40:32.402+0000] {logging_mixin.py:188} INFO - [2024-05-05T18:40:32.402+0000] {dag.py:3096} INFO - Sync 1 DAGs
[2024-05-05T18:40:32.422+0000] {logging_mixin.py:188} INFO - [2024-05-05T18:40:32.421+0000] {dag.py:3954} INFO - Setting next_dagrun for example_bash_operator to 2024-05-04 00:00:00+00:00, run_after=2024-05-05 00:00:00+00:00
[2024-05-05T18:40:32.436+0000] {processor.py:183} INFO - Processing /home/airflow/.local/lib/python3.12/site-packages/airflow/example_dags/example_bash_operator.py took 0.070 seconds
[2024-05-05T18:49:28.250+0000] {processor.py:161} INFO - Started process (PID=55) to work on /home/airflow/.local/lib/python3.12/site-packages/airflow/example_dags/example_bash_operator.py
[2024-05-05T18:49:28.251+0000] {processor.py:830} INFO - Processing file /home/airflow/.local/lib/python3.12/site-packages/airflow/example_dags/example_bash_operator.py for tasks to queue
[2024-05-05T18:49:28.253+0000] {logging_mixin.py:188} INFO - [2024-05-05T18:49:28.253+0000] {dagbag.py:540} INFO - Filling up the DagBag from /home/airflow/.local/lib/python3.12/site-packages/airflow/example_dags/example_bash_operator.py
[2024-05-05T18:49:28.263+0000] {processor.py:840} INFO - DAG(s) 'example_bash_operator' retrieved from /home/airflow/.local/lib/python3.12/site-packages/airflow/example_dags/example_bash_operator.py
[2024-05-05T18:49:28.273+0000] {logging_mixin.py:188} INFO - [2024-05-05T18:49:28.273+0000] {dag.py:3096} INFO - Sync 1 DAGs
[2024-05-05T18:49:28.298+0000] {logging_mixin.py:188} INFO - [2024-05-05T18:49:28.298+0000] {dag.py:3954} INFO - Setting next_dagrun for example_bash_operator to 2024-05-04 00:00:00+00:00, run_after=2024-05-05 00:00:00+00:00
[2024-05-05T18:49:28.320+0000] {processor.py:183} INFO - Processing /home/airflow/.local/lib/python3.12/site-packages/airflow/example_dags/example_bash_operator.py took 0.075 seconds
[2024-05-05T18:49:59.734+0000] {processor.py:161} INFO - Started process (PID=115) to work on /home/airflow/.local/lib/python3.12/site-packages/airflow/example_dags/example_bash_operator.py
[2024-05-05T18:49:59.734+0000] {processor.py:830} INFO - Processing file /home/airflow/.local/lib/python3.12/site-packages/airflow/example_dags/example_bash_operator.py for tasks to queue
[2024-05-05T18:49:59.736+0000] {logging_mixin.py:188} INFO - [2024-05-05T18:49:59.736+0000] {dagbag.py:540} INFO - Filling up the DagBag from /home/airflow/.local/lib/python3.12/site-packages/airflow/example_dags/example_bash_operator.py
[2024-05-05T18:49:59.744+0000] {processor.py:840} INFO - DAG(s) 'example_bash_operator' retrieved from /home/airflow/.local/lib/python3.12/site-packages/airflow/example_dags/example_bash_operator.py
[2024-05-05T18:49:59.826+0000] {logging_mixin.py:188} INFO - [2024-05-05T18:49:59.825+0000] {dag.py:3096} INFO - Sync 1 DAGs
[2024-05-05T18:49:59.841+0000] {logging_mixin.py:188} INFO - [2024-05-05T18:49:59.841+0000] {dag.py:3954} INFO - Setting next_dagrun for example_bash_operator to 2024-05-04 00:00:00+00:00, run_after=2024-05-05 00:00:00+00:00
[2024-05-05T18:49:59.859+0000] {processor.py:183} INFO - Processing /home/airflow/.local/lib/python3.12/site-packages/airflow/example_dags/example_bash_operator.py took 0.130 seconds
[2024-05-05T18:50:30.795+0000] {processor.py:161} INFO - Started process (PID=175) to work on /home/airflow/.local/lib/python3.12/site-packages/airflow/example_dags/example_bash_operator.py
[2024-05-05T18:50:30.796+0000] {processor.py:830} INFO - Processing file /home/airflow/.local/lib/python3.12/site-packages/airflow/example_dags/example_bash_operator.py for tasks to queue
[2024-05-05T18:50:30.798+0000] {logging_mixin.py:188} INFO - [2024-05-05T18:50:30.797+0000] {dagbag.py:540} INFO - Filling up the DagBag from /home/airflow/.local/lib/python3.12/site-packages/airflow/example_dags/example_bash_operator.py
[2024-05-05T18:50:30.806+0000] {processor.py:840} INFO - DAG(s) 'example_bash_operator' retrieved from /home/airflow/.local/lib/python3.12/site-packages/airflow/example_dags/example_bash_operator.py
[2024-05-05T18:50:30.827+0000] {logging_mixin.py:188} INFO - [2024-05-05T18:50:30.827+0000] {dag.py:3096} INFO - Sync 1 DAGs
[2024-05-05T18:50:30.847+0000] {logging_mixin.py:188} INFO - [2024-05-05T18:50:30.847+0000] {dag.py:3954} INFO - Setting next_dagrun for example_bash_operator to 2024-05-04 00:00:00+00:00, run_after=2024-05-05 00:00:00+00:00
[2024-05-05T18:50:30.864+0000] {processor.py:183} INFO - Processing /home/airflow/.local/lib/python3.12/site-packages/airflow/example_dags/example_bash_operator.py took 0.074 seconds
[2024-05-05T18:51:01.165+0000] {processor.py:161} INFO - Started process (PID=239) to work on /home/airflow/.local/lib/python3.12/site-packages/airflow/example_dags/example_bash_operator.py
[2024-05-05T18:51:01.166+0000] {processor.py:830} INFO - Processing file /home/airflow/.local/lib/python3.12/site-packages/airflow/example_dags/example_bash_operator.py for tasks to queue
[2024-05-05T18:51:01.168+0000] {logging_mixin.py:188} INFO - [2024-05-05T18:51:01.168+0000] {dagbag.py:540} INFO - Filling up the DagBag from /home/airflow/.local/lib/python3.12/site-packages/airflow/example_dags/example_bash_operator.py
[2024-05-05T18:51:01.176+0000] {processor.py:840} INFO - DAG(s) 'example_bash_operator' retrieved from /home/airflow/.local/lib/python3.12/site-packages/airflow/example_dags/example_bash_operator.py
[2024-05-05T18:51:01.196+0000] {logging_mixin.py:188} INFO - [2024-05-05T18:51:01.196+0000] {dag.py:3096} INFO - Sync 1 DAGs
[2024-05-05T18:51:01.214+0000] {logging_mixin.py:188} INFO - [2024-05-05T18:51:01.213+0000] {dag.py:3954} INFO - Setting next_dagrun for example_bash_operator to 2024-05-04 00:00:00+00:00, run_after=2024-05-05 00:00:00+00:00
[2024-05-05T18:51:01.227+0000] {processor.py:183} INFO - Processing /home/airflow/.local/lib/python3.12/site-packages/airflow/example_dags/example_bash_operator.py took 0.066 seconds
[2024-05-05T18:51:31.289+0000] {processor.py:161} INFO - Started process (PID=297) to work on /home/airflow/.local/lib/python3.12/site-packages/airflow/example_dags/example_bash_operator.py
[2024-05-05T18:51:31.290+0000] {processor.py:830} INFO - Processing file /home/airflow/.local/lib/python3.12/site-packages/airflow/example_dags/example_bash_operator.py for tasks to queue
[2024-05-05T18:51:31.291+0000] {logging_mixin.py:188} INFO - [2024-05-05T18:51:31.291+0000] {dagbag.py:540} INFO - Filling up the DagBag from /home/airflow/.local/lib/python3.12/site-packages/airflow/example_dags/example_bash_operator.py
[2024-05-05T18:51:31.300+0000] {processor.py:840} INFO - DAG(s) 'example_bash_operator' retrieved from /home/airflow/.local/lib/python3.12/site-packages/airflow/example_dags/example_bash_operator.py
[2024-05-05T18:51:31.320+0000] {logging_mixin.py:188} INFO - [2024-05-05T18:51:31.320+0000] {dag.py:3096} INFO - Sync 1 DAGs
[2024-05-05T18:51:31.336+0000] {logging_mixin.py:188} INFO - [2024-05-05T18:51:31.336+0000] {dag.py:3954} INFO - Setting next_dagrun for example_bash_operator to 2024-05-04 00:00:00+00:00, run_after=2024-05-05 00:00:00+00:00
[2024-05-05T18:51:31.350+0000] {processor.py:183} INFO - Processing /home/airflow/.local/lib/python3.12/site-packages/airflow/example_dags/example_bash_operator.py took 0.065 seconds
