[2024-05-05T18:35:49.892+0000] {processor.py:161} INFO - Started process (PID=81) to work on /home/airflow/.local/lib/python3.12/site-packages/airflow/example_dags/example_short_circuit_operator.py
[2024-05-05T18:35:49.893+0000] {processor.py:830} INFO - Processing file /home/airflow/.local/lib/python3.12/site-packages/airflow/example_dags/example_short_circuit_operator.py for tasks to queue
[2024-05-05T18:35:49.895+0000] {logging_mixin.py:188} INFO - [2024-05-05T18:35:49.894+0000] {dagbag.py:540} INFO - Filling up the DagBag from /home/airflow/.local/lib/python3.12/site-packages/airflow/example_dags/example_short_circuit_operator.py
[2024-05-05T18:35:49.902+0000] {processor.py:840} INFO - DAG(s) 'example_short_circuit_operator' retrieved from /home/airflow/.local/lib/python3.12/site-packages/airflow/example_dags/example_short_circuit_operator.py
[2024-05-05T18:35:49.995+0000] {logging_mixin.py:188} INFO - [2024-05-05T18:35:49.994+0000] {override.py:1829} INFO - Created Permission View: can edit on DAG:example_short_circuit_operator
[2024-05-05T18:35:50.003+0000] {logging_mixin.py:188} INFO - [2024-05-05T18:35:50.003+0000] {override.py:1829} INFO - Created Permission View: can delete on DAG:example_short_circuit_operator
[2024-05-05T18:35:50.009+0000] {logging_mixin.py:188} INFO - [2024-05-05T18:35:50.009+0000] {override.py:1829} INFO - Created Permission View: can read on DAG:example_short_circuit_operator
[2024-05-05T18:35:50.009+0000] {logging_mixin.py:188} INFO - [2024-05-05T18:35:50.009+0000] {dag.py:3096} INFO - Sync 1 DAGs
[2024-05-05T18:35:50.019+0000] {logging_mixin.py:188} INFO - [2024-05-05T18:35:50.018+0000] {dag.py:3118} INFO - Creating ORM DAG for example_short_circuit_operator
[2024-05-05T18:35:50.027+0000] {logging_mixin.py:188} INFO - [2024-05-05T18:35:50.026+0000] {dag.py:3954} INFO - Setting next_dagrun for example_short_circuit_operator to 2024-05-04 00:00:00+00:00, run_after=2024-05-05 00:00:00+00:00
[2024-05-05T18:35:50.040+0000] {processor.py:183} INFO - Processing /home/airflow/.local/lib/python3.12/site-packages/airflow/example_dags/example_short_circuit_operator.py took 0.152 seconds
[2024-05-05T18:36:20.369+0000] {processor.py:161} INFO - Started process (PID=139) to work on /home/airflow/.local/lib/python3.12/site-packages/airflow/example_dags/example_short_circuit_operator.py
[2024-05-05T18:36:20.370+0000] {processor.py:830} INFO - Processing file /home/airflow/.local/lib/python3.12/site-packages/airflow/example_dags/example_short_circuit_operator.py for tasks to queue
[2024-05-05T18:36:20.371+0000] {logging_mixin.py:188} INFO - [2024-05-05T18:36:20.371+0000] {dagbag.py:540} INFO - Filling up the DagBag from /home/airflow/.local/lib/python3.12/site-packages/airflow/example_dags/example_short_circuit_operator.py
[2024-05-05T18:36:20.378+0000] {processor.py:840} INFO - DAG(s) 'example_short_circuit_operator' retrieved from /home/airflow/.local/lib/python3.12/site-packages/airflow/example_dags/example_short_circuit_operator.py
[2024-05-05T18:36:20.402+0000] {logging_mixin.py:188} INFO - [2024-05-05T18:36:20.402+0000] {dag.py:3096} INFO - Sync 1 DAGs
[2024-05-05T18:36:20.421+0000] {logging_mixin.py:188} INFO - [2024-05-05T18:36:20.421+0000] {dag.py:3954} INFO - Setting next_dagrun for example_short_circuit_operator to 2024-05-04 00:00:00+00:00, run_after=2024-05-05 00:00:00+00:00
[2024-05-05T18:36:20.438+0000] {processor.py:183} INFO - Processing /home/airflow/.local/lib/python3.12/site-packages/airflow/example_dags/example_short_circuit_operator.py took 0.074 seconds
[2024-05-05T18:36:51.385+0000] {processor.py:161} INFO - Started process (PID=197) to work on /home/airflow/.local/lib/python3.12/site-packages/airflow/example_dags/example_short_circuit_operator.py
[2024-05-05T18:36:51.387+0000] {processor.py:830} INFO - Processing file /home/airflow/.local/lib/python3.12/site-packages/airflow/example_dags/example_short_circuit_operator.py for tasks to queue
[2024-05-05T18:36:51.388+0000] {logging_mixin.py:188} INFO - [2024-05-05T18:36:51.388+0000] {dagbag.py:540} INFO - Filling up the DagBag from /home/airflow/.local/lib/python3.12/site-packages/airflow/example_dags/example_short_circuit_operator.py
[2024-05-05T18:36:51.393+0000] {processor.py:840} INFO - DAG(s) 'example_short_circuit_operator' retrieved from /home/airflow/.local/lib/python3.12/site-packages/airflow/example_dags/example_short_circuit_operator.py
[2024-05-05T18:36:51.410+0000] {logging_mixin.py:188} INFO - [2024-05-05T18:36:51.409+0000] {dag.py:3096} INFO - Sync 1 DAGs
[2024-05-05T18:36:51.426+0000] {logging_mixin.py:188} INFO - [2024-05-05T18:36:51.426+0000] {dag.py:3954} INFO - Setting next_dagrun for example_short_circuit_operator to 2024-05-04 00:00:00+00:00, run_after=2024-05-05 00:00:00+00:00
[2024-05-05T18:36:51.443+0000] {processor.py:183} INFO - Processing /home/airflow/.local/lib/python3.12/site-packages/airflow/example_dags/example_short_circuit_operator.py took 0.062 seconds
[2024-05-05T18:37:21.595+0000] {processor.py:161} INFO - Started process (PID=254) to work on /home/airflow/.local/lib/python3.12/site-packages/airflow/example_dags/example_short_circuit_operator.py
[2024-05-05T18:37:21.596+0000] {processor.py:830} INFO - Processing file /home/airflow/.local/lib/python3.12/site-packages/airflow/example_dags/example_short_circuit_operator.py for tasks to queue
[2024-05-05T18:37:21.599+0000] {logging_mixin.py:188} INFO - [2024-05-05T18:37:21.598+0000] {dagbag.py:540} INFO - Filling up the DagBag from /home/airflow/.local/lib/python3.12/site-packages/airflow/example_dags/example_short_circuit_operator.py
[2024-05-05T18:37:21.604+0000] {processor.py:840} INFO - DAG(s) 'example_short_circuit_operator' retrieved from /home/airflow/.local/lib/python3.12/site-packages/airflow/example_dags/example_short_circuit_operator.py
[2024-05-05T18:37:21.623+0000] {logging_mixin.py:188} INFO - [2024-05-05T18:37:21.623+0000] {dag.py:3096} INFO - Sync 1 DAGs
[2024-05-05T18:37:21.642+0000] {logging_mixin.py:188} INFO - [2024-05-05T18:37:21.642+0000] {dag.py:3954} INFO - Setting next_dagrun for example_short_circuit_operator to 2024-05-04 00:00:00+00:00, run_after=2024-05-05 00:00:00+00:00
[2024-05-05T18:37:21.658+0000] {processor.py:183} INFO - Processing /home/airflow/.local/lib/python3.12/site-packages/airflow/example_dags/example_short_circuit_operator.py took 0.068 seconds
[2024-05-05T18:38:31.733+0000] {processor.py:161} INFO - Started process (PID=84) to work on /home/airflow/.local/lib/python3.12/site-packages/airflow/example_dags/example_short_circuit_operator.py
[2024-05-05T18:38:31.734+0000] {processor.py:830} INFO - Processing file /home/airflow/.local/lib/python3.12/site-packages/airflow/example_dags/example_short_circuit_operator.py for tasks to queue
[2024-05-05T18:38:31.735+0000] {logging_mixin.py:188} INFO - [2024-05-05T18:38:31.735+0000] {dagbag.py:540} INFO - Filling up the DagBag from /home/airflow/.local/lib/python3.12/site-packages/airflow/example_dags/example_short_circuit_operator.py
[2024-05-05T18:38:31.742+0000] {processor.py:840} INFO - DAG(s) 'example_short_circuit_operator' retrieved from /home/airflow/.local/lib/python3.12/site-packages/airflow/example_dags/example_short_circuit_operator.py
[2024-05-05T18:38:31.752+0000] {logging_mixin.py:188} INFO - [2024-05-05T18:38:31.752+0000] {dag.py:3096} INFO - Sync 1 DAGs
[2024-05-05T18:38:31.774+0000] {logging_mixin.py:188} INFO - [2024-05-05T18:38:31.774+0000] {dag.py:3954} INFO - Setting next_dagrun for example_short_circuit_operator to 2024-05-04 00:00:00+00:00, run_after=2024-05-05 00:00:00+00:00
[2024-05-05T18:38:31.791+0000] {processor.py:183} INFO - Processing /home/airflow/.local/lib/python3.12/site-packages/airflow/example_dags/example_short_circuit_operator.py took 0.063 seconds
[2024-05-05T18:39:03.227+0000] {processor.py:161} INFO - Started process (PID=154) to work on /home/airflow/.local/lib/python3.12/site-packages/airflow/example_dags/example_short_circuit_operator.py
[2024-05-05T18:39:03.228+0000] {processor.py:830} INFO - Processing file /home/airflow/.local/lib/python3.12/site-packages/airflow/example_dags/example_short_circuit_operator.py for tasks to queue
[2024-05-05T18:39:03.230+0000] {logging_mixin.py:188} INFO - [2024-05-05T18:39:03.230+0000] {dagbag.py:540} INFO - Filling up the DagBag from /home/airflow/.local/lib/python3.12/site-packages/airflow/example_dags/example_short_circuit_operator.py
[2024-05-05T18:39:03.236+0000] {processor.py:840} INFO - DAG(s) 'example_short_circuit_operator' retrieved from /home/airflow/.local/lib/python3.12/site-packages/airflow/example_dags/example_short_circuit_operator.py
[2024-05-05T18:39:03.318+0000] {logging_mixin.py:188} INFO - [2024-05-05T18:39:03.317+0000] {dag.py:3096} INFO - Sync 1 DAGs
[2024-05-05T18:39:03.337+0000] {logging_mixin.py:188} INFO - [2024-05-05T18:39:03.337+0000] {dag.py:3954} INFO - Setting next_dagrun for example_short_circuit_operator to 2024-05-04 00:00:00+00:00, run_after=2024-05-05 00:00:00+00:00
[2024-05-05T18:39:03.352+0000] {processor.py:183} INFO - Processing /home/airflow/.local/lib/python3.12/site-packages/airflow/example_dags/example_short_circuit_operator.py took 0.130 seconds
[2024-05-05T18:39:34.056+0000] {processor.py:161} INFO - Started process (PID=222) to work on /home/airflow/.local/lib/python3.12/site-packages/airflow/example_dags/example_short_circuit_operator.py
[2024-05-05T18:39:34.057+0000] {processor.py:830} INFO - Processing file /home/airflow/.local/lib/python3.12/site-packages/airflow/example_dags/example_short_circuit_operator.py for tasks to queue
[2024-05-05T18:39:34.058+0000] {logging_mixin.py:188} INFO - [2024-05-05T18:39:34.058+0000] {dagbag.py:540} INFO - Filling up the DagBag from /home/airflow/.local/lib/python3.12/site-packages/airflow/example_dags/example_short_circuit_operator.py
[2024-05-05T18:39:34.064+0000] {processor.py:840} INFO - DAG(s) 'example_short_circuit_operator' retrieved from /home/airflow/.local/lib/python3.12/site-packages/airflow/example_dags/example_short_circuit_operator.py
[2024-05-05T18:39:34.082+0000] {logging_mixin.py:188} INFO - [2024-05-05T18:39:34.082+0000] {dag.py:3096} INFO - Sync 1 DAGs
[2024-05-05T18:39:34.099+0000] {logging_mixin.py:188} INFO - [2024-05-05T18:39:34.099+0000] {dag.py:3954} INFO - Setting next_dagrun for example_short_circuit_operator to 2024-05-04 00:00:00+00:00, run_after=2024-05-05 00:00:00+00:00
[2024-05-05T18:39:34.113+0000] {processor.py:183} INFO - Processing /home/airflow/.local/lib/python3.12/site-packages/airflow/example_dags/example_short_circuit_operator.py took 0.061 seconds
[2024-05-05T18:40:04.518+0000] {processor.py:161} INFO - Started process (PID=282) to work on /home/airflow/.local/lib/python3.12/site-packages/airflow/example_dags/example_short_circuit_operator.py
[2024-05-05T18:40:04.519+0000] {processor.py:830} INFO - Processing file /home/airflow/.local/lib/python3.12/site-packages/airflow/example_dags/example_short_circuit_operator.py for tasks to queue
[2024-05-05T18:40:04.520+0000] {logging_mixin.py:188} INFO - [2024-05-05T18:40:04.520+0000] {dagbag.py:540} INFO - Filling up the DagBag from /home/airflow/.local/lib/python3.12/site-packages/airflow/example_dags/example_short_circuit_operator.py
[2024-05-05T18:40:04.525+0000] {processor.py:840} INFO - DAG(s) 'example_short_circuit_operator' retrieved from /home/airflow/.local/lib/python3.12/site-packages/airflow/example_dags/example_short_circuit_operator.py
[2024-05-05T18:40:04.543+0000] {logging_mixin.py:188} INFO - [2024-05-05T18:40:04.543+0000] {dag.py:3096} INFO - Sync 1 DAGs
[2024-05-05T18:40:04.559+0000] {logging_mixin.py:188} INFO - [2024-05-05T18:40:04.559+0000] {dag.py:3954} INFO - Setting next_dagrun for example_short_circuit_operator to 2024-05-04 00:00:00+00:00, run_after=2024-05-05 00:00:00+00:00
[2024-05-05T18:40:04.573+0000] {processor.py:183} INFO - Processing /home/airflow/.local/lib/python3.12/site-packages/airflow/example_dags/example_short_circuit_operator.py took 0.059 seconds
[2024-05-05T18:40:34.902+0000] {processor.py:161} INFO - Started process (PID=342) to work on /home/airflow/.local/lib/python3.12/site-packages/airflow/example_dags/example_short_circuit_operator.py
[2024-05-05T18:40:34.903+0000] {processor.py:830} INFO - Processing file /home/airflow/.local/lib/python3.12/site-packages/airflow/example_dags/example_short_circuit_operator.py for tasks to queue
[2024-05-05T18:40:34.904+0000] {logging_mixin.py:188} INFO - [2024-05-05T18:40:34.904+0000] {dagbag.py:540} INFO - Filling up the DagBag from /home/airflow/.local/lib/python3.12/site-packages/airflow/example_dags/example_short_circuit_operator.py
[2024-05-05T18:40:34.910+0000] {processor.py:840} INFO - DAG(s) 'example_short_circuit_operator' retrieved from /home/airflow/.local/lib/python3.12/site-packages/airflow/example_dags/example_short_circuit_operator.py
[2024-05-05T18:40:34.929+0000] {logging_mixin.py:188} INFO - [2024-05-05T18:40:34.928+0000] {dag.py:3096} INFO - Sync 1 DAGs
[2024-05-05T18:40:34.947+0000] {logging_mixin.py:188} INFO - [2024-05-05T18:40:34.947+0000] {dag.py:3954} INFO - Setting next_dagrun for example_short_circuit_operator to 2024-05-04 00:00:00+00:00, run_after=2024-05-05 00:00:00+00:00
[2024-05-05T18:40:34.963+0000] {processor.py:183} INFO - Processing /home/airflow/.local/lib/python3.12/site-packages/airflow/example_dags/example_short_circuit_operator.py took 0.066 seconds
[2024-05-05T18:49:29.642+0000] {processor.py:161} INFO - Started process (PID=84) to work on /home/airflow/.local/lib/python3.12/site-packages/airflow/example_dags/example_short_circuit_operator.py
[2024-05-05T18:49:29.643+0000] {processor.py:830} INFO - Processing file /home/airflow/.local/lib/python3.12/site-packages/airflow/example_dags/example_short_circuit_operator.py for tasks to queue
[2024-05-05T18:49:29.645+0000] {logging_mixin.py:188} INFO - [2024-05-05T18:49:29.645+0000] {dagbag.py:540} INFO - Filling up the DagBag from /home/airflow/.local/lib/python3.12/site-packages/airflow/example_dags/example_short_circuit_operator.py
[2024-05-05T18:49:29.652+0000] {processor.py:840} INFO - DAG(s) 'example_short_circuit_operator' retrieved from /home/airflow/.local/lib/python3.12/site-packages/airflow/example_dags/example_short_circuit_operator.py
[2024-05-05T18:49:29.662+0000] {logging_mixin.py:188} INFO - [2024-05-05T18:49:29.662+0000] {dag.py:3096} INFO - Sync 1 DAGs
[2024-05-05T18:49:29.683+0000] {logging_mixin.py:188} INFO - [2024-05-05T18:49:29.683+0000] {dag.py:3954} INFO - Setting next_dagrun for example_short_circuit_operator to 2024-05-04 00:00:00+00:00, run_after=2024-05-05 00:00:00+00:00
[2024-05-05T18:49:29.697+0000] {processor.py:183} INFO - Processing /home/airflow/.local/lib/python3.12/site-packages/airflow/example_dags/example_short_circuit_operator.py took 0.060 seconds
[2024-05-05T18:50:02.069+0000] {processor.py:161} INFO - Started process (PID=144) to work on /home/airflow/.local/lib/python3.12/site-packages/airflow/example_dags/example_short_circuit_operator.py
[2024-05-05T18:50:02.070+0000] {processor.py:830} INFO - Processing file /home/airflow/.local/lib/python3.12/site-packages/airflow/example_dags/example_short_circuit_operator.py for tasks to queue
[2024-05-05T18:50:02.071+0000] {logging_mixin.py:188} INFO - [2024-05-05T18:50:02.071+0000] {dagbag.py:540} INFO - Filling up the DagBag from /home/airflow/.local/lib/python3.12/site-packages/airflow/example_dags/example_short_circuit_operator.py
[2024-05-05T18:50:02.077+0000] {processor.py:840} INFO - DAG(s) 'example_short_circuit_operator' retrieved from /home/airflow/.local/lib/python3.12/site-packages/airflow/example_dags/example_short_circuit_operator.py
[2024-05-05T18:50:02.149+0000] {logging_mixin.py:188} INFO - [2024-05-05T18:50:02.149+0000] {dag.py:3096} INFO - Sync 1 DAGs
[2024-05-05T18:50:02.163+0000] {logging_mixin.py:188} INFO - [2024-05-05T18:50:02.163+0000] {dag.py:3954} INFO - Setting next_dagrun for example_short_circuit_operator to 2024-05-04 00:00:00+00:00, run_after=2024-05-05 00:00:00+00:00
[2024-05-05T18:50:02.180+0000] {processor.py:183} INFO - Processing /home/airflow/.local/lib/python3.12/site-packages/airflow/example_dags/example_short_circuit_operator.py took 0.115 seconds
[2024-05-05T18:50:33.073+0000] {processor.py:161} INFO - Started process (PID=204) to work on /home/airflow/.local/lib/python3.12/site-packages/airflow/example_dags/example_short_circuit_operator.py
[2024-05-05T18:50:33.074+0000] {processor.py:830} INFO - Processing file /home/airflow/.local/lib/python3.12/site-packages/airflow/example_dags/example_short_circuit_operator.py for tasks to queue
[2024-05-05T18:50:33.075+0000] {logging_mixin.py:188} INFO - [2024-05-05T18:50:33.075+0000] {dagbag.py:540} INFO - Filling up the DagBag from /home/airflow/.local/lib/python3.12/site-packages/airflow/example_dags/example_short_circuit_operator.py
[2024-05-05T18:50:33.081+0000] {processor.py:840} INFO - DAG(s) 'example_short_circuit_operator' retrieved from /home/airflow/.local/lib/python3.12/site-packages/airflow/example_dags/example_short_circuit_operator.py
[2024-05-05T18:50:33.099+0000] {logging_mixin.py:188} INFO - [2024-05-05T18:50:33.098+0000] {dag.py:3096} INFO - Sync 1 DAGs
[2024-05-05T18:50:33.115+0000] {logging_mixin.py:188} INFO - [2024-05-05T18:50:33.115+0000] {dag.py:3954} INFO - Setting next_dagrun for example_short_circuit_operator to 2024-05-04 00:00:00+00:00, run_after=2024-05-05 00:00:00+00:00
[2024-05-05T18:50:33.130+0000] {processor.py:183} INFO - Processing /home/airflow/.local/lib/python3.12/site-packages/airflow/example_dags/example_short_circuit_operator.py took 0.061 seconds
[2024-05-05T18:51:03.365+0000] {processor.py:161} INFO - Started process (PID=268) to work on /home/airflow/.local/lib/python3.12/site-packages/airflow/example_dags/example_short_circuit_operator.py
[2024-05-05T18:51:03.366+0000] {processor.py:830} INFO - Processing file /home/airflow/.local/lib/python3.12/site-packages/airflow/example_dags/example_short_circuit_operator.py for tasks to queue
[2024-05-05T18:51:03.367+0000] {logging_mixin.py:188} INFO - [2024-05-05T18:51:03.367+0000] {dagbag.py:540} INFO - Filling up the DagBag from /home/airflow/.local/lib/python3.12/site-packages/airflow/example_dags/example_short_circuit_operator.py
[2024-05-05T18:51:03.372+0000] {processor.py:840} INFO - DAG(s) 'example_short_circuit_operator' retrieved from /home/airflow/.local/lib/python3.12/site-packages/airflow/example_dags/example_short_circuit_operator.py
[2024-05-05T18:51:03.390+0000] {logging_mixin.py:188} INFO - [2024-05-05T18:51:03.390+0000] {dag.py:3096} INFO - Sync 1 DAGs
[2024-05-05T18:51:03.406+0000] {logging_mixin.py:188} INFO - [2024-05-05T18:51:03.406+0000] {dag.py:3954} INFO - Setting next_dagrun for example_short_circuit_operator to 2024-05-04 00:00:00+00:00, run_after=2024-05-05 00:00:00+00:00
[2024-05-05T18:51:03.420+0000] {processor.py:183} INFO - Processing /home/airflow/.local/lib/python3.12/site-packages/airflow/example_dags/example_short_circuit_operator.py took 0.059 seconds
[2024-05-05T18:51:33.724+0000] {processor.py:161} INFO - Started process (PID=328) to work on /home/airflow/.local/lib/python3.12/site-packages/airflow/example_dags/example_short_circuit_operator.py
[2024-05-05T18:51:33.726+0000] {processor.py:830} INFO - Processing file /home/airflow/.local/lib/python3.12/site-packages/airflow/example_dags/example_short_circuit_operator.py for tasks to queue
[2024-05-05T18:51:33.727+0000] {logging_mixin.py:188} INFO - [2024-05-05T18:51:33.727+0000] {dagbag.py:540} INFO - Filling up the DagBag from /home/airflow/.local/lib/python3.12/site-packages/airflow/example_dags/example_short_circuit_operator.py
[2024-05-05T18:51:33.732+0000] {processor.py:840} INFO - DAG(s) 'example_short_circuit_operator' retrieved from /home/airflow/.local/lib/python3.12/site-packages/airflow/example_dags/example_short_circuit_operator.py
[2024-05-05T18:51:33.751+0000] {logging_mixin.py:188} INFO - [2024-05-05T18:51:33.750+0000] {dag.py:3096} INFO - Sync 1 DAGs
[2024-05-05T18:51:33.767+0000] {logging_mixin.py:188} INFO - [2024-05-05T18:51:33.766+0000] {dag.py:3954} INFO - Setting next_dagrun for example_short_circuit_operator to 2024-05-04 00:00:00+00:00, run_after=2024-05-05 00:00:00+00:00
[2024-05-05T18:51:33.782+0000] {processor.py:183} INFO - Processing /home/airflow/.local/lib/python3.12/site-packages/airflow/example_dags/example_short_circuit_operator.py took 0.061 seconds
