[2024-05-05T18:35:47.752+0000] {processor.py:161} INFO - Started process (PID=61) to work on /home/airflow/.local/lib/python3.12/site-packages/airflow/example_dags/example_sensors.py
[2024-05-05T18:35:47.753+0000] {processor.py:830} INFO - Processing file /home/airflow/.local/lib/python3.12/site-packages/airflow/example_dags/example_sensors.py for tasks to queue
[2024-05-05T18:35:47.754+0000] {logging_mixin.py:188} INFO - [2024-05-05T18:35:47.754+0000] {dagbag.py:540} INFO - Filling up the DagBag from /home/airflow/.local/lib/python3.12/site-packages/airflow/example_dags/example_sensors.py
[2024-05-05T18:35:47.762+0000] {processor.py:840} INFO - DAG(s) 'example_sensors' retrieved from /home/airflow/.local/lib/python3.12/site-packages/airflow/example_dags/example_sensors.py
[2024-05-05T18:35:47.859+0000] {logging_mixin.py:188} INFO - [2024-05-05T18:35:47.859+0000] {override.py:1829} INFO - Created Permission View: can edit on DAG:example_sensors
[2024-05-05T18:35:47.868+0000] {logging_mixin.py:188} INFO - [2024-05-05T18:35:47.868+0000] {override.py:1829} INFO - Created Permission View: can delete on DAG:example_sensors
[2024-05-05T18:35:47.874+0000] {logging_mixin.py:188} INFO - [2024-05-05T18:35:47.873+0000] {override.py:1829} INFO - Created Permission View: can read on DAG:example_sensors
[2024-05-05T18:35:47.874+0000] {logging_mixin.py:188} INFO - [2024-05-05T18:35:47.874+0000] {dag.py:3096} INFO - Sync 1 DAGs
[2024-05-05T18:35:47.883+0000] {logging_mixin.py:188} INFO - [2024-05-05T18:35:47.883+0000] {dag.py:3118} INFO - Creating ORM DAG for example_sensors
[2024-05-05T18:35:47.884+0000] {logging_mixin.py:188} INFO - [2024-05-05T18:35:47.884+0000] {dag.py:3954} INFO - Setting next_dagrun for example_sensors to None, run_after=None
[2024-05-05T18:35:47.899+0000] {processor.py:183} INFO - Processing /home/airflow/.local/lib/python3.12/site-packages/airflow/example_dags/example_sensors.py took 0.151 seconds
[2024-05-05T18:36:18.470+0000] {processor.py:161} INFO - Started process (PID=119) to work on /home/airflow/.local/lib/python3.12/site-packages/airflow/example_dags/example_sensors.py
[2024-05-05T18:36:18.471+0000] {processor.py:830} INFO - Processing file /home/airflow/.local/lib/python3.12/site-packages/airflow/example_dags/example_sensors.py for tasks to queue
[2024-05-05T18:36:18.472+0000] {logging_mixin.py:188} INFO - [2024-05-05T18:36:18.472+0000] {dagbag.py:540} INFO - Filling up the DagBag from /home/airflow/.local/lib/python3.12/site-packages/airflow/example_dags/example_sensors.py
[2024-05-05T18:36:18.479+0000] {processor.py:840} INFO - DAG(s) 'example_sensors' retrieved from /home/airflow/.local/lib/python3.12/site-packages/airflow/example_dags/example_sensors.py
[2024-05-05T18:36:18.500+0000] {logging_mixin.py:188} INFO - [2024-05-05T18:36:18.500+0000] {dag.py:3096} INFO - Sync 1 DAGs
[2024-05-05T18:36:18.510+0000] {logging_mixin.py:188} INFO - [2024-05-05T18:36:18.510+0000] {dag.py:3954} INFO - Setting next_dagrun for example_sensors to None, run_after=None
[2024-05-05T18:36:18.533+0000] {processor.py:183} INFO - Processing /home/airflow/.local/lib/python3.12/site-packages/airflow/example_dags/example_sensors.py took 0.068 seconds
[2024-05-05T18:36:48.649+0000] {processor.py:161} INFO - Started process (PID=177) to work on /home/airflow/.local/lib/python3.12/site-packages/airflow/example_dags/example_sensors.py
[2024-05-05T18:36:48.650+0000] {processor.py:830} INFO - Processing file /home/airflow/.local/lib/python3.12/site-packages/airflow/example_dags/example_sensors.py for tasks to queue
[2024-05-05T18:36:48.651+0000] {logging_mixin.py:188} INFO - [2024-05-05T18:36:48.651+0000] {dagbag.py:540} INFO - Filling up the DagBag from /home/airflow/.local/lib/python3.12/site-packages/airflow/example_dags/example_sensors.py
[2024-05-05T18:36:48.657+0000] {processor.py:840} INFO - DAG(s) 'example_sensors' retrieved from /home/airflow/.local/lib/python3.12/site-packages/airflow/example_dags/example_sensors.py
[2024-05-05T18:36:48.679+0000] {logging_mixin.py:188} INFO - [2024-05-05T18:36:48.678+0000] {dag.py:3096} INFO - Sync 1 DAGs
[2024-05-05T18:36:48.689+0000] {logging_mixin.py:188} INFO - [2024-05-05T18:36:48.688+0000] {dag.py:3954} INFO - Setting next_dagrun for example_sensors to None, run_after=None
[2024-05-05T18:36:48.703+0000] {processor.py:183} INFO - Processing /home/airflow/.local/lib/python3.12/site-packages/airflow/example_dags/example_sensors.py took 0.058 seconds
[2024-05-05T18:37:18.785+0000] {processor.py:161} INFO - Started process (PID=235) to work on /home/airflow/.local/lib/python3.12/site-packages/airflow/example_dags/example_sensors.py
[2024-05-05T18:37:18.786+0000] {processor.py:830} INFO - Processing file /home/airflow/.local/lib/python3.12/site-packages/airflow/example_dags/example_sensors.py for tasks to queue
[2024-05-05T18:37:18.788+0000] {logging_mixin.py:188} INFO - [2024-05-05T18:37:18.787+0000] {dagbag.py:540} INFO - Filling up the DagBag from /home/airflow/.local/lib/python3.12/site-packages/airflow/example_dags/example_sensors.py
[2024-05-05T18:37:18.795+0000] {processor.py:840} INFO - DAG(s) 'example_sensors' retrieved from /home/airflow/.local/lib/python3.12/site-packages/airflow/example_dags/example_sensors.py
[2024-05-05T18:37:18.815+0000] {logging_mixin.py:188} INFO - [2024-05-05T18:37:18.815+0000] {dag.py:3096} INFO - Sync 1 DAGs
[2024-05-05T18:37:18.824+0000] {logging_mixin.py:188} INFO - [2024-05-05T18:37:18.824+0000] {dag.py:3954} INFO - Setting next_dagrun for example_sensors to None, run_after=None
[2024-05-05T18:37:18.840+0000] {processor.py:183} INFO - Processing /home/airflow/.local/lib/python3.12/site-packages/airflow/example_dags/example_sensors.py took 0.059 seconds
[2024-05-05T18:38:30.772+0000] {processor.py:161} INFO - Started process (PID=64) to work on /home/airflow/.local/lib/python3.12/site-packages/airflow/example_dags/example_sensors.py
[2024-05-05T18:38:30.773+0000] {processor.py:830} INFO - Processing file /home/airflow/.local/lib/python3.12/site-packages/airflow/example_dags/example_sensors.py for tasks to queue
[2024-05-05T18:38:30.775+0000] {logging_mixin.py:188} INFO - [2024-05-05T18:38:30.775+0000] {dagbag.py:540} INFO - Filling up the DagBag from /home/airflow/.local/lib/python3.12/site-packages/airflow/example_dags/example_sensors.py
[2024-05-05T18:38:30.784+0000] {processor.py:840} INFO - DAG(s) 'example_sensors' retrieved from /home/airflow/.local/lib/python3.12/site-packages/airflow/example_dags/example_sensors.py
[2024-05-05T18:38:30.797+0000] {logging_mixin.py:188} INFO - [2024-05-05T18:38:30.797+0000] {dag.py:3096} INFO - Sync 1 DAGs
[2024-05-05T18:38:30.810+0000] {logging_mixin.py:188} INFO - [2024-05-05T18:38:30.810+0000] {dag.py:3954} INFO - Setting next_dagrun for example_sensors to None, run_after=None
[2024-05-05T18:38:30.828+0000] {processor.py:183} INFO - Processing /home/airflow/.local/lib/python3.12/site-packages/airflow/example_dags/example_sensors.py took 0.061 seconds
[2024-05-05T18:39:01.769+0000] {processor.py:161} INFO - Started process (PID=134) to work on /home/airflow/.local/lib/python3.12/site-packages/airflow/example_dags/example_sensors.py
[2024-05-05T18:39:01.770+0000] {processor.py:830} INFO - Processing file /home/airflow/.local/lib/python3.12/site-packages/airflow/example_dags/example_sensors.py for tasks to queue
[2024-05-05T18:39:01.772+0000] {logging_mixin.py:188} INFO - [2024-05-05T18:39:01.771+0000] {dagbag.py:540} INFO - Filling up the DagBag from /home/airflow/.local/lib/python3.12/site-packages/airflow/example_dags/example_sensors.py
[2024-05-05T18:39:01.779+0000] {processor.py:840} INFO - DAG(s) 'example_sensors' retrieved from /home/airflow/.local/lib/python3.12/site-packages/airflow/example_dags/example_sensors.py
[2024-05-05T18:39:01.865+0000] {logging_mixin.py:188} INFO - [2024-05-05T18:39:01.864+0000] {dag.py:3096} INFO - Sync 1 DAGs
[2024-05-05T18:39:01.873+0000] {logging_mixin.py:188} INFO - [2024-05-05T18:39:01.873+0000] {dag.py:3954} INFO - Setting next_dagrun for example_sensors to None, run_after=None
[2024-05-05T18:39:01.892+0000] {processor.py:183} INFO - Processing /home/airflow/.local/lib/python3.12/site-packages/airflow/example_dags/example_sensors.py took 0.128 seconds
[2024-05-05T18:39:32.103+0000] {processor.py:161} INFO - Started process (PID=202) to work on /home/airflow/.local/lib/python3.12/site-packages/airflow/example_dags/example_sensors.py
[2024-05-05T18:39:32.104+0000] {processor.py:830} INFO - Processing file /home/airflow/.local/lib/python3.12/site-packages/airflow/example_dags/example_sensors.py for tasks to queue
[2024-05-05T18:39:32.106+0000] {logging_mixin.py:188} INFO - [2024-05-05T18:39:32.105+0000] {dagbag.py:540} INFO - Filling up the DagBag from /home/airflow/.local/lib/python3.12/site-packages/airflow/example_dags/example_sensors.py
[2024-05-05T18:39:32.113+0000] {processor.py:840} INFO - DAG(s) 'example_sensors' retrieved from /home/airflow/.local/lib/python3.12/site-packages/airflow/example_dags/example_sensors.py
[2024-05-05T18:39:32.134+0000] {logging_mixin.py:188} INFO - [2024-05-05T18:39:32.134+0000] {dag.py:3096} INFO - Sync 1 DAGs
[2024-05-05T18:39:32.144+0000] {logging_mixin.py:188} INFO - [2024-05-05T18:39:32.144+0000] {dag.py:3954} INFO - Setting next_dagrun for example_sensors to None, run_after=None
[2024-05-05T18:39:32.161+0000] {processor.py:183} INFO - Processing /home/airflow/.local/lib/python3.12/site-packages/airflow/example_dags/example_sensors.py took 0.063 seconds
[2024-05-05T18:40:02.641+0000] {processor.py:161} INFO - Started process (PID=262) to work on /home/airflow/.local/lib/python3.12/site-packages/airflow/example_dags/example_sensors.py
[2024-05-05T18:40:02.642+0000] {processor.py:830} INFO - Processing file /home/airflow/.local/lib/python3.12/site-packages/airflow/example_dags/example_sensors.py for tasks to queue
[2024-05-05T18:40:02.644+0000] {logging_mixin.py:188} INFO - [2024-05-05T18:40:02.644+0000] {dagbag.py:540} INFO - Filling up the DagBag from /home/airflow/.local/lib/python3.12/site-packages/airflow/example_dags/example_sensors.py
[2024-05-05T18:40:02.651+0000] {processor.py:840} INFO - DAG(s) 'example_sensors' retrieved from /home/airflow/.local/lib/python3.12/site-packages/airflow/example_dags/example_sensors.py
[2024-05-05T18:40:02.673+0000] {logging_mixin.py:188} INFO - [2024-05-05T18:40:02.673+0000] {dag.py:3096} INFO - Sync 1 DAGs
[2024-05-05T18:40:02.683+0000] {logging_mixin.py:188} INFO - [2024-05-05T18:40:02.683+0000] {dag.py:3954} INFO - Setting next_dagrun for example_sensors to None, run_after=None
[2024-05-05T18:40:02.698+0000] {processor.py:183} INFO - Processing /home/airflow/.local/lib/python3.12/site-packages/airflow/example_dags/example_sensors.py took 0.061 seconds
[2024-05-05T18:40:32.984+0000] {processor.py:161} INFO - Started process (PID=322) to work on /home/airflow/.local/lib/python3.12/site-packages/airflow/example_dags/example_sensors.py
[2024-05-05T18:40:32.985+0000] {processor.py:830} INFO - Processing file /home/airflow/.local/lib/python3.12/site-packages/airflow/example_dags/example_sensors.py for tasks to queue
[2024-05-05T18:40:32.987+0000] {logging_mixin.py:188} INFO - [2024-05-05T18:40:32.986+0000] {dagbag.py:540} INFO - Filling up the DagBag from /home/airflow/.local/lib/python3.12/site-packages/airflow/example_dags/example_sensors.py
[2024-05-05T18:40:32.994+0000] {processor.py:840} INFO - DAG(s) 'example_sensors' retrieved from /home/airflow/.local/lib/python3.12/site-packages/airflow/example_dags/example_sensors.py
[2024-05-05T18:40:33.017+0000] {logging_mixin.py:188} INFO - [2024-05-05T18:40:33.017+0000] {dag.py:3096} INFO - Sync 1 DAGs
[2024-05-05T18:40:33.028+0000] {logging_mixin.py:188} INFO - [2024-05-05T18:40:33.028+0000] {dag.py:3954} INFO - Setting next_dagrun for example_sensors to None, run_after=None
[2024-05-05T18:40:33.044+0000] {processor.py:183} INFO - Processing /home/airflow/.local/lib/python3.12/site-packages/airflow/example_dags/example_sensors.py took 0.065 seconds
[2024-05-05T18:49:28.689+0000] {processor.py:161} INFO - Started process (PID=64) to work on /home/airflow/.local/lib/python3.12/site-packages/airflow/example_dags/example_sensors.py
[2024-05-05T18:49:28.691+0000] {processor.py:830} INFO - Processing file /home/airflow/.local/lib/python3.12/site-packages/airflow/example_dags/example_sensors.py for tasks to queue
[2024-05-05T18:49:28.692+0000] {logging_mixin.py:188} INFO - [2024-05-05T18:49:28.692+0000] {dagbag.py:540} INFO - Filling up the DagBag from /home/airflow/.local/lib/python3.12/site-packages/airflow/example_dags/example_sensors.py
[2024-05-05T18:49:28.701+0000] {processor.py:840} INFO - DAG(s) 'example_sensors' retrieved from /home/airflow/.local/lib/python3.12/site-packages/airflow/example_dags/example_sensors.py
[2024-05-05T18:49:28.714+0000] {logging_mixin.py:188} INFO - [2024-05-05T18:49:28.713+0000] {dag.py:3096} INFO - Sync 1 DAGs
[2024-05-05T18:49:28.735+0000] {logging_mixin.py:188} INFO - [2024-05-05T18:49:28.735+0000] {dag.py:3954} INFO - Setting next_dagrun for example_sensors to None, run_after=None
[2024-05-05T18:49:28.762+0000] {processor.py:183} INFO - Processing /home/airflow/.local/lib/python3.12/site-packages/airflow/example_dags/example_sensors.py took 0.079 seconds
[2024-05-05T18:50:00.505+0000] {processor.py:161} INFO - Started process (PID=124) to work on /home/airflow/.local/lib/python3.12/site-packages/airflow/example_dags/example_sensors.py
[2024-05-05T18:50:00.507+0000] {processor.py:830} INFO - Processing file /home/airflow/.local/lib/python3.12/site-packages/airflow/example_dags/example_sensors.py for tasks to queue
[2024-05-05T18:50:00.508+0000] {logging_mixin.py:188} INFO - [2024-05-05T18:50:00.508+0000] {dagbag.py:540} INFO - Filling up the DagBag from /home/airflow/.local/lib/python3.12/site-packages/airflow/example_dags/example_sensors.py
[2024-05-05T18:50:00.515+0000] {processor.py:840} INFO - DAG(s) 'example_sensors' retrieved from /home/airflow/.local/lib/python3.12/site-packages/airflow/example_dags/example_sensors.py
[2024-05-05T18:50:00.601+0000] {logging_mixin.py:188} INFO - [2024-05-05T18:50:00.601+0000] {dag.py:3096} INFO - Sync 1 DAGs
[2024-05-05T18:50:00.609+0000] {logging_mixin.py:188} INFO - [2024-05-05T18:50:00.609+0000] {dag.py:3954} INFO - Setting next_dagrun for example_sensors to None, run_after=None
[2024-05-05T18:50:00.629+0000] {processor.py:183} INFO - Processing /home/airflow/.local/lib/python3.12/site-packages/airflow/example_dags/example_sensors.py took 0.128 seconds
[2024-05-05T18:50:31.188+0000] {processor.py:161} INFO - Started process (PID=184) to work on /home/airflow/.local/lib/python3.12/site-packages/airflow/example_dags/example_sensors.py
[2024-05-05T18:50:31.189+0000] {processor.py:830} INFO - Processing file /home/airflow/.local/lib/python3.12/site-packages/airflow/example_dags/example_sensors.py for tasks to queue
[2024-05-05T18:50:31.190+0000] {logging_mixin.py:188} INFO - [2024-05-05T18:50:31.190+0000] {dagbag.py:540} INFO - Filling up the DagBag from /home/airflow/.local/lib/python3.12/site-packages/airflow/example_dags/example_sensors.py
[2024-05-05T18:50:31.197+0000] {processor.py:840} INFO - DAG(s) 'example_sensors' retrieved from /home/airflow/.local/lib/python3.12/site-packages/airflow/example_dags/example_sensors.py
[2024-05-05T18:50:31.218+0000] {logging_mixin.py:188} INFO - [2024-05-05T18:50:31.218+0000] {dag.py:3096} INFO - Sync 1 DAGs
[2024-05-05T18:50:31.230+0000] {logging_mixin.py:188} INFO - [2024-05-05T18:50:31.230+0000] {dag.py:3954} INFO - Setting next_dagrun for example_sensors to None, run_after=None
[2024-05-05T18:50:31.246+0000] {processor.py:183} INFO - Processing /home/airflow/.local/lib/python3.12/site-packages/airflow/example_dags/example_sensors.py took 0.062 seconds
[2024-05-05T18:51:01.630+0000] {processor.py:161} INFO - Started process (PID=248) to work on /home/airflow/.local/lib/python3.12/site-packages/airflow/example_dags/example_sensors.py
[2024-05-05T18:51:01.631+0000] {processor.py:830} INFO - Processing file /home/airflow/.local/lib/python3.12/site-packages/airflow/example_dags/example_sensors.py for tasks to queue
[2024-05-05T18:51:01.633+0000] {logging_mixin.py:188} INFO - [2024-05-05T18:51:01.632+0000] {dagbag.py:540} INFO - Filling up the DagBag from /home/airflow/.local/lib/python3.12/site-packages/airflow/example_dags/example_sensors.py
[2024-05-05T18:51:01.639+0000] {processor.py:840} INFO - DAG(s) 'example_sensors' retrieved from /home/airflow/.local/lib/python3.12/site-packages/airflow/example_dags/example_sensors.py
[2024-05-05T18:51:01.659+0000] {logging_mixin.py:188} INFO - [2024-05-05T18:51:01.659+0000] {dag.py:3096} INFO - Sync 1 DAGs
[2024-05-05T18:51:01.668+0000] {logging_mixin.py:188} INFO - [2024-05-05T18:51:01.668+0000] {dag.py:3954} INFO - Setting next_dagrun for example_sensors to None, run_after=None
[2024-05-05T18:51:01.682+0000] {processor.py:183} INFO - Processing /home/airflow/.local/lib/python3.12/site-packages/airflow/example_dags/example_sensors.py took 0.056 seconds
[2024-05-05T18:51:31.989+0000] {processor.py:161} INFO - Started process (PID=308) to work on /home/airflow/.local/lib/python3.12/site-packages/airflow/example_dags/example_sensors.py
[2024-05-05T18:51:31.990+0000] {processor.py:830} INFO - Processing file /home/airflow/.local/lib/python3.12/site-packages/airflow/example_dags/example_sensors.py for tasks to queue
[2024-05-05T18:51:31.991+0000] {logging_mixin.py:188} INFO - [2024-05-05T18:51:31.991+0000] {dagbag.py:540} INFO - Filling up the DagBag from /home/airflow/.local/lib/python3.12/site-packages/airflow/example_dags/example_sensors.py
[2024-05-05T18:51:31.998+0000] {processor.py:840} INFO - DAG(s) 'example_sensors' retrieved from /home/airflow/.local/lib/python3.12/site-packages/airflow/example_dags/example_sensors.py
[2024-05-05T18:51:32.019+0000] {logging_mixin.py:188} INFO - [2024-05-05T18:51:32.018+0000] {dag.py:3096} INFO - Sync 1 DAGs
[2024-05-05T18:51:32.028+0000] {logging_mixin.py:188} INFO - [2024-05-05T18:51:32.028+0000] {dag.py:3954} INFO - Setting next_dagrun for example_sensors to None, run_after=None
[2024-05-05T18:51:32.042+0000] {processor.py:183} INFO - Processing /home/airflow/.local/lib/python3.12/site-packages/airflow/example_dags/example_sensors.py took 0.059 seconds
