[2024-05-05T18:35:46.164+0000] {processor.py:161} INFO - Started process (PID=44) to work on /home/airflow/.local/lib/python3.12/site-packages/airflow/example_dags/example_subdag_operator.py
[2024-05-05T18:35:46.165+0000] {processor.py:830} INFO - Processing file /home/airflow/.local/lib/python3.12/site-packages/airflow/example_dags/example_subdag_operator.py for tasks to queue
[2024-05-05T18:35:46.167+0000] {logging_mixin.py:188} INFO - [2024-05-05T18:35:46.167+0000] {dagbag.py:540} INFO - Filling up the DagBag from /home/airflow/.local/lib/python3.12/site-packages/airflow/example_dags/example_subdag_operator.py
[2024-05-05T18:35:46.189+0000] {processor.py:840} INFO - DAG(s) 'example_subdag_operator.section-1', 'example_subdag_operator.section-2', 'example_subdag_operator' retrieved from /home/airflow/.local/lib/python3.12/site-packages/airflow/example_dags/example_subdag_operator.py
[2024-05-05T18:35:46.281+0000] {logging_mixin.py:188} INFO - [2024-05-05T18:35:46.281+0000] {override.py:1829} INFO - Created Permission View: can edit on DAG:example_subdag_operator
[2024-05-05T18:35:46.290+0000] {logging_mixin.py:188} INFO - [2024-05-05T18:35:46.290+0000] {override.py:1829} INFO - Created Permission View: can delete on DAG:example_subdag_operator
[2024-05-05T18:35:46.296+0000] {logging_mixin.py:188} INFO - [2024-05-05T18:35:46.296+0000] {override.py:1829} INFO - Created Permission View: can read on DAG:example_subdag_operator
[2024-05-05T18:35:46.296+0000] {logging_mixin.py:188} INFO - [2024-05-05T18:35:46.296+0000] {dag.py:3096} INFO - Sync 3 DAGs
[2024-05-05T18:35:46.306+0000] {logging_mixin.py:188} INFO - [2024-05-05T18:35:46.306+0000] {dag.py:3118} INFO - Creating ORM DAG for example_subdag_operator.section-1
[2024-05-05T18:35:46.307+0000] {logging_mixin.py:188} INFO - [2024-05-05T18:35:46.306+0000] {dag.py:3118} INFO - Creating ORM DAG for example_subdag_operator
[2024-05-05T18:35:46.307+0000] {logging_mixin.py:188} INFO - [2024-05-05T18:35:46.307+0000] {dag.py:3118} INFO - Creating ORM DAG for example_subdag_operator.section-2
[2024-05-05T18:35:46.315+0000] {logging_mixin.py:188} INFO - [2024-05-05T18:35:46.315+0000] {dag.py:3954} INFO - Setting next_dagrun for example_subdag_operator to 2022-01-01 00:00:00+00:00, run_after=2022-01-01 00:00:00+00:00
[2024-05-05T18:35:46.316+0000] {logging_mixin.py:188} INFO - [2024-05-05T18:35:46.316+0000] {dag.py:3954} INFO - Setting next_dagrun for example_subdag_operator.section-1 to None, run_after=None
[2024-05-05T18:35:46.316+0000] {logging_mixin.py:188} INFO - [2024-05-05T18:35:46.316+0000] {dag.py:3954} INFO - Setting next_dagrun for example_subdag_operator.section-2 to None, run_after=None
[2024-05-05T18:35:46.324+0000] {logging_mixin.py:188} INFO - [2024-05-05T18:35:46.323+0000] {dag.py:3096} INFO - Sync 2 DAGs
[2024-05-05T18:35:46.328+0000] {logging_mixin.py:188} INFO - [2024-05-05T18:35:46.328+0000] {dag.py:3954} INFO - Setting next_dagrun for example_subdag_operator.section-1 to None, run_after=None
[2024-05-05T18:35:46.331+0000] {logging_mixin.py:188} INFO - [2024-05-05T18:35:46.331+0000] {dag.py:3954} INFO - Setting next_dagrun for example_subdag_operator.section-2 to None, run_after=None
[2024-05-05T18:35:46.342+0000] {processor.py:183} INFO - Processing /home/airflow/.local/lib/python3.12/site-packages/airflow/example_dags/example_subdag_operator.py took 0.182 seconds
[2024-05-05T18:36:16.716+0000] {processor.py:161} INFO - Started process (PID=102) to work on /home/airflow/.local/lib/python3.12/site-packages/airflow/example_dags/example_subdag_operator.py
[2024-05-05T18:36:16.717+0000] {processor.py:830} INFO - Processing file /home/airflow/.local/lib/python3.12/site-packages/airflow/example_dags/example_subdag_operator.py for tasks to queue
[2024-05-05T18:36:16.719+0000] {logging_mixin.py:188} INFO - [2024-05-05T18:36:16.718+0000] {dagbag.py:540} INFO - Filling up the DagBag from /home/airflow/.local/lib/python3.12/site-packages/airflow/example_dags/example_subdag_operator.py
[2024-05-05T18:36:16.737+0000] {processor.py:840} INFO - DAG(s) 'example_subdag_operator.section-1', 'example_subdag_operator.section-2', 'example_subdag_operator' retrieved from /home/airflow/.local/lib/python3.12/site-packages/airflow/example_dags/example_subdag_operator.py
[2024-05-05T18:36:16.748+0000] {logging_mixin.py:188} INFO - [2024-05-05T18:36:16.747+0000] {dag.py:3096} INFO - Sync 3 DAGs
[2024-05-05T18:36:16.762+0000] {logging_mixin.py:188} INFO - [2024-05-05T18:36:16.762+0000] {dag.py:3954} INFO - Setting next_dagrun for example_subdag_operator to 2022-01-01 00:00:00+00:00, run_after=2022-01-01 00:00:00+00:00
[2024-05-05T18:36:16.764+0000] {logging_mixin.py:188} INFO - [2024-05-05T18:36:16.764+0000] {dag.py:3954} INFO - Setting next_dagrun for example_subdag_operator.section-1 to None, run_after=None
[2024-05-05T18:36:16.766+0000] {logging_mixin.py:188} INFO - [2024-05-05T18:36:16.765+0000] {dag.py:3954} INFO - Setting next_dagrun for example_subdag_operator.section-2 to None, run_after=None
[2024-05-05T18:36:16.770+0000] {logging_mixin.py:188} INFO - [2024-05-05T18:36:16.770+0000] {dag.py:3096} INFO - Sync 2 DAGs
[2024-05-05T18:36:16.774+0000] {logging_mixin.py:188} INFO - [2024-05-05T18:36:16.774+0000] {dag.py:3954} INFO - Setting next_dagrun for example_subdag_operator.section-1 to None, run_after=None
[2024-05-05T18:36:16.774+0000] {logging_mixin.py:188} INFO - [2024-05-05T18:36:16.774+0000] {dag.py:3954} INFO - Setting next_dagrun for example_subdag_operator.section-2 to None, run_after=None
[2024-05-05T18:36:16.784+0000] {processor.py:183} INFO - Processing /home/airflow/.local/lib/python3.12/site-packages/airflow/example_dags/example_subdag_operator.py took 0.072 seconds
[2024-05-05T18:36:46.978+0000] {processor.py:161} INFO - Started process (PID=160) to work on /home/airflow/.local/lib/python3.12/site-packages/airflow/example_dags/example_subdag_operator.py
[2024-05-05T18:36:46.979+0000] {processor.py:830} INFO - Processing file /home/airflow/.local/lib/python3.12/site-packages/airflow/example_dags/example_subdag_operator.py for tasks to queue
[2024-05-05T18:36:46.980+0000] {logging_mixin.py:188} INFO - [2024-05-05T18:36:46.980+0000] {dagbag.py:540} INFO - Filling up the DagBag from /home/airflow/.local/lib/python3.12/site-packages/airflow/example_dags/example_subdag_operator.py
[2024-05-05T18:36:46.996+0000] {processor.py:840} INFO - DAG(s) 'example_subdag_operator.section-1', 'example_subdag_operator.section-2', 'example_subdag_operator' retrieved from /home/airflow/.local/lib/python3.12/site-packages/airflow/example_dags/example_subdag_operator.py
[2024-05-05T18:36:47.007+0000] {logging_mixin.py:188} INFO - [2024-05-05T18:36:47.007+0000] {dag.py:3096} INFO - Sync 3 DAGs
[2024-05-05T18:36:47.022+0000] {logging_mixin.py:188} INFO - [2024-05-05T18:36:47.022+0000] {dag.py:3954} INFO - Setting next_dagrun for example_subdag_operator to 2022-01-01 00:00:00+00:00, run_after=2022-01-01 00:00:00+00:00
[2024-05-05T18:36:47.025+0000] {logging_mixin.py:188} INFO - [2024-05-05T18:36:47.024+0000] {dag.py:3954} INFO - Setting next_dagrun for example_subdag_operator.section-1 to None, run_after=None
[2024-05-05T18:36:47.025+0000] {logging_mixin.py:188} INFO - [2024-05-05T18:36:47.025+0000] {dag.py:3954} INFO - Setting next_dagrun for example_subdag_operator.section-2 to None, run_after=None
[2024-05-05T18:36:47.030+0000] {logging_mixin.py:188} INFO - [2024-05-05T18:36:47.030+0000] {dag.py:3096} INFO - Sync 2 DAGs
[2024-05-05T18:36:47.033+0000] {logging_mixin.py:188} INFO - [2024-05-05T18:36:47.033+0000] {dag.py:3954} INFO - Setting next_dagrun for example_subdag_operator.section-1 to None, run_after=None
[2024-05-05T18:36:47.033+0000] {logging_mixin.py:188} INFO - [2024-05-05T18:36:47.033+0000] {dag.py:3954} INFO - Setting next_dagrun for example_subdag_operator.section-2 to None, run_after=None
[2024-05-05T18:36:47.041+0000] {processor.py:183} INFO - Processing /home/airflow/.local/lib/python3.12/site-packages/airflow/example_dags/example_subdag_operator.py took 0.068 seconds
[2024-05-05T18:37:17.089+0000] {processor.py:161} INFO - Started process (PID=218) to work on /home/airflow/.local/lib/python3.12/site-packages/airflow/example_dags/example_subdag_operator.py
[2024-05-05T18:37:17.091+0000] {processor.py:830} INFO - Processing file /home/airflow/.local/lib/python3.12/site-packages/airflow/example_dags/example_subdag_operator.py for tasks to queue
[2024-05-05T18:37:17.092+0000] {logging_mixin.py:188} INFO - [2024-05-05T18:37:17.092+0000] {dagbag.py:540} INFO - Filling up the DagBag from /home/airflow/.local/lib/python3.12/site-packages/airflow/example_dags/example_subdag_operator.py
[2024-05-05T18:37:17.111+0000] {processor.py:840} INFO - DAG(s) 'example_subdag_operator.section-1', 'example_subdag_operator.section-2', 'example_subdag_operator' retrieved from /home/airflow/.local/lib/python3.12/site-packages/airflow/example_dags/example_subdag_operator.py
[2024-05-05T18:37:17.125+0000] {logging_mixin.py:188} INFO - [2024-05-05T18:37:17.125+0000] {dag.py:3096} INFO - Sync 3 DAGs
[2024-05-05T18:37:17.141+0000] {logging_mixin.py:188} INFO - [2024-05-05T18:37:17.141+0000] {dag.py:3954} INFO - Setting next_dagrun for example_subdag_operator to 2022-01-01 00:00:00+00:00, run_after=2022-01-01 00:00:00+00:00
[2024-05-05T18:37:17.144+0000] {logging_mixin.py:188} INFO - [2024-05-05T18:37:17.144+0000] {dag.py:3954} INFO - Setting next_dagrun for example_subdag_operator.section-1 to None, run_after=None
[2024-05-05T18:37:17.145+0000] {logging_mixin.py:188} INFO - [2024-05-05T18:37:17.145+0000] {dag.py:3954} INFO - Setting next_dagrun for example_subdag_operator.section-2 to None, run_after=None
[2024-05-05T18:37:17.150+0000] {logging_mixin.py:188} INFO - [2024-05-05T18:37:17.150+0000] {dag.py:3096} INFO - Sync 2 DAGs
[2024-05-05T18:37:17.154+0000] {logging_mixin.py:188} INFO - [2024-05-05T18:37:17.154+0000] {dag.py:3954} INFO - Setting next_dagrun for example_subdag_operator.section-1 to None, run_after=None
[2024-05-05T18:37:17.154+0000] {logging_mixin.py:188} INFO - [2024-05-05T18:37:17.154+0000] {dag.py:3954} INFO - Setting next_dagrun for example_subdag_operator.section-2 to None, run_after=None
[2024-05-05T18:37:17.162+0000] {processor.py:183} INFO - Processing /home/airflow/.local/lib/python3.12/site-packages/airflow/example_dags/example_subdag_operator.py took 0.077 seconds
[2024-05-05T18:37:47.363+0000] {processor.py:161} INFO - Started process (PID=276) to work on /home/airflow/.local/lib/python3.12/site-packages/airflow/example_dags/example_subdag_operator.py
[2024-05-05T18:37:47.363+0000] {processor.py:830} INFO - Processing file /home/airflow/.local/lib/python3.12/site-packages/airflow/example_dags/example_subdag_operator.py for tasks to queue
[2024-05-05T18:37:47.365+0000] {logging_mixin.py:188} INFO - [2024-05-05T18:37:47.365+0000] {dagbag.py:540} INFO - Filling up the DagBag from /home/airflow/.local/lib/python3.12/site-packages/airflow/example_dags/example_subdag_operator.py
[2024-05-05T18:37:47.384+0000] {processor.py:840} INFO - DAG(s) 'example_subdag_operator.section-1', 'example_subdag_operator.section-2', 'example_subdag_operator' retrieved from /home/airflow/.local/lib/python3.12/site-packages/airflow/example_dags/example_subdag_operator.py
[2024-05-05T18:37:47.398+0000] {logging_mixin.py:188} INFO - [2024-05-05T18:37:47.397+0000] {dag.py:3096} INFO - Sync 3 DAGs
[2024-05-05T18:37:47.416+0000] {logging_mixin.py:188} INFO - [2024-05-05T18:37:47.416+0000] {dag.py:3954} INFO - Setting next_dagrun for example_subdag_operator to 2022-01-01 00:00:00+00:00, run_after=2022-01-01 00:00:00+00:00
[2024-05-05T18:37:47.419+0000] {logging_mixin.py:188} INFO - [2024-05-05T18:37:47.419+0000] {dag.py:3954} INFO - Setting next_dagrun for example_subdag_operator.section-1 to None, run_after=None
[2024-05-05T18:37:47.420+0000] {logging_mixin.py:188} INFO - [2024-05-05T18:37:47.420+0000] {dag.py:3954} INFO - Setting next_dagrun for example_subdag_operator.section-2 to None, run_after=None
[2024-05-05T18:37:47.425+0000] {logging_mixin.py:188} INFO - [2024-05-05T18:37:47.425+0000] {dag.py:3096} INFO - Sync 2 DAGs
[2024-05-05T18:37:47.430+0000] {logging_mixin.py:188} INFO - [2024-05-05T18:37:47.430+0000] {dag.py:3954} INFO - Setting next_dagrun for example_subdag_operator.section-1 to None, run_after=None
[2024-05-05T18:37:47.430+0000] {logging_mixin.py:188} INFO - [2024-05-05T18:37:47.430+0000] {dag.py:3954} INFO - Setting next_dagrun for example_subdag_operator.section-2 to None, run_after=None
[2024-05-05T18:37:47.438+0000] {processor.py:183} INFO - Processing /home/airflow/.local/lib/python3.12/site-packages/airflow/example_dags/example_subdag_operator.py took 0.080 seconds
[2024-05-05T18:38:29.770+0000] {processor.py:161} INFO - Started process (PID=47) to work on /home/airflow/.local/lib/python3.12/site-packages/airflow/example_dags/example_subdag_operator.py
[2024-05-05T18:38:29.771+0000] {processor.py:830} INFO - Processing file /home/airflow/.local/lib/python3.12/site-packages/airflow/example_dags/example_subdag_operator.py for tasks to queue
[2024-05-05T18:38:29.773+0000] {logging_mixin.py:188} INFO - [2024-05-05T18:38:29.772+0000] {dagbag.py:540} INFO - Filling up the DagBag from /home/airflow/.local/lib/python3.12/site-packages/airflow/example_dags/example_subdag_operator.py
[2024-05-05T18:38:29.798+0000] {processor.py:840} INFO - DAG(s) 'example_subdag_operator.section-1', 'example_subdag_operator.section-2', 'example_subdag_operator' retrieved from /home/airflow/.local/lib/python3.12/site-packages/airflow/example_dags/example_subdag_operator.py
[2024-05-05T18:38:29.801+0000] {logging_mixin.py:188} INFO - [2024-05-05T18:38:29.801+0000] {dag.py:3096} INFO - Sync 3 DAGs
[2024-05-05T18:38:29.825+0000] {logging_mixin.py:188} INFO - [2024-05-05T18:38:29.824+0000] {dag.py:3954} INFO - Setting next_dagrun for example_subdag_operator to 2022-01-01 00:00:00+00:00, run_after=2022-01-01 00:00:00+00:00
[2024-05-05T18:38:29.828+0000] {logging_mixin.py:188} INFO - [2024-05-05T18:38:29.828+0000] {dag.py:3954} INFO - Setting next_dagrun for example_subdag_operator.section-1 to None, run_after=None
[2024-05-05T18:38:29.830+0000] {logging_mixin.py:188} INFO - [2024-05-05T18:38:29.829+0000] {dag.py:3954} INFO - Setting next_dagrun for example_subdag_operator.section-2 to None, run_after=None
[2024-05-05T18:38:29.840+0000] {logging_mixin.py:188} INFO - [2024-05-05T18:38:29.839+0000] {dag.py:3096} INFO - Sync 2 DAGs
[2024-05-05T18:38:29.846+0000] {logging_mixin.py:188} INFO - [2024-05-05T18:38:29.845+0000] {dag.py:3954} INFO - Setting next_dagrun for example_subdag_operator.section-1 to None, run_after=None
[2024-05-05T18:38:29.846+0000] {logging_mixin.py:188} INFO - [2024-05-05T18:38:29.846+0000] {dag.py:3954} INFO - Setting next_dagrun for example_subdag_operator.section-2 to None, run_after=None
[2024-05-05T18:38:29.860+0000] {processor.py:183} INFO - Processing /home/airflow/.local/lib/python3.12/site-packages/airflow/example_dags/example_subdag_operator.py took 0.096 seconds
[2024-05-05T18:39:00.052+0000] {processor.py:161} INFO - Started process (PID=115) to work on /home/airflow/.local/lib/python3.12/site-packages/airflow/example_dags/example_subdag_operator.py
[2024-05-05T18:39:00.053+0000] {processor.py:830} INFO - Processing file /home/airflow/.local/lib/python3.12/site-packages/airflow/example_dags/example_subdag_operator.py for tasks to queue
[2024-05-05T18:39:00.055+0000] {logging_mixin.py:188} INFO - [2024-05-05T18:39:00.055+0000] {dagbag.py:540} INFO - Filling up the DagBag from /home/airflow/.local/lib/python3.12/site-packages/airflow/example_dags/example_subdag_operator.py
[2024-05-05T18:39:00.078+0000] {processor.py:840} INFO - DAG(s) 'example_subdag_operator.section-1', 'example_subdag_operator.section-2', 'example_subdag_operator' retrieved from /home/airflow/.local/lib/python3.12/site-packages/airflow/example_dags/example_subdag_operator.py
[2024-05-05T18:39:00.175+0000] {logging_mixin.py:188} INFO - [2024-05-05T18:39:00.174+0000] {dag.py:3096} INFO - Sync 3 DAGs
[2024-05-05T18:39:00.191+0000] {logging_mixin.py:188} INFO - [2024-05-05T18:39:00.191+0000] {dag.py:3954} INFO - Setting next_dagrun for example_subdag_operator to 2022-01-01 00:00:00+00:00, run_after=2022-01-01 00:00:00+00:00
[2024-05-05T18:39:00.195+0000] {logging_mixin.py:188} INFO - [2024-05-05T18:39:00.195+0000] {dag.py:3954} INFO - Setting next_dagrun for example_subdag_operator.section-1 to None, run_after=None
[2024-05-05T18:39:00.196+0000] {logging_mixin.py:188} INFO - [2024-05-05T18:39:00.196+0000] {dag.py:3954} INFO - Setting next_dagrun for example_subdag_operator.section-2 to None, run_after=None
[2024-05-05T18:39:00.205+0000] {logging_mixin.py:188} INFO - [2024-05-05T18:39:00.205+0000] {dag.py:3096} INFO - Sync 2 DAGs
[2024-05-05T18:39:00.210+0000] {logging_mixin.py:188} INFO - [2024-05-05T18:39:00.210+0000] {dag.py:3954} INFO - Setting next_dagrun for example_subdag_operator.section-1 to None, run_after=None
[2024-05-05T18:39:00.211+0000] {logging_mixin.py:188} INFO - [2024-05-05T18:39:00.211+0000] {dag.py:3954} INFO - Setting next_dagrun for example_subdag_operator.section-2 to None, run_after=None
[2024-05-05T18:39:00.223+0000] {processor.py:183} INFO - Processing /home/airflow/.local/lib/python3.12/site-packages/airflow/example_dags/example_subdag_operator.py took 0.176 seconds
[2024-05-05T18:39:31.062+0000] {processor.py:161} INFO - Started process (PID=183) to work on /home/airflow/.local/lib/python3.12/site-packages/airflow/example_dags/example_subdag_operator.py
[2024-05-05T18:39:31.064+0000] {processor.py:830} INFO - Processing file /home/airflow/.local/lib/python3.12/site-packages/airflow/example_dags/example_subdag_operator.py for tasks to queue
[2024-05-05T18:39:31.066+0000] {logging_mixin.py:188} INFO - [2024-05-05T18:39:31.066+0000] {dagbag.py:540} INFO - Filling up the DagBag from /home/airflow/.local/lib/python3.12/site-packages/airflow/example_dags/example_subdag_operator.py
[2024-05-05T18:39:31.089+0000] {processor.py:840} INFO - DAG(s) 'example_subdag_operator.section-1', 'example_subdag_operator.section-2', 'example_subdag_operator' retrieved from /home/airflow/.local/lib/python3.12/site-packages/airflow/example_dags/example_subdag_operator.py
[2024-05-05T18:39:31.103+0000] {logging_mixin.py:188} INFO - [2024-05-05T18:39:31.103+0000] {dag.py:3096} INFO - Sync 3 DAGs
[2024-05-05T18:39:31.123+0000] {logging_mixin.py:188} INFO - [2024-05-05T18:39:31.123+0000] {dag.py:3954} INFO - Setting next_dagrun for example_subdag_operator to 2022-01-01 00:00:00+00:00, run_after=2022-01-01 00:00:00+00:00
[2024-05-05T18:39:31.127+0000] {logging_mixin.py:188} INFO - [2024-05-05T18:39:31.127+0000] {dag.py:3954} INFO - Setting next_dagrun for example_subdag_operator.section-1 to None, run_after=None
[2024-05-05T18:39:31.129+0000] {logging_mixin.py:188} INFO - [2024-05-05T18:39:31.128+0000] {dag.py:3954} INFO - Setting next_dagrun for example_subdag_operator.section-2 to None, run_after=None
[2024-05-05T18:39:31.137+0000] {logging_mixin.py:188} INFO - [2024-05-05T18:39:31.136+0000] {dag.py:3096} INFO - Sync 2 DAGs
[2024-05-05T18:39:31.141+0000] {logging_mixin.py:188} INFO - [2024-05-05T18:39:31.141+0000] {dag.py:3954} INFO - Setting next_dagrun for example_subdag_operator.section-1 to None, run_after=None
[2024-05-05T18:39:31.141+0000] {logging_mixin.py:188} INFO - [2024-05-05T18:39:31.141+0000] {dag.py:3954} INFO - Setting next_dagrun for example_subdag_operator.section-2 to None, run_after=None
[2024-05-05T18:39:31.150+0000] {processor.py:183} INFO - Processing /home/airflow/.local/lib/python3.12/site-packages/airflow/example_dags/example_subdag_operator.py took 0.093 seconds
[2024-05-05T18:40:01.661+0000] {processor.py:161} INFO - Started process (PID=243) to work on /home/airflow/.local/lib/python3.12/site-packages/airflow/example_dags/example_subdag_operator.py
[2024-05-05T18:40:01.663+0000] {processor.py:830} INFO - Processing file /home/airflow/.local/lib/python3.12/site-packages/airflow/example_dags/example_subdag_operator.py for tasks to queue
[2024-05-05T18:40:01.664+0000] {logging_mixin.py:188} INFO - [2024-05-05T18:40:01.664+0000] {dagbag.py:540} INFO - Filling up the DagBag from /home/airflow/.local/lib/python3.12/site-packages/airflow/example_dags/example_subdag_operator.py
[2024-05-05T18:40:01.684+0000] {processor.py:840} INFO - DAG(s) 'example_subdag_operator.section-1', 'example_subdag_operator.section-2', 'example_subdag_operator' retrieved from /home/airflow/.local/lib/python3.12/site-packages/airflow/example_dags/example_subdag_operator.py
[2024-05-05T18:40:01.697+0000] {logging_mixin.py:188} INFO - [2024-05-05T18:40:01.697+0000] {dag.py:3096} INFO - Sync 3 DAGs
[2024-05-05T18:40:01.715+0000] {logging_mixin.py:188} INFO - [2024-05-05T18:40:01.715+0000] {dag.py:3954} INFO - Setting next_dagrun for example_subdag_operator to 2022-01-01 00:00:00+00:00, run_after=2022-01-01 00:00:00+00:00
[2024-05-05T18:40:01.718+0000] {logging_mixin.py:188} INFO - [2024-05-05T18:40:01.718+0000] {dag.py:3954} INFO - Setting next_dagrun for example_subdag_operator.section-1 to None, run_after=None
[2024-05-05T18:40:01.719+0000] {logging_mixin.py:188} INFO - [2024-05-05T18:40:01.719+0000] {dag.py:3954} INFO - Setting next_dagrun for example_subdag_operator.section-2 to None, run_after=None
[2024-05-05T18:40:01.724+0000] {logging_mixin.py:188} INFO - [2024-05-05T18:40:01.724+0000] {dag.py:3096} INFO - Sync 2 DAGs
[2024-05-05T18:40:01.729+0000] {logging_mixin.py:188} INFO - [2024-05-05T18:40:01.729+0000] {dag.py:3954} INFO - Setting next_dagrun for example_subdag_operator.section-1 to None, run_after=None
[2024-05-05T18:40:01.729+0000] {logging_mixin.py:188} INFO - [2024-05-05T18:40:01.729+0000] {dag.py:3954} INFO - Setting next_dagrun for example_subdag_operator.section-2 to None, run_after=None
[2024-05-05T18:40:01.738+0000] {processor.py:183} INFO - Processing /home/airflow/.local/lib/python3.12/site-packages/airflow/example_dags/example_subdag_operator.py took 0.081 seconds
[2024-05-05T18:40:32.044+0000] {processor.py:161} INFO - Started process (PID=303) to work on /home/airflow/.local/lib/python3.12/site-packages/airflow/example_dags/example_subdag_operator.py
[2024-05-05T18:40:32.045+0000] {processor.py:830} INFO - Processing file /home/airflow/.local/lib/python3.12/site-packages/airflow/example_dags/example_subdag_operator.py for tasks to queue
[2024-05-05T18:40:32.046+0000] {logging_mixin.py:188} INFO - [2024-05-05T18:40:32.046+0000] {dagbag.py:540} INFO - Filling up the DagBag from /home/airflow/.local/lib/python3.12/site-packages/airflow/example_dags/example_subdag_operator.py
[2024-05-05T18:40:32.065+0000] {processor.py:840} INFO - DAG(s) 'example_subdag_operator.section-1', 'example_subdag_operator.section-2', 'example_subdag_operator' retrieved from /home/airflow/.local/lib/python3.12/site-packages/airflow/example_dags/example_subdag_operator.py
[2024-05-05T18:40:32.078+0000] {logging_mixin.py:188} INFO - [2024-05-05T18:40:32.077+0000] {dag.py:3096} INFO - Sync 3 DAGs
[2024-05-05T18:40:32.095+0000] {logging_mixin.py:188} INFO - [2024-05-05T18:40:32.095+0000] {dag.py:3954} INFO - Setting next_dagrun for example_subdag_operator to 2022-01-01 00:00:00+00:00, run_after=2022-01-01 00:00:00+00:00
[2024-05-05T18:40:32.099+0000] {logging_mixin.py:188} INFO - [2024-05-05T18:40:32.099+0000] {dag.py:3954} INFO - Setting next_dagrun for example_subdag_operator.section-1 to None, run_after=None
[2024-05-05T18:40:32.100+0000] {logging_mixin.py:188} INFO - [2024-05-05T18:40:32.100+0000] {dag.py:3954} INFO - Setting next_dagrun for example_subdag_operator.section-2 to None, run_after=None
[2024-05-05T18:40:32.105+0000] {logging_mixin.py:188} INFO - [2024-05-05T18:40:32.105+0000] {dag.py:3096} INFO - Sync 2 DAGs
[2024-05-05T18:40:32.110+0000] {logging_mixin.py:188} INFO - [2024-05-05T18:40:32.110+0000] {dag.py:3954} INFO - Setting next_dagrun for example_subdag_operator.section-1 to None, run_after=None
[2024-05-05T18:40:32.110+0000] {logging_mixin.py:188} INFO - [2024-05-05T18:40:32.110+0000] {dag.py:3954} INFO - Setting next_dagrun for example_subdag_operator.section-2 to None, run_after=None
[2024-05-05T18:40:32.121+0000] {processor.py:183} INFO - Processing /home/airflow/.local/lib/python3.12/site-packages/airflow/example_dags/example_subdag_operator.py took 0.081 seconds
[2024-05-05T18:49:27.737+0000] {processor.py:161} INFO - Started process (PID=47) to work on /home/airflow/.local/lib/python3.12/site-packages/airflow/example_dags/example_subdag_operator.py
[2024-05-05T18:49:27.738+0000] {processor.py:830} INFO - Processing file /home/airflow/.local/lib/python3.12/site-packages/airflow/example_dags/example_subdag_operator.py for tasks to queue
[2024-05-05T18:49:27.739+0000] {logging_mixin.py:188} INFO - [2024-05-05T18:49:27.739+0000] {dagbag.py:540} INFO - Filling up the DagBag from /home/airflow/.local/lib/python3.12/site-packages/airflow/example_dags/example_subdag_operator.py
[2024-05-05T18:49:27.762+0000] {processor.py:840} INFO - DAG(s) 'example_subdag_operator.section-1', 'example_subdag_operator.section-2', 'example_subdag_operator' retrieved from /home/airflow/.local/lib/python3.12/site-packages/airflow/example_dags/example_subdag_operator.py
[2024-05-05T18:49:27.766+0000] {logging_mixin.py:188} INFO - [2024-05-05T18:49:27.765+0000] {dag.py:3096} INFO - Sync 3 DAGs
[2024-05-05T18:49:27.787+0000] {logging_mixin.py:188} INFO - [2024-05-05T18:49:27.787+0000] {dag.py:3954} INFO - Setting next_dagrun for example_subdag_operator to 2022-01-01 00:00:00+00:00, run_after=2022-01-01 00:00:00+00:00
[2024-05-05T18:49:27.790+0000] {logging_mixin.py:188} INFO - [2024-05-05T18:49:27.790+0000] {dag.py:3954} INFO - Setting next_dagrun for example_subdag_operator.section-1 to None, run_after=None
[2024-05-05T18:49:27.791+0000] {logging_mixin.py:188} INFO - [2024-05-05T18:49:27.791+0000] {dag.py:3954} INFO - Setting next_dagrun for example_subdag_operator.section-2 to None, run_after=None
[2024-05-05T18:49:27.799+0000] {logging_mixin.py:188} INFO - [2024-05-05T18:49:27.799+0000] {dag.py:3096} INFO - Sync 2 DAGs
[2024-05-05T18:49:27.804+0000] {logging_mixin.py:188} INFO - [2024-05-05T18:49:27.803+0000] {dag.py:3954} INFO - Setting next_dagrun for example_subdag_operator.section-1 to None, run_after=None
[2024-05-05T18:49:27.804+0000] {logging_mixin.py:188} INFO - [2024-05-05T18:49:27.804+0000] {dag.py:3954} INFO - Setting next_dagrun for example_subdag_operator.section-2 to None, run_after=None
[2024-05-05T18:49:27.817+0000] {processor.py:183} INFO - Processing /home/airflow/.local/lib/python3.12/site-packages/airflow/example_dags/example_subdag_operator.py took 0.086 seconds
[2024-05-05T18:49:59.005+0000] {processor.py:161} INFO - Started process (PID=107) to work on /home/airflow/.local/lib/python3.12/site-packages/airflow/example_dags/example_subdag_operator.py
[2024-05-05T18:49:59.007+0000] {processor.py:830} INFO - Processing file /home/airflow/.local/lib/python3.12/site-packages/airflow/example_dags/example_subdag_operator.py for tasks to queue
[2024-05-05T18:49:59.008+0000] {logging_mixin.py:188} INFO - [2024-05-05T18:49:59.008+0000] {dagbag.py:540} INFO - Filling up the DagBag from /home/airflow/.local/lib/python3.12/site-packages/airflow/example_dags/example_subdag_operator.py
[2024-05-05T18:49:59.029+0000] {processor.py:840} INFO - DAG(s) 'example_subdag_operator.section-1', 'example_subdag_operator.section-2', 'example_subdag_operator' retrieved from /home/airflow/.local/lib/python3.12/site-packages/airflow/example_dags/example_subdag_operator.py
[2024-05-05T18:49:59.106+0000] {logging_mixin.py:188} INFO - [2024-05-05T18:49:59.105+0000] {dag.py:3096} INFO - Sync 3 DAGs
[2024-05-05T18:49:59.120+0000] {logging_mixin.py:188} INFO - [2024-05-05T18:49:59.120+0000] {dag.py:3954} INFO - Setting next_dagrun for example_subdag_operator to 2022-01-01 00:00:00+00:00, run_after=2022-01-01 00:00:00+00:00
[2024-05-05T18:49:59.122+0000] {logging_mixin.py:188} INFO - [2024-05-05T18:49:59.122+0000] {dag.py:3954} INFO - Setting next_dagrun for example_subdag_operator.section-1 to None, run_after=None
[2024-05-05T18:49:59.123+0000] {logging_mixin.py:188} INFO - [2024-05-05T18:49:59.123+0000] {dag.py:3954} INFO - Setting next_dagrun for example_subdag_operator.section-2 to None, run_after=None
[2024-05-05T18:49:59.130+0000] {logging_mixin.py:188} INFO - [2024-05-05T18:49:59.130+0000] {dag.py:3096} INFO - Sync 2 DAGs
[2024-05-05T18:49:59.133+0000] {logging_mixin.py:188} INFO - [2024-05-05T18:49:59.133+0000] {dag.py:3954} INFO - Setting next_dagrun for example_subdag_operator.section-1 to None, run_after=None
[2024-05-05T18:49:59.133+0000] {logging_mixin.py:188} INFO - [2024-05-05T18:49:59.133+0000] {dag.py:3954} INFO - Setting next_dagrun for example_subdag_operator.section-2 to None, run_after=None
[2024-05-05T18:49:59.142+0000] {processor.py:183} INFO - Processing /home/airflow/.local/lib/python3.12/site-packages/airflow/example_dags/example_subdag_operator.py took 0.142 seconds
[2024-05-05T18:50:30.017+0000] {processor.py:161} INFO - Started process (PID=167) to work on /home/airflow/.local/lib/python3.12/site-packages/airflow/example_dags/example_subdag_operator.py
[2024-05-05T18:50:30.019+0000] {processor.py:830} INFO - Processing file /home/airflow/.local/lib/python3.12/site-packages/airflow/example_dags/example_subdag_operator.py for tasks to queue
[2024-05-05T18:50:30.023+0000] {logging_mixin.py:188} INFO - [2024-05-05T18:50:30.022+0000] {dagbag.py:540} INFO - Filling up the DagBag from /home/airflow/.local/lib/python3.12/site-packages/airflow/example_dags/example_subdag_operator.py
[2024-05-05T18:50:30.069+0000] {processor.py:840} INFO - DAG(s) 'example_subdag_operator.section-1', 'example_subdag_operator.section-2', 'example_subdag_operator' retrieved from /home/airflow/.local/lib/python3.12/site-packages/airflow/example_dags/example_subdag_operator.py
[2024-05-05T18:50:30.100+0000] {logging_mixin.py:188} INFO - [2024-05-05T18:50:30.100+0000] {dag.py:3096} INFO - Sync 3 DAGs
[2024-05-05T18:50:30.133+0000] {logging_mixin.py:188} INFO - [2024-05-05T18:50:30.132+0000] {dag.py:3954} INFO - Setting next_dagrun for example_subdag_operator to 2022-01-01 00:00:00+00:00, run_after=2022-01-01 00:00:00+00:00
[2024-05-05T18:50:30.138+0000] {logging_mixin.py:188} INFO - [2024-05-05T18:50:30.137+0000] {dag.py:3954} INFO - Setting next_dagrun for example_subdag_operator.section-1 to None, run_after=None
[2024-05-05T18:50:30.140+0000] {logging_mixin.py:188} INFO - [2024-05-05T18:50:30.140+0000] {dag.py:3954} INFO - Setting next_dagrun for example_subdag_operator.section-2 to None, run_after=None
[2024-05-05T18:50:30.153+0000] {logging_mixin.py:188} INFO - [2024-05-05T18:50:30.152+0000] {dag.py:3096} INFO - Sync 2 DAGs
[2024-05-05T18:50:30.159+0000] {logging_mixin.py:188} INFO - [2024-05-05T18:50:30.159+0000] {dag.py:3954} INFO - Setting next_dagrun for example_subdag_operator.section-1 to None, run_after=None
[2024-05-05T18:50:30.159+0000] {logging_mixin.py:188} INFO - [2024-05-05T18:50:30.159+0000] {dag.py:3954} INFO - Setting next_dagrun for example_subdag_operator.section-2 to None, run_after=None
[2024-05-05T18:50:30.175+0000] {processor.py:183} INFO - Processing /home/airflow/.local/lib/python3.12/site-packages/airflow/example_dags/example_subdag_operator.py took 0.167 seconds
[2024-05-05T18:51:00.678+0000] {processor.py:161} INFO - Started process (PID=229) to work on /home/airflow/.local/lib/python3.12/site-packages/airflow/example_dags/example_subdag_operator.py
[2024-05-05T18:51:00.679+0000] {processor.py:830} INFO - Processing file /home/airflow/.local/lib/python3.12/site-packages/airflow/example_dags/example_subdag_operator.py for tasks to queue
[2024-05-05T18:51:00.680+0000] {logging_mixin.py:188} INFO - [2024-05-05T18:51:00.680+0000] {dagbag.py:540} INFO - Filling up the DagBag from /home/airflow/.local/lib/python3.12/site-packages/airflow/example_dags/example_subdag_operator.py
[2024-05-05T18:51:00.698+0000] {processor.py:840} INFO - DAG(s) 'example_subdag_operator.section-1', 'example_subdag_operator.section-2', 'example_subdag_operator' retrieved from /home/airflow/.local/lib/python3.12/site-packages/airflow/example_dags/example_subdag_operator.py
[2024-05-05T18:51:00.710+0000] {logging_mixin.py:188} INFO - [2024-05-05T18:51:00.709+0000] {dag.py:3096} INFO - Sync 3 DAGs
[2024-05-05T18:51:00.727+0000] {logging_mixin.py:188} INFO - [2024-05-05T18:51:00.727+0000] {dag.py:3954} INFO - Setting next_dagrun for example_subdag_operator to 2022-01-01 00:00:00+00:00, run_after=2022-01-01 00:00:00+00:00
[2024-05-05T18:51:00.730+0000] {logging_mixin.py:188} INFO - [2024-05-05T18:51:00.730+0000] {dag.py:3954} INFO - Setting next_dagrun for example_subdag_operator.section-1 to None, run_after=None
[2024-05-05T18:51:00.731+0000] {logging_mixin.py:188} INFO - [2024-05-05T18:51:00.731+0000] {dag.py:3954} INFO - Setting next_dagrun for example_subdag_operator.section-2 to None, run_after=None
[2024-05-05T18:51:00.736+0000] {logging_mixin.py:188} INFO - [2024-05-05T18:51:00.736+0000] {dag.py:3096} INFO - Sync 2 DAGs
[2024-05-05T18:51:00.740+0000] {logging_mixin.py:188} INFO - [2024-05-05T18:51:00.740+0000] {dag.py:3954} INFO - Setting next_dagrun for example_subdag_operator.section-1 to None, run_after=None
[2024-05-05T18:51:00.740+0000] {logging_mixin.py:188} INFO - [2024-05-05T18:51:00.740+0000] {dag.py:3954} INFO - Setting next_dagrun for example_subdag_operator.section-2 to None, run_after=None
[2024-05-05T18:51:00.750+0000] {processor.py:183} INFO - Processing /home/airflow/.local/lib/python3.12/site-packages/airflow/example_dags/example_subdag_operator.py took 0.077 seconds
[2024-05-05T18:51:30.978+0000] {processor.py:161} INFO - Started process (PID=289) to work on /home/airflow/.local/lib/python3.12/site-packages/airflow/example_dags/example_subdag_operator.py
[2024-05-05T18:51:30.979+0000] {processor.py:830} INFO - Processing file /home/airflow/.local/lib/python3.12/site-packages/airflow/example_dags/example_subdag_operator.py for tasks to queue
[2024-05-05T18:51:30.980+0000] {logging_mixin.py:188} INFO - [2024-05-05T18:51:30.980+0000] {dagbag.py:540} INFO - Filling up the DagBag from /home/airflow/.local/lib/python3.12/site-packages/airflow/example_dags/example_subdag_operator.py
[2024-05-05T18:51:30.999+0000] {processor.py:840} INFO - DAG(s) 'example_subdag_operator.section-1', 'example_subdag_operator.section-2', 'example_subdag_operator' retrieved from /home/airflow/.local/lib/python3.12/site-packages/airflow/example_dags/example_subdag_operator.py
[2024-05-05T18:51:31.012+0000] {logging_mixin.py:188} INFO - [2024-05-05T18:51:31.011+0000] {dag.py:3096} INFO - Sync 3 DAGs
[2024-05-05T18:51:31.028+0000] {logging_mixin.py:188} INFO - [2024-05-05T18:51:31.028+0000] {dag.py:3954} INFO - Setting next_dagrun for example_subdag_operator to 2022-01-01 00:00:00+00:00, run_after=2022-01-01 00:00:00+00:00
[2024-05-05T18:51:31.031+0000] {logging_mixin.py:188} INFO - [2024-05-05T18:51:31.031+0000] {dag.py:3954} INFO - Setting next_dagrun for example_subdag_operator.section-1 to None, run_after=None
[2024-05-05T18:51:31.032+0000] {logging_mixin.py:188} INFO - [2024-05-05T18:51:31.032+0000] {dag.py:3954} INFO - Setting next_dagrun for example_subdag_operator.section-2 to None, run_after=None
[2024-05-05T18:51:31.038+0000] {logging_mixin.py:188} INFO - [2024-05-05T18:51:31.037+0000] {dag.py:3096} INFO - Sync 2 DAGs
[2024-05-05T18:51:31.042+0000] {logging_mixin.py:188} INFO - [2024-05-05T18:51:31.042+0000] {dag.py:3954} INFO - Setting next_dagrun for example_subdag_operator.section-1 to None, run_after=None
[2024-05-05T18:51:31.042+0000] {logging_mixin.py:188} INFO - [2024-05-05T18:51:31.042+0000] {dag.py:3954} INFO - Setting next_dagrun for example_subdag_operator.section-2 to None, run_after=None
[2024-05-05T18:51:31.052+0000] {processor.py:183} INFO - Processing /home/airflow/.local/lib/python3.12/site-packages/airflow/example_dags/example_subdag_operator.py took 0.079 seconds
