[2024-05-05T18:35:46.946+0000] {processor.py:161} INFO - Started process (PID=53) to work on /home/airflow/.local/lib/python3.12/site-packages/airflow/example_dags/example_local_kubernetes_executor.py
[2024-05-05T18:35:46.947+0000] {processor.py:830} INFO - Processing file /home/airflow/.local/lib/python3.12/site-packages/airflow/example_dags/example_local_kubernetes_executor.py for tasks to queue
[2024-05-05T18:35:46.948+0000] {logging_mixin.py:188} INFO - [2024-05-05T18:35:46.948+0000] {dagbag.py:540} INFO - Filling up the DagBag from /home/airflow/.local/lib/python3.12/site-packages/airflow/example_dags/example_local_kubernetes_executor.py
[2024-05-05T18:35:46.954+0000] {processor.py:840} INFO - DAG(s) 'example_local_kubernetes_executor' retrieved from /home/airflow/.local/lib/python3.12/site-packages/airflow/example_dags/example_local_kubernetes_executor.py
[2024-05-05T18:35:47.067+0000] {logging_mixin.py:188} INFO - [2024-05-05T18:35:47.067+0000] {override.py:1829} INFO - Created Permission View: can edit on DAG:example_local_kubernetes_executor
[2024-05-05T18:35:47.076+0000] {logging_mixin.py:188} INFO - [2024-05-05T18:35:47.076+0000] {override.py:1829} INFO - Created Permission View: can delete on DAG:example_local_kubernetes_executor
[2024-05-05T18:35:47.082+0000] {logging_mixin.py:188} INFO - [2024-05-05T18:35:47.082+0000] {override.py:1829} INFO - Created Permission View: can read on DAG:example_local_kubernetes_executor
[2024-05-05T18:35:47.082+0000] {logging_mixin.py:188} INFO - [2024-05-05T18:35:47.082+0000] {dag.py:3096} INFO - Sync 1 DAGs
[2024-05-05T18:35:47.093+0000] {logging_mixin.py:188} INFO - [2024-05-05T18:35:47.093+0000] {dag.py:3118} INFO - Creating ORM DAG for example_local_kubernetes_executor
[2024-05-05T18:35:47.094+0000] {logging_mixin.py:188} INFO - [2024-05-05T18:35:47.094+0000] {dag.py:3954} INFO - Setting next_dagrun for example_local_kubernetes_executor to None, run_after=None
[2024-05-05T18:35:47.110+0000] {processor.py:183} INFO - Processing /home/airflow/.local/lib/python3.12/site-packages/airflow/example_dags/example_local_kubernetes_executor.py took 0.168 seconds
[2024-05-05T18:36:17.167+0000] {processor.py:161} INFO - Started process (PID=111) to work on /home/airflow/.local/lib/python3.12/site-packages/airflow/example_dags/example_local_kubernetes_executor.py
[2024-05-05T18:36:17.168+0000] {processor.py:830} INFO - Processing file /home/airflow/.local/lib/python3.12/site-packages/airflow/example_dags/example_local_kubernetes_executor.py for tasks to queue
[2024-05-05T18:36:17.169+0000] {logging_mixin.py:188} INFO - [2024-05-05T18:36:17.169+0000] {dagbag.py:540} INFO - Filling up the DagBag from /home/airflow/.local/lib/python3.12/site-packages/airflow/example_dags/example_local_kubernetes_executor.py
[2024-05-05T18:36:17.175+0000] {processor.py:840} INFO - DAG(s) 'example_local_kubernetes_executor' retrieved from /home/airflow/.local/lib/python3.12/site-packages/airflow/example_dags/example_local_kubernetes_executor.py
[2024-05-05T18:36:17.201+0000] {logging_mixin.py:188} INFO - [2024-05-05T18:36:17.200+0000] {dag.py:3096} INFO - Sync 1 DAGs
[2024-05-05T18:36:17.211+0000] {logging_mixin.py:188} INFO - [2024-05-05T18:36:17.210+0000] {dag.py:3954} INFO - Setting next_dagrun for example_local_kubernetes_executor to None, run_after=None
[2024-05-05T18:36:17.229+0000] {processor.py:183} INFO - Processing /home/airflow/.local/lib/python3.12/site-packages/airflow/example_dags/example_local_kubernetes_executor.py took 0.067 seconds
[2024-05-05T18:36:47.357+0000] {processor.py:161} INFO - Started process (PID=169) to work on /home/airflow/.local/lib/python3.12/site-packages/airflow/example_dags/example_local_kubernetes_executor.py
[2024-05-05T18:36:47.358+0000] {processor.py:830} INFO - Processing file /home/airflow/.local/lib/python3.12/site-packages/airflow/example_dags/example_local_kubernetes_executor.py for tasks to queue
[2024-05-05T18:36:47.360+0000] {logging_mixin.py:188} INFO - [2024-05-05T18:36:47.359+0000] {dagbag.py:540} INFO - Filling up the DagBag from /home/airflow/.local/lib/python3.12/site-packages/airflow/example_dags/example_local_kubernetes_executor.py
[2024-05-05T18:36:47.365+0000] {processor.py:840} INFO - DAG(s) 'example_local_kubernetes_executor' retrieved from /home/airflow/.local/lib/python3.12/site-packages/airflow/example_dags/example_local_kubernetes_executor.py
[2024-05-05T18:36:47.388+0000] {logging_mixin.py:188} INFO - [2024-05-05T18:36:47.388+0000] {dag.py:3096} INFO - Sync 1 DAGs
[2024-05-05T18:36:47.397+0000] {logging_mixin.py:188} INFO - [2024-05-05T18:36:47.397+0000] {dag.py:3954} INFO - Setting next_dagrun for example_local_kubernetes_executor to None, run_after=None
[2024-05-05T18:36:47.411+0000] {processor.py:183} INFO - Processing /home/airflow/.local/lib/python3.12/site-packages/airflow/example_dags/example_local_kubernetes_executor.py took 0.059 seconds
[2024-05-05T18:37:17.475+0000] {processor.py:161} INFO - Started process (PID=227) to work on /home/airflow/.local/lib/python3.12/site-packages/airflow/example_dags/example_local_kubernetes_executor.py
[2024-05-05T18:37:17.476+0000] {processor.py:830} INFO - Processing file /home/airflow/.local/lib/python3.12/site-packages/airflow/example_dags/example_local_kubernetes_executor.py for tasks to queue
[2024-05-05T18:37:17.477+0000] {logging_mixin.py:188} INFO - [2024-05-05T18:37:17.477+0000] {dagbag.py:540} INFO - Filling up the DagBag from /home/airflow/.local/lib/python3.12/site-packages/airflow/example_dags/example_local_kubernetes_executor.py
[2024-05-05T18:37:17.483+0000] {processor.py:840} INFO - DAG(s) 'example_local_kubernetes_executor' retrieved from /home/airflow/.local/lib/python3.12/site-packages/airflow/example_dags/example_local_kubernetes_executor.py
[2024-05-05T18:37:17.508+0000] {logging_mixin.py:188} INFO - [2024-05-05T18:37:17.508+0000] {dag.py:3096} INFO - Sync 1 DAGs
[2024-05-05T18:37:17.518+0000] {logging_mixin.py:188} INFO - [2024-05-05T18:37:17.518+0000] {dag.py:3954} INFO - Setting next_dagrun for example_local_kubernetes_executor to None, run_after=None
[2024-05-05T18:37:17.532+0000] {processor.py:183} INFO - Processing /home/airflow/.local/lib/python3.12/site-packages/airflow/example_dags/example_local_kubernetes_executor.py took 0.061 seconds
[2024-05-05T18:38:30.458+0000] {processor.py:161} INFO - Started process (PID=56) to work on /home/airflow/.local/lib/python3.12/site-packages/airflow/example_dags/example_local_kubernetes_executor.py
[2024-05-05T18:38:30.459+0000] {processor.py:830} INFO - Processing file /home/airflow/.local/lib/python3.12/site-packages/airflow/example_dags/example_local_kubernetes_executor.py for tasks to queue
[2024-05-05T18:38:30.460+0000] {logging_mixin.py:188} INFO - [2024-05-05T18:38:30.460+0000] {dagbag.py:540} INFO - Filling up the DagBag from /home/airflow/.local/lib/python3.12/site-packages/airflow/example_dags/example_local_kubernetes_executor.py
[2024-05-05T18:38:30.467+0000] {processor.py:840} INFO - DAG(s) 'example_local_kubernetes_executor' retrieved from /home/airflow/.local/lib/python3.12/site-packages/airflow/example_dags/example_local_kubernetes_executor.py
[2024-05-05T18:38:30.479+0000] {logging_mixin.py:188} INFO - [2024-05-05T18:38:30.479+0000] {dag.py:3096} INFO - Sync 1 DAGs
[2024-05-05T18:38:30.492+0000] {logging_mixin.py:188} INFO - [2024-05-05T18:38:30.491+0000] {dag.py:3954} INFO - Setting next_dagrun for example_local_kubernetes_executor to None, run_after=None
[2024-05-05T18:38:30.513+0000] {processor.py:183} INFO - Processing /home/airflow/.local/lib/python3.12/site-packages/airflow/example_dags/example_local_kubernetes_executor.py took 0.061 seconds
[2024-05-05T18:39:01.213+0000] {processor.py:161} INFO - Started process (PID=126) to work on /home/airflow/.local/lib/python3.12/site-packages/airflow/example_dags/example_local_kubernetes_executor.py
[2024-05-05T18:39:01.214+0000] {processor.py:830} INFO - Processing file /home/airflow/.local/lib/python3.12/site-packages/airflow/example_dags/example_local_kubernetes_executor.py for tasks to queue
[2024-05-05T18:39:01.216+0000] {logging_mixin.py:188} INFO - [2024-05-05T18:39:01.215+0000] {dagbag.py:540} INFO - Filling up the DagBag from /home/airflow/.local/lib/python3.12/site-packages/airflow/example_dags/example_local_kubernetes_executor.py
[2024-05-05T18:39:01.221+0000] {processor.py:840} INFO - DAG(s) 'example_local_kubernetes_executor' retrieved from /home/airflow/.local/lib/python3.12/site-packages/airflow/example_dags/example_local_kubernetes_executor.py
[2024-05-05T18:39:01.308+0000] {logging_mixin.py:188} INFO - [2024-05-05T18:39:01.308+0000] {dag.py:3096} INFO - Sync 1 DAGs
[2024-05-05T18:39:01.317+0000] {logging_mixin.py:188} INFO - [2024-05-05T18:39:01.317+0000] {dag.py:3954} INFO - Setting next_dagrun for example_local_kubernetes_executor to None, run_after=None
[2024-05-05T18:39:01.333+0000] {processor.py:183} INFO - Processing /home/airflow/.local/lib/python3.12/site-packages/airflow/example_dags/example_local_kubernetes_executor.py took 0.125 seconds
[2024-05-05T18:39:31.653+0000] {processor.py:161} INFO - Started process (PID=194) to work on /home/airflow/.local/lib/python3.12/site-packages/airflow/example_dags/example_local_kubernetes_executor.py
[2024-05-05T18:39:31.654+0000] {processor.py:830} INFO - Processing file /home/airflow/.local/lib/python3.12/site-packages/airflow/example_dags/example_local_kubernetes_executor.py for tasks to queue
[2024-05-05T18:39:31.655+0000] {logging_mixin.py:188} INFO - [2024-05-05T18:39:31.655+0000] {dagbag.py:540} INFO - Filling up the DagBag from /home/airflow/.local/lib/python3.12/site-packages/airflow/example_dags/example_local_kubernetes_executor.py
[2024-05-05T18:39:31.662+0000] {processor.py:840} INFO - DAG(s) 'example_local_kubernetes_executor' retrieved from /home/airflow/.local/lib/python3.12/site-packages/airflow/example_dags/example_local_kubernetes_executor.py
[2024-05-05T18:39:31.690+0000] {logging_mixin.py:188} INFO - [2024-05-05T18:39:31.690+0000] {dag.py:3096} INFO - Sync 1 DAGs
[2024-05-05T18:39:31.701+0000] {logging_mixin.py:188} INFO - [2024-05-05T18:39:31.700+0000] {dag.py:3954} INFO - Setting next_dagrun for example_local_kubernetes_executor to None, run_after=None
[2024-05-05T18:39:31.719+0000] {processor.py:183} INFO - Processing /home/airflow/.local/lib/python3.12/site-packages/airflow/example_dags/example_local_kubernetes_executor.py took 0.070 seconds
[2024-05-05T18:40:02.153+0000] {processor.py:161} INFO - Started process (PID=254) to work on /home/airflow/.local/lib/python3.12/site-packages/airflow/example_dags/example_local_kubernetes_executor.py
[2024-05-05T18:40:02.154+0000] {processor.py:830} INFO - Processing file /home/airflow/.local/lib/python3.12/site-packages/airflow/example_dags/example_local_kubernetes_executor.py for tasks to queue
[2024-05-05T18:40:02.156+0000] {logging_mixin.py:188} INFO - [2024-05-05T18:40:02.155+0000] {dagbag.py:540} INFO - Filling up the DagBag from /home/airflow/.local/lib/python3.12/site-packages/airflow/example_dags/example_local_kubernetes_executor.py
[2024-05-05T18:40:02.162+0000] {processor.py:840} INFO - DAG(s) 'example_local_kubernetes_executor' retrieved from /home/airflow/.local/lib/python3.12/site-packages/airflow/example_dags/example_local_kubernetes_executor.py
[2024-05-05T18:40:02.191+0000] {logging_mixin.py:188} INFO - [2024-05-05T18:40:02.191+0000] {dag.py:3096} INFO - Sync 1 DAGs
[2024-05-05T18:40:02.203+0000] {logging_mixin.py:188} INFO - [2024-05-05T18:40:02.203+0000] {dag.py:3954} INFO - Setting next_dagrun for example_local_kubernetes_executor to None, run_after=None
[2024-05-05T18:40:02.221+0000] {processor.py:183} INFO - Processing /home/airflow/.local/lib/python3.12/site-packages/airflow/example_dags/example_local_kubernetes_executor.py took 0.073 seconds
[2024-05-05T18:40:32.428+0000] {processor.py:161} INFO - Started process (PID=312) to work on /home/airflow/.local/lib/python3.12/site-packages/airflow/example_dags/example_local_kubernetes_executor.py
[2024-05-05T18:40:32.429+0000] {processor.py:830} INFO - Processing file /home/airflow/.local/lib/python3.12/site-packages/airflow/example_dags/example_local_kubernetes_executor.py for tasks to queue
[2024-05-05T18:40:32.430+0000] {logging_mixin.py:188} INFO - [2024-05-05T18:40:32.430+0000] {dagbag.py:540} INFO - Filling up the DagBag from /home/airflow/.local/lib/python3.12/site-packages/airflow/example_dags/example_local_kubernetes_executor.py
[2024-05-05T18:40:32.436+0000] {processor.py:840} INFO - DAG(s) 'example_local_kubernetes_executor' retrieved from /home/airflow/.local/lib/python3.12/site-packages/airflow/example_dags/example_local_kubernetes_executor.py
[2024-05-05T18:40:32.463+0000] {logging_mixin.py:188} INFO - [2024-05-05T18:40:32.463+0000] {dag.py:3096} INFO - Sync 1 DAGs
[2024-05-05T18:40:32.473+0000] {logging_mixin.py:188} INFO - [2024-05-05T18:40:32.473+0000] {dag.py:3954} INFO - Setting next_dagrun for example_local_kubernetes_executor to None, run_after=None
[2024-05-05T18:40:32.488+0000] {processor.py:183} INFO - Processing /home/airflow/.local/lib/python3.12/site-packages/airflow/example_dags/example_local_kubernetes_executor.py took 0.065 seconds
[2024-05-05T18:49:28.332+0000] {processor.py:161} INFO - Started process (PID=56) to work on /home/airflow/.local/lib/python3.12/site-packages/airflow/example_dags/example_local_kubernetes_executor.py
[2024-05-05T18:49:28.333+0000] {processor.py:830} INFO - Processing file /home/airflow/.local/lib/python3.12/site-packages/airflow/example_dags/example_local_kubernetes_executor.py for tasks to queue
[2024-05-05T18:49:28.335+0000] {logging_mixin.py:188} INFO - [2024-05-05T18:49:28.334+0000] {dagbag.py:540} INFO - Filling up the DagBag from /home/airflow/.local/lib/python3.12/site-packages/airflow/example_dags/example_local_kubernetes_executor.py
[2024-05-05T18:49:28.342+0000] {processor.py:840} INFO - DAG(s) 'example_local_kubernetes_executor' retrieved from /home/airflow/.local/lib/python3.12/site-packages/airflow/example_dags/example_local_kubernetes_executor.py
[2024-05-05T18:49:28.354+0000] {logging_mixin.py:188} INFO - [2024-05-05T18:49:28.353+0000] {dag.py:3096} INFO - Sync 1 DAGs
[2024-05-05T18:49:28.375+0000] {logging_mixin.py:188} INFO - [2024-05-05T18:49:28.375+0000] {dag.py:3954} INFO - Setting next_dagrun for example_local_kubernetes_executor to None, run_after=None
[2024-05-05T18:49:28.406+0000] {processor.py:183} INFO - Processing /home/airflow/.local/lib/python3.12/site-packages/airflow/example_dags/example_local_kubernetes_executor.py took 0.080 seconds
[2024-05-05T18:49:59.751+0000] {processor.py:161} INFO - Started process (PID=116) to work on /home/airflow/.local/lib/python3.12/site-packages/airflow/example_dags/example_local_kubernetes_executor.py
[2024-05-05T18:49:59.752+0000] {processor.py:830} INFO - Processing file /home/airflow/.local/lib/python3.12/site-packages/airflow/example_dags/example_local_kubernetes_executor.py for tasks to queue
[2024-05-05T18:49:59.753+0000] {logging_mixin.py:188} INFO - [2024-05-05T18:49:59.753+0000] {dagbag.py:540} INFO - Filling up the DagBag from /home/airflow/.local/lib/python3.12/site-packages/airflow/example_dags/example_local_kubernetes_executor.py
[2024-05-05T18:49:59.759+0000] {processor.py:840} INFO - DAG(s) 'example_local_kubernetes_executor' retrieved from /home/airflow/.local/lib/python3.12/site-packages/airflow/example_dags/example_local_kubernetes_executor.py
[2024-05-05T18:49:59.842+0000] {logging_mixin.py:188} INFO - [2024-05-05T18:49:59.842+0000] {dag.py:3096} INFO - Sync 1 DAGs
[2024-05-05T18:49:59.850+0000] {logging_mixin.py:188} INFO - [2024-05-05T18:49:59.850+0000] {dag.py:3954} INFO - Setting next_dagrun for example_local_kubernetes_executor to None, run_after=None
[2024-05-05T18:49:59.865+0000] {processor.py:183} INFO - Processing /home/airflow/.local/lib/python3.12/site-packages/airflow/example_dags/example_local_kubernetes_executor.py took 0.118 seconds
[2024-05-05T18:50:30.857+0000] {processor.py:161} INFO - Started process (PID=176) to work on /home/airflow/.local/lib/python3.12/site-packages/airflow/example_dags/example_local_kubernetes_executor.py
[2024-05-05T18:50:30.858+0000] {processor.py:830} INFO - Processing file /home/airflow/.local/lib/python3.12/site-packages/airflow/example_dags/example_local_kubernetes_executor.py for tasks to queue
[2024-05-05T18:50:30.859+0000] {logging_mixin.py:188} INFO - [2024-05-05T18:50:30.859+0000] {dagbag.py:540} INFO - Filling up the DagBag from /home/airflow/.local/lib/python3.12/site-packages/airflow/example_dags/example_local_kubernetes_executor.py
[2024-05-05T18:50:30.867+0000] {processor.py:840} INFO - DAG(s) 'example_local_kubernetes_executor' retrieved from /home/airflow/.local/lib/python3.12/site-packages/airflow/example_dags/example_local_kubernetes_executor.py
[2024-05-05T18:50:30.891+0000] {logging_mixin.py:188} INFO - [2024-05-05T18:50:30.891+0000] {dag.py:3096} INFO - Sync 1 DAGs
[2024-05-05T18:50:30.901+0000] {logging_mixin.py:188} INFO - [2024-05-05T18:50:30.901+0000] {dag.py:3954} INFO - Setting next_dagrun for example_local_kubernetes_executor to None, run_after=None
[2024-05-05T18:50:30.919+0000] {processor.py:183} INFO - Processing /home/airflow/.local/lib/python3.12/site-packages/airflow/example_dags/example_local_kubernetes_executor.py took 0.068 seconds
[2024-05-05T18:51:01.243+0000] {processor.py:161} INFO - Started process (PID=240) to work on /home/airflow/.local/lib/python3.12/site-packages/airflow/example_dags/example_local_kubernetes_executor.py
[2024-05-05T18:51:01.244+0000] {processor.py:830} INFO - Processing file /home/airflow/.local/lib/python3.12/site-packages/airflow/example_dags/example_local_kubernetes_executor.py for tasks to queue
[2024-05-05T18:51:01.245+0000] {logging_mixin.py:188} INFO - [2024-05-05T18:51:01.245+0000] {dagbag.py:540} INFO - Filling up the DagBag from /home/airflow/.local/lib/python3.12/site-packages/airflow/example_dags/example_local_kubernetes_executor.py
[2024-05-05T18:51:01.251+0000] {processor.py:840} INFO - DAG(s) 'example_local_kubernetes_executor' retrieved from /home/airflow/.local/lib/python3.12/site-packages/airflow/example_dags/example_local_kubernetes_executor.py
[2024-05-05T18:51:01.275+0000] {logging_mixin.py:188} INFO - [2024-05-05T18:51:01.275+0000] {dag.py:3096} INFO - Sync 1 DAGs
[2024-05-05T18:51:01.285+0000] {logging_mixin.py:188} INFO - [2024-05-05T18:51:01.285+0000] {dag.py:3954} INFO - Setting next_dagrun for example_local_kubernetes_executor to None, run_after=None
[2024-05-05T18:51:01.299+0000] {processor.py:183} INFO - Processing /home/airflow/.local/lib/python3.12/site-packages/airflow/example_dags/example_local_kubernetes_executor.py took 0.060 seconds
[2024-05-05T18:51:31.359+0000] {processor.py:161} INFO - Started process (PID=298) to work on /home/airflow/.local/lib/python3.12/site-packages/airflow/example_dags/example_local_kubernetes_executor.py
[2024-05-05T18:51:31.360+0000] {processor.py:830} INFO - Processing file /home/airflow/.local/lib/python3.12/site-packages/airflow/example_dags/example_local_kubernetes_executor.py for tasks to queue
[2024-05-05T18:51:31.361+0000] {logging_mixin.py:188} INFO - [2024-05-05T18:51:31.361+0000] {dagbag.py:540} INFO - Filling up the DagBag from /home/airflow/.local/lib/python3.12/site-packages/airflow/example_dags/example_local_kubernetes_executor.py
[2024-05-05T18:51:31.367+0000] {processor.py:840} INFO - DAG(s) 'example_local_kubernetes_executor' retrieved from /home/airflow/.local/lib/python3.12/site-packages/airflow/example_dags/example_local_kubernetes_executor.py
[2024-05-05T18:51:31.390+0000] {logging_mixin.py:188} INFO - [2024-05-05T18:51:31.390+0000] {dag.py:3096} INFO - Sync 1 DAGs
[2024-05-05T18:51:31.402+0000] {logging_mixin.py:188} INFO - [2024-05-05T18:51:31.402+0000] {dag.py:3954} INFO - Setting next_dagrun for example_local_kubernetes_executor to None, run_after=None
[2024-05-05T18:51:31.421+0000] {processor.py:183} INFO - Processing /home/airflow/.local/lib/python3.12/site-packages/airflow/example_dags/example_local_kubernetes_executor.py took 0.066 seconds
