[2024-05-05T18:35:48.235+0000] {processor.py:161} INFO - Started process (PID=65) to work on /home/airflow/.local/lib/python3.12/site-packages/airflow/example_dags/example_branch_datetime_operator.py
[2024-05-05T18:35:48.236+0000] {processor.py:830} INFO - Processing file /home/airflow/.local/lib/python3.12/site-packages/airflow/example_dags/example_branch_datetime_operator.py for tasks to queue
[2024-05-05T18:35:48.237+0000] {logging_mixin.py:188} INFO - [2024-05-05T18:35:48.237+0000] {dagbag.py:540} INFO - Filling up the DagBag from /home/airflow/.local/lib/python3.12/site-packages/airflow/example_dags/example_branch_datetime_operator.py
[2024-05-05T18:35:48.245+0000] {processor.py:840} INFO - DAG(s) 'example_branch_datetime_operator_2', 'example_branch_datetime_operator', 'example_branch_datetime_operator_3' retrieved from /home/airflow/.local/lib/python3.12/site-packages/airflow/example_dags/example_branch_datetime_operator.py
[2024-05-05T18:35:48.330+0000] {logging_mixin.py:188} INFO - [2024-05-05T18:35:48.329+0000] {override.py:1829} INFO - Created Permission View: can edit on DAG:example_branch_datetime_operator_2
[2024-05-05T18:35:48.339+0000] {logging_mixin.py:188} INFO - [2024-05-05T18:35:48.339+0000] {override.py:1829} INFO - Created Permission View: can delete on DAG:example_branch_datetime_operator_2
[2024-05-05T18:35:48.345+0000] {logging_mixin.py:188} INFO - [2024-05-05T18:35:48.345+0000] {override.py:1829} INFO - Created Permission View: can read on DAG:example_branch_datetime_operator_2
[2024-05-05T18:35:48.356+0000] {logging_mixin.py:188} INFO - [2024-05-05T18:35:48.355+0000] {override.py:1829} INFO - Created Permission View: can edit on DAG:example_branch_datetime_operator
[2024-05-05T18:35:48.362+0000] {logging_mixin.py:188} INFO - [2024-05-05T18:35:48.361+0000] {override.py:1829} INFO - Created Permission View: can delete on DAG:example_branch_datetime_operator
[2024-05-05T18:35:48.367+0000] {logging_mixin.py:188} INFO - [2024-05-05T18:35:48.367+0000] {override.py:1829} INFO - Created Permission View: can read on DAG:example_branch_datetime_operator
[2024-05-05T18:35:48.378+0000] {logging_mixin.py:188} INFO - [2024-05-05T18:35:48.378+0000] {override.py:1829} INFO - Created Permission View: can edit on DAG:example_branch_datetime_operator_3
[2024-05-05T18:35:48.383+0000] {logging_mixin.py:188} INFO - [2024-05-05T18:35:48.383+0000] {override.py:1829} INFO - Created Permission View: can delete on DAG:example_branch_datetime_operator_3
[2024-05-05T18:35:48.388+0000] {logging_mixin.py:188} INFO - [2024-05-05T18:35:48.388+0000] {override.py:1829} INFO - Created Permission View: can read on DAG:example_branch_datetime_operator_3
[2024-05-05T18:35:48.388+0000] {logging_mixin.py:188} INFO - [2024-05-05T18:35:48.388+0000] {dag.py:3096} INFO - Sync 3 DAGs
[2024-05-05T18:35:48.397+0000] {logging_mixin.py:188} INFO - [2024-05-05T18:35:48.397+0000] {dag.py:3118} INFO - Creating ORM DAG for example_branch_datetime_operator
[2024-05-05T18:35:48.397+0000] {logging_mixin.py:188} INFO - [2024-05-05T18:35:48.397+0000] {dag.py:3118} INFO - Creating ORM DAG for example_branch_datetime_operator_3
[2024-05-05T18:35:48.398+0000] {logging_mixin.py:188} INFO - [2024-05-05T18:35:48.398+0000] {dag.py:3118} INFO - Creating ORM DAG for example_branch_datetime_operator_2
[2024-05-05T18:35:48.406+0000] {logging_mixin.py:188} INFO - [2024-05-05T18:35:48.406+0000] {dag.py:3954} INFO - Setting next_dagrun for example_branch_datetime_operator to 2024-05-04 00:00:00+00:00, run_after=2024-05-05 00:00:00+00:00
[2024-05-05T18:35:48.408+0000] {logging_mixin.py:188} INFO - [2024-05-05T18:35:48.407+0000] {dag.py:3954} INFO - Setting next_dagrun for example_branch_datetime_operator_2 to 2024-05-04 00:00:00+00:00, run_after=2024-05-05 00:00:00+00:00
[2024-05-05T18:35:48.409+0000] {logging_mixin.py:188} INFO - [2024-05-05T18:35:48.408+0000] {dag.py:3954} INFO - Setting next_dagrun for example_branch_datetime_operator_3 to 2024-05-04 00:00:00+00:00, run_after=2024-05-05 00:00:00+00:00
[2024-05-05T18:35:48.424+0000] {processor.py:183} INFO - Processing /home/airflow/.local/lib/python3.12/site-packages/airflow/example_dags/example_branch_datetime_operator.py took 0.193 seconds
[2024-05-05T18:36:18.627+0000] {processor.py:161} INFO - Started process (PID=123) to work on /home/airflow/.local/lib/python3.12/site-packages/airflow/example_dags/example_branch_datetime_operator.py
[2024-05-05T18:36:18.628+0000] {processor.py:830} INFO - Processing file /home/airflow/.local/lib/python3.12/site-packages/airflow/example_dags/example_branch_datetime_operator.py for tasks to queue
[2024-05-05T18:36:18.631+0000] {logging_mixin.py:188} INFO - [2024-05-05T18:36:18.630+0000] {dagbag.py:540} INFO - Filling up the DagBag from /home/airflow/.local/lib/python3.12/site-packages/airflow/example_dags/example_branch_datetime_operator.py
[2024-05-05T18:36:18.639+0000] {processor.py:840} INFO - DAG(s) 'example_branch_datetime_operator', 'example_branch_datetime_operator_2', 'example_branch_datetime_operator_3' retrieved from /home/airflow/.local/lib/python3.12/site-packages/airflow/example_dags/example_branch_datetime_operator.py
[2024-05-05T18:36:18.662+0000] {logging_mixin.py:188} INFO - [2024-05-05T18:36:18.662+0000] {dag.py:3096} INFO - Sync 3 DAGs
[2024-05-05T18:36:18.683+0000] {logging_mixin.py:188} INFO - [2024-05-05T18:36:18.683+0000] {dag.py:3954} INFO - Setting next_dagrun for example_branch_datetime_operator to 2024-05-04 00:00:00+00:00, run_after=2024-05-05 00:00:00+00:00
[2024-05-05T18:36:18.688+0000] {logging_mixin.py:188} INFO - [2024-05-05T18:36:18.687+0000] {dag.py:3954} INFO - Setting next_dagrun for example_branch_datetime_operator_2 to 2024-05-04 00:00:00+00:00, run_after=2024-05-05 00:00:00+00:00
[2024-05-05T18:36:18.690+0000] {logging_mixin.py:188} INFO - [2024-05-05T18:36:18.689+0000] {dag.py:3954} INFO - Setting next_dagrun for example_branch_datetime_operator_3 to 2024-05-04 00:00:00+00:00, run_after=2024-05-05 00:00:00+00:00
[2024-05-05T18:36:18.705+0000] {processor.py:183} INFO - Processing /home/airflow/.local/lib/python3.12/site-packages/airflow/example_dags/example_branch_datetime_operator.py took 0.082 seconds
[2024-05-05T18:36:48.783+0000] {processor.py:161} INFO - Started process (PID=181) to work on /home/airflow/.local/lib/python3.12/site-packages/airflow/example_dags/example_branch_datetime_operator.py
[2024-05-05T18:36:48.784+0000] {processor.py:830} INFO - Processing file /home/airflow/.local/lib/python3.12/site-packages/airflow/example_dags/example_branch_datetime_operator.py for tasks to queue
[2024-05-05T18:36:48.785+0000] {logging_mixin.py:188} INFO - [2024-05-05T18:36:48.785+0000] {dagbag.py:540} INFO - Filling up the DagBag from /home/airflow/.local/lib/python3.12/site-packages/airflow/example_dags/example_branch_datetime_operator.py
[2024-05-05T18:36:48.792+0000] {processor.py:840} INFO - DAG(s) 'example_branch_datetime_operator_2', 'example_branch_datetime_operator', 'example_branch_datetime_operator_3' retrieved from /home/airflow/.local/lib/python3.12/site-packages/airflow/example_dags/example_branch_datetime_operator.py
[2024-05-05T18:36:48.811+0000] {logging_mixin.py:188} INFO - [2024-05-05T18:36:48.811+0000] {dag.py:3096} INFO - Sync 3 DAGs
[2024-05-05T18:36:48.826+0000] {logging_mixin.py:188} INFO - [2024-05-05T18:36:48.826+0000] {dag.py:3954} INFO - Setting next_dagrun for example_branch_datetime_operator to 2024-05-04 00:00:00+00:00, run_after=2024-05-05 00:00:00+00:00
[2024-05-05T18:36:48.830+0000] {logging_mixin.py:188} INFO - [2024-05-05T18:36:48.830+0000] {dag.py:3954} INFO - Setting next_dagrun for example_branch_datetime_operator_2 to 2024-05-04 00:00:00+00:00, run_after=2024-05-05 00:00:00+00:00
[2024-05-05T18:36:48.832+0000] {logging_mixin.py:188} INFO - [2024-05-05T18:36:48.831+0000] {dag.py:3954} INFO - Setting next_dagrun for example_branch_datetime_operator_3 to 2024-05-04 00:00:00+00:00, run_after=2024-05-05 00:00:00+00:00
[2024-05-05T18:36:48.844+0000] {processor.py:183} INFO - Processing /home/airflow/.local/lib/python3.12/site-packages/airflow/example_dags/example_branch_datetime_operator.py took 0.065 seconds
[2024-05-05T18:37:18.931+0000] {processor.py:161} INFO - Started process (PID=239) to work on /home/airflow/.local/lib/python3.12/site-packages/airflow/example_dags/example_branch_datetime_operator.py
[2024-05-05T18:37:18.932+0000] {processor.py:830} INFO - Processing file /home/airflow/.local/lib/python3.12/site-packages/airflow/example_dags/example_branch_datetime_operator.py for tasks to queue
[2024-05-05T18:37:18.933+0000] {logging_mixin.py:188} INFO - [2024-05-05T18:37:18.933+0000] {dagbag.py:540} INFO - Filling up the DagBag from /home/airflow/.local/lib/python3.12/site-packages/airflow/example_dags/example_branch_datetime_operator.py
[2024-05-05T18:37:18.941+0000] {processor.py:840} INFO - DAG(s) 'example_branch_datetime_operator_3', 'example_branch_datetime_operator', 'example_branch_datetime_operator_2' retrieved from /home/airflow/.local/lib/python3.12/site-packages/airflow/example_dags/example_branch_datetime_operator.py
[2024-05-05T18:37:18.961+0000] {logging_mixin.py:188} INFO - [2024-05-05T18:37:18.961+0000] {dag.py:3096} INFO - Sync 3 DAGs
[2024-05-05T18:37:18.979+0000] {logging_mixin.py:188} INFO - [2024-05-05T18:37:18.978+0000] {dag.py:3954} INFO - Setting next_dagrun for example_branch_datetime_operator to 2024-05-04 00:00:00+00:00, run_after=2024-05-05 00:00:00+00:00
[2024-05-05T18:37:18.983+0000] {logging_mixin.py:188} INFO - [2024-05-05T18:37:18.983+0000] {dag.py:3954} INFO - Setting next_dagrun for example_branch_datetime_operator_2 to 2024-05-04 00:00:00+00:00, run_after=2024-05-05 00:00:00+00:00
[2024-05-05T18:37:18.984+0000] {logging_mixin.py:188} INFO - [2024-05-05T18:37:18.984+0000] {dag.py:3954} INFO - Setting next_dagrun for example_branch_datetime_operator_3 to 2024-05-04 00:00:00+00:00, run_after=2024-05-05 00:00:00+00:00
[2024-05-05T18:37:18.997+0000] {processor.py:183} INFO - Processing /home/airflow/.local/lib/python3.12/site-packages/airflow/example_dags/example_branch_datetime_operator.py took 0.071 seconds
[2024-05-05T18:38:31.010+0000] {processor.py:161} INFO - Started process (PID=68) to work on /home/airflow/.local/lib/python3.12/site-packages/airflow/example_dags/example_branch_datetime_operator.py
[2024-05-05T18:38:31.012+0000] {processor.py:830} INFO - Processing file /home/airflow/.local/lib/python3.12/site-packages/airflow/example_dags/example_branch_datetime_operator.py for tasks to queue
[2024-05-05T18:38:31.014+0000] {logging_mixin.py:188} INFO - [2024-05-05T18:38:31.014+0000] {dagbag.py:540} INFO - Filling up the DagBag from /home/airflow/.local/lib/python3.12/site-packages/airflow/example_dags/example_branch_datetime_operator.py
[2024-05-05T18:38:31.023+0000] {processor.py:840} INFO - DAG(s) 'example_branch_datetime_operator_3', 'example_branch_datetime_operator', 'example_branch_datetime_operator_2' retrieved from /home/airflow/.local/lib/python3.12/site-packages/airflow/example_dags/example_branch_datetime_operator.py
[2024-05-05T18:38:31.041+0000] {logging_mixin.py:188} INFO - [2024-05-05T18:38:31.041+0000] {dag.py:3096} INFO - Sync 3 DAGs
[2024-05-05T18:38:31.069+0000] {logging_mixin.py:188} INFO - [2024-05-05T18:38:31.069+0000] {dag.py:3954} INFO - Setting next_dagrun for example_branch_datetime_operator to 2024-05-04 00:00:00+00:00, run_after=2024-05-05 00:00:00+00:00
[2024-05-05T18:38:31.075+0000] {logging_mixin.py:188} INFO - [2024-05-05T18:38:31.075+0000] {dag.py:3954} INFO - Setting next_dagrun for example_branch_datetime_operator_2 to 2024-05-04 00:00:00+00:00, run_after=2024-05-05 00:00:00+00:00
[2024-05-05T18:38:31.078+0000] {logging_mixin.py:188} INFO - [2024-05-05T18:38:31.077+0000] {dag.py:3954} INFO - Setting next_dagrun for example_branch_datetime_operator_3 to 2024-05-04 00:00:00+00:00, run_after=2024-05-05 00:00:00+00:00
[2024-05-05T18:38:31.099+0000] {processor.py:183} INFO - Processing /home/airflow/.local/lib/python3.12/site-packages/airflow/example_dags/example_branch_datetime_operator.py took 0.098 seconds
[2024-05-05T18:39:02.046+0000] {processor.py:161} INFO - Started process (PID=138) to work on /home/airflow/.local/lib/python3.12/site-packages/airflow/example_dags/example_branch_datetime_operator.py
[2024-05-05T18:39:02.047+0000] {processor.py:830} INFO - Processing file /home/airflow/.local/lib/python3.12/site-packages/airflow/example_dags/example_branch_datetime_operator.py for tasks to queue
[2024-05-05T18:39:02.049+0000] {logging_mixin.py:188} INFO - [2024-05-05T18:39:02.049+0000] {dagbag.py:540} INFO - Filling up the DagBag from /home/airflow/.local/lib/python3.12/site-packages/airflow/example_dags/example_branch_datetime_operator.py
[2024-05-05T18:39:02.057+0000] {processor.py:840} INFO - DAG(s) 'example_branch_datetime_operator', 'example_branch_datetime_operator_2', 'example_branch_datetime_operator_3' retrieved from /home/airflow/.local/lib/python3.12/site-packages/airflow/example_dags/example_branch_datetime_operator.py
[2024-05-05T18:39:02.160+0000] {logging_mixin.py:188} INFO - [2024-05-05T18:39:02.160+0000] {dag.py:3096} INFO - Sync 3 DAGs
[2024-05-05T18:39:02.178+0000] {logging_mixin.py:188} INFO - [2024-05-05T18:39:02.178+0000] {dag.py:3954} INFO - Setting next_dagrun for example_branch_datetime_operator to 2024-05-04 00:00:00+00:00, run_after=2024-05-05 00:00:00+00:00
[2024-05-05T18:39:02.182+0000] {logging_mixin.py:188} INFO - [2024-05-05T18:39:02.182+0000] {dag.py:3954} INFO - Setting next_dagrun for example_branch_datetime_operator_2 to 2024-05-04 00:00:00+00:00, run_after=2024-05-05 00:00:00+00:00
[2024-05-05T18:39:02.184+0000] {logging_mixin.py:188} INFO - [2024-05-05T18:39:02.183+0000] {dag.py:3954} INFO - Setting next_dagrun for example_branch_datetime_operator_3 to 2024-05-04 00:00:00+00:00, run_after=2024-05-05 00:00:00+00:00
[2024-05-05T18:39:02.200+0000] {processor.py:183} INFO - Processing /home/airflow/.local/lib/python3.12/site-packages/airflow/example_dags/example_branch_datetime_operator.py took 0.158 seconds
[2024-05-05T18:39:32.335+0000] {processor.py:161} INFO - Started process (PID=206) to work on /home/airflow/.local/lib/python3.12/site-packages/airflow/example_dags/example_branch_datetime_operator.py
[2024-05-05T18:39:32.336+0000] {processor.py:830} INFO - Processing file /home/airflow/.local/lib/python3.12/site-packages/airflow/example_dags/example_branch_datetime_operator.py for tasks to queue
[2024-05-05T18:39:32.337+0000] {logging_mixin.py:188} INFO - [2024-05-05T18:39:32.337+0000] {dagbag.py:540} INFO - Filling up the DagBag from /home/airflow/.local/lib/python3.12/site-packages/airflow/example_dags/example_branch_datetime_operator.py
[2024-05-05T18:39:32.346+0000] {processor.py:840} INFO - DAG(s) 'example_branch_datetime_operator_3', 'example_branch_datetime_operator_2', 'example_branch_datetime_operator' retrieved from /home/airflow/.local/lib/python3.12/site-packages/airflow/example_dags/example_branch_datetime_operator.py
[2024-05-05T18:39:32.370+0000] {logging_mixin.py:188} INFO - [2024-05-05T18:39:32.370+0000] {dag.py:3096} INFO - Sync 3 DAGs
[2024-05-05T18:39:32.390+0000] {logging_mixin.py:188} INFO - [2024-05-05T18:39:32.390+0000] {dag.py:3954} INFO - Setting next_dagrun for example_branch_datetime_operator to 2024-05-04 00:00:00+00:00, run_after=2024-05-05 00:00:00+00:00
[2024-05-05T18:39:32.394+0000] {logging_mixin.py:188} INFO - [2024-05-05T18:39:32.394+0000] {dag.py:3954} INFO - Setting next_dagrun for example_branch_datetime_operator_2 to 2024-05-04 00:00:00+00:00, run_after=2024-05-05 00:00:00+00:00
[2024-05-05T18:39:32.397+0000] {logging_mixin.py:188} INFO - [2024-05-05T18:39:32.396+0000] {dag.py:3954} INFO - Setting next_dagrun for example_branch_datetime_operator_3 to 2024-05-04 00:00:00+00:00, run_after=2024-05-05 00:00:00+00:00
[2024-05-05T18:39:32.412+0000] {processor.py:183} INFO - Processing /home/airflow/.local/lib/python3.12/site-packages/airflow/example_dags/example_branch_datetime_operator.py took 0.082 seconds
[2024-05-05T18:40:02.860+0000] {processor.py:161} INFO - Started process (PID=266) to work on /home/airflow/.local/lib/python3.12/site-packages/airflow/example_dags/example_branch_datetime_operator.py
[2024-05-05T18:40:02.861+0000] {processor.py:830} INFO - Processing file /home/airflow/.local/lib/python3.12/site-packages/airflow/example_dags/example_branch_datetime_operator.py for tasks to queue
[2024-05-05T18:40:02.863+0000] {logging_mixin.py:188} INFO - [2024-05-05T18:40:02.862+0000] {dagbag.py:540} INFO - Filling up the DagBag from /home/airflow/.local/lib/python3.12/site-packages/airflow/example_dags/example_branch_datetime_operator.py
[2024-05-05T18:40:02.871+0000] {processor.py:840} INFO - DAG(s) 'example_branch_datetime_operator_2', 'example_branch_datetime_operator', 'example_branch_datetime_operator_3' retrieved from /home/airflow/.local/lib/python3.12/site-packages/airflow/example_dags/example_branch_datetime_operator.py
[2024-05-05T18:40:02.893+0000] {logging_mixin.py:188} INFO - [2024-05-05T18:40:02.893+0000] {dag.py:3096} INFO - Sync 3 DAGs
[2024-05-05T18:40:02.912+0000] {logging_mixin.py:188} INFO - [2024-05-05T18:40:02.911+0000] {dag.py:3954} INFO - Setting next_dagrun for example_branch_datetime_operator to 2024-05-04 00:00:00+00:00, run_after=2024-05-05 00:00:00+00:00
[2024-05-05T18:40:02.916+0000] {logging_mixin.py:188} INFO - [2024-05-05T18:40:02.916+0000] {dag.py:3954} INFO - Setting next_dagrun for example_branch_datetime_operator_2 to 2024-05-04 00:00:00+00:00, run_after=2024-05-05 00:00:00+00:00
[2024-05-05T18:40:02.918+0000] {logging_mixin.py:188} INFO - [2024-05-05T18:40:02.918+0000] {dag.py:3954} INFO - Setting next_dagrun for example_branch_datetime_operator_3 to 2024-05-04 00:00:00+00:00, run_after=2024-05-05 00:00:00+00:00
[2024-05-05T18:40:02.933+0000] {processor.py:183} INFO - Processing /home/airflow/.local/lib/python3.12/site-packages/airflow/example_dags/example_branch_datetime_operator.py took 0.078 seconds
[2024-05-05T18:40:33.212+0000] {processor.py:161} INFO - Started process (PID=326) to work on /home/airflow/.local/lib/python3.12/site-packages/airflow/example_dags/example_branch_datetime_operator.py
[2024-05-05T18:40:33.213+0000] {processor.py:830} INFO - Processing file /home/airflow/.local/lib/python3.12/site-packages/airflow/example_dags/example_branch_datetime_operator.py for tasks to queue
[2024-05-05T18:40:33.214+0000] {logging_mixin.py:188} INFO - [2024-05-05T18:40:33.214+0000] {dagbag.py:540} INFO - Filling up the DagBag from /home/airflow/.local/lib/python3.12/site-packages/airflow/example_dags/example_branch_datetime_operator.py
[2024-05-05T18:40:33.222+0000] {processor.py:840} INFO - DAG(s) 'example_branch_datetime_operator_2', 'example_branch_datetime_operator_3', 'example_branch_datetime_operator' retrieved from /home/airflow/.local/lib/python3.12/site-packages/airflow/example_dags/example_branch_datetime_operator.py
[2024-05-05T18:40:33.245+0000] {logging_mixin.py:188} INFO - [2024-05-05T18:40:33.245+0000] {dag.py:3096} INFO - Sync 3 DAGs
[2024-05-05T18:40:33.263+0000] {logging_mixin.py:188} INFO - [2024-05-05T18:40:33.263+0000] {dag.py:3954} INFO - Setting next_dagrun for example_branch_datetime_operator to 2024-05-04 00:00:00+00:00, run_after=2024-05-05 00:00:00+00:00
[2024-05-05T18:40:33.266+0000] {logging_mixin.py:188} INFO - [2024-05-05T18:40:33.266+0000] {dag.py:3954} INFO - Setting next_dagrun for example_branch_datetime_operator_2 to 2024-05-04 00:00:00+00:00, run_after=2024-05-05 00:00:00+00:00
[2024-05-05T18:40:33.268+0000] {logging_mixin.py:188} INFO - [2024-05-05T18:40:33.268+0000] {dag.py:3954} INFO - Setting next_dagrun for example_branch_datetime_operator_3 to 2024-05-04 00:00:00+00:00, run_after=2024-05-05 00:00:00+00:00
[2024-05-05T18:40:33.282+0000] {processor.py:183} INFO - Processing /home/airflow/.local/lib/python3.12/site-packages/airflow/example_dags/example_branch_datetime_operator.py took 0.076 seconds
[2024-05-05T18:49:28.935+0000] {processor.py:161} INFO - Started process (PID=68) to work on /home/airflow/.local/lib/python3.12/site-packages/airflow/example_dags/example_branch_datetime_operator.py
[2024-05-05T18:49:28.936+0000] {processor.py:830} INFO - Processing file /home/airflow/.local/lib/python3.12/site-packages/airflow/example_dags/example_branch_datetime_operator.py for tasks to queue
[2024-05-05T18:49:28.938+0000] {logging_mixin.py:188} INFO - [2024-05-05T18:49:28.938+0000] {dagbag.py:540} INFO - Filling up the DagBag from /home/airflow/.local/lib/python3.12/site-packages/airflow/example_dags/example_branch_datetime_operator.py
[2024-05-05T18:49:28.949+0000] {processor.py:840} INFO - DAG(s) 'example_branch_datetime_operator_3', 'example_branch_datetime_operator', 'example_branch_datetime_operator_2' retrieved from /home/airflow/.local/lib/python3.12/site-packages/airflow/example_dags/example_branch_datetime_operator.py
[2024-05-05T18:49:28.964+0000] {logging_mixin.py:188} INFO - [2024-05-05T18:49:28.963+0000] {dag.py:3096} INFO - Sync 3 DAGs
[2024-05-05T18:49:28.987+0000] {logging_mixin.py:188} INFO - [2024-05-05T18:49:28.986+0000] {dag.py:3954} INFO - Setting next_dagrun for example_branch_datetime_operator to 2024-05-04 00:00:00+00:00, run_after=2024-05-05 00:00:00+00:00
[2024-05-05T18:49:28.991+0000] {logging_mixin.py:188} INFO - [2024-05-05T18:49:28.991+0000] {dag.py:3954} INFO - Setting next_dagrun for example_branch_datetime_operator_2 to 2024-05-04 00:00:00+00:00, run_after=2024-05-05 00:00:00+00:00
[2024-05-05T18:49:28.993+0000] {logging_mixin.py:188} INFO - [2024-05-05T18:49:28.993+0000] {dag.py:3954} INFO - Setting next_dagrun for example_branch_datetime_operator_3 to 2024-05-04 00:00:00+00:00, run_after=2024-05-05 00:00:00+00:00
[2024-05-05T18:49:29.014+0000] {processor.py:183} INFO - Processing /home/airflow/.local/lib/python3.12/site-packages/airflow/example_dags/example_branch_datetime_operator.py took 0.086 seconds
[2024-05-05T18:50:00.786+0000] {processor.py:161} INFO - Started process (PID=128) to work on /home/airflow/.local/lib/python3.12/site-packages/airflow/example_dags/example_branch_datetime_operator.py
[2024-05-05T18:50:00.787+0000] {processor.py:830} INFO - Processing file /home/airflow/.local/lib/python3.12/site-packages/airflow/example_dags/example_branch_datetime_operator.py for tasks to queue
[2024-05-05T18:50:00.788+0000] {logging_mixin.py:188} INFO - [2024-05-05T18:50:00.788+0000] {dagbag.py:540} INFO - Filling up the DagBag from /home/airflow/.local/lib/python3.12/site-packages/airflow/example_dags/example_branch_datetime_operator.py
[2024-05-05T18:50:00.797+0000] {processor.py:840} INFO - DAG(s) 'example_branch_datetime_operator_3', 'example_branch_datetime_operator', 'example_branch_datetime_operator_2' retrieved from /home/airflow/.local/lib/python3.12/site-packages/airflow/example_dags/example_branch_datetime_operator.py
[2024-05-05T18:50:00.890+0000] {logging_mixin.py:188} INFO - [2024-05-05T18:50:00.890+0000] {dag.py:3096} INFO - Sync 3 DAGs
[2024-05-05T18:50:00.907+0000] {logging_mixin.py:188} INFO - [2024-05-05T18:50:00.906+0000] {dag.py:3954} INFO - Setting next_dagrun for example_branch_datetime_operator to 2024-05-04 00:00:00+00:00, run_after=2024-05-05 00:00:00+00:00
[2024-05-05T18:50:00.909+0000] {logging_mixin.py:188} INFO - [2024-05-05T18:50:00.909+0000] {dag.py:3954} INFO - Setting next_dagrun for example_branch_datetime_operator_2 to 2024-05-04 00:00:00+00:00, run_after=2024-05-05 00:00:00+00:00
[2024-05-05T18:50:00.911+0000] {logging_mixin.py:188} INFO - [2024-05-05T18:50:00.911+0000] {dag.py:3954} INFO - Setting next_dagrun for example_branch_datetime_operator_3 to 2024-05-04 00:00:00+00:00, run_after=2024-05-05 00:00:00+00:00
[2024-05-05T18:50:00.926+0000] {processor.py:183} INFO - Processing /home/airflow/.local/lib/python3.12/site-packages/airflow/example_dags/example_branch_datetime_operator.py took 0.144 seconds
[2024-05-05T18:50:31.429+0000] {processor.py:161} INFO - Started process (PID=188) to work on /home/airflow/.local/lib/python3.12/site-packages/airflow/example_dags/example_branch_datetime_operator.py
[2024-05-05T18:50:31.430+0000] {processor.py:830} INFO - Processing file /home/airflow/.local/lib/python3.12/site-packages/airflow/example_dags/example_branch_datetime_operator.py for tasks to queue
[2024-05-05T18:50:31.431+0000] {logging_mixin.py:188} INFO - [2024-05-05T18:50:31.431+0000] {dagbag.py:540} INFO - Filling up the DagBag from /home/airflow/.local/lib/python3.12/site-packages/airflow/example_dags/example_branch_datetime_operator.py
[2024-05-05T18:50:31.439+0000] {processor.py:840} INFO - DAG(s) 'example_branch_datetime_operator_2', 'example_branch_datetime_operator_3', 'example_branch_datetime_operator' retrieved from /home/airflow/.local/lib/python3.12/site-packages/airflow/example_dags/example_branch_datetime_operator.py
[2024-05-05T18:50:31.465+0000] {logging_mixin.py:188} INFO - [2024-05-05T18:50:31.465+0000] {dag.py:3096} INFO - Sync 3 DAGs
[2024-05-05T18:50:31.487+0000] {logging_mixin.py:188} INFO - [2024-05-05T18:50:31.487+0000] {dag.py:3954} INFO - Setting next_dagrun for example_branch_datetime_operator to 2024-05-04 00:00:00+00:00, run_after=2024-05-05 00:00:00+00:00
[2024-05-05T18:50:31.491+0000] {logging_mixin.py:188} INFO - [2024-05-05T18:50:31.491+0000] {dag.py:3954} INFO - Setting next_dagrun for example_branch_datetime_operator_2 to 2024-05-04 00:00:00+00:00, run_after=2024-05-05 00:00:00+00:00
[2024-05-05T18:50:31.493+0000] {logging_mixin.py:188} INFO - [2024-05-05T18:50:31.493+0000] {dag.py:3954} INFO - Setting next_dagrun for example_branch_datetime_operator_3 to 2024-05-04 00:00:00+00:00, run_after=2024-05-05 00:00:00+00:00
[2024-05-05T18:50:31.509+0000] {processor.py:183} INFO - Processing /home/airflow/.local/lib/python3.12/site-packages/airflow/example_dags/example_branch_datetime_operator.py took 0.086 seconds
[2024-05-05T18:51:01.764+0000] {processor.py:161} INFO - Started process (PID=252) to work on /home/airflow/.local/lib/python3.12/site-packages/airflow/example_dags/example_branch_datetime_operator.py
[2024-05-05T18:51:01.765+0000] {processor.py:830} INFO - Processing file /home/airflow/.local/lib/python3.12/site-packages/airflow/example_dags/example_branch_datetime_operator.py for tasks to queue
[2024-05-05T18:51:01.767+0000] {logging_mixin.py:188} INFO - [2024-05-05T18:51:01.766+0000] {dagbag.py:540} INFO - Filling up the DagBag from /home/airflow/.local/lib/python3.12/site-packages/airflow/example_dags/example_branch_datetime_operator.py
[2024-05-05T18:51:01.773+0000] {processor.py:840} INFO - DAG(s) 'example_branch_datetime_operator_2', 'example_branch_datetime_operator_3', 'example_branch_datetime_operator' retrieved from /home/airflow/.local/lib/python3.12/site-packages/airflow/example_dags/example_branch_datetime_operator.py
[2024-05-05T18:51:01.794+0000] {logging_mixin.py:188} INFO - [2024-05-05T18:51:01.794+0000] {dag.py:3096} INFO - Sync 3 DAGs
[2024-05-05T18:51:01.811+0000] {logging_mixin.py:188} INFO - [2024-05-05T18:51:01.811+0000] {dag.py:3954} INFO - Setting next_dagrun for example_branch_datetime_operator to 2024-05-04 00:00:00+00:00, run_after=2024-05-05 00:00:00+00:00
[2024-05-05T18:51:01.815+0000] {logging_mixin.py:188} INFO - [2024-05-05T18:51:01.815+0000] {dag.py:3954} INFO - Setting next_dagrun for example_branch_datetime_operator_2 to 2024-05-04 00:00:00+00:00, run_after=2024-05-05 00:00:00+00:00
[2024-05-05T18:51:01.817+0000] {logging_mixin.py:188} INFO - [2024-05-05T18:51:01.817+0000] {dag.py:3954} INFO - Setting next_dagrun for example_branch_datetime_operator_3 to 2024-05-04 00:00:00+00:00, run_after=2024-05-05 00:00:00+00:00
[2024-05-05T18:51:01.830+0000] {processor.py:183} INFO - Processing /home/airflow/.local/lib/python3.12/site-packages/airflow/example_dags/example_branch_datetime_operator.py took 0.071 seconds
[2024-05-05T18:51:32.125+0000] {processor.py:161} INFO - Started process (PID=312) to work on /home/airflow/.local/lib/python3.12/site-packages/airflow/example_dags/example_branch_datetime_operator.py
[2024-05-05T18:51:32.126+0000] {processor.py:830} INFO - Processing file /home/airflow/.local/lib/python3.12/site-packages/airflow/example_dags/example_branch_datetime_operator.py for tasks to queue
[2024-05-05T18:51:32.127+0000] {logging_mixin.py:188} INFO - [2024-05-05T18:51:32.127+0000] {dagbag.py:540} INFO - Filling up the DagBag from /home/airflow/.local/lib/python3.12/site-packages/airflow/example_dags/example_branch_datetime_operator.py
[2024-05-05T18:51:32.134+0000] {processor.py:840} INFO - DAG(s) 'example_branch_datetime_operator', 'example_branch_datetime_operator_3', 'example_branch_datetime_operator_2' retrieved from /home/airflow/.local/lib/python3.12/site-packages/airflow/example_dags/example_branch_datetime_operator.py
[2024-05-05T18:51:32.155+0000] {logging_mixin.py:188} INFO - [2024-05-05T18:51:32.155+0000] {dag.py:3096} INFO - Sync 3 DAGs
[2024-05-05T18:51:32.172+0000] {logging_mixin.py:188} INFO - [2024-05-05T18:51:32.172+0000] {dag.py:3954} INFO - Setting next_dagrun for example_branch_datetime_operator to 2024-05-04 00:00:00+00:00, run_after=2024-05-05 00:00:00+00:00
[2024-05-05T18:51:32.177+0000] {logging_mixin.py:188} INFO - [2024-05-05T18:51:32.176+0000] {dag.py:3954} INFO - Setting next_dagrun for example_branch_datetime_operator_2 to 2024-05-04 00:00:00+00:00, run_after=2024-05-05 00:00:00+00:00
[2024-05-05T18:51:32.179+0000] {logging_mixin.py:188} INFO - [2024-05-05T18:51:32.179+0000] {dag.py:3954} INFO - Setting next_dagrun for example_branch_datetime_operator_3 to 2024-05-04 00:00:00+00:00, run_after=2024-05-05 00:00:00+00:00
[2024-05-05T18:51:32.192+0000] {processor.py:183} INFO - Processing /home/airflow/.local/lib/python3.12/site-packages/airflow/example_dags/example_branch_datetime_operator.py took 0.072 seconds
