[2024-05-05T18:35:47.059+0000] {processor.py:161} INFO - Started process (PID=54) to work on /home/airflow/.local/lib/python3.12/site-packages/airflow/example_dags/example_params_ui_tutorial.py
[2024-05-05T18:35:47.059+0000] {processor.py:830} INFO - Processing file /home/airflow/.local/lib/python3.12/site-packages/airflow/example_dags/example_params_ui_tutorial.py for tasks to queue
[2024-05-05T18:35:47.061+0000] {logging_mixin.py:188} INFO - [2024-05-05T18:35:47.060+0000] {dagbag.py:540} INFO - Filling up the DagBag from /home/airflow/.local/lib/python3.12/site-packages/airflow/example_dags/example_params_ui_tutorial.py
[2024-05-05T18:35:47.074+0000] {processor.py:840} INFO - DAG(s) 'example_params_ui_tutorial' retrieved from /home/airflow/.local/lib/python3.12/site-packages/airflow/example_dags/example_params_ui_tutorial.py
[2024-05-05T18:35:47.193+0000] {logging_mixin.py:188} INFO - [2024-05-05T18:35:47.192+0000] {override.py:1829} INFO - Created Permission View: can edit on DAG:example_params_ui_tutorial
[2024-05-05T18:35:47.202+0000] {logging_mixin.py:188} INFO - [2024-05-05T18:35:47.202+0000] {override.py:1829} INFO - Created Permission View: can delete on DAG:example_params_ui_tutorial
[2024-05-05T18:35:47.208+0000] {logging_mixin.py:188} INFO - [2024-05-05T18:35:47.208+0000] {override.py:1829} INFO - Created Permission View: can read on DAG:example_params_ui_tutorial
[2024-05-05T18:35:47.208+0000] {logging_mixin.py:188} INFO - [2024-05-05T18:35:47.208+0000] {dag.py:3096} INFO - Sync 1 DAGs
[2024-05-05T18:35:47.217+0000] {logging_mixin.py:188} INFO - [2024-05-05T18:35:47.217+0000] {dag.py:3118} INFO - Creating ORM DAG for example_params_ui_tutorial
[2024-05-05T18:35:47.218+0000] {logging_mixin.py:188} INFO - [2024-05-05T18:35:47.218+0000] {dag.py:3954} INFO - Setting next_dagrun for example_params_ui_tutorial to None, run_after=None
[2024-05-05T18:35:47.234+0000] {processor.py:183} INFO - Processing /home/airflow/.local/lib/python3.12/site-packages/airflow/example_dags/example_params_ui_tutorial.py took 0.182 seconds
[2024-05-05T18:36:18.175+0000] {processor.py:161} INFO - Started process (PID=112) to work on /home/airflow/.local/lib/python3.12/site-packages/airflow/example_dags/example_params_ui_tutorial.py
[2024-05-05T18:36:18.178+0000] {processor.py:830} INFO - Processing file /home/airflow/.local/lib/python3.12/site-packages/airflow/example_dags/example_params_ui_tutorial.py for tasks to queue
[2024-05-05T18:36:18.180+0000] {logging_mixin.py:188} INFO - [2024-05-05T18:36:18.179+0000] {dagbag.py:540} INFO - Filling up the DagBag from /home/airflow/.local/lib/python3.12/site-packages/airflow/example_dags/example_params_ui_tutorial.py
[2024-05-05T18:36:18.189+0000] {processor.py:840} INFO - DAG(s) 'example_params_ui_tutorial' retrieved from /home/airflow/.local/lib/python3.12/site-packages/airflow/example_dags/example_params_ui_tutorial.py
[2024-05-05T18:36:18.230+0000] {logging_mixin.py:188} INFO - [2024-05-05T18:36:18.229+0000] {dag.py:3096} INFO - Sync 1 DAGs
[2024-05-05T18:36:18.240+0000] {logging_mixin.py:188} INFO - [2024-05-05T18:36:18.240+0000] {dag.py:3954} INFO - Setting next_dagrun for example_params_ui_tutorial to None, run_after=None
[2024-05-05T18:36:18.256+0000] {processor.py:183} INFO - Processing /home/airflow/.local/lib/python3.12/site-packages/airflow/example_dags/example_params_ui_tutorial.py took 0.085 seconds
[2024-05-05T18:36:48.420+0000] {processor.py:161} INFO - Started process (PID=170) to work on /home/airflow/.local/lib/python3.12/site-packages/airflow/example_dags/example_params_ui_tutorial.py
[2024-05-05T18:36:48.422+0000] {processor.py:830} INFO - Processing file /home/airflow/.local/lib/python3.12/site-packages/airflow/example_dags/example_params_ui_tutorial.py for tasks to queue
[2024-05-05T18:36:48.424+0000] {logging_mixin.py:188} INFO - [2024-05-05T18:36:48.424+0000] {dagbag.py:540} INFO - Filling up the DagBag from /home/airflow/.local/lib/python3.12/site-packages/airflow/example_dags/example_params_ui_tutorial.py
[2024-05-05T18:36:48.433+0000] {processor.py:840} INFO - DAG(s) 'example_params_ui_tutorial' retrieved from /home/airflow/.local/lib/python3.12/site-packages/airflow/example_dags/example_params_ui_tutorial.py
[2024-05-05T18:36:48.470+0000] {logging_mixin.py:188} INFO - [2024-05-05T18:36:48.469+0000] {dag.py:3096} INFO - Sync 1 DAGs
[2024-05-05T18:36:48.479+0000] {logging_mixin.py:188} INFO - [2024-05-05T18:36:48.479+0000] {dag.py:3954} INFO - Setting next_dagrun for example_params_ui_tutorial to None, run_after=None
[2024-05-05T18:36:48.493+0000] {processor.py:183} INFO - Processing /home/airflow/.local/lib/python3.12/site-packages/airflow/example_dags/example_params_ui_tutorial.py took 0.078 seconds
[2024-05-05T18:37:18.542+0000] {processor.py:161} INFO - Started process (PID=228) to work on /home/airflow/.local/lib/python3.12/site-packages/airflow/example_dags/example_params_ui_tutorial.py
[2024-05-05T18:37:18.542+0000] {processor.py:830} INFO - Processing file /home/airflow/.local/lib/python3.12/site-packages/airflow/example_dags/example_params_ui_tutorial.py for tasks to queue
[2024-05-05T18:37:18.544+0000] {logging_mixin.py:188} INFO - [2024-05-05T18:37:18.543+0000] {dagbag.py:540} INFO - Filling up the DagBag from /home/airflow/.local/lib/python3.12/site-packages/airflow/example_dags/example_params_ui_tutorial.py
[2024-05-05T18:37:18.554+0000] {processor.py:840} INFO - DAG(s) 'example_params_ui_tutorial' retrieved from /home/airflow/.local/lib/python3.12/site-packages/airflow/example_dags/example_params_ui_tutorial.py
[2024-05-05T18:37:18.594+0000] {logging_mixin.py:188} INFO - [2024-05-05T18:37:18.594+0000] {dag.py:3096} INFO - Sync 1 DAGs
[2024-05-05T18:37:18.605+0000] {logging_mixin.py:188} INFO - [2024-05-05T18:37:18.605+0000] {dag.py:3954} INFO - Setting next_dagrun for example_params_ui_tutorial to None, run_after=None
[2024-05-05T18:37:18.622+0000] {processor.py:183} INFO - Processing /home/airflow/.local/lib/python3.12/site-packages/airflow/example_dags/example_params_ui_tutorial.py took 0.085 seconds
[2024-05-05T18:38:30.472+0000] {processor.py:161} INFO - Started process (PID=57) to work on /home/airflow/.local/lib/python3.12/site-packages/airflow/example_dags/example_params_ui_tutorial.py
[2024-05-05T18:38:30.473+0000] {processor.py:830} INFO - Processing file /home/airflow/.local/lib/python3.12/site-packages/airflow/example_dags/example_params_ui_tutorial.py for tasks to queue
[2024-05-05T18:38:30.476+0000] {logging_mixin.py:188} INFO - [2024-05-05T18:38:30.475+0000] {dagbag.py:540} INFO - Filling up the DagBag from /home/airflow/.local/lib/python3.12/site-packages/airflow/example_dags/example_params_ui_tutorial.py
[2024-05-05T18:38:30.487+0000] {processor.py:840} INFO - DAG(s) 'example_params_ui_tutorial' retrieved from /home/airflow/.local/lib/python3.12/site-packages/airflow/example_dags/example_params_ui_tutorial.py
[2024-05-05T18:38:30.501+0000] {logging_mixin.py:188} INFO - [2024-05-05T18:38:30.501+0000] {dag.py:3096} INFO - Sync 1 DAGs
[2024-05-05T18:38:30.515+0000] {logging_mixin.py:188} INFO - [2024-05-05T18:38:30.515+0000] {dag.py:3954} INFO - Setting next_dagrun for example_params_ui_tutorial to None, run_after=None
[2024-05-05T18:38:30.534+0000] {processor.py:183} INFO - Processing /home/airflow/.local/lib/python3.12/site-packages/airflow/example_dags/example_params_ui_tutorial.py took 0.067 seconds
[2024-05-05T18:39:01.230+0000] {processor.py:161} INFO - Started process (PID=127) to work on /home/airflow/.local/lib/python3.12/site-packages/airflow/example_dags/example_params_ui_tutorial.py
[2024-05-05T18:39:01.231+0000] {processor.py:830} INFO - Processing file /home/airflow/.local/lib/python3.12/site-packages/airflow/example_dags/example_params_ui_tutorial.py for tasks to queue
[2024-05-05T18:39:01.233+0000] {logging_mixin.py:188} INFO - [2024-05-05T18:39:01.233+0000] {dagbag.py:540} INFO - Filling up the DagBag from /home/airflow/.local/lib/python3.12/site-packages/airflow/example_dags/example_params_ui_tutorial.py
[2024-05-05T18:39:01.242+0000] {processor.py:840} INFO - DAG(s) 'example_params_ui_tutorial' retrieved from /home/airflow/.local/lib/python3.12/site-packages/airflow/example_dags/example_params_ui_tutorial.py
[2024-05-05T18:39:01.340+0000] {logging_mixin.py:188} INFO - [2024-05-05T18:39:01.340+0000] {dag.py:3096} INFO - Sync 1 DAGs
[2024-05-05T18:39:01.348+0000] {logging_mixin.py:188} INFO - [2024-05-05T18:39:01.347+0000] {dag.py:3954} INFO - Setting next_dagrun for example_params_ui_tutorial to None, run_after=None
[2024-05-05T18:39:01.364+0000] {processor.py:183} INFO - Processing /home/airflow/.local/lib/python3.12/site-packages/airflow/example_dags/example_params_ui_tutorial.py took 0.139 seconds
[2024-05-05T18:39:31.740+0000] {processor.py:161} INFO - Started process (PID=195) to work on /home/airflow/.local/lib/python3.12/site-packages/airflow/example_dags/example_params_ui_tutorial.py
[2024-05-05T18:39:31.741+0000] {processor.py:830} INFO - Processing file /home/airflow/.local/lib/python3.12/site-packages/airflow/example_dags/example_params_ui_tutorial.py for tasks to queue
[2024-05-05T18:39:31.742+0000] {logging_mixin.py:188} INFO - [2024-05-05T18:39:31.742+0000] {dagbag.py:540} INFO - Filling up the DagBag from /home/airflow/.local/lib/python3.12/site-packages/airflow/example_dags/example_params_ui_tutorial.py
[2024-05-05T18:39:31.753+0000] {processor.py:840} INFO - DAG(s) 'example_params_ui_tutorial' retrieved from /home/airflow/.local/lib/python3.12/site-packages/airflow/example_dags/example_params_ui_tutorial.py
[2024-05-05T18:39:31.794+0000] {logging_mixin.py:188} INFO - [2024-05-05T18:39:31.794+0000] {dag.py:3096} INFO - Sync 1 DAGs
[2024-05-05T18:39:31.806+0000] {logging_mixin.py:188} INFO - [2024-05-05T18:39:31.806+0000] {dag.py:3954} INFO - Setting next_dagrun for example_params_ui_tutorial to None, run_after=None
[2024-05-05T18:39:31.834+0000] {processor.py:183} INFO - Processing /home/airflow/.local/lib/python3.12/site-packages/airflow/example_dags/example_params_ui_tutorial.py took 0.099 seconds
[2024-05-05T18:40:02.241+0000] {processor.py:161} INFO - Started process (PID=255) to work on /home/airflow/.local/lib/python3.12/site-packages/airflow/example_dags/example_params_ui_tutorial.py
[2024-05-05T18:40:02.242+0000] {processor.py:830} INFO - Processing file /home/airflow/.local/lib/python3.12/site-packages/airflow/example_dags/example_params_ui_tutorial.py for tasks to queue
[2024-05-05T18:40:02.243+0000] {logging_mixin.py:188} INFO - [2024-05-05T18:40:02.243+0000] {dagbag.py:540} INFO - Filling up the DagBag from /home/airflow/.local/lib/python3.12/site-packages/airflow/example_dags/example_params_ui_tutorial.py
[2024-05-05T18:40:02.254+0000] {processor.py:840} INFO - DAG(s) 'example_params_ui_tutorial' retrieved from /home/airflow/.local/lib/python3.12/site-packages/airflow/example_dags/example_params_ui_tutorial.py
[2024-05-05T18:40:02.293+0000] {logging_mixin.py:188} INFO - [2024-05-05T18:40:02.293+0000] {dag.py:3096} INFO - Sync 1 DAGs
[2024-05-05T18:40:02.303+0000] {logging_mixin.py:188} INFO - [2024-05-05T18:40:02.303+0000] {dag.py:3954} INFO - Setting next_dagrun for example_params_ui_tutorial to None, run_after=None
[2024-05-05T18:40:02.319+0000] {processor.py:183} INFO - Processing /home/airflow/.local/lib/python3.12/site-packages/airflow/example_dags/example_params_ui_tutorial.py took 0.083 seconds
[2024-05-05T18:40:32.457+0000] {processor.py:161} INFO - Started process (PID=313) to work on /home/airflow/.local/lib/python3.12/site-packages/airflow/example_dags/example_params_ui_tutorial.py
[2024-05-05T18:40:32.458+0000] {processor.py:830} INFO - Processing file /home/airflow/.local/lib/python3.12/site-packages/airflow/example_dags/example_params_ui_tutorial.py for tasks to queue
[2024-05-05T18:40:32.459+0000] {logging_mixin.py:188} INFO - [2024-05-05T18:40:32.459+0000] {dagbag.py:540} INFO - Filling up the DagBag from /home/airflow/.local/lib/python3.12/site-packages/airflow/example_dags/example_params_ui_tutorial.py
[2024-05-05T18:40:32.468+0000] {processor.py:840} INFO - DAG(s) 'example_params_ui_tutorial' retrieved from /home/airflow/.local/lib/python3.12/site-packages/airflow/example_dags/example_params_ui_tutorial.py
[2024-05-05T18:40:32.506+0000] {logging_mixin.py:188} INFO - [2024-05-05T18:40:32.506+0000] {dag.py:3096} INFO - Sync 1 DAGs
[2024-05-05T18:40:32.515+0000] {logging_mixin.py:188} INFO - [2024-05-05T18:40:32.515+0000] {dag.py:3954} INFO - Setting next_dagrun for example_params_ui_tutorial to None, run_after=None
[2024-05-05T18:40:32.531+0000] {processor.py:183} INFO - Processing /home/airflow/.local/lib/python3.12/site-packages/airflow/example_dags/example_params_ui_tutorial.py took 0.080 seconds
[2024-05-05T18:49:28.343+0000] {processor.py:161} INFO - Started process (PID=57) to work on /home/airflow/.local/lib/python3.12/site-packages/airflow/example_dags/example_params_ui_tutorial.py
[2024-05-05T18:49:28.344+0000] {processor.py:830} INFO - Processing file /home/airflow/.local/lib/python3.12/site-packages/airflow/example_dags/example_params_ui_tutorial.py for tasks to queue
[2024-05-05T18:49:28.345+0000] {logging_mixin.py:188} INFO - [2024-05-05T18:49:28.345+0000] {dagbag.py:540} INFO - Filling up the DagBag from /home/airflow/.local/lib/python3.12/site-packages/airflow/example_dags/example_params_ui_tutorial.py
[2024-05-05T18:49:28.358+0000] {processor.py:840} INFO - DAG(s) 'example_params_ui_tutorial' retrieved from /home/airflow/.local/lib/python3.12/site-packages/airflow/example_dags/example_params_ui_tutorial.py
[2024-05-05T18:49:28.374+0000] {logging_mixin.py:188} INFO - [2024-05-05T18:49:28.374+0000] {dag.py:3096} INFO - Sync 1 DAGs
[2024-05-05T18:49:28.395+0000] {logging_mixin.py:188} INFO - [2024-05-05T18:49:28.395+0000] {dag.py:3954} INFO - Setting next_dagrun for example_params_ui_tutorial to None, run_after=None
[2024-05-05T18:49:28.424+0000] {processor.py:183} INFO - Processing /home/airflow/.local/lib/python3.12/site-packages/airflow/example_dags/example_params_ui_tutorial.py took 0.087 seconds
[2024-05-05T18:49:59.877+0000] {processor.py:161} INFO - Started process (PID=117) to work on /home/airflow/.local/lib/python3.12/site-packages/airflow/example_dags/example_params_ui_tutorial.py
[2024-05-05T18:49:59.878+0000] {processor.py:830} INFO - Processing file /home/airflow/.local/lib/python3.12/site-packages/airflow/example_dags/example_params_ui_tutorial.py for tasks to queue
[2024-05-05T18:49:59.879+0000] {logging_mixin.py:188} INFO - [2024-05-05T18:49:59.879+0000] {dagbag.py:540} INFO - Filling up the DagBag from /home/airflow/.local/lib/python3.12/site-packages/airflow/example_dags/example_params_ui_tutorial.py
[2024-05-05T18:49:59.889+0000] {processor.py:840} INFO - DAG(s) 'example_params_ui_tutorial' retrieved from /home/airflow/.local/lib/python3.12/site-packages/airflow/example_dags/example_params_ui_tutorial.py
[2024-05-05T18:49:59.985+0000] {logging_mixin.py:188} INFO - [2024-05-05T18:49:59.985+0000] {dag.py:3096} INFO - Sync 1 DAGs
[2024-05-05T18:49:59.994+0000] {logging_mixin.py:188} INFO - [2024-05-05T18:49:59.994+0000] {dag.py:3954} INFO - Setting next_dagrun for example_params_ui_tutorial to None, run_after=None
[2024-05-05T18:50:00.021+0000] {processor.py:183} INFO - Processing /home/airflow/.local/lib/python3.12/site-packages/airflow/example_dags/example_params_ui_tutorial.py took 0.149 seconds
[2024-05-05T18:50:30.882+0000] {processor.py:161} INFO - Started process (PID=177) to work on /home/airflow/.local/lib/python3.12/site-packages/airflow/example_dags/example_params_ui_tutorial.py
[2024-05-05T18:50:30.883+0000] {processor.py:830} INFO - Processing file /home/airflow/.local/lib/python3.12/site-packages/airflow/example_dags/example_params_ui_tutorial.py for tasks to queue
[2024-05-05T18:50:30.884+0000] {logging_mixin.py:188} INFO - [2024-05-05T18:50:30.884+0000] {dagbag.py:540} INFO - Filling up the DagBag from /home/airflow/.local/lib/python3.12/site-packages/airflow/example_dags/example_params_ui_tutorial.py
[2024-05-05T18:50:30.893+0000] {processor.py:840} INFO - DAG(s) 'example_params_ui_tutorial' retrieved from /home/airflow/.local/lib/python3.12/site-packages/airflow/example_dags/example_params_ui_tutorial.py
[2024-05-05T18:50:30.935+0000] {logging_mixin.py:188} INFO - [2024-05-05T18:50:30.935+0000] {dag.py:3096} INFO - Sync 1 DAGs
[2024-05-05T18:50:30.945+0000] {logging_mixin.py:188} INFO - [2024-05-05T18:50:30.945+0000] {dag.py:3954} INFO - Setting next_dagrun for example_params_ui_tutorial to None, run_after=None
[2024-05-05T18:50:30.962+0000] {processor.py:183} INFO - Processing /home/airflow/.local/lib/python3.12/site-packages/airflow/example_dags/example_params_ui_tutorial.py took 0.085 seconds
[2024-05-05T18:51:01.316+0000] {processor.py:161} INFO - Started process (PID=241) to work on /home/airflow/.local/lib/python3.12/site-packages/airflow/example_dags/example_params_ui_tutorial.py
[2024-05-05T18:51:01.317+0000] {processor.py:830} INFO - Processing file /home/airflow/.local/lib/python3.12/site-packages/airflow/example_dags/example_params_ui_tutorial.py for tasks to queue
[2024-05-05T18:51:01.318+0000] {logging_mixin.py:188} INFO - [2024-05-05T18:51:01.318+0000] {dagbag.py:540} INFO - Filling up the DagBag from /home/airflow/.local/lib/python3.12/site-packages/airflow/example_dags/example_params_ui_tutorial.py
[2024-05-05T18:51:01.327+0000] {processor.py:840} INFO - DAG(s) 'example_params_ui_tutorial' retrieved from /home/airflow/.local/lib/python3.12/site-packages/airflow/example_dags/example_params_ui_tutorial.py
[2024-05-05T18:51:01.364+0000] {logging_mixin.py:188} INFO - [2024-05-05T18:51:01.363+0000] {dag.py:3096} INFO - Sync 1 DAGs
[2024-05-05T18:51:01.374+0000] {logging_mixin.py:188} INFO - [2024-05-05T18:51:01.374+0000] {dag.py:3954} INFO - Setting next_dagrun for example_params_ui_tutorial to None, run_after=None
[2024-05-05T18:51:01.390+0000] {processor.py:183} INFO - Processing /home/airflow/.local/lib/python3.12/site-packages/airflow/example_dags/example_params_ui_tutorial.py took 0.078 seconds
[2024-05-05T18:51:31.443+0000] {processor.py:161} INFO - Started process (PID=300) to work on /home/airflow/.local/lib/python3.12/site-packages/airflow/example_dags/example_params_ui_tutorial.py
[2024-05-05T18:51:31.444+0000] {processor.py:830} INFO - Processing file /home/airflow/.local/lib/python3.12/site-packages/airflow/example_dags/example_params_ui_tutorial.py for tasks to queue
[2024-05-05T18:51:31.446+0000] {logging_mixin.py:188} INFO - [2024-05-05T18:51:31.446+0000] {dagbag.py:540} INFO - Filling up the DagBag from /home/airflow/.local/lib/python3.12/site-packages/airflow/example_dags/example_params_ui_tutorial.py
[2024-05-05T18:51:31.457+0000] {processor.py:840} INFO - DAG(s) 'example_params_ui_tutorial' retrieved from /home/airflow/.local/lib/python3.12/site-packages/airflow/example_dags/example_params_ui_tutorial.py
[2024-05-05T18:51:31.503+0000] {logging_mixin.py:188} INFO - [2024-05-05T18:51:31.503+0000] {dag.py:3096} INFO - Sync 1 DAGs
[2024-05-05T18:51:31.514+0000] {logging_mixin.py:188} INFO - [2024-05-05T18:51:31.514+0000] {dag.py:3954} INFO - Setting next_dagrun for example_params_ui_tutorial to None, run_after=None
[2024-05-05T18:51:31.531+0000] {processor.py:183} INFO - Processing /home/airflow/.local/lib/python3.12/site-packages/airflow/example_dags/example_params_ui_tutorial.py took 0.092 seconds
