[2024-05-05T18:35:47.252+0000] {processor.py:161} INFO - Started process (PID=56) to work on /home/airflow/.local/lib/python3.12/site-packages/airflow/example_dags/example_short_circuit_decorator.py
[2024-05-05T18:35:47.252+0000] {processor.py:830} INFO - Processing file /home/airflow/.local/lib/python3.12/site-packages/airflow/example_dags/example_short_circuit_decorator.py for tasks to queue
[2024-05-05T18:35:47.254+0000] {logging_mixin.py:188} INFO - [2024-05-05T18:35:47.253+0000] {dagbag.py:540} INFO - Filling up the DagBag from /home/airflow/.local/lib/python3.12/site-packages/airflow/example_dags/example_short_circuit_decorator.py
[2024-05-05T18:35:47.267+0000] {processor.py:840} INFO - DAG(s) 'example_short_circuit_decorator' retrieved from /home/airflow/.local/lib/python3.12/site-packages/airflow/example_dags/example_short_circuit_decorator.py
[2024-05-05T18:35:47.366+0000] {logging_mixin.py:188} INFO - [2024-05-05T18:35:47.366+0000] {override.py:1829} INFO - Created Permission View: can edit on DAG:example_short_circuit_decorator
[2024-05-05T18:35:47.375+0000] {logging_mixin.py:188} INFO - [2024-05-05T18:35:47.375+0000] {override.py:1829} INFO - Created Permission View: can delete on DAG:example_short_circuit_decorator
[2024-05-05T18:35:47.382+0000] {logging_mixin.py:188} INFO - [2024-05-05T18:35:47.382+0000] {override.py:1829} INFO - Created Permission View: can read on DAG:example_short_circuit_decorator
[2024-05-05T18:35:47.382+0000] {logging_mixin.py:188} INFO - [2024-05-05T18:35:47.382+0000] {dag.py:3096} INFO - Sync 1 DAGs
[2024-05-05T18:35:47.393+0000] {logging_mixin.py:188} INFO - [2024-05-05T18:35:47.392+0000] {dag.py:3118} INFO - Creating ORM DAG for example_short_circuit_decorator
[2024-05-05T18:35:47.401+0000] {logging_mixin.py:188} INFO - [2024-05-05T18:35:47.401+0000] {dag.py:3954} INFO - Setting next_dagrun for example_short_circuit_decorator to 2024-05-04 00:00:00+00:00, run_after=2024-05-05 00:00:00+00:00
[2024-05-05T18:35:47.416+0000] {processor.py:183} INFO - Processing /home/airflow/.local/lib/python3.12/site-packages/airflow/example_dags/example_short_circuit_decorator.py took 0.169 seconds
[2024-05-05T18:36:18.249+0000] {processor.py:161} INFO - Started process (PID=114) to work on /home/airflow/.local/lib/python3.12/site-packages/airflow/example_dags/example_short_circuit_decorator.py
[2024-05-05T18:36:18.250+0000] {processor.py:830} INFO - Processing file /home/airflow/.local/lib/python3.12/site-packages/airflow/example_dags/example_short_circuit_decorator.py for tasks to queue
[2024-05-05T18:36:18.251+0000] {logging_mixin.py:188} INFO - [2024-05-05T18:36:18.251+0000] {dagbag.py:540} INFO - Filling up the DagBag from /home/airflow/.local/lib/python3.12/site-packages/airflow/example_dags/example_short_circuit_decorator.py
[2024-05-05T18:36:18.258+0000] {processor.py:840} INFO - DAG(s) 'example_short_circuit_decorator' retrieved from /home/airflow/.local/lib/python3.12/site-packages/airflow/example_dags/example_short_circuit_decorator.py
[2024-05-05T18:36:18.277+0000] {logging_mixin.py:188} INFO - [2024-05-05T18:36:18.277+0000] {dag.py:3096} INFO - Sync 1 DAGs
[2024-05-05T18:36:18.305+0000] {logging_mixin.py:188} INFO - [2024-05-05T18:36:18.304+0000] {dag.py:3954} INFO - Setting next_dagrun for example_short_circuit_decorator to 2024-05-04 00:00:00+00:00, run_after=2024-05-05 00:00:00+00:00
[2024-05-05T18:36:18.332+0000] {processor.py:183} INFO - Processing /home/airflow/.local/lib/python3.12/site-packages/airflow/example_dags/example_short_circuit_decorator.py took 0.089 seconds
[2024-05-05T18:36:48.487+0000] {processor.py:161} INFO - Started process (PID=172) to work on /home/airflow/.local/lib/python3.12/site-packages/airflow/example_dags/example_short_circuit_decorator.py
[2024-05-05T18:36:48.488+0000] {processor.py:830} INFO - Processing file /home/airflow/.local/lib/python3.12/site-packages/airflow/example_dags/example_short_circuit_decorator.py for tasks to queue
[2024-05-05T18:36:48.489+0000] {logging_mixin.py:188} INFO - [2024-05-05T18:36:48.489+0000] {dagbag.py:540} INFO - Filling up the DagBag from /home/airflow/.local/lib/python3.12/site-packages/airflow/example_dags/example_short_circuit_decorator.py
[2024-05-05T18:36:48.496+0000] {processor.py:840} INFO - DAG(s) 'example_short_circuit_decorator' retrieved from /home/airflow/.local/lib/python3.12/site-packages/airflow/example_dags/example_short_circuit_decorator.py
[2024-05-05T18:36:48.513+0000] {logging_mixin.py:188} INFO - [2024-05-05T18:36:48.513+0000] {dag.py:3096} INFO - Sync 1 DAGs
[2024-05-05T18:36:48.529+0000] {logging_mixin.py:188} INFO - [2024-05-05T18:36:48.529+0000] {dag.py:3954} INFO - Setting next_dagrun for example_short_circuit_decorator to 2024-05-04 00:00:00+00:00, run_after=2024-05-05 00:00:00+00:00
[2024-05-05T18:36:48.543+0000] {processor.py:183} INFO - Processing /home/airflow/.local/lib/python3.12/site-packages/airflow/example_dags/example_short_circuit_decorator.py took 0.060 seconds
[2024-05-05T18:37:18.613+0000] {processor.py:161} INFO - Started process (PID=230) to work on /home/airflow/.local/lib/python3.12/site-packages/airflow/example_dags/example_short_circuit_decorator.py
[2024-05-05T18:37:18.614+0000] {processor.py:830} INFO - Processing file /home/airflow/.local/lib/python3.12/site-packages/airflow/example_dags/example_short_circuit_decorator.py for tasks to queue
[2024-05-05T18:37:18.616+0000] {logging_mixin.py:188} INFO - [2024-05-05T18:37:18.615+0000] {dagbag.py:540} INFO - Filling up the DagBag from /home/airflow/.local/lib/python3.12/site-packages/airflow/example_dags/example_short_circuit_decorator.py
[2024-05-05T18:37:18.622+0000] {processor.py:840} INFO - DAG(s) 'example_short_circuit_decorator' retrieved from /home/airflow/.local/lib/python3.12/site-packages/airflow/example_dags/example_short_circuit_decorator.py
[2024-05-05T18:37:18.641+0000] {logging_mixin.py:188} INFO - [2024-05-05T18:37:18.641+0000] {dag.py:3096} INFO - Sync 1 DAGs
[2024-05-05T18:37:18.657+0000] {logging_mixin.py:188} INFO - [2024-05-05T18:37:18.657+0000] {dag.py:3954} INFO - Setting next_dagrun for example_short_circuit_decorator to 2024-05-04 00:00:00+00:00, run_after=2024-05-05 00:00:00+00:00
[2024-05-05T18:37:18.671+0000] {processor.py:183} INFO - Processing /home/airflow/.local/lib/python3.12/site-packages/airflow/example_dags/example_short_circuit_decorator.py took 0.063 seconds
[2024-05-05T18:38:30.555+0000] {processor.py:161} INFO - Started process (PID=59) to work on /home/airflow/.local/lib/python3.12/site-packages/airflow/example_dags/example_short_circuit_decorator.py
[2024-05-05T18:38:30.556+0000] {processor.py:830} INFO - Processing file /home/airflow/.local/lib/python3.12/site-packages/airflow/example_dags/example_short_circuit_decorator.py for tasks to queue
[2024-05-05T18:38:30.558+0000] {logging_mixin.py:188} INFO - [2024-05-05T18:38:30.558+0000] {dagbag.py:540} INFO - Filling up the DagBag from /home/airflow/.local/lib/python3.12/site-packages/airflow/example_dags/example_short_circuit_decorator.py
[2024-05-05T18:38:30.565+0000] {processor.py:840} INFO - DAG(s) 'example_short_circuit_decorator' retrieved from /home/airflow/.local/lib/python3.12/site-packages/airflow/example_dags/example_short_circuit_decorator.py
[2024-05-05T18:38:30.575+0000] {logging_mixin.py:188} INFO - [2024-05-05T18:38:30.575+0000] {dag.py:3096} INFO - Sync 1 DAGs
[2024-05-05T18:38:30.599+0000] {logging_mixin.py:188} INFO - [2024-05-05T18:38:30.598+0000] {dag.py:3954} INFO - Setting next_dagrun for example_short_circuit_decorator to 2024-05-04 00:00:00+00:00, run_after=2024-05-05 00:00:00+00:00
[2024-05-05T18:38:30.618+0000] {processor.py:183} INFO - Processing /home/airflow/.local/lib/python3.12/site-packages/airflow/example_dags/example_short_circuit_decorator.py took 0.067 seconds
[2024-05-05T18:39:01.384+0000] {processor.py:161} INFO - Started process (PID=129) to work on /home/airflow/.local/lib/python3.12/site-packages/airflow/example_dags/example_short_circuit_decorator.py
[2024-05-05T18:39:01.385+0000] {processor.py:830} INFO - Processing file /home/airflow/.local/lib/python3.12/site-packages/airflow/example_dags/example_short_circuit_decorator.py for tasks to queue
[2024-05-05T18:39:01.386+0000] {logging_mixin.py:188} INFO - [2024-05-05T18:39:01.386+0000] {dagbag.py:540} INFO - Filling up the DagBag from /home/airflow/.local/lib/python3.12/site-packages/airflow/example_dags/example_short_circuit_decorator.py
[2024-05-05T18:39:01.394+0000] {processor.py:840} INFO - DAG(s) 'example_short_circuit_decorator' retrieved from /home/airflow/.local/lib/python3.12/site-packages/airflow/example_dags/example_short_circuit_decorator.py
[2024-05-05T18:39:01.476+0000] {logging_mixin.py:188} INFO - [2024-05-05T18:39:01.476+0000] {dag.py:3096} INFO - Sync 1 DAGs
[2024-05-05T18:39:01.493+0000] {logging_mixin.py:188} INFO - [2024-05-05T18:39:01.493+0000] {dag.py:3954} INFO - Setting next_dagrun for example_short_circuit_decorator to 2024-05-04 00:00:00+00:00, run_after=2024-05-05 00:00:00+00:00
[2024-05-05T18:39:01.511+0000] {processor.py:183} INFO - Processing /home/airflow/.local/lib/python3.12/site-packages/airflow/example_dags/example_short_circuit_decorator.py took 0.132 seconds
[2024-05-05T18:39:31.919+0000] {processor.py:161} INFO - Started process (PID=197) to work on /home/airflow/.local/lib/python3.12/site-packages/airflow/example_dags/example_short_circuit_decorator.py
[2024-05-05T18:39:31.920+0000] {processor.py:830} INFO - Processing file /home/airflow/.local/lib/python3.12/site-packages/airflow/example_dags/example_short_circuit_decorator.py for tasks to queue
[2024-05-05T18:39:31.921+0000] {logging_mixin.py:188} INFO - [2024-05-05T18:39:31.921+0000] {dagbag.py:540} INFO - Filling up the DagBag from /home/airflow/.local/lib/python3.12/site-packages/airflow/example_dags/example_short_circuit_decorator.py
[2024-05-05T18:39:31.928+0000] {processor.py:840} INFO - DAG(s) 'example_short_circuit_decorator' retrieved from /home/airflow/.local/lib/python3.12/site-packages/airflow/example_dags/example_short_circuit_decorator.py
[2024-05-05T18:39:31.947+0000] {logging_mixin.py:188} INFO - [2024-05-05T18:39:31.947+0000] {dag.py:3096} INFO - Sync 1 DAGs
[2024-05-05T18:39:31.966+0000] {logging_mixin.py:188} INFO - [2024-05-05T18:39:31.966+0000] {dag.py:3954} INFO - Setting next_dagrun for example_short_circuit_decorator to 2024-05-04 00:00:00+00:00, run_after=2024-05-05 00:00:00+00:00
[2024-05-05T18:39:31.984+0000] {processor.py:183} INFO - Processing /home/airflow/.local/lib/python3.12/site-packages/airflow/example_dags/example_short_circuit_decorator.py took 0.070 seconds
[2024-05-05T18:40:02.404+0000] {processor.py:161} INFO - Started process (PID=257) to work on /home/airflow/.local/lib/python3.12/site-packages/airflow/example_dags/example_short_circuit_decorator.py
[2024-05-05T18:40:02.405+0000] {processor.py:830} INFO - Processing file /home/airflow/.local/lib/python3.12/site-packages/airflow/example_dags/example_short_circuit_decorator.py for tasks to queue
[2024-05-05T18:40:02.407+0000] {logging_mixin.py:188} INFO - [2024-05-05T18:40:02.407+0000] {dagbag.py:540} INFO - Filling up the DagBag from /home/airflow/.local/lib/python3.12/site-packages/airflow/example_dags/example_short_circuit_decorator.py
[2024-05-05T18:40:02.414+0000] {processor.py:840} INFO - DAG(s) 'example_short_circuit_decorator' retrieved from /home/airflow/.local/lib/python3.12/site-packages/airflow/example_dags/example_short_circuit_decorator.py
[2024-05-05T18:40:02.433+0000] {logging_mixin.py:188} INFO - [2024-05-05T18:40:02.433+0000] {dag.py:3096} INFO - Sync 1 DAGs
[2024-05-05T18:40:02.451+0000] {logging_mixin.py:188} INFO - [2024-05-05T18:40:02.451+0000] {dag.py:3954} INFO - Setting next_dagrun for example_short_circuit_decorator to 2024-05-04 00:00:00+00:00, run_after=2024-05-05 00:00:00+00:00
[2024-05-05T18:40:02.467+0000] {processor.py:183} INFO - Processing /home/airflow/.local/lib/python3.12/site-packages/airflow/example_dags/example_short_circuit_decorator.py took 0.067 seconds
[2024-05-05T18:40:32.578+0000] {processor.py:161} INFO - Started process (PID=316) to work on /home/airflow/.local/lib/python3.12/site-packages/airflow/example_dags/example_short_circuit_decorator.py
[2024-05-05T18:40:32.580+0000] {processor.py:830} INFO - Processing file /home/airflow/.local/lib/python3.12/site-packages/airflow/example_dags/example_short_circuit_decorator.py for tasks to queue
[2024-05-05T18:40:32.582+0000] {logging_mixin.py:188} INFO - [2024-05-05T18:40:32.582+0000] {dagbag.py:540} INFO - Filling up the DagBag from /home/airflow/.local/lib/python3.12/site-packages/airflow/example_dags/example_short_circuit_decorator.py
[2024-05-05T18:40:32.590+0000] {processor.py:840} INFO - DAG(s) 'example_short_circuit_decorator' retrieved from /home/airflow/.local/lib/python3.12/site-packages/airflow/example_dags/example_short_circuit_decorator.py
[2024-05-05T18:40:32.611+0000] {logging_mixin.py:188} INFO - [2024-05-05T18:40:32.610+0000] {dag.py:3096} INFO - Sync 1 DAGs
[2024-05-05T18:40:32.628+0000] {logging_mixin.py:188} INFO - [2024-05-05T18:40:32.628+0000] {dag.py:3954} INFO - Setting next_dagrun for example_short_circuit_decorator to 2024-05-04 00:00:00+00:00, run_after=2024-05-05 00:00:00+00:00
[2024-05-05T18:40:32.644+0000] {processor.py:183} INFO - Processing /home/airflow/.local/lib/python3.12/site-packages/airflow/example_dags/example_short_circuit_decorator.py took 0.071 seconds
[2024-05-05T18:49:28.451+0000] {processor.py:161} INFO - Started process (PID=59) to work on /home/airflow/.local/lib/python3.12/site-packages/airflow/example_dags/example_short_circuit_decorator.py
[2024-05-05T18:49:28.452+0000] {processor.py:830} INFO - Processing file /home/airflow/.local/lib/python3.12/site-packages/airflow/example_dags/example_short_circuit_decorator.py for tasks to queue
[2024-05-05T18:49:28.454+0000] {logging_mixin.py:188} INFO - [2024-05-05T18:49:28.454+0000] {dagbag.py:540} INFO - Filling up the DagBag from /home/airflow/.local/lib/python3.12/site-packages/airflow/example_dags/example_short_circuit_decorator.py
[2024-05-05T18:49:28.464+0000] {processor.py:840} INFO - DAG(s) 'example_short_circuit_decorator' retrieved from /home/airflow/.local/lib/python3.12/site-packages/airflow/example_dags/example_short_circuit_decorator.py
[2024-05-05T18:49:28.477+0000] {logging_mixin.py:188} INFO - [2024-05-05T18:49:28.477+0000] {dag.py:3096} INFO - Sync 1 DAGs
[2024-05-05T18:49:28.504+0000] {logging_mixin.py:188} INFO - [2024-05-05T18:49:28.504+0000] {dag.py:3954} INFO - Setting next_dagrun for example_short_circuit_decorator to 2024-05-04 00:00:00+00:00, run_after=2024-05-05 00:00:00+00:00
[2024-05-05T18:49:28.528+0000] {processor.py:183} INFO - Processing /home/airflow/.local/lib/python3.12/site-packages/airflow/example_dags/example_short_circuit_decorator.py took 0.083 seconds
[2024-05-05T18:50:00.054+0000] {processor.py:161} INFO - Started process (PID=119) to work on /home/airflow/.local/lib/python3.12/site-packages/airflow/example_dags/example_short_circuit_decorator.py
[2024-05-05T18:50:00.056+0000] {processor.py:830} INFO - Processing file /home/airflow/.local/lib/python3.12/site-packages/airflow/example_dags/example_short_circuit_decorator.py for tasks to queue
[2024-05-05T18:50:00.057+0000] {logging_mixin.py:188} INFO - [2024-05-05T18:50:00.057+0000] {dagbag.py:540} INFO - Filling up the DagBag from /home/airflow/.local/lib/python3.12/site-packages/airflow/example_dags/example_short_circuit_decorator.py
[2024-05-05T18:50:00.065+0000] {processor.py:840} INFO - DAG(s) 'example_short_circuit_decorator' retrieved from /home/airflow/.local/lib/python3.12/site-packages/airflow/example_dags/example_short_circuit_decorator.py
[2024-05-05T18:50:00.156+0000] {logging_mixin.py:188} INFO - [2024-05-05T18:50:00.156+0000] {dag.py:3096} INFO - Sync 1 DAGs
[2024-05-05T18:50:00.172+0000] {logging_mixin.py:188} INFO - [2024-05-05T18:50:00.172+0000] {dag.py:3954} INFO - Setting next_dagrun for example_short_circuit_decorator to 2024-05-04 00:00:00+00:00, run_after=2024-05-05 00:00:00+00:00
[2024-05-05T18:50:00.191+0000] {processor.py:183} INFO - Processing /home/airflow/.local/lib/python3.12/site-packages/airflow/example_dags/example_short_circuit_decorator.py took 0.143 seconds
[2024-05-05T18:50:30.980+0000] {processor.py:161} INFO - Started process (PID=179) to work on /home/airflow/.local/lib/python3.12/site-packages/airflow/example_dags/example_short_circuit_decorator.py
[2024-05-05T18:50:30.981+0000] {processor.py:830} INFO - Processing file /home/airflow/.local/lib/python3.12/site-packages/airflow/example_dags/example_short_circuit_decorator.py for tasks to queue
[2024-05-05T18:50:30.983+0000] {logging_mixin.py:188} INFO - [2024-05-05T18:50:30.982+0000] {dagbag.py:540} INFO - Filling up the DagBag from /home/airflow/.local/lib/python3.12/site-packages/airflow/example_dags/example_short_circuit_decorator.py
[2024-05-05T18:50:30.989+0000] {processor.py:840} INFO - DAG(s) 'example_short_circuit_decorator' retrieved from /home/airflow/.local/lib/python3.12/site-packages/airflow/example_dags/example_short_circuit_decorator.py
[2024-05-05T18:50:31.008+0000] {logging_mixin.py:188} INFO - [2024-05-05T18:50:31.008+0000] {dag.py:3096} INFO - Sync 1 DAGs
[2024-05-05T18:50:31.026+0000] {logging_mixin.py:188} INFO - [2024-05-05T18:50:31.026+0000] {dag.py:3954} INFO - Setting next_dagrun for example_short_circuit_decorator to 2024-05-04 00:00:00+00:00, run_after=2024-05-05 00:00:00+00:00
[2024-05-05T18:50:31.043+0000] {processor.py:183} INFO - Processing /home/airflow/.local/lib/python3.12/site-packages/airflow/example_dags/example_short_circuit_decorator.py took 0.068 seconds
[2024-05-05T18:51:01.439+0000] {processor.py:161} INFO - Started process (PID=243) to work on /home/airflow/.local/lib/python3.12/site-packages/airflow/example_dags/example_short_circuit_decorator.py
[2024-05-05T18:51:01.440+0000] {processor.py:830} INFO - Processing file /home/airflow/.local/lib/python3.12/site-packages/airflow/example_dags/example_short_circuit_decorator.py for tasks to queue
[2024-05-05T18:51:01.441+0000] {logging_mixin.py:188} INFO - [2024-05-05T18:51:01.441+0000] {dagbag.py:540} INFO - Filling up the DagBag from /home/airflow/.local/lib/python3.12/site-packages/airflow/example_dags/example_short_circuit_decorator.py
[2024-05-05T18:51:01.449+0000] {processor.py:840} INFO - DAG(s) 'example_short_circuit_decorator' retrieved from /home/airflow/.local/lib/python3.12/site-packages/airflow/example_dags/example_short_circuit_decorator.py
[2024-05-05T18:51:01.468+0000] {logging_mixin.py:188} INFO - [2024-05-05T18:51:01.468+0000] {dag.py:3096} INFO - Sync 1 DAGs
[2024-05-05T18:51:01.486+0000] {logging_mixin.py:188} INFO - [2024-05-05T18:51:01.486+0000] {dag.py:3954} INFO - Setting next_dagrun for example_short_circuit_decorator to 2024-05-04 00:00:00+00:00, run_after=2024-05-05 00:00:00+00:00
[2024-05-05T18:51:01.502+0000] {processor.py:183} INFO - Processing /home/airflow/.local/lib/python3.12/site-packages/airflow/example_dags/example_short_circuit_decorator.py took 0.068 seconds
[2024-05-05T18:51:31.628+0000] {processor.py:161} INFO - Started process (PID=303) to work on /home/airflow/.local/lib/python3.12/site-packages/airflow/example_dags/example_short_circuit_decorator.py
[2024-05-05T18:51:31.629+0000] {processor.py:830} INFO - Processing file /home/airflow/.local/lib/python3.12/site-packages/airflow/example_dags/example_short_circuit_decorator.py for tasks to queue
[2024-05-05T18:51:31.631+0000] {logging_mixin.py:188} INFO - [2024-05-05T18:51:31.630+0000] {dagbag.py:540} INFO - Filling up the DagBag from /home/airflow/.local/lib/python3.12/site-packages/airflow/example_dags/example_short_circuit_decorator.py
[2024-05-05T18:51:31.638+0000] {processor.py:840} INFO - DAG(s) 'example_short_circuit_decorator' retrieved from /home/airflow/.local/lib/python3.12/site-packages/airflow/example_dags/example_short_circuit_decorator.py
[2024-05-05T18:51:31.658+0000] {logging_mixin.py:188} INFO - [2024-05-05T18:51:31.657+0000] {dag.py:3096} INFO - Sync 1 DAGs
[2024-05-05T18:51:31.675+0000] {logging_mixin.py:188} INFO - [2024-05-05T18:51:31.674+0000] {dag.py:3954} INFO - Setting next_dagrun for example_short_circuit_decorator to 2024-05-04 00:00:00+00:00, run_after=2024-05-05 00:00:00+00:00
[2024-05-05T18:51:31.690+0000] {processor.py:183} INFO - Processing /home/airflow/.local/lib/python3.12/site-packages/airflow/example_dags/example_short_circuit_decorator.py took 0.066 seconds
