[2024-05-05T18:35:48.608+0000] {processor.py:161} INFO - Started process (PID=68) to work on /home/airflow/.local/lib/python3.12/site-packages/airflow/example_dags/tutorial.py
[2024-05-05T18:35:48.609+0000] {processor.py:830} INFO - Processing file /home/airflow/.local/lib/python3.12/site-packages/airflow/example_dags/tutorial.py for tasks to queue
[2024-05-05T18:35:48.611+0000] {logging_mixin.py:188} INFO - [2024-05-05T18:35:48.610+0000] {dagbag.py:540} INFO - Filling up the DagBag from /home/airflow/.local/lib/python3.12/site-packages/airflow/example_dags/tutorial.py
[2024-05-05T18:35:48.615+0000] {processor.py:840} INFO - DAG(s) 'tutorial' retrieved from /home/airflow/.local/lib/python3.12/site-packages/airflow/example_dags/tutorial.py
[2024-05-05T18:35:48.700+0000] {logging_mixin.py:188} INFO - [2024-05-05T18:35:48.699+0000] {override.py:1829} INFO - Created Permission View: can edit on DAG:tutorial
[2024-05-05T18:35:48.709+0000] {logging_mixin.py:188} INFO - [2024-05-05T18:35:48.709+0000] {override.py:1829} INFO - Created Permission View: can delete on DAG:tutorial
[2024-05-05T18:35:48.715+0000] {logging_mixin.py:188} INFO - [2024-05-05T18:35:48.714+0000] {override.py:1829} INFO - Created Permission View: can read on DAG:tutorial
[2024-05-05T18:35:48.715+0000] {logging_mixin.py:188} INFO - [2024-05-05T18:35:48.715+0000] {dag.py:3096} INFO - Sync 1 DAGs
[2024-05-05T18:35:48.724+0000] {logging_mixin.py:188} INFO - [2024-05-05T18:35:48.724+0000] {dag.py:3118} INFO - Creating ORM DAG for tutorial
[2024-05-05T18:35:48.732+0000] {logging_mixin.py:188} INFO - [2024-05-05T18:35:48.732+0000] {dag.py:3954} INFO - Setting next_dagrun for tutorial to 2024-05-04 00:00:00+00:00, run_after=2024-05-05 00:00:00+00:00
[2024-05-05T18:35:48.746+0000] {processor.py:183} INFO - Processing /home/airflow/.local/lib/python3.12/site-packages/airflow/example_dags/tutorial.py took 0.143 seconds
[2024-05-05T18:36:18.772+0000] {processor.py:161} INFO - Started process (PID=126) to work on /home/airflow/.local/lib/python3.12/site-packages/airflow/example_dags/tutorial.py
[2024-05-05T18:36:18.773+0000] {processor.py:830} INFO - Processing file /home/airflow/.local/lib/python3.12/site-packages/airflow/example_dags/tutorial.py for tasks to queue
[2024-05-05T18:36:18.774+0000] {logging_mixin.py:188} INFO - [2024-05-05T18:36:18.774+0000] {dagbag.py:540} INFO - Filling up the DagBag from /home/airflow/.local/lib/python3.12/site-packages/airflow/example_dags/tutorial.py
[2024-05-05T18:36:18.781+0000] {processor.py:840} INFO - DAG(s) 'tutorial' retrieved from /home/airflow/.local/lib/python3.12/site-packages/airflow/example_dags/tutorial.py
[2024-05-05T18:36:18.799+0000] {logging_mixin.py:188} INFO - [2024-05-05T18:36:18.799+0000] {dag.py:3096} INFO - Sync 1 DAGs
[2024-05-05T18:36:18.817+0000] {logging_mixin.py:188} INFO - [2024-05-05T18:36:18.816+0000] {dag.py:3954} INFO - Setting next_dagrun for tutorial to 2024-05-04 00:00:00+00:00, run_after=2024-05-05 00:00:00+00:00
[2024-05-05T18:36:18.833+0000] {processor.py:183} INFO - Processing /home/airflow/.local/lib/python3.12/site-packages/airflow/example_dags/tutorial.py took 0.067 seconds
[2024-05-05T18:36:48.905+0000] {processor.py:161} INFO - Started process (PID=184) to work on /home/airflow/.local/lib/python3.12/site-packages/airflow/example_dags/tutorial.py
[2024-05-05T18:36:48.906+0000] {processor.py:830} INFO - Processing file /home/airflow/.local/lib/python3.12/site-packages/airflow/example_dags/tutorial.py for tasks to queue
[2024-05-05T18:36:48.907+0000] {logging_mixin.py:188} INFO - [2024-05-05T18:36:48.907+0000] {dagbag.py:540} INFO - Filling up the DagBag from /home/airflow/.local/lib/python3.12/site-packages/airflow/example_dags/tutorial.py
[2024-05-05T18:36:48.913+0000] {processor.py:840} INFO - DAG(s) 'tutorial' retrieved from /home/airflow/.local/lib/python3.12/site-packages/airflow/example_dags/tutorial.py
[2024-05-05T18:36:48.929+0000] {logging_mixin.py:188} INFO - [2024-05-05T18:36:48.929+0000] {dag.py:3096} INFO - Sync 1 DAGs
[2024-05-05T18:36:48.946+0000] {logging_mixin.py:188} INFO - [2024-05-05T18:36:48.946+0000] {dag.py:3954} INFO - Setting next_dagrun for tutorial to 2024-05-04 00:00:00+00:00, run_after=2024-05-05 00:00:00+00:00
[2024-05-05T18:36:48.964+0000] {processor.py:183} INFO - Processing /home/airflow/.local/lib/python3.12/site-packages/airflow/example_dags/tutorial.py took 0.064 seconds
[2024-05-05T18:37:19.066+0000] {processor.py:161} INFO - Started process (PID=242) to work on /home/airflow/.local/lib/python3.12/site-packages/airflow/example_dags/tutorial.py
[2024-05-05T18:37:19.067+0000] {processor.py:830} INFO - Processing file /home/airflow/.local/lib/python3.12/site-packages/airflow/example_dags/tutorial.py for tasks to queue
[2024-05-05T18:37:19.069+0000] {logging_mixin.py:188} INFO - [2024-05-05T18:37:19.068+0000] {dagbag.py:540} INFO - Filling up the DagBag from /home/airflow/.local/lib/python3.12/site-packages/airflow/example_dags/tutorial.py
[2024-05-05T18:37:19.073+0000] {processor.py:840} INFO - DAG(s) 'tutorial' retrieved from /home/airflow/.local/lib/python3.12/site-packages/airflow/example_dags/tutorial.py
[2024-05-05T18:37:19.091+0000] {logging_mixin.py:188} INFO - [2024-05-05T18:37:19.091+0000] {dag.py:3096} INFO - Sync 1 DAGs
[2024-05-05T18:37:19.109+0000] {logging_mixin.py:188} INFO - [2024-05-05T18:37:19.109+0000] {dag.py:3954} INFO - Setting next_dagrun for tutorial to 2024-05-04 00:00:00+00:00, run_after=2024-05-05 00:00:00+00:00
[2024-05-05T18:37:19.128+0000] {processor.py:183} INFO - Processing /home/airflow/.local/lib/python3.12/site-packages/airflow/example_dags/tutorial.py took 0.067 seconds
[2024-05-05T18:38:31.184+0000] {processor.py:161} INFO - Started process (PID=71) to work on /home/airflow/.local/lib/python3.12/site-packages/airflow/example_dags/tutorial.py
[2024-05-05T18:38:31.185+0000] {processor.py:830} INFO - Processing file /home/airflow/.local/lib/python3.12/site-packages/airflow/example_dags/tutorial.py for tasks to queue
[2024-05-05T18:38:31.186+0000] {logging_mixin.py:188} INFO - [2024-05-05T18:38:31.186+0000] {dagbag.py:540} INFO - Filling up the DagBag from /home/airflow/.local/lib/python3.12/site-packages/airflow/example_dags/tutorial.py
[2024-05-05T18:38:31.193+0000] {processor.py:840} INFO - DAG(s) 'tutorial' retrieved from /home/airflow/.local/lib/python3.12/site-packages/airflow/example_dags/tutorial.py
[2024-05-05T18:38:31.205+0000] {logging_mixin.py:188} INFO - [2024-05-05T18:38:31.205+0000] {dag.py:3096} INFO - Sync 1 DAGs
[2024-05-05T18:38:31.231+0000] {logging_mixin.py:188} INFO - [2024-05-05T18:38:31.231+0000] {dag.py:3954} INFO - Setting next_dagrun for tutorial to 2024-05-04 00:00:00+00:00, run_after=2024-05-05 00:00:00+00:00
[2024-05-05T18:38:31.250+0000] {processor.py:183} INFO - Processing /home/airflow/.local/lib/python3.12/site-packages/airflow/example_dags/tutorial.py took 0.071 seconds
[2024-05-05T18:39:02.248+0000] {processor.py:161} INFO - Started process (PID=141) to work on /home/airflow/.local/lib/python3.12/site-packages/airflow/example_dags/tutorial.py
[2024-05-05T18:39:02.249+0000] {processor.py:830} INFO - Processing file /home/airflow/.local/lib/python3.12/site-packages/airflow/example_dags/tutorial.py for tasks to queue
[2024-05-05T18:39:02.250+0000] {logging_mixin.py:188} INFO - [2024-05-05T18:39:02.250+0000] {dagbag.py:540} INFO - Filling up the DagBag from /home/airflow/.local/lib/python3.12/site-packages/airflow/example_dags/tutorial.py
[2024-05-05T18:39:02.254+0000] {processor.py:840} INFO - DAG(s) 'tutorial' retrieved from /home/airflow/.local/lib/python3.12/site-packages/airflow/example_dags/tutorial.py
[2024-05-05T18:39:02.329+0000] {logging_mixin.py:188} INFO - [2024-05-05T18:39:02.328+0000] {dag.py:3096} INFO - Sync 1 DAGs
[2024-05-05T18:39:02.343+0000] {logging_mixin.py:188} INFO - [2024-05-05T18:39:02.343+0000] {dag.py:3954} INFO - Setting next_dagrun for tutorial to 2024-05-04 00:00:00+00:00, run_after=2024-05-05 00:00:00+00:00
[2024-05-05T18:39:02.361+0000] {processor.py:183} INFO - Processing /home/airflow/.local/lib/python3.12/site-packages/airflow/example_dags/tutorial.py took 0.118 seconds
[2024-05-05T18:39:32.432+0000] {processor.py:161} INFO - Started process (PID=209) to work on /home/airflow/.local/lib/python3.12/site-packages/airflow/example_dags/tutorial.py
[2024-05-05T18:39:32.433+0000] {processor.py:830} INFO - Processing file /home/airflow/.local/lib/python3.12/site-packages/airflow/example_dags/tutorial.py for tasks to queue
[2024-05-05T18:39:32.434+0000] {logging_mixin.py:188} INFO - [2024-05-05T18:39:32.434+0000] {dagbag.py:540} INFO - Filling up the DagBag from /home/airflow/.local/lib/python3.12/site-packages/airflow/example_dags/tutorial.py
[2024-05-05T18:39:32.439+0000] {processor.py:840} INFO - DAG(s) 'tutorial' retrieved from /home/airflow/.local/lib/python3.12/site-packages/airflow/example_dags/tutorial.py
[2024-05-05T18:39:32.456+0000] {logging_mixin.py:188} INFO - [2024-05-05T18:39:32.456+0000] {dag.py:3096} INFO - Sync 1 DAGs
[2024-05-05T18:39:32.474+0000] {logging_mixin.py:188} INFO - [2024-05-05T18:39:32.474+0000] {dag.py:3954} INFO - Setting next_dagrun for tutorial to 2024-05-04 00:00:00+00:00, run_after=2024-05-05 00:00:00+00:00
[2024-05-05T18:39:32.491+0000] {processor.py:183} INFO - Processing /home/airflow/.local/lib/python3.12/site-packages/airflow/example_dags/tutorial.py took 0.065 seconds
[2024-05-05T18:40:02.952+0000] {processor.py:161} INFO - Started process (PID=269) to work on /home/airflow/.local/lib/python3.12/site-packages/airflow/example_dags/tutorial.py
[2024-05-05T18:40:02.953+0000] {processor.py:830} INFO - Processing file /home/airflow/.local/lib/python3.12/site-packages/airflow/example_dags/tutorial.py for tasks to queue
[2024-05-05T18:40:02.954+0000] {logging_mixin.py:188} INFO - [2024-05-05T18:40:02.954+0000] {dagbag.py:540} INFO - Filling up the DagBag from /home/airflow/.local/lib/python3.12/site-packages/airflow/example_dags/tutorial.py
[2024-05-05T18:40:02.959+0000] {processor.py:840} INFO - DAG(s) 'tutorial' retrieved from /home/airflow/.local/lib/python3.12/site-packages/airflow/example_dags/tutorial.py
[2024-05-05T18:40:02.975+0000] {logging_mixin.py:188} INFO - [2024-05-05T18:40:02.975+0000] {dag.py:3096} INFO - Sync 1 DAGs
[2024-05-05T18:40:02.993+0000] {logging_mixin.py:188} INFO - [2024-05-05T18:40:02.992+0000] {dag.py:3954} INFO - Setting next_dagrun for tutorial to 2024-05-04 00:00:00+00:00, run_after=2024-05-05 00:00:00+00:00
[2024-05-05T18:40:03.010+0000] {processor.py:183} INFO - Processing /home/airflow/.local/lib/python3.12/site-packages/airflow/example_dags/tutorial.py took 0.063 seconds
[2024-05-05T18:40:33.309+0000] {processor.py:161} INFO - Started process (PID=329) to work on /home/airflow/.local/lib/python3.12/site-packages/airflow/example_dags/tutorial.py
[2024-05-05T18:40:33.310+0000] {processor.py:830} INFO - Processing file /home/airflow/.local/lib/python3.12/site-packages/airflow/example_dags/tutorial.py for tasks to queue
[2024-05-05T18:40:33.311+0000] {logging_mixin.py:188} INFO - [2024-05-05T18:40:33.311+0000] {dagbag.py:540} INFO - Filling up the DagBag from /home/airflow/.local/lib/python3.12/site-packages/airflow/example_dags/tutorial.py
[2024-05-05T18:40:33.316+0000] {processor.py:840} INFO - DAG(s) 'tutorial' retrieved from /home/airflow/.local/lib/python3.12/site-packages/airflow/example_dags/tutorial.py
[2024-05-05T18:40:33.331+0000] {logging_mixin.py:188} INFO - [2024-05-05T18:40:33.331+0000] {dag.py:3096} INFO - Sync 1 DAGs
[2024-05-05T18:40:33.348+0000] {logging_mixin.py:188} INFO - [2024-05-05T18:40:33.348+0000] {dag.py:3954} INFO - Setting next_dagrun for tutorial to 2024-05-04 00:00:00+00:00, run_after=2024-05-05 00:00:00+00:00
[2024-05-05T18:40:33.363+0000] {processor.py:183} INFO - Processing /home/airflow/.local/lib/python3.12/site-packages/airflow/example_dags/tutorial.py took 0.059 seconds
[2024-05-05T18:49:29.102+0000] {processor.py:161} INFO - Started process (PID=71) to work on /home/airflow/.local/lib/python3.12/site-packages/airflow/example_dags/tutorial.py
[2024-05-05T18:49:29.103+0000] {processor.py:830} INFO - Processing file /home/airflow/.local/lib/python3.12/site-packages/airflow/example_dags/tutorial.py for tasks to queue
[2024-05-05T18:49:29.105+0000] {logging_mixin.py:188} INFO - [2024-05-05T18:49:29.105+0000] {dagbag.py:540} INFO - Filling up the DagBag from /home/airflow/.local/lib/python3.12/site-packages/airflow/example_dags/tutorial.py
[2024-05-05T18:49:29.112+0000] {processor.py:840} INFO - DAG(s) 'tutorial' retrieved from /home/airflow/.local/lib/python3.12/site-packages/airflow/example_dags/tutorial.py
[2024-05-05T18:49:29.124+0000] {logging_mixin.py:188} INFO - [2024-05-05T18:49:29.124+0000] {dag.py:3096} INFO - Sync 1 DAGs
[2024-05-05T18:49:29.149+0000] {logging_mixin.py:188} INFO - [2024-05-05T18:49:29.149+0000] {dag.py:3954} INFO - Setting next_dagrun for tutorial to 2024-05-04 00:00:00+00:00, run_after=2024-05-05 00:00:00+00:00
[2024-05-05T18:49:29.172+0000] {processor.py:183} INFO - Processing /home/airflow/.local/lib/python3.12/site-packages/airflow/example_dags/tutorial.py took 0.074 seconds
[2024-05-05T18:50:01.045+0000] {processor.py:161} INFO - Started process (PID=131) to work on /home/airflow/.local/lib/python3.12/site-packages/airflow/example_dags/tutorial.py
[2024-05-05T18:50:01.046+0000] {processor.py:830} INFO - Processing file /home/airflow/.local/lib/python3.12/site-packages/airflow/example_dags/tutorial.py for tasks to queue
[2024-05-05T18:50:01.047+0000] {logging_mixin.py:188} INFO - [2024-05-05T18:50:01.047+0000] {dagbag.py:540} INFO - Filling up the DagBag from /home/airflow/.local/lib/python3.12/site-packages/airflow/example_dags/tutorial.py
[2024-05-05T18:50:01.052+0000] {processor.py:840} INFO - DAG(s) 'tutorial' retrieved from /home/airflow/.local/lib/python3.12/site-packages/airflow/example_dags/tutorial.py
[2024-05-05T18:50:01.153+0000] {logging_mixin.py:188} INFO - [2024-05-05T18:50:01.153+0000] {dag.py:3096} INFO - Sync 1 DAGs
[2024-05-05T18:50:01.170+0000] {logging_mixin.py:188} INFO - [2024-05-05T18:50:01.169+0000] {dag.py:3954} INFO - Setting next_dagrun for tutorial to 2024-05-04 00:00:00+00:00, run_after=2024-05-05 00:00:00+00:00
[2024-05-05T18:50:01.192+0000] {processor.py:183} INFO - Processing /home/airflow/.local/lib/python3.12/site-packages/airflow/example_dags/tutorial.py took 0.151 seconds
[2024-05-05T18:50:31.530+0000] {processor.py:161} INFO - Started process (PID=191) to work on /home/airflow/.local/lib/python3.12/site-packages/airflow/example_dags/tutorial.py
[2024-05-05T18:50:31.531+0000] {processor.py:830} INFO - Processing file /home/airflow/.local/lib/python3.12/site-packages/airflow/example_dags/tutorial.py for tasks to queue
[2024-05-05T18:50:31.533+0000] {logging_mixin.py:188} INFO - [2024-05-05T18:50:31.533+0000] {dagbag.py:540} INFO - Filling up the DagBag from /home/airflow/.local/lib/python3.12/site-packages/airflow/example_dags/tutorial.py
[2024-05-05T18:50:31.540+0000] {processor.py:840} INFO - DAG(s) 'tutorial' retrieved from /home/airflow/.local/lib/python3.12/site-packages/airflow/example_dags/tutorial.py
[2024-05-05T18:50:31.558+0000] {logging_mixin.py:188} INFO - [2024-05-05T18:50:31.558+0000] {dag.py:3096} INFO - Sync 1 DAGs
[2024-05-05T18:50:31.577+0000] {logging_mixin.py:188} INFO - [2024-05-05T18:50:31.577+0000] {dag.py:3954} INFO - Setting next_dagrun for tutorial to 2024-05-04 00:00:00+00:00, run_after=2024-05-05 00:00:00+00:00
[2024-05-05T18:50:31.596+0000] {processor.py:183} INFO - Processing /home/airflow/.local/lib/python3.12/site-packages/airflow/example_dags/tutorial.py took 0.071 seconds
[2024-05-05T18:51:01.888+0000] {processor.py:161} INFO - Started process (PID=255) to work on /home/airflow/.local/lib/python3.12/site-packages/airflow/example_dags/tutorial.py
[2024-05-05T18:51:01.889+0000] {processor.py:830} INFO - Processing file /home/airflow/.local/lib/python3.12/site-packages/airflow/example_dags/tutorial.py for tasks to queue
[2024-05-05T18:51:01.890+0000] {logging_mixin.py:188} INFO - [2024-05-05T18:51:01.890+0000] {dagbag.py:540} INFO - Filling up the DagBag from /home/airflow/.local/lib/python3.12/site-packages/airflow/example_dags/tutorial.py
[2024-05-05T18:51:01.894+0000] {processor.py:840} INFO - DAG(s) 'tutorial' retrieved from /home/airflow/.local/lib/python3.12/site-packages/airflow/example_dags/tutorial.py
[2024-05-05T18:51:01.908+0000] {logging_mixin.py:188} INFO - [2024-05-05T18:51:01.908+0000] {dag.py:3096} INFO - Sync 1 DAGs
[2024-05-05T18:51:01.924+0000] {logging_mixin.py:188} INFO - [2024-05-05T18:51:01.924+0000] {dag.py:3954} INFO - Setting next_dagrun for tutorial to 2024-05-04 00:00:00+00:00, run_after=2024-05-05 00:00:00+00:00
[2024-05-05T18:51:01.939+0000] {processor.py:183} INFO - Processing /home/airflow/.local/lib/python3.12/site-packages/airflow/example_dags/tutorial.py took 0.056 seconds
[2024-05-05T18:51:32.226+0000] {processor.py:161} INFO - Started process (PID=315) to work on /home/airflow/.local/lib/python3.12/site-packages/airflow/example_dags/tutorial.py
[2024-05-05T18:51:32.227+0000] {processor.py:830} INFO - Processing file /home/airflow/.local/lib/python3.12/site-packages/airflow/example_dags/tutorial.py for tasks to queue
[2024-05-05T18:51:32.228+0000] {logging_mixin.py:188} INFO - [2024-05-05T18:51:32.228+0000] {dagbag.py:540} INFO - Filling up the DagBag from /home/airflow/.local/lib/python3.12/site-packages/airflow/example_dags/tutorial.py
[2024-05-05T18:51:32.232+0000] {processor.py:840} INFO - DAG(s) 'tutorial' retrieved from /home/airflow/.local/lib/python3.12/site-packages/airflow/example_dags/tutorial.py
[2024-05-05T18:51:32.247+0000] {logging_mixin.py:188} INFO - [2024-05-05T18:51:32.247+0000] {dag.py:3096} INFO - Sync 1 DAGs
[2024-05-05T18:51:32.262+0000] {logging_mixin.py:188} INFO - [2024-05-05T18:51:32.262+0000] {dag.py:3954} INFO - Setting next_dagrun for tutorial to 2024-05-04 00:00:00+00:00, run_after=2024-05-05 00:00:00+00:00
[2024-05-05T18:51:32.276+0000] {processor.py:183} INFO - Processing /home/airflow/.local/lib/python3.12/site-packages/airflow/example_dags/tutorial.py took 0.055 seconds
