[2024-05-04T15:39:02.774+0000] {processor.py:161} INFO - Started process (PID=60) to work on /home/airflow/.local/lib/python3.12/site-packages/airflow/example_dags/example_complex.py
[2024-05-04T15:39:02.774+0000] {processor.py:830} INFO - Processing file /home/airflow/.local/lib/python3.12/site-packages/airflow/example_dags/example_complex.py for tasks to queue
[2024-05-04T15:39:02.776+0000] {logging_mixin.py:188} INFO - [2024-05-04T15:39:02.775+0000] {dagbag.py:540} INFO - Filling up the DagBag from /home/airflow/.local/lib/python3.12/site-packages/airflow/example_dags/example_complex.py
[2024-05-04T15:39:02.783+0000] {processor.py:840} INFO - DAG(s) 'example_complex' retrieved from /home/airflow/.local/lib/python3.12/site-packages/airflow/example_dags/example_complex.py
[2024-05-04T15:39:02.883+0000] {logging_mixin.py:188} INFO - [2024-05-04T15:39:02.882+0000] {dag.py:3096} INFO - Sync 1 DAGs
[2024-05-04T15:39:02.892+0000] {logging_mixin.py:188} INFO - [2024-05-04T15:39:02.892+0000] {dag.py:3954} INFO - Setting next_dagrun for example_complex to None, run_after=None
[2024-05-04T15:39:02.910+0000] {processor.py:183} INFO - Processing /home/airflow/.local/lib/python3.12/site-packages/airflow/example_dags/example_complex.py took 0.140 seconds
[2024-05-04T15:39:33.465+0000] {processor.py:161} INFO - Started process (PID=121) to work on /home/airflow/.local/lib/python3.12/site-packages/airflow/example_dags/example_complex.py
[2024-05-04T15:39:33.466+0000] {processor.py:830} INFO - Processing file /home/airflow/.local/lib/python3.12/site-packages/airflow/example_dags/example_complex.py for tasks to queue
[2024-05-04T15:39:33.468+0000] {logging_mixin.py:188} INFO - [2024-05-04T15:39:33.467+0000] {dagbag.py:540} INFO - Filling up the DagBag from /home/airflow/.local/lib/python3.12/site-packages/airflow/example_dags/example_complex.py
[2024-05-04T15:39:33.474+0000] {processor.py:840} INFO - DAG(s) 'example_complex' retrieved from /home/airflow/.local/lib/python3.12/site-packages/airflow/example_dags/example_complex.py
[2024-05-04T15:39:33.497+0000] {logging_mixin.py:188} INFO - [2024-05-04T15:39:33.497+0000] {dag.py:3096} INFO - Sync 1 DAGs
[2024-05-04T15:39:33.506+0000] {logging_mixin.py:188} INFO - [2024-05-04T15:39:33.506+0000] {dag.py:3954} INFO - Setting next_dagrun for example_complex to None, run_after=None
[2024-05-04T15:39:33.521+0000] {processor.py:183} INFO - Processing /home/airflow/.local/lib/python3.12/site-packages/airflow/example_dags/example_complex.py took 0.059 seconds
[2024-05-04T15:40:04.288+0000] {processor.py:161} INFO - Started process (PID=185) to work on /home/airflow/.local/lib/python3.12/site-packages/airflow/example_dags/example_complex.py
[2024-05-04T15:40:04.289+0000] {processor.py:830} INFO - Processing file /home/airflow/.local/lib/python3.12/site-packages/airflow/example_dags/example_complex.py for tasks to queue
[2024-05-04T15:40:04.291+0000] {logging_mixin.py:188} INFO - [2024-05-04T15:40:04.290+0000] {dagbag.py:540} INFO - Filling up the DagBag from /home/airflow/.local/lib/python3.12/site-packages/airflow/example_dags/example_complex.py
[2024-05-04T15:40:04.299+0000] {processor.py:840} INFO - DAG(s) 'example_complex' retrieved from /home/airflow/.local/lib/python3.12/site-packages/airflow/example_dags/example_complex.py
[2024-05-04T15:40:04.326+0000] {logging_mixin.py:188} INFO - [2024-05-04T15:40:04.325+0000] {dag.py:3096} INFO - Sync 1 DAGs
[2024-05-04T15:40:04.339+0000] {logging_mixin.py:188} INFO - [2024-05-04T15:40:04.339+0000] {dag.py:3954} INFO - Setting next_dagrun for example_complex to None, run_after=None
[2024-05-04T15:40:04.361+0000] {processor.py:183} INFO - Processing /home/airflow/.local/lib/python3.12/site-packages/airflow/example_dags/example_complex.py took 0.078 seconds
[2024-05-04T15:40:34.951+0000] {processor.py:161} INFO - Started process (PID=245) to work on /home/airflow/.local/lib/python3.12/site-packages/airflow/example_dags/example_complex.py
[2024-05-04T15:40:34.952+0000] {processor.py:830} INFO - Processing file /home/airflow/.local/lib/python3.12/site-packages/airflow/example_dags/example_complex.py for tasks to queue
[2024-05-04T15:40:34.954+0000] {logging_mixin.py:188} INFO - [2024-05-04T15:40:34.953+0000] {dagbag.py:540} INFO - Filling up the DagBag from /home/airflow/.local/lib/python3.12/site-packages/airflow/example_dags/example_complex.py
[2024-05-04T15:40:34.961+0000] {processor.py:840} INFO - DAG(s) 'example_complex' retrieved from /home/airflow/.local/lib/python3.12/site-packages/airflow/example_dags/example_complex.py
[2024-05-04T15:40:34.987+0000] {logging_mixin.py:188} INFO - [2024-05-04T15:40:34.987+0000] {dag.py:3096} INFO - Sync 1 DAGs
[2024-05-04T15:40:34.998+0000] {logging_mixin.py:188} INFO - [2024-05-04T15:40:34.998+0000] {dag.py:3954} INFO - Setting next_dagrun for example_complex to None, run_after=None
[2024-05-04T15:40:35.015+0000] {processor.py:183} INFO - Processing /home/airflow/.local/lib/python3.12/site-packages/airflow/example_dags/example_complex.py took 0.068 seconds
[2024-05-04T15:41:05.512+0000] {processor.py:161} INFO - Started process (PID=305) to work on /home/airflow/.local/lib/python3.12/site-packages/airflow/example_dags/example_complex.py
[2024-05-04T15:41:05.513+0000] {processor.py:830} INFO - Processing file /home/airflow/.local/lib/python3.12/site-packages/airflow/example_dags/example_complex.py for tasks to queue
[2024-05-04T15:41:05.514+0000] {logging_mixin.py:188} INFO - [2024-05-04T15:41:05.514+0000] {dagbag.py:540} INFO - Filling up the DagBag from /home/airflow/.local/lib/python3.12/site-packages/airflow/example_dags/example_complex.py
[2024-05-04T15:41:05.523+0000] {processor.py:840} INFO - DAG(s) 'example_complex' retrieved from /home/airflow/.local/lib/python3.12/site-packages/airflow/example_dags/example_complex.py
[2024-05-04T15:41:05.547+0000] {logging_mixin.py:188} INFO - [2024-05-04T15:41:05.547+0000] {dag.py:3096} INFO - Sync 1 DAGs
[2024-05-04T15:41:05.558+0000] {logging_mixin.py:188} INFO - [2024-05-04T15:41:05.558+0000] {dag.py:3954} INFO - Setting next_dagrun for example_complex to None, run_after=None
[2024-05-04T15:41:05.574+0000] {processor.py:183} INFO - Processing /home/airflow/.local/lib/python3.12/site-packages/airflow/example_dags/example_complex.py took 0.067 seconds
[2024-05-04T15:41:36.073+0000] {processor.py:161} INFO - Started process (PID=365) to work on /home/airflow/.local/lib/python3.12/site-packages/airflow/example_dags/example_complex.py
[2024-05-04T15:41:36.073+0000] {processor.py:830} INFO - Processing file /home/airflow/.local/lib/python3.12/site-packages/airflow/example_dags/example_complex.py for tasks to queue
[2024-05-04T15:41:36.075+0000] {logging_mixin.py:188} INFO - [2024-05-04T15:41:36.075+0000] {dagbag.py:540} INFO - Filling up the DagBag from /home/airflow/.local/lib/python3.12/site-packages/airflow/example_dags/example_complex.py
[2024-05-04T15:41:36.083+0000] {processor.py:840} INFO - DAG(s) 'example_complex' retrieved from /home/airflow/.local/lib/python3.12/site-packages/airflow/example_dags/example_complex.py
[2024-05-04T15:41:36.107+0000] {logging_mixin.py:188} INFO - [2024-05-04T15:41:36.107+0000] {dag.py:3096} INFO - Sync 1 DAGs
[2024-05-04T15:41:36.117+0000] {logging_mixin.py:188} INFO - [2024-05-04T15:41:36.117+0000] {dag.py:3954} INFO - Setting next_dagrun for example_complex to None, run_after=None
[2024-05-04T15:41:36.136+0000] {processor.py:183} INFO - Processing /home/airflow/.local/lib/python3.12/site-packages/airflow/example_dags/example_complex.py took 0.068 seconds
[2024-05-04T15:42:06.450+0000] {processor.py:161} INFO - Started process (PID=423) to work on /home/airflow/.local/lib/python3.12/site-packages/airflow/example_dags/example_complex.py
[2024-05-04T15:42:06.451+0000] {processor.py:830} INFO - Processing file /home/airflow/.local/lib/python3.12/site-packages/airflow/example_dags/example_complex.py for tasks to queue
[2024-05-04T15:42:06.452+0000] {logging_mixin.py:188} INFO - [2024-05-04T15:42:06.452+0000] {dagbag.py:540} INFO - Filling up the DagBag from /home/airflow/.local/lib/python3.12/site-packages/airflow/example_dags/example_complex.py
[2024-05-04T15:42:06.460+0000] {processor.py:840} INFO - DAG(s) 'example_complex' retrieved from /home/airflow/.local/lib/python3.12/site-packages/airflow/example_dags/example_complex.py
[2024-05-04T15:42:06.485+0000] {logging_mixin.py:188} INFO - [2024-05-04T15:42:06.484+0000] {dag.py:3096} INFO - Sync 1 DAGs
[2024-05-04T15:42:06.495+0000] {logging_mixin.py:188} INFO - [2024-05-04T15:42:06.495+0000] {dag.py:3954} INFO - Setting next_dagrun for example_complex to None, run_after=None
[2024-05-04T15:42:06.512+0000] {processor.py:183} INFO - Processing /home/airflow/.local/lib/python3.12/site-packages/airflow/example_dags/example_complex.py took 0.067 seconds
[2024-05-04T15:42:37.132+0000] {processor.py:161} INFO - Started process (PID=483) to work on /home/airflow/.local/lib/python3.12/site-packages/airflow/example_dags/example_complex.py
[2024-05-04T15:42:37.133+0000] {processor.py:830} INFO - Processing file /home/airflow/.local/lib/python3.12/site-packages/airflow/example_dags/example_complex.py for tasks to queue
[2024-05-04T15:42:37.134+0000] {logging_mixin.py:188} INFO - [2024-05-04T15:42:37.134+0000] {dagbag.py:540} INFO - Filling up the DagBag from /home/airflow/.local/lib/python3.12/site-packages/airflow/example_dags/example_complex.py
[2024-05-04T15:42:37.142+0000] {processor.py:840} INFO - DAG(s) 'example_complex' retrieved from /home/airflow/.local/lib/python3.12/site-packages/airflow/example_dags/example_complex.py
[2024-05-04T15:42:37.165+0000] {logging_mixin.py:188} INFO - [2024-05-04T15:42:37.165+0000] {dag.py:3096} INFO - Sync 1 DAGs
[2024-05-04T15:42:37.175+0000] {logging_mixin.py:188} INFO - [2024-05-04T15:42:37.174+0000] {dag.py:3954} INFO - Setting next_dagrun for example_complex to None, run_after=None
[2024-05-04T15:42:37.190+0000] {processor.py:183} INFO - Processing /home/airflow/.local/lib/python3.12/site-packages/airflow/example_dags/example_complex.py took 0.062 seconds
[2024-05-04T15:43:07.626+0000] {processor.py:161} INFO - Started process (PID=543) to work on /home/airflow/.local/lib/python3.12/site-packages/airflow/example_dags/example_complex.py
[2024-05-04T15:43:07.627+0000] {processor.py:830} INFO - Processing file /home/airflow/.local/lib/python3.12/site-packages/airflow/example_dags/example_complex.py for tasks to queue
[2024-05-04T15:43:07.629+0000] {logging_mixin.py:188} INFO - [2024-05-04T15:43:07.629+0000] {dagbag.py:540} INFO - Filling up the DagBag from /home/airflow/.local/lib/python3.12/site-packages/airflow/example_dags/example_complex.py
[2024-05-04T15:43:07.637+0000] {processor.py:840} INFO - DAG(s) 'example_complex' retrieved from /home/airflow/.local/lib/python3.12/site-packages/airflow/example_dags/example_complex.py
[2024-05-04T15:43:07.660+0000] {logging_mixin.py:188} INFO - [2024-05-04T15:43:07.660+0000] {dag.py:3096} INFO - Sync 1 DAGs
[2024-05-04T15:43:07.671+0000] {logging_mixin.py:188} INFO - [2024-05-04T15:43:07.671+0000] {dag.py:3954} INFO - Setting next_dagrun for example_complex to None, run_after=None
[2024-05-04T15:43:07.687+0000] {processor.py:183} INFO - Processing /home/airflow/.local/lib/python3.12/site-packages/airflow/example_dags/example_complex.py took 0.065 seconds
[2024-05-04T15:43:38.208+0000] {processor.py:161} INFO - Started process (PID=603) to work on /home/airflow/.local/lib/python3.12/site-packages/airflow/example_dags/example_complex.py
[2024-05-04T15:43:38.209+0000] {processor.py:830} INFO - Processing file /home/airflow/.local/lib/python3.12/site-packages/airflow/example_dags/example_complex.py for tasks to queue
[2024-05-04T15:43:38.210+0000] {logging_mixin.py:188} INFO - [2024-05-04T15:43:38.210+0000] {dagbag.py:540} INFO - Filling up the DagBag from /home/airflow/.local/lib/python3.12/site-packages/airflow/example_dags/example_complex.py
[2024-05-04T15:43:38.219+0000] {processor.py:840} INFO - DAG(s) 'example_complex' retrieved from /home/airflow/.local/lib/python3.12/site-packages/airflow/example_dags/example_complex.py
[2024-05-04T15:43:38.243+0000] {logging_mixin.py:188} INFO - [2024-05-04T15:43:38.242+0000] {dag.py:3096} INFO - Sync 1 DAGs
[2024-05-04T15:43:38.252+0000] {logging_mixin.py:188} INFO - [2024-05-04T15:43:38.252+0000] {dag.py:3954} INFO - Setting next_dagrun for example_complex to None, run_after=None
[2024-05-04T15:43:38.267+0000] {processor.py:183} INFO - Processing /home/airflow/.local/lib/python3.12/site-packages/airflow/example_dags/example_complex.py took 0.063 seconds
[2024-05-04T15:44:08.365+0000] {processor.py:161} INFO - Started process (PID=663) to work on /home/airflow/.local/lib/python3.12/site-packages/airflow/example_dags/example_complex.py
[2024-05-04T15:44:08.367+0000] {processor.py:830} INFO - Processing file /home/airflow/.local/lib/python3.12/site-packages/airflow/example_dags/example_complex.py for tasks to queue
[2024-05-04T15:44:08.369+0000] {logging_mixin.py:188} INFO - [2024-05-04T15:44:08.369+0000] {dagbag.py:540} INFO - Filling up the DagBag from /home/airflow/.local/lib/python3.12/site-packages/airflow/example_dags/example_complex.py
[2024-05-04T15:44:08.377+0000] {processor.py:840} INFO - DAG(s) 'example_complex' retrieved from /home/airflow/.local/lib/python3.12/site-packages/airflow/example_dags/example_complex.py
[2024-05-04T15:44:08.402+0000] {logging_mixin.py:188} INFO - [2024-05-04T15:44:08.402+0000] {dag.py:3096} INFO - Sync 1 DAGs
[2024-05-04T15:44:08.414+0000] {logging_mixin.py:188} INFO - [2024-05-04T15:44:08.413+0000] {dag.py:3954} INFO - Setting next_dagrun for example_complex to None, run_after=None
[2024-05-04T15:44:08.434+0000] {processor.py:183} INFO - Processing /home/airflow/.local/lib/python3.12/site-packages/airflow/example_dags/example_complex.py took 0.073 seconds
[2024-05-04T15:44:39.069+0000] {processor.py:161} INFO - Started process (PID=723) to work on /home/airflow/.local/lib/python3.12/site-packages/airflow/example_dags/example_complex.py
[2024-05-04T15:44:39.070+0000] {processor.py:830} INFO - Processing file /home/airflow/.local/lib/python3.12/site-packages/airflow/example_dags/example_complex.py for tasks to queue
[2024-05-04T15:44:39.072+0000] {logging_mixin.py:188} INFO - [2024-05-04T15:44:39.071+0000] {dagbag.py:540} INFO - Filling up the DagBag from /home/airflow/.local/lib/python3.12/site-packages/airflow/example_dags/example_complex.py
[2024-05-04T15:44:39.079+0000] {processor.py:840} INFO - DAG(s) 'example_complex' retrieved from /home/airflow/.local/lib/python3.12/site-packages/airflow/example_dags/example_complex.py
[2024-05-04T15:44:39.104+0000] {logging_mixin.py:188} INFO - [2024-05-04T15:44:39.103+0000] {dag.py:3096} INFO - Sync 1 DAGs
[2024-05-04T15:44:39.113+0000] {logging_mixin.py:188} INFO - [2024-05-04T15:44:39.113+0000] {dag.py:3954} INFO - Setting next_dagrun for example_complex to None, run_after=None
[2024-05-04T15:44:39.132+0000] {processor.py:183} INFO - Processing /home/airflow/.local/lib/python3.12/site-packages/airflow/example_dags/example_complex.py took 0.067 seconds
[2024-05-04T15:45:09.610+0000] {processor.py:161} INFO - Started process (PID=783) to work on /home/airflow/.local/lib/python3.12/site-packages/airflow/example_dags/example_complex.py
[2024-05-04T15:45:09.611+0000] {processor.py:830} INFO - Processing file /home/airflow/.local/lib/python3.12/site-packages/airflow/example_dags/example_complex.py for tasks to queue
[2024-05-04T15:45:09.612+0000] {logging_mixin.py:188} INFO - [2024-05-04T15:45:09.612+0000] {dagbag.py:540} INFO - Filling up the DagBag from /home/airflow/.local/lib/python3.12/site-packages/airflow/example_dags/example_complex.py
[2024-05-04T15:45:09.620+0000] {processor.py:840} INFO - DAG(s) 'example_complex' retrieved from /home/airflow/.local/lib/python3.12/site-packages/airflow/example_dags/example_complex.py
[2024-05-04T15:45:09.645+0000] {logging_mixin.py:188} INFO - [2024-05-04T15:45:09.645+0000] {dag.py:3096} INFO - Sync 1 DAGs
[2024-05-04T15:45:09.656+0000] {logging_mixin.py:188} INFO - [2024-05-04T15:45:09.655+0000] {dag.py:3954} INFO - Setting next_dagrun for example_complex to None, run_after=None
[2024-05-04T15:45:09.672+0000] {processor.py:183} INFO - Processing /home/airflow/.local/lib/python3.12/site-packages/airflow/example_dags/example_complex.py took 0.066 seconds
[2024-05-04T15:45:40.498+0000] {processor.py:161} INFO - Started process (PID=843) to work on /home/airflow/.local/lib/python3.12/site-packages/airflow/example_dags/example_complex.py
[2024-05-04T15:45:40.499+0000] {processor.py:830} INFO - Processing file /home/airflow/.local/lib/python3.12/site-packages/airflow/example_dags/example_complex.py for tasks to queue
[2024-05-04T15:45:40.501+0000] {logging_mixin.py:188} INFO - [2024-05-04T15:45:40.501+0000] {dagbag.py:540} INFO - Filling up the DagBag from /home/airflow/.local/lib/python3.12/site-packages/airflow/example_dags/example_complex.py
[2024-05-04T15:45:40.508+0000] {processor.py:840} INFO - DAG(s) 'example_complex' retrieved from /home/airflow/.local/lib/python3.12/site-packages/airflow/example_dags/example_complex.py
[2024-05-04T15:45:40.537+0000] {logging_mixin.py:188} INFO - [2024-05-04T15:45:40.536+0000] {dag.py:3096} INFO - Sync 1 DAGs
[2024-05-04T15:45:40.548+0000] {logging_mixin.py:188} INFO - [2024-05-04T15:45:40.548+0000] {dag.py:3954} INFO - Setting next_dagrun for example_complex to None, run_after=None
[2024-05-04T15:45:40.566+0000] {processor.py:183} INFO - Processing /home/airflow/.local/lib/python3.12/site-packages/airflow/example_dags/example_complex.py took 0.075 seconds
