[2024-05-04T15:39:00.941+0000] {processor.py:161} INFO - Started process (PID=45) to work on /home/airflow/.local/lib/python3.12/site-packages/airflow/example_dags/example_datasets.py
[2024-05-04T15:39:00.941+0000] {processor.py:830} INFO - Processing file /home/airflow/.local/lib/python3.12/site-packages/airflow/example_dags/example_datasets.py for tasks to queue
[2024-05-04T15:39:00.943+0000] {logging_mixin.py:188} INFO - [2024-05-04T15:39:00.942+0000] {dagbag.py:540} INFO - Filling up the DagBag from /home/airflow/.local/lib/python3.12/site-packages/airflow/example_dags/example_datasets.py
[2024-05-04T15:39:00.958+0000] {processor.py:840} INFO - DAG(s) 'dataset_produces_1', 'consume_1_or_both_2_and_3_with_dataset_expressions', 'consume_1_or_2_with_dataset_expressions', 'dataset_consumes_1_never_scheduled', 'dataset_consumes_unknown_never_scheduled', 'conditional_dataset_and_time_based_timetable', 'consume_1_and_2_with_dataset_expressions', 'dataset_consumes_1', 'dataset_consumes_1_and_2', 'dataset_produces_2' retrieved from /home/airflow/.local/lib/python3.12/site-packages/airflow/example_dags/example_datasets.py
[2024-05-04T15:39:01.166+0000] {logging_mixin.py:188} INFO - [2024-05-04T15:39:01.166+0000] {dag.py:3096} INFO - Sync 10 DAGs
[2024-05-04T15:39:01.184+0000] {logging_mixin.py:188} INFO - [2024-05-04T15:39:01.184+0000] {dag.py:3954} INFO - Setting next_dagrun for conditional_dataset_and_time_based_timetable to 2024-05-01 01:00:00+00:00, run_after=2024-05-01 01:00:00+00:00
[2024-05-04T15:39:01.187+0000] {logging_mixin.py:188} INFO - [2024-05-04T15:39:01.187+0000] {dag.py:3954} INFO - Setting next_dagrun for consume_1_and_2_with_dataset_expressions to None, run_after=None
[2024-05-04T15:39:01.189+0000] {logging_mixin.py:188} INFO - [2024-05-04T15:39:01.188+0000] {dag.py:3954} INFO - Setting next_dagrun for consume_1_or_2_with_dataset_expressions to None, run_after=None
[2024-05-04T15:39:01.190+0000] {logging_mixin.py:188} INFO - [2024-05-04T15:39:01.190+0000] {dag.py:3954} INFO - Setting next_dagrun for consume_1_or_both_2_and_3_with_dataset_expressions to None, run_after=None
[2024-05-04T15:39:01.191+0000] {logging_mixin.py:188} INFO - [2024-05-04T15:39:01.191+0000] {dag.py:3954} INFO - Setting next_dagrun for dataset_consumes_1 to None, run_after=None
[2024-05-04T15:39:01.192+0000] {logging_mixin.py:188} INFO - [2024-05-04T15:39:01.192+0000] {dag.py:3954} INFO - Setting next_dagrun for dataset_consumes_1_and_2 to None, run_after=None
[2024-05-04T15:39:01.193+0000] {logging_mixin.py:188} INFO - [2024-05-04T15:39:01.193+0000] {dag.py:3954} INFO - Setting next_dagrun for dataset_consumes_1_never_scheduled to None, run_after=None
[2024-05-04T15:39:01.194+0000] {logging_mixin.py:188} INFO - [2024-05-04T15:39:01.193+0000] {dag.py:3954} INFO - Setting next_dagrun for dataset_consumes_unknown_never_scheduled to None, run_after=None
[2024-05-04T15:39:01.195+0000] {logging_mixin.py:188} INFO - [2024-05-04T15:39:01.195+0000] {dag.py:3954} INFO - Setting next_dagrun for dataset_produces_1 to 2024-05-03 00:00:00+00:00, run_after=2024-05-04 00:00:00+00:00
[2024-05-04T15:39:01.196+0000] {logging_mixin.py:188} INFO - [2024-05-04T15:39:01.196+0000] {dag.py:3954} INFO - Setting next_dagrun for dataset_produces_2 to None, run_after=None
[2024-05-04T15:39:01.232+0000] {processor.py:183} INFO - Processing /home/airflow/.local/lib/python3.12/site-packages/airflow/example_dags/example_datasets.py took 0.296 seconds
[2024-05-04T15:39:31.547+0000] {processor.py:161} INFO - Started process (PID=104) to work on /home/airflow/.local/lib/python3.12/site-packages/airflow/example_dags/example_datasets.py
[2024-05-04T15:39:31.548+0000] {processor.py:830} INFO - Processing file /home/airflow/.local/lib/python3.12/site-packages/airflow/example_dags/example_datasets.py for tasks to queue
[2024-05-04T15:39:31.550+0000] {logging_mixin.py:188} INFO - [2024-05-04T15:39:31.550+0000] {dagbag.py:540} INFO - Filling up the DagBag from /home/airflow/.local/lib/python3.12/site-packages/airflow/example_dags/example_datasets.py
[2024-05-04T15:39:31.564+0000] {processor.py:840} INFO - DAG(s) 'dataset_consumes_1', 'dataset_consumes_1_and_2', 'consume_1_or_2_with_dataset_expressions', 'conditional_dataset_and_time_based_timetable', 'consume_1_or_both_2_and_3_with_dataset_expressions', 'dataset_produces_2', 'dataset_consumes_unknown_never_scheduled', 'dataset_produces_1', 'consume_1_and_2_with_dataset_expressions', 'dataset_consumes_1_never_scheduled' retrieved from /home/airflow/.local/lib/python3.12/site-packages/airflow/example_dags/example_datasets.py
[2024-05-04T15:39:31.601+0000] {logging_mixin.py:188} INFO - [2024-05-04T15:39:31.601+0000] {dag.py:3096} INFO - Sync 10 DAGs
[2024-05-04T15:39:31.620+0000] {logging_mixin.py:188} INFO - [2024-05-04T15:39:31.620+0000] {dag.py:3954} INFO - Setting next_dagrun for conditional_dataset_and_time_based_timetable to 2024-05-01 01:00:00+00:00, run_after=2024-05-01 01:00:00+00:00
[2024-05-04T15:39:31.623+0000] {logging_mixin.py:188} INFO - [2024-05-04T15:39:31.623+0000] {dag.py:3954} INFO - Setting next_dagrun for consume_1_and_2_with_dataset_expressions to None, run_after=None
[2024-05-04T15:39:31.624+0000] {logging_mixin.py:188} INFO - [2024-05-04T15:39:31.624+0000] {dag.py:3954} INFO - Setting next_dagrun for consume_1_or_2_with_dataset_expressions to None, run_after=None
[2024-05-04T15:39:31.625+0000] {logging_mixin.py:188} INFO - [2024-05-04T15:39:31.625+0000] {dag.py:3954} INFO - Setting next_dagrun for consume_1_or_both_2_and_3_with_dataset_expressions to None, run_after=None
[2024-05-04T15:39:31.626+0000] {logging_mixin.py:188} INFO - [2024-05-04T15:39:31.625+0000] {dag.py:3954} INFO - Setting next_dagrun for dataset_consumes_1 to None, run_after=None
[2024-05-04T15:39:31.627+0000] {logging_mixin.py:188} INFO - [2024-05-04T15:39:31.626+0000] {dag.py:3954} INFO - Setting next_dagrun for dataset_consumes_1_and_2 to None, run_after=None
[2024-05-04T15:39:31.627+0000] {logging_mixin.py:188} INFO - [2024-05-04T15:39:31.627+0000] {dag.py:3954} INFO - Setting next_dagrun for dataset_consumes_1_never_scheduled to None, run_after=None
[2024-05-04T15:39:31.629+0000] {logging_mixin.py:188} INFO - [2024-05-04T15:39:31.628+0000] {dag.py:3954} INFO - Setting next_dagrun for dataset_consumes_unknown_never_scheduled to None, run_after=None
[2024-05-04T15:39:31.631+0000] {logging_mixin.py:188} INFO - [2024-05-04T15:39:31.630+0000] {dag.py:3954} INFO - Setting next_dagrun for dataset_produces_1 to 2024-05-03 00:00:00+00:00, run_after=2024-05-04 00:00:00+00:00
[2024-05-04T15:39:31.632+0000] {logging_mixin.py:188} INFO - [2024-05-04T15:39:31.631+0000] {dag.py:3954} INFO - Setting next_dagrun for dataset_produces_2 to None, run_after=None
[2024-05-04T15:39:31.657+0000] {processor.py:183} INFO - Processing /home/airflow/.local/lib/python3.12/site-packages/airflow/example_dags/example_datasets.py took 0.114 seconds
[2024-05-04T15:40:02.193+0000] {processor.py:161} INFO - Started process (PID=168) to work on /home/airflow/.local/lib/python3.12/site-packages/airflow/example_dags/example_datasets.py
[2024-05-04T15:40:02.194+0000] {processor.py:830} INFO - Processing file /home/airflow/.local/lib/python3.12/site-packages/airflow/example_dags/example_datasets.py for tasks to queue
[2024-05-04T15:40:02.195+0000] {logging_mixin.py:188} INFO - [2024-05-04T15:40:02.195+0000] {dagbag.py:540} INFO - Filling up the DagBag from /home/airflow/.local/lib/python3.12/site-packages/airflow/example_dags/example_datasets.py
[2024-05-04T15:40:02.207+0000] {processor.py:840} INFO - DAG(s) 'dataset_consumes_1_never_scheduled', 'consume_1_and_2_with_dataset_expressions', 'consume_1_or_2_with_dataset_expressions', 'conditional_dataset_and_time_based_timetable', 'dataset_consumes_1_and_2', 'dataset_consumes_unknown_never_scheduled', 'dataset_produces_2', 'consume_1_or_both_2_and_3_with_dataset_expressions', 'dataset_consumes_1', 'dataset_produces_1' retrieved from /home/airflow/.local/lib/python3.12/site-packages/airflow/example_dags/example_datasets.py
[2024-05-04T15:40:02.246+0000] {logging_mixin.py:188} INFO - [2024-05-04T15:40:02.245+0000] {dag.py:3096} INFO - Sync 10 DAGs
[2024-05-04T15:40:02.265+0000] {logging_mixin.py:188} INFO - [2024-05-04T15:40:02.264+0000] {dag.py:3954} INFO - Setting next_dagrun for conditional_dataset_and_time_based_timetable to 2024-05-01 01:00:00+00:00, run_after=2024-05-01 01:00:00+00:00
[2024-05-04T15:40:02.268+0000] {logging_mixin.py:188} INFO - [2024-05-04T15:40:02.268+0000] {dag.py:3954} INFO - Setting next_dagrun for consume_1_and_2_with_dataset_expressions to None, run_after=None
[2024-05-04T15:40:02.269+0000] {logging_mixin.py:188} INFO - [2024-05-04T15:40:02.269+0000] {dag.py:3954} INFO - Setting next_dagrun for consume_1_or_2_with_dataset_expressions to None, run_after=None
[2024-05-04T15:40:02.270+0000] {logging_mixin.py:188} INFO - [2024-05-04T15:40:02.270+0000] {dag.py:3954} INFO - Setting next_dagrun for consume_1_or_both_2_and_3_with_dataset_expressions to None, run_after=None
[2024-05-04T15:40:02.271+0000] {logging_mixin.py:188} INFO - [2024-05-04T15:40:02.271+0000] {dag.py:3954} INFO - Setting next_dagrun for dataset_consumes_1 to None, run_after=None
[2024-05-04T15:40:02.271+0000] {logging_mixin.py:188} INFO - [2024-05-04T15:40:02.271+0000] {dag.py:3954} INFO - Setting next_dagrun for dataset_consumes_1_and_2 to None, run_after=None
[2024-05-04T15:40:02.272+0000] {logging_mixin.py:188} INFO - [2024-05-04T15:40:02.272+0000] {dag.py:3954} INFO - Setting next_dagrun for dataset_consumes_1_never_scheduled to None, run_after=None
[2024-05-04T15:40:02.273+0000] {logging_mixin.py:188} INFO - [2024-05-04T15:40:02.273+0000] {dag.py:3954} INFO - Setting next_dagrun for dataset_consumes_unknown_never_scheduled to None, run_after=None
[2024-05-04T15:40:02.275+0000] {logging_mixin.py:188} INFO - [2024-05-04T15:40:02.275+0000] {dag.py:3954} INFO - Setting next_dagrun for dataset_produces_1 to 2024-05-03 00:00:00+00:00, run_after=2024-05-04 00:00:00+00:00
[2024-05-04T15:40:02.276+0000] {logging_mixin.py:188} INFO - [2024-05-04T15:40:02.276+0000] {dag.py:3954} INFO - Setting next_dagrun for dataset_produces_2 to None, run_after=None
[2024-05-04T15:40:02.301+0000] {processor.py:183} INFO - Processing /home/airflow/.local/lib/python3.12/site-packages/airflow/example_dags/example_datasets.py took 0.114 seconds
[2024-05-04T15:40:32.945+0000] {processor.py:161} INFO - Started process (PID=228) to work on /home/airflow/.local/lib/python3.12/site-packages/airflow/example_dags/example_datasets.py
[2024-05-04T15:40:32.945+0000] {processor.py:830} INFO - Processing file /home/airflow/.local/lib/python3.12/site-packages/airflow/example_dags/example_datasets.py for tasks to queue
[2024-05-04T15:40:32.947+0000] {logging_mixin.py:188} INFO - [2024-05-04T15:40:32.947+0000] {dagbag.py:540} INFO - Filling up the DagBag from /home/airflow/.local/lib/python3.12/site-packages/airflow/example_dags/example_datasets.py
[2024-05-04T15:40:32.958+0000] {processor.py:840} INFO - DAG(s) 'dataset_consumes_1_and_2', 'dataset_consumes_1', 'dataset_consumes_unknown_never_scheduled', 'consume_1_and_2_with_dataset_expressions', 'conditional_dataset_and_time_based_timetable', 'consume_1_or_both_2_and_3_with_dataset_expressions', 'dataset_produces_1', 'consume_1_or_2_with_dataset_expressions', 'dataset_consumes_1_never_scheduled', 'dataset_produces_2' retrieved from /home/airflow/.local/lib/python3.12/site-packages/airflow/example_dags/example_datasets.py
[2024-05-04T15:40:33.002+0000] {logging_mixin.py:188} INFO - [2024-05-04T15:40:33.001+0000] {dag.py:3096} INFO - Sync 10 DAGs
[2024-05-04T15:40:33.023+0000] {logging_mixin.py:188} INFO - [2024-05-04T15:40:33.023+0000] {dag.py:3954} INFO - Setting next_dagrun for conditional_dataset_and_time_based_timetable to 2024-05-01 01:00:00+00:00, run_after=2024-05-01 01:00:00+00:00
[2024-05-04T15:40:33.026+0000] {logging_mixin.py:188} INFO - [2024-05-04T15:40:33.026+0000] {dag.py:3954} INFO - Setting next_dagrun for consume_1_and_2_with_dataset_expressions to None, run_after=None
[2024-05-04T15:40:33.028+0000] {logging_mixin.py:188} INFO - [2024-05-04T15:40:33.027+0000] {dag.py:3954} INFO - Setting next_dagrun for consume_1_or_2_with_dataset_expressions to None, run_after=None
[2024-05-04T15:40:33.029+0000] {logging_mixin.py:188} INFO - [2024-05-04T15:40:33.028+0000] {dag.py:3954} INFO - Setting next_dagrun for consume_1_or_both_2_and_3_with_dataset_expressions to None, run_after=None
[2024-05-04T15:40:33.030+0000] {logging_mixin.py:188} INFO - [2024-05-04T15:40:33.030+0000] {dag.py:3954} INFO - Setting next_dagrun for dataset_consumes_1 to None, run_after=None
[2024-05-04T15:40:33.031+0000] {logging_mixin.py:188} INFO - [2024-05-04T15:40:33.031+0000] {dag.py:3954} INFO - Setting next_dagrun for dataset_consumes_1_and_2 to None, run_after=None
[2024-05-04T15:40:33.032+0000] {logging_mixin.py:188} INFO - [2024-05-04T15:40:33.032+0000] {dag.py:3954} INFO - Setting next_dagrun for dataset_consumes_1_never_scheduled to None, run_after=None
[2024-05-04T15:40:33.033+0000] {logging_mixin.py:188} INFO - [2024-05-04T15:40:33.032+0000] {dag.py:3954} INFO - Setting next_dagrun for dataset_consumes_unknown_never_scheduled to None, run_after=None
[2024-05-04T15:40:33.035+0000] {logging_mixin.py:188} INFO - [2024-05-04T15:40:33.035+0000] {dag.py:3954} INFO - Setting next_dagrun for dataset_produces_1 to 2024-05-03 00:00:00+00:00, run_after=2024-05-04 00:00:00+00:00
[2024-05-04T15:40:33.036+0000] {logging_mixin.py:188} INFO - [2024-05-04T15:40:33.036+0000] {dag.py:3954} INFO - Setting next_dagrun for dataset_produces_2 to None, run_after=None
[2024-05-04T15:40:33.066+0000] {processor.py:183} INFO - Processing /home/airflow/.local/lib/python3.12/site-packages/airflow/example_dags/example_datasets.py took 0.126 seconds
[2024-05-04T15:41:03.447+0000] {processor.py:161} INFO - Started process (PID=288) to work on /home/airflow/.local/lib/python3.12/site-packages/airflow/example_dags/example_datasets.py
[2024-05-04T15:41:03.448+0000] {processor.py:830} INFO - Processing file /home/airflow/.local/lib/python3.12/site-packages/airflow/example_dags/example_datasets.py for tasks to queue
[2024-05-04T15:41:03.449+0000] {logging_mixin.py:188} INFO - [2024-05-04T15:41:03.449+0000] {dagbag.py:540} INFO - Filling up the DagBag from /home/airflow/.local/lib/python3.12/site-packages/airflow/example_dags/example_datasets.py
[2024-05-04T15:41:03.463+0000] {processor.py:840} INFO - DAG(s) 'dataset_consumes_1', 'dataset_consumes_unknown_never_scheduled', 'consume_1_or_2_with_dataset_expressions', 'conditional_dataset_and_time_based_timetable', 'consume_1_and_2_with_dataset_expressions', 'dataset_consumes_1_and_2', 'consume_1_or_both_2_and_3_with_dataset_expressions', 'dataset_produces_2', 'dataset_consumes_1_never_scheduled', 'dataset_produces_1' retrieved from /home/airflow/.local/lib/python3.12/site-packages/airflow/example_dags/example_datasets.py
[2024-05-04T15:41:03.505+0000] {logging_mixin.py:188} INFO - [2024-05-04T15:41:03.504+0000] {dag.py:3096} INFO - Sync 10 DAGs
[2024-05-04T15:41:03.526+0000] {logging_mixin.py:188} INFO - [2024-05-04T15:41:03.525+0000] {dag.py:3954} INFO - Setting next_dagrun for conditional_dataset_and_time_based_timetable to 2024-05-01 01:00:00+00:00, run_after=2024-05-01 01:00:00+00:00
[2024-05-04T15:41:03.530+0000] {logging_mixin.py:188} INFO - [2024-05-04T15:41:03.530+0000] {dag.py:3954} INFO - Setting next_dagrun for consume_1_and_2_with_dataset_expressions to None, run_after=None
[2024-05-04T15:41:03.532+0000] {logging_mixin.py:188} INFO - [2024-05-04T15:41:03.531+0000] {dag.py:3954} INFO - Setting next_dagrun for consume_1_or_2_with_dataset_expressions to None, run_after=None
[2024-05-04T15:41:03.533+0000] {logging_mixin.py:188} INFO - [2024-05-04T15:41:03.532+0000] {dag.py:3954} INFO - Setting next_dagrun for consume_1_or_both_2_and_3_with_dataset_expressions to None, run_after=None
[2024-05-04T15:41:03.533+0000] {logging_mixin.py:188} INFO - [2024-05-04T15:41:03.533+0000] {dag.py:3954} INFO - Setting next_dagrun for dataset_consumes_1 to None, run_after=None
[2024-05-04T15:41:03.534+0000] {logging_mixin.py:188} INFO - [2024-05-04T15:41:03.534+0000] {dag.py:3954} INFO - Setting next_dagrun for dataset_consumes_1_and_2 to None, run_after=None
[2024-05-04T15:41:03.535+0000] {logging_mixin.py:188} INFO - [2024-05-04T15:41:03.535+0000] {dag.py:3954} INFO - Setting next_dagrun for dataset_consumes_1_never_scheduled to None, run_after=None
[2024-05-04T15:41:03.536+0000] {logging_mixin.py:188} INFO - [2024-05-04T15:41:03.536+0000] {dag.py:3954} INFO - Setting next_dagrun for dataset_consumes_unknown_never_scheduled to None, run_after=None
[2024-05-04T15:41:03.538+0000] {logging_mixin.py:188} INFO - [2024-05-04T15:41:03.538+0000] {dag.py:3954} INFO - Setting next_dagrun for dataset_produces_1 to 2024-05-03 00:00:00+00:00, run_after=2024-05-04 00:00:00+00:00
[2024-05-04T15:41:03.539+0000] {logging_mixin.py:188} INFO - [2024-05-04T15:41:03.539+0000] {dag.py:3954} INFO - Setting next_dagrun for dataset_produces_2 to None, run_after=None
[2024-05-04T15:41:03.568+0000] {processor.py:183} INFO - Processing /home/airflow/.local/lib/python3.12/site-packages/airflow/example_dags/example_datasets.py took 0.126 seconds
[2024-05-04T15:41:34.206+0000] {processor.py:161} INFO - Started process (PID=348) to work on /home/airflow/.local/lib/python3.12/site-packages/airflow/example_dags/example_datasets.py
[2024-05-04T15:41:34.206+0000] {processor.py:830} INFO - Processing file /home/airflow/.local/lib/python3.12/site-packages/airflow/example_dags/example_datasets.py for tasks to queue
[2024-05-04T15:41:34.208+0000] {logging_mixin.py:188} INFO - [2024-05-04T15:41:34.207+0000] {dagbag.py:540} INFO - Filling up the DagBag from /home/airflow/.local/lib/python3.12/site-packages/airflow/example_dags/example_datasets.py
[2024-05-04T15:41:34.218+0000] {processor.py:840} INFO - DAG(s) 'dataset_consumes_unknown_never_scheduled', 'consume_1_or_both_2_and_3_with_dataset_expressions', 'conditional_dataset_and_time_based_timetable', 'consume_1_or_2_with_dataset_expressions', 'dataset_consumes_1_never_scheduled', 'consume_1_and_2_with_dataset_expressions', 'dataset_consumes_1', 'dataset_consumes_1_and_2', 'dataset_produces_2', 'dataset_produces_1' retrieved from /home/airflow/.local/lib/python3.12/site-packages/airflow/example_dags/example_datasets.py
[2024-05-04T15:41:34.260+0000] {logging_mixin.py:188} INFO - [2024-05-04T15:41:34.260+0000] {dag.py:3096} INFO - Sync 10 DAGs
[2024-05-04T15:41:34.278+0000] {logging_mixin.py:188} INFO - [2024-05-04T15:41:34.278+0000] {dag.py:3954} INFO - Setting next_dagrun for conditional_dataset_and_time_based_timetable to 2024-05-01 01:00:00+00:00, run_after=2024-05-01 01:00:00+00:00
[2024-05-04T15:41:34.281+0000] {logging_mixin.py:188} INFO - [2024-05-04T15:41:34.281+0000] {dag.py:3954} INFO - Setting next_dagrun for consume_1_and_2_with_dataset_expressions to None, run_after=None
[2024-05-04T15:41:34.282+0000] {logging_mixin.py:188} INFO - [2024-05-04T15:41:34.282+0000] {dag.py:3954} INFO - Setting next_dagrun for consume_1_or_2_with_dataset_expressions to None, run_after=None
[2024-05-04T15:41:34.283+0000] {logging_mixin.py:188} INFO - [2024-05-04T15:41:34.283+0000] {dag.py:3954} INFO - Setting next_dagrun for consume_1_or_both_2_and_3_with_dataset_expressions to None, run_after=None
[2024-05-04T15:41:34.284+0000] {logging_mixin.py:188} INFO - [2024-05-04T15:41:34.284+0000] {dag.py:3954} INFO - Setting next_dagrun for dataset_consumes_1 to None, run_after=None
[2024-05-04T15:41:34.285+0000] {logging_mixin.py:188} INFO - [2024-05-04T15:41:34.285+0000] {dag.py:3954} INFO - Setting next_dagrun for dataset_consumes_1_and_2 to None, run_after=None
[2024-05-04T15:41:34.286+0000] {logging_mixin.py:188} INFO - [2024-05-04T15:41:34.286+0000] {dag.py:3954} INFO - Setting next_dagrun for dataset_consumes_1_never_scheduled to None, run_after=None
[2024-05-04T15:41:34.287+0000] {logging_mixin.py:188} INFO - [2024-05-04T15:41:34.287+0000] {dag.py:3954} INFO - Setting next_dagrun for dataset_consumes_unknown_never_scheduled to None, run_after=None
[2024-05-04T15:41:34.288+0000] {logging_mixin.py:188} INFO - [2024-05-04T15:41:34.288+0000] {dag.py:3954} INFO - Setting next_dagrun for dataset_produces_1 to 2024-05-03 00:00:00+00:00, run_after=2024-05-04 00:00:00+00:00
[2024-05-04T15:41:34.289+0000] {logging_mixin.py:188} INFO - [2024-05-04T15:41:34.289+0000] {dag.py:3954} INFO - Setting next_dagrun for dataset_produces_2 to None, run_after=None
[2024-05-04T15:41:34.320+0000] {processor.py:183} INFO - Processing /home/airflow/.local/lib/python3.12/site-packages/airflow/example_dags/example_datasets.py took 0.119 seconds
[2024-05-04T15:42:04.812+0000] {processor.py:161} INFO - Started process (PID=408) to work on /home/airflow/.local/lib/python3.12/site-packages/airflow/example_dags/example_datasets.py
[2024-05-04T15:42:04.813+0000] {processor.py:830} INFO - Processing file /home/airflow/.local/lib/python3.12/site-packages/airflow/example_dags/example_datasets.py for tasks to queue
[2024-05-04T15:42:04.815+0000] {logging_mixin.py:188} INFO - [2024-05-04T15:42:04.814+0000] {dagbag.py:540} INFO - Filling up the DagBag from /home/airflow/.local/lib/python3.12/site-packages/airflow/example_dags/example_datasets.py
[2024-05-04T15:42:04.826+0000] {processor.py:840} INFO - DAG(s) 'dataset_consumes_1_never_scheduled', 'dataset_produces_2', 'consume_1_or_both_2_and_3_with_dataset_expressions', 'consume_1_or_2_with_dataset_expressions', 'conditional_dataset_and_time_based_timetable', 'dataset_consumes_unknown_never_scheduled', 'dataset_consumes_1_and_2', 'dataset_consumes_1', 'dataset_produces_1', 'consume_1_and_2_with_dataset_expressions' retrieved from /home/airflow/.local/lib/python3.12/site-packages/airflow/example_dags/example_datasets.py
[2024-05-04T15:42:04.862+0000] {logging_mixin.py:188} INFO - [2024-05-04T15:42:04.862+0000] {dag.py:3096} INFO - Sync 10 DAGs
[2024-05-04T15:42:04.881+0000] {logging_mixin.py:188} INFO - [2024-05-04T15:42:04.881+0000] {dag.py:3954} INFO - Setting next_dagrun for conditional_dataset_and_time_based_timetable to 2024-05-01 01:00:00+00:00, run_after=2024-05-01 01:00:00+00:00
[2024-05-04T15:42:04.884+0000] {logging_mixin.py:188} INFO - [2024-05-04T15:42:04.884+0000] {dag.py:3954} INFO - Setting next_dagrun for consume_1_and_2_with_dataset_expressions to None, run_after=None
[2024-05-04T15:42:04.885+0000] {logging_mixin.py:188} INFO - [2024-05-04T15:42:04.885+0000] {dag.py:3954} INFO - Setting next_dagrun for consume_1_or_2_with_dataset_expressions to None, run_after=None
[2024-05-04T15:42:04.886+0000] {logging_mixin.py:188} INFO - [2024-05-04T15:42:04.886+0000] {dag.py:3954} INFO - Setting next_dagrun for consume_1_or_both_2_and_3_with_dataset_expressions to None, run_after=None
[2024-05-04T15:42:04.887+0000] {logging_mixin.py:188} INFO - [2024-05-04T15:42:04.887+0000] {dag.py:3954} INFO - Setting next_dagrun for dataset_consumes_1 to None, run_after=None
[2024-05-04T15:42:04.889+0000] {logging_mixin.py:188} INFO - [2024-05-04T15:42:04.888+0000] {dag.py:3954} INFO - Setting next_dagrun for dataset_consumes_1_and_2 to None, run_after=None
[2024-05-04T15:42:04.890+0000] {logging_mixin.py:188} INFO - [2024-05-04T15:42:04.889+0000] {dag.py:3954} INFO - Setting next_dagrun for dataset_consumes_1_never_scheduled to None, run_after=None
[2024-05-04T15:42:04.890+0000] {logging_mixin.py:188} INFO - [2024-05-04T15:42:04.890+0000] {dag.py:3954} INFO - Setting next_dagrun for dataset_consumes_unknown_never_scheduled to None, run_after=None
[2024-05-04T15:42:04.892+0000] {logging_mixin.py:188} INFO - [2024-05-04T15:42:04.892+0000] {dag.py:3954} INFO - Setting next_dagrun for dataset_produces_1 to 2024-05-03 00:00:00+00:00, run_after=2024-05-04 00:00:00+00:00
[2024-05-04T15:42:04.893+0000] {logging_mixin.py:188} INFO - [2024-05-04T15:42:04.893+0000] {dag.py:3954} INFO - Setting next_dagrun for dataset_produces_2 to None, run_after=None
[2024-05-04T15:42:04.921+0000] {processor.py:183} INFO - Processing /home/airflow/.local/lib/python3.12/site-packages/airflow/example_dags/example_datasets.py took 0.113 seconds
[2024-05-04T15:42:35.462+0000] {processor.py:161} INFO - Started process (PID=468) to work on /home/airflow/.local/lib/python3.12/site-packages/airflow/example_dags/example_datasets.py
[2024-05-04T15:42:35.463+0000] {processor.py:830} INFO - Processing file /home/airflow/.local/lib/python3.12/site-packages/airflow/example_dags/example_datasets.py for tasks to queue
[2024-05-04T15:42:35.464+0000] {logging_mixin.py:188} INFO - [2024-05-04T15:42:35.464+0000] {dagbag.py:540} INFO - Filling up the DagBag from /home/airflow/.local/lib/python3.12/site-packages/airflow/example_dags/example_datasets.py
[2024-05-04T15:42:35.476+0000] {processor.py:840} INFO - DAG(s) 'consume_1_or_2_with_dataset_expressions', 'conditional_dataset_and_time_based_timetable', 'dataset_consumes_1_and_2', 'dataset_consumes_1', 'consume_1_or_both_2_and_3_with_dataset_expressions', 'dataset_consumes_1_never_scheduled', 'dataset_consumes_unknown_never_scheduled', 'consume_1_and_2_with_dataset_expressions', 'dataset_produces_1', 'dataset_produces_2' retrieved from /home/airflow/.local/lib/python3.12/site-packages/airflow/example_dags/example_datasets.py
[2024-05-04T15:42:35.519+0000] {logging_mixin.py:188} INFO - [2024-05-04T15:42:35.519+0000] {dag.py:3096} INFO - Sync 10 DAGs
[2024-05-04T15:42:35.539+0000] {logging_mixin.py:188} INFO - [2024-05-04T15:42:35.539+0000] {dag.py:3954} INFO - Setting next_dagrun for conditional_dataset_and_time_based_timetable to 2024-05-01 01:00:00+00:00, run_after=2024-05-01 01:00:00+00:00
[2024-05-04T15:42:35.543+0000] {logging_mixin.py:188} INFO - [2024-05-04T15:42:35.542+0000] {dag.py:3954} INFO - Setting next_dagrun for consume_1_and_2_with_dataset_expressions to None, run_after=None
[2024-05-04T15:42:35.544+0000] {logging_mixin.py:188} INFO - [2024-05-04T15:42:35.544+0000] {dag.py:3954} INFO - Setting next_dagrun for consume_1_or_2_with_dataset_expressions to None, run_after=None
[2024-05-04T15:42:35.545+0000] {logging_mixin.py:188} INFO - [2024-05-04T15:42:35.545+0000] {dag.py:3954} INFO - Setting next_dagrun for consume_1_or_both_2_and_3_with_dataset_expressions to None, run_after=None
[2024-05-04T15:42:35.546+0000] {logging_mixin.py:188} INFO - [2024-05-04T15:42:35.546+0000] {dag.py:3954} INFO - Setting next_dagrun for dataset_consumes_1 to None, run_after=None
[2024-05-04T15:42:35.547+0000] {logging_mixin.py:188} INFO - [2024-05-04T15:42:35.547+0000] {dag.py:3954} INFO - Setting next_dagrun for dataset_consumes_1_and_2 to None, run_after=None
[2024-05-04T15:42:35.548+0000] {logging_mixin.py:188} INFO - [2024-05-04T15:42:35.548+0000] {dag.py:3954} INFO - Setting next_dagrun for dataset_consumes_1_never_scheduled to None, run_after=None
[2024-05-04T15:42:35.549+0000] {logging_mixin.py:188} INFO - [2024-05-04T15:42:35.549+0000] {dag.py:3954} INFO - Setting next_dagrun for dataset_consumes_unknown_never_scheduled to None, run_after=None
[2024-05-04T15:42:35.551+0000] {logging_mixin.py:188} INFO - [2024-05-04T15:42:35.551+0000] {dag.py:3954} INFO - Setting next_dagrun for dataset_produces_1 to 2024-05-03 00:00:00+00:00, run_after=2024-05-04 00:00:00+00:00
[2024-05-04T15:42:35.552+0000] {logging_mixin.py:188} INFO - [2024-05-04T15:42:35.552+0000] {dag.py:3954} INFO - Setting next_dagrun for dataset_produces_2 to None, run_after=None
[2024-05-04T15:42:35.576+0000] {processor.py:183} INFO - Processing /home/airflow/.local/lib/python3.12/site-packages/airflow/example_dags/example_datasets.py took 0.120 seconds
[2024-05-04T15:43:05.974+0000] {processor.py:161} INFO - Started process (PID=528) to work on /home/airflow/.local/lib/python3.12/site-packages/airflow/example_dags/example_datasets.py
[2024-05-04T15:43:05.975+0000] {processor.py:830} INFO - Processing file /home/airflow/.local/lib/python3.12/site-packages/airflow/example_dags/example_datasets.py for tasks to queue
[2024-05-04T15:43:05.976+0000] {logging_mixin.py:188} INFO - [2024-05-04T15:43:05.976+0000] {dagbag.py:540} INFO - Filling up the DagBag from /home/airflow/.local/lib/python3.12/site-packages/airflow/example_dags/example_datasets.py
[2024-05-04T15:43:05.989+0000] {processor.py:840} INFO - DAG(s) 'dataset_consumes_1', 'dataset_consumes_1_never_scheduled', 'conditional_dataset_and_time_based_timetable', 'dataset_consumes_unknown_never_scheduled', 'consume_1_and_2_with_dataset_expressions', 'dataset_produces_2', 'dataset_produces_1', 'consume_1_or_both_2_and_3_with_dataset_expressions', 'consume_1_or_2_with_dataset_expressions', 'dataset_consumes_1_and_2' retrieved from /home/airflow/.local/lib/python3.12/site-packages/airflow/example_dags/example_datasets.py
[2024-05-04T15:43:06.035+0000] {logging_mixin.py:188} INFO - [2024-05-04T15:43:06.035+0000] {dag.py:3096} INFO - Sync 10 DAGs
[2024-05-04T15:43:06.055+0000] {logging_mixin.py:188} INFO - [2024-05-04T15:43:06.055+0000] {dag.py:3954} INFO - Setting next_dagrun for conditional_dataset_and_time_based_timetable to 2024-05-01 01:00:00+00:00, run_after=2024-05-01 01:00:00+00:00
[2024-05-04T15:43:06.059+0000] {logging_mixin.py:188} INFO - [2024-05-04T15:43:06.059+0000] {dag.py:3954} INFO - Setting next_dagrun for consume_1_and_2_with_dataset_expressions to None, run_after=None
[2024-05-04T15:43:06.060+0000] {logging_mixin.py:188} INFO - [2024-05-04T15:43:06.060+0000] {dag.py:3954} INFO - Setting next_dagrun for consume_1_or_2_with_dataset_expressions to None, run_after=None
[2024-05-04T15:43:06.060+0000] {logging_mixin.py:188} INFO - [2024-05-04T15:43:06.060+0000] {dag.py:3954} INFO - Setting next_dagrun for consume_1_or_both_2_and_3_with_dataset_expressions to None, run_after=None
[2024-05-04T15:43:06.061+0000] {logging_mixin.py:188} INFO - [2024-05-04T15:43:06.061+0000] {dag.py:3954} INFO - Setting next_dagrun for dataset_consumes_1 to None, run_after=None
[2024-05-04T15:43:06.062+0000] {logging_mixin.py:188} INFO - [2024-05-04T15:43:06.062+0000] {dag.py:3954} INFO - Setting next_dagrun for dataset_consumes_1_and_2 to None, run_after=None
[2024-05-04T15:43:06.063+0000] {logging_mixin.py:188} INFO - [2024-05-04T15:43:06.063+0000] {dag.py:3954} INFO - Setting next_dagrun for dataset_consumes_1_never_scheduled to None, run_after=None
[2024-05-04T15:43:06.064+0000] {logging_mixin.py:188} INFO - [2024-05-04T15:43:06.064+0000] {dag.py:3954} INFO - Setting next_dagrun for dataset_consumes_unknown_never_scheduled to None, run_after=None
[2024-05-04T15:43:06.065+0000] {logging_mixin.py:188} INFO - [2024-05-04T15:43:06.065+0000] {dag.py:3954} INFO - Setting next_dagrun for dataset_produces_1 to 2024-05-03 00:00:00+00:00, run_after=2024-05-04 00:00:00+00:00
[2024-05-04T15:43:06.066+0000] {logging_mixin.py:188} INFO - [2024-05-04T15:43:06.066+0000] {dag.py:3954} INFO - Setting next_dagrun for dataset_produces_2 to None, run_after=None
[2024-05-04T15:43:06.095+0000] {processor.py:183} INFO - Processing /home/airflow/.local/lib/python3.12/site-packages/airflow/example_dags/example_datasets.py took 0.126 seconds
[2024-05-04T15:43:36.415+0000] {processor.py:161} INFO - Started process (PID=588) to work on /home/airflow/.local/lib/python3.12/site-packages/airflow/example_dags/example_datasets.py
[2024-05-04T15:43:36.416+0000] {processor.py:830} INFO - Processing file /home/airflow/.local/lib/python3.12/site-packages/airflow/example_dags/example_datasets.py for tasks to queue
[2024-05-04T15:43:36.418+0000] {logging_mixin.py:188} INFO - [2024-05-04T15:43:36.418+0000] {dagbag.py:540} INFO - Filling up the DagBag from /home/airflow/.local/lib/python3.12/site-packages/airflow/example_dags/example_datasets.py
[2024-05-04T15:43:36.428+0000] {processor.py:840} INFO - DAG(s) 'dataset_consumes_1_never_scheduled', 'consume_1_or_2_with_dataset_expressions', 'consume_1_or_both_2_and_3_with_dataset_expressions', 'dataset_consumes_unknown_never_scheduled', 'dataset_produces_2', 'dataset_consumes_1', 'dataset_consumes_1_and_2', 'consume_1_and_2_with_dataset_expressions', 'dataset_produces_1', 'conditional_dataset_and_time_based_timetable' retrieved from /home/airflow/.local/lib/python3.12/site-packages/airflow/example_dags/example_datasets.py
[2024-05-04T15:43:36.474+0000] {logging_mixin.py:188} INFO - [2024-05-04T15:43:36.474+0000] {dag.py:3096} INFO - Sync 10 DAGs
[2024-05-04T15:43:36.495+0000] {logging_mixin.py:188} INFO - [2024-05-04T15:43:36.495+0000] {dag.py:3954} INFO - Setting next_dagrun for conditional_dataset_and_time_based_timetable to 2024-05-01 01:00:00+00:00, run_after=2024-05-01 01:00:00+00:00
[2024-05-04T15:43:36.498+0000] {logging_mixin.py:188} INFO - [2024-05-04T15:43:36.498+0000] {dag.py:3954} INFO - Setting next_dagrun for consume_1_and_2_with_dataset_expressions to None, run_after=None
[2024-05-04T15:43:36.500+0000] {logging_mixin.py:188} INFO - [2024-05-04T15:43:36.499+0000] {dag.py:3954} INFO - Setting next_dagrun for consume_1_or_2_with_dataset_expressions to None, run_after=None
[2024-05-04T15:43:36.501+0000] {logging_mixin.py:188} INFO - [2024-05-04T15:43:36.500+0000] {dag.py:3954} INFO - Setting next_dagrun for consume_1_or_both_2_and_3_with_dataset_expressions to None, run_after=None
[2024-05-04T15:43:36.502+0000] {logging_mixin.py:188} INFO - [2024-05-04T15:43:36.502+0000] {dag.py:3954} INFO - Setting next_dagrun for dataset_consumes_1 to None, run_after=None
[2024-05-04T15:43:36.503+0000] {logging_mixin.py:188} INFO - [2024-05-04T15:43:36.503+0000] {dag.py:3954} INFO - Setting next_dagrun for dataset_consumes_1_and_2 to None, run_after=None
[2024-05-04T15:43:36.504+0000] {logging_mixin.py:188} INFO - [2024-05-04T15:43:36.504+0000] {dag.py:3954} INFO - Setting next_dagrun for dataset_consumes_1_never_scheduled to None, run_after=None
[2024-05-04T15:43:36.505+0000] {logging_mixin.py:188} INFO - [2024-05-04T15:43:36.505+0000] {dag.py:3954} INFO - Setting next_dagrun for dataset_consumes_unknown_never_scheduled to None, run_after=None
[2024-05-04T15:43:36.507+0000] {logging_mixin.py:188} INFO - [2024-05-04T15:43:36.507+0000] {dag.py:3954} INFO - Setting next_dagrun for dataset_produces_1 to 2024-05-03 00:00:00+00:00, run_after=2024-05-04 00:00:00+00:00
[2024-05-04T15:43:36.509+0000] {logging_mixin.py:188} INFO - [2024-05-04T15:43:36.509+0000] {dag.py:3954} INFO - Setting next_dagrun for dataset_produces_2 to None, run_after=None
[2024-05-04T15:43:36.537+0000] {processor.py:183} INFO - Processing /home/airflow/.local/lib/python3.12/site-packages/airflow/example_dags/example_datasets.py took 0.127 seconds
[2024-05-04T15:44:06.722+0000] {processor.py:161} INFO - Started process (PID=648) to work on /home/airflow/.local/lib/python3.12/site-packages/airflow/example_dags/example_datasets.py
[2024-05-04T15:44:06.723+0000] {processor.py:830} INFO - Processing file /home/airflow/.local/lib/python3.12/site-packages/airflow/example_dags/example_datasets.py for tasks to queue
[2024-05-04T15:44:06.725+0000] {logging_mixin.py:188} INFO - [2024-05-04T15:44:06.724+0000] {dagbag.py:540} INFO - Filling up the DagBag from /home/airflow/.local/lib/python3.12/site-packages/airflow/example_dags/example_datasets.py
[2024-05-04T15:44:06.735+0000] {processor.py:840} INFO - DAG(s) 'dataset_consumes_unknown_never_scheduled', 'dataset_produces_2', 'dataset_consumes_1', 'conditional_dataset_and_time_based_timetable', 'dataset_produces_1', 'dataset_consumes_1_never_scheduled', 'dataset_consumes_1_and_2', 'consume_1_and_2_with_dataset_expressions', 'consume_1_or_both_2_and_3_with_dataset_expressions', 'consume_1_or_2_with_dataset_expressions' retrieved from /home/airflow/.local/lib/python3.12/site-packages/airflow/example_dags/example_datasets.py
[2024-05-04T15:44:06.775+0000] {logging_mixin.py:188} INFO - [2024-05-04T15:44:06.775+0000] {dag.py:3096} INFO - Sync 10 DAGs
[2024-05-04T15:44:06.793+0000] {logging_mixin.py:188} INFO - [2024-05-04T15:44:06.793+0000] {dag.py:3954} INFO - Setting next_dagrun for conditional_dataset_and_time_based_timetable to 2024-05-01 01:00:00+00:00, run_after=2024-05-01 01:00:00+00:00
[2024-05-04T15:44:06.796+0000] {logging_mixin.py:188} INFO - [2024-05-04T15:44:06.796+0000] {dag.py:3954} INFO - Setting next_dagrun for consume_1_and_2_with_dataset_expressions to None, run_after=None
[2024-05-04T15:44:06.797+0000] {logging_mixin.py:188} INFO - [2024-05-04T15:44:06.797+0000] {dag.py:3954} INFO - Setting next_dagrun for consume_1_or_2_with_dataset_expressions to None, run_after=None
[2024-05-04T15:44:06.798+0000] {logging_mixin.py:188} INFO - [2024-05-04T15:44:06.798+0000] {dag.py:3954} INFO - Setting next_dagrun for consume_1_or_both_2_and_3_with_dataset_expressions to None, run_after=None
[2024-05-04T15:44:06.799+0000] {logging_mixin.py:188} INFO - [2024-05-04T15:44:06.799+0000] {dag.py:3954} INFO - Setting next_dagrun for dataset_consumes_1 to None, run_after=None
[2024-05-04T15:44:06.800+0000] {logging_mixin.py:188} INFO - [2024-05-04T15:44:06.799+0000] {dag.py:3954} INFO - Setting next_dagrun for dataset_consumes_1_and_2 to None, run_after=None
[2024-05-04T15:44:06.800+0000] {logging_mixin.py:188} INFO - [2024-05-04T15:44:06.800+0000] {dag.py:3954} INFO - Setting next_dagrun for dataset_consumes_1_never_scheduled to None, run_after=None
[2024-05-04T15:44:06.801+0000] {logging_mixin.py:188} INFO - [2024-05-04T15:44:06.801+0000] {dag.py:3954} INFO - Setting next_dagrun for dataset_consumes_unknown_never_scheduled to None, run_after=None
[2024-05-04T15:44:06.803+0000] {logging_mixin.py:188} INFO - [2024-05-04T15:44:06.803+0000] {dag.py:3954} INFO - Setting next_dagrun for dataset_produces_1 to 2024-05-03 00:00:00+00:00, run_after=2024-05-04 00:00:00+00:00
[2024-05-04T15:44:06.804+0000] {logging_mixin.py:188} INFO - [2024-05-04T15:44:06.804+0000] {dag.py:3954} INFO - Setting next_dagrun for dataset_produces_2 to None, run_after=None
[2024-05-04T15:44:06.829+0000] {processor.py:183} INFO - Processing /home/airflow/.local/lib/python3.12/site-packages/airflow/example_dags/example_datasets.py took 0.111 seconds
[2024-05-04T15:44:37.251+0000] {processor.py:161} INFO - Started process (PID=708) to work on /home/airflow/.local/lib/python3.12/site-packages/airflow/example_dags/example_datasets.py
[2024-05-04T15:44:37.252+0000] {processor.py:830} INFO - Processing file /home/airflow/.local/lib/python3.12/site-packages/airflow/example_dags/example_datasets.py for tasks to queue
[2024-05-04T15:44:37.254+0000] {logging_mixin.py:188} INFO - [2024-05-04T15:44:37.253+0000] {dagbag.py:540} INFO - Filling up the DagBag from /home/airflow/.local/lib/python3.12/site-packages/airflow/example_dags/example_datasets.py
[2024-05-04T15:44:37.266+0000] {processor.py:840} INFO - DAG(s) 'dataset_produces_1', 'consume_1_or_both_2_and_3_with_dataset_expressions', 'dataset_consumes_1_and_2', 'consume_1_or_2_with_dataset_expressions', 'dataset_consumes_1', 'conditional_dataset_and_time_based_timetable', 'dataset_produces_2', 'dataset_consumes_unknown_never_scheduled', 'dataset_consumes_1_never_scheduled', 'consume_1_and_2_with_dataset_expressions' retrieved from /home/airflow/.local/lib/python3.12/site-packages/airflow/example_dags/example_datasets.py
[2024-05-04T15:44:37.310+0000] {logging_mixin.py:188} INFO - [2024-05-04T15:44:37.310+0000] {dag.py:3096} INFO - Sync 10 DAGs
[2024-05-04T15:44:37.329+0000] {logging_mixin.py:188} INFO - [2024-05-04T15:44:37.329+0000] {dag.py:3954} INFO - Setting next_dagrun for conditional_dataset_and_time_based_timetable to 2024-05-01 01:00:00+00:00, run_after=2024-05-01 01:00:00+00:00
[2024-05-04T15:44:37.332+0000] {logging_mixin.py:188} INFO - [2024-05-04T15:44:37.332+0000] {dag.py:3954} INFO - Setting next_dagrun for consume_1_and_2_with_dataset_expressions to None, run_after=None
[2024-05-04T15:44:37.334+0000] {logging_mixin.py:188} INFO - [2024-05-04T15:44:37.333+0000] {dag.py:3954} INFO - Setting next_dagrun for consume_1_or_2_with_dataset_expressions to None, run_after=None
[2024-05-04T15:44:37.334+0000] {logging_mixin.py:188} INFO - [2024-05-04T15:44:37.334+0000] {dag.py:3954} INFO - Setting next_dagrun for consume_1_or_both_2_and_3_with_dataset_expressions to None, run_after=None
[2024-05-04T15:44:37.335+0000] {logging_mixin.py:188} INFO - [2024-05-04T15:44:37.335+0000] {dag.py:3954} INFO - Setting next_dagrun for dataset_consumes_1 to None, run_after=None
[2024-05-04T15:44:37.336+0000] {logging_mixin.py:188} INFO - [2024-05-04T15:44:37.336+0000] {dag.py:3954} INFO - Setting next_dagrun for dataset_consumes_1_and_2 to None, run_after=None
[2024-05-04T15:44:37.337+0000] {logging_mixin.py:188} INFO - [2024-05-04T15:44:37.337+0000] {dag.py:3954} INFO - Setting next_dagrun for dataset_consumes_1_never_scheduled to None, run_after=None
[2024-05-04T15:44:37.338+0000] {logging_mixin.py:188} INFO - [2024-05-04T15:44:37.338+0000] {dag.py:3954} INFO - Setting next_dagrun for dataset_consumes_unknown_never_scheduled to None, run_after=None
[2024-05-04T15:44:37.339+0000] {logging_mixin.py:188} INFO - [2024-05-04T15:44:37.339+0000] {dag.py:3954} INFO - Setting next_dagrun for dataset_produces_1 to 2024-05-03 00:00:00+00:00, run_after=2024-05-04 00:00:00+00:00
[2024-05-04T15:44:37.340+0000] {logging_mixin.py:188} INFO - [2024-05-04T15:44:37.340+0000] {dag.py:3954} INFO - Setting next_dagrun for dataset_produces_2 to None, run_after=None
[2024-05-04T15:44:37.366+0000] {processor.py:183} INFO - Processing /home/airflow/.local/lib/python3.12/site-packages/airflow/example_dags/example_datasets.py took 0.120 seconds
[2024-05-04T15:45:07.979+0000] {processor.py:161} INFO - Started process (PID=768) to work on /home/airflow/.local/lib/python3.12/site-packages/airflow/example_dags/example_datasets.py
[2024-05-04T15:45:07.980+0000] {processor.py:830} INFO - Processing file /home/airflow/.local/lib/python3.12/site-packages/airflow/example_dags/example_datasets.py for tasks to queue
[2024-05-04T15:45:07.981+0000] {logging_mixin.py:188} INFO - [2024-05-04T15:45:07.981+0000] {dagbag.py:540} INFO - Filling up the DagBag from /home/airflow/.local/lib/python3.12/site-packages/airflow/example_dags/example_datasets.py
[2024-05-04T15:45:07.992+0000] {processor.py:840} INFO - DAG(s) 'dataset_consumes_1', 'dataset_produces_1', 'consume_1_or_2_with_dataset_expressions', 'consume_1_and_2_with_dataset_expressions', 'dataset_consumes_1_never_scheduled', 'dataset_produces_2', 'consume_1_or_both_2_and_3_with_dataset_expressions', 'conditional_dataset_and_time_based_timetable', 'dataset_consumes_1_and_2', 'dataset_consumes_unknown_never_scheduled' retrieved from /home/airflow/.local/lib/python3.12/site-packages/airflow/example_dags/example_datasets.py
[2024-05-04T15:45:08.029+0000] {logging_mixin.py:188} INFO - [2024-05-04T15:45:08.029+0000] {dag.py:3096} INFO - Sync 10 DAGs
[2024-05-04T15:45:08.048+0000] {logging_mixin.py:188} INFO - [2024-05-04T15:45:08.048+0000] {dag.py:3954} INFO - Setting next_dagrun for conditional_dataset_and_time_based_timetable to 2024-05-01 01:00:00+00:00, run_after=2024-05-01 01:00:00+00:00
[2024-05-04T15:45:08.051+0000] {logging_mixin.py:188} INFO - [2024-05-04T15:45:08.051+0000] {dag.py:3954} INFO - Setting next_dagrun for consume_1_and_2_with_dataset_expressions to None, run_after=None
[2024-05-04T15:45:08.052+0000] {logging_mixin.py:188} INFO - [2024-05-04T15:45:08.052+0000] {dag.py:3954} INFO - Setting next_dagrun for consume_1_or_2_with_dataset_expressions to None, run_after=None
[2024-05-04T15:45:08.053+0000] {logging_mixin.py:188} INFO - [2024-05-04T15:45:08.053+0000] {dag.py:3954} INFO - Setting next_dagrun for consume_1_or_both_2_and_3_with_dataset_expressions to None, run_after=None
[2024-05-04T15:45:08.054+0000] {logging_mixin.py:188} INFO - [2024-05-04T15:45:08.054+0000] {dag.py:3954} INFO - Setting next_dagrun for dataset_consumes_1 to None, run_after=None
[2024-05-04T15:45:08.055+0000] {logging_mixin.py:188} INFO - [2024-05-04T15:45:08.055+0000] {dag.py:3954} INFO - Setting next_dagrun for dataset_consumes_1_and_2 to None, run_after=None
[2024-05-04T15:45:08.056+0000] {logging_mixin.py:188} INFO - [2024-05-04T15:45:08.056+0000] {dag.py:3954} INFO - Setting next_dagrun for dataset_consumes_1_never_scheduled to None, run_after=None
[2024-05-04T15:45:08.057+0000] {logging_mixin.py:188} INFO - [2024-05-04T15:45:08.056+0000] {dag.py:3954} INFO - Setting next_dagrun for dataset_consumes_unknown_never_scheduled to None, run_after=None
[2024-05-04T15:45:08.058+0000] {logging_mixin.py:188} INFO - [2024-05-04T15:45:08.058+0000] {dag.py:3954} INFO - Setting next_dagrun for dataset_produces_1 to 2024-05-03 00:00:00+00:00, run_after=2024-05-04 00:00:00+00:00
[2024-05-04T15:45:08.059+0000] {logging_mixin.py:188} INFO - [2024-05-04T15:45:08.059+0000] {dag.py:3954} INFO - Setting next_dagrun for dataset_produces_2 to None, run_after=None
[2024-05-04T15:45:08.085+0000] {processor.py:183} INFO - Processing /home/airflow/.local/lib/python3.12/site-packages/airflow/example_dags/example_datasets.py took 0.111 seconds
[2024-05-04T15:45:38.834+0000] {processor.py:161} INFO - Started process (PID=828) to work on /home/airflow/.local/lib/python3.12/site-packages/airflow/example_dags/example_datasets.py
[2024-05-04T15:45:38.835+0000] {processor.py:830} INFO - Processing file /home/airflow/.local/lib/python3.12/site-packages/airflow/example_dags/example_datasets.py for tasks to queue
[2024-05-04T15:45:38.836+0000] {logging_mixin.py:188} INFO - [2024-05-04T15:45:38.836+0000] {dagbag.py:540} INFO - Filling up the DagBag from /home/airflow/.local/lib/python3.12/site-packages/airflow/example_dags/example_datasets.py
[2024-05-04T15:45:38.848+0000] {processor.py:840} INFO - DAG(s) 'consume_1_or_2_with_dataset_expressions', 'consume_1_and_2_with_dataset_expressions', 'dataset_consumes_1_never_scheduled', 'dataset_consumes_unknown_never_scheduled', 'conditional_dataset_and_time_based_timetable', 'dataset_produces_1', 'dataset_produces_2', 'dataset_consumes_1_and_2', 'consume_1_or_both_2_and_3_with_dataset_expressions', 'dataset_consumes_1' retrieved from /home/airflow/.local/lib/python3.12/site-packages/airflow/example_dags/example_datasets.py
[2024-05-04T15:45:38.887+0000] {logging_mixin.py:188} INFO - [2024-05-04T15:45:38.886+0000] {dag.py:3096} INFO - Sync 10 DAGs
[2024-05-04T15:45:38.906+0000] {logging_mixin.py:188} INFO - [2024-05-04T15:45:38.905+0000] {dag.py:3954} INFO - Setting next_dagrun for conditional_dataset_and_time_based_timetable to 2024-05-01 01:00:00+00:00, run_after=2024-05-01 01:00:00+00:00
[2024-05-04T15:45:38.909+0000] {logging_mixin.py:188} INFO - [2024-05-04T15:45:38.909+0000] {dag.py:3954} INFO - Setting next_dagrun for consume_1_and_2_with_dataset_expressions to None, run_after=None
[2024-05-04T15:45:38.910+0000] {logging_mixin.py:188} INFO - [2024-05-04T15:45:38.910+0000] {dag.py:3954} INFO - Setting next_dagrun for consume_1_or_2_with_dataset_expressions to None, run_after=None
[2024-05-04T15:45:38.911+0000] {logging_mixin.py:188} INFO - [2024-05-04T15:45:38.911+0000] {dag.py:3954} INFO - Setting next_dagrun for consume_1_or_both_2_and_3_with_dataset_expressions to None, run_after=None
[2024-05-04T15:45:38.912+0000] {logging_mixin.py:188} INFO - [2024-05-04T15:45:38.912+0000] {dag.py:3954} INFO - Setting next_dagrun for dataset_consumes_1 to None, run_after=None
[2024-05-04T15:45:38.913+0000] {logging_mixin.py:188} INFO - [2024-05-04T15:45:38.913+0000] {dag.py:3954} INFO - Setting next_dagrun for dataset_consumes_1_and_2 to None, run_after=None
[2024-05-04T15:45:38.914+0000] {logging_mixin.py:188} INFO - [2024-05-04T15:45:38.914+0000] {dag.py:3954} INFO - Setting next_dagrun for dataset_consumes_1_never_scheduled to None, run_after=None
[2024-05-04T15:45:38.915+0000] {logging_mixin.py:188} INFO - [2024-05-04T15:45:38.915+0000] {dag.py:3954} INFO - Setting next_dagrun for dataset_consumes_unknown_never_scheduled to None, run_after=None
[2024-05-04T15:45:38.916+0000] {logging_mixin.py:188} INFO - [2024-05-04T15:45:38.916+0000] {dag.py:3954} INFO - Setting next_dagrun for dataset_produces_1 to 2024-05-03 00:00:00+00:00, run_after=2024-05-04 00:00:00+00:00
[2024-05-04T15:45:38.917+0000] {logging_mixin.py:188} INFO - [2024-05-04T15:45:38.917+0000] {dag.py:3954} INFO - Setting next_dagrun for dataset_produces_2 to None, run_after=None
[2024-05-04T15:45:38.944+0000] {processor.py:183} INFO - Processing /home/airflow/.local/lib/python3.12/site-packages/airflow/example_dags/example_datasets.py took 0.116 seconds
