[2024-05-04T15:39:02.298+0000] {processor.py:161} INFO - Started process (PID=54) to work on /home/airflow/.local/lib/python3.12/site-packages/airflow/example_dags/example_branch_operator.py
[2024-05-04T15:39:02.298+0000] {processor.py:830} INFO - Processing file /home/airflow/.local/lib/python3.12/site-packages/airflow/example_dags/example_branch_operator.py for tasks to queue
[2024-05-04T15:39:02.299+0000] {logging_mixin.py:188} INFO - [2024-05-04T15:39:02.299+0000] {dagbag.py:540} INFO - Filling up the DagBag from /home/airflow/.local/lib/python3.12/site-packages/airflow/example_dags/example_branch_operator.py
[2024-05-04T15:39:02.311+0000] {processor.py:840} INFO - DAG(s) 'example_branch_operator' retrieved from /home/airflow/.local/lib/python3.12/site-packages/airflow/example_dags/example_branch_operator.py
[2024-05-04T15:39:02.396+0000] {logging_mixin.py:188} INFO - [2024-05-04T15:39:02.396+0000] {dag.py:3096} INFO - Sync 1 DAGs
[2024-05-04T15:39:02.410+0000] {logging_mixin.py:188} INFO - [2024-05-04T15:39:02.410+0000] {dag.py:3954} INFO - Setting next_dagrun for example_branch_operator to 2024-05-03 00:00:00+00:00, run_after=2024-05-04 00:00:00+00:00
[2024-05-04T15:39:02.427+0000] {processor.py:183} INFO - Processing /home/airflow/.local/lib/python3.12/site-packages/airflow/example_dags/example_branch_operator.py took 0.134 seconds
[2024-05-04T15:39:33.252+0000] {processor.py:161} INFO - Started process (PID=115) to work on /home/airflow/.local/lib/python3.12/site-packages/airflow/example_dags/example_branch_operator.py
[2024-05-04T15:39:33.253+0000] {processor.py:830} INFO - Processing file /home/airflow/.local/lib/python3.12/site-packages/airflow/example_dags/example_branch_operator.py for tasks to queue
[2024-05-04T15:39:33.254+0000] {logging_mixin.py:188} INFO - [2024-05-04T15:39:33.254+0000] {dagbag.py:540} INFO - Filling up the DagBag from /home/airflow/.local/lib/python3.12/site-packages/airflow/example_dags/example_branch_operator.py
[2024-05-04T15:39:33.265+0000] {processor.py:840} INFO - DAG(s) 'example_branch_operator' retrieved from /home/airflow/.local/lib/python3.12/site-packages/airflow/example_dags/example_branch_operator.py
[2024-05-04T15:39:33.287+0000] {logging_mixin.py:188} INFO - [2024-05-04T15:39:33.287+0000] {dag.py:3096} INFO - Sync 1 DAGs
[2024-05-04T15:39:33.304+0000] {logging_mixin.py:188} INFO - [2024-05-04T15:39:33.303+0000] {dag.py:3954} INFO - Setting next_dagrun for example_branch_operator to 2024-05-03 00:00:00+00:00, run_after=2024-05-04 00:00:00+00:00
[2024-05-04T15:39:33.319+0000] {processor.py:183} INFO - Processing /home/airflow/.local/lib/python3.12/site-packages/airflow/example_dags/example_branch_operator.py took 0.071 seconds
[2024-05-04T15:40:03.949+0000] {processor.py:161} INFO - Started process (PID=179) to work on /home/airflow/.local/lib/python3.12/site-packages/airflow/example_dags/example_branch_operator.py
[2024-05-04T15:40:03.950+0000] {processor.py:830} INFO - Processing file /home/airflow/.local/lib/python3.12/site-packages/airflow/example_dags/example_branch_operator.py for tasks to queue
[2024-05-04T15:40:03.951+0000] {logging_mixin.py:188} INFO - [2024-05-04T15:40:03.951+0000] {dagbag.py:540} INFO - Filling up the DagBag from /home/airflow/.local/lib/python3.12/site-packages/airflow/example_dags/example_branch_operator.py
[2024-05-04T15:40:03.964+0000] {processor.py:840} INFO - DAG(s) 'example_branch_operator' retrieved from /home/airflow/.local/lib/python3.12/site-packages/airflow/example_dags/example_branch_operator.py
[2024-05-04T15:40:03.986+0000] {logging_mixin.py:188} INFO - [2024-05-04T15:40:03.986+0000] {dag.py:3096} INFO - Sync 1 DAGs
[2024-05-04T15:40:04.006+0000] {logging_mixin.py:188} INFO - [2024-05-04T15:40:04.005+0000] {dag.py:3954} INFO - Setting next_dagrun for example_branch_operator to 2024-05-03 00:00:00+00:00, run_after=2024-05-04 00:00:00+00:00
[2024-05-04T15:40:04.023+0000] {processor.py:183} INFO - Processing /home/airflow/.local/lib/python3.12/site-packages/airflow/example_dags/example_branch_operator.py took 0.079 seconds
[2024-05-04T15:40:34.706+0000] {processor.py:161} INFO - Started process (PID=239) to work on /home/airflow/.local/lib/python3.12/site-packages/airflow/example_dags/example_branch_operator.py
[2024-05-04T15:40:34.707+0000] {processor.py:830} INFO - Processing file /home/airflow/.local/lib/python3.12/site-packages/airflow/example_dags/example_branch_operator.py for tasks to queue
[2024-05-04T15:40:34.709+0000] {logging_mixin.py:188} INFO - [2024-05-04T15:40:34.709+0000] {dagbag.py:540} INFO - Filling up the DagBag from /home/airflow/.local/lib/python3.12/site-packages/airflow/example_dags/example_branch_operator.py
[2024-05-04T15:40:34.724+0000] {processor.py:840} INFO - DAG(s) 'example_branch_operator' retrieved from /home/airflow/.local/lib/python3.12/site-packages/airflow/example_dags/example_branch_operator.py
[2024-05-04T15:40:34.750+0000] {logging_mixin.py:188} INFO - [2024-05-04T15:40:34.750+0000] {dag.py:3096} INFO - Sync 1 DAGs
[2024-05-04T15:40:34.769+0000] {logging_mixin.py:188} INFO - [2024-05-04T15:40:34.768+0000] {dag.py:3954} INFO - Setting next_dagrun for example_branch_operator to 2024-05-03 00:00:00+00:00, run_after=2024-05-04 00:00:00+00:00
[2024-05-04T15:40:34.782+0000] {processor.py:183} INFO - Processing /home/airflow/.local/lib/python3.12/site-packages/airflow/example_dags/example_branch_operator.py took 0.083 seconds
[2024-05-04T15:41:05.077+0000] {processor.py:161} INFO - Started process (PID=299) to work on /home/airflow/.local/lib/python3.12/site-packages/airflow/example_dags/example_branch_operator.py
[2024-05-04T15:41:05.078+0000] {processor.py:830} INFO - Processing file /home/airflow/.local/lib/python3.12/site-packages/airflow/example_dags/example_branch_operator.py for tasks to queue
[2024-05-04T15:41:05.080+0000] {logging_mixin.py:188} INFO - [2024-05-04T15:41:05.079+0000] {dagbag.py:540} INFO - Filling up the DagBag from /home/airflow/.local/lib/python3.12/site-packages/airflow/example_dags/example_branch_operator.py
[2024-05-04T15:41:05.093+0000] {processor.py:840} INFO - DAG(s) 'example_branch_operator' retrieved from /home/airflow/.local/lib/python3.12/site-packages/airflow/example_dags/example_branch_operator.py
[2024-05-04T15:41:05.121+0000] {logging_mixin.py:188} INFO - [2024-05-04T15:41:05.121+0000] {dag.py:3096} INFO - Sync 1 DAGs
[2024-05-04T15:41:05.142+0000] {logging_mixin.py:188} INFO - [2024-05-04T15:41:05.141+0000] {dag.py:3954} INFO - Setting next_dagrun for example_branch_operator to 2024-05-03 00:00:00+00:00, run_after=2024-05-04 00:00:00+00:00
[2024-05-04T15:41:05.159+0000] {processor.py:183} INFO - Processing /home/airflow/.local/lib/python3.12/site-packages/airflow/example_dags/example_branch_operator.py took 0.088 seconds
[2024-05-04T15:41:35.643+0000] {processor.py:161} INFO - Started process (PID=357) to work on /home/airflow/.local/lib/python3.12/site-packages/airflow/example_dags/example_branch_operator.py
[2024-05-04T15:41:35.644+0000] {processor.py:830} INFO - Processing file /home/airflow/.local/lib/python3.12/site-packages/airflow/example_dags/example_branch_operator.py for tasks to queue
[2024-05-04T15:41:35.645+0000] {logging_mixin.py:188} INFO - [2024-05-04T15:41:35.645+0000] {dagbag.py:540} INFO - Filling up the DagBag from /home/airflow/.local/lib/python3.12/site-packages/airflow/example_dags/example_branch_operator.py
[2024-05-04T15:41:35.659+0000] {processor.py:840} INFO - DAG(s) 'example_branch_operator' retrieved from /home/airflow/.local/lib/python3.12/site-packages/airflow/example_dags/example_branch_operator.py
[2024-05-04T15:41:35.684+0000] {logging_mixin.py:188} INFO - [2024-05-04T15:41:35.684+0000] {dag.py:3096} INFO - Sync 1 DAGs
[2024-05-04T15:41:35.702+0000] {logging_mixin.py:188} INFO - [2024-05-04T15:41:35.702+0000] {dag.py:3954} INFO - Setting next_dagrun for example_branch_operator to 2024-05-03 00:00:00+00:00, run_after=2024-05-04 00:00:00+00:00
[2024-05-04T15:41:35.717+0000] {processor.py:183} INFO - Processing /home/airflow/.local/lib/python3.12/site-packages/airflow/example_dags/example_branch_operator.py took 0.079 seconds
[2024-05-04T15:42:06.204+0000] {processor.py:161} INFO - Started process (PID=417) to work on /home/airflow/.local/lib/python3.12/site-packages/airflow/example_dags/example_branch_operator.py
[2024-05-04T15:42:06.205+0000] {processor.py:830} INFO - Processing file /home/airflow/.local/lib/python3.12/site-packages/airflow/example_dags/example_branch_operator.py for tasks to queue
[2024-05-04T15:42:06.206+0000] {logging_mixin.py:188} INFO - [2024-05-04T15:42:06.206+0000] {dagbag.py:540} INFO - Filling up the DagBag from /home/airflow/.local/lib/python3.12/site-packages/airflow/example_dags/example_branch_operator.py
[2024-05-04T15:42:06.219+0000] {processor.py:840} INFO - DAG(s) 'example_branch_operator' retrieved from /home/airflow/.local/lib/python3.12/site-packages/airflow/example_dags/example_branch_operator.py
[2024-05-04T15:42:06.243+0000] {logging_mixin.py:188} INFO - [2024-05-04T15:42:06.242+0000] {dag.py:3096} INFO - Sync 1 DAGs
[2024-05-04T15:42:06.261+0000] {logging_mixin.py:188} INFO - [2024-05-04T15:42:06.261+0000] {dag.py:3954} INFO - Setting next_dagrun for example_branch_operator to 2024-05-03 00:00:00+00:00, run_after=2024-05-04 00:00:00+00:00
[2024-05-04T15:42:06.278+0000] {processor.py:183} INFO - Processing /home/airflow/.local/lib/python3.12/site-packages/airflow/example_dags/example_branch_operator.py took 0.079 seconds
[2024-05-04T15:42:36.873+0000] {processor.py:161} INFO - Started process (PID=477) to work on /home/airflow/.local/lib/python3.12/site-packages/airflow/example_dags/example_branch_operator.py
[2024-05-04T15:42:36.874+0000] {processor.py:830} INFO - Processing file /home/airflow/.local/lib/python3.12/site-packages/airflow/example_dags/example_branch_operator.py for tasks to queue
[2024-05-04T15:42:36.875+0000] {logging_mixin.py:188} INFO - [2024-05-04T15:42:36.875+0000] {dagbag.py:540} INFO - Filling up the DagBag from /home/airflow/.local/lib/python3.12/site-packages/airflow/example_dags/example_branch_operator.py
[2024-05-04T15:42:36.888+0000] {processor.py:840} INFO - DAG(s) 'example_branch_operator' retrieved from /home/airflow/.local/lib/python3.12/site-packages/airflow/example_dags/example_branch_operator.py
[2024-05-04T15:42:36.912+0000] {logging_mixin.py:188} INFO - [2024-05-04T15:42:36.912+0000] {dag.py:3096} INFO - Sync 1 DAGs
[2024-05-04T15:42:36.932+0000] {logging_mixin.py:188} INFO - [2024-05-04T15:42:36.932+0000] {dag.py:3954} INFO - Setting next_dagrun for example_branch_operator to 2024-05-03 00:00:00+00:00, run_after=2024-05-04 00:00:00+00:00
[2024-05-04T15:42:36.950+0000] {processor.py:183} INFO - Processing /home/airflow/.local/lib/python3.12/site-packages/airflow/example_dags/example_branch_operator.py took 0.082 seconds
[2024-05-04T15:43:07.397+0000] {processor.py:161} INFO - Started process (PID=537) to work on /home/airflow/.local/lib/python3.12/site-packages/airflow/example_dags/example_branch_operator.py
[2024-05-04T15:43:07.398+0000] {processor.py:830} INFO - Processing file /home/airflow/.local/lib/python3.12/site-packages/airflow/example_dags/example_branch_operator.py for tasks to queue
[2024-05-04T15:43:07.399+0000] {logging_mixin.py:188} INFO - [2024-05-04T15:43:07.399+0000] {dagbag.py:540} INFO - Filling up the DagBag from /home/airflow/.local/lib/python3.12/site-packages/airflow/example_dags/example_branch_operator.py
[2024-05-04T15:43:07.411+0000] {processor.py:840} INFO - DAG(s) 'example_branch_operator' retrieved from /home/airflow/.local/lib/python3.12/site-packages/airflow/example_dags/example_branch_operator.py
[2024-05-04T15:43:07.433+0000] {logging_mixin.py:188} INFO - [2024-05-04T15:43:07.433+0000] {dag.py:3096} INFO - Sync 1 DAGs
[2024-05-04T15:43:07.451+0000] {logging_mixin.py:188} INFO - [2024-05-04T15:43:07.451+0000] {dag.py:3954} INFO - Setting next_dagrun for example_branch_operator to 2024-05-03 00:00:00+00:00, run_after=2024-05-04 00:00:00+00:00
[2024-05-04T15:43:07.467+0000] {processor.py:183} INFO - Processing /home/airflow/.local/lib/python3.12/site-packages/airflow/example_dags/example_branch_operator.py took 0.075 seconds
[2024-05-04T15:43:37.888+0000] {processor.py:161} INFO - Started process (PID=597) to work on /home/airflow/.local/lib/python3.12/site-packages/airflow/example_dags/example_branch_operator.py
[2024-05-04T15:43:37.889+0000] {processor.py:830} INFO - Processing file /home/airflow/.local/lib/python3.12/site-packages/airflow/example_dags/example_branch_operator.py for tasks to queue
[2024-05-04T15:43:37.890+0000] {logging_mixin.py:188} INFO - [2024-05-04T15:43:37.890+0000] {dagbag.py:540} INFO - Filling up the DagBag from /home/airflow/.local/lib/python3.12/site-packages/airflow/example_dags/example_branch_operator.py
[2024-05-04T15:43:37.903+0000] {processor.py:840} INFO - DAG(s) 'example_branch_operator' retrieved from /home/airflow/.local/lib/python3.12/site-packages/airflow/example_dags/example_branch_operator.py
[2024-05-04T15:43:37.929+0000] {logging_mixin.py:188} INFO - [2024-05-04T15:43:37.929+0000] {dag.py:3096} INFO - Sync 1 DAGs
[2024-05-04T15:43:37.951+0000] {logging_mixin.py:188} INFO - [2024-05-04T15:43:37.951+0000] {dag.py:3954} INFO - Setting next_dagrun for example_branch_operator to 2024-05-03 00:00:00+00:00, run_after=2024-05-04 00:00:00+00:00
[2024-05-04T15:43:37.966+0000] {processor.py:183} INFO - Processing /home/airflow/.local/lib/python3.12/site-packages/airflow/example_dags/example_branch_operator.py took 0.082 seconds
[2024-05-04T15:44:08.117+0000] {processor.py:161} INFO - Started process (PID=657) to work on /home/airflow/.local/lib/python3.12/site-packages/airflow/example_dags/example_branch_operator.py
[2024-05-04T15:44:08.118+0000] {processor.py:830} INFO - Processing file /home/airflow/.local/lib/python3.12/site-packages/airflow/example_dags/example_branch_operator.py for tasks to queue
[2024-05-04T15:44:08.120+0000] {logging_mixin.py:188} INFO - [2024-05-04T15:44:08.119+0000] {dagbag.py:540} INFO - Filling up the DagBag from /home/airflow/.local/lib/python3.12/site-packages/airflow/example_dags/example_branch_operator.py
[2024-05-04T15:44:08.133+0000] {processor.py:840} INFO - DAG(s) 'example_branch_operator' retrieved from /home/airflow/.local/lib/python3.12/site-packages/airflow/example_dags/example_branch_operator.py
[2024-05-04T15:44:08.160+0000] {logging_mixin.py:188} INFO - [2024-05-04T15:44:08.160+0000] {dag.py:3096} INFO - Sync 1 DAGs
[2024-05-04T15:44:08.181+0000] {logging_mixin.py:188} INFO - [2024-05-04T15:44:08.181+0000] {dag.py:3954} INFO - Setting next_dagrun for example_branch_operator to 2024-05-03 00:00:00+00:00, run_after=2024-05-04 00:00:00+00:00
[2024-05-04T15:44:08.200+0000] {processor.py:183} INFO - Processing /home/airflow/.local/lib/python3.12/site-packages/airflow/example_dags/example_branch_operator.py took 0.088 seconds
[2024-05-04T15:44:38.773+0000] {processor.py:161} INFO - Started process (PID=717) to work on /home/airflow/.local/lib/python3.12/site-packages/airflow/example_dags/example_branch_operator.py
[2024-05-04T15:44:38.775+0000] {processor.py:830} INFO - Processing file /home/airflow/.local/lib/python3.12/site-packages/airflow/example_dags/example_branch_operator.py for tasks to queue
[2024-05-04T15:44:38.777+0000] {logging_mixin.py:188} INFO - [2024-05-04T15:44:38.776+0000] {dagbag.py:540} INFO - Filling up the DagBag from /home/airflow/.local/lib/python3.12/site-packages/airflow/example_dags/example_branch_operator.py
[2024-05-04T15:44:38.795+0000] {processor.py:840} INFO - DAG(s) 'example_branch_operator' retrieved from /home/airflow/.local/lib/python3.12/site-packages/airflow/example_dags/example_branch_operator.py
[2024-05-04T15:44:38.829+0000] {logging_mixin.py:188} INFO - [2024-05-04T15:44:38.828+0000] {dag.py:3096} INFO - Sync 1 DAGs
[2024-05-04T15:44:38.850+0000] {logging_mixin.py:188} INFO - [2024-05-04T15:44:38.850+0000] {dag.py:3954} INFO - Setting next_dagrun for example_branch_operator to 2024-05-03 00:00:00+00:00, run_after=2024-05-04 00:00:00+00:00
[2024-05-04T15:44:38.868+0000] {processor.py:183} INFO - Processing /home/airflow/.local/lib/python3.12/site-packages/airflow/example_dags/example_branch_operator.py took 0.101 seconds
[2024-05-04T15:45:09.361+0000] {processor.py:161} INFO - Started process (PID=777) to work on /home/airflow/.local/lib/python3.12/site-packages/airflow/example_dags/example_branch_operator.py
[2024-05-04T15:45:09.362+0000] {processor.py:830} INFO - Processing file /home/airflow/.local/lib/python3.12/site-packages/airflow/example_dags/example_branch_operator.py for tasks to queue
[2024-05-04T15:45:09.363+0000] {logging_mixin.py:188} INFO - [2024-05-04T15:45:09.363+0000] {dagbag.py:540} INFO - Filling up the DagBag from /home/airflow/.local/lib/python3.12/site-packages/airflow/example_dags/example_branch_operator.py
[2024-05-04T15:45:09.374+0000] {processor.py:840} INFO - DAG(s) 'example_branch_operator' retrieved from /home/airflow/.local/lib/python3.12/site-packages/airflow/example_dags/example_branch_operator.py
[2024-05-04T15:45:09.397+0000] {logging_mixin.py:188} INFO - [2024-05-04T15:45:09.396+0000] {dag.py:3096} INFO - Sync 1 DAGs
[2024-05-04T15:45:09.416+0000] {logging_mixin.py:188} INFO - [2024-05-04T15:45:09.416+0000] {dag.py:3954} INFO - Setting next_dagrun for example_branch_operator to 2024-05-03 00:00:00+00:00, run_after=2024-05-04 00:00:00+00:00
[2024-05-04T15:45:09.432+0000] {processor.py:183} INFO - Processing /home/airflow/.local/lib/python3.12/site-packages/airflow/example_dags/example_branch_operator.py took 0.075 seconds
[2024-05-04T15:45:40.257+0000] {processor.py:161} INFO - Started process (PID=837) to work on /home/airflow/.local/lib/python3.12/site-packages/airflow/example_dags/example_branch_operator.py
[2024-05-04T15:45:40.258+0000] {processor.py:830} INFO - Processing file /home/airflow/.local/lib/python3.12/site-packages/airflow/example_dags/example_branch_operator.py for tasks to queue
[2024-05-04T15:45:40.260+0000] {logging_mixin.py:188} INFO - [2024-05-04T15:45:40.259+0000] {dagbag.py:540} INFO - Filling up the DagBag from /home/airflow/.local/lib/python3.12/site-packages/airflow/example_dags/example_branch_operator.py
[2024-05-04T15:45:40.272+0000] {processor.py:840} INFO - DAG(s) 'example_branch_operator' retrieved from /home/airflow/.local/lib/python3.12/site-packages/airflow/example_dags/example_branch_operator.py
[2024-05-04T15:45:40.295+0000] {logging_mixin.py:188} INFO - [2024-05-04T15:45:40.295+0000] {dag.py:3096} INFO - Sync 1 DAGs
[2024-05-04T15:45:40.315+0000] {logging_mixin.py:188} INFO - [2024-05-04T15:45:40.314+0000] {dag.py:3954} INFO - Setting next_dagrun for example_branch_operator to 2024-05-03 00:00:00+00:00, run_after=2024-05-04 00:00:00+00:00
[2024-05-04T15:45:40.329+0000] {processor.py:183} INFO - Processing /home/airflow/.local/lib/python3.12/site-packages/airflow/example_dags/example_branch_operator.py took 0.077 seconds
