[2024-05-04T15:39:04.182+0000] {processor.py:161} INFO - Started process (PID=78) to work on /home/airflow/.local/lib/python3.12/site-packages/airflow/example_dags/example_task_group_decorator.py
[2024-05-04T15:39:04.182+0000] {processor.py:830} INFO - Processing file /home/airflow/.local/lib/python3.12/site-packages/airflow/example_dags/example_task_group_decorator.py for tasks to queue
[2024-05-04T15:39:04.184+0000] {logging_mixin.py:188} INFO - [2024-05-04T15:39:04.184+0000] {dagbag.py:540} INFO - Filling up the DagBag from /home/airflow/.local/lib/python3.12/site-packages/airflow/example_dags/example_task_group_decorator.py
[2024-05-04T15:39:04.194+0000] {processor.py:840} INFO - DAG(s) 'example_task_group_decorator' retrieved from /home/airflow/.local/lib/python3.12/site-packages/airflow/example_dags/example_task_group_decorator.py
[2024-05-04T15:39:04.273+0000] {logging_mixin.py:188} INFO - [2024-05-04T15:39:04.273+0000] {dag.py:3096} INFO - Sync 1 DAGs
[2024-05-04T15:39:04.288+0000] {logging_mixin.py:188} INFO - [2024-05-04T15:39:04.288+0000] {dag.py:3954} INFO - Setting next_dagrun for example_task_group_decorator to 2024-05-03 00:00:00+00:00, run_after=2024-05-04 00:00:00+00:00
[2024-05-04T15:39:04.306+0000] {processor.py:183} INFO - Processing /home/airflow/.local/lib/python3.12/site-packages/airflow/example_dags/example_task_group_decorator.py took 0.129 seconds
[2024-05-04T15:39:35.254+0000] {processor.py:161} INFO - Started process (PID=139) to work on /home/airflow/.local/lib/python3.12/site-packages/airflow/example_dags/example_task_group_decorator.py
[2024-05-04T15:39:35.255+0000] {processor.py:830} INFO - Processing file /home/airflow/.local/lib/python3.12/site-packages/airflow/example_dags/example_task_group_decorator.py for tasks to queue
[2024-05-04T15:39:35.256+0000] {logging_mixin.py:188} INFO - [2024-05-04T15:39:35.256+0000] {dagbag.py:540} INFO - Filling up the DagBag from /home/airflow/.local/lib/python3.12/site-packages/airflow/example_dags/example_task_group_decorator.py
[2024-05-04T15:39:35.270+0000] {processor.py:840} INFO - DAG(s) 'example_task_group_decorator' retrieved from /home/airflow/.local/lib/python3.12/site-packages/airflow/example_dags/example_task_group_decorator.py
[2024-05-04T15:39:35.290+0000] {logging_mixin.py:188} INFO - [2024-05-04T15:39:35.290+0000] {dag.py:3096} INFO - Sync 1 DAGs
[2024-05-04T15:39:35.308+0000] {logging_mixin.py:188} INFO - [2024-05-04T15:39:35.307+0000] {dag.py:3954} INFO - Setting next_dagrun for example_task_group_decorator to 2024-05-03 00:00:00+00:00, run_after=2024-05-04 00:00:00+00:00
[2024-05-04T15:39:35.324+0000] {processor.py:183} INFO - Processing /home/airflow/.local/lib/python3.12/site-packages/airflow/example_dags/example_task_group_decorator.py took 0.076 seconds
[2024-05-04T15:40:06.061+0000] {processor.py:161} INFO - Started process (PID=203) to work on /home/airflow/.local/lib/python3.12/site-packages/airflow/example_dags/example_task_group_decorator.py
[2024-05-04T15:40:06.062+0000] {processor.py:830} INFO - Processing file /home/airflow/.local/lib/python3.12/site-packages/airflow/example_dags/example_task_group_decorator.py for tasks to queue
[2024-05-04T15:40:06.064+0000] {logging_mixin.py:188} INFO - [2024-05-04T15:40:06.064+0000] {dagbag.py:540} INFO - Filling up the DagBag from /home/airflow/.local/lib/python3.12/site-packages/airflow/example_dags/example_task_group_decorator.py
[2024-05-04T15:40:06.076+0000] {processor.py:840} INFO - DAG(s) 'example_task_group_decorator' retrieved from /home/airflow/.local/lib/python3.12/site-packages/airflow/example_dags/example_task_group_decorator.py
[2024-05-04T15:40:06.097+0000] {logging_mixin.py:188} INFO - [2024-05-04T15:40:06.096+0000] {dag.py:3096} INFO - Sync 1 DAGs
[2024-05-04T15:40:06.116+0000] {logging_mixin.py:188} INFO - [2024-05-04T15:40:06.116+0000] {dag.py:3954} INFO - Setting next_dagrun for example_task_group_decorator to 2024-05-03 00:00:00+00:00, run_after=2024-05-04 00:00:00+00:00
[2024-05-04T15:40:06.131+0000] {processor.py:183} INFO - Processing /home/airflow/.local/lib/python3.12/site-packages/airflow/example_dags/example_task_group_decorator.py took 0.075 seconds
[2024-05-04T15:40:36.627+0000] {processor.py:161} INFO - Started process (PID=263) to work on /home/airflow/.local/lib/python3.12/site-packages/airflow/example_dags/example_task_group_decorator.py
[2024-05-04T15:40:36.628+0000] {processor.py:830} INFO - Processing file /home/airflow/.local/lib/python3.12/site-packages/airflow/example_dags/example_task_group_decorator.py for tasks to queue
[2024-05-04T15:40:36.629+0000] {logging_mixin.py:188} INFO - [2024-05-04T15:40:36.629+0000] {dagbag.py:540} INFO - Filling up the DagBag from /home/airflow/.local/lib/python3.12/site-packages/airflow/example_dags/example_task_group_decorator.py
[2024-05-04T15:40:36.638+0000] {processor.py:840} INFO - DAG(s) 'example_task_group_decorator' retrieved from /home/airflow/.local/lib/python3.12/site-packages/airflow/example_dags/example_task_group_decorator.py
[2024-05-04T15:40:36.657+0000] {logging_mixin.py:188} INFO - [2024-05-04T15:40:36.657+0000] {dag.py:3096} INFO - Sync 1 DAGs
[2024-05-04T15:40:36.672+0000] {logging_mixin.py:188} INFO - [2024-05-04T15:40:36.672+0000] {dag.py:3954} INFO - Setting next_dagrun for example_task_group_decorator to 2024-05-03 00:00:00+00:00, run_after=2024-05-04 00:00:00+00:00
[2024-05-04T15:40:36.685+0000] {processor.py:183} INFO - Processing /home/airflow/.local/lib/python3.12/site-packages/airflow/example_dags/example_task_group_decorator.py took 0.063 seconds
[2024-05-04T15:41:07.326+0000] {processor.py:161} INFO - Started process (PID=323) to work on /home/airflow/.local/lib/python3.12/site-packages/airflow/example_dags/example_task_group_decorator.py
[2024-05-04T15:41:07.327+0000] {processor.py:830} INFO - Processing file /home/airflow/.local/lib/python3.12/site-packages/airflow/example_dags/example_task_group_decorator.py for tasks to queue
[2024-05-04T15:41:07.328+0000] {logging_mixin.py:188} INFO - [2024-05-04T15:41:07.328+0000] {dagbag.py:540} INFO - Filling up the DagBag from /home/airflow/.local/lib/python3.12/site-packages/airflow/example_dags/example_task_group_decorator.py
[2024-05-04T15:41:07.339+0000] {processor.py:840} INFO - DAG(s) 'example_task_group_decorator' retrieved from /home/airflow/.local/lib/python3.12/site-packages/airflow/example_dags/example_task_group_decorator.py
[2024-05-04T15:41:07.359+0000] {logging_mixin.py:188} INFO - [2024-05-04T15:41:07.359+0000] {dag.py:3096} INFO - Sync 1 DAGs
[2024-05-04T15:41:07.375+0000] {logging_mixin.py:188} INFO - [2024-05-04T15:41:07.375+0000] {dag.py:3954} INFO - Setting next_dagrun for example_task_group_decorator to 2024-05-03 00:00:00+00:00, run_after=2024-05-04 00:00:00+00:00
[2024-05-04T15:41:07.391+0000] {processor.py:183} INFO - Processing /home/airflow/.local/lib/python3.12/site-packages/airflow/example_dags/example_task_group_decorator.py took 0.070 seconds
[2024-05-04T15:41:37.944+0000] {processor.py:161} INFO - Started process (PID=383) to work on /home/airflow/.local/lib/python3.12/site-packages/airflow/example_dags/example_task_group_decorator.py
[2024-05-04T15:41:37.944+0000] {processor.py:830} INFO - Processing file /home/airflow/.local/lib/python3.12/site-packages/airflow/example_dags/example_task_group_decorator.py for tasks to queue
[2024-05-04T15:41:37.946+0000] {logging_mixin.py:188} INFO - [2024-05-04T15:41:37.945+0000] {dagbag.py:540} INFO - Filling up the DagBag from /home/airflow/.local/lib/python3.12/site-packages/airflow/example_dags/example_task_group_decorator.py
[2024-05-04T15:41:37.955+0000] {processor.py:840} INFO - DAG(s) 'example_task_group_decorator' retrieved from /home/airflow/.local/lib/python3.12/site-packages/airflow/example_dags/example_task_group_decorator.py
[2024-05-04T15:41:37.975+0000] {logging_mixin.py:188} INFO - [2024-05-04T15:41:37.975+0000] {dag.py:3096} INFO - Sync 1 DAGs
[2024-05-04T15:41:37.990+0000] {logging_mixin.py:188} INFO - [2024-05-04T15:41:37.990+0000] {dag.py:3954} INFO - Setting next_dagrun for example_task_group_decorator to 2024-05-03 00:00:00+00:00, run_after=2024-05-04 00:00:00+00:00
[2024-05-04T15:41:38.005+0000] {processor.py:183} INFO - Processing /home/airflow/.local/lib/python3.12/site-packages/airflow/example_dags/example_task_group_decorator.py took 0.065 seconds
[2024-05-04T15:42:08.556+0000] {processor.py:161} INFO - Started process (PID=443) to work on /home/airflow/.local/lib/python3.12/site-packages/airflow/example_dags/example_task_group_decorator.py
[2024-05-04T15:42:08.557+0000] {processor.py:830} INFO - Processing file /home/airflow/.local/lib/python3.12/site-packages/airflow/example_dags/example_task_group_decorator.py for tasks to queue
[2024-05-04T15:42:08.559+0000] {logging_mixin.py:188} INFO - [2024-05-04T15:42:08.559+0000] {dagbag.py:540} INFO - Filling up the DagBag from /home/airflow/.local/lib/python3.12/site-packages/airflow/example_dags/example_task_group_decorator.py
[2024-05-04T15:42:08.570+0000] {processor.py:840} INFO - DAG(s) 'example_task_group_decorator' retrieved from /home/airflow/.local/lib/python3.12/site-packages/airflow/example_dags/example_task_group_decorator.py
[2024-05-04T15:42:08.592+0000] {logging_mixin.py:188} INFO - [2024-05-04T15:42:08.592+0000] {dag.py:3096} INFO - Sync 1 DAGs
[2024-05-04T15:42:08.610+0000] {logging_mixin.py:188} INFO - [2024-05-04T15:42:08.610+0000] {dag.py:3954} INFO - Setting next_dagrun for example_task_group_decorator to 2024-05-03 00:00:00+00:00, run_after=2024-05-04 00:00:00+00:00
[2024-05-04T15:42:08.626+0000] {processor.py:183} INFO - Processing /home/airflow/.local/lib/python3.12/site-packages/airflow/example_dags/example_task_group_decorator.py took 0.075 seconds
[2024-05-04T15:42:39.106+0000] {processor.py:161} INFO - Started process (PID=503) to work on /home/airflow/.local/lib/python3.12/site-packages/airflow/example_dags/example_task_group_decorator.py
[2024-05-04T15:42:39.107+0000] {processor.py:830} INFO - Processing file /home/airflow/.local/lib/python3.12/site-packages/airflow/example_dags/example_task_group_decorator.py for tasks to queue
[2024-05-04T15:42:39.109+0000] {logging_mixin.py:188} INFO - [2024-05-04T15:42:39.108+0000] {dagbag.py:540} INFO - Filling up the DagBag from /home/airflow/.local/lib/python3.12/site-packages/airflow/example_dags/example_task_group_decorator.py
[2024-05-04T15:42:39.120+0000] {processor.py:840} INFO - DAG(s) 'example_task_group_decorator' retrieved from /home/airflow/.local/lib/python3.12/site-packages/airflow/example_dags/example_task_group_decorator.py
[2024-05-04T15:42:39.141+0000] {logging_mixin.py:188} INFO - [2024-05-04T15:42:39.141+0000] {dag.py:3096} INFO - Sync 1 DAGs
[2024-05-04T15:42:39.158+0000] {logging_mixin.py:188} INFO - [2024-05-04T15:42:39.157+0000] {dag.py:3954} INFO - Setting next_dagrun for example_task_group_decorator to 2024-05-03 00:00:00+00:00, run_after=2024-05-04 00:00:00+00:00
[2024-05-04T15:42:39.174+0000] {processor.py:183} INFO - Processing /home/airflow/.local/lib/python3.12/site-packages/airflow/example_dags/example_task_group_decorator.py took 0.073 seconds
[2024-05-04T15:43:09.466+0000] {processor.py:161} INFO - Started process (PID=563) to work on /home/airflow/.local/lib/python3.12/site-packages/airflow/example_dags/example_task_group_decorator.py
[2024-05-04T15:43:09.467+0000] {processor.py:830} INFO - Processing file /home/airflow/.local/lib/python3.12/site-packages/airflow/example_dags/example_task_group_decorator.py for tasks to queue
[2024-05-04T15:43:09.469+0000] {logging_mixin.py:188} INFO - [2024-05-04T15:43:09.469+0000] {dagbag.py:540} INFO - Filling up the DagBag from /home/airflow/.local/lib/python3.12/site-packages/airflow/example_dags/example_task_group_decorator.py
[2024-05-04T15:43:09.479+0000] {processor.py:840} INFO - DAG(s) 'example_task_group_decorator' retrieved from /home/airflow/.local/lib/python3.12/site-packages/airflow/example_dags/example_task_group_decorator.py
[2024-05-04T15:43:09.499+0000] {logging_mixin.py:188} INFO - [2024-05-04T15:43:09.499+0000] {dag.py:3096} INFO - Sync 1 DAGs
[2024-05-04T15:43:09.517+0000] {logging_mixin.py:188} INFO - [2024-05-04T15:43:09.516+0000] {dag.py:3954} INFO - Setting next_dagrun for example_task_group_decorator to 2024-05-03 00:00:00+00:00, run_after=2024-05-04 00:00:00+00:00
[2024-05-04T15:43:09.533+0000] {processor.py:183} INFO - Processing /home/airflow/.local/lib/python3.12/site-packages/airflow/example_dags/example_task_group_decorator.py took 0.071 seconds
[2024-05-04T15:43:40.101+0000] {processor.py:161} INFO - Started process (PID=623) to work on /home/airflow/.local/lib/python3.12/site-packages/airflow/example_dags/example_task_group_decorator.py
[2024-05-04T15:43:40.102+0000] {processor.py:830} INFO - Processing file /home/airflow/.local/lib/python3.12/site-packages/airflow/example_dags/example_task_group_decorator.py for tasks to queue
[2024-05-04T15:43:40.104+0000] {logging_mixin.py:188} INFO - [2024-05-04T15:43:40.104+0000] {dagbag.py:540} INFO - Filling up the DagBag from /home/airflow/.local/lib/python3.12/site-packages/airflow/example_dags/example_task_group_decorator.py
[2024-05-04T15:43:40.114+0000] {processor.py:840} INFO - DAG(s) 'example_task_group_decorator' retrieved from /home/airflow/.local/lib/python3.12/site-packages/airflow/example_dags/example_task_group_decorator.py
[2024-05-04T15:43:40.135+0000] {logging_mixin.py:188} INFO - [2024-05-04T15:43:40.134+0000] {dag.py:3096} INFO - Sync 1 DAGs
[2024-05-04T15:43:40.153+0000] {logging_mixin.py:188} INFO - [2024-05-04T15:43:40.152+0000] {dag.py:3954} INFO - Setting next_dagrun for example_task_group_decorator to 2024-05-03 00:00:00+00:00, run_after=2024-05-04 00:00:00+00:00
[2024-05-04T15:43:40.168+0000] {processor.py:183} INFO - Processing /home/airflow/.local/lib/python3.12/site-packages/airflow/example_dags/example_task_group_decorator.py took 0.071 seconds
[2024-05-04T15:44:11.166+0000] {processor.py:161} INFO - Started process (PID=682) to work on /home/airflow/.local/lib/python3.12/site-packages/airflow/example_dags/example_task_group_decorator.py
[2024-05-04T15:44:11.167+0000] {processor.py:830} INFO - Processing file /home/airflow/.local/lib/python3.12/site-packages/airflow/example_dags/example_task_group_decorator.py for tasks to queue
[2024-05-04T15:44:11.168+0000] {logging_mixin.py:188} INFO - [2024-05-04T15:44:11.168+0000] {dagbag.py:540} INFO - Filling up the DagBag from /home/airflow/.local/lib/python3.12/site-packages/airflow/example_dags/example_task_group_decorator.py
[2024-05-04T15:44:11.178+0000] {processor.py:840} INFO - DAG(s) 'example_task_group_decorator' retrieved from /home/airflow/.local/lib/python3.12/site-packages/airflow/example_dags/example_task_group_decorator.py
[2024-05-04T15:44:11.198+0000] {logging_mixin.py:188} INFO - [2024-05-04T15:44:11.197+0000] {dag.py:3096} INFO - Sync 1 DAGs
[2024-05-04T15:44:11.215+0000] {logging_mixin.py:188} INFO - [2024-05-04T15:44:11.215+0000] {dag.py:3954} INFO - Setting next_dagrun for example_task_group_decorator to 2024-05-03 00:00:00+00:00, run_after=2024-05-04 00:00:00+00:00
[2024-05-04T15:44:11.231+0000] {processor.py:183} INFO - Processing /home/airflow/.local/lib/python3.12/site-packages/airflow/example_dags/example_task_group_decorator.py took 0.068 seconds
[2024-05-04T15:44:41.880+0000] {processor.py:161} INFO - Started process (PID=742) to work on /home/airflow/.local/lib/python3.12/site-packages/airflow/example_dags/example_task_group_decorator.py
[2024-05-04T15:44:41.881+0000] {processor.py:830} INFO - Processing file /home/airflow/.local/lib/python3.12/site-packages/airflow/example_dags/example_task_group_decorator.py for tasks to queue
[2024-05-04T15:44:41.882+0000] {logging_mixin.py:188} INFO - [2024-05-04T15:44:41.882+0000] {dagbag.py:540} INFO - Filling up the DagBag from /home/airflow/.local/lib/python3.12/site-packages/airflow/example_dags/example_task_group_decorator.py
[2024-05-04T15:44:41.892+0000] {processor.py:840} INFO - DAG(s) 'example_task_group_decorator' retrieved from /home/airflow/.local/lib/python3.12/site-packages/airflow/example_dags/example_task_group_decorator.py
[2024-05-04T15:44:41.914+0000] {logging_mixin.py:188} INFO - [2024-05-04T15:44:41.914+0000] {dag.py:3096} INFO - Sync 1 DAGs
[2024-05-04T15:44:41.932+0000] {logging_mixin.py:188} INFO - [2024-05-04T15:44:41.932+0000] {dag.py:3954} INFO - Setting next_dagrun for example_task_group_decorator to 2024-05-03 00:00:00+00:00, run_after=2024-05-04 00:00:00+00:00
[2024-05-04T15:44:41.950+0000] {processor.py:183} INFO - Processing /home/airflow/.local/lib/python3.12/site-packages/airflow/example_dags/example_task_group_decorator.py took 0.076 seconds
[2024-05-04T15:45:12.345+0000] {processor.py:161} INFO - Started process (PID=801) to work on /home/airflow/.local/lib/python3.12/site-packages/airflow/example_dags/example_task_group_decorator.py
[2024-05-04T15:45:12.347+0000] {processor.py:830} INFO - Processing file /home/airflow/.local/lib/python3.12/site-packages/airflow/example_dags/example_task_group_decorator.py for tasks to queue
[2024-05-04T15:45:12.348+0000] {logging_mixin.py:188} INFO - [2024-05-04T15:45:12.348+0000] {dagbag.py:540} INFO - Filling up the DagBag from /home/airflow/.local/lib/python3.12/site-packages/airflow/example_dags/example_task_group_decorator.py
[2024-05-04T15:45:12.359+0000] {processor.py:840} INFO - DAG(s) 'example_task_group_decorator' retrieved from /home/airflow/.local/lib/python3.12/site-packages/airflow/example_dags/example_task_group_decorator.py
[2024-05-04T15:45:12.377+0000] {logging_mixin.py:188} INFO - [2024-05-04T15:45:12.377+0000] {dag.py:3096} INFO - Sync 1 DAGs
[2024-05-04T15:45:12.393+0000] {logging_mixin.py:188} INFO - [2024-05-04T15:45:12.392+0000] {dag.py:3954} INFO - Setting next_dagrun for example_task_group_decorator to 2024-05-03 00:00:00+00:00, run_after=2024-05-04 00:00:00+00:00
[2024-05-04T15:45:12.409+0000] {processor.py:183} INFO - Processing /home/airflow/.local/lib/python3.12/site-packages/airflow/example_dags/example_task_group_decorator.py took 0.068 seconds
[2024-05-04T15:45:43.318+0000] {processor.py:161} INFO - Started process (PID=861) to work on /home/airflow/.local/lib/python3.12/site-packages/airflow/example_dags/example_task_group_decorator.py
[2024-05-04T15:45:43.320+0000] {processor.py:830} INFO - Processing file /home/airflow/.local/lib/python3.12/site-packages/airflow/example_dags/example_task_group_decorator.py for tasks to queue
[2024-05-04T15:45:43.321+0000] {logging_mixin.py:188} INFO - [2024-05-04T15:45:43.321+0000] {dagbag.py:540} INFO - Filling up the DagBag from /home/airflow/.local/lib/python3.12/site-packages/airflow/example_dags/example_task_group_decorator.py
[2024-05-04T15:45:43.331+0000] {processor.py:840} INFO - DAG(s) 'example_task_group_decorator' retrieved from /home/airflow/.local/lib/python3.12/site-packages/airflow/example_dags/example_task_group_decorator.py
[2024-05-04T15:45:43.350+0000] {logging_mixin.py:188} INFO - [2024-05-04T15:45:43.349+0000] {dag.py:3096} INFO - Sync 1 DAGs
[2024-05-04T15:45:43.365+0000] {logging_mixin.py:188} INFO - [2024-05-04T15:45:43.365+0000] {dag.py:3954} INFO - Setting next_dagrun for example_task_group_decorator to 2024-05-03 00:00:00+00:00, run_after=2024-05-04 00:00:00+00:00
[2024-05-04T15:45:43.380+0000] {processor.py:183} INFO - Processing /home/airflow/.local/lib/python3.12/site-packages/airflow/example_dags/example_task_group_decorator.py took 0.067 seconds
