[2024-05-04T15:39:04.589+0000] {processor.py:161} INFO - Started process (PID=84) to work on /home/airflow/.local/lib/python3.12/site-packages/airflow/example_dags/example_short_circuit_operator.py
[2024-05-04T15:39:04.590+0000] {processor.py:830} INFO - Processing file /home/airflow/.local/lib/python3.12/site-packages/airflow/example_dags/example_short_circuit_operator.py for tasks to queue
[2024-05-04T15:39:04.591+0000] {logging_mixin.py:188} INFO - [2024-05-04T15:39:04.591+0000] {dagbag.py:540} INFO - Filling up the DagBag from /home/airflow/.local/lib/python3.12/site-packages/airflow/example_dags/example_short_circuit_operator.py
[2024-05-04T15:39:04.597+0000] {processor.py:840} INFO - DAG(s) 'example_short_circuit_operator' retrieved from /home/airflow/.local/lib/python3.12/site-packages/airflow/example_dags/example_short_circuit_operator.py
[2024-05-04T15:39:04.679+0000] {logging_mixin.py:188} INFO - [2024-05-04T15:39:04.679+0000] {dag.py:3096} INFO - Sync 1 DAGs
[2024-05-04T15:39:04.695+0000] {logging_mixin.py:188} INFO - [2024-05-04T15:39:04.695+0000] {dag.py:3954} INFO - Setting next_dagrun for example_short_circuit_operator to 2024-05-03 00:00:00+00:00, run_after=2024-05-04 00:00:00+00:00
[2024-05-04T15:39:04.710+0000] {processor.py:183} INFO - Processing /home/airflow/.local/lib/python3.12/site-packages/airflow/example_dags/example_short_circuit_operator.py took 0.125 seconds
[2024-05-04T15:39:35.566+0000] {processor.py:161} INFO - Started process (PID=145) to work on /home/airflow/.local/lib/python3.12/site-packages/airflow/example_dags/example_short_circuit_operator.py
[2024-05-04T15:39:35.566+0000] {processor.py:830} INFO - Processing file /home/airflow/.local/lib/python3.12/site-packages/airflow/example_dags/example_short_circuit_operator.py for tasks to queue
[2024-05-04T15:39:35.568+0000] {logging_mixin.py:188} INFO - [2024-05-04T15:39:35.567+0000] {dagbag.py:540} INFO - Filling up the DagBag from /home/airflow/.local/lib/python3.12/site-packages/airflow/example_dags/example_short_circuit_operator.py
[2024-05-04T15:39:35.574+0000] {processor.py:840} INFO - DAG(s) 'example_short_circuit_operator' retrieved from /home/airflow/.local/lib/python3.12/site-packages/airflow/example_dags/example_short_circuit_operator.py
[2024-05-04T15:39:35.593+0000] {logging_mixin.py:188} INFO - [2024-05-04T15:39:35.593+0000] {dag.py:3096} INFO - Sync 1 DAGs
[2024-05-04T15:39:35.610+0000] {logging_mixin.py:188} INFO - [2024-05-04T15:39:35.610+0000] {dag.py:3954} INFO - Setting next_dagrun for example_short_circuit_operator to 2024-05-03 00:00:00+00:00, run_after=2024-05-04 00:00:00+00:00
[2024-05-04T15:39:35.628+0000] {processor.py:183} INFO - Processing /home/airflow/.local/lib/python3.12/site-packages/airflow/example_dags/example_short_circuit_operator.py took 0.067 seconds
[2024-05-04T15:40:06.418+0000] {processor.py:161} INFO - Started process (PID=209) to work on /home/airflow/.local/lib/python3.12/site-packages/airflow/example_dags/example_short_circuit_operator.py
[2024-05-04T15:40:06.419+0000] {processor.py:830} INFO - Processing file /home/airflow/.local/lib/python3.12/site-packages/airflow/example_dags/example_short_circuit_operator.py for tasks to queue
[2024-05-04T15:40:06.422+0000] {logging_mixin.py:188} INFO - [2024-05-04T15:40:06.422+0000] {dagbag.py:540} INFO - Filling up the DagBag from /home/airflow/.local/lib/python3.12/site-packages/airflow/example_dags/example_short_circuit_operator.py
[2024-05-04T15:40:06.429+0000] {processor.py:840} INFO - DAG(s) 'example_short_circuit_operator' retrieved from /home/airflow/.local/lib/python3.12/site-packages/airflow/example_dags/example_short_circuit_operator.py
[2024-05-04T15:40:06.447+0000] {logging_mixin.py:188} INFO - [2024-05-04T15:40:06.447+0000] {dag.py:3096} INFO - Sync 1 DAGs
[2024-05-04T15:40:06.467+0000] {logging_mixin.py:188} INFO - [2024-05-04T15:40:06.467+0000] {dag.py:3954} INFO - Setting next_dagrun for example_short_circuit_operator to 2024-05-03 00:00:00+00:00, run_after=2024-05-04 00:00:00+00:00
[2024-05-04T15:40:06.483+0000] {processor.py:183} INFO - Processing /home/airflow/.local/lib/python3.12/site-packages/airflow/example_dags/example_short_circuit_operator.py took 0.070 seconds
[2024-05-04T15:40:36.929+0000] {processor.py:161} INFO - Started process (PID=269) to work on /home/airflow/.local/lib/python3.12/site-packages/airflow/example_dags/example_short_circuit_operator.py
[2024-05-04T15:40:36.930+0000] {processor.py:830} INFO - Processing file /home/airflow/.local/lib/python3.12/site-packages/airflow/example_dags/example_short_circuit_operator.py for tasks to queue
[2024-05-04T15:40:36.932+0000] {logging_mixin.py:188} INFO - [2024-05-04T15:40:36.932+0000] {dagbag.py:540} INFO - Filling up the DagBag from /home/airflow/.local/lib/python3.12/site-packages/airflow/example_dags/example_short_circuit_operator.py
[2024-05-04T15:40:36.938+0000] {processor.py:840} INFO - DAG(s) 'example_short_circuit_operator' retrieved from /home/airflow/.local/lib/python3.12/site-packages/airflow/example_dags/example_short_circuit_operator.py
[2024-05-04T15:40:36.956+0000] {logging_mixin.py:188} INFO - [2024-05-04T15:40:36.956+0000] {dag.py:3096} INFO - Sync 1 DAGs
[2024-05-04T15:40:36.973+0000] {logging_mixin.py:188} INFO - [2024-05-04T15:40:36.973+0000] {dag.py:3954} INFO - Setting next_dagrun for example_short_circuit_operator to 2024-05-03 00:00:00+00:00, run_after=2024-05-04 00:00:00+00:00
[2024-05-04T15:40:36.988+0000] {processor.py:183} INFO - Processing /home/airflow/.local/lib/python3.12/site-packages/airflow/example_dags/example_short_circuit_operator.py took 0.063 seconds
[2024-05-04T15:41:07.628+0000] {processor.py:161} INFO - Started process (PID=329) to work on /home/airflow/.local/lib/python3.12/site-packages/airflow/example_dags/example_short_circuit_operator.py
[2024-05-04T15:41:07.629+0000] {processor.py:830} INFO - Processing file /home/airflow/.local/lib/python3.12/site-packages/airflow/example_dags/example_short_circuit_operator.py for tasks to queue
[2024-05-04T15:41:07.631+0000] {logging_mixin.py:188} INFO - [2024-05-04T15:41:07.630+0000] {dagbag.py:540} INFO - Filling up the DagBag from /home/airflow/.local/lib/python3.12/site-packages/airflow/example_dags/example_short_circuit_operator.py
[2024-05-04T15:41:07.636+0000] {processor.py:840} INFO - DAG(s) 'example_short_circuit_operator' retrieved from /home/airflow/.local/lib/python3.12/site-packages/airflow/example_dags/example_short_circuit_operator.py
[2024-05-04T15:41:07.656+0000] {logging_mixin.py:188} INFO - [2024-05-04T15:41:07.656+0000] {dag.py:3096} INFO - Sync 1 DAGs
[2024-05-04T15:41:07.673+0000] {logging_mixin.py:188} INFO - [2024-05-04T15:41:07.673+0000] {dag.py:3954} INFO - Setting next_dagrun for example_short_circuit_operator to 2024-05-03 00:00:00+00:00, run_after=2024-05-04 00:00:00+00:00
[2024-05-04T15:41:07.687+0000] {processor.py:183} INFO - Processing /home/airflow/.local/lib/python3.12/site-packages/airflow/example_dags/example_short_circuit_operator.py took 0.064 seconds
[2024-05-04T15:41:38.243+0000] {processor.py:161} INFO - Started process (PID=389) to work on /home/airflow/.local/lib/python3.12/site-packages/airflow/example_dags/example_short_circuit_operator.py
[2024-05-04T15:41:38.243+0000] {processor.py:830} INFO - Processing file /home/airflow/.local/lib/python3.12/site-packages/airflow/example_dags/example_short_circuit_operator.py for tasks to queue
[2024-05-04T15:41:38.245+0000] {logging_mixin.py:188} INFO - [2024-05-04T15:41:38.245+0000] {dagbag.py:540} INFO - Filling up the DagBag from /home/airflow/.local/lib/python3.12/site-packages/airflow/example_dags/example_short_circuit_operator.py
[2024-05-04T15:41:38.250+0000] {processor.py:840} INFO - DAG(s) 'example_short_circuit_operator' retrieved from /home/airflow/.local/lib/python3.12/site-packages/airflow/example_dags/example_short_circuit_operator.py
[2024-05-04T15:41:38.268+0000] {logging_mixin.py:188} INFO - [2024-05-04T15:41:38.267+0000] {dag.py:3096} INFO - Sync 1 DAGs
[2024-05-04T15:41:38.285+0000] {logging_mixin.py:188} INFO - [2024-05-04T15:41:38.284+0000] {dag.py:3954} INFO - Setting next_dagrun for example_short_circuit_operator to 2024-05-03 00:00:00+00:00, run_after=2024-05-04 00:00:00+00:00
[2024-05-04T15:41:38.300+0000] {processor.py:183} INFO - Processing /home/airflow/.local/lib/python3.12/site-packages/airflow/example_dags/example_short_circuit_operator.py took 0.061 seconds
[2024-05-04T15:42:08.858+0000] {processor.py:161} INFO - Started process (PID=449) to work on /home/airflow/.local/lib/python3.12/site-packages/airflow/example_dags/example_short_circuit_operator.py
[2024-05-04T15:42:08.859+0000] {processor.py:830} INFO - Processing file /home/airflow/.local/lib/python3.12/site-packages/airflow/example_dags/example_short_circuit_operator.py for tasks to queue
[2024-05-04T15:42:08.861+0000] {logging_mixin.py:188} INFO - [2024-05-04T15:42:08.861+0000] {dagbag.py:540} INFO - Filling up the DagBag from /home/airflow/.local/lib/python3.12/site-packages/airflow/example_dags/example_short_circuit_operator.py
[2024-05-04T15:42:08.866+0000] {processor.py:840} INFO - DAG(s) 'example_short_circuit_operator' retrieved from /home/airflow/.local/lib/python3.12/site-packages/airflow/example_dags/example_short_circuit_operator.py
[2024-05-04T15:42:08.884+0000] {logging_mixin.py:188} INFO - [2024-05-04T15:42:08.883+0000] {dag.py:3096} INFO - Sync 1 DAGs
[2024-05-04T15:42:08.899+0000] {logging_mixin.py:188} INFO - [2024-05-04T15:42:08.899+0000] {dag.py:3954} INFO - Setting next_dagrun for example_short_circuit_operator to 2024-05-03 00:00:00+00:00, run_after=2024-05-04 00:00:00+00:00
[2024-05-04T15:42:08.913+0000] {processor.py:183} INFO - Processing /home/airflow/.local/lib/python3.12/site-packages/airflow/example_dags/example_short_circuit_operator.py took 0.059 seconds
[2024-05-04T15:42:39.435+0000] {processor.py:161} INFO - Started process (PID=509) to work on /home/airflow/.local/lib/python3.12/site-packages/airflow/example_dags/example_short_circuit_operator.py
[2024-05-04T15:42:39.436+0000] {processor.py:830} INFO - Processing file /home/airflow/.local/lib/python3.12/site-packages/airflow/example_dags/example_short_circuit_operator.py for tasks to queue
[2024-05-04T15:42:39.438+0000] {logging_mixin.py:188} INFO - [2024-05-04T15:42:39.438+0000] {dagbag.py:540} INFO - Filling up the DagBag from /home/airflow/.local/lib/python3.12/site-packages/airflow/example_dags/example_short_circuit_operator.py
[2024-05-04T15:42:39.444+0000] {processor.py:840} INFO - DAG(s) 'example_short_circuit_operator' retrieved from /home/airflow/.local/lib/python3.12/site-packages/airflow/example_dags/example_short_circuit_operator.py
[2024-05-04T15:42:39.463+0000] {logging_mixin.py:188} INFO - [2024-05-04T15:42:39.463+0000] {dag.py:3096} INFO - Sync 1 DAGs
[2024-05-04T15:42:39.482+0000] {logging_mixin.py:188} INFO - [2024-05-04T15:42:39.482+0000] {dag.py:3954} INFO - Setting next_dagrun for example_short_circuit_operator to 2024-05-03 00:00:00+00:00, run_after=2024-05-04 00:00:00+00:00
[2024-05-04T15:42:39.496+0000] {processor.py:183} INFO - Processing /home/airflow/.local/lib/python3.12/site-packages/airflow/example_dags/example_short_circuit_operator.py took 0.067 seconds
[2024-05-04T15:43:09.778+0000] {processor.py:161} INFO - Started process (PID=569) to work on /home/airflow/.local/lib/python3.12/site-packages/airflow/example_dags/example_short_circuit_operator.py
[2024-05-04T15:43:09.779+0000] {processor.py:830} INFO - Processing file /home/airflow/.local/lib/python3.12/site-packages/airflow/example_dags/example_short_circuit_operator.py for tasks to queue
[2024-05-04T15:43:09.780+0000] {logging_mixin.py:188} INFO - [2024-05-04T15:43:09.780+0000] {dagbag.py:540} INFO - Filling up the DagBag from /home/airflow/.local/lib/python3.12/site-packages/airflow/example_dags/example_short_circuit_operator.py
[2024-05-04T15:43:09.788+0000] {processor.py:840} INFO - DAG(s) 'example_short_circuit_operator' retrieved from /home/airflow/.local/lib/python3.12/site-packages/airflow/example_dags/example_short_circuit_operator.py
[2024-05-04T15:43:09.808+0000] {logging_mixin.py:188} INFO - [2024-05-04T15:43:09.808+0000] {dag.py:3096} INFO - Sync 1 DAGs
[2024-05-04T15:43:09.829+0000] {logging_mixin.py:188} INFO - [2024-05-04T15:43:09.829+0000] {dag.py:3954} INFO - Setting next_dagrun for example_short_circuit_operator to 2024-05-03 00:00:00+00:00, run_after=2024-05-04 00:00:00+00:00
[2024-05-04T15:43:09.847+0000] {processor.py:183} INFO - Processing /home/airflow/.local/lib/python3.12/site-packages/airflow/example_dags/example_short_circuit_operator.py took 0.073 seconds
[2024-05-04T15:43:40.491+0000] {processor.py:161} INFO - Started process (PID=628) to work on /home/airflow/.local/lib/python3.12/site-packages/airflow/example_dags/example_short_circuit_operator.py
[2024-05-04T15:43:40.492+0000] {processor.py:830} INFO - Processing file /home/airflow/.local/lib/python3.12/site-packages/airflow/example_dags/example_short_circuit_operator.py for tasks to queue
[2024-05-04T15:43:40.494+0000] {logging_mixin.py:188} INFO - [2024-05-04T15:43:40.493+0000] {dagbag.py:540} INFO - Filling up the DagBag from /home/airflow/.local/lib/python3.12/site-packages/airflow/example_dags/example_short_circuit_operator.py
[2024-05-04T15:43:40.500+0000] {processor.py:840} INFO - DAG(s) 'example_short_circuit_operator' retrieved from /home/airflow/.local/lib/python3.12/site-packages/airflow/example_dags/example_short_circuit_operator.py
[2024-05-04T15:43:40.518+0000] {logging_mixin.py:188} INFO - [2024-05-04T15:43:40.518+0000] {dag.py:3096} INFO - Sync 1 DAGs
[2024-05-04T15:43:40.535+0000] {logging_mixin.py:188} INFO - [2024-05-04T15:43:40.535+0000] {dag.py:3954} INFO - Setting next_dagrun for example_short_circuit_operator to 2024-05-03 00:00:00+00:00, run_after=2024-05-04 00:00:00+00:00
[2024-05-04T15:43:40.552+0000] {processor.py:183} INFO - Processing /home/airflow/.local/lib/python3.12/site-packages/airflow/example_dags/example_short_circuit_operator.py took 0.066 seconds
[2024-05-04T15:44:11.764+0000] {processor.py:161} INFO - Started process (PID=689) to work on /home/airflow/.local/lib/python3.12/site-packages/airflow/example_dags/example_short_circuit_operator.py
[2024-05-04T15:44:11.765+0000] {processor.py:830} INFO - Processing file /home/airflow/.local/lib/python3.12/site-packages/airflow/example_dags/example_short_circuit_operator.py for tasks to queue
[2024-05-04T15:44:11.767+0000] {logging_mixin.py:188} INFO - [2024-05-04T15:44:11.766+0000] {dagbag.py:540} INFO - Filling up the DagBag from /home/airflow/.local/lib/python3.12/site-packages/airflow/example_dags/example_short_circuit_operator.py
[2024-05-04T15:44:11.773+0000] {processor.py:840} INFO - DAG(s) 'example_short_circuit_operator' retrieved from /home/airflow/.local/lib/python3.12/site-packages/airflow/example_dags/example_short_circuit_operator.py
[2024-05-04T15:44:11.792+0000] {logging_mixin.py:188} INFO - [2024-05-04T15:44:11.792+0000] {dag.py:3096} INFO - Sync 1 DAGs
[2024-05-04T15:44:11.810+0000] {logging_mixin.py:188} INFO - [2024-05-04T15:44:11.809+0000] {dag.py:3954} INFO - Setting next_dagrun for example_short_circuit_operator to 2024-05-03 00:00:00+00:00, run_after=2024-05-04 00:00:00+00:00
[2024-05-04T15:44:11.825+0000] {processor.py:183} INFO - Processing /home/airflow/.local/lib/python3.12/site-packages/airflow/example_dags/example_short_circuit_operator.py took 0.066 seconds
[2024-05-04T15:44:42.509+0000] {processor.py:161} INFO - Started process (PID=749) to work on /home/airflow/.local/lib/python3.12/site-packages/airflow/example_dags/example_short_circuit_operator.py
[2024-05-04T15:44:42.510+0000] {processor.py:830} INFO - Processing file /home/airflow/.local/lib/python3.12/site-packages/airflow/example_dags/example_short_circuit_operator.py for tasks to queue
[2024-05-04T15:44:42.511+0000] {logging_mixin.py:188} INFO - [2024-05-04T15:44:42.511+0000] {dagbag.py:540} INFO - Filling up the DagBag from /home/airflow/.local/lib/python3.12/site-packages/airflow/example_dags/example_short_circuit_operator.py
[2024-05-04T15:44:42.517+0000] {processor.py:840} INFO - DAG(s) 'example_short_circuit_operator' retrieved from /home/airflow/.local/lib/python3.12/site-packages/airflow/example_dags/example_short_circuit_operator.py
[2024-05-04T15:44:42.535+0000] {logging_mixin.py:188} INFO - [2024-05-04T15:44:42.535+0000] {dag.py:3096} INFO - Sync 1 DAGs
[2024-05-04T15:44:42.552+0000] {logging_mixin.py:188} INFO - [2024-05-04T15:44:42.552+0000] {dag.py:3954} INFO - Setting next_dagrun for example_short_circuit_operator to 2024-05-03 00:00:00+00:00, run_after=2024-05-04 00:00:00+00:00
[2024-05-04T15:44:42.567+0000] {processor.py:183} INFO - Processing /home/airflow/.local/lib/python3.12/site-packages/airflow/example_dags/example_short_circuit_operator.py took 0.063 seconds
[2024-05-04T15:45:12.929+0000] {processor.py:161} INFO - Started process (PID=809) to work on /home/airflow/.local/lib/python3.12/site-packages/airflow/example_dags/example_short_circuit_operator.py
[2024-05-04T15:45:12.930+0000] {processor.py:830} INFO - Processing file /home/airflow/.local/lib/python3.12/site-packages/airflow/example_dags/example_short_circuit_operator.py for tasks to queue
[2024-05-04T15:45:12.931+0000] {logging_mixin.py:188} INFO - [2024-05-04T15:45:12.931+0000] {dagbag.py:540} INFO - Filling up the DagBag from /home/airflow/.local/lib/python3.12/site-packages/airflow/example_dags/example_short_circuit_operator.py
[2024-05-04T15:45:12.937+0000] {processor.py:840} INFO - DAG(s) 'example_short_circuit_operator' retrieved from /home/airflow/.local/lib/python3.12/site-packages/airflow/example_dags/example_short_circuit_operator.py
[2024-05-04T15:45:12.954+0000] {logging_mixin.py:188} INFO - [2024-05-04T15:45:12.954+0000] {dag.py:3096} INFO - Sync 1 DAGs
[2024-05-04T15:45:12.970+0000] {logging_mixin.py:188} INFO - [2024-05-04T15:45:12.970+0000] {dag.py:3954} INFO - Setting next_dagrun for example_short_circuit_operator to 2024-05-03 00:00:00+00:00, run_after=2024-05-04 00:00:00+00:00
[2024-05-04T15:45:12.985+0000] {processor.py:183} INFO - Processing /home/airflow/.local/lib/python3.12/site-packages/airflow/example_dags/example_short_circuit_operator.py took 0.060 seconds
[2024-05-04T15:45:43.625+0000] {processor.py:161} INFO - Started process (PID=867) to work on /home/airflow/.local/lib/python3.12/site-packages/airflow/example_dags/example_short_circuit_operator.py
[2024-05-04T15:45:43.626+0000] {processor.py:830} INFO - Processing file /home/airflow/.local/lib/python3.12/site-packages/airflow/example_dags/example_short_circuit_operator.py for tasks to queue
[2024-05-04T15:45:43.628+0000] {logging_mixin.py:188} INFO - [2024-05-04T15:45:43.627+0000] {dagbag.py:540} INFO - Filling up the DagBag from /home/airflow/.local/lib/python3.12/site-packages/airflow/example_dags/example_short_circuit_operator.py
[2024-05-04T15:45:43.632+0000] {processor.py:840} INFO - DAG(s) 'example_short_circuit_operator' retrieved from /home/airflow/.local/lib/python3.12/site-packages/airflow/example_dags/example_short_circuit_operator.py
[2024-05-04T15:45:43.651+0000] {logging_mixin.py:188} INFO - [2024-05-04T15:45:43.651+0000] {dag.py:3096} INFO - Sync 1 DAGs
[2024-05-04T15:45:43.669+0000] {logging_mixin.py:188} INFO - [2024-05-04T15:45:43.669+0000] {dag.py:3954} INFO - Setting next_dagrun for example_short_circuit_operator to 2024-05-03 00:00:00+00:00, run_after=2024-05-04 00:00:00+00:00
[2024-05-04T15:45:43.686+0000] {processor.py:183} INFO - Processing /home/airflow/.local/lib/python3.12/site-packages/airflow/example_dags/example_short_circuit_operator.py took 0.066 seconds
