[2024-05-04T15:39:02.443+0000] {processor.py:161} INFO - Started process (PID=55) to work on /home/airflow/.local/lib/python3.12/site-packages/airflow/example_dags/example_bash_operator.py
[2024-05-04T15:39:02.443+0000] {processor.py:830} INFO - Processing file /home/airflow/.local/lib/python3.12/site-packages/airflow/example_dags/example_bash_operator.py for tasks to queue
[2024-05-04T15:39:02.445+0000] {logging_mixin.py:188} INFO - [2024-05-04T15:39:02.444+0000] {dagbag.py:540} INFO - Filling up the DagBag from /home/airflow/.local/lib/python3.12/site-packages/airflow/example_dags/example_bash_operator.py
[2024-05-04T15:39:02.453+0000] {processor.py:840} INFO - DAG(s) 'example_bash_operator' retrieved from /home/airflow/.local/lib/python3.12/site-packages/airflow/example_dags/example_bash_operator.py
[2024-05-04T15:39:02.540+0000] {logging_mixin.py:188} INFO - [2024-05-04T15:39:02.539+0000] {dag.py:3096} INFO - Sync 1 DAGs
[2024-05-04T15:39:02.555+0000] {logging_mixin.py:188} INFO - [2024-05-04T15:39:02.555+0000] {dag.py:3954} INFO - Setting next_dagrun for example_bash_operator to 2024-05-03 00:00:00+00:00, run_after=2024-05-04 00:00:00+00:00
[2024-05-04T15:39:02.573+0000] {processor.py:183} INFO - Processing /home/airflow/.local/lib/python3.12/site-packages/airflow/example_dags/example_bash_operator.py took 0.134 seconds
[2024-05-04T15:39:33.275+0000] {processor.py:161} INFO - Started process (PID=116) to work on /home/airflow/.local/lib/python3.12/site-packages/airflow/example_dags/example_bash_operator.py
[2024-05-04T15:39:33.276+0000] {processor.py:830} INFO - Processing file /home/airflow/.local/lib/python3.12/site-packages/airflow/example_dags/example_bash_operator.py for tasks to queue
[2024-05-04T15:39:33.278+0000] {logging_mixin.py:188} INFO - [2024-05-04T15:39:33.278+0000] {dagbag.py:540} INFO - Filling up the DagBag from /home/airflow/.local/lib/python3.12/site-packages/airflow/example_dags/example_bash_operator.py
[2024-05-04T15:39:33.286+0000] {processor.py:840} INFO - DAG(s) 'example_bash_operator' retrieved from /home/airflow/.local/lib/python3.12/site-packages/airflow/example_dags/example_bash_operator.py
[2024-05-04T15:39:33.308+0000] {logging_mixin.py:188} INFO - [2024-05-04T15:39:33.308+0000] {dag.py:3096} INFO - Sync 1 DAGs
[2024-05-04T15:39:33.325+0000] {logging_mixin.py:188} INFO - [2024-05-04T15:39:33.325+0000] {dag.py:3954} INFO - Setting next_dagrun for example_bash_operator to 2024-05-03 00:00:00+00:00, run_after=2024-05-04 00:00:00+00:00
[2024-05-04T15:39:33.339+0000] {processor.py:183} INFO - Processing /home/airflow/.local/lib/python3.12/site-packages/airflow/example_dags/example_bash_operator.py took 0.068 seconds
[2024-05-04T15:40:04.039+0000] {processor.py:161} INFO - Started process (PID=180) to work on /home/airflow/.local/lib/python3.12/site-packages/airflow/example_dags/example_bash_operator.py
[2024-05-04T15:40:04.040+0000] {processor.py:830} INFO - Processing file /home/airflow/.local/lib/python3.12/site-packages/airflow/example_dags/example_bash_operator.py for tasks to queue
[2024-05-04T15:40:04.041+0000] {logging_mixin.py:188} INFO - [2024-05-04T15:40:04.041+0000] {dagbag.py:540} INFO - Filling up the DagBag from /home/airflow/.local/lib/python3.12/site-packages/airflow/example_dags/example_bash_operator.py
[2024-05-04T15:40:04.050+0000] {processor.py:840} INFO - DAG(s) 'example_bash_operator' retrieved from /home/airflow/.local/lib/python3.12/site-packages/airflow/example_dags/example_bash_operator.py
[2024-05-04T15:40:04.072+0000] {logging_mixin.py:188} INFO - [2024-05-04T15:40:04.072+0000] {dag.py:3096} INFO - Sync 1 DAGs
[2024-05-04T15:40:04.092+0000] {logging_mixin.py:188} INFO - [2024-05-04T15:40:04.092+0000] {dag.py:3954} INFO - Setting next_dagrun for example_bash_operator to 2024-05-03 00:00:00+00:00, run_after=2024-05-04 00:00:00+00:00
[2024-05-04T15:40:04.109+0000] {processor.py:183} INFO - Processing /home/airflow/.local/lib/python3.12/site-packages/airflow/example_dags/example_bash_operator.py took 0.074 seconds
[2024-05-04T15:40:34.715+0000] {processor.py:161} INFO - Started process (PID=240) to work on /home/airflow/.local/lib/python3.12/site-packages/airflow/example_dags/example_bash_operator.py
[2024-05-04T15:40:34.716+0000] {processor.py:830} INFO - Processing file /home/airflow/.local/lib/python3.12/site-packages/airflow/example_dags/example_bash_operator.py for tasks to queue
[2024-05-04T15:40:34.718+0000] {logging_mixin.py:188} INFO - [2024-05-04T15:40:34.717+0000] {dagbag.py:540} INFO - Filling up the DagBag from /home/airflow/.local/lib/python3.12/site-packages/airflow/example_dags/example_bash_operator.py
[2024-05-04T15:40:34.727+0000] {processor.py:840} INFO - DAG(s) 'example_bash_operator' retrieved from /home/airflow/.local/lib/python3.12/site-packages/airflow/example_dags/example_bash_operator.py
[2024-05-04T15:40:34.752+0000] {logging_mixin.py:188} INFO - [2024-05-04T15:40:34.751+0000] {dag.py:3096} INFO - Sync 1 DAGs
[2024-05-04T15:40:34.769+0000] {logging_mixin.py:188} INFO - [2024-05-04T15:40:34.769+0000] {dag.py:3954} INFO - Setting next_dagrun for example_bash_operator to 2024-05-03 00:00:00+00:00, run_after=2024-05-04 00:00:00+00:00
[2024-05-04T15:40:34.783+0000] {processor.py:183} INFO - Processing /home/airflow/.local/lib/python3.12/site-packages/airflow/example_dags/example_bash_operator.py took 0.073 seconds
[2024-05-04T15:41:05.178+0000] {processor.py:161} INFO - Started process (PID=300) to work on /home/airflow/.local/lib/python3.12/site-packages/airflow/example_dags/example_bash_operator.py
[2024-05-04T15:41:05.179+0000] {processor.py:830} INFO - Processing file /home/airflow/.local/lib/python3.12/site-packages/airflow/example_dags/example_bash_operator.py for tasks to queue
[2024-05-04T15:41:05.180+0000] {logging_mixin.py:188} INFO - [2024-05-04T15:41:05.180+0000] {dagbag.py:540} INFO - Filling up the DagBag from /home/airflow/.local/lib/python3.12/site-packages/airflow/example_dags/example_bash_operator.py
[2024-05-04T15:41:05.189+0000] {processor.py:840} INFO - DAG(s) 'example_bash_operator' retrieved from /home/airflow/.local/lib/python3.12/site-packages/airflow/example_dags/example_bash_operator.py
[2024-05-04T15:41:05.212+0000] {logging_mixin.py:188} INFO - [2024-05-04T15:41:05.212+0000] {dag.py:3096} INFO - Sync 1 DAGs
[2024-05-04T15:41:05.230+0000] {logging_mixin.py:188} INFO - [2024-05-04T15:41:05.230+0000] {dag.py:3954} INFO - Setting next_dagrun for example_bash_operator to 2024-05-03 00:00:00+00:00, run_after=2024-05-04 00:00:00+00:00
[2024-05-04T15:41:05.247+0000] {processor.py:183} INFO - Processing /home/airflow/.local/lib/python3.12/site-packages/airflow/example_dags/example_bash_operator.py took 0.075 seconds
[2024-05-04T15:41:35.686+0000] {processor.py:161} INFO - Started process (PID=358) to work on /home/airflow/.local/lib/python3.12/site-packages/airflow/example_dags/example_bash_operator.py
[2024-05-04T15:41:35.687+0000] {processor.py:830} INFO - Processing file /home/airflow/.local/lib/python3.12/site-packages/airflow/example_dags/example_bash_operator.py for tasks to queue
[2024-05-04T15:41:35.688+0000] {logging_mixin.py:188} INFO - [2024-05-04T15:41:35.688+0000] {dagbag.py:540} INFO - Filling up the DagBag from /home/airflow/.local/lib/python3.12/site-packages/airflow/example_dags/example_bash_operator.py
[2024-05-04T15:41:35.697+0000] {processor.py:840} INFO - DAG(s) 'example_bash_operator' retrieved from /home/airflow/.local/lib/python3.12/site-packages/airflow/example_dags/example_bash_operator.py
[2024-05-04T15:41:35.717+0000] {logging_mixin.py:188} INFO - [2024-05-04T15:41:35.717+0000] {dag.py:3096} INFO - Sync 1 DAGs
[2024-05-04T15:41:35.736+0000] {logging_mixin.py:188} INFO - [2024-05-04T15:41:35.736+0000] {dag.py:3954} INFO - Setting next_dagrun for example_bash_operator to 2024-05-03 00:00:00+00:00, run_after=2024-05-04 00:00:00+00:00
[2024-05-04T15:41:35.753+0000] {processor.py:183} INFO - Processing /home/airflow/.local/lib/python3.12/site-packages/airflow/example_dags/example_bash_operator.py took 0.071 seconds
[2024-05-04T15:42:06.248+0000] {processor.py:161} INFO - Started process (PID=418) to work on /home/airflow/.local/lib/python3.12/site-packages/airflow/example_dags/example_bash_operator.py
[2024-05-04T15:42:06.249+0000] {processor.py:830} INFO - Processing file /home/airflow/.local/lib/python3.12/site-packages/airflow/example_dags/example_bash_operator.py for tasks to queue
[2024-05-04T15:42:06.251+0000] {logging_mixin.py:188} INFO - [2024-05-04T15:42:06.250+0000] {dagbag.py:540} INFO - Filling up the DagBag from /home/airflow/.local/lib/python3.12/site-packages/airflow/example_dags/example_bash_operator.py
[2024-05-04T15:42:06.260+0000] {processor.py:840} INFO - DAG(s) 'example_bash_operator' retrieved from /home/airflow/.local/lib/python3.12/site-packages/airflow/example_dags/example_bash_operator.py
[2024-05-04T15:42:06.282+0000] {logging_mixin.py:188} INFO - [2024-05-04T15:42:06.282+0000] {dag.py:3096} INFO - Sync 1 DAGs
[2024-05-04T15:42:06.300+0000] {logging_mixin.py:188} INFO - [2024-05-04T15:42:06.299+0000] {dag.py:3954} INFO - Setting next_dagrun for example_bash_operator to 2024-05-03 00:00:00+00:00, run_after=2024-05-04 00:00:00+00:00
[2024-05-04T15:42:06.317+0000] {processor.py:183} INFO - Processing /home/airflow/.local/lib/python3.12/site-packages/airflow/example_dags/example_bash_operator.py took 0.073 seconds
[2024-05-04T15:42:36.917+0000] {processor.py:161} INFO - Started process (PID=478) to work on /home/airflow/.local/lib/python3.12/site-packages/airflow/example_dags/example_bash_operator.py
[2024-05-04T15:42:36.918+0000] {processor.py:830} INFO - Processing file /home/airflow/.local/lib/python3.12/site-packages/airflow/example_dags/example_bash_operator.py for tasks to queue
[2024-05-04T15:42:36.919+0000] {logging_mixin.py:188} INFO - [2024-05-04T15:42:36.919+0000] {dagbag.py:540} INFO - Filling up the DagBag from /home/airflow/.local/lib/python3.12/site-packages/airflow/example_dags/example_bash_operator.py
[2024-05-04T15:42:36.928+0000] {processor.py:840} INFO - DAG(s) 'example_bash_operator' retrieved from /home/airflow/.local/lib/python3.12/site-packages/airflow/example_dags/example_bash_operator.py
[2024-05-04T15:42:36.950+0000] {logging_mixin.py:188} INFO - [2024-05-04T15:42:36.950+0000] {dag.py:3096} INFO - Sync 1 DAGs
[2024-05-04T15:42:36.973+0000] {logging_mixin.py:188} INFO - [2024-05-04T15:42:36.973+0000] {dag.py:3954} INFO - Setting next_dagrun for example_bash_operator to 2024-05-03 00:00:00+00:00, run_after=2024-05-04 00:00:00+00:00
[2024-05-04T15:42:36.992+0000] {processor.py:183} INFO - Processing /home/airflow/.local/lib/python3.12/site-packages/airflow/example_dags/example_bash_operator.py took 0.081 seconds
[2024-05-04T15:43:07.438+0000] {processor.py:161} INFO - Started process (PID=538) to work on /home/airflow/.local/lib/python3.12/site-packages/airflow/example_dags/example_bash_operator.py
[2024-05-04T15:43:07.438+0000] {processor.py:830} INFO - Processing file /home/airflow/.local/lib/python3.12/site-packages/airflow/example_dags/example_bash_operator.py for tasks to queue
[2024-05-04T15:43:07.440+0000] {logging_mixin.py:188} INFO - [2024-05-04T15:43:07.439+0000] {dagbag.py:540} INFO - Filling up the DagBag from /home/airflow/.local/lib/python3.12/site-packages/airflow/example_dags/example_bash_operator.py
[2024-05-04T15:43:07.448+0000] {processor.py:840} INFO - DAG(s) 'example_bash_operator' retrieved from /home/airflow/.local/lib/python3.12/site-packages/airflow/example_dags/example_bash_operator.py
[2024-05-04T15:43:07.469+0000] {logging_mixin.py:188} INFO - [2024-05-04T15:43:07.469+0000] {dag.py:3096} INFO - Sync 1 DAGs
[2024-05-04T15:43:07.489+0000] {logging_mixin.py:188} INFO - [2024-05-04T15:43:07.489+0000] {dag.py:3954} INFO - Setting next_dagrun for example_bash_operator to 2024-05-03 00:00:00+00:00, run_after=2024-05-04 00:00:00+00:00
[2024-05-04T15:43:07.505+0000] {processor.py:183} INFO - Processing /home/airflow/.local/lib/python3.12/site-packages/airflow/example_dags/example_bash_operator.py took 0.072 seconds
[2024-05-04T15:43:37.942+0000] {processor.py:161} INFO - Started process (PID=598) to work on /home/airflow/.local/lib/python3.12/site-packages/airflow/example_dags/example_bash_operator.py
[2024-05-04T15:43:37.943+0000] {processor.py:830} INFO - Processing file /home/airflow/.local/lib/python3.12/site-packages/airflow/example_dags/example_bash_operator.py for tasks to queue
[2024-05-04T15:43:37.945+0000] {logging_mixin.py:188} INFO - [2024-05-04T15:43:37.945+0000] {dagbag.py:540} INFO - Filling up the DagBag from /home/airflow/.local/lib/python3.12/site-packages/airflow/example_dags/example_bash_operator.py
[2024-05-04T15:43:37.954+0000] {processor.py:840} INFO - DAG(s) 'example_bash_operator' retrieved from /home/airflow/.local/lib/python3.12/site-packages/airflow/example_dags/example_bash_operator.py
[2024-05-04T15:43:37.978+0000] {logging_mixin.py:188} INFO - [2024-05-04T15:43:37.978+0000] {dag.py:3096} INFO - Sync 1 DAGs
[2024-05-04T15:43:37.996+0000] {logging_mixin.py:188} INFO - [2024-05-04T15:43:37.995+0000] {dag.py:3954} INFO - Setting next_dagrun for example_bash_operator to 2024-05-03 00:00:00+00:00, run_after=2024-05-04 00:00:00+00:00
[2024-05-04T15:43:38.012+0000] {processor.py:183} INFO - Processing /home/airflow/.local/lib/python3.12/site-packages/airflow/example_dags/example_bash_operator.py took 0.075 seconds
[2024-05-04T15:44:08.165+0000] {processor.py:161} INFO - Started process (PID=658) to work on /home/airflow/.local/lib/python3.12/site-packages/airflow/example_dags/example_bash_operator.py
[2024-05-04T15:44:08.166+0000] {processor.py:830} INFO - Processing file /home/airflow/.local/lib/python3.12/site-packages/airflow/example_dags/example_bash_operator.py for tasks to queue
[2024-05-04T15:44:08.168+0000] {logging_mixin.py:188} INFO - [2024-05-04T15:44:08.168+0000] {dagbag.py:540} INFO - Filling up the DagBag from /home/airflow/.local/lib/python3.12/site-packages/airflow/example_dags/example_bash_operator.py
[2024-05-04T15:44:08.176+0000] {processor.py:840} INFO - DAG(s) 'example_bash_operator' retrieved from /home/airflow/.local/lib/python3.12/site-packages/airflow/example_dags/example_bash_operator.py
[2024-05-04T15:44:08.200+0000] {logging_mixin.py:188} INFO - [2024-05-04T15:44:08.200+0000] {dag.py:3096} INFO - Sync 1 DAGs
[2024-05-04T15:44:08.220+0000] {logging_mixin.py:188} INFO - [2024-05-04T15:44:08.220+0000] {dag.py:3954} INFO - Setting next_dagrun for example_bash_operator to 2024-05-03 00:00:00+00:00, run_after=2024-05-04 00:00:00+00:00
[2024-05-04T15:44:08.236+0000] {processor.py:183} INFO - Processing /home/airflow/.local/lib/python3.12/site-packages/airflow/example_dags/example_bash_operator.py took 0.077 seconds
[2024-05-04T15:44:38.787+0000] {processor.py:161} INFO - Started process (PID=718) to work on /home/airflow/.local/lib/python3.12/site-packages/airflow/example_dags/example_bash_operator.py
[2024-05-04T15:44:38.789+0000] {processor.py:830} INFO - Processing file /home/airflow/.local/lib/python3.12/site-packages/airflow/example_dags/example_bash_operator.py for tasks to queue
[2024-05-04T15:44:38.791+0000] {logging_mixin.py:188} INFO - [2024-05-04T15:44:38.791+0000] {dagbag.py:540} INFO - Filling up the DagBag from /home/airflow/.local/lib/python3.12/site-packages/airflow/example_dags/example_bash_operator.py
[2024-05-04T15:44:38.805+0000] {processor.py:840} INFO - DAG(s) 'example_bash_operator' retrieved from /home/airflow/.local/lib/python3.12/site-packages/airflow/example_dags/example_bash_operator.py
[2024-05-04T15:44:38.835+0000] {logging_mixin.py:188} INFO - [2024-05-04T15:44:38.835+0000] {dag.py:3096} INFO - Sync 1 DAGs
[2024-05-04T15:44:38.856+0000] {logging_mixin.py:188} INFO - [2024-05-04T15:44:38.856+0000] {dag.py:3954} INFO - Setting next_dagrun for example_bash_operator to 2024-05-03 00:00:00+00:00, run_after=2024-05-04 00:00:00+00:00
[2024-05-04T15:44:38.873+0000] {processor.py:183} INFO - Processing /home/airflow/.local/lib/python3.12/site-packages/airflow/example_dags/example_bash_operator.py took 0.092 seconds
[2024-05-04T15:45:09.403+0000] {processor.py:161} INFO - Started process (PID=778) to work on /home/airflow/.local/lib/python3.12/site-packages/airflow/example_dags/example_bash_operator.py
[2024-05-04T15:45:09.404+0000] {processor.py:830} INFO - Processing file /home/airflow/.local/lib/python3.12/site-packages/airflow/example_dags/example_bash_operator.py for tasks to queue
[2024-05-04T15:45:09.405+0000] {logging_mixin.py:188} INFO - [2024-05-04T15:45:09.405+0000] {dagbag.py:540} INFO - Filling up the DagBag from /home/airflow/.local/lib/python3.12/site-packages/airflow/example_dags/example_bash_operator.py
[2024-05-04T15:45:09.414+0000] {processor.py:840} INFO - DAG(s) 'example_bash_operator' retrieved from /home/airflow/.local/lib/python3.12/site-packages/airflow/example_dags/example_bash_operator.py
[2024-05-04T15:45:09.438+0000] {logging_mixin.py:188} INFO - [2024-05-04T15:45:09.437+0000] {dag.py:3096} INFO - Sync 1 DAGs
[2024-05-04T15:45:09.458+0000] {logging_mixin.py:188} INFO - [2024-05-04T15:45:09.458+0000] {dag.py:3954} INFO - Setting next_dagrun for example_bash_operator to 2024-05-03 00:00:00+00:00, run_after=2024-05-04 00:00:00+00:00
[2024-05-04T15:45:09.473+0000] {processor.py:183} INFO - Processing /home/airflow/.local/lib/python3.12/site-packages/airflow/example_dags/example_bash_operator.py took 0.075 seconds
[2024-05-04T15:45:40.303+0000] {processor.py:161} INFO - Started process (PID=838) to work on /home/airflow/.local/lib/python3.12/site-packages/airflow/example_dags/example_bash_operator.py
[2024-05-04T15:45:40.304+0000] {processor.py:830} INFO - Processing file /home/airflow/.local/lib/python3.12/site-packages/airflow/example_dags/example_bash_operator.py for tasks to queue
[2024-05-04T15:45:40.305+0000] {logging_mixin.py:188} INFO - [2024-05-04T15:45:40.305+0000] {dagbag.py:540} INFO - Filling up the DagBag from /home/airflow/.local/lib/python3.12/site-packages/airflow/example_dags/example_bash_operator.py
[2024-05-04T15:45:40.314+0000] {processor.py:840} INFO - DAG(s) 'example_bash_operator' retrieved from /home/airflow/.local/lib/python3.12/site-packages/airflow/example_dags/example_bash_operator.py
[2024-05-04T15:45:40.335+0000] {logging_mixin.py:188} INFO - [2024-05-04T15:45:40.335+0000] {dag.py:3096} INFO - Sync 1 DAGs
[2024-05-04T15:45:40.356+0000] {logging_mixin.py:188} INFO - [2024-05-04T15:45:40.356+0000] {dag.py:3954} INFO - Setting next_dagrun for example_bash_operator to 2024-05-03 00:00:00+00:00, run_after=2024-05-04 00:00:00+00:00
[2024-05-04T15:45:40.371+0000] {processor.py:183} INFO - Processing /home/airflow/.local/lib/python3.12/site-packages/airflow/example_dags/example_bash_operator.py took 0.072 seconds
