[2024-05-04T15:39:04.322+0000] {processor.py:161} INFO - Started process (PID=80) to work on /home/airflow/.local/lib/python3.12/site-packages/airflow/example_dags/example_branch_python_dop_operator_3.py
[2024-05-04T15:39:04.323+0000] {processor.py:830} INFO - Processing file /home/airflow/.local/lib/python3.12/site-packages/airflow/example_dags/example_branch_python_dop_operator_3.py for tasks to queue
[2024-05-04T15:39:04.325+0000] {logging_mixin.py:188} INFO - [2024-05-04T15:39:04.324+0000] {dagbag.py:540} INFO - Filling up the DagBag from /home/airflow/.local/lib/python3.12/site-packages/airflow/example_dags/example_branch_python_dop_operator_3.py
[2024-05-04T15:39:04.331+0000] {processor.py:840} INFO - DAG(s) 'example_branch_dop_operator_v3' retrieved from /home/airflow/.local/lib/python3.12/site-packages/airflow/example_dags/example_branch_python_dop_operator_3.py
[2024-05-04T15:39:04.407+0000] {logging_mixin.py:188} INFO - [2024-05-04T15:39:04.407+0000] {dag.py:3096} INFO - Sync 1 DAGs
[2024-05-04T15:39:04.424+0000] {logging_mixin.py:188} INFO - [2024-05-04T15:39:04.424+0000] {dag.py:3954} INFO - Setting next_dagrun for example_branch_dop_operator_v3 to 2024-05-04 15:38:00+00:00, run_after=2024-05-04 15:39:00+00:00
[2024-05-04T15:39:04.441+0000] {processor.py:183} INFO - Processing /home/airflow/.local/lib/python3.12/site-packages/airflow/example_dags/example_branch_python_dop_operator_3.py took 0.123 seconds
[2024-05-04T15:39:35.339+0000] {processor.py:161} INFO - Started process (PID=141) to work on /home/airflow/.local/lib/python3.12/site-packages/airflow/example_dags/example_branch_python_dop_operator_3.py
[2024-05-04T15:39:35.340+0000] {processor.py:830} INFO - Processing file /home/airflow/.local/lib/python3.12/site-packages/airflow/example_dags/example_branch_python_dop_operator_3.py for tasks to queue
[2024-05-04T15:39:35.342+0000] {logging_mixin.py:188} INFO - [2024-05-04T15:39:35.341+0000] {dagbag.py:540} INFO - Filling up the DagBag from /home/airflow/.local/lib/python3.12/site-packages/airflow/example_dags/example_branch_python_dop_operator_3.py
[2024-05-04T15:39:35.349+0000] {processor.py:840} INFO - DAG(s) 'example_branch_dop_operator_v3' retrieved from /home/airflow/.local/lib/python3.12/site-packages/airflow/example_dags/example_branch_python_dop_operator_3.py
[2024-05-04T15:39:35.364+0000] {logging_mixin.py:188} INFO - [2024-05-04T15:39:35.364+0000] {dag.py:3096} INFO - Sync 1 DAGs
[2024-05-04T15:39:35.383+0000] {logging_mixin.py:188} INFO - [2024-05-04T15:39:35.383+0000] {dag.py:3954} INFO - Setting next_dagrun for example_branch_dop_operator_v3 to 2024-05-04 15:38:00+00:00, run_after=2024-05-04 15:39:00+00:00
[2024-05-04T15:39:35.398+0000] {processor.py:183} INFO - Processing /home/airflow/.local/lib/python3.12/site-packages/airflow/example_dags/example_branch_python_dop_operator_3.py took 0.065 seconds
[2024-05-04T15:40:06.148+0000] {processor.py:161} INFO - Started process (PID=205) to work on /home/airflow/.local/lib/python3.12/site-packages/airflow/example_dags/example_branch_python_dop_operator_3.py
[2024-05-04T15:40:06.149+0000] {processor.py:830} INFO - Processing file /home/airflow/.local/lib/python3.12/site-packages/airflow/example_dags/example_branch_python_dop_operator_3.py for tasks to queue
[2024-05-04T15:40:06.151+0000] {logging_mixin.py:188} INFO - [2024-05-04T15:40:06.150+0000] {dagbag.py:540} INFO - Filling up the DagBag from /home/airflow/.local/lib/python3.12/site-packages/airflow/example_dags/example_branch_python_dop_operator_3.py
[2024-05-04T15:40:06.158+0000] {processor.py:840} INFO - DAG(s) 'example_branch_dop_operator_v3' retrieved from /home/airflow/.local/lib/python3.12/site-packages/airflow/example_dags/example_branch_python_dop_operator_3.py
[2024-05-04T15:40:06.175+0000] {logging_mixin.py:188} INFO - [2024-05-04T15:40:06.175+0000] {dag.py:3096} INFO - Sync 1 DAGs
[2024-05-04T15:40:06.198+0000] {logging_mixin.py:188} INFO - [2024-05-04T15:40:06.197+0000] {dag.py:3954} INFO - Setting next_dagrun for example_branch_dop_operator_v3 to 2024-05-04 15:39:00+00:00, run_after=2024-05-04 15:40:00+00:00
[2024-05-04T15:40:06.216+0000] {processor.py:183} INFO - Processing /home/airflow/.local/lib/python3.12/site-packages/airflow/example_dags/example_branch_python_dop_operator_3.py took 0.073 seconds
[2024-05-04T15:40:36.698+0000] {processor.py:161} INFO - Started process (PID=265) to work on /home/airflow/.local/lib/python3.12/site-packages/airflow/example_dags/example_branch_python_dop_operator_3.py
[2024-05-04T15:40:36.699+0000] {processor.py:830} INFO - Processing file /home/airflow/.local/lib/python3.12/site-packages/airflow/example_dags/example_branch_python_dop_operator_3.py for tasks to queue
[2024-05-04T15:40:36.701+0000] {logging_mixin.py:188} INFO - [2024-05-04T15:40:36.701+0000] {dagbag.py:540} INFO - Filling up the DagBag from /home/airflow/.local/lib/python3.12/site-packages/airflow/example_dags/example_branch_python_dop_operator_3.py
[2024-05-04T15:40:36.707+0000] {processor.py:840} INFO - DAG(s) 'example_branch_dop_operator_v3' retrieved from /home/airflow/.local/lib/python3.12/site-packages/airflow/example_dags/example_branch_python_dop_operator_3.py
[2024-05-04T15:40:36.723+0000] {logging_mixin.py:188} INFO - [2024-05-04T15:40:36.723+0000] {dag.py:3096} INFO - Sync 1 DAGs
[2024-05-04T15:40:36.742+0000] {logging_mixin.py:188} INFO - [2024-05-04T15:40:36.741+0000] {dag.py:3954} INFO - Setting next_dagrun for example_branch_dop_operator_v3 to 2024-05-04 15:39:00+00:00, run_after=2024-05-04 15:40:00+00:00
[2024-05-04T15:40:36.756+0000] {processor.py:183} INFO - Processing /home/airflow/.local/lib/python3.12/site-packages/airflow/example_dags/example_branch_python_dop_operator_3.py took 0.062 seconds
[2024-05-04T15:41:07.408+0000] {processor.py:161} INFO - Started process (PID=325) to work on /home/airflow/.local/lib/python3.12/site-packages/airflow/example_dags/example_branch_python_dop_operator_3.py
[2024-05-04T15:41:07.409+0000] {processor.py:830} INFO - Processing file /home/airflow/.local/lib/python3.12/site-packages/airflow/example_dags/example_branch_python_dop_operator_3.py for tasks to queue
[2024-05-04T15:41:07.410+0000] {logging_mixin.py:188} INFO - [2024-05-04T15:41:07.410+0000] {dagbag.py:540} INFO - Filling up the DagBag from /home/airflow/.local/lib/python3.12/site-packages/airflow/example_dags/example_branch_python_dop_operator_3.py
[2024-05-04T15:41:07.416+0000] {processor.py:840} INFO - DAG(s) 'example_branch_dop_operator_v3' retrieved from /home/airflow/.local/lib/python3.12/site-packages/airflow/example_dags/example_branch_python_dop_operator_3.py
[2024-05-04T15:41:07.432+0000] {logging_mixin.py:188} INFO - [2024-05-04T15:41:07.432+0000] {dag.py:3096} INFO - Sync 1 DAGs
[2024-05-04T15:41:07.451+0000] {logging_mixin.py:188} INFO - [2024-05-04T15:41:07.450+0000] {dag.py:3954} INFO - Setting next_dagrun for example_branch_dop_operator_v3 to 2024-05-04 15:40:00+00:00, run_after=2024-05-04 15:41:00+00:00
[2024-05-04T15:41:07.467+0000] {processor.py:183} INFO - Processing /home/airflow/.local/lib/python3.12/site-packages/airflow/example_dags/example_branch_python_dop_operator_3.py took 0.063 seconds
[2024-05-04T15:41:38.019+0000] {processor.py:161} INFO - Started process (PID=385) to work on /home/airflow/.local/lib/python3.12/site-packages/airflow/example_dags/example_branch_python_dop_operator_3.py
[2024-05-04T15:41:38.020+0000] {processor.py:830} INFO - Processing file /home/airflow/.local/lib/python3.12/site-packages/airflow/example_dags/example_branch_python_dop_operator_3.py for tasks to queue
[2024-05-04T15:41:38.021+0000] {logging_mixin.py:188} INFO - [2024-05-04T15:41:38.021+0000] {dagbag.py:540} INFO - Filling up the DagBag from /home/airflow/.local/lib/python3.12/site-packages/airflow/example_dags/example_branch_python_dop_operator_3.py
[2024-05-04T15:41:38.028+0000] {processor.py:840} INFO - DAG(s) 'example_branch_dop_operator_v3' retrieved from /home/airflow/.local/lib/python3.12/site-packages/airflow/example_dags/example_branch_python_dop_operator_3.py
[2024-05-04T15:41:38.044+0000] {logging_mixin.py:188} INFO - [2024-05-04T15:41:38.044+0000] {dag.py:3096} INFO - Sync 1 DAGs
[2024-05-04T15:41:38.064+0000] {logging_mixin.py:188} INFO - [2024-05-04T15:41:38.064+0000] {dag.py:3954} INFO - Setting next_dagrun for example_branch_dop_operator_v3 to 2024-05-04 15:40:00+00:00, run_after=2024-05-04 15:41:00+00:00
[2024-05-04T15:41:38.080+0000] {processor.py:183} INFO - Processing /home/airflow/.local/lib/python3.12/site-packages/airflow/example_dags/example_branch_python_dop_operator_3.py took 0.065 seconds
[2024-05-04T15:42:08.647+0000] {processor.py:161} INFO - Started process (PID=445) to work on /home/airflow/.local/lib/python3.12/site-packages/airflow/example_dags/example_branch_python_dop_operator_3.py
[2024-05-04T15:42:08.647+0000] {processor.py:830} INFO - Processing file /home/airflow/.local/lib/python3.12/site-packages/airflow/example_dags/example_branch_python_dop_operator_3.py for tasks to queue
[2024-05-04T15:42:08.649+0000] {logging_mixin.py:188} INFO - [2024-05-04T15:42:08.648+0000] {dagbag.py:540} INFO - Filling up the DagBag from /home/airflow/.local/lib/python3.12/site-packages/airflow/example_dags/example_branch_python_dop_operator_3.py
[2024-05-04T15:42:08.655+0000] {processor.py:840} INFO - DAG(s) 'example_branch_dop_operator_v3' retrieved from /home/airflow/.local/lib/python3.12/site-packages/airflow/example_dags/example_branch_python_dop_operator_3.py
[2024-05-04T15:42:08.670+0000] {logging_mixin.py:188} INFO - [2024-05-04T15:42:08.670+0000] {dag.py:3096} INFO - Sync 1 DAGs
[2024-05-04T15:42:08.689+0000] {logging_mixin.py:188} INFO - [2024-05-04T15:42:08.689+0000] {dag.py:3954} INFO - Setting next_dagrun for example_branch_dop_operator_v3 to 2024-05-04 15:41:00+00:00, run_after=2024-05-04 15:42:00+00:00
[2024-05-04T15:42:08.705+0000] {processor.py:183} INFO - Processing /home/airflow/.local/lib/python3.12/site-packages/airflow/example_dags/example_branch_python_dop_operator_3.py took 0.062 seconds
[2024-05-04T15:42:39.193+0000] {processor.py:161} INFO - Started process (PID=505) to work on /home/airflow/.local/lib/python3.12/site-packages/airflow/example_dags/example_branch_python_dop_operator_3.py
[2024-05-04T15:42:39.195+0000] {processor.py:830} INFO - Processing file /home/airflow/.local/lib/python3.12/site-packages/airflow/example_dags/example_branch_python_dop_operator_3.py for tasks to queue
[2024-05-04T15:42:39.197+0000] {logging_mixin.py:188} INFO - [2024-05-04T15:42:39.197+0000] {dagbag.py:540} INFO - Filling up the DagBag from /home/airflow/.local/lib/python3.12/site-packages/airflow/example_dags/example_branch_python_dop_operator_3.py
[2024-05-04T15:42:39.205+0000] {processor.py:840} INFO - DAG(s) 'example_branch_dop_operator_v3' retrieved from /home/airflow/.local/lib/python3.12/site-packages/airflow/example_dags/example_branch_python_dop_operator_3.py
[2024-05-04T15:42:39.222+0000] {logging_mixin.py:188} INFO - [2024-05-04T15:42:39.222+0000] {dag.py:3096} INFO - Sync 1 DAGs
[2024-05-04T15:42:39.246+0000] {logging_mixin.py:188} INFO - [2024-05-04T15:42:39.246+0000] {dag.py:3954} INFO - Setting next_dagrun for example_branch_dop_operator_v3 to 2024-05-04 15:41:00+00:00, run_after=2024-05-04 15:42:00+00:00
[2024-05-04T15:42:39.263+0000] {processor.py:183} INFO - Processing /home/airflow/.local/lib/python3.12/site-packages/airflow/example_dags/example_branch_python_dop_operator_3.py took 0.075 seconds
[2024-05-04T15:43:09.548+0000] {processor.py:161} INFO - Started process (PID=565) to work on /home/airflow/.local/lib/python3.12/site-packages/airflow/example_dags/example_branch_python_dop_operator_3.py
[2024-05-04T15:43:09.549+0000] {processor.py:830} INFO - Processing file /home/airflow/.local/lib/python3.12/site-packages/airflow/example_dags/example_branch_python_dop_operator_3.py for tasks to queue
[2024-05-04T15:43:09.550+0000] {logging_mixin.py:188} INFO - [2024-05-04T15:43:09.550+0000] {dagbag.py:540} INFO - Filling up the DagBag from /home/airflow/.local/lib/python3.12/site-packages/airflow/example_dags/example_branch_python_dop_operator_3.py
[2024-05-04T15:43:09.558+0000] {processor.py:840} INFO - DAG(s) 'example_branch_dop_operator_v3' retrieved from /home/airflow/.local/lib/python3.12/site-packages/airflow/example_dags/example_branch_python_dop_operator_3.py
[2024-05-04T15:43:09.573+0000] {logging_mixin.py:188} INFO - [2024-05-04T15:43:09.573+0000] {dag.py:3096} INFO - Sync 1 DAGs
[2024-05-04T15:43:09.593+0000] {logging_mixin.py:188} INFO - [2024-05-04T15:43:09.593+0000] {dag.py:3954} INFO - Setting next_dagrun for example_branch_dop_operator_v3 to 2024-05-04 15:42:00+00:00, run_after=2024-05-04 15:43:00+00:00
[2024-05-04T15:43:09.608+0000] {processor.py:183} INFO - Processing /home/airflow/.local/lib/python3.12/site-packages/airflow/example_dags/example_branch_python_dop_operator_3.py took 0.065 seconds
[2024-05-04T15:43:40.264+0000] {processor.py:161} INFO - Started process (PID=625) to work on /home/airflow/.local/lib/python3.12/site-packages/airflow/example_dags/example_branch_python_dop_operator_3.py
[2024-05-04T15:43:40.265+0000] {processor.py:830} INFO - Processing file /home/airflow/.local/lib/python3.12/site-packages/airflow/example_dags/example_branch_python_dop_operator_3.py for tasks to queue
[2024-05-04T15:43:40.266+0000] {logging_mixin.py:188} INFO - [2024-05-04T15:43:40.266+0000] {dagbag.py:540} INFO - Filling up the DagBag from /home/airflow/.local/lib/python3.12/site-packages/airflow/example_dags/example_branch_python_dop_operator_3.py
[2024-05-04T15:43:40.273+0000] {processor.py:840} INFO - DAG(s) 'example_branch_dop_operator_v3' retrieved from /home/airflow/.local/lib/python3.12/site-packages/airflow/example_dags/example_branch_python_dop_operator_3.py
[2024-05-04T15:43:40.289+0000] {logging_mixin.py:188} INFO - [2024-05-04T15:43:40.289+0000] {dag.py:3096} INFO - Sync 1 DAGs
[2024-05-04T15:43:40.309+0000] {logging_mixin.py:188} INFO - [2024-05-04T15:43:40.308+0000] {dag.py:3954} INFO - Setting next_dagrun for example_branch_dop_operator_v3 to 2024-05-04 15:42:00+00:00, run_after=2024-05-04 15:43:00+00:00
[2024-05-04T15:43:40.325+0000] {processor.py:183} INFO - Processing /home/airflow/.local/lib/python3.12/site-packages/airflow/example_dags/example_branch_python_dop_operator_3.py took 0.066 seconds
[2024-05-04T15:44:11.324+0000] {processor.py:161} INFO - Started process (PID=685) to work on /home/airflow/.local/lib/python3.12/site-packages/airflow/example_dags/example_branch_python_dop_operator_3.py
[2024-05-04T15:44:11.325+0000] {processor.py:830} INFO - Processing file /home/airflow/.local/lib/python3.12/site-packages/airflow/example_dags/example_branch_python_dop_operator_3.py for tasks to queue
[2024-05-04T15:44:11.326+0000] {logging_mixin.py:188} INFO - [2024-05-04T15:44:11.326+0000] {dagbag.py:540} INFO - Filling up the DagBag from /home/airflow/.local/lib/python3.12/site-packages/airflow/example_dags/example_branch_python_dop_operator_3.py
[2024-05-04T15:44:11.333+0000] {processor.py:840} INFO - DAG(s) 'example_branch_dop_operator_v3' retrieved from /home/airflow/.local/lib/python3.12/site-packages/airflow/example_dags/example_branch_python_dop_operator_3.py
[2024-05-04T15:44:11.348+0000] {logging_mixin.py:188} INFO - [2024-05-04T15:44:11.348+0000] {dag.py:3096} INFO - Sync 1 DAGs
[2024-05-04T15:44:11.366+0000] {logging_mixin.py:188} INFO - [2024-05-04T15:44:11.366+0000] {dag.py:3954} INFO - Setting next_dagrun for example_branch_dop_operator_v3 to 2024-05-04 15:43:00+00:00, run_after=2024-05-04 15:44:00+00:00
[2024-05-04T15:44:11.380+0000] {processor.py:183} INFO - Processing /home/airflow/.local/lib/python3.12/site-packages/airflow/example_dags/example_branch_python_dop_operator_3.py took 0.060 seconds
[2024-05-04T15:44:42.045+0000] {processor.py:161} INFO - Started process (PID=745) to work on /home/airflow/.local/lib/python3.12/site-packages/airflow/example_dags/example_branch_python_dop_operator_3.py
[2024-05-04T15:44:42.046+0000] {processor.py:830} INFO - Processing file /home/airflow/.local/lib/python3.12/site-packages/airflow/example_dags/example_branch_python_dop_operator_3.py for tasks to queue
[2024-05-04T15:44:42.047+0000] {logging_mixin.py:188} INFO - [2024-05-04T15:44:42.047+0000] {dagbag.py:540} INFO - Filling up the DagBag from /home/airflow/.local/lib/python3.12/site-packages/airflow/example_dags/example_branch_python_dop_operator_3.py
[2024-05-04T15:44:42.056+0000] {processor.py:840} INFO - DAG(s) 'example_branch_dop_operator_v3' retrieved from /home/airflow/.local/lib/python3.12/site-packages/airflow/example_dags/example_branch_python_dop_operator_3.py
[2024-05-04T15:44:42.073+0000] {logging_mixin.py:188} INFO - [2024-05-04T15:44:42.072+0000] {dag.py:3096} INFO - Sync 1 DAGs
[2024-05-04T15:44:42.095+0000] {logging_mixin.py:188} INFO - [2024-05-04T15:44:42.095+0000] {dag.py:3954} INFO - Setting next_dagrun for example_branch_dop_operator_v3 to 2024-05-04 15:43:00+00:00, run_after=2024-05-04 15:44:00+00:00
[2024-05-04T15:44:42.113+0000] {processor.py:183} INFO - Processing /home/airflow/.local/lib/python3.12/site-packages/airflow/example_dags/example_branch_python_dop_operator_3.py took 0.073 seconds
[2024-05-04T15:45:12.417+0000] {processor.py:161} INFO - Started process (PID=803) to work on /home/airflow/.local/lib/python3.12/site-packages/airflow/example_dags/example_branch_python_dop_operator_3.py
[2024-05-04T15:45:12.418+0000] {processor.py:830} INFO - Processing file /home/airflow/.local/lib/python3.12/site-packages/airflow/example_dags/example_branch_python_dop_operator_3.py for tasks to queue
[2024-05-04T15:45:12.420+0000] {logging_mixin.py:188} INFO - [2024-05-04T15:45:12.419+0000] {dagbag.py:540} INFO - Filling up the DagBag from /home/airflow/.local/lib/python3.12/site-packages/airflow/example_dags/example_branch_python_dop_operator_3.py
[2024-05-04T15:45:12.426+0000] {processor.py:840} INFO - DAG(s) 'example_branch_dop_operator_v3' retrieved from /home/airflow/.local/lib/python3.12/site-packages/airflow/example_dags/example_branch_python_dop_operator_3.py
[2024-05-04T15:45:12.441+0000] {logging_mixin.py:188} INFO - [2024-05-04T15:45:12.441+0000] {dag.py:3096} INFO - Sync 1 DAGs
[2024-05-04T15:45:12.460+0000] {logging_mixin.py:188} INFO - [2024-05-04T15:45:12.460+0000] {dag.py:3954} INFO - Setting next_dagrun for example_branch_dop_operator_v3 to 2024-05-04 15:44:00+00:00, run_after=2024-05-04 15:45:00+00:00
[2024-05-04T15:45:12.475+0000] {processor.py:183} INFO - Processing /home/airflow/.local/lib/python3.12/site-packages/airflow/example_dags/example_branch_python_dop_operator_3.py took 0.063 seconds
[2024-05-04T15:45:43.390+0000] {processor.py:161} INFO - Started process (PID=863) to work on /home/airflow/.local/lib/python3.12/site-packages/airflow/example_dags/example_branch_python_dop_operator_3.py
[2024-05-04T15:45:43.391+0000] {processor.py:830} INFO - Processing file /home/airflow/.local/lib/python3.12/site-packages/airflow/example_dags/example_branch_python_dop_operator_3.py for tasks to queue
[2024-05-04T15:45:43.392+0000] {logging_mixin.py:188} INFO - [2024-05-04T15:45:43.392+0000] {dagbag.py:540} INFO - Filling up the DagBag from /home/airflow/.local/lib/python3.12/site-packages/airflow/example_dags/example_branch_python_dop_operator_3.py
[2024-05-04T15:45:43.399+0000] {processor.py:840} INFO - DAG(s) 'example_branch_dop_operator_v3' retrieved from /home/airflow/.local/lib/python3.12/site-packages/airflow/example_dags/example_branch_python_dop_operator_3.py
[2024-05-04T15:45:43.415+0000] {logging_mixin.py:188} INFO - [2024-05-04T15:45:43.415+0000] {dag.py:3096} INFO - Sync 1 DAGs
[2024-05-04T15:45:43.437+0000] {logging_mixin.py:188} INFO - [2024-05-04T15:45:43.436+0000] {dag.py:3954} INFO - Setting next_dagrun for example_branch_dop_operator_v3 to 2024-05-04 15:44:00+00:00, run_after=2024-05-04 15:45:00+00:00
[2024-05-04T15:45:43.457+0000] {processor.py:183} INFO - Processing /home/airflow/.local/lib/python3.12/site-packages/airflow/example_dags/example_branch_python_dop_operator_3.py took 0.071 seconds
