[2024-05-04T15:39:04.534+0000] {processor.py:161} INFO - Started process (PID=83) to work on /home/airflow/.local/lib/python3.12/site-packages/airflow/example_dags/example_latest_only_with_trigger.py
[2024-05-04T15:39:04.535+0000] {processor.py:830} INFO - Processing file /home/airflow/.local/lib/python3.12/site-packages/airflow/example_dags/example_latest_only_with_trigger.py for tasks to queue
[2024-05-04T15:39:04.536+0000] {logging_mixin.py:188} INFO - [2024-05-04T15:39:04.536+0000] {dagbag.py:540} INFO - Filling up the DagBag from /home/airflow/.local/lib/python3.12/site-packages/airflow/example_dags/example_latest_only_with_trigger.py
[2024-05-04T15:39:04.540+0000] {processor.py:840} INFO - DAG(s) 'latest_only_with_trigger' retrieved from /home/airflow/.local/lib/python3.12/site-packages/airflow/example_dags/example_latest_only_with_trigger.py
[2024-05-04T15:39:04.617+0000] {logging_mixin.py:188} INFO - [2024-05-04T15:39:04.617+0000] {dag.py:3096} INFO - Sync 1 DAGs
[2024-05-04T15:39:04.635+0000] {logging_mixin.py:188} INFO - [2024-05-04T15:39:04.635+0000] {dag.py:3954} INFO - Setting next_dagrun for latest_only_with_trigger to 2024-05-04 08:00:00+00:00, run_after=2024-05-04 12:00:00+00:00
[2024-05-04T15:39:04.653+0000] {processor.py:183} INFO - Processing /home/airflow/.local/lib/python3.12/site-packages/airflow/example_dags/example_latest_only_with_trigger.py took 0.123 seconds
[2024-05-04T15:39:35.491+0000] {processor.py:161} INFO - Started process (PID=144) to work on /home/airflow/.local/lib/python3.12/site-packages/airflow/example_dags/example_latest_only_with_trigger.py
[2024-05-04T15:39:35.492+0000] {processor.py:830} INFO - Processing file /home/airflow/.local/lib/python3.12/site-packages/airflow/example_dags/example_latest_only_with_trigger.py for tasks to queue
[2024-05-04T15:39:35.493+0000] {logging_mixin.py:188} INFO - [2024-05-04T15:39:35.493+0000] {dagbag.py:540} INFO - Filling up the DagBag from /home/airflow/.local/lib/python3.12/site-packages/airflow/example_dags/example_latest_only_with_trigger.py
[2024-05-04T15:39:35.497+0000] {processor.py:840} INFO - DAG(s) 'latest_only_with_trigger' retrieved from /home/airflow/.local/lib/python3.12/site-packages/airflow/example_dags/example_latest_only_with_trigger.py
[2024-05-04T15:39:35.514+0000] {logging_mixin.py:188} INFO - [2024-05-04T15:39:35.514+0000] {dag.py:3096} INFO - Sync 1 DAGs
[2024-05-04T15:39:35.533+0000] {logging_mixin.py:188} INFO - [2024-05-04T15:39:35.533+0000] {dag.py:3954} INFO - Setting next_dagrun for latest_only_with_trigger to 2024-05-04 08:00:00+00:00, run_after=2024-05-04 12:00:00+00:00
[2024-05-04T15:39:35.549+0000] {processor.py:183} INFO - Processing /home/airflow/.local/lib/python3.12/site-packages/airflow/example_dags/example_latest_only_with_trigger.py took 0.064 seconds
[2024-05-04T15:40:06.326+0000] {processor.py:161} INFO - Started process (PID=208) to work on /home/airflow/.local/lib/python3.12/site-packages/airflow/example_dags/example_latest_only_with_trigger.py
[2024-05-04T15:40:06.327+0000] {processor.py:830} INFO - Processing file /home/airflow/.local/lib/python3.12/site-packages/airflow/example_dags/example_latest_only_with_trigger.py for tasks to queue
[2024-05-04T15:40:06.329+0000] {logging_mixin.py:188} INFO - [2024-05-04T15:40:06.328+0000] {dagbag.py:540} INFO - Filling up the DagBag from /home/airflow/.local/lib/python3.12/site-packages/airflow/example_dags/example_latest_only_with_trigger.py
[2024-05-04T15:40:06.334+0000] {processor.py:840} INFO - DAG(s) 'latest_only_with_trigger' retrieved from /home/airflow/.local/lib/python3.12/site-packages/airflow/example_dags/example_latest_only_with_trigger.py
[2024-05-04T15:40:06.357+0000] {logging_mixin.py:188} INFO - [2024-05-04T15:40:06.357+0000] {dag.py:3096} INFO - Sync 1 DAGs
[2024-05-04T15:40:06.378+0000] {logging_mixin.py:188} INFO - [2024-05-04T15:40:06.377+0000] {dag.py:3954} INFO - Setting next_dagrun for latest_only_with_trigger to 2024-05-04 08:00:00+00:00, run_after=2024-05-04 12:00:00+00:00
[2024-05-04T15:40:06.400+0000] {processor.py:183} INFO - Processing /home/airflow/.local/lib/python3.12/site-packages/airflow/example_dags/example_latest_only_with_trigger.py took 0.079 seconds
[2024-05-04T15:40:36.855+0000] {processor.py:161} INFO - Started process (PID=268) to work on /home/airflow/.local/lib/python3.12/site-packages/airflow/example_dags/example_latest_only_with_trigger.py
[2024-05-04T15:40:36.856+0000] {processor.py:830} INFO - Processing file /home/airflow/.local/lib/python3.12/site-packages/airflow/example_dags/example_latest_only_with_trigger.py for tasks to queue
[2024-05-04T15:40:36.857+0000] {logging_mixin.py:188} INFO - [2024-05-04T15:40:36.857+0000] {dagbag.py:540} INFO - Filling up the DagBag from /home/airflow/.local/lib/python3.12/site-packages/airflow/example_dags/example_latest_only_with_trigger.py
[2024-05-04T15:40:36.862+0000] {processor.py:840} INFO - DAG(s) 'latest_only_with_trigger' retrieved from /home/airflow/.local/lib/python3.12/site-packages/airflow/example_dags/example_latest_only_with_trigger.py
[2024-05-04T15:40:36.877+0000] {logging_mixin.py:188} INFO - [2024-05-04T15:40:36.877+0000] {dag.py:3096} INFO - Sync 1 DAGs
[2024-05-04T15:40:36.897+0000] {logging_mixin.py:188} INFO - [2024-05-04T15:40:36.897+0000] {dag.py:3954} INFO - Setting next_dagrun for latest_only_with_trigger to 2024-05-04 08:00:00+00:00, run_after=2024-05-04 12:00:00+00:00
[2024-05-04T15:40:36.914+0000] {processor.py:183} INFO - Processing /home/airflow/.local/lib/python3.12/site-packages/airflow/example_dags/example_latest_only_with_trigger.py took 0.064 seconds
[2024-05-04T15:41:07.555+0000] {processor.py:161} INFO - Started process (PID=328) to work on /home/airflow/.local/lib/python3.12/site-packages/airflow/example_dags/example_latest_only_with_trigger.py
[2024-05-04T15:41:07.556+0000] {processor.py:830} INFO - Processing file /home/airflow/.local/lib/python3.12/site-packages/airflow/example_dags/example_latest_only_with_trigger.py for tasks to queue
[2024-05-04T15:41:07.557+0000] {logging_mixin.py:188} INFO - [2024-05-04T15:41:07.557+0000] {dagbag.py:540} INFO - Filling up the DagBag from /home/airflow/.local/lib/python3.12/site-packages/airflow/example_dags/example_latest_only_with_trigger.py
[2024-05-04T15:41:07.561+0000] {processor.py:840} INFO - DAG(s) 'latest_only_with_trigger' retrieved from /home/airflow/.local/lib/python3.12/site-packages/airflow/example_dags/example_latest_only_with_trigger.py
[2024-05-04T15:41:07.577+0000] {logging_mixin.py:188} INFO - [2024-05-04T15:41:07.577+0000] {dag.py:3096} INFO - Sync 1 DAGs
[2024-05-04T15:41:07.595+0000] {logging_mixin.py:188} INFO - [2024-05-04T15:41:07.595+0000] {dag.py:3954} INFO - Setting next_dagrun for latest_only_with_trigger to 2024-05-04 08:00:00+00:00, run_after=2024-05-04 12:00:00+00:00
[2024-05-04T15:41:07.611+0000] {processor.py:183} INFO - Processing /home/airflow/.local/lib/python3.12/site-packages/airflow/example_dags/example_latest_only_with_trigger.py took 0.061 seconds
[2024-05-04T15:41:38.172+0000] {processor.py:161} INFO - Started process (PID=388) to work on /home/airflow/.local/lib/python3.12/site-packages/airflow/example_dags/example_latest_only_with_trigger.py
[2024-05-04T15:41:38.173+0000] {processor.py:830} INFO - Processing file /home/airflow/.local/lib/python3.12/site-packages/airflow/example_dags/example_latest_only_with_trigger.py for tasks to queue
[2024-05-04T15:41:38.174+0000] {logging_mixin.py:188} INFO - [2024-05-04T15:41:38.174+0000] {dagbag.py:540} INFO - Filling up the DagBag from /home/airflow/.local/lib/python3.12/site-packages/airflow/example_dags/example_latest_only_with_trigger.py
[2024-05-04T15:41:38.178+0000] {processor.py:840} INFO - DAG(s) 'latest_only_with_trigger' retrieved from /home/airflow/.local/lib/python3.12/site-packages/airflow/example_dags/example_latest_only_with_trigger.py
[2024-05-04T15:41:38.194+0000] {logging_mixin.py:188} INFO - [2024-05-04T15:41:38.194+0000] {dag.py:3096} INFO - Sync 1 DAGs
[2024-05-04T15:41:38.212+0000] {logging_mixin.py:188} INFO - [2024-05-04T15:41:38.211+0000] {dag.py:3954} INFO - Setting next_dagrun for latest_only_with_trigger to 2024-05-04 08:00:00+00:00, run_after=2024-05-04 12:00:00+00:00
[2024-05-04T15:41:38.227+0000] {processor.py:183} INFO - Processing /home/airflow/.local/lib/python3.12/site-packages/airflow/example_dags/example_latest_only_with_trigger.py took 0.060 seconds
[2024-05-04T15:42:08.790+0000] {processor.py:161} INFO - Started process (PID=448) to work on /home/airflow/.local/lib/python3.12/site-packages/airflow/example_dags/example_latest_only_with_trigger.py
[2024-05-04T15:42:08.791+0000] {processor.py:830} INFO - Processing file /home/airflow/.local/lib/python3.12/site-packages/airflow/example_dags/example_latest_only_with_trigger.py for tasks to queue
[2024-05-04T15:42:08.793+0000] {logging_mixin.py:188} INFO - [2024-05-04T15:42:08.792+0000] {dagbag.py:540} INFO - Filling up the DagBag from /home/airflow/.local/lib/python3.12/site-packages/airflow/example_dags/example_latest_only_with_trigger.py
[2024-05-04T15:42:08.797+0000] {processor.py:840} INFO - DAG(s) 'latest_only_with_trigger' retrieved from /home/airflow/.local/lib/python3.12/site-packages/airflow/example_dags/example_latest_only_with_trigger.py
[2024-05-04T15:42:08.812+0000] {logging_mixin.py:188} INFO - [2024-05-04T15:42:08.812+0000] {dag.py:3096} INFO - Sync 1 DAGs
[2024-05-04T15:42:08.828+0000] {logging_mixin.py:188} INFO - [2024-05-04T15:42:08.828+0000] {dag.py:3954} INFO - Setting next_dagrun for latest_only_with_trigger to 2024-05-04 08:00:00+00:00, run_after=2024-05-04 12:00:00+00:00
[2024-05-04T15:42:08.843+0000] {processor.py:183} INFO - Processing /home/airflow/.local/lib/python3.12/site-packages/airflow/example_dags/example_latest_only_with_trigger.py took 0.057 seconds
[2024-05-04T15:42:39.355+0000] {processor.py:161} INFO - Started process (PID=508) to work on /home/airflow/.local/lib/python3.12/site-packages/airflow/example_dags/example_latest_only_with_trigger.py
[2024-05-04T15:42:39.356+0000] {processor.py:830} INFO - Processing file /home/airflow/.local/lib/python3.12/site-packages/airflow/example_dags/example_latest_only_with_trigger.py for tasks to queue
[2024-05-04T15:42:39.357+0000] {logging_mixin.py:188} INFO - [2024-05-04T15:42:39.357+0000] {dagbag.py:540} INFO - Filling up the DagBag from /home/airflow/.local/lib/python3.12/site-packages/airflow/example_dags/example_latest_only_with_trigger.py
[2024-05-04T15:42:39.361+0000] {processor.py:840} INFO - DAG(s) 'latest_only_with_trigger' retrieved from /home/airflow/.local/lib/python3.12/site-packages/airflow/example_dags/example_latest_only_with_trigger.py
[2024-05-04T15:42:39.379+0000] {logging_mixin.py:188} INFO - [2024-05-04T15:42:39.379+0000] {dag.py:3096} INFO - Sync 1 DAGs
[2024-05-04T15:42:39.397+0000] {logging_mixin.py:188} INFO - [2024-05-04T15:42:39.397+0000] {dag.py:3954} INFO - Setting next_dagrun for latest_only_with_trigger to 2024-05-04 08:00:00+00:00, run_after=2024-05-04 12:00:00+00:00
[2024-05-04T15:42:39.416+0000] {processor.py:183} INFO - Processing /home/airflow/.local/lib/python3.12/site-packages/airflow/example_dags/example_latest_only_with_trigger.py took 0.066 seconds
[2024-05-04T15:43:09.705+0000] {processor.py:161} INFO - Started process (PID=568) to work on /home/airflow/.local/lib/python3.12/site-packages/airflow/example_dags/example_latest_only_with_trigger.py
[2024-05-04T15:43:09.706+0000] {processor.py:830} INFO - Processing file /home/airflow/.local/lib/python3.12/site-packages/airflow/example_dags/example_latest_only_with_trigger.py for tasks to queue
[2024-05-04T15:43:09.708+0000] {logging_mixin.py:188} INFO - [2024-05-04T15:43:09.707+0000] {dagbag.py:540} INFO - Filling up the DagBag from /home/airflow/.local/lib/python3.12/site-packages/airflow/example_dags/example_latest_only_with_trigger.py
[2024-05-04T15:43:09.712+0000] {processor.py:840} INFO - DAG(s) 'latest_only_with_trigger' retrieved from /home/airflow/.local/lib/python3.12/site-packages/airflow/example_dags/example_latest_only_with_trigger.py
[2024-05-04T15:43:09.731+0000] {logging_mixin.py:188} INFO - [2024-05-04T15:43:09.730+0000] {dag.py:3096} INFO - Sync 1 DAGs
[2024-05-04T15:43:09.746+0000] {logging_mixin.py:188} INFO - [2024-05-04T15:43:09.746+0000] {dag.py:3954} INFO - Setting next_dagrun for latest_only_with_trigger to 2024-05-04 08:00:00+00:00, run_after=2024-05-04 12:00:00+00:00
[2024-05-04T15:43:09.761+0000] {processor.py:183} INFO - Processing /home/airflow/.local/lib/python3.12/site-packages/airflow/example_dags/example_latest_only_with_trigger.py took 0.061 seconds
[2024-05-04T15:43:40.416+0000] {processor.py:161} INFO - Started process (PID=627) to work on /home/airflow/.local/lib/python3.12/site-packages/airflow/example_dags/example_latest_only_with_trigger.py
[2024-05-04T15:43:40.417+0000] {processor.py:830} INFO - Processing file /home/airflow/.local/lib/python3.12/site-packages/airflow/example_dags/example_latest_only_with_trigger.py for tasks to queue
[2024-05-04T15:43:40.419+0000] {logging_mixin.py:188} INFO - [2024-05-04T15:43:40.418+0000] {dagbag.py:540} INFO - Filling up the DagBag from /home/airflow/.local/lib/python3.12/site-packages/airflow/example_dags/example_latest_only_with_trigger.py
[2024-05-04T15:43:40.423+0000] {processor.py:840} INFO - DAG(s) 'latest_only_with_trigger' retrieved from /home/airflow/.local/lib/python3.12/site-packages/airflow/example_dags/example_latest_only_with_trigger.py
[2024-05-04T15:43:40.440+0000] {logging_mixin.py:188} INFO - [2024-05-04T15:43:40.440+0000] {dag.py:3096} INFO - Sync 1 DAGs
[2024-05-04T15:43:40.456+0000] {logging_mixin.py:188} INFO - [2024-05-04T15:43:40.456+0000] {dag.py:3954} INFO - Setting next_dagrun for latest_only_with_trigger to 2024-05-04 08:00:00+00:00, run_after=2024-05-04 12:00:00+00:00
[2024-05-04T15:43:40.473+0000] {processor.py:183} INFO - Processing /home/airflow/.local/lib/python3.12/site-packages/airflow/example_dags/example_latest_only_with_trigger.py took 0.063 seconds
[2024-05-04T15:44:11.731+0000] {processor.py:161} INFO - Started process (PID=688) to work on /home/airflow/.local/lib/python3.12/site-packages/airflow/example_dags/example_latest_only_with_trigger.py
[2024-05-04T15:44:11.732+0000] {processor.py:830} INFO - Processing file /home/airflow/.local/lib/python3.12/site-packages/airflow/example_dags/example_latest_only_with_trigger.py for tasks to queue
[2024-05-04T15:44:11.734+0000] {logging_mixin.py:188} INFO - [2024-05-04T15:44:11.733+0000] {dagbag.py:540} INFO - Filling up the DagBag from /home/airflow/.local/lib/python3.12/site-packages/airflow/example_dags/example_latest_only_with_trigger.py
[2024-05-04T15:44:11.738+0000] {processor.py:840} INFO - DAG(s) 'latest_only_with_trigger' retrieved from /home/airflow/.local/lib/python3.12/site-packages/airflow/example_dags/example_latest_only_with_trigger.py
[2024-05-04T15:44:11.756+0000] {logging_mixin.py:188} INFO - [2024-05-04T15:44:11.755+0000] {dag.py:3096} INFO - Sync 1 DAGs
[2024-05-04T15:44:11.773+0000] {logging_mixin.py:188} INFO - [2024-05-04T15:44:11.773+0000] {dag.py:3954} INFO - Setting next_dagrun for latest_only_with_trigger to 2024-05-04 08:00:00+00:00, run_after=2024-05-04 12:00:00+00:00
[2024-05-04T15:44:11.790+0000] {processor.py:183} INFO - Processing /home/airflow/.local/lib/python3.12/site-packages/airflow/example_dags/example_latest_only_with_trigger.py took 0.063 seconds
[2024-05-04T15:44:42.501+0000] {processor.py:161} INFO - Started process (PID=748) to work on /home/airflow/.local/lib/python3.12/site-packages/airflow/example_dags/example_latest_only_with_trigger.py
[2024-05-04T15:44:42.502+0000] {processor.py:830} INFO - Processing file /home/airflow/.local/lib/python3.12/site-packages/airflow/example_dags/example_latest_only_with_trigger.py for tasks to queue
[2024-05-04T15:44:42.503+0000] {logging_mixin.py:188} INFO - [2024-05-04T15:44:42.503+0000] {dagbag.py:540} INFO - Filling up the DagBag from /home/airflow/.local/lib/python3.12/site-packages/airflow/example_dags/example_latest_only_with_trigger.py
[2024-05-04T15:44:42.507+0000] {processor.py:840} INFO - DAG(s) 'latest_only_with_trigger' retrieved from /home/airflow/.local/lib/python3.12/site-packages/airflow/example_dags/example_latest_only_with_trigger.py
[2024-05-04T15:44:42.523+0000] {logging_mixin.py:188} INFO - [2024-05-04T15:44:42.523+0000] {dag.py:3096} INFO - Sync 1 DAGs
[2024-05-04T15:44:42.539+0000] {logging_mixin.py:188} INFO - [2024-05-04T15:44:42.539+0000] {dag.py:3954} INFO - Setting next_dagrun for latest_only_with_trigger to 2024-05-04 08:00:00+00:00, run_after=2024-05-04 12:00:00+00:00
[2024-05-04T15:44:42.553+0000] {processor.py:183} INFO - Processing /home/airflow/.local/lib/python3.12/site-packages/airflow/example_dags/example_latest_only_with_trigger.py took 0.057 seconds
[2024-05-04T15:45:12.855+0000] {processor.py:161} INFO - Started process (PID=808) to work on /home/airflow/.local/lib/python3.12/site-packages/airflow/example_dags/example_latest_only_with_trigger.py
[2024-05-04T15:45:12.856+0000] {processor.py:830} INFO - Processing file /home/airflow/.local/lib/python3.12/site-packages/airflow/example_dags/example_latest_only_with_trigger.py for tasks to queue
[2024-05-04T15:45:12.858+0000] {logging_mixin.py:188} INFO - [2024-05-04T15:45:12.857+0000] {dagbag.py:540} INFO - Filling up the DagBag from /home/airflow/.local/lib/python3.12/site-packages/airflow/example_dags/example_latest_only_with_trigger.py
[2024-05-04T15:45:12.862+0000] {processor.py:840} INFO - DAG(s) 'latest_only_with_trigger' retrieved from /home/airflow/.local/lib/python3.12/site-packages/airflow/example_dags/example_latest_only_with_trigger.py
[2024-05-04T15:45:12.878+0000] {logging_mixin.py:188} INFO - [2024-05-04T15:45:12.878+0000] {dag.py:3096} INFO - Sync 1 DAGs
[2024-05-04T15:45:12.895+0000] {logging_mixin.py:188} INFO - [2024-05-04T15:45:12.895+0000] {dag.py:3954} INFO - Setting next_dagrun for latest_only_with_trigger to 2024-05-04 08:00:00+00:00, run_after=2024-05-04 12:00:00+00:00
[2024-05-04T15:45:12.913+0000] {processor.py:183} INFO - Processing /home/airflow/.local/lib/python3.12/site-packages/airflow/example_dags/example_latest_only_with_trigger.py took 0.062 seconds
[2024-05-04T15:45:43.553+0000] {processor.py:161} INFO - Started process (PID=866) to work on /home/airflow/.local/lib/python3.12/site-packages/airflow/example_dags/example_latest_only_with_trigger.py
[2024-05-04T15:45:43.554+0000] {processor.py:830} INFO - Processing file /home/airflow/.local/lib/python3.12/site-packages/airflow/example_dags/example_latest_only_with_trigger.py for tasks to queue
[2024-05-04T15:45:43.556+0000] {logging_mixin.py:188} INFO - [2024-05-04T15:45:43.556+0000] {dagbag.py:540} INFO - Filling up the DagBag from /home/airflow/.local/lib/python3.12/site-packages/airflow/example_dags/example_latest_only_with_trigger.py
[2024-05-04T15:45:43.560+0000] {processor.py:840} INFO - DAG(s) 'latest_only_with_trigger' retrieved from /home/airflow/.local/lib/python3.12/site-packages/airflow/example_dags/example_latest_only_with_trigger.py
[2024-05-04T15:45:43.576+0000] {logging_mixin.py:188} INFO - [2024-05-04T15:45:43.575+0000] {dag.py:3096} INFO - Sync 1 DAGs
[2024-05-04T15:45:43.593+0000] {logging_mixin.py:188} INFO - [2024-05-04T15:45:43.592+0000] {dag.py:3954} INFO - Setting next_dagrun for latest_only_with_trigger to 2024-05-04 08:00:00+00:00, run_after=2024-05-04 12:00:00+00:00
[2024-05-04T15:45:43.608+0000] {processor.py:183} INFO - Processing /home/airflow/.local/lib/python3.12/site-packages/airflow/example_dags/example_latest_only_with_trigger.py took 0.059 seconds
