[2024-05-04T15:39:04.192+0000] {processor.py:161} INFO - Started process (PID=79) to work on /home/airflow/.local/lib/python3.12/site-packages/airflow/example_dags/example_latest_only.py
[2024-05-04T15:39:04.193+0000] {processor.py:830} INFO - Processing file /home/airflow/.local/lib/python3.12/site-packages/airflow/example_dags/example_latest_only.py for tasks to queue
[2024-05-04T15:39:04.194+0000] {logging_mixin.py:188} INFO - [2024-05-04T15:39:04.194+0000] {dagbag.py:540} INFO - Filling up the DagBag from /home/airflow/.local/lib/python3.12/site-packages/airflow/example_dags/example_latest_only.py
[2024-05-04T15:39:04.198+0000] {processor.py:840} INFO - DAG(s) 'latest_only' retrieved from /home/airflow/.local/lib/python3.12/site-packages/airflow/example_dags/example_latest_only.py
[2024-05-04T15:39:04.273+0000] {logging_mixin.py:188} INFO - [2024-05-04T15:39:04.273+0000] {dag.py:3096} INFO - Sync 1 DAGs
[2024-05-04T15:39:04.288+0000] {logging_mixin.py:188} INFO - [2024-05-04T15:39:04.288+0000] {dag.py:3954} INFO - Setting next_dagrun for latest_only to 2024-05-04 08:00:00+00:00, run_after=2024-05-04 12:00:00+00:00
[2024-05-04T15:39:04.306+0000] {processor.py:183} INFO - Processing /home/airflow/.local/lib/python3.12/site-packages/airflow/example_dags/example_latest_only.py took 0.118 seconds
[2024-05-04T15:39:35.263+0000] {processor.py:161} INFO - Started process (PID=140) to work on /home/airflow/.local/lib/python3.12/site-packages/airflow/example_dags/example_latest_only.py
[2024-05-04T15:39:35.264+0000] {processor.py:830} INFO - Processing file /home/airflow/.local/lib/python3.12/site-packages/airflow/example_dags/example_latest_only.py for tasks to queue
[2024-05-04T15:39:35.267+0000] {logging_mixin.py:188} INFO - [2024-05-04T15:39:35.266+0000] {dagbag.py:540} INFO - Filling up the DagBag from /home/airflow/.local/lib/python3.12/site-packages/airflow/example_dags/example_latest_only.py
[2024-05-04T15:39:35.272+0000] {processor.py:840} INFO - DAG(s) 'latest_only' retrieved from /home/airflow/.local/lib/python3.12/site-packages/airflow/example_dags/example_latest_only.py
[2024-05-04T15:39:35.287+0000] {logging_mixin.py:188} INFO - [2024-05-04T15:39:35.287+0000] {dag.py:3096} INFO - Sync 1 DAGs
[2024-05-04T15:39:35.304+0000] {logging_mixin.py:188} INFO - [2024-05-04T15:39:35.304+0000] {dag.py:3954} INFO - Setting next_dagrun for latest_only to 2024-05-04 08:00:00+00:00, run_after=2024-05-04 12:00:00+00:00
[2024-05-04T15:39:35.321+0000] {processor.py:183} INFO - Processing /home/airflow/.local/lib/python3.12/site-packages/airflow/example_dags/example_latest_only.py took 0.062 seconds
[2024-05-04T15:40:06.071+0000] {processor.py:161} INFO - Started process (PID=204) to work on /home/airflow/.local/lib/python3.12/site-packages/airflow/example_dags/example_latest_only.py
[2024-05-04T15:40:06.072+0000] {processor.py:830} INFO - Processing file /home/airflow/.local/lib/python3.12/site-packages/airflow/example_dags/example_latest_only.py for tasks to queue
[2024-05-04T15:40:06.073+0000] {logging_mixin.py:188} INFO - [2024-05-04T15:40:06.073+0000] {dagbag.py:540} INFO - Filling up the DagBag from /home/airflow/.local/lib/python3.12/site-packages/airflow/example_dags/example_latest_only.py
[2024-05-04T15:40:06.078+0000] {processor.py:840} INFO - DAG(s) 'latest_only' retrieved from /home/airflow/.local/lib/python3.12/site-packages/airflow/example_dags/example_latest_only.py
[2024-05-04T15:40:06.094+0000] {logging_mixin.py:188} INFO - [2024-05-04T15:40:06.094+0000] {dag.py:3096} INFO - Sync 1 DAGs
[2024-05-04T15:40:06.115+0000] {logging_mixin.py:188} INFO - [2024-05-04T15:40:06.114+0000] {dag.py:3954} INFO - Setting next_dagrun for latest_only to 2024-05-04 08:00:00+00:00, run_after=2024-05-04 12:00:00+00:00
[2024-05-04T15:40:06.131+0000] {processor.py:183} INFO - Processing /home/airflow/.local/lib/python3.12/site-packages/airflow/example_dags/example_latest_only.py took 0.065 seconds
[2024-05-04T15:40:36.633+0000] {processor.py:161} INFO - Started process (PID=264) to work on /home/airflow/.local/lib/python3.12/site-packages/airflow/example_dags/example_latest_only.py
[2024-05-04T15:40:36.634+0000] {processor.py:830} INFO - Processing file /home/airflow/.local/lib/python3.12/site-packages/airflow/example_dags/example_latest_only.py for tasks to queue
[2024-05-04T15:40:36.635+0000] {logging_mixin.py:188} INFO - [2024-05-04T15:40:36.635+0000] {dagbag.py:540} INFO - Filling up the DagBag from /home/airflow/.local/lib/python3.12/site-packages/airflow/example_dags/example_latest_only.py
[2024-05-04T15:40:36.639+0000] {processor.py:840} INFO - DAG(s) 'latest_only' retrieved from /home/airflow/.local/lib/python3.12/site-packages/airflow/example_dags/example_latest_only.py
[2024-05-04T15:40:36.653+0000] {logging_mixin.py:188} INFO - [2024-05-04T15:40:36.653+0000] {dag.py:3096} INFO - Sync 1 DAGs
[2024-05-04T15:40:36.668+0000] {logging_mixin.py:188} INFO - [2024-05-04T15:40:36.668+0000] {dag.py:3954} INFO - Setting next_dagrun for latest_only to 2024-05-04 08:00:00+00:00, run_after=2024-05-04 12:00:00+00:00
[2024-05-04T15:40:36.683+0000] {processor.py:183} INFO - Processing /home/airflow/.local/lib/python3.12/site-packages/airflow/example_dags/example_latest_only.py took 0.054 seconds
[2024-05-04T15:41:07.337+0000] {processor.py:161} INFO - Started process (PID=324) to work on /home/airflow/.local/lib/python3.12/site-packages/airflow/example_dags/example_latest_only.py
[2024-05-04T15:41:07.338+0000] {processor.py:830} INFO - Processing file /home/airflow/.local/lib/python3.12/site-packages/airflow/example_dags/example_latest_only.py for tasks to queue
[2024-05-04T15:41:07.339+0000] {logging_mixin.py:188} INFO - [2024-05-04T15:41:07.339+0000] {dagbag.py:540} INFO - Filling up the DagBag from /home/airflow/.local/lib/python3.12/site-packages/airflow/example_dags/example_latest_only.py
[2024-05-04T15:41:07.344+0000] {processor.py:840} INFO - DAG(s) 'latest_only' retrieved from /home/airflow/.local/lib/python3.12/site-packages/airflow/example_dags/example_latest_only.py
[2024-05-04T15:41:07.359+0000] {logging_mixin.py:188} INFO - [2024-05-04T15:41:07.359+0000] {dag.py:3096} INFO - Sync 1 DAGs
[2024-05-04T15:41:07.375+0000] {logging_mixin.py:188} INFO - [2024-05-04T15:41:07.375+0000] {dag.py:3954} INFO - Setting next_dagrun for latest_only to 2024-05-04 08:00:00+00:00, run_after=2024-05-04 12:00:00+00:00
[2024-05-04T15:41:07.392+0000] {processor.py:183} INFO - Processing /home/airflow/.local/lib/python3.12/site-packages/airflow/example_dags/example_latest_only.py took 0.060 seconds
[2024-05-04T15:41:37.952+0000] {processor.py:161} INFO - Started process (PID=384) to work on /home/airflow/.local/lib/python3.12/site-packages/airflow/example_dags/example_latest_only.py
[2024-05-04T15:41:37.952+0000] {processor.py:830} INFO - Processing file /home/airflow/.local/lib/python3.12/site-packages/airflow/example_dags/example_latest_only.py for tasks to queue
[2024-05-04T15:41:37.954+0000] {logging_mixin.py:188} INFO - [2024-05-04T15:41:37.953+0000] {dagbag.py:540} INFO - Filling up the DagBag from /home/airflow/.local/lib/python3.12/site-packages/airflow/example_dags/example_latest_only.py
[2024-05-04T15:41:37.957+0000] {processor.py:840} INFO - DAG(s) 'latest_only' retrieved from /home/airflow/.local/lib/python3.12/site-packages/airflow/example_dags/example_latest_only.py
[2024-05-04T15:41:37.973+0000] {logging_mixin.py:188} INFO - [2024-05-04T15:41:37.973+0000] {dag.py:3096} INFO - Sync 1 DAGs
[2024-05-04T15:41:37.988+0000] {logging_mixin.py:188} INFO - [2024-05-04T15:41:37.988+0000] {dag.py:3954} INFO - Setting next_dagrun for latest_only to 2024-05-04 08:00:00+00:00, run_after=2024-05-04 12:00:00+00:00
[2024-05-04T15:41:38.004+0000] {processor.py:183} INFO - Processing /home/airflow/.local/lib/python3.12/site-packages/airflow/example_dags/example_latest_only.py took 0.056 seconds
[2024-05-04T15:42:08.643+0000] {processor.py:161} INFO - Started process (PID=444) to work on /home/airflow/.local/lib/python3.12/site-packages/airflow/example_dags/example_latest_only.py
[2024-05-04T15:42:08.643+0000] {processor.py:830} INFO - Processing file /home/airflow/.local/lib/python3.12/site-packages/airflow/example_dags/example_latest_only.py for tasks to queue
[2024-05-04T15:42:08.645+0000] {logging_mixin.py:188} INFO - [2024-05-04T15:42:08.645+0000] {dagbag.py:540} INFO - Filling up the DagBag from /home/airflow/.local/lib/python3.12/site-packages/airflow/example_dags/example_latest_only.py
[2024-05-04T15:42:08.649+0000] {processor.py:840} INFO - DAG(s) 'latest_only' retrieved from /home/airflow/.local/lib/python3.12/site-packages/airflow/example_dags/example_latest_only.py
[2024-05-04T15:42:08.664+0000] {logging_mixin.py:188} INFO - [2024-05-04T15:42:08.664+0000] {dag.py:3096} INFO - Sync 1 DAGs
[2024-05-04T15:42:08.681+0000] {logging_mixin.py:188} INFO - [2024-05-04T15:42:08.681+0000] {dag.py:3954} INFO - Setting next_dagrun for latest_only to 2024-05-04 08:00:00+00:00, run_after=2024-05-04 12:00:00+00:00
[2024-05-04T15:42:08.696+0000] {processor.py:183} INFO - Processing /home/airflow/.local/lib/python3.12/site-packages/airflow/example_dags/example_latest_only.py took 0.058 seconds
[2024-05-04T15:42:39.116+0000] {processor.py:161} INFO - Started process (PID=504) to work on /home/airflow/.local/lib/python3.12/site-packages/airflow/example_dags/example_latest_only.py
[2024-05-04T15:42:39.117+0000] {processor.py:830} INFO - Processing file /home/airflow/.local/lib/python3.12/site-packages/airflow/example_dags/example_latest_only.py for tasks to queue
[2024-05-04T15:42:39.118+0000] {logging_mixin.py:188} INFO - [2024-05-04T15:42:39.118+0000] {dagbag.py:540} INFO - Filling up the DagBag from /home/airflow/.local/lib/python3.12/site-packages/airflow/example_dags/example_latest_only.py
[2024-05-04T15:42:39.123+0000] {processor.py:840} INFO - DAG(s) 'latest_only' retrieved from /home/airflow/.local/lib/python3.12/site-packages/airflow/example_dags/example_latest_only.py
[2024-05-04T15:42:39.140+0000] {logging_mixin.py:188} INFO - [2024-05-04T15:42:39.139+0000] {dag.py:3096} INFO - Sync 1 DAGs
[2024-05-04T15:42:39.158+0000] {logging_mixin.py:188} INFO - [2024-05-04T15:42:39.158+0000] {dag.py:3954} INFO - Setting next_dagrun for latest_only to 2024-05-04 08:00:00+00:00, run_after=2024-05-04 12:00:00+00:00
[2024-05-04T15:42:39.175+0000] {processor.py:183} INFO - Processing /home/airflow/.local/lib/python3.12/site-packages/airflow/example_dags/example_latest_only.py took 0.064 seconds
[2024-05-04T15:43:09.474+0000] {processor.py:161} INFO - Started process (PID=564) to work on /home/airflow/.local/lib/python3.12/site-packages/airflow/example_dags/example_latest_only.py
[2024-05-04T15:43:09.475+0000] {processor.py:830} INFO - Processing file /home/airflow/.local/lib/python3.12/site-packages/airflow/example_dags/example_latest_only.py for tasks to queue
[2024-05-04T15:43:09.476+0000] {logging_mixin.py:188} INFO - [2024-05-04T15:43:09.476+0000] {dagbag.py:540} INFO - Filling up the DagBag from /home/airflow/.local/lib/python3.12/site-packages/airflow/example_dags/example_latest_only.py
[2024-05-04T15:43:09.481+0000] {processor.py:840} INFO - DAG(s) 'latest_only' retrieved from /home/airflow/.local/lib/python3.12/site-packages/airflow/example_dags/example_latest_only.py
[2024-05-04T15:43:09.497+0000] {logging_mixin.py:188} INFO - [2024-05-04T15:43:09.497+0000] {dag.py:3096} INFO - Sync 1 DAGs
[2024-05-04T15:43:09.515+0000] {logging_mixin.py:188} INFO - [2024-05-04T15:43:09.514+0000] {dag.py:3954} INFO - Setting next_dagrun for latest_only to 2024-05-04 08:00:00+00:00, run_after=2024-05-04 12:00:00+00:00
[2024-05-04T15:43:09.532+0000] {processor.py:183} INFO - Processing /home/airflow/.local/lib/python3.12/site-packages/airflow/example_dags/example_latest_only.py took 0.062 seconds
[2024-05-04T15:43:40.186+0000] {processor.py:161} INFO - Started process (PID=624) to work on /home/airflow/.local/lib/python3.12/site-packages/airflow/example_dags/example_latest_only.py
[2024-05-04T15:43:40.187+0000] {processor.py:830} INFO - Processing file /home/airflow/.local/lib/python3.12/site-packages/airflow/example_dags/example_latest_only.py for tasks to queue
[2024-05-04T15:43:40.189+0000] {logging_mixin.py:188} INFO - [2024-05-04T15:43:40.189+0000] {dagbag.py:540} INFO - Filling up the DagBag from /home/airflow/.local/lib/python3.12/site-packages/airflow/example_dags/example_latest_only.py
[2024-05-04T15:43:40.193+0000] {processor.py:840} INFO - DAG(s) 'latest_only' retrieved from /home/airflow/.local/lib/python3.12/site-packages/airflow/example_dags/example_latest_only.py
[2024-05-04T15:43:40.215+0000] {logging_mixin.py:188} INFO - [2024-05-04T15:43:40.214+0000] {dag.py:3096} INFO - Sync 1 DAGs
[2024-05-04T15:43:40.233+0000] {logging_mixin.py:188} INFO - [2024-05-04T15:43:40.233+0000] {dag.py:3954} INFO - Setting next_dagrun for latest_only to 2024-05-04 08:00:00+00:00, run_after=2024-05-04 12:00:00+00:00
[2024-05-04T15:43:40.248+0000] {processor.py:183} INFO - Processing /home/airflow/.local/lib/python3.12/site-packages/airflow/example_dags/example_latest_only.py took 0.067 seconds
[2024-05-04T15:44:11.248+0000] {processor.py:161} INFO - Started process (PID=684) to work on /home/airflow/.local/lib/python3.12/site-packages/airflow/example_dags/example_latest_only.py
[2024-05-04T15:44:11.249+0000] {processor.py:830} INFO - Processing file /home/airflow/.local/lib/python3.12/site-packages/airflow/example_dags/example_latest_only.py for tasks to queue
[2024-05-04T15:44:11.250+0000] {logging_mixin.py:188} INFO - [2024-05-04T15:44:11.250+0000] {dagbag.py:540} INFO - Filling up the DagBag from /home/airflow/.local/lib/python3.12/site-packages/airflow/example_dags/example_latest_only.py
[2024-05-04T15:44:11.253+0000] {processor.py:840} INFO - DAG(s) 'latest_only' retrieved from /home/airflow/.local/lib/python3.12/site-packages/airflow/example_dags/example_latest_only.py
[2024-05-04T15:44:11.271+0000] {logging_mixin.py:188} INFO - [2024-05-04T15:44:11.271+0000] {dag.py:3096} INFO - Sync 1 DAGs
[2024-05-04T15:44:11.290+0000] {logging_mixin.py:188} INFO - [2024-05-04T15:44:11.290+0000] {dag.py:3954} INFO - Setting next_dagrun for latest_only to 2024-05-04 08:00:00+00:00, run_after=2024-05-04 12:00:00+00:00
[2024-05-04T15:44:11.308+0000] {processor.py:183} INFO - Processing /home/airflow/.local/lib/python3.12/site-packages/airflow/example_dags/example_latest_only.py took 0.065 seconds
[2024-05-04T15:44:41.967+0000] {processor.py:161} INFO - Started process (PID=744) to work on /home/airflow/.local/lib/python3.12/site-packages/airflow/example_dags/example_latest_only.py
[2024-05-04T15:44:41.968+0000] {processor.py:830} INFO - Processing file /home/airflow/.local/lib/python3.12/site-packages/airflow/example_dags/example_latest_only.py for tasks to queue
[2024-05-04T15:44:41.970+0000] {logging_mixin.py:188} INFO - [2024-05-04T15:44:41.970+0000] {dagbag.py:540} INFO - Filling up the DagBag from /home/airflow/.local/lib/python3.12/site-packages/airflow/example_dags/example_latest_only.py
[2024-05-04T15:44:41.974+0000] {processor.py:840} INFO - DAG(s) 'latest_only' retrieved from /home/airflow/.local/lib/python3.12/site-packages/airflow/example_dags/example_latest_only.py
[2024-05-04T15:44:41.991+0000] {logging_mixin.py:188} INFO - [2024-05-04T15:44:41.991+0000] {dag.py:3096} INFO - Sync 1 DAGs
[2024-05-04T15:44:42.011+0000] {logging_mixin.py:188} INFO - [2024-05-04T15:44:42.011+0000] {dag.py:3954} INFO - Setting next_dagrun for latest_only to 2024-05-04 08:00:00+00:00, run_after=2024-05-04 12:00:00+00:00
[2024-05-04T15:44:42.027+0000] {processor.py:183} INFO - Processing /home/airflow/.local/lib/python3.12/site-packages/airflow/example_dags/example_latest_only.py took 0.065 seconds
[2024-05-04T15:45:12.348+0000] {processor.py:161} INFO - Started process (PID=802) to work on /home/airflow/.local/lib/python3.12/site-packages/airflow/example_dags/example_latest_only.py
[2024-05-04T15:45:12.348+0000] {processor.py:830} INFO - Processing file /home/airflow/.local/lib/python3.12/site-packages/airflow/example_dags/example_latest_only.py for tasks to queue
[2024-05-04T15:45:12.349+0000] {logging_mixin.py:188} INFO - [2024-05-04T15:45:12.349+0000] {dagbag.py:540} INFO - Filling up the DagBag from /home/airflow/.local/lib/python3.12/site-packages/airflow/example_dags/example_latest_only.py
[2024-05-04T15:45:12.353+0000] {processor.py:840} INFO - DAG(s) 'latest_only' retrieved from /home/airflow/.local/lib/python3.12/site-packages/airflow/example_dags/example_latest_only.py
[2024-05-04T15:45:12.369+0000] {logging_mixin.py:188} INFO - [2024-05-04T15:45:12.369+0000] {dag.py:3096} INFO - Sync 1 DAGs
[2024-05-04T15:45:12.386+0000] {logging_mixin.py:188} INFO - [2024-05-04T15:45:12.386+0000] {dag.py:3954} INFO - Setting next_dagrun for latest_only to 2024-05-04 08:00:00+00:00, run_after=2024-05-04 12:00:00+00:00
[2024-05-04T15:45:12.402+0000] {processor.py:183} INFO - Processing /home/airflow/.local/lib/python3.12/site-packages/airflow/example_dags/example_latest_only.py took 0.058 seconds
[2024-05-04T15:45:43.322+0000] {processor.py:161} INFO - Started process (PID=862) to work on /home/airflow/.local/lib/python3.12/site-packages/airflow/example_dags/example_latest_only.py
[2024-05-04T15:45:43.323+0000] {processor.py:830} INFO - Processing file /home/airflow/.local/lib/python3.12/site-packages/airflow/example_dags/example_latest_only.py for tasks to queue
[2024-05-04T15:45:43.324+0000] {logging_mixin.py:188} INFO - [2024-05-04T15:45:43.324+0000] {dagbag.py:540} INFO - Filling up the DagBag from /home/airflow/.local/lib/python3.12/site-packages/airflow/example_dags/example_latest_only.py
[2024-05-04T15:45:43.328+0000] {processor.py:840} INFO - DAG(s) 'latest_only' retrieved from /home/airflow/.local/lib/python3.12/site-packages/airflow/example_dags/example_latest_only.py
[2024-05-04T15:45:43.343+0000] {logging_mixin.py:188} INFO - [2024-05-04T15:45:43.343+0000] {dag.py:3096} INFO - Sync 1 DAGs
[2024-05-04T15:45:43.359+0000] {logging_mixin.py:188} INFO - [2024-05-04T15:45:43.359+0000] {dag.py:3954} INFO - Setting next_dagrun for latest_only to 2024-05-04 08:00:00+00:00, run_after=2024-05-04 12:00:00+00:00
[2024-05-04T15:45:43.375+0000] {processor.py:183} INFO - Processing /home/airflow/.local/lib/python3.12/site-packages/airflow/example_dags/example_latest_only.py took 0.058 seconds
