[2024-05-04T15:39:03.522+0000] {processor.py:161} INFO - Started process (PID=69) to work on /home/airflow/.local/lib/python3.12/site-packages/airflow/example_dags/example_external_task_marker_dag.py
[2024-05-04T15:39:03.523+0000] {processor.py:830} INFO - Processing file /home/airflow/.local/lib/python3.12/site-packages/airflow/example_dags/example_external_task_marker_dag.py for tasks to queue
[2024-05-04T15:39:03.524+0000] {logging_mixin.py:188} INFO - [2024-05-04T15:39:03.524+0000] {dagbag.py:540} INFO - Filling up the DagBag from /home/airflow/.local/lib/python3.12/site-packages/airflow/example_dags/example_external_task_marker_dag.py
[2024-05-04T15:39:03.531+0000] {processor.py:840} INFO - DAG(s) 'example_external_task_marker_child', 'example_external_task_marker_parent' retrieved from /home/airflow/.local/lib/python3.12/site-packages/airflow/example_dags/example_external_task_marker_dag.py
[2024-05-04T15:39:03.639+0000] {logging_mixin.py:188} INFO - [2024-05-04T15:39:03.639+0000] {dag.py:3096} INFO - Sync 2 DAGs
[2024-05-04T15:39:03.649+0000] {logging_mixin.py:188} INFO - [2024-05-04T15:39:03.649+0000] {dag.py:3954} INFO - Setting next_dagrun for example_external_task_marker_child to None, run_after=None
[2024-05-04T15:39:03.652+0000] {logging_mixin.py:188} INFO - [2024-05-04T15:39:03.652+0000] {dag.py:3954} INFO - Setting next_dagrun for example_external_task_marker_parent to None, run_after=None
[2024-05-04T15:39:03.669+0000] {processor.py:183} INFO - Processing /home/airflow/.local/lib/python3.12/site-packages/airflow/example_dags/example_external_task_marker_dag.py took 0.152 seconds
[2024-05-04T15:39:33.893+0000] {processor.py:161} INFO - Started process (PID=130) to work on /home/airflow/.local/lib/python3.12/site-packages/airflow/example_dags/example_external_task_marker_dag.py
[2024-05-04T15:39:33.894+0000] {processor.py:830} INFO - Processing file /home/airflow/.local/lib/python3.12/site-packages/airflow/example_dags/example_external_task_marker_dag.py for tasks to queue
[2024-05-04T15:39:33.895+0000] {logging_mixin.py:188} INFO - [2024-05-04T15:39:33.895+0000] {dagbag.py:540} INFO - Filling up the DagBag from /home/airflow/.local/lib/python3.12/site-packages/airflow/example_dags/example_external_task_marker_dag.py
[2024-05-04T15:39:33.899+0000] {processor.py:840} INFO - DAG(s) 'example_external_task_marker_parent', 'example_external_task_marker_child' retrieved from /home/airflow/.local/lib/python3.12/site-packages/airflow/example_dags/example_external_task_marker_dag.py
[2024-05-04T15:39:33.918+0000] {logging_mixin.py:188} INFO - [2024-05-04T15:39:33.918+0000] {dag.py:3096} INFO - Sync 2 DAGs
[2024-05-04T15:39:33.929+0000] {logging_mixin.py:188} INFO - [2024-05-04T15:39:33.929+0000] {dag.py:3954} INFO - Setting next_dagrun for example_external_task_marker_child to None, run_after=None
[2024-05-04T15:39:33.932+0000] {logging_mixin.py:188} INFO - [2024-05-04T15:39:33.931+0000] {dag.py:3954} INFO - Setting next_dagrun for example_external_task_marker_parent to None, run_after=None
[2024-05-04T15:39:33.945+0000] {processor.py:183} INFO - Processing /home/airflow/.local/lib/python3.12/site-packages/airflow/example_dags/example_external_task_marker_dag.py took 0.057 seconds
[2024-05-04T15:40:04.666+0000] {processor.py:161} INFO - Started process (PID=194) to work on /home/airflow/.local/lib/python3.12/site-packages/airflow/example_dags/example_external_task_marker_dag.py
[2024-05-04T15:40:04.667+0000] {processor.py:830} INFO - Processing file /home/airflow/.local/lib/python3.12/site-packages/airflow/example_dags/example_external_task_marker_dag.py for tasks to queue
[2024-05-04T15:40:04.668+0000] {logging_mixin.py:188} INFO - [2024-05-04T15:40:04.668+0000] {dagbag.py:540} INFO - Filling up the DagBag from /home/airflow/.local/lib/python3.12/site-packages/airflow/example_dags/example_external_task_marker_dag.py
[2024-05-04T15:40:04.673+0000] {processor.py:840} INFO - DAG(s) 'example_external_task_marker_parent', 'example_external_task_marker_child' retrieved from /home/airflow/.local/lib/python3.12/site-packages/airflow/example_dags/example_external_task_marker_dag.py
[2024-05-04T15:40:04.695+0000] {logging_mixin.py:188} INFO - [2024-05-04T15:40:04.695+0000] {dag.py:3096} INFO - Sync 2 DAGs
[2024-05-04T15:40:04.706+0000] {logging_mixin.py:188} INFO - [2024-05-04T15:40:04.705+0000] {dag.py:3954} INFO - Setting next_dagrun for example_external_task_marker_child to None, run_after=None
[2024-05-04T15:40:04.709+0000] {logging_mixin.py:188} INFO - [2024-05-04T15:40:04.708+0000] {dag.py:3954} INFO - Setting next_dagrun for example_external_task_marker_parent to None, run_after=None
[2024-05-04T15:40:04.729+0000] {processor.py:183} INFO - Processing /home/airflow/.local/lib/python3.12/site-packages/airflow/example_dags/example_external_task_marker_dag.py took 0.068 seconds
[2024-05-04T15:40:35.296+0000] {processor.py:161} INFO - Started process (PID=254) to work on /home/airflow/.local/lib/python3.12/site-packages/airflow/example_dags/example_external_task_marker_dag.py
[2024-05-04T15:40:35.298+0000] {processor.py:830} INFO - Processing file /home/airflow/.local/lib/python3.12/site-packages/airflow/example_dags/example_external_task_marker_dag.py for tasks to queue
[2024-05-04T15:40:35.299+0000] {logging_mixin.py:188} INFO - [2024-05-04T15:40:35.299+0000] {dagbag.py:540} INFO - Filling up the DagBag from /home/airflow/.local/lib/python3.12/site-packages/airflow/example_dags/example_external_task_marker_dag.py
[2024-05-04T15:40:35.304+0000] {processor.py:840} INFO - DAG(s) 'example_external_task_marker_child', 'example_external_task_marker_parent' retrieved from /home/airflow/.local/lib/python3.12/site-packages/airflow/example_dags/example_external_task_marker_dag.py
[2024-05-04T15:40:35.326+0000] {logging_mixin.py:188} INFO - [2024-05-04T15:40:35.325+0000] {dag.py:3096} INFO - Sync 2 DAGs
[2024-05-04T15:40:35.338+0000] {logging_mixin.py:188} INFO - [2024-05-04T15:40:35.338+0000] {dag.py:3954} INFO - Setting next_dagrun for example_external_task_marker_child to None, run_after=None
[2024-05-04T15:40:35.341+0000] {logging_mixin.py:188} INFO - [2024-05-04T15:40:35.341+0000] {dag.py:3954} INFO - Setting next_dagrun for example_external_task_marker_parent to None, run_after=None
[2024-05-04T15:40:35.354+0000] {processor.py:183} INFO - Processing /home/airflow/.local/lib/python3.12/site-packages/airflow/example_dags/example_external_task_marker_dag.py took 0.062 seconds
[2024-05-04T15:41:05.966+0000] {processor.py:161} INFO - Started process (PID=314) to work on /home/airflow/.local/lib/python3.12/site-packages/airflow/example_dags/example_external_task_marker_dag.py
[2024-05-04T15:41:05.967+0000] {processor.py:830} INFO - Processing file /home/airflow/.local/lib/python3.12/site-packages/airflow/example_dags/example_external_task_marker_dag.py for tasks to queue
[2024-05-04T15:41:05.969+0000] {logging_mixin.py:188} INFO - [2024-05-04T15:41:05.968+0000] {dagbag.py:540} INFO - Filling up the DagBag from /home/airflow/.local/lib/python3.12/site-packages/airflow/example_dags/example_external_task_marker_dag.py
[2024-05-04T15:41:05.973+0000] {processor.py:840} INFO - DAG(s) 'example_external_task_marker_parent', 'example_external_task_marker_child' retrieved from /home/airflow/.local/lib/python3.12/site-packages/airflow/example_dags/example_external_task_marker_dag.py
[2024-05-04T15:41:05.996+0000] {logging_mixin.py:188} INFO - [2024-05-04T15:41:05.996+0000] {dag.py:3096} INFO - Sync 2 DAGs
[2024-05-04T15:41:06.006+0000] {logging_mixin.py:188} INFO - [2024-05-04T15:41:06.006+0000] {dag.py:3954} INFO - Setting next_dagrun for example_external_task_marker_child to None, run_after=None
[2024-05-04T15:41:06.010+0000] {logging_mixin.py:188} INFO - [2024-05-04T15:41:06.010+0000] {dag.py:3954} INFO - Setting next_dagrun for example_external_task_marker_parent to None, run_after=None
[2024-05-04T15:41:06.026+0000] {processor.py:183} INFO - Processing /home/airflow/.local/lib/python3.12/site-packages/airflow/example_dags/example_external_task_marker_dag.py took 0.064 seconds
[2024-05-04T15:41:36.601+0000] {processor.py:161} INFO - Started process (PID=374) to work on /home/airflow/.local/lib/python3.12/site-packages/airflow/example_dags/example_external_task_marker_dag.py
[2024-05-04T15:41:36.601+0000] {processor.py:830} INFO - Processing file /home/airflow/.local/lib/python3.12/site-packages/airflow/example_dags/example_external_task_marker_dag.py for tasks to queue
[2024-05-04T15:41:36.602+0000] {logging_mixin.py:188} INFO - [2024-05-04T15:41:36.602+0000] {dagbag.py:540} INFO - Filling up the DagBag from /home/airflow/.local/lib/python3.12/site-packages/airflow/example_dags/example_external_task_marker_dag.py
[2024-05-04T15:41:36.607+0000] {processor.py:840} INFO - DAG(s) 'example_external_task_marker_child', 'example_external_task_marker_parent' retrieved from /home/airflow/.local/lib/python3.12/site-packages/airflow/example_dags/example_external_task_marker_dag.py
[2024-05-04T15:41:36.631+0000] {logging_mixin.py:188} INFO - [2024-05-04T15:41:36.631+0000] {dag.py:3096} INFO - Sync 2 DAGs
[2024-05-04T15:41:36.644+0000] {logging_mixin.py:188} INFO - [2024-05-04T15:41:36.644+0000] {dag.py:3954} INFO - Setting next_dagrun for example_external_task_marker_child to None, run_after=None
[2024-05-04T15:41:36.648+0000] {logging_mixin.py:188} INFO - [2024-05-04T15:41:36.647+0000] {dag.py:3954} INFO - Setting next_dagrun for example_external_task_marker_parent to None, run_after=None
[2024-05-04T15:41:36.662+0000] {processor.py:183} INFO - Processing /home/airflow/.local/lib/python3.12/site-packages/airflow/example_dags/example_external_task_marker_dag.py took 0.065 seconds
[2024-05-04T15:42:07.152+0000] {processor.py:161} INFO - Started process (PID=434) to work on /home/airflow/.local/lib/python3.12/site-packages/airflow/example_dags/example_external_task_marker_dag.py
[2024-05-04T15:42:07.153+0000] {processor.py:830} INFO - Processing file /home/airflow/.local/lib/python3.12/site-packages/airflow/example_dags/example_external_task_marker_dag.py for tasks to queue
[2024-05-04T15:42:07.155+0000] {logging_mixin.py:188} INFO - [2024-05-04T15:42:07.155+0000] {dagbag.py:540} INFO - Filling up the DagBag from /home/airflow/.local/lib/python3.12/site-packages/airflow/example_dags/example_external_task_marker_dag.py
[2024-05-04T15:42:07.161+0000] {processor.py:840} INFO - DAG(s) 'example_external_task_marker_parent', 'example_external_task_marker_child' retrieved from /home/airflow/.local/lib/python3.12/site-packages/airflow/example_dags/example_external_task_marker_dag.py
[2024-05-04T15:42:07.183+0000] {logging_mixin.py:188} INFO - [2024-05-04T15:42:07.182+0000] {dag.py:3096} INFO - Sync 2 DAGs
[2024-05-04T15:42:07.196+0000] {logging_mixin.py:188} INFO - [2024-05-04T15:42:07.196+0000] {dag.py:3954} INFO - Setting next_dagrun for example_external_task_marker_child to None, run_after=None
[2024-05-04T15:42:07.199+0000] {logging_mixin.py:188} INFO - [2024-05-04T15:42:07.199+0000] {dag.py:3954} INFO - Setting next_dagrun for example_external_task_marker_parent to None, run_after=None
[2024-05-04T15:42:07.214+0000] {processor.py:183} INFO - Processing /home/airflow/.local/lib/python3.12/site-packages/airflow/example_dags/example_external_task_marker_dag.py took 0.067 seconds
[2024-05-04T15:42:37.504+0000] {processor.py:161} INFO - Started process (PID=493) to work on /home/airflow/.local/lib/python3.12/site-packages/airflow/example_dags/example_external_task_marker_dag.py
[2024-05-04T15:42:37.505+0000] {processor.py:830} INFO - Processing file /home/airflow/.local/lib/python3.12/site-packages/airflow/example_dags/example_external_task_marker_dag.py for tasks to queue
[2024-05-04T15:42:37.506+0000] {logging_mixin.py:188} INFO - [2024-05-04T15:42:37.506+0000] {dagbag.py:540} INFO - Filling up the DagBag from /home/airflow/.local/lib/python3.12/site-packages/airflow/example_dags/example_external_task_marker_dag.py
[2024-05-04T15:42:37.511+0000] {processor.py:840} INFO - DAG(s) 'example_external_task_marker_parent', 'example_external_task_marker_child' retrieved from /home/airflow/.local/lib/python3.12/site-packages/airflow/example_dags/example_external_task_marker_dag.py
[2024-05-04T15:42:37.533+0000] {logging_mixin.py:188} INFO - [2024-05-04T15:42:37.533+0000] {dag.py:3096} INFO - Sync 2 DAGs
[2024-05-04T15:42:37.544+0000] {logging_mixin.py:188} INFO - [2024-05-04T15:42:37.543+0000] {dag.py:3954} INFO - Setting next_dagrun for example_external_task_marker_child to None, run_after=None
[2024-05-04T15:42:37.546+0000] {logging_mixin.py:188} INFO - [2024-05-04T15:42:37.546+0000] {dag.py:3954} INFO - Setting next_dagrun for example_external_task_marker_parent to None, run_after=None
[2024-05-04T15:42:37.565+0000] {processor.py:183} INFO - Processing /home/airflow/.local/lib/python3.12/site-packages/airflow/example_dags/example_external_task_marker_dag.py took 0.065 seconds
[2024-05-04T15:43:08.100+0000] {processor.py:161} INFO - Started process (PID=552) to work on /home/airflow/.local/lib/python3.12/site-packages/airflow/example_dags/example_external_task_marker_dag.py
[2024-05-04T15:43:08.100+0000] {processor.py:830} INFO - Processing file /home/airflow/.local/lib/python3.12/site-packages/airflow/example_dags/example_external_task_marker_dag.py for tasks to queue
[2024-05-04T15:43:08.102+0000] {logging_mixin.py:188} INFO - [2024-05-04T15:43:08.102+0000] {dagbag.py:540} INFO - Filling up the DagBag from /home/airflow/.local/lib/python3.12/site-packages/airflow/example_dags/example_external_task_marker_dag.py
[2024-05-04T15:43:08.106+0000] {processor.py:840} INFO - DAG(s) 'example_external_task_marker_child', 'example_external_task_marker_parent' retrieved from /home/airflow/.local/lib/python3.12/site-packages/airflow/example_dags/example_external_task_marker_dag.py
[2024-05-04T15:43:08.127+0000] {logging_mixin.py:188} INFO - [2024-05-04T15:43:08.127+0000] {dag.py:3096} INFO - Sync 2 DAGs
[2024-05-04T15:43:08.137+0000] {logging_mixin.py:188} INFO - [2024-05-04T15:43:08.137+0000] {dag.py:3954} INFO - Setting next_dagrun for example_external_task_marker_child to None, run_after=None
[2024-05-04T15:43:08.140+0000] {logging_mixin.py:188} INFO - [2024-05-04T15:43:08.140+0000] {dag.py:3954} INFO - Setting next_dagrun for example_external_task_marker_parent to None, run_after=None
[2024-05-04T15:43:08.154+0000] {processor.py:183} INFO - Processing /home/airflow/.local/lib/python3.12/site-packages/airflow/example_dags/example_external_task_marker_dag.py took 0.059 seconds
[2024-05-04T15:43:38.715+0000] {processor.py:161} INFO - Started process (PID=612) to work on /home/airflow/.local/lib/python3.12/site-packages/airflow/example_dags/example_external_task_marker_dag.py
[2024-05-04T15:43:38.716+0000] {processor.py:830} INFO - Processing file /home/airflow/.local/lib/python3.12/site-packages/airflow/example_dags/example_external_task_marker_dag.py for tasks to queue
[2024-05-04T15:43:38.717+0000] {logging_mixin.py:188} INFO - [2024-05-04T15:43:38.717+0000] {dagbag.py:540} INFO - Filling up the DagBag from /home/airflow/.local/lib/python3.12/site-packages/airflow/example_dags/example_external_task_marker_dag.py
[2024-05-04T15:43:38.723+0000] {processor.py:840} INFO - DAG(s) 'example_external_task_marker_parent', 'example_external_task_marker_child' retrieved from /home/airflow/.local/lib/python3.12/site-packages/airflow/example_dags/example_external_task_marker_dag.py
[2024-05-04T15:43:38.742+0000] {logging_mixin.py:188} INFO - [2024-05-04T15:43:38.742+0000] {dag.py:3096} INFO - Sync 2 DAGs
[2024-05-04T15:43:38.751+0000] {logging_mixin.py:188} INFO - [2024-05-04T15:43:38.751+0000] {dag.py:3954} INFO - Setting next_dagrun for example_external_task_marker_child to None, run_after=None
[2024-05-04T15:43:38.754+0000] {logging_mixin.py:188} INFO - [2024-05-04T15:43:38.754+0000] {dag.py:3954} INFO - Setting next_dagrun for example_external_task_marker_parent to None, run_after=None
[2024-05-04T15:43:38.768+0000] {processor.py:183} INFO - Processing /home/airflow/.local/lib/python3.12/site-packages/airflow/example_dags/example_external_task_marker_dag.py took 0.058 seconds
[2024-05-04T15:44:08.831+0000] {processor.py:161} INFO - Started process (PID=672) to work on /home/airflow/.local/lib/python3.12/site-packages/airflow/example_dags/example_external_task_marker_dag.py
[2024-05-04T15:44:08.832+0000] {processor.py:830} INFO - Processing file /home/airflow/.local/lib/python3.12/site-packages/airflow/example_dags/example_external_task_marker_dag.py for tasks to queue
[2024-05-04T15:44:08.834+0000] {logging_mixin.py:188} INFO - [2024-05-04T15:44:08.834+0000] {dagbag.py:540} INFO - Filling up the DagBag from /home/airflow/.local/lib/python3.12/site-packages/airflow/example_dags/example_external_task_marker_dag.py
[2024-05-04T15:44:08.839+0000] {processor.py:840} INFO - DAG(s) 'example_external_task_marker_child', 'example_external_task_marker_parent' retrieved from /home/airflow/.local/lib/python3.12/site-packages/airflow/example_dags/example_external_task_marker_dag.py
[2024-05-04T15:44:08.860+0000] {logging_mixin.py:188} INFO - [2024-05-04T15:44:08.860+0000] {dag.py:3096} INFO - Sync 2 DAGs
[2024-05-04T15:44:08.870+0000] {logging_mixin.py:188} INFO - [2024-05-04T15:44:08.870+0000] {dag.py:3954} INFO - Setting next_dagrun for example_external_task_marker_child to None, run_after=None
[2024-05-04T15:44:08.873+0000] {logging_mixin.py:188} INFO - [2024-05-04T15:44:08.873+0000] {dag.py:3954} INFO - Setting next_dagrun for example_external_task_marker_parent to None, run_after=None
[2024-05-04T15:44:08.886+0000] {processor.py:183} INFO - Processing /home/airflow/.local/lib/python3.12/site-packages/airflow/example_dags/example_external_task_marker_dag.py took 0.061 seconds
[2024-05-04T15:44:39.465+0000] {processor.py:161} INFO - Started process (PID=732) to work on /home/airflow/.local/lib/python3.12/site-packages/airflow/example_dags/example_external_task_marker_dag.py
[2024-05-04T15:44:39.466+0000] {processor.py:830} INFO - Processing file /home/airflow/.local/lib/python3.12/site-packages/airflow/example_dags/example_external_task_marker_dag.py for tasks to queue
[2024-05-04T15:44:39.467+0000] {logging_mixin.py:188} INFO - [2024-05-04T15:44:39.467+0000] {dagbag.py:540} INFO - Filling up the DagBag from /home/airflow/.local/lib/python3.12/site-packages/airflow/example_dags/example_external_task_marker_dag.py
[2024-05-04T15:44:39.473+0000] {processor.py:840} INFO - DAG(s) 'example_external_task_marker_child', 'example_external_task_marker_parent' retrieved from /home/airflow/.local/lib/python3.12/site-packages/airflow/example_dags/example_external_task_marker_dag.py
[2024-05-04T15:44:39.492+0000] {logging_mixin.py:188} INFO - [2024-05-04T15:44:39.492+0000] {dag.py:3096} INFO - Sync 2 DAGs
[2024-05-04T15:44:39.502+0000] {logging_mixin.py:188} INFO - [2024-05-04T15:44:39.502+0000] {dag.py:3954} INFO - Setting next_dagrun for example_external_task_marker_child to None, run_after=None
[2024-05-04T15:44:39.508+0000] {logging_mixin.py:188} INFO - [2024-05-04T15:44:39.508+0000] {dag.py:3954} INFO - Setting next_dagrun for example_external_task_marker_parent to None, run_after=None
[2024-05-04T15:44:39.525+0000] {processor.py:183} INFO - Processing /home/airflow/.local/lib/python3.12/site-packages/airflow/example_dags/example_external_task_marker_dag.py took 0.065 seconds
[2024-05-04T15:45:09.986+0000] {processor.py:161} INFO - Started process (PID=792) to work on /home/airflow/.local/lib/python3.12/site-packages/airflow/example_dags/example_external_task_marker_dag.py
[2024-05-04T15:45:09.987+0000] {processor.py:830} INFO - Processing file /home/airflow/.local/lib/python3.12/site-packages/airflow/example_dags/example_external_task_marker_dag.py for tasks to queue
[2024-05-04T15:45:09.989+0000] {logging_mixin.py:188} INFO - [2024-05-04T15:45:09.988+0000] {dagbag.py:540} INFO - Filling up the DagBag from /home/airflow/.local/lib/python3.12/site-packages/airflow/example_dags/example_external_task_marker_dag.py
[2024-05-04T15:45:09.993+0000] {processor.py:840} INFO - DAG(s) 'example_external_task_marker_child', 'example_external_task_marker_parent' retrieved from /home/airflow/.local/lib/python3.12/site-packages/airflow/example_dags/example_external_task_marker_dag.py
[2024-05-04T15:45:10.010+0000] {logging_mixin.py:188} INFO - [2024-05-04T15:45:10.010+0000] {dag.py:3096} INFO - Sync 2 DAGs
[2024-05-04T15:45:10.020+0000] {logging_mixin.py:188} INFO - [2024-05-04T15:45:10.020+0000] {dag.py:3954} INFO - Setting next_dagrun for example_external_task_marker_child to None, run_after=None
[2024-05-04T15:45:10.023+0000] {logging_mixin.py:188} INFO - [2024-05-04T15:45:10.023+0000] {dag.py:3954} INFO - Setting next_dagrun for example_external_task_marker_parent to None, run_after=None
[2024-05-04T15:45:10.037+0000] {processor.py:183} INFO - Processing /home/airflow/.local/lib/python3.12/site-packages/airflow/example_dags/example_external_task_marker_dag.py took 0.055 seconds
[2024-05-04T15:45:40.907+0000] {processor.py:161} INFO - Started process (PID=852) to work on /home/airflow/.local/lib/python3.12/site-packages/airflow/example_dags/example_external_task_marker_dag.py
[2024-05-04T15:45:40.908+0000] {processor.py:830} INFO - Processing file /home/airflow/.local/lib/python3.12/site-packages/airflow/example_dags/example_external_task_marker_dag.py for tasks to queue
[2024-05-04T15:45:40.910+0000] {logging_mixin.py:188} INFO - [2024-05-04T15:45:40.909+0000] {dagbag.py:540} INFO - Filling up the DagBag from /home/airflow/.local/lib/python3.12/site-packages/airflow/example_dags/example_external_task_marker_dag.py
[2024-05-04T15:45:40.914+0000] {processor.py:840} INFO - DAG(s) 'example_external_task_marker_child', 'example_external_task_marker_parent' retrieved from /home/airflow/.local/lib/python3.12/site-packages/airflow/example_dags/example_external_task_marker_dag.py
[2024-05-04T15:45:40.933+0000] {logging_mixin.py:188} INFO - [2024-05-04T15:45:40.932+0000] {dag.py:3096} INFO - Sync 2 DAGs
[2024-05-04T15:45:40.943+0000] {logging_mixin.py:188} INFO - [2024-05-04T15:45:40.943+0000] {dag.py:3954} INFO - Setting next_dagrun for example_external_task_marker_child to None, run_after=None
[2024-05-04T15:45:40.946+0000] {logging_mixin.py:188} INFO - [2024-05-04T15:45:40.946+0000] {dag.py:3954} INFO - Setting next_dagrun for example_external_task_marker_parent to None, run_after=None
[2024-05-04T15:45:40.963+0000] {processor.py:183} INFO - Processing /home/airflow/.local/lib/python3.12/site-packages/airflow/example_dags/example_external_task_marker_dag.py took 0.060 seconds
