[2024-05-04T15:39:01.761+0000] {processor.py:161} INFO - Started process (PID=49) to work on /home/airflow/.local/lib/python3.12/site-packages/airflow/example_dags/example_sla_dag.py
[2024-05-04T15:39:01.761+0000] {processor.py:830} INFO - Processing file /home/airflow/.local/lib/python3.12/site-packages/airflow/example_dags/example_sla_dag.py for tasks to queue
[2024-05-04T15:39:01.764+0000] {logging_mixin.py:188} INFO - [2024-05-04T15:39:01.763+0000] {dagbag.py:540} INFO - Filling up the DagBag from /home/airflow/.local/lib/python3.12/site-packages/airflow/example_dags/example_sla_dag.py
[2024-05-04T15:39:01.773+0000] {processor.py:840} INFO - DAG(s) 'example_sla_dag' retrieved from /home/airflow/.local/lib/python3.12/site-packages/airflow/example_dags/example_sla_dag.py
[2024-05-04T15:39:01.897+0000] {logging_mixin.py:188} INFO - [2024-05-04T15:39:01.897+0000] {dag.py:3096} INFO - Sync 1 DAGs
[2024-05-04T15:39:01.919+0000] {logging_mixin.py:188} INFO - [2024-05-04T15:39:01.919+0000] {dag.py:3954} INFO - Setting next_dagrun for example_sla_dag to 2024-05-04 15:36:00+00:00, run_after=2024-05-04 15:38:00+00:00
[2024-05-04T15:39:01.940+0000] {processor.py:183} INFO - Processing /home/airflow/.local/lib/python3.12/site-packages/airflow/example_dags/example_sla_dag.py took 0.185 seconds
[2024-05-04T15:39:32.863+0000] {processor.py:161} INFO - Started process (PID=110) to work on /home/airflow/.local/lib/python3.12/site-packages/airflow/example_dags/example_sla_dag.py
[2024-05-04T15:39:32.864+0000] {processor.py:830} INFO - Processing file /home/airflow/.local/lib/python3.12/site-packages/airflow/example_dags/example_sla_dag.py for tasks to queue
[2024-05-04T15:39:32.866+0000] {logging_mixin.py:188} INFO - [2024-05-04T15:39:32.866+0000] {dagbag.py:540} INFO - Filling up the DagBag from /home/airflow/.local/lib/python3.12/site-packages/airflow/example_dags/example_sla_dag.py
[2024-05-04T15:39:32.873+0000] {processor.py:840} INFO - DAG(s) 'example_sla_dag' retrieved from /home/airflow/.local/lib/python3.12/site-packages/airflow/example_dags/example_sla_dag.py
[2024-05-04T15:39:32.890+0000] {logging_mixin.py:188} INFO - [2024-05-04T15:39:32.890+0000] {dag.py:3096} INFO - Sync 1 DAGs
[2024-05-04T15:39:32.912+0000] {logging_mixin.py:188} INFO - [2024-05-04T15:39:32.912+0000] {dag.py:3954} INFO - Setting next_dagrun for example_sla_dag to 2024-05-04 15:36:00+00:00, run_after=2024-05-04 15:38:00+00:00
[2024-05-04T15:39:32.928+0000] {processor.py:183} INFO - Processing /home/airflow/.local/lib/python3.12/site-packages/airflow/example_dags/example_sla_dag.py took 0.070 seconds
[2024-05-04T15:40:03.536+0000] {processor.py:161} INFO - Started process (PID=174) to work on /home/airflow/.local/lib/python3.12/site-packages/airflow/example_dags/example_sla_dag.py
[2024-05-04T15:40:03.537+0000] {processor.py:830} INFO - Processing file /home/airflow/.local/lib/python3.12/site-packages/airflow/example_dags/example_sla_dag.py for tasks to queue
[2024-05-04T15:40:03.539+0000] {logging_mixin.py:188} INFO - [2024-05-04T15:40:03.538+0000] {dagbag.py:540} INFO - Filling up the DagBag from /home/airflow/.local/lib/python3.12/site-packages/airflow/example_dags/example_sla_dag.py
[2024-05-04T15:40:03.545+0000] {processor.py:840} INFO - DAG(s) 'example_sla_dag' retrieved from /home/airflow/.local/lib/python3.12/site-packages/airflow/example_dags/example_sla_dag.py
[2024-05-04T15:40:03.561+0000] {logging_mixin.py:188} INFO - [2024-05-04T15:40:03.561+0000] {dag.py:3096} INFO - Sync 1 DAGs
[2024-05-04T15:40:03.582+0000] {logging_mixin.py:188} INFO - [2024-05-04T15:40:03.582+0000] {dag.py:3954} INFO - Setting next_dagrun for example_sla_dag to 2024-05-04 15:38:00+00:00, run_after=2024-05-04 15:40:00+00:00
[2024-05-04T15:40:03.599+0000] {processor.py:183} INFO - Processing /home/airflow/.local/lib/python3.12/site-packages/airflow/example_dags/example_sla_dag.py took 0.067 seconds
[2024-05-04T15:40:34.274+0000] {processor.py:161} INFO - Started process (PID=234) to work on /home/airflow/.local/lib/python3.12/site-packages/airflow/example_dags/example_sla_dag.py
[2024-05-04T15:40:34.275+0000] {processor.py:830} INFO - Processing file /home/airflow/.local/lib/python3.12/site-packages/airflow/example_dags/example_sla_dag.py for tasks to queue
[2024-05-04T15:40:34.277+0000] {logging_mixin.py:188} INFO - [2024-05-04T15:40:34.276+0000] {dagbag.py:540} INFO - Filling up the DagBag from /home/airflow/.local/lib/python3.12/site-packages/airflow/example_dags/example_sla_dag.py
[2024-05-04T15:40:34.284+0000] {processor.py:840} INFO - DAG(s) 'example_sla_dag' retrieved from /home/airflow/.local/lib/python3.12/site-packages/airflow/example_dags/example_sla_dag.py
[2024-05-04T15:40:34.302+0000] {logging_mixin.py:188} INFO - [2024-05-04T15:40:34.302+0000] {dag.py:3096} INFO - Sync 1 DAGs
[2024-05-04T15:40:34.328+0000] {logging_mixin.py:188} INFO - [2024-05-04T15:40:34.327+0000] {dag.py:3954} INFO - Setting next_dagrun for example_sla_dag to 2024-05-04 15:38:00+00:00, run_after=2024-05-04 15:40:00+00:00
[2024-05-04T15:40:34.346+0000] {processor.py:183} INFO - Processing /home/airflow/.local/lib/python3.12/site-packages/airflow/example_dags/example_sla_dag.py took 0.076 seconds
[2024-05-04T15:41:04.689+0000] {processor.py:161} INFO - Started process (PID=292) to work on /home/airflow/.local/lib/python3.12/site-packages/airflow/example_dags/example_sla_dag.py
[2024-05-04T15:41:04.690+0000] {processor.py:830} INFO - Processing file /home/airflow/.local/lib/python3.12/site-packages/airflow/example_dags/example_sla_dag.py for tasks to queue
[2024-05-04T15:41:04.692+0000] {logging_mixin.py:188} INFO - [2024-05-04T15:41:04.692+0000] {dagbag.py:540} INFO - Filling up the DagBag from /home/airflow/.local/lib/python3.12/site-packages/airflow/example_dags/example_sla_dag.py
[2024-05-04T15:41:04.700+0000] {processor.py:840} INFO - DAG(s) 'example_sla_dag' retrieved from /home/airflow/.local/lib/python3.12/site-packages/airflow/example_dags/example_sla_dag.py
[2024-05-04T15:41:04.719+0000] {logging_mixin.py:188} INFO - [2024-05-04T15:41:04.718+0000] {dag.py:3096} INFO - Sync 1 DAGs
[2024-05-04T15:41:04.741+0000] {logging_mixin.py:188} INFO - [2024-05-04T15:41:04.740+0000] {dag.py:3954} INFO - Setting next_dagrun for example_sla_dag to 2024-05-04 15:38:00+00:00, run_after=2024-05-04 15:40:00+00:00
[2024-05-04T15:41:04.757+0000] {processor.py:183} INFO - Processing /home/airflow/.local/lib/python3.12/site-packages/airflow/example_dags/example_sla_dag.py took 0.074 seconds
[2024-05-04T15:41:35.434+0000] {processor.py:161} INFO - Started process (PID=352) to work on /home/airflow/.local/lib/python3.12/site-packages/airflow/example_dags/example_sla_dag.py
[2024-05-04T15:41:35.435+0000] {processor.py:830} INFO - Processing file /home/airflow/.local/lib/python3.12/site-packages/airflow/example_dags/example_sla_dag.py for tasks to queue
[2024-05-04T15:41:35.436+0000] {logging_mixin.py:188} INFO - [2024-05-04T15:41:35.436+0000] {dagbag.py:540} INFO - Filling up the DagBag from /home/airflow/.local/lib/python3.12/site-packages/airflow/example_dags/example_sla_dag.py
[2024-05-04T15:41:35.443+0000] {processor.py:840} INFO - DAG(s) 'example_sla_dag' retrieved from /home/airflow/.local/lib/python3.12/site-packages/airflow/example_dags/example_sla_dag.py
[2024-05-04T15:41:35.458+0000] {logging_mixin.py:188} INFO - [2024-05-04T15:41:35.457+0000] {dag.py:3096} INFO - Sync 1 DAGs
[2024-05-04T15:41:35.484+0000] {logging_mixin.py:188} INFO - [2024-05-04T15:41:35.484+0000] {dag.py:3954} INFO - Setting next_dagrun for example_sla_dag to 2024-05-04 15:38:00+00:00, run_after=2024-05-04 15:40:00+00:00
[2024-05-04T15:41:35.503+0000] {processor.py:183} INFO - Processing /home/airflow/.local/lib/python3.12/site-packages/airflow/example_dags/example_sla_dag.py took 0.076 seconds
[2024-05-04T15:42:06.022+0000] {processor.py:161} INFO - Started process (PID=412) to work on /home/airflow/.local/lib/python3.12/site-packages/airflow/example_dags/example_sla_dag.py
[2024-05-04T15:42:06.022+0000] {processor.py:830} INFO - Processing file /home/airflow/.local/lib/python3.12/site-packages/airflow/example_dags/example_sla_dag.py for tasks to queue
[2024-05-04T15:42:06.024+0000] {logging_mixin.py:188} INFO - [2024-05-04T15:42:06.023+0000] {dagbag.py:540} INFO - Filling up the DagBag from /home/airflow/.local/lib/python3.12/site-packages/airflow/example_dags/example_sla_dag.py
[2024-05-04T15:42:06.030+0000] {processor.py:840} INFO - DAG(s) 'example_sla_dag' retrieved from /home/airflow/.local/lib/python3.12/site-packages/airflow/example_dags/example_sla_dag.py
[2024-05-04T15:42:06.043+0000] {logging_mixin.py:188} INFO - [2024-05-04T15:42:06.043+0000] {dag.py:3096} INFO - Sync 1 DAGs
[2024-05-04T15:42:06.061+0000] {logging_mixin.py:188} INFO - [2024-05-04T15:42:06.061+0000] {dag.py:3954} INFO - Setting next_dagrun for example_sla_dag to 2024-05-04 15:40:00+00:00, run_after=2024-05-04 15:42:00+00:00
[2024-05-04T15:42:06.076+0000] {processor.py:183} INFO - Processing /home/airflow/.local/lib/python3.12/site-packages/airflow/example_dags/example_sla_dag.py took 0.059 seconds
[2024-05-04T15:42:36.684+0000] {processor.py:161} INFO - Started process (PID=472) to work on /home/airflow/.local/lib/python3.12/site-packages/airflow/example_dags/example_sla_dag.py
[2024-05-04T15:42:36.685+0000] {processor.py:830} INFO - Processing file /home/airflow/.local/lib/python3.12/site-packages/airflow/example_dags/example_sla_dag.py for tasks to queue
[2024-05-04T15:42:36.686+0000] {logging_mixin.py:188} INFO - [2024-05-04T15:42:36.686+0000] {dagbag.py:540} INFO - Filling up the DagBag from /home/airflow/.local/lib/python3.12/site-packages/airflow/example_dags/example_sla_dag.py
[2024-05-04T15:42:36.694+0000] {processor.py:840} INFO - DAG(s) 'example_sla_dag' retrieved from /home/airflow/.local/lib/python3.12/site-packages/airflow/example_dags/example_sla_dag.py
[2024-05-04T15:42:36.708+0000] {logging_mixin.py:188} INFO - [2024-05-04T15:42:36.708+0000] {dag.py:3096} INFO - Sync 1 DAGs
[2024-05-04T15:42:36.727+0000] {logging_mixin.py:188} INFO - [2024-05-04T15:42:36.727+0000] {dag.py:3954} INFO - Setting next_dagrun for example_sla_dag to 2024-05-04 15:40:00+00:00, run_after=2024-05-04 15:42:00+00:00
[2024-05-04T15:42:36.742+0000] {processor.py:183} INFO - Processing /home/airflow/.local/lib/python3.12/site-packages/airflow/example_dags/example_sla_dag.py took 0.062 seconds
[2024-05-04T15:43:07.206+0000] {processor.py:161} INFO - Started process (PID=532) to work on /home/airflow/.local/lib/python3.12/site-packages/airflow/example_dags/example_sla_dag.py
[2024-05-04T15:43:07.207+0000] {processor.py:830} INFO - Processing file /home/airflow/.local/lib/python3.12/site-packages/airflow/example_dags/example_sla_dag.py for tasks to queue
[2024-05-04T15:43:07.209+0000] {logging_mixin.py:188} INFO - [2024-05-04T15:43:07.209+0000] {dagbag.py:540} INFO - Filling up the DagBag from /home/airflow/.local/lib/python3.12/site-packages/airflow/example_dags/example_sla_dag.py
[2024-05-04T15:43:07.216+0000] {processor.py:840} INFO - DAG(s) 'example_sla_dag' retrieved from /home/airflow/.local/lib/python3.12/site-packages/airflow/example_dags/example_sla_dag.py
[2024-05-04T15:43:07.232+0000] {logging_mixin.py:188} INFO - [2024-05-04T15:43:07.231+0000] {dag.py:3096} INFO - Sync 1 DAGs
[2024-05-04T15:43:07.252+0000] {logging_mixin.py:188} INFO - [2024-05-04T15:43:07.252+0000] {dag.py:3954} INFO - Setting next_dagrun for example_sla_dag to 2024-05-04 15:40:00+00:00, run_after=2024-05-04 15:42:00+00:00
[2024-05-04T15:43:07.268+0000] {processor.py:183} INFO - Processing /home/airflow/.local/lib/python3.12/site-packages/airflow/example_dags/example_sla_dag.py took 0.067 seconds
[2024-05-04T15:43:37.656+0000] {processor.py:161} INFO - Started process (PID=592) to work on /home/airflow/.local/lib/python3.12/site-packages/airflow/example_dags/example_sla_dag.py
[2024-05-04T15:43:37.658+0000] {processor.py:830} INFO - Processing file /home/airflow/.local/lib/python3.12/site-packages/airflow/example_dags/example_sla_dag.py for tasks to queue
[2024-05-04T15:43:37.660+0000] {logging_mixin.py:188} INFO - [2024-05-04T15:43:37.660+0000] {dagbag.py:540} INFO - Filling up the DagBag from /home/airflow/.local/lib/python3.12/site-packages/airflow/example_dags/example_sla_dag.py
[2024-05-04T15:43:37.668+0000] {processor.py:840} INFO - DAG(s) 'example_sla_dag' retrieved from /home/airflow/.local/lib/python3.12/site-packages/airflow/example_dags/example_sla_dag.py
[2024-05-04T15:43:37.688+0000] {logging_mixin.py:188} INFO - [2024-05-04T15:43:37.688+0000] {dag.py:3096} INFO - Sync 1 DAGs
[2024-05-04T15:43:37.718+0000] {logging_mixin.py:188} INFO - [2024-05-04T15:43:37.717+0000] {dag.py:3954} INFO - Setting next_dagrun for example_sla_dag to 2024-05-04 15:40:00+00:00, run_after=2024-05-04 15:42:00+00:00
[2024-05-04T15:43:37.737+0000] {processor.py:183} INFO - Processing /home/airflow/.local/lib/python3.12/site-packages/airflow/example_dags/example_sla_dag.py took 0.089 seconds
[2024-05-04T15:44:07.935+0000] {processor.py:161} INFO - Started process (PID=652) to work on /home/airflow/.local/lib/python3.12/site-packages/airflow/example_dags/example_sla_dag.py
[2024-05-04T15:44:07.936+0000] {processor.py:830} INFO - Processing file /home/airflow/.local/lib/python3.12/site-packages/airflow/example_dags/example_sla_dag.py for tasks to queue
[2024-05-04T15:44:07.937+0000] {logging_mixin.py:188} INFO - [2024-05-04T15:44:07.937+0000] {dagbag.py:540} INFO - Filling up the DagBag from /home/airflow/.local/lib/python3.12/site-packages/airflow/example_dags/example_sla_dag.py
[2024-05-04T15:44:07.944+0000] {processor.py:840} INFO - DAG(s) 'example_sla_dag' retrieved from /home/airflow/.local/lib/python3.12/site-packages/airflow/example_dags/example_sla_dag.py
[2024-05-04T15:44:07.957+0000] {logging_mixin.py:188} INFO - [2024-05-04T15:44:07.957+0000] {dag.py:3096} INFO - Sync 1 DAGs
[2024-05-04T15:44:07.976+0000] {logging_mixin.py:188} INFO - [2024-05-04T15:44:07.976+0000] {dag.py:3954} INFO - Setting next_dagrun for example_sla_dag to 2024-05-04 15:42:00+00:00, run_after=2024-05-04 15:44:00+00:00
[2024-05-04T15:44:07.992+0000] {processor.py:183} INFO - Processing /home/airflow/.local/lib/python3.12/site-packages/airflow/example_dags/example_sla_dag.py took 0.062 seconds
[2024-05-04T15:44:38.468+0000] {processor.py:161} INFO - Started process (PID=712) to work on /home/airflow/.local/lib/python3.12/site-packages/airflow/example_dags/example_sla_dag.py
[2024-05-04T15:44:38.469+0000] {processor.py:830} INFO - Processing file /home/airflow/.local/lib/python3.12/site-packages/airflow/example_dags/example_sla_dag.py for tasks to queue
[2024-05-04T15:44:38.470+0000] {logging_mixin.py:188} INFO - [2024-05-04T15:44:38.470+0000] {dagbag.py:540} INFO - Filling up the DagBag from /home/airflow/.local/lib/python3.12/site-packages/airflow/example_dags/example_sla_dag.py
[2024-05-04T15:44:38.477+0000] {processor.py:840} INFO - DAG(s) 'example_sla_dag' retrieved from /home/airflow/.local/lib/python3.12/site-packages/airflow/example_dags/example_sla_dag.py
[2024-05-04T15:44:38.494+0000] {logging_mixin.py:188} INFO - [2024-05-04T15:44:38.494+0000] {dag.py:3096} INFO - Sync 1 DAGs
[2024-05-04T15:44:38.521+0000] {logging_mixin.py:188} INFO - [2024-05-04T15:44:38.521+0000] {dag.py:3954} INFO - Setting next_dagrun for example_sla_dag to 2024-05-04 15:42:00+00:00, run_after=2024-05-04 15:44:00+00:00
[2024-05-04T15:44:38.539+0000] {processor.py:183} INFO - Processing /home/airflow/.local/lib/python3.12/site-packages/airflow/example_dags/example_sla_dag.py took 0.076 seconds
[2024-05-04T15:45:09.186+0000] {processor.py:161} INFO - Started process (PID=772) to work on /home/airflow/.local/lib/python3.12/site-packages/airflow/example_dags/example_sla_dag.py
[2024-05-04T15:45:09.187+0000] {processor.py:830} INFO - Processing file /home/airflow/.local/lib/python3.12/site-packages/airflow/example_dags/example_sla_dag.py for tasks to queue
[2024-05-04T15:45:09.188+0000] {logging_mixin.py:188} INFO - [2024-05-04T15:45:09.188+0000] {dagbag.py:540} INFO - Filling up the DagBag from /home/airflow/.local/lib/python3.12/site-packages/airflow/example_dags/example_sla_dag.py
[2024-05-04T15:45:09.194+0000] {processor.py:840} INFO - DAG(s) 'example_sla_dag' retrieved from /home/airflow/.local/lib/python3.12/site-packages/airflow/example_dags/example_sla_dag.py
[2024-05-04T15:45:09.208+0000] {logging_mixin.py:188} INFO - [2024-05-04T15:45:09.208+0000] {dag.py:3096} INFO - Sync 1 DAGs
[2024-05-04T15:45:09.225+0000] {logging_mixin.py:188} INFO - [2024-05-04T15:45:09.225+0000] {dag.py:3954} INFO - Setting next_dagrun for example_sla_dag to 2024-05-04 15:42:00+00:00, run_after=2024-05-04 15:44:00+00:00
[2024-05-04T15:45:09.240+0000] {processor.py:183} INFO - Processing /home/airflow/.local/lib/python3.12/site-packages/airflow/example_dags/example_sla_dag.py took 0.059 seconds
[2024-05-04T15:45:40.055+0000] {processor.py:161} INFO - Started process (PID=832) to work on /home/airflow/.local/lib/python3.12/site-packages/airflow/example_dags/example_sla_dag.py
[2024-05-04T15:45:40.056+0000] {processor.py:830} INFO - Processing file /home/airflow/.local/lib/python3.12/site-packages/airflow/example_dags/example_sla_dag.py for tasks to queue
[2024-05-04T15:45:40.058+0000] {logging_mixin.py:188} INFO - [2024-05-04T15:45:40.057+0000] {dagbag.py:540} INFO - Filling up the DagBag from /home/airflow/.local/lib/python3.12/site-packages/airflow/example_dags/example_sla_dag.py
[2024-05-04T15:45:40.065+0000] {processor.py:840} INFO - DAG(s) 'example_sla_dag' retrieved from /home/airflow/.local/lib/python3.12/site-packages/airflow/example_dags/example_sla_dag.py
[2024-05-04T15:45:40.080+0000] {logging_mixin.py:188} INFO - [2024-05-04T15:45:40.080+0000] {dag.py:3096} INFO - Sync 1 DAGs
[2024-05-04T15:45:40.098+0000] {logging_mixin.py:188} INFO - [2024-05-04T15:45:40.098+0000] {dag.py:3954} INFO - Setting next_dagrun for example_sla_dag to 2024-05-04 15:42:00+00:00, run_after=2024-05-04 15:44:00+00:00
[2024-05-04T15:45:40.113+0000] {processor.py:183} INFO - Processing /home/airflow/.local/lib/python3.12/site-packages/airflow/example_dags/example_sla_dag.py took 0.065 seconds
