[2024-05-04T15:39:02.899+0000] {processor.py:161} INFO - Started process (PID=61) to work on /home/airflow/.local/lib/python3.12/site-packages/airflow/example_dags/example_skip_dag.py
[2024-05-04T15:39:02.900+0000] {processor.py:830} INFO - Processing file /home/airflow/.local/lib/python3.12/site-packages/airflow/example_dags/example_skip_dag.py for tasks to queue
[2024-05-04T15:39:02.902+0000] {logging_mixin.py:188} INFO - [2024-05-04T15:39:02.901+0000] {dagbag.py:540} INFO - Filling up the DagBag from /home/airflow/.local/lib/python3.12/site-packages/airflow/example_dags/example_skip_dag.py
[2024-05-04T15:39:02.906+0000] {processor.py:840} INFO - DAG(s) 'example_skip_dag' retrieved from /home/airflow/.local/lib/python3.12/site-packages/airflow/example_dags/example_skip_dag.py
[2024-05-04T15:39:02.993+0000] {logging_mixin.py:188} INFO - [2024-05-04T15:39:02.993+0000] {dag.py:3096} INFO - Sync 1 DAGs
[2024-05-04T15:39:03.010+0000] {logging_mixin.py:188} INFO - [2024-05-04T15:39:03.010+0000] {dag.py:3954} INFO - Setting next_dagrun for example_skip_dag to 2024-05-03 00:00:00+00:00, run_after=2024-05-04 00:00:00+00:00
[2024-05-04T15:39:03.029+0000] {processor.py:183} INFO - Processing /home/airflow/.local/lib/python3.12/site-packages/airflow/example_dags/example_skip_dag.py took 0.135 seconds
[2024-05-04T15:39:33.516+0000] {processor.py:161} INFO - Started process (PID=122) to work on /home/airflow/.local/lib/python3.12/site-packages/airflow/example_dags/example_skip_dag.py
[2024-05-04T15:39:33.517+0000] {processor.py:830} INFO - Processing file /home/airflow/.local/lib/python3.12/site-packages/airflow/example_dags/example_skip_dag.py for tasks to queue
[2024-05-04T15:39:33.518+0000] {logging_mixin.py:188} INFO - [2024-05-04T15:39:33.518+0000] {dagbag.py:540} INFO - Filling up the DagBag from /home/airflow/.local/lib/python3.12/site-packages/airflow/example_dags/example_skip_dag.py
[2024-05-04T15:39:33.523+0000] {processor.py:840} INFO - DAG(s) 'example_skip_dag' retrieved from /home/airflow/.local/lib/python3.12/site-packages/airflow/example_dags/example_skip_dag.py
[2024-05-04T15:39:33.538+0000] {logging_mixin.py:188} INFO - [2024-05-04T15:39:33.538+0000] {dag.py:3096} INFO - Sync 1 DAGs
[2024-05-04T15:39:33.555+0000] {logging_mixin.py:188} INFO - [2024-05-04T15:39:33.555+0000] {dag.py:3954} INFO - Setting next_dagrun for example_skip_dag to 2024-05-03 00:00:00+00:00, run_after=2024-05-04 00:00:00+00:00
[2024-05-04T15:39:33.569+0000] {processor.py:183} INFO - Processing /home/airflow/.local/lib/python3.12/site-packages/airflow/example_dags/example_skip_dag.py took 0.057 seconds
[2024-05-04T15:40:04.307+0000] {processor.py:161} INFO - Started process (PID=186) to work on /home/airflow/.local/lib/python3.12/site-packages/airflow/example_dags/example_skip_dag.py
[2024-05-04T15:40:04.308+0000] {processor.py:830} INFO - Processing file /home/airflow/.local/lib/python3.12/site-packages/airflow/example_dags/example_skip_dag.py for tasks to queue
[2024-05-04T15:40:04.310+0000] {logging_mixin.py:188} INFO - [2024-05-04T15:40:04.310+0000] {dagbag.py:540} INFO - Filling up the DagBag from /home/airflow/.local/lib/python3.12/site-packages/airflow/example_dags/example_skip_dag.py
[2024-05-04T15:40:04.316+0000] {processor.py:840} INFO - DAG(s) 'example_skip_dag' retrieved from /home/airflow/.local/lib/python3.12/site-packages/airflow/example_dags/example_skip_dag.py
[2024-05-04T15:40:04.334+0000] {logging_mixin.py:188} INFO - [2024-05-04T15:40:04.334+0000] {dag.py:3096} INFO - Sync 1 DAGs
[2024-05-04T15:40:04.357+0000] {logging_mixin.py:188} INFO - [2024-05-04T15:40:04.357+0000] {dag.py:3954} INFO - Setting next_dagrun for example_skip_dag to 2024-05-03 00:00:00+00:00, run_after=2024-05-04 00:00:00+00:00
[2024-05-04T15:40:04.376+0000] {processor.py:183} INFO - Processing /home/airflow/.local/lib/python3.12/site-packages/airflow/example_dags/example_skip_dag.py took 0.074 seconds
[2024-05-04T15:40:34.983+0000] {processor.py:161} INFO - Started process (PID=246) to work on /home/airflow/.local/lib/python3.12/site-packages/airflow/example_dags/example_skip_dag.py
[2024-05-04T15:40:34.984+0000] {processor.py:830} INFO - Processing file /home/airflow/.local/lib/python3.12/site-packages/airflow/example_dags/example_skip_dag.py for tasks to queue
[2024-05-04T15:40:34.986+0000] {logging_mixin.py:188} INFO - [2024-05-04T15:40:34.986+0000] {dagbag.py:540} INFO - Filling up the DagBag from /home/airflow/.local/lib/python3.12/site-packages/airflow/example_dags/example_skip_dag.py
[2024-05-04T15:40:34.991+0000] {processor.py:840} INFO - DAG(s) 'example_skip_dag' retrieved from /home/airflow/.local/lib/python3.12/site-packages/airflow/example_dags/example_skip_dag.py
[2024-05-04T15:40:35.008+0000] {logging_mixin.py:188} INFO - [2024-05-04T15:40:35.008+0000] {dag.py:3096} INFO - Sync 1 DAGs
[2024-05-04T15:40:35.026+0000] {logging_mixin.py:188} INFO - [2024-05-04T15:40:35.025+0000] {dag.py:3954} INFO - Setting next_dagrun for example_skip_dag to 2024-05-03 00:00:00+00:00, run_after=2024-05-04 00:00:00+00:00
[2024-05-04T15:40:35.042+0000] {processor.py:183} INFO - Processing /home/airflow/.local/lib/python3.12/site-packages/airflow/example_dags/example_skip_dag.py took 0.063 seconds
[2024-05-04T15:41:05.589+0000] {processor.py:161} INFO - Started process (PID=306) to work on /home/airflow/.local/lib/python3.12/site-packages/airflow/example_dags/example_skip_dag.py
[2024-05-04T15:41:05.590+0000] {processor.py:830} INFO - Processing file /home/airflow/.local/lib/python3.12/site-packages/airflow/example_dags/example_skip_dag.py for tasks to queue
[2024-05-04T15:41:05.591+0000] {logging_mixin.py:188} INFO - [2024-05-04T15:41:05.591+0000] {dagbag.py:540} INFO - Filling up the DagBag from /home/airflow/.local/lib/python3.12/site-packages/airflow/example_dags/example_skip_dag.py
[2024-05-04T15:41:05.597+0000] {processor.py:840} INFO - DAG(s) 'example_skip_dag' retrieved from /home/airflow/.local/lib/python3.12/site-packages/airflow/example_dags/example_skip_dag.py
[2024-05-04T15:41:05.614+0000] {logging_mixin.py:188} INFO - [2024-05-04T15:41:05.613+0000] {dag.py:3096} INFO - Sync 1 DAGs
[2024-05-04T15:41:05.633+0000] {logging_mixin.py:188} INFO - [2024-05-04T15:41:05.633+0000] {dag.py:3954} INFO - Setting next_dagrun for example_skip_dag to 2024-05-03 00:00:00+00:00, run_after=2024-05-04 00:00:00+00:00
[2024-05-04T15:41:05.647+0000] {processor.py:183} INFO - Processing /home/airflow/.local/lib/python3.12/site-packages/airflow/example_dags/example_skip_dag.py took 0.065 seconds
[2024-05-04T15:41:36.153+0000] {processor.py:161} INFO - Started process (PID=366) to work on /home/airflow/.local/lib/python3.12/site-packages/airflow/example_dags/example_skip_dag.py
[2024-05-04T15:41:36.153+0000] {processor.py:830} INFO - Processing file /home/airflow/.local/lib/python3.12/site-packages/airflow/example_dags/example_skip_dag.py for tasks to queue
[2024-05-04T15:41:36.154+0000] {logging_mixin.py:188} INFO - [2024-05-04T15:41:36.154+0000] {dagbag.py:540} INFO - Filling up the DagBag from /home/airflow/.local/lib/python3.12/site-packages/airflow/example_dags/example_skip_dag.py
[2024-05-04T15:41:36.159+0000] {processor.py:840} INFO - DAG(s) 'example_skip_dag' retrieved from /home/airflow/.local/lib/python3.12/site-packages/airflow/example_dags/example_skip_dag.py
[2024-05-04T15:41:36.177+0000] {logging_mixin.py:188} INFO - [2024-05-04T15:41:36.176+0000] {dag.py:3096} INFO - Sync 1 DAGs
[2024-05-04T15:41:36.193+0000] {logging_mixin.py:188} INFO - [2024-05-04T15:41:36.192+0000] {dag.py:3954} INFO - Setting next_dagrun for example_skip_dag to 2024-05-03 00:00:00+00:00, run_after=2024-05-04 00:00:00+00:00
[2024-05-04T15:41:36.209+0000] {processor.py:183} INFO - Processing /home/airflow/.local/lib/python3.12/site-packages/airflow/example_dags/example_skip_dag.py took 0.061 seconds
[2024-05-04T15:42:06.514+0000] {processor.py:161} INFO - Started process (PID=424) to work on /home/airflow/.local/lib/python3.12/site-packages/airflow/example_dags/example_skip_dag.py
[2024-05-04T15:42:06.515+0000] {processor.py:830} INFO - Processing file /home/airflow/.local/lib/python3.12/site-packages/airflow/example_dags/example_skip_dag.py for tasks to queue
[2024-05-04T15:42:06.516+0000] {logging_mixin.py:188} INFO - [2024-05-04T15:42:06.516+0000] {dagbag.py:540} INFO - Filling up the DagBag from /home/airflow/.local/lib/python3.12/site-packages/airflow/example_dags/example_skip_dag.py
[2024-05-04T15:42:06.521+0000] {processor.py:840} INFO - DAG(s) 'example_skip_dag' retrieved from /home/airflow/.local/lib/python3.12/site-packages/airflow/example_dags/example_skip_dag.py
[2024-05-04T15:42:06.537+0000] {logging_mixin.py:188} INFO - [2024-05-04T15:42:06.537+0000] {dag.py:3096} INFO - Sync 1 DAGs
[2024-05-04T15:42:06.555+0000] {logging_mixin.py:188} INFO - [2024-05-04T15:42:06.554+0000] {dag.py:3954} INFO - Setting next_dagrun for example_skip_dag to 2024-05-03 00:00:00+00:00, run_after=2024-05-04 00:00:00+00:00
[2024-05-04T15:42:06.570+0000] {processor.py:183} INFO - Processing /home/airflow/.local/lib/python3.12/site-packages/airflow/example_dags/example_skip_dag.py took 0.061 seconds
[2024-05-04T15:42:37.193+0000] {processor.py:161} INFO - Started process (PID=484) to work on /home/airflow/.local/lib/python3.12/site-packages/airflow/example_dags/example_skip_dag.py
[2024-05-04T15:42:37.194+0000] {processor.py:830} INFO - Processing file /home/airflow/.local/lib/python3.12/site-packages/airflow/example_dags/example_skip_dag.py for tasks to queue
[2024-05-04T15:42:37.195+0000] {logging_mixin.py:188} INFO - [2024-05-04T15:42:37.195+0000] {dagbag.py:540} INFO - Filling up the DagBag from /home/airflow/.local/lib/python3.12/site-packages/airflow/example_dags/example_skip_dag.py
[2024-05-04T15:42:37.200+0000] {processor.py:840} INFO - DAG(s) 'example_skip_dag' retrieved from /home/airflow/.local/lib/python3.12/site-packages/airflow/example_dags/example_skip_dag.py
[2024-05-04T15:42:37.216+0000] {logging_mixin.py:188} INFO - [2024-05-04T15:42:37.216+0000] {dag.py:3096} INFO - Sync 1 DAGs
[2024-05-04T15:42:37.232+0000] {logging_mixin.py:188} INFO - [2024-05-04T15:42:37.232+0000] {dag.py:3954} INFO - Setting next_dagrun for example_skip_dag to 2024-05-03 00:00:00+00:00, run_after=2024-05-04 00:00:00+00:00
[2024-05-04T15:42:37.245+0000] {processor.py:183} INFO - Processing /home/airflow/.local/lib/python3.12/site-packages/airflow/example_dags/example_skip_dag.py took 0.057 seconds
[2024-05-04T15:43:07.688+0000] {processor.py:161} INFO - Started process (PID=544) to work on /home/airflow/.local/lib/python3.12/site-packages/airflow/example_dags/example_skip_dag.py
[2024-05-04T15:43:07.689+0000] {processor.py:830} INFO - Processing file /home/airflow/.local/lib/python3.12/site-packages/airflow/example_dags/example_skip_dag.py for tasks to queue
[2024-05-04T15:43:07.690+0000] {logging_mixin.py:188} INFO - [2024-05-04T15:43:07.690+0000] {dagbag.py:540} INFO - Filling up the DagBag from /home/airflow/.local/lib/python3.12/site-packages/airflow/example_dags/example_skip_dag.py
[2024-05-04T15:43:07.696+0000] {processor.py:840} INFO - DAG(s) 'example_skip_dag' retrieved from /home/airflow/.local/lib/python3.12/site-packages/airflow/example_dags/example_skip_dag.py
[2024-05-04T15:43:07.714+0000] {logging_mixin.py:188} INFO - [2024-05-04T15:43:07.714+0000] {dag.py:3096} INFO - Sync 1 DAGs
[2024-05-04T15:43:07.733+0000] {logging_mixin.py:188} INFO - [2024-05-04T15:43:07.732+0000] {dag.py:3954} INFO - Setting next_dagrun for example_skip_dag to 2024-05-03 00:00:00+00:00, run_after=2024-05-04 00:00:00+00:00
[2024-05-04T15:43:07.750+0000] {processor.py:183} INFO - Processing /home/airflow/.local/lib/python3.12/site-packages/airflow/example_dags/example_skip_dag.py took 0.067 seconds
[2024-05-04T15:43:38.213+0000] {processor.py:161} INFO - Started process (PID=604) to work on /home/airflow/.local/lib/python3.12/site-packages/airflow/example_dags/example_skip_dag.py
[2024-05-04T15:43:38.214+0000] {processor.py:830} INFO - Processing file /home/airflow/.local/lib/python3.12/site-packages/airflow/example_dags/example_skip_dag.py for tasks to queue
[2024-05-04T15:43:38.215+0000] {logging_mixin.py:188} INFO - [2024-05-04T15:43:38.215+0000] {dagbag.py:540} INFO - Filling up the DagBag from /home/airflow/.local/lib/python3.12/site-packages/airflow/example_dags/example_skip_dag.py
[2024-05-04T15:43:38.220+0000] {processor.py:840} INFO - DAG(s) 'example_skip_dag' retrieved from /home/airflow/.local/lib/python3.12/site-packages/airflow/example_dags/example_skip_dag.py
[2024-05-04T15:43:38.236+0000] {logging_mixin.py:188} INFO - [2024-05-04T15:43:38.235+0000] {dag.py:3096} INFO - Sync 1 DAGs
[2024-05-04T15:43:38.253+0000] {logging_mixin.py:188} INFO - [2024-05-04T15:43:38.253+0000] {dag.py:3954} INFO - Setting next_dagrun for example_skip_dag to 2024-05-03 00:00:00+00:00, run_after=2024-05-04 00:00:00+00:00
[2024-05-04T15:43:38.270+0000] {processor.py:183} INFO - Processing /home/airflow/.local/lib/python3.12/site-packages/airflow/example_dags/example_skip_dag.py took 0.062 seconds
[2024-05-04T15:44:08.440+0000] {processor.py:161} INFO - Started process (PID=664) to work on /home/airflow/.local/lib/python3.12/site-packages/airflow/example_dags/example_skip_dag.py
[2024-05-04T15:44:08.441+0000] {processor.py:830} INFO - Processing file /home/airflow/.local/lib/python3.12/site-packages/airflow/example_dags/example_skip_dag.py for tasks to queue
[2024-05-04T15:44:08.442+0000] {logging_mixin.py:188} INFO - [2024-05-04T15:44:08.442+0000] {dagbag.py:540} INFO - Filling up the DagBag from /home/airflow/.local/lib/python3.12/site-packages/airflow/example_dags/example_skip_dag.py
[2024-05-04T15:44:08.447+0000] {processor.py:840} INFO - DAG(s) 'example_skip_dag' retrieved from /home/airflow/.local/lib/python3.12/site-packages/airflow/example_dags/example_skip_dag.py
[2024-05-04T15:44:08.462+0000] {logging_mixin.py:188} INFO - [2024-05-04T15:44:08.462+0000] {dag.py:3096} INFO - Sync 1 DAGs
[2024-05-04T15:44:08.480+0000] {logging_mixin.py:188} INFO - [2024-05-04T15:44:08.480+0000] {dag.py:3954} INFO - Setting next_dagrun for example_skip_dag to 2024-05-03 00:00:00+00:00, run_after=2024-05-04 00:00:00+00:00
[2024-05-04T15:44:08.497+0000] {processor.py:183} INFO - Processing /home/airflow/.local/lib/python3.12/site-packages/airflow/example_dags/example_skip_dag.py took 0.062 seconds
[2024-05-04T15:44:39.127+0000] {processor.py:161} INFO - Started process (PID=724) to work on /home/airflow/.local/lib/python3.12/site-packages/airflow/example_dags/example_skip_dag.py
[2024-05-04T15:44:39.128+0000] {processor.py:830} INFO - Processing file /home/airflow/.local/lib/python3.12/site-packages/airflow/example_dags/example_skip_dag.py for tasks to queue
[2024-05-04T15:44:39.130+0000] {logging_mixin.py:188} INFO - [2024-05-04T15:44:39.130+0000] {dagbag.py:540} INFO - Filling up the DagBag from /home/airflow/.local/lib/python3.12/site-packages/airflow/example_dags/example_skip_dag.py
[2024-05-04T15:44:39.136+0000] {processor.py:840} INFO - DAG(s) 'example_skip_dag' retrieved from /home/airflow/.local/lib/python3.12/site-packages/airflow/example_dags/example_skip_dag.py
[2024-05-04T15:44:39.154+0000] {logging_mixin.py:188} INFO - [2024-05-04T15:44:39.154+0000] {dag.py:3096} INFO - Sync 1 DAGs
[2024-05-04T15:44:39.173+0000] {logging_mixin.py:188} INFO - [2024-05-04T15:44:39.173+0000] {dag.py:3954} INFO - Setting next_dagrun for example_skip_dag to 2024-05-03 00:00:00+00:00, run_after=2024-05-04 00:00:00+00:00
[2024-05-04T15:44:39.190+0000] {processor.py:183} INFO - Processing /home/airflow/.local/lib/python3.12/site-packages/airflow/example_dags/example_skip_dag.py took 0.068 seconds
[2024-05-04T15:45:09.675+0000] {processor.py:161} INFO - Started process (PID=784) to work on /home/airflow/.local/lib/python3.12/site-packages/airflow/example_dags/example_skip_dag.py
[2024-05-04T15:45:09.676+0000] {processor.py:830} INFO - Processing file /home/airflow/.local/lib/python3.12/site-packages/airflow/example_dags/example_skip_dag.py for tasks to queue
[2024-05-04T15:45:09.677+0000] {logging_mixin.py:188} INFO - [2024-05-04T15:45:09.677+0000] {dagbag.py:540} INFO - Filling up the DagBag from /home/airflow/.local/lib/python3.12/site-packages/airflow/example_dags/example_skip_dag.py
[2024-05-04T15:45:09.683+0000] {processor.py:840} INFO - DAG(s) 'example_skip_dag' retrieved from /home/airflow/.local/lib/python3.12/site-packages/airflow/example_dags/example_skip_dag.py
[2024-05-04T15:45:09.702+0000] {logging_mixin.py:188} INFO - [2024-05-04T15:45:09.702+0000] {dag.py:3096} INFO - Sync 1 DAGs
[2024-05-04T15:45:09.722+0000] {logging_mixin.py:188} INFO - [2024-05-04T15:45:09.722+0000] {dag.py:3954} INFO - Setting next_dagrun for example_skip_dag to 2024-05-03 00:00:00+00:00, run_after=2024-05-04 00:00:00+00:00
[2024-05-04T15:45:09.738+0000] {processor.py:183} INFO - Processing /home/airflow/.local/lib/python3.12/site-packages/airflow/example_dags/example_skip_dag.py took 0.068 seconds
[2024-05-04T15:45:40.572+0000] {processor.py:161} INFO - Started process (PID=844) to work on /home/airflow/.local/lib/python3.12/site-packages/airflow/example_dags/example_skip_dag.py
[2024-05-04T15:45:40.573+0000] {processor.py:830} INFO - Processing file /home/airflow/.local/lib/python3.12/site-packages/airflow/example_dags/example_skip_dag.py for tasks to queue
[2024-05-04T15:45:40.575+0000] {logging_mixin.py:188} INFO - [2024-05-04T15:45:40.574+0000] {dagbag.py:540} INFO - Filling up the DagBag from /home/airflow/.local/lib/python3.12/site-packages/airflow/example_dags/example_skip_dag.py
[2024-05-04T15:45:40.581+0000] {processor.py:840} INFO - DAG(s) 'example_skip_dag' retrieved from /home/airflow/.local/lib/python3.12/site-packages/airflow/example_dags/example_skip_dag.py
[2024-05-04T15:45:40.600+0000] {logging_mixin.py:188} INFO - [2024-05-04T15:45:40.599+0000] {dag.py:3096} INFO - Sync 1 DAGs
[2024-05-04T15:45:40.620+0000] {logging_mixin.py:188} INFO - [2024-05-04T15:45:40.620+0000] {dag.py:3954} INFO - Setting next_dagrun for example_skip_dag to 2024-05-03 00:00:00+00:00, run_after=2024-05-04 00:00:00+00:00
[2024-05-04T15:45:40.637+0000] {processor.py:183} INFO - Processing /home/airflow/.local/lib/python3.12/site-packages/airflow/example_dags/example_skip_dag.py took 0.070 seconds
