[2024-05-04T15:39:04.070+0000] {processor.py:161} INFO - Started process (PID=77) to work on /home/airflow/.local/lib/python3.12/site-packages/airflow/example_dags/example_display_name.py
[2024-05-04T15:39:04.070+0000] {processor.py:830} INFO - Processing file /home/airflow/.local/lib/python3.12/site-packages/airflow/example_dags/example_display_name.py for tasks to queue
[2024-05-04T15:39:04.071+0000] {logging_mixin.py:188} INFO - [2024-05-04T15:39:04.071+0000] {dagbag.py:540} INFO - Filling up the DagBag from /home/airflow/.local/lib/python3.12/site-packages/airflow/example_dags/example_display_name.py
[2024-05-04T15:39:04.075+0000] {processor.py:840} INFO - DAG(s) 'example_display_name' retrieved from /home/airflow/.local/lib/python3.12/site-packages/airflow/example_dags/example_display_name.py
[2024-05-04T15:39:04.150+0000] {logging_mixin.py:188} INFO - [2024-05-04T15:39:04.149+0000] {dag.py:3096} INFO - Sync 1 DAGs
[2024-05-04T15:39:04.159+0000] {logging_mixin.py:188} INFO - [2024-05-04T15:39:04.159+0000] {dag.py:3954} INFO - Setting next_dagrun for example_display_name to None, run_after=None
[2024-05-04T15:39:04.173+0000] {processor.py:183} INFO - Processing /home/airflow/.local/lib/python3.12/site-packages/airflow/example_dags/example_display_name.py took 0.108 seconds
[2024-05-04T15:39:35.178+0000] {processor.py:161} INFO - Started process (PID=138) to work on /home/airflow/.local/lib/python3.12/site-packages/airflow/example_dags/example_display_name.py
[2024-05-04T15:39:35.178+0000] {processor.py:830} INFO - Processing file /home/airflow/.local/lib/python3.12/site-packages/airflow/example_dags/example_display_name.py for tasks to queue
[2024-05-04T15:39:35.180+0000] {logging_mixin.py:188} INFO - [2024-05-04T15:39:35.180+0000] {dagbag.py:540} INFO - Filling up the DagBag from /home/airflow/.local/lib/python3.12/site-packages/airflow/example_dags/example_display_name.py
[2024-05-04T15:39:35.185+0000] {processor.py:840} INFO - DAG(s) 'example_display_name' retrieved from /home/airflow/.local/lib/python3.12/site-packages/airflow/example_dags/example_display_name.py
[2024-05-04T15:39:35.206+0000] {logging_mixin.py:188} INFO - [2024-05-04T15:39:35.206+0000] {dag.py:3096} INFO - Sync 1 DAGs
[2024-05-04T15:39:35.217+0000] {logging_mixin.py:188} INFO - [2024-05-04T15:39:35.217+0000] {dag.py:3954} INFO - Setting next_dagrun for example_display_name to None, run_after=None
[2024-05-04T15:39:35.236+0000] {processor.py:183} INFO - Processing /home/airflow/.local/lib/python3.12/site-packages/airflow/example_dags/example_display_name.py took 0.063 seconds
[2024-05-04T15:40:05.988+0000] {processor.py:161} INFO - Started process (PID=202) to work on /home/airflow/.local/lib/python3.12/site-packages/airflow/example_dags/example_display_name.py
[2024-05-04T15:40:05.989+0000] {processor.py:830} INFO - Processing file /home/airflow/.local/lib/python3.12/site-packages/airflow/example_dags/example_display_name.py for tasks to queue
[2024-05-04T15:40:05.991+0000] {logging_mixin.py:188} INFO - [2024-05-04T15:40:05.991+0000] {dagbag.py:540} INFO - Filling up the DagBag from /home/airflow/.local/lib/python3.12/site-packages/airflow/example_dags/example_display_name.py
[2024-05-04T15:40:05.997+0000] {processor.py:840} INFO - DAG(s) 'example_display_name' retrieved from /home/airflow/.local/lib/python3.12/site-packages/airflow/example_dags/example_display_name.py
[2024-05-04T15:40:06.014+0000] {logging_mixin.py:188} INFO - [2024-05-04T15:40:06.014+0000] {dag.py:3096} INFO - Sync 1 DAGs
[2024-05-04T15:40:06.025+0000] {logging_mixin.py:188} INFO - [2024-05-04T15:40:06.024+0000] {dag.py:3954} INFO - Setting next_dagrun for example_display_name to None, run_after=None
[2024-05-04T15:40:06.043+0000] {processor.py:183} INFO - Processing /home/airflow/.local/lib/python3.12/site-packages/airflow/example_dags/example_display_name.py took 0.059 seconds
[2024-05-04T15:40:36.566+0000] {processor.py:161} INFO - Started process (PID=262) to work on /home/airflow/.local/lib/python3.12/site-packages/airflow/example_dags/example_display_name.py
[2024-05-04T15:40:36.567+0000] {processor.py:830} INFO - Processing file /home/airflow/.local/lib/python3.12/site-packages/airflow/example_dags/example_display_name.py for tasks to queue
[2024-05-04T15:40:36.568+0000] {logging_mixin.py:188} INFO - [2024-05-04T15:40:36.568+0000] {dagbag.py:540} INFO - Filling up the DagBag from /home/airflow/.local/lib/python3.12/site-packages/airflow/example_dags/example_display_name.py
[2024-05-04T15:40:36.572+0000] {processor.py:840} INFO - DAG(s) 'example_display_name' retrieved from /home/airflow/.local/lib/python3.12/site-packages/airflow/example_dags/example_display_name.py
[2024-05-04T15:40:36.587+0000] {logging_mixin.py:188} INFO - [2024-05-04T15:40:36.587+0000] {dag.py:3096} INFO - Sync 1 DAGs
[2024-05-04T15:40:36.596+0000] {logging_mixin.py:188} INFO - [2024-05-04T15:40:36.596+0000] {dag.py:3954} INFO - Setting next_dagrun for example_display_name to None, run_after=None
[2024-05-04T15:40:36.612+0000] {processor.py:183} INFO - Processing /home/airflow/.local/lib/python3.12/site-packages/airflow/example_dags/example_display_name.py took 0.050 seconds
[2024-05-04T15:41:07.257+0000] {processor.py:161} INFO - Started process (PID=322) to work on /home/airflow/.local/lib/python3.12/site-packages/airflow/example_dags/example_display_name.py
[2024-05-04T15:41:07.258+0000] {processor.py:830} INFO - Processing file /home/airflow/.local/lib/python3.12/site-packages/airflow/example_dags/example_display_name.py for tasks to queue
[2024-05-04T15:41:07.259+0000] {logging_mixin.py:188} INFO - [2024-05-04T15:41:07.259+0000] {dagbag.py:540} INFO - Filling up the DagBag from /home/airflow/.local/lib/python3.12/site-packages/airflow/example_dags/example_display_name.py
[2024-05-04T15:41:07.266+0000] {processor.py:840} INFO - DAG(s) 'example_display_name' retrieved from /home/airflow/.local/lib/python3.12/site-packages/airflow/example_dags/example_display_name.py
[2024-05-04T15:41:07.282+0000] {logging_mixin.py:188} INFO - [2024-05-04T15:41:07.282+0000] {dag.py:3096} INFO - Sync 1 DAGs
[2024-05-04T15:41:07.293+0000] {logging_mixin.py:188} INFO - [2024-05-04T15:41:07.292+0000] {dag.py:3954} INFO - Setting next_dagrun for example_display_name to None, run_after=None
[2024-05-04T15:41:07.309+0000] {processor.py:183} INFO - Processing /home/airflow/.local/lib/python3.12/site-packages/airflow/example_dags/example_display_name.py took 0.057 seconds
[2024-05-04T15:41:37.882+0000] {processor.py:161} INFO - Started process (PID=382) to work on /home/airflow/.local/lib/python3.12/site-packages/airflow/example_dags/example_display_name.py
[2024-05-04T15:41:37.883+0000] {processor.py:830} INFO - Processing file /home/airflow/.local/lib/python3.12/site-packages/airflow/example_dags/example_display_name.py for tasks to queue
[2024-05-04T15:41:37.884+0000] {logging_mixin.py:188} INFO - [2024-05-04T15:41:37.884+0000] {dagbag.py:540} INFO - Filling up the DagBag from /home/airflow/.local/lib/python3.12/site-packages/airflow/example_dags/example_display_name.py
[2024-05-04T15:41:37.888+0000] {processor.py:840} INFO - DAG(s) 'example_display_name' retrieved from /home/airflow/.local/lib/python3.12/site-packages/airflow/example_dags/example_display_name.py
[2024-05-04T15:41:37.904+0000] {logging_mixin.py:188} INFO - [2024-05-04T15:41:37.904+0000] {dag.py:3096} INFO - Sync 1 DAGs
[2024-05-04T15:41:37.912+0000] {logging_mixin.py:188} INFO - [2024-05-04T15:41:37.912+0000] {dag.py:3954} INFO - Setting next_dagrun for example_display_name to None, run_after=None
[2024-05-04T15:41:37.928+0000] {processor.py:183} INFO - Processing /home/airflow/.local/lib/python3.12/site-packages/airflow/example_dags/example_display_name.py took 0.050 seconds
[2024-05-04T15:42:08.488+0000] {processor.py:161} INFO - Started process (PID=442) to work on /home/airflow/.local/lib/python3.12/site-packages/airflow/example_dags/example_display_name.py
[2024-05-04T15:42:08.489+0000] {processor.py:830} INFO - Processing file /home/airflow/.local/lib/python3.12/site-packages/airflow/example_dags/example_display_name.py for tasks to queue
[2024-05-04T15:42:08.490+0000] {logging_mixin.py:188} INFO - [2024-05-04T15:42:08.490+0000] {dagbag.py:540} INFO - Filling up the DagBag from /home/airflow/.local/lib/python3.12/site-packages/airflow/example_dags/example_display_name.py
[2024-05-04T15:42:08.495+0000] {processor.py:840} INFO - DAG(s) 'example_display_name' retrieved from /home/airflow/.local/lib/python3.12/site-packages/airflow/example_dags/example_display_name.py
[2024-05-04T15:42:08.513+0000] {logging_mixin.py:188} INFO - [2024-05-04T15:42:08.512+0000] {dag.py:3096} INFO - Sync 1 DAGs
[2024-05-04T15:42:08.523+0000] {logging_mixin.py:188} INFO - [2024-05-04T15:42:08.522+0000] {dag.py:3954} INFO - Setting next_dagrun for example_display_name to None, run_after=None
[2024-05-04T15:42:08.539+0000] {processor.py:183} INFO - Processing /home/airflow/.local/lib/python3.12/site-packages/airflow/example_dags/example_display_name.py took 0.056 seconds
[2024-05-04T15:42:39.039+0000] {processor.py:161} INFO - Started process (PID=502) to work on /home/airflow/.local/lib/python3.12/site-packages/airflow/example_dags/example_display_name.py
[2024-05-04T15:42:39.040+0000] {processor.py:830} INFO - Processing file /home/airflow/.local/lib/python3.12/site-packages/airflow/example_dags/example_display_name.py for tasks to queue
[2024-05-04T15:42:39.041+0000] {logging_mixin.py:188} INFO - [2024-05-04T15:42:39.041+0000] {dagbag.py:540} INFO - Filling up the DagBag from /home/airflow/.local/lib/python3.12/site-packages/airflow/example_dags/example_display_name.py
[2024-05-04T15:42:39.046+0000] {processor.py:840} INFO - DAG(s) 'example_display_name' retrieved from /home/airflow/.local/lib/python3.12/site-packages/airflow/example_dags/example_display_name.py
[2024-05-04T15:42:39.061+0000] {logging_mixin.py:188} INFO - [2024-05-04T15:42:39.060+0000] {dag.py:3096} INFO - Sync 1 DAGs
[2024-05-04T15:42:39.070+0000] {logging_mixin.py:188} INFO - [2024-05-04T15:42:39.070+0000] {dag.py:3954} INFO - Setting next_dagrun for example_display_name to None, run_after=None
[2024-05-04T15:42:39.088+0000] {processor.py:183} INFO - Processing /home/airflow/.local/lib/python3.12/site-packages/airflow/example_dags/example_display_name.py took 0.054 seconds
[2024-05-04T15:43:09.402+0000] {processor.py:161} INFO - Started process (PID=562) to work on /home/airflow/.local/lib/python3.12/site-packages/airflow/example_dags/example_display_name.py
[2024-05-04T15:43:09.403+0000] {processor.py:830} INFO - Processing file /home/airflow/.local/lib/python3.12/site-packages/airflow/example_dags/example_display_name.py for tasks to queue
[2024-05-04T15:43:09.404+0000] {logging_mixin.py:188} INFO - [2024-05-04T15:43:09.404+0000] {dagbag.py:540} INFO - Filling up the DagBag from /home/airflow/.local/lib/python3.12/site-packages/airflow/example_dags/example_display_name.py
[2024-05-04T15:43:09.409+0000] {processor.py:840} INFO - DAG(s) 'example_display_name' retrieved from /home/airflow/.local/lib/python3.12/site-packages/airflow/example_dags/example_display_name.py
[2024-05-04T15:43:09.424+0000] {logging_mixin.py:188} INFO - [2024-05-04T15:43:09.424+0000] {dag.py:3096} INFO - Sync 1 DAGs
[2024-05-04T15:43:09.434+0000] {logging_mixin.py:188} INFO - [2024-05-04T15:43:09.434+0000] {dag.py:3954} INFO - Setting next_dagrun for example_display_name to None, run_after=None
[2024-05-04T15:43:09.451+0000] {processor.py:183} INFO - Processing /home/airflow/.local/lib/python3.12/site-packages/airflow/example_dags/example_display_name.py took 0.053 seconds
[2024-05-04T15:43:40.032+0000] {processor.py:161} INFO - Started process (PID=622) to work on /home/airflow/.local/lib/python3.12/site-packages/airflow/example_dags/example_display_name.py
[2024-05-04T15:43:40.033+0000] {processor.py:830} INFO - Processing file /home/airflow/.local/lib/python3.12/site-packages/airflow/example_dags/example_display_name.py for tasks to queue
[2024-05-04T15:43:40.034+0000] {logging_mixin.py:188} INFO - [2024-05-04T15:43:40.034+0000] {dagbag.py:540} INFO - Filling up the DagBag from /home/airflow/.local/lib/python3.12/site-packages/airflow/example_dags/example_display_name.py
[2024-05-04T15:43:40.039+0000] {processor.py:840} INFO - DAG(s) 'example_display_name' retrieved from /home/airflow/.local/lib/python3.12/site-packages/airflow/example_dags/example_display_name.py
[2024-05-04T15:43:40.056+0000] {logging_mixin.py:188} INFO - [2024-05-04T15:43:40.056+0000] {dag.py:3096} INFO - Sync 1 DAGs
[2024-05-04T15:43:40.066+0000] {logging_mixin.py:188} INFO - [2024-05-04T15:43:40.066+0000] {dag.py:3954} INFO - Setting next_dagrun for example_display_name to None, run_after=None
[2024-05-04T15:43:40.084+0000] {processor.py:183} INFO - Processing /home/airflow/.local/lib/python3.12/site-packages/airflow/example_dags/example_display_name.py took 0.058 seconds
[2024-05-04T15:44:10.118+0000] {processor.py:161} INFO - Started process (PID=680) to work on /home/airflow/.local/lib/python3.12/site-packages/airflow/example_dags/example_display_name.py
[2024-05-04T15:44:10.119+0000] {processor.py:830} INFO - Processing file /home/airflow/.local/lib/python3.12/site-packages/airflow/example_dags/example_display_name.py for tasks to queue
[2024-05-04T15:44:10.121+0000] {logging_mixin.py:188} INFO - [2024-05-04T15:44:10.121+0000] {dagbag.py:540} INFO - Filling up the DagBag from /home/airflow/.local/lib/python3.12/site-packages/airflow/example_dags/example_display_name.py
[2024-05-04T15:44:10.126+0000] {processor.py:840} INFO - DAG(s) 'example_display_name' retrieved from /home/airflow/.local/lib/python3.12/site-packages/airflow/example_dags/example_display_name.py
[2024-05-04T15:44:10.143+0000] {logging_mixin.py:188} INFO - [2024-05-04T15:44:10.142+0000] {dag.py:3096} INFO - Sync 1 DAGs
[2024-05-04T15:44:10.153+0000] {logging_mixin.py:188} INFO - [2024-05-04T15:44:10.152+0000] {dag.py:3954} INFO - Setting next_dagrun for example_display_name to None, run_after=None
[2024-05-04T15:44:10.166+0000] {processor.py:183} INFO - Processing /home/airflow/.local/lib/python3.12/site-packages/airflow/example_dags/example_display_name.py took 0.052 seconds
[2024-05-04T15:44:40.799+0000] {processor.py:161} INFO - Started process (PID=740) to work on /home/airflow/.local/lib/python3.12/site-packages/airflow/example_dags/example_display_name.py
[2024-05-04T15:44:40.800+0000] {processor.py:830} INFO - Processing file /home/airflow/.local/lib/python3.12/site-packages/airflow/example_dags/example_display_name.py for tasks to queue
[2024-05-04T15:44:40.801+0000] {logging_mixin.py:188} INFO - [2024-05-04T15:44:40.801+0000] {dagbag.py:540} INFO - Filling up the DagBag from /home/airflow/.local/lib/python3.12/site-packages/airflow/example_dags/example_display_name.py
[2024-05-04T15:44:40.806+0000] {processor.py:840} INFO - DAG(s) 'example_display_name' retrieved from /home/airflow/.local/lib/python3.12/site-packages/airflow/example_dags/example_display_name.py
[2024-05-04T15:44:40.820+0000] {logging_mixin.py:188} INFO - [2024-05-04T15:44:40.820+0000] {dag.py:3096} INFO - Sync 1 DAGs
[2024-05-04T15:44:40.831+0000] {logging_mixin.py:188} INFO - [2024-05-04T15:44:40.830+0000] {dag.py:3954} INFO - Setting next_dagrun for example_display_name to None, run_after=None
[2024-05-04T15:44:40.849+0000] {processor.py:183} INFO - Processing /home/airflow/.local/lib/python3.12/site-packages/airflow/example_dags/example_display_name.py took 0.055 seconds
[2024-05-04T15:45:11.276+0000] {processor.py:161} INFO - Started process (PID=800) to work on /home/airflow/.local/lib/python3.12/site-packages/airflow/example_dags/example_display_name.py
[2024-05-04T15:45:11.277+0000] {processor.py:830} INFO - Processing file /home/airflow/.local/lib/python3.12/site-packages/airflow/example_dags/example_display_name.py for tasks to queue
[2024-05-04T15:45:11.278+0000] {logging_mixin.py:188} INFO - [2024-05-04T15:45:11.278+0000] {dagbag.py:540} INFO - Filling up the DagBag from /home/airflow/.local/lib/python3.12/site-packages/airflow/example_dags/example_display_name.py
[2024-05-04T15:45:11.282+0000] {processor.py:840} INFO - DAG(s) 'example_display_name' retrieved from /home/airflow/.local/lib/python3.12/site-packages/airflow/example_dags/example_display_name.py
[2024-05-04T15:45:11.298+0000] {logging_mixin.py:188} INFO - [2024-05-04T15:45:11.298+0000] {dag.py:3096} INFO - Sync 1 DAGs
[2024-05-04T15:45:11.307+0000] {logging_mixin.py:188} INFO - [2024-05-04T15:45:11.307+0000] {dag.py:3954} INFO - Setting next_dagrun for example_display_name to None, run_after=None
[2024-05-04T15:45:11.325+0000] {processor.py:183} INFO - Processing /home/airflow/.local/lib/python3.12/site-packages/airflow/example_dags/example_display_name.py took 0.053 seconds
[2024-05-04T15:45:42.246+0000] {processor.py:161} INFO - Started process (PID=860) to work on /home/airflow/.local/lib/python3.12/site-packages/airflow/example_dags/example_display_name.py
[2024-05-04T15:45:42.247+0000] {processor.py:830} INFO - Processing file /home/airflow/.local/lib/python3.12/site-packages/airflow/example_dags/example_display_name.py for tasks to queue
[2024-05-04T15:45:42.248+0000] {logging_mixin.py:188} INFO - [2024-05-04T15:45:42.248+0000] {dagbag.py:540} INFO - Filling up the DagBag from /home/airflow/.local/lib/python3.12/site-packages/airflow/example_dags/example_display_name.py
[2024-05-04T15:45:42.254+0000] {processor.py:840} INFO - DAG(s) 'example_display_name' retrieved from /home/airflow/.local/lib/python3.12/site-packages/airflow/example_dags/example_display_name.py
[2024-05-04T15:45:42.271+0000] {logging_mixin.py:188} INFO - [2024-05-04T15:45:42.271+0000] {dag.py:3096} INFO - Sync 1 DAGs
[2024-05-04T15:45:42.281+0000] {logging_mixin.py:188} INFO - [2024-05-04T15:45:42.281+0000] {dag.py:3954} INFO - Setting next_dagrun for example_display_name to None, run_after=None
[2024-05-04T15:45:42.298+0000] {processor.py:183} INFO - Processing /home/airflow/.local/lib/python3.12/site-packages/airflow/example_dags/example_display_name.py took 0.057 seconds
