[2024-05-05T18:50:40.991+0000] {local_task_job_runner.py:120} INFO - ::group::Pre task execution logs
[2024-05-05T18:50:41.005+0000] {taskinstance.py:2073} INFO - Dependencies all met for dep_context=non-requeueable deps ti=<TaskInstance: Final_exam.craw_data manual__2024-05-05T18:50:36.842346+00:00 [queued]>
[2024-05-05T18:50:41.011+0000] {taskinstance.py:2073} INFO - Dependencies all met for dep_context=requeueable deps ti=<TaskInstance: Final_exam.craw_data manual__2024-05-05T18:50:36.842346+00:00 [queued]>
[2024-05-05T18:50:41.011+0000] {taskinstance.py:2303} INFO - Starting attempt 1 of 2
[2024-05-05T18:50:41.021+0000] {taskinstance.py:2327} INFO - Executing <Task(PythonOperator): craw_data> on 2024-05-05 18:50:36.842346+00:00
[2024-05-05T18:50:41.025+0000] {warnings.py:110} WARNING - /home/***/.local/lib/python3.12/site-packages/***/task/task_runner/standard_task_runner.py:61: DeprecationWarning: This process (pid=79) is multi-threaded, use of fork() may lead to deadlocks in the child.
  pid = os.fork()

[2024-05-05T18:50:41.026+0000] {standard_task_runner.py:63} INFO - Started process 84 to run task
[2024-05-05T18:50:41.026+0000] {standard_task_runner.py:90} INFO - Running: ['***', 'tasks', 'run', 'Final_exam', 'craw_data', 'manual__2024-05-05T18:50:36.842346+00:00', '--job-id', '24', '--raw', '--subdir', 'DAGS_FOLDER/Project.py', '--cfg-path', '/tmp/tmp2684__mj']
[2024-05-05T18:50:41.027+0000] {standard_task_runner.py:91} INFO - Job 24: Subtask craw_data
[2024-05-05T18:50:41.059+0000] {task_command.py:426} INFO - Running <TaskInstance: Final_exam.craw_data manual__2024-05-05T18:50:36.842346+00:00 [running]> on host 0d2f9ca33b23
[2024-05-05T18:50:41.118+0000] {taskinstance.py:2644} INFO - Exporting env vars: AIRFLOW_CTX_DAG_EMAIL='ha20040204@gmail.com' AIRFLOW_CTX_DAG_OWNER='HA' AIRFLOW_CTX_DAG_ID='Final_exam' AIRFLOW_CTX_TASK_ID='craw_data' AIRFLOW_CTX_EXECUTION_DATE='2024-05-05T18:50:36.842346+00:00' AIRFLOW_CTX_TRY_NUMBER='1' AIRFLOW_CTX_DAG_RUN_ID='manual__2024-05-05T18:50:36.842346+00:00'
[2024-05-05T18:50:41.119+0000] {taskinstance.py:430} INFO - ::endgroup::
[2024-05-05T18:50:41.959+0000] {logging_mixin.py:188} WARNING - [*********************100%%**********************]  1 of 1 completed
[2024-05-05T18:50:42.369+0000] {logging_mixin.py:188} WARNING - [*********************100%%**********************]  1 of 1 completed
[2024-05-05T18:50:42.656+0000] {logging_mixin.py:188} WARNING - [*********************100%%**********************]  1 of 1 completed
[2024-05-05T18:50:43.055+0000] {logging_mixin.py:188} WARNING - [*********************100%%**********************]  1 of 1 completed
[2024-05-05T18:50:43.405+0000] {logging_mixin.py:188} WARNING - [*********************100%%**********************]  1 of 1 completed
[2024-05-05T18:50:44.288+0000] {logging_mixin.py:188} WARNING - [*********************100%%**********************]  1 of 1 completed
[2024-05-05T18:50:45.087+0000] {logging_mixin.py:188} WARNING - [*********************100%%**********************]  1 of 1 completed
[2024-05-05T18:50:45.885+0000] {logging_mixin.py:188} WARNING - [*********************100%%**********************]  1 of 1 completed
[2024-05-05T18:50:46.955+0000] {logging_mixin.py:188} WARNING - [*********************100%%**********************]  1 of 1 completed
[2024-05-05T18:50:47.185+0000] {logging_mixin.py:188} WARNING - [*********************100%%**********************]  1 of 1 completed
[2024-05-05T18:50:47.317+0000] {logging_mixin.py:188} WARNING - [*********************100%%**********************]  1 of 1 completed
[2024-05-05T18:50:47.709+0000] {logging_mixin.py:188} WARNING - [*********************100%%**********************]  1 of 1 completed
[2024-05-05T18:50:47.959+0000] {logging_mixin.py:188} WARNING - [*********************100%%**********************]  1 of 1 completed
[2024-05-05T18:50:49.138+0000] {logging_mixin.py:188} WARNING - [*********************100%%**********************]  1 of 1 completed
[2024-05-05T18:50:49.138+0000] {multi.py:182} ERROR - 
1 Failed download:
[2024-05-05T18:50:49.139+0000] {multi.py:195} ERROR - ['BVH']: Exception('%ticker%: No timezone found, symbol may be delisted')
[2024-05-05T18:50:49.396+0000] {logging_mixin.py:188} WARNING - [*********************100%%**********************]  1 of 1 completed
[2024-05-05T18:50:49.402+0000] {logging_mixin.py:188} INFO - Successfully.
[2024-05-05T18:50:49.402+0000] {python.py:237} INFO - Done. Returned value was: True
[2024-05-05T18:50:49.402+0000] {taskinstance.py:441} INFO - ::group::Post task execution logs
[2024-05-05T18:50:49.416+0000] {taskinstance.py:1205} INFO - Marking task as SUCCESS. dag_id=Final_exam, task_id=craw_data, execution_date=20240505T185036, start_date=20240505T185041, end_date=20240505T185049
[2024-05-05T18:50:49.458+0000] {local_task_job_runner.py:240} INFO - Task exited with return code 0
[2024-05-05T18:50:49.478+0000] {taskinstance.py:3482} INFO - 1 downstream tasks scheduled from follow-on schedule check
[2024-05-05T18:50:49.480+0000] {local_task_job_runner.py:222} INFO - ::endgroup::
